INFO - DB skill doc count: 0

INFO - DB non_func doc count: 41

INFO - DB semantic doc count: 429

INFO - DB summaries doc count: 49

INFO - DB reflections doc count: 49

INFO - DB episodic doc count: 94

INFO - [train iter]: 49/100 

INFO - The task prompt is Cherry has a string S$S$ consisting of lowercase English letters. Using this string, he formed a pyramid of infinite length with certain rules:
- N$N$-th row of pyramid contains N$N$ characters.
- Each row of pyramid begins with the first character of the string.
- The subsequent characters of th...

INFO - Attempting task_id 888
INFO - LM call n parse attempt 1 / 3

INFO - [Task id] 888 [prompt] 
You are an expert programmer tasked with solving the problem below.

Follow the user's instructions to solve the problem.
The user can ask for analysis, code, or both.

## Instructions
When asked to output code,
- Make sure to wrap your code in '```python' and '```' Markdown delimiters, 
- include exactly one block of code with the entire solution
- No outside libraries are allowed. 
- Builtins are allowed.
- If the task specifies a function name to be used, follow it strictly (be case sensitive!) and declare the that function last (helper functions are declared first).
- DO NOT write any assert statements / tests.

## Problem
[BEGIN PROBLEM]
Cherry has a string S$S$ consisting of lowercase English letters. Using this string, he formed a pyramid of infinite length with certain rules:
- N$N$-th row of pyramid contains N$N$ characters.
- Each row of pyramid begins with the first character of the string.
- The subsequent characters of the row are appended to the string in cyclic fashion, until the size of string for that Row is reached (See example pyramid for better understanding).
He has another string T$T$ of smaller (or equal) size.
You are asked Q$Q$ queries. Each query is provided with a row number N$N$. The answer to the query is number of occurrences of string T$T$ in that particular row of pyramid. No of occurrences of String T$T$ in a string V$V$ would mean that you'd need to find number of substrings Vi,Vi+1...Vj$V_i, V_{i+1} ... V_j$ which are equal to String T$T$, where i≤j$i \leq j$.
For eg: If the string is code, then the pyramid will be of the form:
c
co
cod
code
codec
codeco
codecod
codecode
codecodec
codecodeco
...

-----Input:-----
- The first line contains string S$S$ — consisting of lowercase English letters.
- The second line contains string T$T$ — consisting of lowercase English letters.
- Next line contains an integer Q$Q$ — the number of queries.
- Then follow Q$Q$ lines with queries descriptions. Each of them contains a single integer N$N$ denoting the row number of pyramid.

-----Output:-----
- Print Q$Q$ lines. The i$i$-th of them should contain a integer denoting occurrences of string T$T$ in that particular row.

-----Constraints-----
- 1≤|S|≤105$1 \leq |S| \leq 10^5$
- 1≤|T|≤|S|$1 \leq |T| \leq |S|$
- 1≤Q≤105$1 \leq Q \leq 10^5$
- 1≤N≤109$1 \leq N \leq 10^9$

-----Sample Input:-----
codechef
chefcode
3
4
12
1455

-----Sample Output:-----
0
1
181

-----Explanation:-----
Pyramid will be formed as explained in the statement.
Query 1: Row number 4 of the pyramid is code. The number of occurrences of chefcode in code is 0.
Query 2: Row number 12 of the pyramid is codechefcode. The number of occurrences of chefcode in codechefcode is 1.

The output code needs to read from and write to standard IO


[END PROBLEM]

INFO - [Task id] 888 [prompt] 
## Instructions

Reason through the problem and:
1. Restate the problem in plain English
2. Conceptualize a solution first in plain English
3. Write a pseudocode solution
4. Output the final Python 3 solution with your solution steps in comments.

Make sure to wrap your code in '```python' and '```' Markdown delimiters, 
and include exactly one block of code with the entire solution.

No outside libraries are allowed.
Builtins are allowed.

INFO - [Task id] 888 [generation text] ### Problem Restatement

We have a string `S` and we use it to form a pyramid where each row `N` contains `N` characters. The rows are formed by repeating the string `S` cyclically. We also have another string `T`. For each query, which provides a row number `N`, we need to determine how many times the string `T` appears as a substring in the `N`-th row of the pyramid.

### Conceptual Solution

1. **Understand the Pyramid Construction**: 
   - Each row `N` starts with the first character of `S` and continues by repeating `S` cyclically until it reaches `N` characters.
   - For example, if `S = "codechef"`, the 12th row would be `"codechefcode"`.

2. **Determine the Row Content**:
   - For a given row `N`, the content is the first `N` characters of the infinite repetition of `S`.
   - This can be achieved by taking the first `N % |S|` characters of `S` and then appending `N // |S|` full repetitions of `S`.

3. **Count Occurrences of `T`**:
   - For each query, construct the row as described and count how many times `T` appears as a substring.

4. **Efficiency Considerations**:
   - Directly constructing the row for very large `N` is inefficient. Instead, use modular arithmetic to determine the necessary parts of `S` to construct the row.
   - Use a sliding window or string search method to count occurrences of `T` efficiently.

### Pseudocode

```
function count_occurrences(S, T, queries):
    length_S = length of S
    length_T = length of T
    results = empty list

    for each query N in queries:
        full_repeats = N // length_S
        partial_length = N % length_S
        row_content = S * full_repeats + S[:partial_length]
        
        count = 0
        for i from 0 to N - length_T:
            if row_content[i:i+length_T] == T:
                count += 1
        
        append count to results

    return results
```

### Final Python Solution

```python
def count_occurrences(S, T, queries):
    length_S = len(S)
    length_T = len(T)
    results = []

    for N in queries:
        # Calculate how many full repetitions of S are needed
        full_repeats = N // length_S
        # Calculate the remaining part of S needed
        partial_length = N % length_S
        # Construct the row content
        row_content = S * full_repeats + S[:partial_length]
        
        # Count occurrences of T in the row content
        count = 0
        for i in range(N - length_T + 1):
            if row_content[i:i+length_T] == T:
                count += 1
        
        results.append(count)

    return results

# Example usage:
# S = "codechef"
# T = "chefcode"
# queries = [4, 12, 1455]
# print(count_occurrences(S, T, queries))
```

### Explanation of the Code

- **Line 1-2**: Define the function `count_occurrences` which takes the string `S`, the string `T`, and a list of queries.
- **Line 3-4**: Calculate the lengths of `S` and `T`.
- **Line 5**: Initialize an empty list `results` to store the results of each query.
- **Line 7-8**: For each query `N`, calculate how many full repetitions of `S` fit into `N` and the remaining part needed.
- **Line 9**: Construct the row content by repeating `S` and adding the necessary partial part.
- **Line 12-14**: Use a loop to count how many times `T` appears in the constructed row content.
- **Line 16**: Append the count to the results list.
- **Line 18**: Return the list of results.
INFO - [35m Rollout attempt 1/4[0m
INFO - [33m Retrieving 1 entries for db: episodic 
 [0m
INFO - Retrieved (score=0.4205):

[Task]:
    Given a set of  N  natural numbers 1,2,3........N and Q query.For each query you have to calculate the total number of subset in which  Ith.
    number of set come at Kth postion.Elements of every subset should be in sorted order.
    The answer could  be very large so you have to pr...


INFO - [33m Retrieving 1 entries for db: semantic 
 [0m
INFO - Retrieved (score=0.4591):
Title: Finding repetitions
Part: 1/2
# Finding repetitions

Given a string $s$ of length $n$.

A **repetition** is two occurrences of a string in a row.
In other words a repetition can be described by a pair of indices $i < j$ such that the substring $s[i \dots j]$ consists of two identical strin...


INFO - [33m Retrieving 1 entries for db: reflections 
 [0m
INFO - Retrieved (score=0.4694):
The problem was straightforward, and my solution was correct and efficient. However, the official solution provided a slightly different approach to calculating the N'th term in the series. Here's a breakdown of the key differences and insights:

1. **Formula Derivation**:
   - My solution used t...


INFO - [33m Retrieving 1 entries for db: summaries 
 [0m
INFO - Retrieved (score=0.4521):
In this problem, I needed to find the N'th term in a specific series for multiple test cases. The series was defined as: 0, 1, 5, 14, 30, 55, ..., and the task was to identify the pattern and compute the N'th term efficiently.

### Key Concepts and Patterns:
- The differences between consecutive ...


INFO - [33m Retrieving 1 entries for db: non_func 
 [0m
INFO - Retrieved (score=0.4772):

[description for function: count_tiled_rooms]
The function takes an integer T and a list of T integers as input, representing the number of test cases and the test cases themselves. For each test case, it calculates the number of perfect squares less than or equal to the given integer N. It uses...


INFO - Retrieved (score=0.4205): 
[Past Memory]:

    [Task]:
        Given a set of  N  natural numbers 1,2,3........N and Q query.For each query you have to calculate the total number of subset in which  Ith.
        number of set come at Kth postion.Elements of every subset should be in sorted order.
        The answer could ...
INFO - LM call n parse attempt 1 / 3

INFO - [Task id] 888 [prompt] 
You are an expert programmer tasked with solving the problem below.

Follow the user's instructions to solve the problem.
The user can ask for analysis, code, or both.

## Instructions
When asked to output code,
- Make sure to wrap your code in '```python' and '```' Markdown delimiters, 
- include exactly one block of code with the entire solution
- No outside libraries are allowed. 
- Builtins are allowed.
- If the task specifies a function name to be used, follow it strictly (be case sensitive!) and declare the that function last (helper functions are declared first).
- DO NOT write any assert statements / tests.

## Problem
[BEGIN PROBLEM]
Cherry has a string S$S$ consisting of lowercase English letters. Using this string, he formed a pyramid of infinite length with certain rules:
- N$N$-th row of pyramid contains N$N$ characters.
- Each row of pyramid begins with the first character of the string.
- The subsequent characters of the row are appended to the string in cyclic fashion, until the size of string for that Row is reached (See example pyramid for better understanding).
He has another string T$T$ of smaller (or equal) size.
You are asked Q$Q$ queries. Each query is provided with a row number N$N$. The answer to the query is number of occurrences of string T$T$ in that particular row of pyramid. No of occurrences of String T$T$ in a string V$V$ would mean that you'd need to find number of substrings Vi,Vi+1...Vj$V_i, V_{i+1} ... V_j$ which are equal to String T$T$, where i≤j$i \leq j$.
For eg: If the string is code, then the pyramid will be of the form:
c
co
cod
code
codec
codeco
codecod
codecode
codecodec
codecodeco
...

-----Input:-----
- The first line contains string S$S$ — consisting of lowercase English letters.
- The second line contains string T$T$ — consisting of lowercase English letters.
- Next line contains an integer Q$Q$ — the number of queries.
- Then follow Q$Q$ lines with queries descriptions. Each of them contains a single integer N$N$ denoting the row number of pyramid.

-----Output:-----
- Print Q$Q$ lines. The i$i$-th of them should contain a integer denoting occurrences of string T$T$ in that particular row.

-----Constraints-----
- 1≤|S|≤105$1 \leq |S| \leq 10^5$
- 1≤|T|≤|S|$1 \leq |T| \leq |S|$
- 1≤Q≤105$1 \leq Q \leq 10^5$
- 1≤N≤109$1 \leq N \leq 10^9$

-----Sample Input:-----
codechef
chefcode
3
4
12
1455

-----Sample Output:-----
0
1
181

-----Explanation:-----
Pyramid will be formed as explained in the statement.
Query 1: Row number 4 of the pyramid is code. The number of occurrences of chefcode in code is 0.
Query 2: Row number 12 of the pyramid is codechefcode. The number of occurrences of chefcode in codechefcode is 1.

The output code needs to read from and write to standard IO


[END PROBLEM]

INFO - [Task id] 888 [prompt] 
## Instructions

Reason through the problem and:
1. Restate the problem in plain English
2. Conceptualize a solution first in plain English
3. Write a pseudocode solution
4. Output the final Python 3 solution with your solution steps in comments.

Make sure to wrap your code in '```python' and '```' Markdown delimiters, 
and include exactly one block of code with the entire solution.

No outside libraries are allowed.
Builtins are allowed.

INFO - [Task id] 888 [prompt] 
Also, here are some of your memories.
Feel free to use the given information to aid your problem solving process if necessary.
Do not confuse the memories with the problem statement.

## Memories

[Past Memory]:

    [Task]:
        Given a set of  N  natural numbers 1,2,3........N and Q query.For each query you have to calculate the total number of subset in which  Ith.
        number of set come at Kth postion.Elements of every subset should be in sorted order.
        The answer could  be very large so you have to print answer modulo 1e9+7.


        -----Input:-----
        - The first line of input cotains a single integer T denoting the number of test cases.
        - For every test case it contains two number N and Q.
        - Next Q line contains two number I and K.

        -----Output:-----
        For each test case print required answer.

        -----Constraints and Subtasks:-----
        - 1<=T<=5
        - 1<=N, K<=4000
        - 1<=Q<=1000000
        Subtask 3: 5 points
        - 1<=T<=5
        - 1<=N, K<=16
        - 1<=Q<=1000
        Subtask 1: 25 points
        - T=1
        - 1<=N, K<=4000
        - 1<=Q<=100000
        Subtask 2: 70 points
        - Original Constraints.

        -----Example:-----
        Input:

        1

        3 3

        1 2

        2 1

        3 2

        Output:

        0

        2

        2

        -----Explanation:-----
        For N=3

        total subsets are:

        {1}

        {2}

        {3}

        {1,2}

        {1,3}

        {2,3}

        {1,2,3}

        Now we can see that for I=1 and K=2 there is no subset in which 1 come at 2nd position so the answer is Zero for that query.

        For 2nd query I=2 and K=1 there are two subset i.e {2,3} and {2} in which 2 come at 1st position.

        Same for 3rd querry there is two subset i.e{1,3} and {2,3}.
    [/Task]

    [Previous Critique]:
        None
    [/Previous Critique]

    [Thought Process and Code]:
        ## Problem Restatement

        We are given a set of natural numbers from 1 to N and a number of queries Q. For each query, we need to determine the number of subsets in which the Ith number appears at the Kth position when the subset is sorted. The result should be given modulo \(10^9 + 7\).

        ## Conceptual Solution

        1. **Understanding Subsets**: For a number I to be at the Kth position in a subset, there must be exactly \(K-1\) numbers smaller than I in the subset. This means we need to choose \(K-1\) numbers from the set \(\{1, 2, \ldots, I-1\}\).

        2. **Combinatorial Counting**: The number of ways to choose \(K-1\) numbers from \(I-1\) numbers is given by the binomial coefficient \(\binom{I-1}{K-1}\).

        3. **Remaining Elements**: After placing I at the Kth position, the remaining elements of the subset can be any subset of the numbers greater than I, i.e., from the set \(\{I+1, I+2, \ldots, N\}\). There are \(2^{N-I}\) such subsets.

        4. **Modulo Arithmetic**: Since the result can be large, we need to compute the result modulo \(10^9 + 7\).

        5. **Precomputation**: To efficiently compute binomial coefficients and powers of 2, we can precompute factorials and their modular inverses up to the maximum possible N.

        ## Pseudocode

        1. Precompute factorials and their inverses modulo \(10^9 + 7\) up to the maximum N.
        2. For each test case:
           - For each query (I, K):
             - If \(K > I\), output 0 (impossible to have I at Kth position).
             - Otherwise, compute the number of subsets using the formula:
               \[
               \text{result} = \binom{I-1}{K-1} \times 2^{N-I} \mod (10^9 + 7)
               \]
        3. Output the result for each query.

        ## Final Python Solution

        ```python
        MOD = 10**9 + 7

        def precompute_factorials_and_inverses(max_n):
            factorial = [1] * (max_n + 1)
            inverse_factorial = [1] * (max_n + 1)
    
            for i in range(2, max_n + 1):
                factorial[i] = factorial[i - 1] * i % MOD
    
            inverse_factorial[max_n] = pow(factorial[max_n], MOD - 2, MOD)
            for i in range(max_n - 1, 0, -1):
                inverse_factorial[i] = inverse_factorial[i + 1] * (i + 1) % MOD
    
            return factorial, inverse_factorial

        def binomial_coefficient(n, k, factorial, inverse_factorial):
            if k > n or k < 0:
                return 0
            return factorial[n] * inverse_factorial[k] % MOD * inverse_factorial[n - k] % MOD

        def solve():
            import sys
            input = sys.stdin.read
            data = input().split()
    
            index = 0
            T = int(data[index])
            index += 1
    
            max_n = 4000
            factorial, inverse_factorial = precompute_factorials_and_inverses(max_n)
    
            results = []
    
            for _ in range(T):
                N = int(data[index])
                Q = int(data[index + 1])
                index += 2
        
                for _ in range(Q):
                    I = int(data[index])
                    K = int(data[index + 1])
                    index += 2
            
                    if K > I:
                        results.append(0)
                    else:
                        binom = binomial_coefficient(I - 1, K - 1, factorial, inverse_factorial)
                        power_of_two = pow(2, N - I, MOD)
                        result = binom * power_of_two % MOD
                        results.append(result)
    
            sys.stdout.write('\n'.join(map(str, results)) + '\n')

        ```
    [/Thought Process and Code]

    [Environment Feedback]:
        Note: Inputs/outputs here are automatically extracted/truncated so formatting may be a bit off.
        Tests passed:

        None

        Tests failed:
         Input: ['1', '3 3', '1 2', '2 1', '3 2'] Expected output: [{'0'}, {'2'}, {'2'}] # Execution output: []
        No output detected. You might want to check the reading from / writing to standard IO.
        A common mistake is to put the IO inside a function, but the function is not called.

    [/Environment Feedback]

    [Result]:
        Failure
    [/Result]

[/Past Memory]


INFO - [Task id] 888 [generation text] ## Problem Restatement

We are given a string \( S \) and a string \( T \). Using \( S \), we form an infinite pyramid where the \( N \)-th row contains \( N \) characters, starting with the first character of \( S \) and continuing in a cyclic manner. We are asked \( Q \) queries, each asking for the number of occurrences of \( T \) in the \( N \)-th row of the pyramid.

## Conceptual Solution

1. **Understanding the Pyramid**: Each row \( N \) of the pyramid is constructed by repeating the string \( S \) cyclically until it reaches length \( N \). For example, if \( S = "codechef" \), the 12th row would be "codechefcode".

2. **Row Construction**: For a given row \( N \), the row can be constructed by taking the first \( N \) characters of the infinite repetition of \( S \).

3. **Counting Occurrences**: For each query, we need to count how many times the string \( T \) appears as a substring in the constructed row.

4. **Efficiency Considerations**: Directly constructing the row for very large \( N \) (up to \( 10^9 \)) is impractical. Instead, we can use modular arithmetic to determine which characters from \( S \) are in the row.

5. **Algorithm**:
   - For each query with row number \( N \):
     - Construct the row by taking the first \( N \) characters from the infinite repetition of \( S \).
     - Count the occurrences of \( T \) in this row.

## Pseudocode

```
function count_occurrences(S, T, queries):
    results = []
    len_S = length(S)
    len_T = length(T)
    
    for each N in queries:
        row = ""
        for i from 0 to N-1:
            row += S[i % len_S]
        
        count = 0
        for i from 0 to N - len_T:
            if row[i:i+len_T] == T:
                count += 1
        
        results.append(count)
    
    return results
```

## Final Python Solution

```python
def count_occurrences(S, T, queries):
    results = []
    len_S = len(S)
    len_T = len(T)
    
    for N in queries:
        # Construct the N-th row
        row = (S * ((N // len_S) + 1))[:N]
        
        # Count occurrences of T in the row
        count = 0
        for i in range(N - len_T + 1):
            if row[i:i+len_T] == T:
                count += 1
        
        results.append(count)
    
    return results

# Read input
import sys
input = sys.stdin.read
data = input().split()

S = data[0]
T = data[1]
Q = int(data[2])
queries = [int(data[i]) for i in range(3, 3 + Q)]

# Get results
results = count_occurrences(S, T, queries)

# Print results
for result in results:
    print(result)
```

This solution efficiently constructs each row by leveraging the cyclic nature of \( S \) and counts the occurrences of \( T \) in each row. The use of slicing and modular arithmetic ensures that the solution is efficient even for large values of \( N \).
INFO - program_code:
 
def count_occurrences(S, T, queries):
    results = []
    len_S = len(S)
    len_T = len(T)
    
    for N in queries:
        # Construct the N-th row
        row = (S * ((N // len_S) + 1))[:N]
        
        # Count occurrences of T in the row
        count = 0
        for i in range(N - len_T + 1):
            if row[i:i+len_T] == T:
                count += 1
        
        results.append(count)
    
    return results

# Read input
import sys
input = sys.stdin.read
data = input().split()

S = data[0]
T = data[1]
Q = int(data[2])
queries = [int(data[i]) for i in range(3, 3 + Q)]

# Get results
results = count_occurrences(S, T, queries)

# Print results
for result in results:
    print(result)


INFO - program_name:
 count_occurrences

INFO - dependencies:
 []

INFO - raw_msg:
 ## Problem Restatement

We are given a string \( S \) and a string \( T \). Using \( S \), we form an infinite pyramid where the \( N \)-th row contains \( N \) characters, starting with the first character of \( S \) and continuing in a cyclic manner. We are asked \( Q \) queries, each asking for the number of occurrences of \( T \) in the \( N \)-th row of the pyramid.

## Conceptual Solution

1. **Understanding the Pyramid**: Each row \( N \) of the pyramid is constructed by repeating the string \( S \) cyclically until it reaches length \( N \). For example, if \( S = "codechef" \), the 12th row would be "codechefcode".

2. **Row Construction**: For a given row \( N \), the row can be constructed by taking the first \( N \) characters of the infinite repetition of \( S \).

3. **Counting Occurrences**: For each query, we need to count how many times the string \( T \) appears as a substring in the constructed row.

4. **Efficiency Considerations**: Directly constructing the row for very large \( N \) (up to \( 10^9 \)) is impractical. Instead, we can use modular arithmetic to determine which characters from \( S \) are in the row.

5. **Algorithm**:
   - For each query with row number \( N \):
     - Construct the row by taking the first \( N \) characters from the infinite repetition of \( S \).
     - Count the occurrences of \( T \) in this row.

## Pseudocode

```
function count_occurrences(S, T, queries):
    results = []
    len_S = length(S)
    len_T = length(T)
    
    for each N in queries:
        row = ""
        for i from 0 to N-1:
            row += S[i % len_S]
        
        count = 0
        for i from 0 to N - len_T:
            if row[i:i+len_T] == T:
                count += 1
        
        results.append(count)
    
    return results
```

## Final Python Solution

```python
def count_occurrences(S, T, queries):
    results = []
    len_S = len(S)
    len_T = len(T)
    
    for N in queries:
        # Construct the N-th row
        row = (S * ((N // len_S) + 1))[:N]
        
        # Count occurrences of T in the row
        count = 0
        for i in range(N - len_T + 1):
            if row[i:i+len_T] == T:
                count += 1
        
        results.append(count)
    
    return results

# Read input
import sys
input = sys.stdin.read
data = input().split()

S = data[0]
T = data[1]
Q = int(data[2])
queries = [int(data[i]) for i in range(3, 3 + Q)]

# Get results
results = count_occurrences(S, T, queries)

# Print results
for result in results:
    print(result)
```

This solution efficiently constructs each row by leveraging the cyclic nature of \( S \) and counts the occurrences of \( T \) in each row. The use of slicing and modular arithmetic ensures that the solution is efficient even for large values of \( N \).

INFO - no_parent:
 False

INFO - full code to be executed: 
 
def count_occurrences(S, T, queries):
    results = []
    len_S = len(S)
    len_T = len(T)
    
    for N in queries:
        # Construct the N-th row
        row = (S * ((N // len_S) + 1))[:N]
        
        # Count occurrences of T in the row
        count = 0
        for i in range(N - len_T + 1):
            if row[i:i+len_T] == T:
                count += 1
        
        results.append(count)
    
    return results

# Read input
import sys
input = sys.stdin.read
data = input().split()

S = data[0]
T = data[1]
Q = int(data[2])
queries = [int(data[i]) for i in range(3, 3 + Q)]

# Get results
results = count_occurrences(S, T, queries)

# Print results
for result in results:
    print(result)


INFO - obs: Note: Inputs/outputs here are automatically extracted/truncated so formatting may be a bit off.
Tests passed:

 Input: ['codechef', 'chefcode', '3', '4', '12', '1455'] Output: 0
1
181

Tests failed:
None
reward: True
done: None
info: {'individual_results': [True]}
INFO - Updated entry: 
[Task]:
    Cherry has a string S$S$ consisting of lowercase English letters. Using this string, he formed a pyramid of infinite length with certain rules:
    - N$N$-th row of pyramid contains N$N$ characters.
    - Each row of pyramid begins with the first character of the string.
    - The su...,

INFO - Metadata: {
    "raw_msg": "## Problem Restatement\n\nWe are given a string \\( S \\) and a string \\( T \\). Using \\( S \\), we form an infinite pyramid where the \\( N \\)-th row contains \\( N \\) characters, starting with the first character of \\( S \\) and continuing in a cyclic manner. We are asked...

INFO - LM call n parse attempt 1 / 3

INFO - [Task id] 888 [prompt] 
You are an expert programmer tasked with solving the problem below.

Follow the user's instructions to solve the problem.
The user can ask for analysis, code, or both.

## Instructions
When asked to output code,
- Make sure to wrap your code in '```python' and '```' Markdown delimiters, 
- include exactly one block of code with the entire solution
- No outside libraries are allowed. 
- Builtins are allowed.
- If the task specifies a function name to be used, follow it strictly (be case sensitive!) and declare the that function last (helper functions are declared first).
- DO NOT write any assert statements / tests.

## Problem
[BEGIN PROBLEM]
Cherry has a string S$S$ consisting of lowercase English letters. Using this string, he formed a pyramid of infinite length with certain rules:
- N$N$-th row of pyramid contains N$N$ characters.
- Each row of pyramid begins with the first character of the string.
- The subsequent characters of the row are appended to the string in cyclic fashion, until the size of string for that Row is reached (See example pyramid for better understanding).
He has another string T$T$ of smaller (or equal) size.
You are asked Q$Q$ queries. Each query is provided with a row number N$N$. The answer to the query is number of occurrences of string T$T$ in that particular row of pyramid. No of occurrences of String T$T$ in a string V$V$ would mean that you'd need to find number of substrings Vi,Vi+1...Vj$V_i, V_{i+1} ... V_j$ which are equal to String T$T$, where i≤j$i \leq j$.
For eg: If the string is code, then the pyramid will be of the form:
c
co
cod
code
codec
codeco
codecod
codecode
codecodec
codecodeco
...

-----Input:-----
- The first line contains string S$S$ — consisting of lowercase English letters.
- The second line contains string T$T$ — consisting of lowercase English letters.
- Next line contains an integer Q$Q$ — the number of queries.
- Then follow Q$Q$ lines with queries descriptions. Each of them contains a single integer N$N$ denoting the row number of pyramid.

-----Output:-----
- Print Q$Q$ lines. The i$i$-th of them should contain a integer denoting occurrences of string T$T$ in that particular row.

-----Constraints-----
- 1≤|S|≤105$1 \leq |S| \leq 10^5$
- 1≤|T|≤|S|$1 \leq |T| \leq |S|$
- 1≤Q≤105$1 \leq Q \leq 10^5$
- 1≤N≤109$1 \leq N \leq 10^9$

-----Sample Input:-----
codechef
chefcode
3
4
12
1455

-----Sample Output:-----
0
1
181

-----Explanation:-----
Pyramid will be formed as explained in the statement.
Query 1: Row number 4 of the pyramid is code. The number of occurrences of chefcode in code is 0.
Query 2: Row number 12 of the pyramid is codechefcode. The number of occurrences of chefcode in codechefcode is 1.

The output code needs to read from and write to standard IO


[END PROBLEM]

INFO - [Task id] 888 [prompt] 
## Instructions

Reason through the problem and:
1. Restate the problem in plain English
2. Conceptualize a solution first in plain English
3. Write a pseudocode solution
4. Output the final Python 3 solution with your solution steps in comments.

Make sure to wrap your code in '```python' and '```' Markdown delimiters, 
and include exactly one block of code with the entire solution.

No outside libraries are allowed.
Builtins are allowed.

INFO - [Task id] 888 [prompt] ## Problem Restatement

We are given a string \( S \) and a string \( T \). Using \( S \), we form an infinite pyramid where the \( N \)-th row contains \( N \) characters, starting with the first character of \( S \) and continuing in a cyclic manner. We are asked \( Q \) queries, each asking for the number of occurrences of \( T \) in the \( N \)-th row of the pyramid.

## Conceptual Solution

1. **Understanding the Pyramid**: Each row \( N \) of the pyramid is constructed by repeating the string \( S \) cyclically until it reaches length \( N \). For example, if \( S = "codechef" \), the 12th row would be "codechefcode".

2. **Row Construction**: For a given row \( N \), the row can be constructed by taking the first \( N \) characters of the infinite repetition of \( S \).

3. **Counting Occurrences**: For each query, we need to count how many times the string \( T \) appears as a substring in the constructed row.

4. **Efficiency Considerations**: Directly constructing the row for very large \( N \) (up to \( 10^9 \)) is impractical. Instead, we can use modular arithmetic to determine which characters from \( S \) are in the row.

5. **Algorithm**:
   - For each query with row number \( N \):
     - Construct the row by taking the first \( N \) characters from the infinite repetition of \( S \).
     - Count the occurrences of \( T \) in this row.

## Pseudocode

```
function count_occurrences(S, T, queries):
    results = []
    len_S = length(S)
    len_T = length(T)
    
    for each N in queries:
        row = ""
        for i from 0 to N-1:
            row += S[i % len_S]
        
        count = 0
        for i from 0 to N - len_T:
            if row[i:i+len_T] == T:
                count += 1
        
        results.append(count)
    
    return results
```

## Final Python Solution

```python
def count_occurrences(S, T, queries):
    results = []
    len_S = len(S)
    len_T = len(T)
    
    for N in queries:
        # Construct the N-th row
        row = (S * ((N // len_S) + 1))[:N]
        
        # Count occurrences of T in the row
        count = 0
        for i in range(N - len_T + 1):
            if row[i:i+len_T] == T:
                count += 1
        
        results.append(count)
    
    return results

# Read input
import sys
input = sys.stdin.read
data = input().split()

S = data[0]
T = data[1]
Q = int(data[2])
queries = [int(data[i]) for i in range(3, 3 + Q)]

# Get results
results = count_occurrences(S, T, queries)

# Print results
for result in results:
    print(result)
```

This solution efficiently constructs each row by leveraging the cyclic nature of \( S \) and counts the occurrences of \( T \) in each row. The use of slicing and modular arithmetic ensures that the solution is efficient even for large values of \( N \).
INFO - [Task id] 888 [prompt] 
[Environment Feedback]:
    Note: Inputs/outputs here are automatically extracted/truncated so formatting may be a bit off.
    Tests passed:

     Input: ['codechef', 'chefcode', '3', '4', '12', '1455'] Output: 0
    1
    181

    Tests failed:
    None
[/Environment Feedback]

INFO - [Task id] 888 [prompt] 
## Instructions
Now, summarize your attempts as a **standalone** document for your own future reference. (can skip formalities, be concise)

- Only include the most relevant information and code snippets that could be useful in the future.
- If you did not learn much from the current experience (e.g. the problem was too easy), feel free to write less or nothing at all.
- Here are some ideas if the experience was useful:
    - Identifying the core concepts and patterns that problem appears to test for
    - Describing the strategies that seemed to work but did not, and vice versa
    - Describing unexpected errors and how they were fixed

Your summary should be at most a few paragraphs.

INFO - [Task id] 888 [generation text] In this problem, the core concept was constructing a cyclic pattern from a given string \( S \) to form rows of a pyramid and then counting occurrences of another string \( T \) within these rows. The challenge was efficiently handling very large row numbers \( N \) (up to \( 10^9 \)) without explicitly constructing the entire row, which would be computationally expensive.

The key strategy was to leverage the cyclic nature of \( S \). By using modular arithmetic, we could determine which characters from \( S \) appear in the row without needing to construct the entire string. This allowed us to efficiently build only the necessary portion of the row for each query.

The solution involved:
1. Constructing the row by repeating \( S \) enough times to cover the required length \( N \) and then slicing it to the exact length.
2. Counting the occurrences of \( T \) in this constructed row using a simple substring search.

This approach was efficient and passed all test cases, demonstrating the importance of understanding and utilizing cyclic patterns in string manipulation problems.
INFO - LM call n parse attempt 1 / 3

INFO - [Task id] 888 [prompt] 
You are an expert programmer tasked with solving the problem below.

Follow the user's instructions to solve the problem.
The user can ask for analysis, code, or both.

## Instructions
When asked to output code,
- Make sure to wrap your code in '```python' and '```' Markdown delimiters, 
- include exactly one block of code with the entire solution
- No outside libraries are allowed. 
- Builtins are allowed.
- If the task specifies a function name to be used, follow it strictly (be case sensitive!) and declare the that function last (helper functions are declared first).
- DO NOT write any assert statements / tests.

## Problem
[BEGIN PROBLEM]
Cherry has a string S$S$ consisting of lowercase English letters. Using this string, he formed a pyramid of infinite length with certain rules:
- N$N$-th row of pyramid contains N$N$ characters.
- Each row of pyramid begins with the first character of the string.
- The subsequent characters of the row are appended to the string in cyclic fashion, until the size of string for that Row is reached (See example pyramid for better understanding).
He has another string T$T$ of smaller (or equal) size.
You are asked Q$Q$ queries. Each query is provided with a row number N$N$. The answer to the query is number of occurrences of string T$T$ in that particular row of pyramid. No of occurrences of String T$T$ in a string V$V$ would mean that you'd need to find number of substrings Vi,Vi+1...Vj$V_i, V_{i+1} ... V_j$ which are equal to String T$T$, where i≤j$i \leq j$.
For eg: If the string is code, then the pyramid will be of the form:
c
co
cod
code
codec
codeco
codecod
codecode
codecodec
codecodeco
...

-----Input:-----
- The first line contains string S$S$ — consisting of lowercase English letters.
- The second line contains string T$T$ — consisting of lowercase English letters.
- Next line contains an integer Q$Q$ — the number of queries.
- Then follow Q$Q$ lines with queries descriptions. Each of them contains a single integer N$N$ denoting the row number of pyramid.

-----Output:-----
- Print Q$Q$ lines. The i$i$-th of them should contain a integer denoting occurrences of string T$T$ in that particular row.

-----Constraints-----
- 1≤|S|≤105$1 \leq |S| \leq 10^5$
- 1≤|T|≤|S|$1 \leq |T| \leq |S|$
- 1≤Q≤105$1 \leq Q \leq 10^5$
- 1≤N≤109$1 \leq N \leq 10^9$

-----Sample Input:-----
codechef
chefcode
3
4
12
1455

-----Sample Output:-----
0
1
181

-----Explanation:-----
Pyramid will be formed as explained in the statement.
Query 1: Row number 4 of the pyramid is code. The number of occurrences of chefcode in code is 0.
Query 2: Row number 12 of the pyramid is codechefcode. The number of occurrences of chefcode in codechefcode is 1.

The output code needs to read from and write to standard IO


[END PROBLEM]

INFO - [Task id] 888 [prompt] 
## Instructions

Reason through the problem and:
1. Restate the problem in plain English
2. Conceptualize a solution first in plain English
3. Write a pseudocode solution
4. Output the final Python 3 solution with your solution steps in comments.

Make sure to wrap your code in '```python' and '```' Markdown delimiters, 
and include exactly one block of code with the entire solution.

No outside libraries are allowed.
Builtins are allowed.

INFO - [Task id] 888 [prompt] ## Problem Restatement

We are given a string \( S \) and a string \( T \). Using \( S \), we form an infinite pyramid where the \( N \)-th row contains \( N \) characters, starting with the first character of \( S \) and continuing in a cyclic manner. We are asked \( Q \) queries, each asking for the number of occurrences of \( T \) in the \( N \)-th row of the pyramid.

## Conceptual Solution

1. **Understanding the Pyramid**: Each row \( N \) of the pyramid is constructed by repeating the string \( S \) cyclically until it reaches length \( N \). For example, if \( S = "codechef" \), the 12th row would be "codechefcode".

2. **Row Construction**: For a given row \( N \), the row can be constructed by taking the first \( N \) characters of the infinite repetition of \( S \).

3. **Counting Occurrences**: For each query, we need to count how many times the string \( T \) appears as a substring in the constructed row.

4. **Efficiency Considerations**: Directly constructing the row for very large \( N \) (up to \( 10^9 \)) is impractical. Instead, we can use modular arithmetic to determine which characters from \( S \) are in the row.

5. **Algorithm**:
   - For each query with row number \( N \):
     - Construct the row by taking the first \( N \) characters from the infinite repetition of \( S \).
     - Count the occurrences of \( T \) in this row.

## Pseudocode

```
function count_occurrences(S, T, queries):
    results = []
    len_S = length(S)
    len_T = length(T)
    
    for each N in queries:
        row = ""
        for i from 0 to N-1:
            row += S[i % len_S]
        
        count = 0
        for i from 0 to N - len_T:
            if row[i:i+len_T] == T:
                count += 1
        
        results.append(count)
    
    return results
```

## Final Python Solution

```python
def count_occurrences(S, T, queries):
    results = []
    len_S = len(S)
    len_T = len(T)
    
    for N in queries:
        # Construct the N-th row
        row = (S * ((N // len_S) + 1))[:N]
        
        # Count occurrences of T in the row
        count = 0
        for i in range(N - len_T + 1):
            if row[i:i+len_T] == T:
                count += 1
        
        results.append(count)
    
    return results

# Read input
import sys
input = sys.stdin.read
data = input().split()

S = data[0]
T = data[1]
Q = int(data[2])
queries = [int(data[i]) for i in range(3, 3 + Q)]

# Get results
results = count_occurrences(S, T, queries)

# Print results
for result in results:
    print(result)
```

This solution efficiently constructs each row by leveraging the cyclic nature of \( S \) and counts the occurrences of \( T \) in each row. The use of slicing and modular arithmetic ensures that the solution is efficient even for large values of \( N \).
INFO - [Task id] 888 [prompt] 
[Environment Feedback]:
    Note: Inputs/outputs here are automatically extracted/truncated so formatting may be a bit off.
    Tests passed:

     Input: ['codechef', 'chefcode', '3', '4', '12', '1455'] Output: 0
    1
    181

    Tests failed:
    None
[/Environment Feedback]

INFO - [Task id] 888 [prompt] 
Below is the official solution (do exercise discretion as official solutions can also have mistakes).

You will be reflecting on your attempts to solve the problem.
This will be a **standalone** document for your own future reference. (can skip formalities, be concise)

## Instructions
- Only include the most relevant insights and code snippets that could be useful in the future.
- If you did not learn much from the current experience (e.g. the problem was too easy / official solution was obvious), feel free to write less or nothing at all.
- Here are some ideas if the experience was useful:
    - If the official solution is insightful (e.g. better than yours in time and space complexity or more effective in breaking down the problem statement), distil the key approach of the official solution, step by step.
    - If your approach failed the test cases, reason why the official solution works but yours does not

Your reflection should be at most a few paragraphs.

## Official solution
def search(arr, lenl, val):
    s = 0
    l = lenl - 1

    total = 0

    while (s <= l):
        m = int((s + l) / 2)

        if (arr[m] <= val):
            total = m + 1
            s = m + 1

        else:
            l = m - 1

    return total


def kmpsearch(string, lps):
    lis = []
    lens = len(string)
    lensh = lens // 2

    l = 0
    i = 0
    while i < lens:
        if string[i] == pat[l]:
            l += 1
            i += 1
        elif l > 0:
            l = lps[l - 1]
        else:
            i += 1

        if l == lenp:
            if i - l < lensh:
                lis.append(i - l)

            l = lps[l - 1]

    return lis


def kmp(pat, lenp):

    lps = [0]*(lenp)
    l = 0
    i = 1

    while i < lenp:
        if pat[i] == pat[l]:
            l += 1
            lps[i] = l
            i += 1
        elif l > 0:
            l = lps[l-1]
        else:
            lps[i] = 0
            i += 1

    return lps



keyword = input()
pat = input()
q = int(input())

lenk = len(keyword)
lenp = len(pat)

k = keyword * 2
lis = kmpsearch(k, kmp(pat, lenp))
lenl = len(lis)

for _ in range(q):
    n = int(input())
    count = 0

    q = n // lenk
    r = n % lenk

    count += search(lis, lenl, r - lenp)

    if q >= 1:
        count += search(lis, lenl, lenk + r - lenp)

    if q >= 2:
        count += (q - 1)*lenl

    print(count)
    


INFO - [Task id] 888 [generation text] In this problem, the task was to determine how many times a string \( T \) appears in a specific row of a pyramid constructed from a string \( S \). The challenge was to efficiently handle very large row numbers \( N \) (up to \( 10^9 \)) without explicitly constructing the entire row.

### Key Insights from the Official Solution:

1. **KMP Algorithm for Pattern Matching**: The official solution uses the Knuth-Morris-Pratt (KMP) algorithm to efficiently find all occurrences of the pattern \( T \) in a doubled version of \( S \). This is a clever use of the KMP algorithm, which is optimal for pattern searching with a time complexity of \( O(n + m) \), where \( n \) is the length of the text and \( m \) is the length of the pattern.

2. **Handling Large Rows**: Instead of constructing the entire row for large \( N \), the solution calculates how many full cycles of \( S \) fit into \( N \) and handles the remainder separately. This is done using modular arithmetic and precomputed positions of \( T \) in the doubled \( S \).

3. **Efficient Counting**: The solution precomputes the positions where \( T \) can start in the doubled \( S \) and uses binary search to count how many of these positions are valid for a given row length. This avoids the need to repeatedly search for \( T \) in each row, significantly improving efficiency.

### Reflection:

- **Efficiency**: The official solution is more efficient than a naive approach because it avoids constructing large strings and repeatedly searching for \( T \). Instead, it leverages precomputation and efficient searching techniques.

- **Use of KMP**: The use of the KMP algorithm is a key insight, as it allows for efficient pattern matching, which is crucial given the constraints.

- **Modular Arithmetic**: The solution effectively uses modular arithmetic to handle the cyclic nature of the pyramid rows, which is a common technique in problems involving repeated patterns.

This problem highlights the importance of understanding and applying efficient algorithms like KMP for pattern matching and using mathematical insights to handle large inputs without direct computation.
INFO - Updated entry: In this problem, the core concept was constructing a cyclic pattern from a given string \( S \) to form rows of a pyramid and then counting occurrences of another string \( T \) within these rows. The challenge was efficiently handling very large row numbers \( N \) (up to \( 10^9 \)) without exp...,

INFO - Metadata: {
    "task_id": 888
}

INFO - Updated entry: In this problem, the task was to determine how many times a string \( T \) appears in a specific row of a pyramid constructed from a string \( S \). The challenge was to efficiently handle very large row numbers \( N \) (up to \( 10^9 \)) without explicitly constructing the entire row.

### Key I...,

INFO - Metadata: {
    "task_id": 888
}

INFO - LM call n parse attempt 1 / 3

INFO - [Task id] 888 [prompt] 
You are a helpful assistant that writes a description of the given function written in the Python programming language.

1) Do not mention the function name.
2) Do not mention anything about helper functions.
3) There might be some helper functions before the main function, but you only need to describe the main function.
4) Try to summarize the function in no more than 6 sentences.
5) Your response should be a single line of text.

INFO - [Task id] 888 [prompt] 
def count_occurrences(S, T, queries):
    results = []
    len_S = len(S)
    len_T = len(T)
    
    for N in queries:
        # Construct the N-th row
        row = (S * ((N // len_S) + 1))[:N]
        
        # Count occurrences of T in the row
        count = 0
        for i in range(N - len_T + 1):
            if row[i:i+len_T] == T:
                count += 1
        
        results.append(count)
    
    return results

# Read input
import sys
input = sys.stdin.read
data = input().split()

S = data[0]
T = data[1]
Q = int(data[2])
queries = [int(data[i]) for i in range(3, 3 + Q)]

# Get results
results = count_occurrences(S, T, queries)

# Print results
for result in results:
    print(result)


The main function is `count_occurrences`.
INFO - [Task id] 888 [generation text] The function takes two strings, S and T, and a list of integers, queries, and returns a list of integers representing the number of times the string T appears as a substring in the first N characters of an infinitely repeated string S for each N in queries. For each query, it constructs a string by repeating S enough times to cover N characters, then counts how many times T appears as a substring within the first N characters of this constructed string. The results for each query are collected in a list, which is returned at the end.
INFO - LM call n parse attempt 1 / 3

INFO - [Task id] 888 [prompt] 
You are a helpful assistant that extracts important information from problems and solutions to aid in searchability and education.

## Instructions
- Read through the problem and solution carefully.
- Reason out, step by step, in what scenarios this knowledge would be useful.
- Focus on general patterns and situations to help connect this knowledge to new situations.
- Then, include a list of keywords that are useful for searching this problem/solution pair.

## Response format
Respond in JSON, and follow the keys and expected format of the values strictly.

The output should be formatted as a JSON instance that conforms to the JSON schema below.

As an example, for the schema {"properties": {"foo": {"title": "Foo", "description": "a list of strings", "type": "array", "items": {"type": "string"}}}, "required": ["foo"]}
the object {"foo": ["bar", "baz"]} is a well-formatted instance of the schema. The object {"properties": {"foo": ["bar", "baz"]}} is not well-formatted.

Here is the output schema:
```
{"properties": {"scenarios": {"description": "In what scenarios will this knowledge be useful? Answer in a paragraph.", "title": "Scenarios", "type": "string"}, "keywords": {"description": "List of keywords that are useful for searching this problem/solution pair", "items": {"type": "string"}, "title": "Keywords", "type": "array"}}, "required": ["scenarios", "keywords"]}
```

INFO - [Task id] 888 [prompt] 
[Problem]
    Cherry has a string S$S$ consisting of lowercase English letters. Using this string, he formed a pyramid of infinite length with certain rules:
    - N$N$-th row of pyramid contains N$N$ characters.
    - Each row of pyramid begins with the first character of the string.
    - The subsequent characters of the row are appended to the string in cyclic fashion, until the size of string for that Row is reached (See example pyramid for better understanding).
    He has another string T$T$ of smaller (or equal) size.
    You are asked Q$Q$ queries. Each query is provided with a row number N$N$. The answer to the query is number of occurrences of string T$T$ in that particular row of pyramid. No of occurrences of String T$T$ in a string V$V$ would mean that you'd need to find number of substrings Vi,Vi+1...Vj$V_i, V_{i+1} ... V_j$ which are equal to String T$T$, where i≤j$i \leq j$.
    For eg: If the string is code, then the pyramid will be of the form:
    c
    co
    cod
    code
    codec
    codeco
    codecod
    codecode
    codecodec
    codecodeco
    ...

    -----Input:-----
    - The first line contains string S$S$ — consisting of lowercase English letters.
    - The second line contains string T$T$ — consisting of lowercase English letters.
    - Next line contains an integer Q$Q$ — the number of queries.
    - Then follow Q$Q$ lines with queries descriptions. Each of them contains a single integer N$N$ denoting the row number of pyramid.

    -----Output:-----
    - Print Q$Q$ lines. The i$i$-th of them should contain a integer denoting occurrences of string T$T$ in that particular row.

    -----Constraints-----
    - 1≤|S|≤105$1 \leq |S| \leq 10^5$
    - 1≤|T|≤|S|$1 \leq |T| \leq |S|$
    - 1≤Q≤105$1 \leq Q \leq 10^5$
    - 1≤N≤109$1 \leq N \leq 10^9$

    -----Sample Input:-----
    codechef
    chefcode
    3
    4
    12
    1455

    -----Sample Output:-----
    0
    1
    181

    -----Explanation:-----
    Pyramid will be formed as explained in the statement.
    Query 1: Row number 4 of the pyramid is code. The number of occurrences of chefcode in code is 0.
    Query 2: Row number 12 of the pyramid is codechefcode. The number of occurrences of chefcode in codechefcode is 1.
[/Problem]

[Solution]

    def count_occurrences(S, T, queries):
        results = []
        len_S = len(S)
        len_T = len(T)
    
        for N in queries:
            # Construct the N-th row
            row = (S * ((N // len_S) + 1))[:N]
        
            # Count occurrences of T in the row
            count = 0
            for i in range(N - len_T + 1):
                if row[i:i+len_T] == T:
                    count += 1
        
            results.append(count)
    
        return results

    # Read input
    import sys
    input = sys.stdin.read
    data = input().split()

    S = data[0]
    T = data[1]
    Q = int(data[2])
    queries = [int(data[i]) for i in range(3, 3 + Q)]

    # Get results
    results = count_occurrences(S, T, queries)

    # Print results
    for result in results:
        print(result)

[/Solution]

INFO - [Task id] 888 [generation text] 
INFO - {
    "scenarios": "This knowledge is useful in scenarios where you need to analyze patterns in cyclic strings or sequences, especially when dealing with large datasets or strings. It is applicable in text processing, pattern matching, and data compression tasks where you need to efficiently find occurrences of a substring within a larger cyclically repeated string. This problem also highlights the importance of understanding how to handle large inputs and optimize string operations, which is crucial in competitive programming and software development where performance is key.",
    "keywords": [
        "string manipulation",
        "cyclic strings",
        "pattern matching",
        "substring search",
        "pyramid pattern",
        "competitive programming",
        "text processing",
        "data compression",
        "large input handling"
    ]
}
INFO - {
    "scenarios": "This knowledge is useful in scenarios where you need to analyze patterns in cyclic strings or sequences, especially when dealing with large datasets or strings. It is applicable in text processing, pattern matching, and data compression tasks where you need to efficiently find occurrences of a substring within a larger cyclically repeated string. This problem also highlights the importance of understanding how to handle large inputs and optimize string operations, which is crucial in competitive programming and software development where performance is key.",
    "keywords": [
        "string manipulation",
        "cyclic strings",
        "pattern matching",
        "substring search",
        "pyramid pattern",
        "competitive programming",
        "text processing",
        "data compression",
        "large input handling"
    ]
}
INFO - Updated entry: 
[description for function: count_occurrences]
The function takes two strings, S and T, and a list of integers, queries, and returns a list of integers representing the number of times the string T appears as a substring in the first N characters of an infinitely repeated string S for each N in q...,

INFO - Metadata: {
    "task": 888,
    "code": "\ndef count_occurrences(S, T, queries):\n    results = []\n    len_S = len(S)\n    len_T = len(T)\n    \n    for N in queries:\n        # Construct the N-th row\n        row = (S * ((N // len_S) + 1))[:N]\n        \n        # Count occurrences of T in the row\n    ...

