INFO - DB skill doc count: 0

INFO - DB non_func doc count: 4

INFO - DB semantic doc count: 429

INFO - DB summaries doc count: 4

INFO - DB reflections doc count: 4

INFO - DB episodic doc count: 4

INFO - [train iter]: 4/100 

INFO - The task prompt is The chef is having one string of English lower case alphabets only. The chef wants to remove all "abc" special pairs where a,b,c are occurring consecutively. After removing the pair, create a new string and again remove "abc" special pair from a newly formed string. Repeate the process until no s...

INFO - Attempting task_id 1211
INFO - LM call n parse attempt 1 / 3

INFO - [Task id] 1211 [prompt] 
You are an expert programmer tasked with solving the problem below.

Follow the user's instructions to solve the problem.
The user can ask for analysis, code, or both.

## Instructions
When asked to output code,
- Make sure to wrap your code in '```python' and '```' Markdown delimiters, 
- include exactly one block of code with the entire solution
- No outside libraries are allowed. 
- Builtins are allowed.
- If the task specifies a function name to be used, follow it strictly (be case sensitive!) and declare the that function last (helper functions are declared first).
- DO NOT write any assert statements / tests.

## Problem
[BEGIN PROBLEM]
The chef is having one string of English lower case alphabets only. The chef wants to remove all "abc" special pairs where a,b,c are occurring consecutively. After removing the pair, create a new string and again remove "abc" special pair from a newly formed string. Repeate the process until no such pair remains in a string.

-----Input:-----
- First line will contain $T$, number of testcases. Then the testcases follow. 
- Each testcase contains of a single line of input, $String$. 

-----Output:-----
For each testcase, output in a single line answer, new String with no "abc" special pair.

-----Constraints:-----
$T \leq 2 $
$1 \leq String length \leq 1000 $

-----Sample Input:-----
2
aabcc
bababccc

-----Sample Output:-----
ac
bc

-----EXPLANATION:-----
For 1) after removing "abc" at middle we get a new string as ac.
For 2) string = bababccc
newString1 = babcc  // After removing middle "abc"
newString2 = bc   //After removing "abc"

The output code needs to read from and write to standard IO


[END PROBLEM]

INFO - [Task id] 1211 [prompt] 
## Instructions

Reason through the problem and:
1. Restate the problem in plain English
2. Conceptualize a solution first in plain English
3. Write a pseudocode solution
4. Output the final Python 3 solution with your solution steps in comments.

Make sure to wrap your code in '```python' and '```' Markdown delimiters, 
and include exactly one block of code with the entire solution.

No outside libraries are allowed.
Builtins are allowed.

INFO - [Task id] 1211 [generation text] ## Problem Restatement

We have a string consisting of lowercase English letters. The task is to repeatedly remove any occurrence of the substring "abc" from the string until no such substring remains. We need to perform this operation for multiple test cases and output the resulting string for each test case.

## Conceptual Solution

1. **Iterate through each test case**: For each test case, we will process the given string.
2. **Remove "abc" substrings**: Continuously search for the substring "abc" in the string. If found, remove it and check the string again.
3. **Repeat until no "abc" is found**: Continue the removal process until the string no longer contains the substring "abc".
4. **Output the final string**: Once no more "abc" substrings are present, output the resulting string for that test case.

## Pseudocode

```
function remove_abc_pairs(string):
    while "abc" is in string:
        remove the first occurrence of "abc" from string
    return string

function process_test_cases(test_cases):
    for each test_case in test_cases:
        result = remove_abc_pairs(test_case)
        print result

read number of test cases T
initialize an empty list test_cases
for i from 1 to T:
    read a string and append it to test_cases
process_test_cases(test_cases)
```

## Final Python Solution

```python
def remove_abc_pairs(s):
    # Continuously remove "abc" from the string
    while "abc" in s:
        s = s.replace("abc", "", 1)  # Remove the first occurrence of "abc"
    return s

def process_test_cases(test_cases):
    for test_case in test_cases:
        result = remove_abc_pairs(test_case)
        print(result)

# Read number of test cases
T = int(input().strip())
test_cases = []

# Read each test case
for _ in range(T):
    test_case = input().strip()
    test_cases.append(test_case)

# Process each test case
process_test_cases(test_cases)
```

### Explanation of the Code

- **remove_abc_pairs**: This function takes a string and repeatedly removes the first occurrence of "abc" until no such substring is found. It uses the `replace` method with a count of 1 to ensure only the first occurrence is removed in each iteration.
  
- **process_test_cases**: This function iterates over each test case, applies the `remove_abc_pairs` function, and prints the result.

- **Main Execution**: The program reads the number of test cases, collects each test case string, and then processes them using the defined functions.
INFO - [35m Rollout attempt 1/4[0m
INFO - [33m Retrieving 1 entries for db: episodic 
 [0m
INFO - Retrieved (score=0.4471):

[Task]:
    Given an array A of strings, find any smallest string that contains each string in A as a substring.
    We may assume that no string in A is substring of another string in A.
 

    Example 1:
    Input: ["alex","loves","leetcode"]
    Output: "alexlovesleetcode"
    Explanation: Al...


INFO - [33m Retrieving 1 entries for db: semantic 
 [0m
INFO - Retrieved (score=0.4880):
Title: Finding repetitions
Part: 1/2
# Finding repetitions

Given a string $s$ of length $n$.

A **repetition** is two occurrences of a string in a row.
In other words a repetition can be described by a pair of indices $i < j$ such that the substring $s[i \dots j]$ consists of two identical strin...


INFO - [33m Retrieving 1 entries for db: reflections 
 [0m
INFO - Retrieved (score=0.4644):
Reflecting on the problem and the official solution, here are some key insights and takeaways:

1. **Problem Understanding and Approach:**
   - The problem requires finding the shortest superstring that contains all given strings as substrings. The challenge is to efficiently merge strings by max...


INFO - [33m Retrieving 1 entries for db: summaries 
 [0m
INFO - Retrieved (score=0.5099):
In tackling the problem of finding the shortest superstring that contains each string in a given list as a substring, I employed a dynamic programming approach combined with a greedy strategy to maximize overlaps between strings. The core concept was to iteratively merge strings by calculating th...


INFO - [33m Retrieving 1 entries for db: non_func 
 [0m
INFO - Retrieved (score=0.5563):

[description]
The function takes a list of strings and returns the shortest superstring that contains each string in the list as a substring. It uses dynamic programming to calculate the maximum overlap between pairs of strings and stores these overlaps in a DP table. The function iterates over ...


INFO - Retrieved (score=0.4471): 
[Past Memory]:

    [Task]:
        Given an array A of strings, find any smallest string that contains each string in A as a substring.
        We may assume that no string in A is substring of another string in A.
 

        Example 1:
        Input: ["alex","loves","leetcode"]
        Output:...
INFO - LM call n parse attempt 1 / 3

INFO - [Task id] 1211 [prompt] 
You are an expert programmer tasked with solving the problem below.

Follow the user's instructions to solve the problem.
The user can ask for analysis, code, or both.

## Instructions
When asked to output code,
- Make sure to wrap your code in '```python' and '```' Markdown delimiters, 
- include exactly one block of code with the entire solution
- No outside libraries are allowed. 
- Builtins are allowed.
- If the task specifies a function name to be used, follow it strictly (be case sensitive!) and declare the that function last (helper functions are declared first).
- DO NOT write any assert statements / tests.

## Problem
[BEGIN PROBLEM]
The chef is having one string of English lower case alphabets only. The chef wants to remove all "abc" special pairs where a,b,c are occurring consecutively. After removing the pair, create a new string and again remove "abc" special pair from a newly formed string. Repeate the process until no such pair remains in a string.

-----Input:-----
- First line will contain $T$, number of testcases. Then the testcases follow. 
- Each testcase contains of a single line of input, $String$. 

-----Output:-----
For each testcase, output in a single line answer, new String with no "abc" special pair.

-----Constraints:-----
$T \leq 2 $
$1 \leq String length \leq 1000 $

-----Sample Input:-----
2
aabcc
bababccc

-----Sample Output:-----
ac
bc

-----EXPLANATION:-----
For 1) after removing "abc" at middle we get a new string as ac.
For 2) string = bababccc
newString1 = babcc  // After removing middle "abc"
newString2 = bc   //After removing "abc"

The output code needs to read from and write to standard IO


[END PROBLEM]

INFO - [Task id] 1211 [prompt] 
## Instructions

Reason through the problem and:
1. Restate the problem in plain English
2. Conceptualize a solution first in plain English
3. Write a pseudocode solution
4. Output the final Python 3 solution with your solution steps in comments.

Make sure to wrap your code in '```python' and '```' Markdown delimiters, 
and include exactly one block of code with the entire solution.

No outside libraries are allowed.
Builtins are allowed.

INFO - [Task id] 1211 [prompt] 
Also, here are some of your memories.
Feel free to use the given information to aid your problem solving process if necessary.
Do not confuse the memories with the problem statement.

## Memories

[Past Memory]:

    [Task]:
        Given an array A of strings, find any smallest string that contains each string in A as a substring.
        We may assume that no string in A is substring of another string in A.
 

        Example 1:
        Input: ["alex","loves","leetcode"]
        Output: "alexlovesleetcode"
        Explanation: All permutations of "alex","loves","leetcode" would also be accepted.


        Example 2:
        Input: ["catg","ctaagt","gcta","ttca","atgcatc"]
        Output: "gctaagttcatgcatc"
 


        Note:

        1 <= A.length <= 12
        1 <= A[i].length <= 20
    [/Task]

    [Previous Critique]:
        None
    [/Previous Critique]

    [Thought Process and Code]:
        1. **Restate the problem in plain English:**

           We are given a list of strings, and we need to find the shortest string that contains each of the given strings as a substring. None of the strings in the list is a substring of another. The solution should be able to handle up to 12 strings, each with a length of up to 20 characters.

        2. **Conceptualize a solution in plain English:**

           To solve this problem, we can use a greedy approach combined with dynamic programming. The idea is to iteratively merge strings by overlapping them as much as possible. We can calculate the overlap between two strings and use this information to build the shortest superstring. We will use a dynamic programming table to store the shortest superstring that can be formed using a subset of the strings, and we will update this table as we consider each string.

        3. **Write a pseudocode solution:**

           ```
           Define a function to calculate the overlap between two strings.
           Initialize a DP table to store the shortest superstring for each subset of strings.
           Initialize a table to store the path to reconstruct the superstring.
           For each subset of strings:
               For each string in the subset:
                   Calculate the shortest superstring by considering the overlap with other strings.
                   Update the DP table with the shortest superstring length.
                   Update the path table to keep track of the order of strings.
           Reconstruct the shortest superstring using the path table.
           Return the shortest superstring.
           ```

        4. **Output the final Python 3 solution with your solution steps in comments:**

        ```python
        from typing import List

        class Solution:
            def shortestSuperstring(self, A: List[str]) -> str:
                # Helper function to calculate the overlap between two strings
                def overlap(s1, s2):
                    max_overlap = 0
                    # Check all possible overlaps
                    for i in range(1, min(len(s1), len(s2)) + 1):
                        if s1[-i:] == s2[:i]:
                            max_overlap = i
                    return max_overlap

                n = len(A)
                # DP table to store the shortest superstring length for each subset
                dp = [[0] * n for _ in range(1 << n)]
                # Path table to reconstruct the superstring
                path = [[-1] * n for _ in range(1 << n)]

                # Fill the DP table
                for mask in range(1, 1 << n):
                    for i in range(n):
                        if not (mask & (1 << i)):
                            continue
                        prev_mask = mask ^ (1 << i)
                        if prev_mask == 0:
                            continue
                        for j in range(n):
                            if not (prev_mask & (1 << j)):
                                continue
                            # Calculate overlap between A[j] and A[i]
                            o = overlap(A[j], A[i])
                            # Update DP table if a shorter superstring is found
                            if dp[mask][i] < dp[prev_mask][j] + o:
                                dp[mask][i] = dp[prev_mask][j] + o
                                path[mask][i] = j

                # Find the end of the shortest superstring
                max_len = -1
                last = -1
                full_mask = (1 << n) - 1
                for i in range(n):
                    if dp[full_mask][i] > max_len:
                        max_len = dp[full_mask][i]
                        last = i

                # Reconstruct the shortest superstring
                superstring = []
                mask = full_mask
                while last != -1:
                    superstring.append(last)
                    next_last = path[mask][last]
                    mask ^= (1 << last)
                    last = next_last

                # Build the final superstring
                superstring.reverse()
                result = A[superstring[0]]
                for k in range(1, len(superstring)):
                    i, j = superstring[k-1], superstring[k]
                    o = overlap(A[i], A[j])
                    result += A[j][o:]

                return result
        ```

        This solution uses dynamic programming to efficiently find the shortest superstring by considering all possible overlaps between the strings. The `overlap` function calculates the maximum overlap between two strings, which is used to update the DP table. The `path` table helps reconstruct the order of strings in the final superstring.
    [/Thought Process and Code]

    [Environment Feedback]:
        Note: Inputs/outputs here are automatically extracted/truncated so formatting may be a bit off.
        Tests passed:

         Input: [['"alex"', '"loves"', '"leetcode"']] Output: "leetcode"loves"alex"

        Tests failed:
        None
    [/Environment Feedback]

    [Result]:
        Success
    [/Result]

[/Past Memory]


INFO - [Task id] 1211 [generation text] 1. **Restate the problem in plain English:**

   We have a string consisting of lowercase English letters. We need to repeatedly remove any occurrence of the substring "abc" from the string until no such substring exists. We need to perform this operation for multiple test cases and output the resulting string for each test case.

2. **Conceptualize a solution in plain English:**

   To solve this problem, we can use a stack-based approach. We will iterate through each character of the string and use a stack to build the resulting string. Whenever we encounter the sequence "abc" in the stack, we will remove it. This process will be repeated until we have processed all characters in the string. The stack will help us efficiently manage the removal of "abc" sequences.

3. **Write a pseudocode solution:**

   ```
   For each test case:
       Initialize an empty stack
       For each character in the string:
           Push the character onto the stack
           If the top three characters in the stack form "abc":
               Pop the top three characters from the stack
       Convert the stack to a string and output it
   ```

4. **Output the final Python 3 solution with your solution steps in comments:**

```python
def remove_abc_pairs(T, test_cases):
    results = []
    for string in test_cases:
        stack = []
        for char in string:
            stack.append(char)
            # Check if the last three characters in the stack form "abc"
            if len(stack) >= 3 and stack[-3:] == ['a', 'b', 'c']:
                # Remove the "abc" from the stack
                stack.pop()
                stack.pop()
                stack.pop()
        # Convert the stack back to a string
        results.append(''.join(stack))
    return results

# Read input
import sys
input = sys.stdin.read
data = input().split()

# First line is the number of test cases
T = int(data[0])
test_cases = data[1:T+1]

# Get the results
results = remove_abc_pairs(T, test_cases)

# Print the results
for result in results:
    print(result)
```

This solution uses a stack to efficiently manage the removal of "abc" sequences from the string. By checking the top three elements of the stack, we can determine when to remove the sequence and continue processing the rest of the string.
INFO - program_code:
 
def remove_abc_pairs(T, test_cases):
    results = []
    for string in test_cases:
        stack = []
        for char in string:
            stack.append(char)
            # Check if the last three characters in the stack form "abc"
            if len(stack) >= 3 and stack[-3:] == ['a', 'b', 'c']:
                # Remove the "abc" from the stack
                stack.pop()
                stack.pop()
                stack.pop()
        # Convert the stack back to a string
        results.append(''.join(stack))
    return results

# Read input
import sys
input = sys.stdin.read
data = input().split()

# First line is the number of test cases
T = int(data[0])
test_cases = data[1:T+1]

# Get the results
results = remove_abc_pairs(T, test_cases)

# Print the results
for result in results:
    print(result)


INFO - program_name:
 remove_abc_pairs

INFO - dependencies:
 []

INFO - raw_msg:
 1. **Restate the problem in plain English:**

   We have a string consisting of lowercase English letters. We need to repeatedly remove any occurrence of the substring "abc" from the string until no such substring exists. We need to perform this operation for multiple test cases and output the resulting string for each test case.

2. **Conceptualize a solution in plain English:**

   To solve this problem, we can use a stack-based approach. We will iterate through each character of the string and use a stack to build the resulting string. Whenever we encounter the sequence "abc" in the stack, we will remove it. This process will be repeated until we have processed all characters in the string. The stack will help us efficiently manage the removal of "abc" sequences.

3. **Write a pseudocode solution:**

   ```
   For each test case:
       Initialize an empty stack
       For each character in the string:
           Push the character onto the stack
           If the top three characters in the stack form "abc":
               Pop the top three characters from the stack
       Convert the stack to a string and output it
   ```

4. **Output the final Python 3 solution with your solution steps in comments:**

```python
def remove_abc_pairs(T, test_cases):
    results = []
    for string in test_cases:
        stack = []
        for char in string:
            stack.append(char)
            # Check if the last three characters in the stack form "abc"
            if len(stack) >= 3 and stack[-3:] == ['a', 'b', 'c']:
                # Remove the "abc" from the stack
                stack.pop()
                stack.pop()
                stack.pop()
        # Convert the stack back to a string
        results.append(''.join(stack))
    return results

# Read input
import sys
input = sys.stdin.read
data = input().split()

# First line is the number of test cases
T = int(data[0])
test_cases = data[1:T+1]

# Get the results
results = remove_abc_pairs(T, test_cases)

# Print the results
for result in results:
    print(result)
```

This solution uses a stack to efficiently manage the removal of "abc" sequences from the string. By checking the top three elements of the stack, we can determine when to remove the sequence and continue processing the rest of the string.

INFO - no_parent:
 False

INFO - full code to be executed: 
 
def remove_abc_pairs(T, test_cases):
    results = []
    for string in test_cases:
        stack = []
        for char in string:
            stack.append(char)
            # Check if the last three characters in the stack form "abc"
            if len(stack) >= 3 and stack[-3:] == ['a', 'b', 'c']:
                # Remove the "abc" from the stack
                stack.pop()
                stack.pop()
                stack.pop()
        # Convert the stack back to a string
        results.append(''.join(stack))
    return results

# Read input
import sys
input = sys.stdin.read
data = input().split()

# First line is the number of test cases
T = int(data[0])
test_cases = data[1:T+1]

# Get the results
results = remove_abc_pairs(T, test_cases)

# Print the results
for result in results:
    print(result)


INFO - obs: Note: Inputs/outputs here are automatically extracted/truncated so formatting may be a bit off.
Tests passed:

 Input: ['2', 'aabcc', 'bababccc'] Output: ac
bc

Tests failed:
None
reward: True
done: None
info: {'individual_results': [True]}
INFO - Updated entry: 
[Task]:
    The chef is having one string of English lower case alphabets only. The chef wants to remove all "abc" special pairs where a,b,c are occurring consecutively. After removing the pair, create a new string and again remove "abc" special pair from a newly formed string. Repeate the proce...,

INFO - Metadata: {
    "raw_msg": "1. **Restate the problem in plain English:**\n\n   We have a string consisting of lowercase English letters. We need to repeatedly remove any occurrence of the substring \"abc\" from the string until no such substring exists. We need to perform this operation for multiple test c...

INFO - LM call n parse attempt 1 / 3

INFO - [Task id] 1211 [prompt] 
You are an expert programmer tasked with solving the problem below.

Follow the user's instructions to solve the problem.
The user can ask for analysis, code, or both.

## Instructions
When asked to output code,
- Make sure to wrap your code in '```python' and '```' Markdown delimiters, 
- include exactly one block of code with the entire solution
- No outside libraries are allowed. 
- Builtins are allowed.
- If the task specifies a function name to be used, follow it strictly (be case sensitive!) and declare the that function last (helper functions are declared first).
- DO NOT write any assert statements / tests.

## Problem
[BEGIN PROBLEM]
The chef is having one string of English lower case alphabets only. The chef wants to remove all "abc" special pairs where a,b,c are occurring consecutively. After removing the pair, create a new string and again remove "abc" special pair from a newly formed string. Repeate the process until no such pair remains in a string.

-----Input:-----
- First line will contain $T$, number of testcases. Then the testcases follow. 
- Each testcase contains of a single line of input, $String$. 

-----Output:-----
For each testcase, output in a single line answer, new String with no "abc" special pair.

-----Constraints:-----
$T \leq 2 $
$1 \leq String length \leq 1000 $

-----Sample Input:-----
2
aabcc
bababccc

-----Sample Output:-----
ac
bc

-----EXPLANATION:-----
For 1) after removing "abc" at middle we get a new string as ac.
For 2) string = bababccc
newString1 = babcc  // After removing middle "abc"
newString2 = bc   //After removing "abc"

The output code needs to read from and write to standard IO


[END PROBLEM]

INFO - [Task id] 1211 [prompt] 
## Instructions

Reason through the problem and:
1. Restate the problem in plain English
2. Conceptualize a solution first in plain English
3. Write a pseudocode solution
4. Output the final Python 3 solution with your solution steps in comments.

Make sure to wrap your code in '```python' and '```' Markdown delimiters, 
and include exactly one block of code with the entire solution.

No outside libraries are allowed.
Builtins are allowed.

INFO - [Task id] 1211 [prompt] 1. **Restate the problem in plain English:**

   We have a string consisting of lowercase English letters. We need to repeatedly remove any occurrence of the substring "abc" from the string until no such substring exists. We need to perform this operation for multiple test cases and output the resulting string for each test case.

2. **Conceptualize a solution in plain English:**

   To solve this problem, we can use a stack-based approach. We will iterate through each character of the string and use a stack to build the resulting string. Whenever we encounter the sequence "abc" in the stack, we will remove it. This process will be repeated until we have processed all characters in the string. The stack will help us efficiently manage the removal of "abc" sequences.

3. **Write a pseudocode solution:**

   ```
   For each test case:
       Initialize an empty stack
       For each character in the string:
           Push the character onto the stack
           If the top three characters in the stack form "abc":
               Pop the top three characters from the stack
       Convert the stack to a string and output it
   ```

4. **Output the final Python 3 solution with your solution steps in comments:**

```python
def remove_abc_pairs(T, test_cases):
    results = []
    for string in test_cases:
        stack = []
        for char in string:
            stack.append(char)
            # Check if the last three characters in the stack form "abc"
            if len(stack) >= 3 and stack[-3:] == ['a', 'b', 'c']:
                # Remove the "abc" from the stack
                stack.pop()
                stack.pop()
                stack.pop()
        # Convert the stack back to a string
        results.append(''.join(stack))
    return results

# Read input
import sys
input = sys.stdin.read
data = input().split()

# First line is the number of test cases
T = int(data[0])
test_cases = data[1:T+1]

# Get the results
results = remove_abc_pairs(T, test_cases)

# Print the results
for result in results:
    print(result)
```

This solution uses a stack to efficiently manage the removal of "abc" sequences from the string. By checking the top three elements of the stack, we can determine when to remove the sequence and continue processing the rest of the string.
INFO - [Task id] 1211 [prompt] 
[Environment Feedback]:
    Note: Inputs/outputs here are automatically extracted/truncated so formatting may be a bit off.
    Tests passed:

     Input: ['2', 'aabcc', 'bababccc'] Output: ac
    bc

    Tests failed:
    None
[/Environment Feedback]

INFO - [Task id] 1211 [prompt] 
## Instructions
Now, summarize your attempts as a **standalone** document for your own future reference. (can skip formalities, be concise)

- Only include the most relevant information and code snippets that could be useful in the future.
- If you did not learn much from the current experience (e.g. the problem was too easy), feel free to write less or nothing at all.
- Here are some ideas if the experience was useful:
    - Identifying the core concepts and patterns that problem appears to test for
    - Describing the strategies that seemed to work but did not, and vice versa
    - Describing unexpected errors and how they were fixed

Your summary should be at most a few paragraphs.

INFO - [Task id] 1211 [generation text] In this problem, the core concept was to efficiently remove consecutive "abc" substrings from a given string until no such substrings remain. The challenge was to handle this operation repeatedly and efficiently, especially given the constraints of string length up to 1000.

The solution utilized a stack-based approach, which is well-suited for problems involving removal of specific patterns in a sequence. By iterating through the string and using a stack to keep track of characters, we could easily check the last three characters to see if they form "abc". If they did, we simply popped them from the stack, effectively removing the sequence. This approach ensures that we only traverse the string once, making it efficient.

The key takeaway from this problem is the effectiveness of using a stack to manage and manipulate sequences in a string, especially when dealing with patterns that need to be removed or checked repeatedly. This method avoids the need for complex string operations and provides a clear and efficient solution.
INFO - LM call n parse attempt 1 / 3

INFO - [Task id] 1211 [prompt] 
You are an expert programmer tasked with solving the problem below.

Follow the user's instructions to solve the problem.
The user can ask for analysis, code, or both.

## Instructions
When asked to output code,
- Make sure to wrap your code in '```python' and '```' Markdown delimiters, 
- include exactly one block of code with the entire solution
- No outside libraries are allowed. 
- Builtins are allowed.
- If the task specifies a function name to be used, follow it strictly (be case sensitive!) and declare the that function last (helper functions are declared first).
- DO NOT write any assert statements / tests.

## Problem
[BEGIN PROBLEM]
The chef is having one string of English lower case alphabets only. The chef wants to remove all "abc" special pairs where a,b,c are occurring consecutively. After removing the pair, create a new string and again remove "abc" special pair from a newly formed string. Repeate the process until no such pair remains in a string.

-----Input:-----
- First line will contain $T$, number of testcases. Then the testcases follow. 
- Each testcase contains of a single line of input, $String$. 

-----Output:-----
For each testcase, output in a single line answer, new String with no "abc" special pair.

-----Constraints:-----
$T \leq 2 $
$1 \leq String length \leq 1000 $

-----Sample Input:-----
2
aabcc
bababccc

-----Sample Output:-----
ac
bc

-----EXPLANATION:-----
For 1) after removing "abc" at middle we get a new string as ac.
For 2) string = bababccc
newString1 = babcc  // After removing middle "abc"
newString2 = bc   //After removing "abc"

The output code needs to read from and write to standard IO


[END PROBLEM]

INFO - [Task id] 1211 [prompt] 
## Instructions

Reason through the problem and:
1. Restate the problem in plain English
2. Conceptualize a solution first in plain English
3. Write a pseudocode solution
4. Output the final Python 3 solution with your solution steps in comments.

Make sure to wrap your code in '```python' and '```' Markdown delimiters, 
and include exactly one block of code with the entire solution.

No outside libraries are allowed.
Builtins are allowed.

INFO - [Task id] 1211 [prompt] 1. **Restate the problem in plain English:**

   We have a string consisting of lowercase English letters. We need to repeatedly remove any occurrence of the substring "abc" from the string until no such substring exists. We need to perform this operation for multiple test cases and output the resulting string for each test case.

2. **Conceptualize a solution in plain English:**

   To solve this problem, we can use a stack-based approach. We will iterate through each character of the string and use a stack to build the resulting string. Whenever we encounter the sequence "abc" in the stack, we will remove it. This process will be repeated until we have processed all characters in the string. The stack will help us efficiently manage the removal of "abc" sequences.

3. **Write a pseudocode solution:**

   ```
   For each test case:
       Initialize an empty stack
       For each character in the string:
           Push the character onto the stack
           If the top three characters in the stack form "abc":
               Pop the top three characters from the stack
       Convert the stack to a string and output it
   ```

4. **Output the final Python 3 solution with your solution steps in comments:**

```python
def remove_abc_pairs(T, test_cases):
    results = []
    for string in test_cases:
        stack = []
        for char in string:
            stack.append(char)
            # Check if the last three characters in the stack form "abc"
            if len(stack) >= 3 and stack[-3:] == ['a', 'b', 'c']:
                # Remove the "abc" from the stack
                stack.pop()
                stack.pop()
                stack.pop()
        # Convert the stack back to a string
        results.append(''.join(stack))
    return results

# Read input
import sys
input = sys.stdin.read
data = input().split()

# First line is the number of test cases
T = int(data[0])
test_cases = data[1:T+1]

# Get the results
results = remove_abc_pairs(T, test_cases)

# Print the results
for result in results:
    print(result)
```

This solution uses a stack to efficiently manage the removal of "abc" sequences from the string. By checking the top three elements of the stack, we can determine when to remove the sequence and continue processing the rest of the string.
INFO - [Task id] 1211 [prompt] 
[Environment Feedback]:
    Note: Inputs/outputs here are automatically extracted/truncated so formatting may be a bit off.
    Tests passed:

     Input: ['2', 'aabcc', 'bababccc'] Output: ac
    bc

    Tests failed:
    None
[/Environment Feedback]

INFO - [Task id] 1211 [prompt] 
Below is the official solution (do exercise discretion as official solutions can also have mistakes).

You will be reflecting on your attempts to solve the problem.
This will be a **standalone** document for your own future reference. (can skip formalities, be concise)

## Instructions
- Only include the most relevant insights and code snippets that could be useful in the future.
- If you did not learn much from the current experience (e.g. the problem was too easy / official solution was obvious), feel free to write less or nothing at all.
- Here are some ideas if the experience was useful:
    - If the official solution is insightful (e.g. better than yours in time and space complexity or more effective in breaking down the problem statement), distil the key approach of the official solution, step by step.
    - If your approach failed the test cases, reason why the official solution works but yours does not

Your reflection should be at most a few paragraphs.

## Official solution
# cook your dish here
for _ in range(int(input())):
    s=input()
    while(s.count("abc")!=0):
        s=s.replace("abc","")
    print(s)    


INFO - [Task id] 1211 [generation text] In this problem, both my solution and the official solution effectively solve the task of removing consecutive "abc" substrings from a given string. However, there are some differences in the approach and efficiency.

### Key Insights:

1. **Stack-Based Approach vs. String Replacement:**
   - My solution uses a stack-based approach to iteratively build the string while checking for "abc" sequences. This method is efficient in terms of space and time complexity because it processes each character once and only checks the top of the stack for the "abc" pattern.
   - The official solution uses a string replacement method, which repeatedly scans the entire string to find and remove "abc" sequences. This can be less efficient, especially for longer strings, as it may involve multiple passes over the string.

2. **Efficiency Considerations:**
   - The stack-based approach is generally more efficient for this problem because it avoids the need to repeatedly traverse the entire string. It only requires a single pass through the string and uses a stack to manage the removal of "abc" sequences.
   - The string replacement method, while straightforward and easy to implement, can be less efficient due to the repeated scanning and modification of the string.

3. **Simplicity vs. Performance:**
   - The official solution is simpler and more concise, making it easier to understand and implement quickly. However, it sacrifices some performance, especially for larger inputs.
   - My solution, while slightly more complex, offers better performance by leveraging a stack to efficiently manage the removal process.

In summary, both solutions are valid, but the stack-based approach provides a more efficient way to handle the problem, especially for larger strings. This experience highlights the importance of considering both simplicity and efficiency when designing algorithms.
INFO - Updated entry: In this problem, the core concept was to efficiently remove consecutive "abc" substrings from a given string until no such substrings remain. The challenge was to handle this operation repeatedly and efficiently, especially given the constraints of string length up to 1000.

The solution utilized...,

INFO - Metadata: {
    "task_id": 1211
}

INFO - Updated entry: In this problem, both my solution and the official solution effectively solve the task of removing consecutive "abc" substrings from a given string. However, there are some differences in the approach and efficiency.

### Key Insights:

1. **Stack-Based Approach vs. String Replacement:**
   - My ...,

INFO - Metadata: {
    "task_id": 1211
}

INFO - LM call n parse attempt 1 / 3

INFO - [Task id] 1211 [prompt] 
You are a helpful assistant that writes a description of the given function written in the Python programming language.

1) Do not mention the function name.
2) Do not mention anything about helper functions.
3) There might be some helper functions before the main function, but you only need to describe the main function.
4) Try to summarize the function in no more than 6 sentences.
5) Your response should be a single line of text.

INFO - [Task id] 1211 [prompt] 
def remove_abc_pairs(T, test_cases):
    results = []
    for string in test_cases:
        stack = []
        for char in string:
            stack.append(char)
            # Check if the last three characters in the stack form "abc"
            if len(stack) >= 3 and stack[-3:] == ['a', 'b', 'c']:
                # Remove the "abc" from the stack
                stack.pop()
                stack.pop()
                stack.pop()
        # Convert the stack back to a string
        results.append(''.join(stack))
    return results

# Read input
import sys
input = sys.stdin.read
data = input().split()

# First line is the number of test cases
T = int(data[0])
test_cases = data[1:T+1]

# Get the results
results = remove_abc_pairs(T, test_cases)

# Print the results
for result in results:
    print(result)


The main function is `remove_abc_pairs`.
INFO - [Task id] 1211 [generation text] The function processes a list of strings and removes every occurrence of the substring "abc" from each string. It iterates over each character in a string, using a stack to keep track of characters. When the last three characters in the stack form the sequence "abc", they are removed from the stack. This process continues until all characters in the string have been processed. The remaining characters in the stack are then joined back into a string, which is added to the results list. Finally, the function returns a list of the modified strings.
INFO - LM call n parse attempt 1 / 3

INFO - [Task id] 1211 [prompt] 
You are a helpful assistant that extracts important information from problems and solutions to aid in searchability and education.

## Instructions
- Read through the problem and solution carefully.
- Reason out, step by step, in what scenarios this knowledge would be useful.
- Focus on general patterns and situations to help connect this knowledge to new situations.
- Then, include a list of keywords that are useful for searching this problem/solution pair.

## Response format
Respond in JSON, and follow the keys and expected format of the values strictly.

The output should be formatted as a JSON instance that conforms to the JSON schema below.

As an example, for the schema {"properties": {"foo": {"title": "Foo", "description": "a list of strings", "type": "array", "items": {"type": "string"}}}, "required": ["foo"]}
the object {"foo": ["bar", "baz"]} is a well-formatted instance of the schema. The object {"properties": {"foo": ["bar", "baz"]}} is not well-formatted.

Here is the output schema:
```
{"properties": {"scenarios": {"description": "In what scenarios will this knowledge be useful? Answer in a paragraph.", "title": "Scenarios", "type": "string"}, "keywords": {"description": "List of keywords that are useful for searching this problem/solution pair", "items": {"type": "string"}, "title": "Keywords", "type": "array"}}, "required": ["scenarios", "keywords"]}
```

INFO - [Task id] 1211 [prompt] 
[Problem]
    The chef is having one string of English lower case alphabets only. The chef wants to remove all "abc" special pairs where a,b,c are occurring consecutively. After removing the pair, create a new string and again remove "abc" special pair from a newly formed string. Repeate the process until no such pair remains in a string.

    -----Input:-----
    - First line will contain $T$, number of testcases. Then the testcases follow. 
    - Each testcase contains of a single line of input, $String$. 

    -----Output:-----
    For each testcase, output in a single line answer, new String with no "abc" special pair.

    -----Constraints:-----
    $T \leq 2 $
    $1 \leq String length \leq 1000 $

    -----Sample Input:-----
    2
    aabcc
    bababccc

    -----Sample Output:-----
    ac
    bc

    -----EXPLANATION:-----
    For 1) after removing "abc" at middle we get a new string as ac.
    For 2) string = bababccc
    newString1 = babcc  // After removing middle "abc"
    newString2 = bc   //After removing "abc"
[/Problem]

[Solution]

    def remove_abc_pairs(T, test_cases):
        results = []
        for string in test_cases:
            stack = []
            for char in string:
                stack.append(char)
                # Check if the last three characters in the stack form "abc"
                if len(stack) >= 3 and stack[-3:] == ['a', 'b', 'c']:
                    # Remove the "abc" from the stack
                    stack.pop()
                    stack.pop()
                    stack.pop()
            # Convert the stack back to a string
            results.append(''.join(stack))
        return results

    # Read input
    import sys
    input = sys.stdin.read
    data = input().split()

    # First line is the number of test cases
    T = int(data[0])
    test_cases = data[1:T+1]

    # Get the results
    results = remove_abc_pairs(T, test_cases)

    # Print the results
    for result in results:
        print(result)

[/Solution]

INFO - [Task id] 1211 [generation text] 
INFO - {
    "scenarios": "This knowledge is useful in scenarios where you need to process strings by removing specific patterns iteratively until no such patterns remain. This is common in text processing tasks, such as cleaning up data, parsing, or transforming strings according to specific rules. The use of a stack to manage the removal of patterns is a common technique in computer science, particularly in problems involving balanced parentheses, syntax checking, or any situation where you need to keep track of a sequence of elements and their order. Understanding this approach can help in designing algorithms that require efficient pattern matching and removal in strings.",
    "keywords": [
        "string processing",
        "pattern removal",
        "stack",
        "iterative removal",
        "text processing",
        "abc removal",
        "consecutive characters",
        "algorithm",
        "string manipulation"
    ]
}
INFO - {
    "scenarios": "This knowledge is useful in scenarios where you need to process strings by removing specific patterns iteratively until no such patterns remain. This is common in text processing tasks, such as cleaning up data, parsing, or transforming strings according to specific rules. The use of a stack to manage the removal of patterns is a common technique in computer science, particularly in problems involving balanced parentheses, syntax checking, or any situation where you need to keep track of a sequence of elements and their order. Understanding this approach can help in designing algorithms that require efficient pattern matching and removal in strings.",
    "keywords": [
        "string processing",
        "pattern removal",
        "stack",
        "iterative removal",
        "text processing",
        "abc removal",
        "consecutive characters",
        "algorithm",
        "string manipulation"
    ]
}
INFO - Updated entry: 
[description for function: remove_abc_pairs]
The function processes a list of strings and removes every occurrence of the substring "abc" from each string. It iterates over each character in a string, using a stack to keep track of characters. When the last three characters in the stack form the...,

INFO - Metadata: {
    "task": 1211,
    "code": "\ndef remove_abc_pairs(T, test_cases):\n    results = []\n    for string in test_cases:\n        stack = []\n        for char in string:\n            stack.append(char)\n            # Check if the last three characters in the stack form \"abc\"\n            if len...

