INFO - DB skill doc count: 1

INFO - DB non_func doc count: 67

INFO - DB semantic doc count: 429

INFO - DB summaries doc count: 87

INFO - DB reflections doc count: 87

INFO - DB episodic doc count: 0

INFO - [train iter]: 87/100 

INFO - The task prompt is Chef taught his brother Chefu about right angled triangle and its properties. Chefu says that he has understood everything about right angled triangles. Chef wants to check learning of his brother by asking the following question "Can you find a right angled triangle whose length of hypotenuse  i...

INFO - Attempting task_id 1031
INFO - LM call n parse attempt 1 / 3

INFO - [Task id] 1031 [prompt] 
You are an expert programmer tasked with solving the problem below.

Follow the user's instructions to solve the problem.
The user can ask for analysis, code, or both.

## Instructions
When asked to output code,
- Make sure to wrap your code in '```python' and '```' Markdown delimiters, 
- include exactly one block of code with the entire solution
- No outside libraries are allowed. 
- Builtins are allowed.
- If the task specifies a function name to be used, follow it strictly (be case sensitive!) and declare the that function last (helper functions are declared first).
- DO NOT write any assert statements / tests.

## Problem
[BEGIN PROBLEM]
Chef taught his brother Chefu about right angled triangle and its properties. Chefu says that he has understood everything about right angled triangles. Chef wants to check learning of his brother by asking the following question "Can you find a right angled triangle whose length of hypotenuse  is H and its area is S?"
Chefu is confused how to solve it. I hope you are not. Please solve this by finding a right angled triangle with hypotenuse H and area S. If it not possible to do so, then output -1.

-----Input-----
The first line of the input contains a single integer T denoting the number of test-cases. T test cases follow.
For each test case, there will be a single line containing two space separated integers H and S.

-----Output-----
Output the answer for each test-case in a single line. If it is not possible to find such a triangle, output -1. Otherwise print 3 real numbers corresponding to the lengths of the sides of the triangle sorted in non-decreasing order. Please note that the length of the triangle sides should not differ by more than 0.01 in absolute value from the correct lengths.

-----Constraints-----
- 1 ≤ T ≤ 105
- 1 ≤ H ≤ 106
- 1 ≤ S ≤ 1012

-----Example-----
Input:4
5 6
6 10
258303 89837245228
616153 77878145466
Output:3.00000 4.00000 5.00000
-1
-1
285168.817674 546189.769984 616153.000000

The output code needs to read from and write to standard IO


[END PROBLEM]

INFO - [Task id] 1031 [prompt] 
## Instructions

Reason through the problem and:
1. Restate the problem in plain English
2. Conceptualize a solution first in plain English
3. Write a pseudocode solution
4. Output the final Python 3 solution with your solution steps in comments.

Make sure to wrap your code in '```python' and '```' Markdown delimiters, 
and include exactly one block of code with the entire solution.

No outside libraries are allowed.
Builtins are allowed.

INFO - [Task id] 1031 [generation text] ## Problem Restatement

We need to determine if there exists a right-angled triangle with a given hypotenuse length \( H \) and area \( S \). If such a triangle exists, we should output the lengths of its sides in non-decreasing order. If no such triangle can exist, we should output \(-1\).

## Conceptual Solution

1. **Understanding the Triangle Properties**:
   - For a right-angled triangle with sides \( a \), \( b \), and hypotenuse \( c \), the Pythagorean theorem states: \( a^2 + b^2 = c^2 \).
   - The area \( A \) of the triangle is given by: \( A = \frac{1}{2} \times a \times b \).

2. **Given Conditions**:
   - We are given \( c = H \) and \( A = S \).

3. **Formulate the Problem**:
   - From the area formula: \( a \times b = 2S \).
   - From the Pythagorean theorem: \( a^2 + b^2 = H^2 \).

4. **Solve for \( a \) and \( b \)**:
   - Express \( b \) in terms of \( a \) using the area equation: \( b = \frac{2S}{a} \).
   - Substitute \( b \) in the Pythagorean equation: \( a^2 + \left(\frac{2S}{a}\right)^2 = H^2 \).
   - Simplify and solve the resulting quadratic equation in terms of \( a^2 \).

5. **Check for Validity**:
   - Ensure that the discriminant of the quadratic equation is non-negative for real solutions.
   - Calculate \( a \) and \( b \) and check if they satisfy the triangle inequality and area conditions.

6. **Output**:
   - If valid \( a \) and \( b \) are found, output them along with \( H \) in sorted order.
   - If no valid solution exists, output \(-1\).

## Pseudocode

```
function find_triangle_sides(H, S):
    if 4 * S > H^2:
        return -1
    discriminant = H^4 - 16 * S^2
    if discriminant < 0:
        return -1
    a_squared = (H^2 + sqrt(discriminant)) / 2
    b_squared = (H^2 - sqrt(discriminant)) / 2
    if a_squared < 0 or b_squared < 0:
        return -1
    a = sqrt(a_squared)
    b = sqrt(b_squared)
    return sorted([a, b, H])

read T
for each test case:
    read H, S
    result = find_triangle_sides(H, S)
    print result
```

## Python Code

```python
import sys
import math

def find_triangle_sides(H, S):
    # Check if the area is too large for the given hypotenuse
    if 4 * S > H * H:
        return -1
    
    # Calculate the discriminant of the quadratic equation
    discriminant = H * H * H * H - 16 * S * S
    
    # If the discriminant is negative, no real solutions exist
    if discriminant < 0:
        return -1
    
    # Calculate a^2 and b^2 using the quadratic formula
    a_squared = (H * H + math.sqrt(discriminant)) / 2
    b_squared = (H * H - math.sqrt(discriminant)) / 2
    
    # If either a^2 or b^2 is negative, no valid triangle sides exist
    if a_squared < 0 or b_squared < 0:
        return -1
    
    # Calculate the actual side lengths
    a = math.sqrt(a_squared)
    b = math.sqrt(b_squared)
    
    # Return the sides sorted in non-decreasing order
    return f"{min(a, b):.5f} {max(a, b):.5f} {H:.5f}"

def main():
    input = sys.stdin.read
    data = input().split()
    T = int(data[0])
    index = 1
    results = []
    for _ in range(T):
        H = int(data[index])
        S = int(data[index + 1])
        index += 2
        result = find_triangle_sides(H, S)
        results.append(result)
    
    for result in results:
        print(result)

if __name__ == "__main__":
    main()
```
INFO - [35m Rollout attempt 1/4[0m
INFO - [33m Retrieving 1 entries for db: semantic 
 [0m
INFO - Retrieved (score=0.4857):
Title: Finding the nearest pair of points
Part: 1/3
# Finding the nearest pair of points

## Problem statement

Given $n$ points on the plane. Each point $p_i$ is defined by its coordinates $(x_i,y_i)$. It is required to find among them two such points, such that the distance between them is mini...


INFO - [33m Retrieving 1 entries for db: reflections 
 [0m
INFO - Retrieved (score=0.4267):
Reflecting on the problem-solving process for this task, I gained several insights that could be useful for future challenges:

1. **Understanding the Problem Constraints**: The key to solving this problem efficiently was recognizing that the task was essentially about finding perfect squares tha...


INFO - [33m Retrieving 1 entries for db: summaries 
 [0m
INFO - Retrieved (score=0.4280):
In this problem, the task was to find a permutation of numbers from 1 to N such that the sum of the maximum of each pair of consecutive elements equals a given integer K. The core concept was understanding the function f(P) and the constraints on its possible values.

### Key Concepts:
- **Functi...


INFO - [33m Retrieving 1 entries for db: skill 
 [0m
INFO - Retrieved (score=0.6304):

[description for function: count_col_triang]
The function takes a list of points, each associated with a color, and categorizes them by color. It then counts the number of non-collinear triangles that can be formed from points of the same color. For each color, it calculates the number of such t...


INFO - [33m Retrieving 1 entries for db: non_func 
 [0m
INFO - Retrieved (score=0.4961):

[description for function: solve]
The function reads input from standard input, which includes multiple test cases. For each test case, it first reads the number of walls and their respective heights, followed by the number of queries. For each query, it checks if the sum of the given coordinate...


INFO - Retrieved (score=0.4267): 
[Reflection]:
    Reflecting on the problem-solving process for this task, I gained several insights that could be useful for future challenges:

    1. **Understanding the Problem Constraints**: The key to solving this problem efficiently was recognizing that the task was essentially about find...
INFO - LM call n parse attempt 1 / 3

INFO - [Task id] 1031 [prompt] 
You are an expert programmer tasked with solving the problem below.

Follow the user's instructions to solve the problem.
The user can ask for analysis, code, or both.

## Instructions
When asked to output code,
- Make sure to wrap your code in '```python' and '```' Markdown delimiters, 
- include exactly one block of code with the entire solution
- No outside libraries are allowed. 
- Builtins are allowed.
- If the task specifies a function name to be used, follow it strictly (be case sensitive!) and declare the that function last (helper functions are declared first).
- DO NOT write any assert statements / tests.

## Problem
[BEGIN PROBLEM]
Chef taught his brother Chefu about right angled triangle and its properties. Chefu says that he has understood everything about right angled triangles. Chef wants to check learning of his brother by asking the following question "Can you find a right angled triangle whose length of hypotenuse  is H and its area is S?"
Chefu is confused how to solve it. I hope you are not. Please solve this by finding a right angled triangle with hypotenuse H and area S. If it not possible to do so, then output -1.

-----Input-----
The first line of the input contains a single integer T denoting the number of test-cases. T test cases follow.
For each test case, there will be a single line containing two space separated integers H and S.

-----Output-----
Output the answer for each test-case in a single line. If it is not possible to find such a triangle, output -1. Otherwise print 3 real numbers corresponding to the lengths of the sides of the triangle sorted in non-decreasing order. Please note that the length of the triangle sides should not differ by more than 0.01 in absolute value from the correct lengths.

-----Constraints-----
- 1 ≤ T ≤ 105
- 1 ≤ H ≤ 106
- 1 ≤ S ≤ 1012

-----Example-----
Input:4
5 6
6 10
258303 89837245228
616153 77878145466
Output:3.00000 4.00000 5.00000
-1
-1
285168.817674 546189.769984 616153.000000

The output code needs to read from and write to standard IO


[END PROBLEM]

INFO - [Task id] 1031 [prompt] 
## Instructions

Reason through the problem and:
1. Restate the problem in plain English
2. Conceptualize a solution first in plain English
3. Write a pseudocode solution
4. Output the final Python 3 solution with your solution steps in comments.

Make sure to wrap your code in '```python' and '```' Markdown delimiters, 
and include exactly one block of code with the entire solution.

No outside libraries are allowed.
Builtins are allowed.

INFO - [Task id] 1031 [prompt] 
Also, here are some of your memories.
Feel free to use the given information to aid your problem solving process if necessary.
Do not confuse the memories with the problem statement.

## Memories

[Reflection]:
    Reflecting on the problem-solving process for this task, I gained several insights that could be useful for future challenges:

    1. **Understanding the Problem Constraints**: The key to solving this problem efficiently was recognizing that the task was essentially about finding perfect squares that could be doubled to fit within the given `N`. This insight allowed for a more direct approach rather than iterating over all possible boxes.

    2. **Efficient Calculation**: The official solution leverages the mathematical property of perfect squares and uses integer division and square root calculations to directly compute the number of rooms that can be tiled. This approach is both time-efficient and straightforward, reducing the complexity from iterating over all numbers up to `N` to simply calculating the integer square root of `N/2`.

    3. **Simplifying the Problem**: By dividing `N` by 2 upfront, the problem is simplified to finding how many perfect squares exist up to `N/2`. This simplification is a powerful technique in problem-solving, where reducing the problem space can lead to more efficient solutions.

    4. **Python Built-ins**: The use of Python's built-in functions like `int()` for floor division and `**0.5` for square root calculations demonstrates the importance of understanding and utilizing language features to write concise and efficient code.

    Overall, the official solution provided a more elegant and efficient approach than my initial attempts, highlighting the importance of mathematical insights and simplification in algorithm design.
[/Reflection]


INFO - [Task id] 1031 [generation text] ## Problem Restatement

We need to determine if there exists a right-angled triangle with a given hypotenuse \( H \) and area \( S \). If such a triangle exists, we should output the lengths of its sides in non-decreasing order. If no such triangle exists, we should output -1.

## Conceptual Solution

1. **Understanding Triangle Properties**:
   - For a right-angled triangle with sides \( a \), \( b \), and hypotenuse \( c \), the Pythagorean theorem states: \( a^2 + b^2 = c^2 \).
   - The area \( A \) of the triangle is given by: \( A = \frac{1}{2} \times a \times b \).

2. **Given Conditions**:
   - We are given \( c = H \) and \( A = S \).

3. **Formulate the Problem**:
   - From the area formula: \( a \times b = 2S \).
   - From the Pythagorean theorem: \( a^2 + b^2 = H^2 \).

4. **Solve for \( a \) and \( b \)**:
   - Express \( b \) in terms of \( a \) using the area equation: \( b = \frac{2S}{a} \).
   - Substitute \( b \) in the Pythagorean equation: \( a^2 + \left(\frac{2S}{a}\right)^2 = H^2 \).
   - Simplify and solve the resulting quadratic equation in terms of \( a \).

5. **Check for Valid Solutions**:
   - Ensure that the solutions for \( a \) and \( b \) are real and positive.
   - If valid, output the sides in non-decreasing order. If not, output -1.

## Pseudocode

```
function find_triangle_sides(H, S):
    if 2 * S > H^2:
        return -1
    else:
        discriminant = H^4 - 16 * S^2
        if discriminant < 0:
            return -1
        else:
            a1 = (H^2 + sqrt(discriminant)) / 2
            a2 = (H^2 - sqrt(discriminant)) / 2
            if a1 > 0:
                a = sqrt(a1)
                b = 2 * S / a
                return sorted([a, b, H])
            elif a2 > 0:
                a = sqrt(a2)
                b = 2 * S / a
                return sorted([a, b, H])
            else:
                return -1

read T
for each test case:
    read H, S
    result = find_triangle_sides(H, S)
    print result
```

## Final Python Solution

```python
import sys
import math

def find_triangle_sides(H, S):
    if 2 * S > H * H:
        return -1
    else:
        discriminant = H * H * H * H - 16 * S * S
        if discriminant < 0:
            return -1
        else:
            sqrt_discriminant = math.sqrt(discriminant)
            a1 = (H * H + sqrt_discriminant) / 2
            a2 = (H * H - sqrt_discriminant) / 2
            if a1 > 0:
                a = math.sqrt(a1)
                b = 2 * S / a
                return sorted([a, b, H])
            elif a2 > 0:
                a = math.sqrt(a2)
                b = 2 * S / a
                return sorted([a, b, H])
            else:
                return -1

def main():
    input = sys.stdin.read
    data = input().split()
    T = int(data[0])
    index = 1
    results = []
    for _ in range(T):
        H = int(data[index])
        S = int(data[index + 1])
        index += 2
        result = find_triangle_sides(H, S)
        if result == -1:
            results.append("-1")
        else:
            results.append(f"{result[0]:.5f} {result[1]:.5f} {result[2]:.5f}")
    print("\n".join(results))

if __name__ == "__main__":
    main()
```

This solution reads input, processes each test case, and outputs the result for each case. It checks the feasibility of forming a triangle with the given hypotenuse and area, and calculates the side lengths if possible.
INFO - program_code:
 
import sys
import math

def find_triangle_sides(H, S):
    if 2 * S > H * H:
        return -1
    else:
        discriminant = H * H * H * H - 16 * S * S
        if discriminant < 0:
            return -1
        else:
            sqrt_discriminant = math.sqrt(discriminant)
            a1 = (H * H + sqrt_discriminant) / 2
            a2 = (H * H - sqrt_discriminant) / 2
            if a1 > 0:
                a = math.sqrt(a1)
                b = 2 * S / a
                return sorted([a, b, H])
            elif a2 > 0:
                a = math.sqrt(a2)
                b = 2 * S / a
                return sorted([a, b, H])
            else:
                return -1

def main():
    input = sys.stdin.read
    data = input().split()
    T = int(data[0])
    index = 1
    results = []
    for _ in range(T):
        H = int(data[index])
        S = int(data[index + 1])
        index += 2
        result = find_triangle_sides(H, S)
        if result == -1:
            results.append("-1")
        else:
            results.append(f"{result[0]:.5f} {result[1]:.5f} {result[2]:.5f}")
    print("\n".join(results))

if __name__ == "__main__":
    main()


INFO - program_name:
 main

INFO - dependencies:
 []

INFO - raw_msg:
 ## Problem Restatement

We need to determine if there exists a right-angled triangle with a given hypotenuse \( H \) and area \( S \). If such a triangle exists, we should output the lengths of its sides in non-decreasing order. If no such triangle exists, we should output -1.

## Conceptual Solution

1. **Understanding Triangle Properties**:
   - For a right-angled triangle with sides \( a \), \( b \), and hypotenuse \( c \), the Pythagorean theorem states: \( a^2 + b^2 = c^2 \).
   - The area \( A \) of the triangle is given by: \( A = \frac{1}{2} \times a \times b \).

2. **Given Conditions**:
   - We are given \( c = H \) and \( A = S \).

3. **Formulate the Problem**:
   - From the area formula: \( a \times b = 2S \).
   - From the Pythagorean theorem: \( a^2 + b^2 = H^2 \).

4. **Solve for \( a \) and \( b \)**:
   - Express \( b \) in terms of \( a \) using the area equation: \( b = \frac{2S}{a} \).
   - Substitute \( b \) in the Pythagorean equation: \( a^2 + \left(\frac{2S}{a}\right)^2 = H^2 \).
   - Simplify and solve the resulting quadratic equation in terms of \( a \).

5. **Check for Valid Solutions**:
   - Ensure that the solutions for \( a \) and \( b \) are real and positive.
   - If valid, output the sides in non-decreasing order. If not, output -1.

## Pseudocode

```
function find_triangle_sides(H, S):
    if 2 * S > H^2:
        return -1
    else:
        discriminant = H^4 - 16 * S^2
        if discriminant < 0:
            return -1
        else:
            a1 = (H^2 + sqrt(discriminant)) / 2
            a2 = (H^2 - sqrt(discriminant)) / 2
            if a1 > 0:
                a = sqrt(a1)
                b = 2 * S / a
                return sorted([a, b, H])
            elif a2 > 0:
                a = sqrt(a2)
                b = 2 * S / a
                return sorted([a, b, H])
            else:
                return -1

read T
for each test case:
    read H, S
    result = find_triangle_sides(H, S)
    print result
```

## Final Python Solution

```python
import sys
import math

def find_triangle_sides(H, S):
    if 2 * S > H * H:
        return -1
    else:
        discriminant = H * H * H * H - 16 * S * S
        if discriminant < 0:
            return -1
        else:
            sqrt_discriminant = math.sqrt(discriminant)
            a1 = (H * H + sqrt_discriminant) / 2
            a2 = (H * H - sqrt_discriminant) / 2
            if a1 > 0:
                a = math.sqrt(a1)
                b = 2 * S / a
                return sorted([a, b, H])
            elif a2 > 0:
                a = math.sqrt(a2)
                b = 2 * S / a
                return sorted([a, b, H])
            else:
                return -1

def main():
    input = sys.stdin.read
    data = input().split()
    T = int(data[0])
    index = 1
    results = []
    for _ in range(T):
        H = int(data[index])
        S = int(data[index + 1])
        index += 2
        result = find_triangle_sides(H, S)
        if result == -1:
            results.append("-1")
        else:
            results.append(f"{result[0]:.5f} {result[1]:.5f} {result[2]:.5f}")
    print("\n".join(results))

if __name__ == "__main__":
    main()
```

This solution reads input, processes each test case, and outputs the result for each case. It checks the feasibility of forming a triangle with the given hypotenuse and area, and calculates the side lengths if possible.

INFO - no_parent:
 False

INFO - full code to be executed: 
 
import sys
import math

def find_triangle_sides(H, S):
    if 2 * S > H * H:
        return -1
    else:
        discriminant = H * H * H * H - 16 * S * S
        if discriminant < 0:
            return -1
        else:
            sqrt_discriminant = math.sqrt(discriminant)
            a1 = (H * H + sqrt_discriminant) / 2
            a2 = (H * H - sqrt_discriminant) / 2
            if a1 > 0:
                a = math.sqrt(a1)
                b = 2 * S / a
                return sorted([a, b, H])
            elif a2 > 0:
                a = math.sqrt(a2)
                b = 2 * S / a
                return sorted([a, b, H])
            else:
                return -1

def main():
    input = sys.stdin.read
    data = input().split()
    T = int(data[0])
    index = 1
    results = []
    for _ in range(T):
        H = int(data[index])
        S = int(data[index + 1])
        index += 2
        result = find_triangle_sides(H, S)
        if result == -1:
            results.append("-1")
        else:
            results.append(f"{result[0]:.5f} {result[1]:.5f} {result[2]:.5f}")
    print("\n".join(results))

if __name__ == "__main__":
    main()


INFO - obs: Note: Inputs/outputs here are automatically extracted/truncated so formatting may be a bit off.
Tests passed:

 Input: ['4', '5 6', '6 10', '258303 89837245228', '616153 77878145466'] Output: [{'5.00000', '3.00000', '4.00000'}, {'-1'}, {'-1'}, {'616153.000000', '285168.817674', '546189.769984'}]

Tests failed:
None
reward: True
done: None
info: {'individual_results': [True]}
INFO - LM call n parse attempt 1 / 3

INFO - [Task id] 1031 [prompt] 
You are an expert programmer tasked with solving the problem below.

Follow the user's instructions to solve the problem.
The user can ask for analysis, code, or both.

## Instructions
When asked to output code,
- Make sure to wrap your code in '```python' and '```' Markdown delimiters, 
- include exactly one block of code with the entire solution
- No outside libraries are allowed. 
- Builtins are allowed.
- If the task specifies a function name to be used, follow it strictly (be case sensitive!) and declare the that function last (helper functions are declared first).
- DO NOT write any assert statements / tests.

## Problem
[BEGIN PROBLEM]
Chef taught his brother Chefu about right angled triangle and its properties. Chefu says that he has understood everything about right angled triangles. Chef wants to check learning of his brother by asking the following question "Can you find a right angled triangle whose length of hypotenuse  is H and its area is S?"
Chefu is confused how to solve it. I hope you are not. Please solve this by finding a right angled triangle with hypotenuse H and area S. If it not possible to do so, then output -1.

-----Input-----
The first line of the input contains a single integer T denoting the number of test-cases. T test cases follow.
For each test case, there will be a single line containing two space separated integers H and S.

-----Output-----
Output the answer for each test-case in a single line. If it is not possible to find such a triangle, output -1. Otherwise print 3 real numbers corresponding to the lengths of the sides of the triangle sorted in non-decreasing order. Please note that the length of the triangle sides should not differ by more than 0.01 in absolute value from the correct lengths.

-----Constraints-----
- 1 ≤ T ≤ 105
- 1 ≤ H ≤ 106
- 1 ≤ S ≤ 1012

-----Example-----
Input:4
5 6
6 10
258303 89837245228
616153 77878145466
Output:3.00000 4.00000 5.00000
-1
-1
285168.817674 546189.769984 616153.000000

The output code needs to read from and write to standard IO


[END PROBLEM]

INFO - [Task id] 1031 [prompt] 
## Instructions

Reason through the problem and:
1. Restate the problem in plain English
2. Conceptualize a solution first in plain English
3. Write a pseudocode solution
4. Output the final Python 3 solution with your solution steps in comments.

Make sure to wrap your code in '```python' and '```' Markdown delimiters, 
and include exactly one block of code with the entire solution.

No outside libraries are allowed.
Builtins are allowed.

INFO - [Task id] 1031 [prompt] ## Problem Restatement

We need to determine if there exists a right-angled triangle with a given hypotenuse \( H \) and area \( S \). If such a triangle exists, we should output the lengths of its sides in non-decreasing order. If no such triangle exists, we should output -1.

## Conceptual Solution

1. **Understanding Triangle Properties**:
   - For a right-angled triangle with sides \( a \), \( b \), and hypotenuse \( c \), the Pythagorean theorem states: \( a^2 + b^2 = c^2 \).
   - The area \( A \) of the triangle is given by: \( A = \frac{1}{2} \times a \times b \).

2. **Given Conditions**:
   - We are given \( c = H \) and \( A = S \).

3. **Formulate the Problem**:
   - From the area formula: \( a \times b = 2S \).
   - From the Pythagorean theorem: \( a^2 + b^2 = H^2 \).

4. **Solve for \( a \) and \( b \)**:
   - Express \( b \) in terms of \( a \) using the area equation: \( b = \frac{2S}{a} \).
   - Substitute \( b \) in the Pythagorean equation: \( a^2 + \left(\frac{2S}{a}\right)^2 = H^2 \).
   - Simplify and solve the resulting quadratic equation in terms of \( a \).

5. **Check for Valid Solutions**:
   - Ensure that the solutions for \( a \) and \( b \) are real and positive.
   - If valid, output the sides in non-decreasing order. If not, output -1.

## Pseudocode

```
function find_triangle_sides(H, S):
    if 2 * S > H^2:
        return -1
    else:
        discriminant = H^4 - 16 * S^2
        if discriminant < 0:
            return -1
        else:
            a1 = (H^2 + sqrt(discriminant)) / 2
            a2 = (H^2 - sqrt(discriminant)) / 2
            if a1 > 0:
                a = sqrt(a1)
                b = 2 * S / a
                return sorted([a, b, H])
            elif a2 > 0:
                a = sqrt(a2)
                b = 2 * S / a
                return sorted([a, b, H])
            else:
                return -1

read T
for each test case:
    read H, S
    result = find_triangle_sides(H, S)
    print result
```

## Final Python Solution

```python
import sys
import math

def find_triangle_sides(H, S):
    if 2 * S > H * H:
        return -1
    else:
        discriminant = H * H * H * H - 16 * S * S
        if discriminant < 0:
            return -1
        else:
            sqrt_discriminant = math.sqrt(discriminant)
            a1 = (H * H + sqrt_discriminant) / 2
            a2 = (H * H - sqrt_discriminant) / 2
            if a1 > 0:
                a = math.sqrt(a1)
                b = 2 * S / a
                return sorted([a, b, H])
            elif a2 > 0:
                a = math.sqrt(a2)
                b = 2 * S / a
                return sorted([a, b, H])
            else:
                return -1

def main():
    input = sys.stdin.read
    data = input().split()
    T = int(data[0])
    index = 1
    results = []
    for _ in range(T):
        H = int(data[index])
        S = int(data[index + 1])
        index += 2
        result = find_triangle_sides(H, S)
        if result == -1:
            results.append("-1")
        else:
            results.append(f"{result[0]:.5f} {result[1]:.5f} {result[2]:.5f}")
    print("\n".join(results))

if __name__ == "__main__":
    main()
```

This solution reads input, processes each test case, and outputs the result for each case. It checks the feasibility of forming a triangle with the given hypotenuse and area, and calculates the side lengths if possible.
INFO - [Task id] 1031 [prompt] 
[Environment Feedback]:
    Note: Inputs/outputs here are automatically extracted/truncated so formatting may be a bit off.
    Tests passed:

     Input: ['4', '5 6', '6 10', '258303 89837245228', '616153 77878145466'] Output: [{'5.00000', '3.00000', '4.00000'}, {'-1'}, {'-1'}, {'616153.000000', '285168.817674', '546189.769984'}]

    Tests failed:
    None
[/Environment Feedback]

INFO - [Task id] 1031 [prompt] 
## Instructions
Now, summarize your attempts as a **standalone** document for your own future reference. (can skip formalities, be concise)

- Only include the most relevant information and code snippets that could be useful in the future.
- If you did not learn much from the current experience (e.g. the problem was too easy), feel free to write less or nothing at all.
- Here are some ideas if the experience was useful:
    - Identifying the core concepts and patterns that problem appears to test for
    - Describing the strategies that seemed to work but did not, and vice versa
    - Describing unexpected errors and how they were fixed

Your summary should be at most a few paragraphs.

INFO - [Task id] 1031 [generation text] In this problem, the task was to determine if a right-angled triangle with a given hypotenuse \( H \) and area \( S \) could exist, and if so, to find the side lengths. The core concepts involved understanding the properties of right-angled triangles, specifically the Pythagorean theorem and the formula for the area of a triangle.

The main challenge was to derive a mathematical approach to solve for the side lengths \( a \) and \( b \) using the given \( H \) and \( S \). By expressing \( b \) in terms of \( a \) using the area formula and substituting into the Pythagorean theorem, we derived a quadratic equation. Solving this equation allowed us to check for real and positive solutions for \( a \) and \( b \).

A key insight was recognizing that the discriminant of the quadratic equation must be non-negative for real solutions to exist. Additionally, ensuring that the calculated side lengths are positive and sorting them in non-decreasing order was crucial for correct output formatting.

The solution involved careful handling of mathematical operations, especially square roots and divisions, to avoid errors due to negative values or division by zero. The implementation was efficient enough to handle the upper constraints, processing up to \( 10^5 \) test cases with large values for \( H \) and \( S \). This problem reinforced the importance of mathematical reasoning in algorithm design and the need for precision in floating-point calculations.
INFO - LM call n parse attempt 1 / 3

INFO - [Task id] 1031 [prompt] 
You are an expert programmer tasked with solving the problem below.

Follow the user's instructions to solve the problem.
The user can ask for analysis, code, or both.

## Instructions
When asked to output code,
- Make sure to wrap your code in '```python' and '```' Markdown delimiters, 
- include exactly one block of code with the entire solution
- No outside libraries are allowed. 
- Builtins are allowed.
- If the task specifies a function name to be used, follow it strictly (be case sensitive!) and declare the that function last (helper functions are declared first).
- DO NOT write any assert statements / tests.

## Problem
[BEGIN PROBLEM]
Chef taught his brother Chefu about right angled triangle and its properties. Chefu says that he has understood everything about right angled triangles. Chef wants to check learning of his brother by asking the following question "Can you find a right angled triangle whose length of hypotenuse  is H and its area is S?"
Chefu is confused how to solve it. I hope you are not. Please solve this by finding a right angled triangle with hypotenuse H and area S. If it not possible to do so, then output -1.

-----Input-----
The first line of the input contains a single integer T denoting the number of test-cases. T test cases follow.
For each test case, there will be a single line containing two space separated integers H and S.

-----Output-----
Output the answer for each test-case in a single line. If it is not possible to find such a triangle, output -1. Otherwise print 3 real numbers corresponding to the lengths of the sides of the triangle sorted in non-decreasing order. Please note that the length of the triangle sides should not differ by more than 0.01 in absolute value from the correct lengths.

-----Constraints-----
- 1 ≤ T ≤ 105
- 1 ≤ H ≤ 106
- 1 ≤ S ≤ 1012

-----Example-----
Input:4
5 6
6 10
258303 89837245228
616153 77878145466
Output:3.00000 4.00000 5.00000
-1
-1
285168.817674 546189.769984 616153.000000

The output code needs to read from and write to standard IO


[END PROBLEM]

INFO - [Task id] 1031 [prompt] 
## Instructions

Reason through the problem and:
1. Restate the problem in plain English
2. Conceptualize a solution first in plain English
3. Write a pseudocode solution
4. Output the final Python 3 solution with your solution steps in comments.

Make sure to wrap your code in '```python' and '```' Markdown delimiters, 
and include exactly one block of code with the entire solution.

No outside libraries are allowed.
Builtins are allowed.

INFO - [Task id] 1031 [prompt] ## Problem Restatement

We need to determine if there exists a right-angled triangle with a given hypotenuse \( H \) and area \( S \). If such a triangle exists, we should output the lengths of its sides in non-decreasing order. If no such triangle exists, we should output -1.

## Conceptual Solution

1. **Understanding Triangle Properties**:
   - For a right-angled triangle with sides \( a \), \( b \), and hypotenuse \( c \), the Pythagorean theorem states: \( a^2 + b^2 = c^2 \).
   - The area \( A \) of the triangle is given by: \( A = \frac{1}{2} \times a \times b \).

2. **Given Conditions**:
   - We are given \( c = H \) and \( A = S \).

3. **Formulate the Problem**:
   - From the area formula: \( a \times b = 2S \).
   - From the Pythagorean theorem: \( a^2 + b^2 = H^2 \).

4. **Solve for \( a \) and \( b \)**:
   - Express \( b \) in terms of \( a \) using the area equation: \( b = \frac{2S}{a} \).
   - Substitute \( b \) in the Pythagorean equation: \( a^2 + \left(\frac{2S}{a}\right)^2 = H^2 \).
   - Simplify and solve the resulting quadratic equation in terms of \( a \).

5. **Check for Valid Solutions**:
   - Ensure that the solutions for \( a \) and \( b \) are real and positive.
   - If valid, output the sides in non-decreasing order. If not, output -1.

## Pseudocode

```
function find_triangle_sides(H, S):
    if 2 * S > H^2:
        return -1
    else:
        discriminant = H^4 - 16 * S^2
        if discriminant < 0:
            return -1
        else:
            a1 = (H^2 + sqrt(discriminant)) / 2
            a2 = (H^2 - sqrt(discriminant)) / 2
            if a1 > 0:
                a = sqrt(a1)
                b = 2 * S / a
                return sorted([a, b, H])
            elif a2 > 0:
                a = sqrt(a2)
                b = 2 * S / a
                return sorted([a, b, H])
            else:
                return -1

read T
for each test case:
    read H, S
    result = find_triangle_sides(H, S)
    print result
```

## Final Python Solution

```python
import sys
import math

def find_triangle_sides(H, S):
    if 2 * S > H * H:
        return -1
    else:
        discriminant = H * H * H * H - 16 * S * S
        if discriminant < 0:
            return -1
        else:
            sqrt_discriminant = math.sqrt(discriminant)
            a1 = (H * H + sqrt_discriminant) / 2
            a2 = (H * H - sqrt_discriminant) / 2
            if a1 > 0:
                a = math.sqrt(a1)
                b = 2 * S / a
                return sorted([a, b, H])
            elif a2 > 0:
                a = math.sqrt(a2)
                b = 2 * S / a
                return sorted([a, b, H])
            else:
                return -1

def main():
    input = sys.stdin.read
    data = input().split()
    T = int(data[0])
    index = 1
    results = []
    for _ in range(T):
        H = int(data[index])
        S = int(data[index + 1])
        index += 2
        result = find_triangle_sides(H, S)
        if result == -1:
            results.append("-1")
        else:
            results.append(f"{result[0]:.5f} {result[1]:.5f} {result[2]:.5f}")
    print("\n".join(results))

if __name__ == "__main__":
    main()
```

This solution reads input, processes each test case, and outputs the result for each case. It checks the feasibility of forming a triangle with the given hypotenuse and area, and calculates the side lengths if possible.
INFO - [Task id] 1031 [prompt] 
[Environment Feedback]:
    Note: Inputs/outputs here are automatically extracted/truncated so formatting may be a bit off.
    Tests passed:

     Input: ['4', '5 6', '6 10', '258303 89837245228', '616153 77878145466'] Output: [{'5.00000', '3.00000', '4.00000'}, {'-1'}, {'-1'}, {'616153.000000', '285168.817674', '546189.769984'}]

    Tests failed:
    None
[/Environment Feedback]

INFO - [Task id] 1031 [prompt] 
Below is the official solution (do exercise discretion as official solutions can also have mistakes).

You will be reflecting on your attempts to solve the problem.
This will be a **standalone** document for your own future reference. (can skip formalities, be concise)

## Instructions
- Only include the most relevant insights and code snippets that could be useful in the future.
- If you did not learn much from the current experience (e.g. the problem was too easy / official solution was obvious), feel free to write less or nothing at all.
- Here are some ideas if the experience was useful:
    - If the official solution is insightful (e.g. better than yours in time and space complexity or more effective in breaking down the problem statement), distil the key approach of the official solution, step by step.
    - If your approach failed the test cases, reason why the official solution works but yours does not

Your reflection should be at most a few paragraphs.

## Official solution
import math
t = eval(input())
while(t > 0):
 h,s = input().split()
 h = int(h)
 s = int(s)
 if(((h*h*h*h) - (16*s*s)) < 0):
  print("-1")
 else:
  B = (math.sqrt((h*h) + math.sqrt((h*h*h*h) - (16*s*s))))/math.sqrt(2)
  P = (2*s)/B
  if(B > P):
   print('{0:.6f}'.format(P),'{0:.6f}'.format(B),'{0:.6f}'.format(h))
  else:
   print('{0:.6f}'.format(B),'{0:.6f}'.format(P),'{0:.6f}'.format(h))
 t = t-1

INFO - [Task id] 1031 [generation text] Reflecting on the problem-solving process for finding a right-angled triangle with a given hypotenuse and area, the approach I took was quite similar to the official solution, and both were successful in passing the test cases. Here are some key insights and takeaways from the experience:

1. **Mathematical Formulation**:
   - Both solutions correctly identified the need to use the Pythagorean theorem and the area formula to derive a quadratic equation. This was crucial in determining the feasibility of forming a triangle with the given parameters.

2. **Handling the Discriminant**:
   - The discriminant of the quadratic equation was used to check if real solutions exist. If the discriminant is negative, it indicates that no real triangle can be formed, which both solutions handled by returning -1.

3. **Calculation of Sides**:
   - The official solution directly calculates the base \( B \) and perpendicular \( P \) using the derived formulas, ensuring that the sides are calculated accurately. My solution also followed a similar approach but included additional steps to ensure the sides are sorted in non-decreasing order.

4. **Precision and Output Formatting**:
   - Both solutions ensure that the output is formatted to a specific precision, which is important for meeting the problem's requirements.

5. **Efficiency**:
   - Both solutions are efficient in terms of time complexity, as they involve basic arithmetic operations and square root calculations, which are manageable even for the upper constraint limits.

Overall, the problem reinforced the importance of translating mathematical equations into code and handling edge cases, such as when no valid triangle can be formed. The official solution was concise and effective, and my approach aligned well with it, confirming the correctness of the mathematical reasoning and implementation.
INFO - Updated entry: In this problem, the task was to determine if a right-angled triangle with a given hypotenuse \( H \) and area \( S \) could exist, and if so, to find the side lengths. The core concepts involved understanding the properties of right-angled triangles, specifically the Pythagorean theorem and the ...,

INFO - Metadata: {
    "task_id": 1031
}

INFO - Updated entry: Reflecting on the problem-solving process for finding a right-angled triangle with a given hypotenuse and area, the approach I took was quite similar to the official solution, and both were successful in passing the test cases. Here are some key insights and takeaways from the experience:

1. **M...,

INFO - Metadata: {
    "task_id": 1031
}

INFO - LM call n parse attempt 1 / 3

INFO - [Task id] 1031 [prompt] 
You are a helpful assistant that writes a description of the given function written in the Python programming language.

1) Do not mention the function name.
2) Do not mention anything about helper functions.
3) There might be some helper functions before the main function, but you only need to describe the main function.
4) Try to summarize the function in no more than 6 sentences.
5) Your response should be a single line of text.

INFO - [Task id] 1031 [prompt] 
import sys
import math

def find_triangle_sides(H, S):
    if 2 * S > H * H:
        return -1
    else:
        discriminant = H * H * H * H - 16 * S * S
        if discriminant < 0:
            return -1
        else:
            sqrt_discriminant = math.sqrt(discriminant)
            a1 = (H * H + sqrt_discriminant) / 2
            a2 = (H * H - sqrt_discriminant) / 2
            if a1 > 0:
                a = math.sqrt(a1)
                b = 2 * S / a
                return sorted([a, b, H])
            elif a2 > 0:
                a = math.sqrt(a2)
                b = 2 * S / a
                return sorted([a, b, H])
            else:
                return -1

def main():
    input = sys.stdin.read
    data = input().split()
    T = int(data[0])
    index = 1
    results = []
    for _ in range(T):
        H = int(data[index])
        S = int(data[index + 1])
        index += 2
        result = find_triangle_sides(H, S)
        if result == -1:
            results.append("-1")
        else:
            results.append(f"{result[0]:.5f} {result[1]:.5f} {result[2]:.5f}")
    print("\n".join(results))

if __name__ == "__main__":
    main()


The main function is `main`.
INFO - [Task id] 1031 [generation text] The function reads input data from standard input, which includes a number of test cases, and for each test case, it reads two integers representing the height and area of a triangle. It then calculates the possible side lengths of the triangle using another function and checks if a valid triangle can be formed. If a valid triangle is found, it formats the side lengths to five decimal places and stores them; otherwise, it stores "-1" to indicate an invalid triangle. Finally, it prints the results for all test cases, each on a new line.
INFO - LM call n parse attempt 1 / 3

INFO - [Task id] 1031 [prompt] 
You are a helpful assistant that extracts important information from problems and solutions to aid in searchability and education.

## Instructions
- Read through the problem and solution carefully.
- Reason out, step by step, in what scenarios this knowledge would be useful.
- Focus on general patterns and situations to help connect this knowledge to new situations.
- Then, include a list of keywords that are useful for searching this problem/solution pair.

## Response format
Respond in JSON, and follow the keys and expected format of the values strictly.

The output should be formatted as a JSON instance that conforms to the JSON schema below.

As an example, for the schema {"properties": {"foo": {"title": "Foo", "description": "a list of strings", "type": "array", "items": {"type": "string"}}}, "required": ["foo"]}
the object {"foo": ["bar", "baz"]} is a well-formatted instance of the schema. The object {"properties": {"foo": ["bar", "baz"]}} is not well-formatted.

Here is the output schema:
```
{"properties": {"scenarios": {"description": "In what scenarios will this knowledge be useful? Answer in a paragraph.", "title": "Scenarios", "type": "string"}, "keywords": {"description": "List of keywords that are useful for searching this problem/solution pair", "items": {"type": "string"}, "title": "Keywords", "type": "array"}}, "required": ["scenarios", "keywords"]}
```

INFO - [Task id] 1031 [prompt] 
[Problem]
    Chef taught his brother Chefu about right angled triangle and its properties. Chefu says that he has understood everything about right angled triangles. Chef wants to check learning of his brother by asking the following question "Can you find a right angled triangle whose length of hypotenuse  is H and its area is S?"
    Chefu is confused how to solve it. I hope you are not. Please solve this by finding a right angled triangle with hypotenuse H and area S. If it not possible to do so, then output -1.

    -----Input-----
    The first line of the input contains a single integer T denoting the number of test-cases. T test cases follow.
    For each test case, there will be a single line containing two space separated integers H and S.

    -----Output-----
    Output the answer for each test-case in a single line. If it is not possible to find such a triangle, output -1. Otherwise print 3 real numbers corresponding to the lengths of the sides of the triangle sorted in non-decreasing order. Please note that the length of the triangle sides should not differ by more than 0.01 in absolute value from the correct lengths.

    -----Constraints-----
    - 1 ≤ T ≤ 105
    - 1 ≤ H ≤ 106
    - 1 ≤ S ≤ 1012

    -----Example-----
    Input:4
    5 6
    6 10
    258303 89837245228
    616153 77878145466
    Output:3.00000 4.00000 5.00000
    -1
    -1
    285168.817674 546189.769984 616153.000000
[/Problem]

[Solution]

    import sys
    import math

    def find_triangle_sides(H, S):
        if 2 * S > H * H:
            return -1
        else:
            discriminant = H * H * H * H - 16 * S * S
            if discriminant < 0:
                return -1
            else:
                sqrt_discriminant = math.sqrt(discriminant)
                a1 = (H * H + sqrt_discriminant) / 2
                a2 = (H * H - sqrt_discriminant) / 2
                if a1 > 0:
                    a = math.sqrt(a1)
                    b = 2 * S / a
                    return sorted([a, b, H])
                elif a2 > 0:
                    a = math.sqrt(a2)
                    b = 2 * S / a
                    return sorted([a, b, H])
                else:
                    return -1

    def main():
        input = sys.stdin.read
        data = input().split()
        T = int(data[0])
        index = 1
        results = []
        for _ in range(T):
            H = int(data[index])
            S = int(data[index + 1])
            index += 2
            result = find_triangle_sides(H, S)
            if result == -1:
                results.append("-1")
            else:
                results.append(f"{result[0]:.5f} {result[1]:.5f} {result[2]:.5f}")
        print("\n".join(results))

    if __name__ == "__main__":
        main()

[/Solution]

INFO - [Task id] 1031 [generation text] 
INFO - {
    "scenarios": "This knowledge is useful in scenarios where one needs to determine the feasibility of constructing a right-angled triangle given specific constraints on the hypotenuse and area. This can be applied in geometry problems, computer graphics, and design where specific triangle dimensions are required. It is also useful in educational settings to test understanding of the Pythagorean theorem and properties of triangles. Additionally, this solution can be adapted to solve similar problems where constraints are given on other properties of geometric shapes.",
    "keywords": [
        "right-angled triangle",
        "hypotenuse",
        "area",
        "triangle properties",
        "geometry",
        "Pythagorean theorem",
        "triangle feasibility",
        "geometric constraints",
        "mathematical problem solving"
    ]
}
INFO - {
    "scenarios": "This knowledge is useful in scenarios where one needs to determine the feasibility of constructing a right-angled triangle given specific constraints on the hypotenuse and area. This can be applied in geometry problems, computer graphics, and design where specific triangle dimensions are required. It is also useful in educational settings to test understanding of the Pythagorean theorem and properties of triangles. Additionally, this solution can be adapted to solve similar problems where constraints are given on other properties of geometric shapes.",
    "keywords": [
        "right-angled triangle",
        "hypotenuse",
        "area",
        "triangle properties",
        "geometry",
        "Pythagorean theorem",
        "triangle feasibility",
        "geometric constraints",
        "mathematical problem solving"
    ]
}
INFO - Updated entry: 
[description for function: main]
The function reads input data from standard input, which includes a number of test cases, and for each test case, it reads two integers representing the height and area of a triangle. It then calculates the possible side lengths of the triangle using another func...,

INFO - Metadata: {
    "task": 1031,
    "code": "\nimport sys\nimport math\n\ndef find_triangle_sides(H, S):\n    if 2 * S > H * H:\n        return -1\n    else:\n        discriminant = H * H * H * H - 16 * S * S\n        if discriminant < 0:\n            return -1\n        else:\n            sqrt_discriminant =...

