INFO - DB skill doc count: 0

INFO - DB non_func doc count: 49

INFO - DB semantic doc count: 429

INFO - DB summaries doc count: 59

INFO - DB reflections doc count: 59

INFO - DB episodic doc count: 116

INFO - [train iter]: 59/100 

INFO - The task prompt is Yesterday, Chef found $K$ empty boxes in the cooler and decided to fill them with apples. He ordered $N$ apples, where $N$ is a multiple of $K$. Now, he just needs to hire someone who will distribute the apples into the boxes with professional passion. 
Only two candidates passed all the intervie...

INFO - Attempting task_id 743
INFO - LM call n parse attempt 1 / 3

INFO - [Task id] 743 [prompt] 
You are an expert programmer tasked with solving the problem below.

Follow the user's instructions to solve the problem.
The user can ask for analysis, code, or both.

## Instructions
When asked to output code,
- Make sure to wrap your code in '```python' and '```' Markdown delimiters, 
- include exactly one block of code with the entire solution
- No outside libraries are allowed. 
- Builtins are allowed.
- If the task specifies a function name to be used, follow it strictly (be case sensitive!) and declare the that function last (helper functions are declared first).
- DO NOT write any assert statements / tests.

## Problem
[BEGIN PROBLEM]
Yesterday, Chef found $K$ empty boxes in the cooler and decided to fill them with apples. He ordered $N$ apples, where $N$ is a multiple of $K$. Now, he just needs to hire someone who will distribute the apples into the boxes with professional passion. 
Only two candidates passed all the interviews for the box filling job. In one minute, each candidate can put $K$ apples into boxes, but they do it in different ways: the first candidate puts exactly one apple in each box, while the second one chooses a random box with the smallest number of apples and puts $K$ apples in it.
Chef is wondering if the final distribution of apples can even depend on which candidate he hires. Can you answer that question?
Note: The boxes are distinguishable (labeled), while the apples are not. Therefore, two distributions of apples are different if there is a box such that the number of apples in it when the first candidate finishes working can be different from the number of apples in it when the second candidate finishes working.

-----Input-----
- The first line of the input contains a single integer $T$ denoting the number of test cases. The description of $T$ test cases follows.
- The first and only line of each test case contains two space-separated integers $N$ and $K$. 

-----Output-----
For each test case, print a single line containing the string "YES" if the final distributions of apples can be different or "NO" if they will be the same (without quotes).

-----Constraints-----
- $1 \le T \le 250$
- $1 \le N, K \le 10^{18}$
- $N$ is divisible by $K$

-----Subtasks-----
Subtask #1 (30 points): $1 \le N, K \le 10^5$
Subtask #2 (70 points): original constraints

-----Example Input-----
3
5 1
4 2
10 10

-----Example Output-----
NO
NO
YES

-----Explanation-----
Example case 1: No matter who is hired, all apples will be in the only box at the end.
Example case 2: At the end, there will be two apples in each box.
Example case 3: If we hire the first candidate, there will be one apple in each box, but if we hire the second one, there will be $10$ apples in one box and none in all other boxes.

The output code needs to read from and write to standard IO


[END PROBLEM]

INFO - [Task id] 743 [prompt] 
## Instructions

Reason through the problem and:
1. Restate the problem in plain English
2. Conceptualize a solution first in plain English
3. Write a pseudocode solution
4. Output the final Python 3 solution with your solution steps in comments.

Make sure to wrap your code in '```python' and '```' Markdown delimiters, 
and include exactly one block of code with the entire solution.

No outside libraries are allowed.
Builtins are allowed.

INFO - [Task id] 743 [generation text] ### Problem Restatement

Chef has two candidates to distribute apples into boxes. Each candidate can distribute apples in a different way:
- The first candidate distributes apples evenly, putting one apple in each box until all apples are distributed.
- The second candidate puts all apples into the box with the fewest apples.

Given the number of apples \( N \) and the number of boxes \( K \), determine if the final distribution of apples can be different depending on which candidate is hired.

### Conceptual Solution

1. **Understand the Distribution**:
   - The first candidate will always distribute apples evenly across all boxes. If \( N \) is divisible by \( K \), each box will have \( \frac{N}{K} \) apples.
   - The second candidate will put all \( K \) apples into one box at a time. This means that after \( \frac{N}{K} \) operations, one box will have all \( N \) apples, and the rest will have none.

2. **Determine the Difference**:
   - If \( K = 1 \), there's only one box, so both candidates will result in the same distribution.
   - If \( K > 1 \), the first candidate will distribute apples evenly, while the second candidate will concentrate all apples in one box. Thus, the distributions will be different.

3. **Conclusion**:
   - If \( K = 1 \), output "NO".
   - If \( K > 1 \), output "YES".

### Pseudocode

```
function determine_distribution_difference(T, test_cases):
    for each test_case in test_cases:
        N, K = test_case
        if K == 1:
            print "NO"
        else:
            print "YES"
```

### Final Python Solution

```python
def determine_distribution_difference(T, test_cases):
    # Iterate over each test case
    for N, K in test_cases:
        # If there is only one box, both candidates will result in the same distribution
        if K == 1:
            print("NO")
        else:
            # If there are more than one box, the distributions will be different
            print("YES")

# Read input
import sys
input = sys.stdin.read
data = input().split()

# First value is the number of test cases
T = int(data[0])

# Prepare the test cases
test_cases = []
index = 1
for _ in range(T):
    N = int(data[index])
    K = int(data[index + 1])
    test_cases.append((N, K))
    index += 2

# Determine the distribution difference for each test case
determine_distribution_difference(T, test_cases)
```

This solution reads input, processes each test case, and determines if the distribution of apples can be different based on the candidate hired. The logic is straightforward: if there is more than one box, the distributions will differ.
INFO - [35m Rollout attempt 1/4[0m
INFO - [33m Retrieving 1 entries for db: episodic 
 [0m
INFO - Retrieved (score=0.3528):

[Task]:
    Salmon loves to be a tidy person. One day, when he looked at the mess that he made after playing with his rubber ducks, he felt awful. Now he wants to clean up his mess, by placing his ducks into boxes.
    Each rubber duck has a color. There are a total of $N+1$ colors, numbered fro...


INFO - [33m Retrieving 1 entries for db: semantic 
 [0m
INFO - Retrieved (score=0.4837):
Title: 15 Puzzle Game: Existence Of The Solution
Part: 1/1
# 15 Puzzle Game: Existence Of The Solution

This game is played on a $4 \times 4$ board. On this board there are $15$ playing tiles numbered from 1 to 15. One cell is left empty (denoted by 0). You need to get the board to the position p...


INFO - [33m Retrieving 1 entries for db: reflections 
 [0m
INFO - Retrieved (score=0.4031):
In this exercise, the problem was to determine the maximum number of Division-3 contests Chef can host given a set of constraints. The task involved reading input, calculating the number of possible contests, and ensuring the output was correctly formatted.

### Key Insights:

1. **Input Handling...


INFO - [33m Retrieving 1 entries for db: summaries 
 [0m
INFO - Retrieved (score=0.3536):
### Summary of Attempts to Solve the Problem

#### Core Concepts and Patterns

The problem involves generating valid schedules for a sequence of days, where each day features a different dish from a set of four options. The constraints are that consecutive days must have different dishes, and the...


INFO - [33m Retrieving 1 entries for db: non_func 
 [0m
INFO - Retrieved (score=0.4368):

[description for function: can_spend_all_money]
The function determines if it is possible to exactly spend a given amount of money, K, using a list of demands for each test case. It iterates over each test case, initializing a boolean array, dp, of size K+1 to track achievable sums, starting wit...


INFO - Retrieved (score=0.3528): 
[Past Memory]:

    [Task]:
        Salmon loves to be a tidy person. One day, when he looked at the mess that he made after playing with his rubber ducks, he felt awful. Now he wants to clean up his mess, by placing his ducks into boxes.
        Each rubber duck has a color. There are a total o...
INFO - LM call n parse attempt 1 / 3

INFO - [Task id] 743 [prompt] 
You are an expert programmer tasked with solving the problem below.

Follow the user's instructions to solve the problem.
The user can ask for analysis, code, or both.

## Instructions
When asked to output code,
- Make sure to wrap your code in '```python' and '```' Markdown delimiters, 
- include exactly one block of code with the entire solution
- No outside libraries are allowed. 
- Builtins are allowed.
- If the task specifies a function name to be used, follow it strictly (be case sensitive!) and declare the that function last (helper functions are declared first).
- DO NOT write any assert statements / tests.

## Problem
[BEGIN PROBLEM]
Yesterday, Chef found $K$ empty boxes in the cooler and decided to fill them with apples. He ordered $N$ apples, where $N$ is a multiple of $K$. Now, he just needs to hire someone who will distribute the apples into the boxes with professional passion. 
Only two candidates passed all the interviews for the box filling job. In one minute, each candidate can put $K$ apples into boxes, but they do it in different ways: the first candidate puts exactly one apple in each box, while the second one chooses a random box with the smallest number of apples and puts $K$ apples in it.
Chef is wondering if the final distribution of apples can even depend on which candidate he hires. Can you answer that question?
Note: The boxes are distinguishable (labeled), while the apples are not. Therefore, two distributions of apples are different if there is a box such that the number of apples in it when the first candidate finishes working can be different from the number of apples in it when the second candidate finishes working.

-----Input-----
- The first line of the input contains a single integer $T$ denoting the number of test cases. The description of $T$ test cases follows.
- The first and only line of each test case contains two space-separated integers $N$ and $K$. 

-----Output-----
For each test case, print a single line containing the string "YES" if the final distributions of apples can be different or "NO" if they will be the same (without quotes).

-----Constraints-----
- $1 \le T \le 250$
- $1 \le N, K \le 10^{18}$
- $N$ is divisible by $K$

-----Subtasks-----
Subtask #1 (30 points): $1 \le N, K \le 10^5$
Subtask #2 (70 points): original constraints

-----Example Input-----
3
5 1
4 2
10 10

-----Example Output-----
NO
NO
YES

-----Explanation-----
Example case 1: No matter who is hired, all apples will be in the only box at the end.
Example case 2: At the end, there will be two apples in each box.
Example case 3: If we hire the first candidate, there will be one apple in each box, but if we hire the second one, there will be $10$ apples in one box and none in all other boxes.

The output code needs to read from and write to standard IO


[END PROBLEM]

INFO - [Task id] 743 [prompt] 
## Instructions

Reason through the problem and:
1. Restate the problem in plain English
2. Conceptualize a solution first in plain English
3. Write a pseudocode solution
4. Output the final Python 3 solution with your solution steps in comments.

Make sure to wrap your code in '```python' and '```' Markdown delimiters, 
and include exactly one block of code with the entire solution.

No outside libraries are allowed.
Builtins are allowed.

INFO - [Task id] 743 [prompt] 
Also, here are some of your memories.
Feel free to use the given information to aid your problem solving process if necessary.
Do not confuse the memories with the problem statement.

## Memories

[Past Memory]:

    [Task]:
        Salmon loves to be a tidy person. One day, when he looked at the mess that he made after playing with his rubber ducks, he felt awful. Now he wants to clean up his mess, by placing his ducks into boxes.
        Each rubber duck has a color. There are a total of $N+1$ colors, numbered from $0$ to $N$. Salmon wants to place his $N*K$ ducks into $N$ boxes, each of which can fit $K$ ducks. Each duck should be placed inside a box.
        Salmon is very particular when it comes to how many colors he can place in each box. Since Salmon doesn't like lots of colors mixing together he only wants to have a maximum of $2$ distinct colors per box.
        Please help Salmon achieve this goal!

        It can be shown that there will always be at least one valid solution under given constraints.

        If there are multiple correct solutions, you may output any one of them.   

        -----Input:-----
        - The first line contains an integer $T$, denoting the number of testcases. $T$ testcases will follow, each containing two lines.   
        - The first line of each testcase contains two space-separated integers $N$ and $K$.   
        - The second line of each testcase contains $N+1$  space-separated integers. The $i+1$-th integer denotes the number of ducks with color-$i$ where $0 \leq i \leq N$

        -----Output:-----
        - Output $N$ lines for each testcase. 
        - The $i$-th line of a testcase should contain $4$ space-separated integers $c1, m1, c2, m2$ respectively which denotes that that are $m1$ ducks of color-$c1$ and $m2$ ducks of color-$c2$ inside the $i$-th box where $0 \leq m1,m2 \leq K$ and $0 \leq c1,c2 \leq N$. 
        - Note that even if you have only one color to put inside the $i$-th box, you should still output $4$ space-separated integers and keep either $m1$ or $m2$ as $0$. And $0 \leq c1,c2 \leq N$.
        - The output should be valid and should satisfy Salmon's goal.

        -----Constraints-----
        - $T=10$
        - $2 \leq N \leq 10^5$ 
        - $2 \leq K \leq 10^5$ 
        - Total ducks for each test case is exactly $N*K$
        - There can be a color with $0$ ducks

        -----Subtasks-----
        - Subtask 1 [20 points]: $2 \leq N \leq 10$, $K=2$ 
        - Subtask 2 [30 points]: $N=2$, $K=5$
        - Subtask 3 [50 points]: original constraints

        -----Sample Input:-----
        1
        2 4
        3 4 1

        -----Sample Output:-----
        2 1 1 3
        1 1 0 3

        -----Explanation:-----
        - In the given testcase, Salmon has $N=2$ boxes, each of size $K=4$ and there are total $N*K=8$ ducks.   
        - The first box is filled with $1$ duck of color-$2$ and $3$ ducks of color-$1$ and the second box is filled with $1$ duck of color-$1$ and $3$ ducks of color-$0$.   
        - Each duck is inside a box and each box has at most two distinct colors. Also each box contains exactly $K=4$ ducks.
    [/Task]

    [Previous Critique]:
        Let's analyze the problem and the code to identify where it might be going wrong:

        ### Problem Analysis

        1. **Input/Output Handling**: The problem requires reading multiple test cases and outputting results for each. The input is provided as a list of strings, and the output should be printed directly.

        2. **Distribution Logic**: The logic for distributing ducks into boxes should ensure that each box contains exactly `K` ducks and at most two distinct colors.

        3. **Output Format**: The output for each box should be four integers: two color indices and the number of ducks of each color.

        ### Issues in the Code

        1. **Output Order**: The output order of the colors in the boxes might not match the expected output. The problem allows any valid solution, but the test might expect a specific order.

        2. **Logic for Filling Boxes**: The logic for filling boxes might not be correctly handling cases where a second color is needed to fill a box.

        ### Steps to Correct the Code

        1. **Ensure Correct Output Order**: Ensure that the output order of colors in each box is consistent with the expected output.

        2. **Review Logic**: Ensure the logic for filling boxes is correct and handles all edge cases, especially when a second color is needed.

        Let's correct the code with these considerations:

        ```python
        def distribute_ducks(T, test_cases):
            results = []
    
            for case in test_cases:
                N, K = case[0]
                duck_counts = case[1]
        
                # List to store the result for each box
                boxes = []
        
                # Create a list of (color, count) pairs and sort by count descending
                color_counts = [(i, duck_counts[i]) for i in range(N + 1)]
                color_counts.sort(key=lambda x: -x[1])
        
                # Fill the boxes
                for _ in range(N):
                    # Start with the most available color
                    c1, m1 = color_counts[0]
                    if m1 >= K:
                        # If we can fill the box with one color
                        boxes.append((c1, K, 0, 0))
                        color_counts[0] = (c1, m1 - K)
                    else:
                        # Otherwise, find a second color to fill the box
                        c2, m2 = color_counts[1]
                        m2_needed = K - m1
                        boxes.append((c1, m1, c2, m2_needed))
                        color_counts[0] = (c1, 0)
                        color_counts[1] = (c2, m2 - m2_needed)
            
                    # Re-sort the list to maintain the order
                    color_counts.sort(key=lambda x: -x[1])
        
                # Store the result for this test case
                results.append(boxes)
    
            # Output the results
            for result in results:
                for box in result:
                    # Ensure the output order is consistent
                    if box[0] > box[2]:
                        print(box[2], box[3], box[0], box[1])
                    else:
                        print(box[0], box[1], box[2], box[3])

        # Read input from standard input
        import sys
        input = sys.stdin.read
        data = input().split()

        # Parse the input
        T = int(data[0])
        index = 1
        test_cases = []

        for _ in range(T):
            N, K = map(int, data[index:index+2])
            index += 2
            duck_counts = list(map(int, data[index:index+N+1]))
            index += N+1
            test_cases.append(((N, K), duck_counts))

        # Call the function with parsed input
        distribute_ducks(T, test_cases)
        ```

        ### Explanation of Corrections

        - **Output Order**: The output order of colors in each box is adjusted to ensure consistency. If the first color index is greater than the second, they are swapped in the output.
        - **Logic**: The logic for filling boxes is reviewed to ensure it handles all cases correctly, including finding a second color to fill a box when needed.
    [/Previous Critique]

    [Thought Process and Code]:
        Let's address the issues in the previous solution and ensure the code correctly distributes the ducks into boxes while adhering to the constraints. The main focus will be on ensuring that each box contains exactly `K` ducks and at most two distinct colors, and that the output format is consistent with the expected results.

        Here's the corrected Python code:

        ```python
        def distribute_ducks(T, test_cases):
            results = []
    
            for case in test_cases:
                N, K = case[0]
                duck_counts = case[1]
        
                # List to store the result for each box
                boxes = []
        
                # Create a list of (color, count) pairs
                color_counts = [(i, duck_counts[i]) for i in range(N + 1)]
        
                # Fill the boxes
                for _ in range(N):
                    # Sort colors by count descending
                    color_counts.sort(key=lambda x: -x[1])
            
                    # Start with the most available color
                    c1, m1 = color_counts[0]
                    if m1 >= K:
                        # If we can fill the box with one color
                        boxes.append((c1, K, 0, 0))
                        color_counts[0] = (c1, m1 - K)
                    else:
                        # Otherwise, find a second color to fill the box
                        c2, m2 = color_counts[1]
                        m2_needed = K - m1
                        boxes.append((c1, m1, c2, m2_needed))
                        color_counts[0] = (c1, 0)
                        color_counts[1] = (c2, m2 - m2_needed)
        
                # Store the result for this test case
                results.append(boxes)
    
            # Output the results
            for result in results:
                for box in result:
                    # Ensure the output order is consistent
                    if box[0] > box[2]:
                        print(box[2], box[3], box[0], box[1])
                    else:
                        print(box[0], box[1], box[2], box[3])

        # Read input from standard input
        import sys
        input = sys.stdin.read
        data = input().split()

        # Parse the input
        T = int(data[0])
        index = 1
        test_cases = []

        for _ in range(T):
            N, K = map(int, data[index:index+2])
            index += 2
            duck_counts = list(map(int, data[index:index+N+1]))
            index += N+1
            test_cases.append(((N, K), duck_counts))

        # Call the function with parsed input
        distribute_ducks(T, test_cases)
        ```

        ### Explanation of Corrections

        - **Color Sorting**: The ducks are sorted by count to prioritize filling boxes with the most available colors first.
        - **Box Filling Logic**: Each box is filled with the most available color, and if needed, a second color is used to fill the remaining space.
        - **Re-sorting**: After each box is filled, the list of colors is re-sorted to ensure the next box is filled optimally.
        - **Output**: The results are printed directly in the required format, ensuring each box's distribution is output correctly.
    [/Thought Process and Code]

    [Environment Feedback]:
        Note: Inputs/outputs here are automatically extracted/truncated so formatting may be a bit off.
        Tests passed:

        None

        Tests failed:
         Input: ['1', '2 4', '3 4 1'] Expected output: [{'2', '1', '3'}, {'1', '3', '0'}] # Execution output: ['0 0 1 4', '0 3 2 1']
    [/Environment Feedback]

    [Result]:
        Failure
    [/Result]

[/Past Memory]


INFO - [Task id] 743 [generation text] ## Problem Restatement

Chef has two candidates to distribute apples into boxes. Each candidate can distribute apples in a different way:
- The first candidate distributes apples evenly, putting one apple in each box until all apples are distributed.
- The second candidate puts all apples into the box with the fewest apples.

Given the number of apples \( N \) and the number of boxes \( K \), determine if the final distribution of apples can be different depending on which candidate is hired.

## Conceptual Solution

1. **Understand the Distribution**:
   - The first candidate will always distribute apples evenly across all boxes. If \( N \) is divisible by \( K \), each box will have \( \frac{N}{K} \) apples.
   - The second candidate will put all \( K \) apples into one box at a time. This means that one box will have all the apples, and the rest will have none.

2. **Determine the Outcome**:
   - If \( K = 1 \), both candidates will result in the same distribution because each box will get exactly one apple.
   - If \( K > 1 \), the distributions will be different because the first candidate will distribute apples evenly, while the second will concentrate all apples in one box.

3. **Decision**:
   - If \( K = 1 \), output "NO" because the distributions will be the same.
   - If \( K > 1 \), output "YES" because the distributions will be different.

## Pseudocode

```
function determine_distribution(T, test_cases):
    for each test_case in test_cases:
        N, K = test_case
        if K == 1:
            print "NO"
        else:
            print "YES"
```

## Final Python Solution

```python
def determine_distribution(T, test_cases):
    results = []
    for N, K in test_cases:
        if K == 1:
            results.append("NO")
        else:
            results.append("YES")
    for result in results:
        print(result)

# Read input from standard input
import sys
input = sys.stdin.read
data = input().split()

# Parse the input
T = int(data[0])
test_cases = []

index = 1
for _ in range(T):
    N, K = map(int, data[index:index+2])
    test_cases.append((N, K))
    index += 2

# Call the function with parsed input
determine_distribution(T, test_cases)
```

This solution reads the number of test cases and for each test case, it checks the value of \( K \). If \( K \) is greater than 1, it outputs "YES" indicating that the distributions can be different. If \( K \) is 1, it outputs "NO" indicating that the distributions will be the same.
INFO - program_code:
 
def determine_distribution(T, test_cases):
    results = []
    for N, K in test_cases:
        if K == 1:
            results.append("NO")
        else:
            results.append("YES")
    for result in results:
        print(result)

# Read input from standard input
import sys
input = sys.stdin.read
data = input().split()

# Parse the input
T = int(data[0])
test_cases = []

index = 1
for _ in range(T):
    N, K = map(int, data[index:index+2])
    test_cases.append((N, K))
    index += 2

# Call the function with parsed input
determine_distribution(T, test_cases)


INFO - program_name:
 determine_distribution

INFO - dependencies:
 []

INFO - raw_msg:
 ## Problem Restatement

Chef has two candidates to distribute apples into boxes. Each candidate can distribute apples in a different way:
- The first candidate distributes apples evenly, putting one apple in each box until all apples are distributed.
- The second candidate puts all apples into the box with the fewest apples.

Given the number of apples \( N \) and the number of boxes \( K \), determine if the final distribution of apples can be different depending on which candidate is hired.

## Conceptual Solution

1. **Understand the Distribution**:
   - The first candidate will always distribute apples evenly across all boxes. If \( N \) is divisible by \( K \), each box will have \( \frac{N}{K} \) apples.
   - The second candidate will put all \( K \) apples into one box at a time. This means that one box will have all the apples, and the rest will have none.

2. **Determine the Outcome**:
   - If \( K = 1 \), both candidates will result in the same distribution because each box will get exactly one apple.
   - If \( K > 1 \), the distributions will be different because the first candidate will distribute apples evenly, while the second will concentrate all apples in one box.

3. **Decision**:
   - If \( K = 1 \), output "NO" because the distributions will be the same.
   - If \( K > 1 \), output "YES" because the distributions will be different.

## Pseudocode

```
function determine_distribution(T, test_cases):
    for each test_case in test_cases:
        N, K = test_case
        if K == 1:
            print "NO"
        else:
            print "YES"
```

## Final Python Solution

```python
def determine_distribution(T, test_cases):
    results = []
    for N, K in test_cases:
        if K == 1:
            results.append("NO")
        else:
            results.append("YES")
    for result in results:
        print(result)

# Read input from standard input
import sys
input = sys.stdin.read
data = input().split()

# Parse the input
T = int(data[0])
test_cases = []

index = 1
for _ in range(T):
    N, K = map(int, data[index:index+2])
    test_cases.append((N, K))
    index += 2

# Call the function with parsed input
determine_distribution(T, test_cases)
```

This solution reads the number of test cases and for each test case, it checks the value of \( K \). If \( K \) is greater than 1, it outputs "YES" indicating that the distributions can be different. If \( K \) is 1, it outputs "NO" indicating that the distributions will be the same.

INFO - no_parent:
 False

INFO - full code to be executed: 
 
def determine_distribution(T, test_cases):
    results = []
    for N, K in test_cases:
        if K == 1:
            results.append("NO")
        else:
            results.append("YES")
    for result in results:
        print(result)

# Read input from standard input
import sys
input = sys.stdin.read
data = input().split()

# Parse the input
T = int(data[0])
test_cases = []

index = 1
for _ in range(T):
    N, K = map(int, data[index:index+2])
    test_cases.append((N, K))
    index += 2

# Call the function with parsed input
determine_distribution(T, test_cases)


INFO - obs: Note: Inputs/outputs here are automatically extracted/truncated so formatting may be a bit off.
Tests passed:

 Input: ['3', '5 1', '4 2', '10 10'] Output: [{'NO'}, {'NO'}, {'YES'}]

Tests failed:
None
reward: True
done: None
info: {'individual_results': [True]}
INFO - Updated entry: 
[Task]:
    Yesterday, Chef found $K$ empty boxes in the cooler and decided to fill them with apples. He ordered $N$ apples, where $N$ is a multiple of $K$. Now, he just needs to hire someone who will distribute the apples into the boxes with professional passion. 
    Only two candidates passed...,

INFO - Metadata: {
    "raw_msg": "## Problem Restatement\n\nChef has two candidates to distribute apples into boxes. Each candidate can distribute apples in a different way:\n- The first candidate distributes apples evenly, putting one apple in each box until all apples are distributed.\n- The second candidate p...

INFO - LM call n parse attempt 1 / 3

INFO - [Task id] 743 [prompt] 
You are an expert programmer tasked with solving the problem below.

Follow the user's instructions to solve the problem.
The user can ask for analysis, code, or both.

## Instructions
When asked to output code,
- Make sure to wrap your code in '```python' and '```' Markdown delimiters, 
- include exactly one block of code with the entire solution
- No outside libraries are allowed. 
- Builtins are allowed.
- If the task specifies a function name to be used, follow it strictly (be case sensitive!) and declare the that function last (helper functions are declared first).
- DO NOT write any assert statements / tests.

## Problem
[BEGIN PROBLEM]
Yesterday, Chef found $K$ empty boxes in the cooler and decided to fill them with apples. He ordered $N$ apples, where $N$ is a multiple of $K$. Now, he just needs to hire someone who will distribute the apples into the boxes with professional passion. 
Only two candidates passed all the interviews for the box filling job. In one minute, each candidate can put $K$ apples into boxes, but they do it in different ways: the first candidate puts exactly one apple in each box, while the second one chooses a random box with the smallest number of apples and puts $K$ apples in it.
Chef is wondering if the final distribution of apples can even depend on which candidate he hires. Can you answer that question?
Note: The boxes are distinguishable (labeled), while the apples are not. Therefore, two distributions of apples are different if there is a box such that the number of apples in it when the first candidate finishes working can be different from the number of apples in it when the second candidate finishes working.

-----Input-----
- The first line of the input contains a single integer $T$ denoting the number of test cases. The description of $T$ test cases follows.
- The first and only line of each test case contains two space-separated integers $N$ and $K$. 

-----Output-----
For each test case, print a single line containing the string "YES" if the final distributions of apples can be different or "NO" if they will be the same (without quotes).

-----Constraints-----
- $1 \le T \le 250$
- $1 \le N, K \le 10^{18}$
- $N$ is divisible by $K$

-----Subtasks-----
Subtask #1 (30 points): $1 \le N, K \le 10^5$
Subtask #2 (70 points): original constraints

-----Example Input-----
3
5 1
4 2
10 10

-----Example Output-----
NO
NO
YES

-----Explanation-----
Example case 1: No matter who is hired, all apples will be in the only box at the end.
Example case 2: At the end, there will be two apples in each box.
Example case 3: If we hire the first candidate, there will be one apple in each box, but if we hire the second one, there will be $10$ apples in one box and none in all other boxes.

The output code needs to read from and write to standard IO


[END PROBLEM]

INFO - [Task id] 743 [prompt] 
## Instructions

Reason through the problem and:
1. Restate the problem in plain English
2. Conceptualize a solution first in plain English
3. Write a pseudocode solution
4. Output the final Python 3 solution with your solution steps in comments.

Make sure to wrap your code in '```python' and '```' Markdown delimiters, 
and include exactly one block of code with the entire solution.

No outside libraries are allowed.
Builtins are allowed.

INFO - [Task id] 743 [prompt] ## Problem Restatement

Chef has two candidates to distribute apples into boxes. Each candidate can distribute apples in a different way:
- The first candidate distributes apples evenly, putting one apple in each box until all apples are distributed.
- The second candidate puts all apples into the box with the fewest apples.

Given the number of apples \( N \) and the number of boxes \( K \), determine if the final distribution of apples can be different depending on which candidate is hired.

## Conceptual Solution

1. **Understand the Distribution**:
   - The first candidate will always distribute apples evenly across all boxes. If \( N \) is divisible by \( K \), each box will have \( \frac{N}{K} \) apples.
   - The second candidate will put all \( K \) apples into one box at a time. This means that one box will have all the apples, and the rest will have none.

2. **Determine the Outcome**:
   - If \( K = 1 \), both candidates will result in the same distribution because each box will get exactly one apple.
   - If \( K > 1 \), the distributions will be different because the first candidate will distribute apples evenly, while the second will concentrate all apples in one box.

3. **Decision**:
   - If \( K = 1 \), output "NO" because the distributions will be the same.
   - If \( K > 1 \), output "YES" because the distributions will be different.

## Pseudocode

```
function determine_distribution(T, test_cases):
    for each test_case in test_cases:
        N, K = test_case
        if K == 1:
            print "NO"
        else:
            print "YES"
```

## Final Python Solution

```python
def determine_distribution(T, test_cases):
    results = []
    for N, K in test_cases:
        if K == 1:
            results.append("NO")
        else:
            results.append("YES")
    for result in results:
        print(result)

# Read input from standard input
import sys
input = sys.stdin.read
data = input().split()

# Parse the input
T = int(data[0])
test_cases = []

index = 1
for _ in range(T):
    N, K = map(int, data[index:index+2])
    test_cases.append((N, K))
    index += 2

# Call the function with parsed input
determine_distribution(T, test_cases)
```

This solution reads the number of test cases and for each test case, it checks the value of \( K \). If \( K \) is greater than 1, it outputs "YES" indicating that the distributions can be different. If \( K \) is 1, it outputs "NO" indicating that the distributions will be the same.
INFO - [Task id] 743 [prompt] 
[Environment Feedback]:
    Note: Inputs/outputs here are automatically extracted/truncated so formatting may be a bit off.
    Tests passed:

     Input: ['3', '5 1', '4 2', '10 10'] Output: [{'NO'}, {'NO'}, {'YES'}]

    Tests failed:
    None
[/Environment Feedback]

INFO - [Task id] 743 [prompt] 
## Instructions
Now, summarize your attempts as a **standalone** document for your own future reference. (can skip formalities, be concise)

- Only include the most relevant information and code snippets that could be useful in the future.
- If you did not learn much from the current experience (e.g. the problem was too easy), feel free to write less or nothing at all.
- Here are some ideas if the experience was useful:
    - Identifying the core concepts and patterns that problem appears to test for
    - Describing the strategies that seemed to work but did not, and vice versa
    - Describing unexpected errors and how they were fixed

Your summary should be at most a few paragraphs.

INFO - [Task id] 743 [generation text] In this problem, the key concept was understanding how two different methods of distributing apples into boxes could lead to different outcomes. The problem tested the ability to recognize that the distribution method of the second candidate, which concentrates apples into a single box, would differ from the even distribution method of the first candidate, except when there is only one box.

The solution involved a straightforward check on the number of boxes \( K \). If \( K = 1 \), both candidates would result in the same distribution, as there is only one box to fill. Otherwise, the distributions would differ because the first candidate distributes apples evenly, while the second candidate fills one box at a time.

The implementation was simple: iterate over each test case, check the value of \( K \), and print "NO" if \( K = 1 \) and "YES" otherwise. This approach efficiently handles the constraints, as the decision is based solely on the value of \( K \), making it computationally trivial.

This problem reinforced the importance of understanding problem constraints and how different approaches to a task can lead to different outcomes, even when the task seems straightforward. The solution was implemented correctly on the first attempt, indicating a clear understanding of the problem requirements.
INFO - LM call n parse attempt 1 / 3

INFO - [Task id] 743 [prompt] 
You are an expert programmer tasked with solving the problem below.

Follow the user's instructions to solve the problem.
The user can ask for analysis, code, or both.

## Instructions
When asked to output code,
- Make sure to wrap your code in '```python' and '```' Markdown delimiters, 
- include exactly one block of code with the entire solution
- No outside libraries are allowed. 
- Builtins are allowed.
- If the task specifies a function name to be used, follow it strictly (be case sensitive!) and declare the that function last (helper functions are declared first).
- DO NOT write any assert statements / tests.

## Problem
[BEGIN PROBLEM]
Yesterday, Chef found $K$ empty boxes in the cooler and decided to fill them with apples. He ordered $N$ apples, where $N$ is a multiple of $K$. Now, he just needs to hire someone who will distribute the apples into the boxes with professional passion. 
Only two candidates passed all the interviews for the box filling job. In one minute, each candidate can put $K$ apples into boxes, but they do it in different ways: the first candidate puts exactly one apple in each box, while the second one chooses a random box with the smallest number of apples and puts $K$ apples in it.
Chef is wondering if the final distribution of apples can even depend on which candidate he hires. Can you answer that question?
Note: The boxes are distinguishable (labeled), while the apples are not. Therefore, two distributions of apples are different if there is a box such that the number of apples in it when the first candidate finishes working can be different from the number of apples in it when the second candidate finishes working.

-----Input-----
- The first line of the input contains a single integer $T$ denoting the number of test cases. The description of $T$ test cases follows.
- The first and only line of each test case contains two space-separated integers $N$ and $K$. 

-----Output-----
For each test case, print a single line containing the string "YES" if the final distributions of apples can be different or "NO" if they will be the same (without quotes).

-----Constraints-----
- $1 \le T \le 250$
- $1 \le N, K \le 10^{18}$
- $N$ is divisible by $K$

-----Subtasks-----
Subtask #1 (30 points): $1 \le N, K \le 10^5$
Subtask #2 (70 points): original constraints

-----Example Input-----
3
5 1
4 2
10 10

-----Example Output-----
NO
NO
YES

-----Explanation-----
Example case 1: No matter who is hired, all apples will be in the only box at the end.
Example case 2: At the end, there will be two apples in each box.
Example case 3: If we hire the first candidate, there will be one apple in each box, but if we hire the second one, there will be $10$ apples in one box and none in all other boxes.

The output code needs to read from and write to standard IO


[END PROBLEM]

INFO - [Task id] 743 [prompt] 
## Instructions

Reason through the problem and:
1. Restate the problem in plain English
2. Conceptualize a solution first in plain English
3. Write a pseudocode solution
4. Output the final Python 3 solution with your solution steps in comments.

Make sure to wrap your code in '```python' and '```' Markdown delimiters, 
and include exactly one block of code with the entire solution.

No outside libraries are allowed.
Builtins are allowed.

INFO - [Task id] 743 [prompt] ## Problem Restatement

Chef has two candidates to distribute apples into boxes. Each candidate can distribute apples in a different way:
- The first candidate distributes apples evenly, putting one apple in each box until all apples are distributed.
- The second candidate puts all apples into the box with the fewest apples.

Given the number of apples \( N \) and the number of boxes \( K \), determine if the final distribution of apples can be different depending on which candidate is hired.

## Conceptual Solution

1. **Understand the Distribution**:
   - The first candidate will always distribute apples evenly across all boxes. If \( N \) is divisible by \( K \), each box will have \( \frac{N}{K} \) apples.
   - The second candidate will put all \( K \) apples into one box at a time. This means that one box will have all the apples, and the rest will have none.

2. **Determine the Outcome**:
   - If \( K = 1 \), both candidates will result in the same distribution because each box will get exactly one apple.
   - If \( K > 1 \), the distributions will be different because the first candidate will distribute apples evenly, while the second will concentrate all apples in one box.

3. **Decision**:
   - If \( K = 1 \), output "NO" because the distributions will be the same.
   - If \( K > 1 \), output "YES" because the distributions will be different.

## Pseudocode

```
function determine_distribution(T, test_cases):
    for each test_case in test_cases:
        N, K = test_case
        if K == 1:
            print "NO"
        else:
            print "YES"
```

## Final Python Solution

```python
def determine_distribution(T, test_cases):
    results = []
    for N, K in test_cases:
        if K == 1:
            results.append("NO")
        else:
            results.append("YES")
    for result in results:
        print(result)

# Read input from standard input
import sys
input = sys.stdin.read
data = input().split()

# Parse the input
T = int(data[0])
test_cases = []

index = 1
for _ in range(T):
    N, K = map(int, data[index:index+2])
    test_cases.append((N, K))
    index += 2

# Call the function with parsed input
determine_distribution(T, test_cases)
```

This solution reads the number of test cases and for each test case, it checks the value of \( K \). If \( K \) is greater than 1, it outputs "YES" indicating that the distributions can be different. If \( K \) is 1, it outputs "NO" indicating that the distributions will be the same.
INFO - [Task id] 743 [prompt] 
[Environment Feedback]:
    Note: Inputs/outputs here are automatically extracted/truncated so formatting may be a bit off.
    Tests passed:

     Input: ['3', '5 1', '4 2', '10 10'] Output: [{'NO'}, {'NO'}, {'YES'}]

    Tests failed:
    None
[/Environment Feedback]

INFO - [Task id] 743 [prompt] 
Below is the official solution (do exercise discretion as official solutions can also have mistakes).

You will be reflecting on your attempts to solve the problem.
This will be a **standalone** document for your own future reference. (can skip formalities, be concise)

## Instructions
- Only include the most relevant insights and code snippets that could be useful in the future.
- If you did not learn much from the current experience (e.g. the problem was too easy / official solution was obvious), feel free to write less or nothing at all.
- Here are some ideas if the experience was useful:
    - If the official solution is insightful (e.g. better than yours in time and space complexity or more effective in breaking down the problem statement), distil the key approach of the official solution, step by step.
    - If your approach failed the test cases, reason why the official solution works but yours does not

Your reflection should be at most a few paragraphs.

## Official solution
# cook your dish here
t=int(input())
for i in range(t,0,-1):
 x,y=map(int,input().split())
 k=x//y
 
 if k%y==0:
  print("NO")
 else:
  print("YES")

INFO - [Task id] 743 [generation text] In this problem, both my solution and the official solution arrived at the correct answer, but they approached the problem from slightly different angles. My solution focused on the conceptual understanding that if \( K = 1 \), the distribution will always be the same, and if \( K > 1 \), the distribution will differ. This approach was straightforward and worked well for the given constraints.

The official solution, however, introduced a mathematical insight by checking if \( \frac{N}{K} \) is divisible by \( K \). If it is, the output is "NO", otherwise "YES". This approach leverages the fact that if the number of apples per box (when distributed evenly) is itself divisible by the number of boxes, the distribution will be uniform, leading to the same result for both candidates. This insight is a clever use of divisibility to determine the outcome, which is a more mathematical approach compared to my conceptual reasoning.

In future problems, considering mathematical properties such as divisibility can provide a more elegant and potentially more efficient solution. This experience reinforces the importance of exploring different angles, including mathematical properties, when solving algorithmic problems.
INFO - Updated entry: In this problem, the key concept was understanding how two different methods of distributing apples into boxes could lead to different outcomes. The problem tested the ability to recognize that the distribution method of the second candidate, which concentrates apples into a single box, would dif...,

INFO - Metadata: {
    "task_id": 743
}

INFO - Updated entry: In this problem, both my solution and the official solution arrived at the correct answer, but they approached the problem from slightly different angles. My solution focused on the conceptual understanding that if \( K = 1 \), the distribution will always be the same, and if \( K > 1 \), the dis...,

INFO - Metadata: {
    "task_id": 743
}

INFO - LM call n parse attempt 1 / 3

INFO - [Task id] 743 [prompt] 
You are a helpful assistant that writes a description of the given function written in the Python programming language.

1) Do not mention the function name.
2) Do not mention anything about helper functions.
3) There might be some helper functions before the main function, but you only need to describe the main function.
4) Try to summarize the function in no more than 6 sentences.
5) Your response should be a single line of text.

INFO - [Task id] 743 [prompt] 
def determine_distribution(T, test_cases):
    results = []
    for N, K in test_cases:
        if K == 1:
            results.append("NO")
        else:
            results.append("YES")
    for result in results:
        print(result)

# Read input from standard input
import sys
input = sys.stdin.read
data = input().split()

# Parse the input
T = int(data[0])
test_cases = []

index = 1
for _ in range(T):
    N, K = map(int, data[index:index+2])
    test_cases.append((N, K))
    index += 2

# Call the function with parsed input
determine_distribution(T, test_cases)


The main function is `determine_distribution`.
INFO - [Task id] 743 [generation text] The function processes a list of test cases, each containing two integers, N and K, and determines whether a certain condition is met for each test case. It appends "NO" to the results list if K equals 1, otherwise, it appends "YES". After processing all test cases, it prints each result from the results list.
INFO - LM call n parse attempt 1 / 3

INFO - [Task id] 743 [prompt] 
You are a helpful assistant that extracts important information from problems and solutions to aid in searchability and education.

## Instructions
- Read through the problem and solution carefully.
- Reason out, step by step, in what scenarios this knowledge would be useful.
- Focus on general patterns and situations to help connect this knowledge to new situations.
- Then, include a list of keywords that are useful for searching this problem/solution pair.

## Response format
Respond in JSON, and follow the keys and expected format of the values strictly.

The output should be formatted as a JSON instance that conforms to the JSON schema below.

As an example, for the schema {"properties": {"foo": {"title": "Foo", "description": "a list of strings", "type": "array", "items": {"type": "string"}}}, "required": ["foo"]}
the object {"foo": ["bar", "baz"]} is a well-formatted instance of the schema. The object {"properties": {"foo": ["bar", "baz"]}} is not well-formatted.

Here is the output schema:
```
{"properties": {"scenarios": {"description": "In what scenarios will this knowledge be useful? Answer in a paragraph.", "title": "Scenarios", "type": "string"}, "keywords": {"description": "List of keywords that are useful for searching this problem/solution pair", "items": {"type": "string"}, "title": "Keywords", "type": "array"}}, "required": ["scenarios", "keywords"]}
```

INFO - [Task id] 743 [prompt] 
[Problem]
    Yesterday, Chef found $K$ empty boxes in the cooler and decided to fill them with apples. He ordered $N$ apples, where $N$ is a multiple of $K$. Now, he just needs to hire someone who will distribute the apples into the boxes with professional passion. 
    Only two candidates passed all the interviews for the box filling job. In one minute, each candidate can put $K$ apples into boxes, but they do it in different ways: the first candidate puts exactly one apple in each box, while the second one chooses a random box with the smallest number of apples and puts $K$ apples in it.
    Chef is wondering if the final distribution of apples can even depend on which candidate he hires. Can you answer that question?
    Note: The boxes are distinguishable (labeled), while the apples are not. Therefore, two distributions of apples are different if there is a box such that the number of apples in it when the first candidate finishes working can be different from the number of apples in it when the second candidate finishes working.

    -----Input-----
    - The first line of the input contains a single integer $T$ denoting the number of test cases. The description of $T$ test cases follows.
    - The first and only line of each test case contains two space-separated integers $N$ and $K$. 

    -----Output-----
    For each test case, print a single line containing the string "YES" if the final distributions of apples can be different or "NO" if they will be the same (without quotes).

    -----Constraints-----
    - $1 \le T \le 250$
    - $1 \le N, K \le 10^{18}$
    - $N$ is divisible by $K$

    -----Subtasks-----
    Subtask #1 (30 points): $1 \le N, K \le 10^5$
    Subtask #2 (70 points): original constraints

    -----Example Input-----
    3
    5 1
    4 2
    10 10

    -----Example Output-----
    NO
    NO
    YES

    -----Explanation-----
    Example case 1: No matter who is hired, all apples will be in the only box at the end.
    Example case 2: At the end, there will be two apples in each box.
    Example case 3: If we hire the first candidate, there will be one apple in each box, but if we hire the second one, there will be $10$ apples in one box and none in all other boxes.
[/Problem]

[Solution]

    def determine_distribution(T, test_cases):
        results = []
        for N, K in test_cases:
            if K == 1:
                results.append("NO")
            else:
                results.append("YES")
        for result in results:
            print(result)

    # Read input from standard input
    import sys
    input = sys.stdin.read
    data = input().split()

    # Parse the input
    T = int(data[0])
    test_cases = []

    index = 1
    for _ in range(T):
        N, K = map(int, data[index:index+2])
        test_cases.append((N, K))
        index += 2

    # Call the function with parsed input
    determine_distribution(T, test_cases)

[/Solution]

INFO - [Task id] 743 [generation text] 
INFO - {
    "scenarios": "This knowledge is useful in scenarios where you need to determine if different methods of distributing items can lead to different outcomes. Specifically, it applies to situations where you have a fixed number of items to distribute into a fixed number of containers, and the distribution method varies. This can be relevant in logistics, resource allocation, and load balancing problems where the method of distribution affects the final configuration. Understanding this problem helps in recognizing that if each container receives an equal number of items (as in the first candidate's method), the distribution is uniform, whereas if one container can receive all items (as in the second candidate's method), the distribution can be skewed. This concept is particularly useful in algorithm design and analysis, where the efficiency and outcome of different distribution strategies need to be evaluated.",
    "keywords": [
        "distribution problem",
        "apples and boxes",
        "algorithm",
        "resource allocation",
        "logistics",
        "load balancing",
        "uniform distribution",
        "skewed distribution",
        "problem solving",
        "candidates distribution method"
    ]
}
INFO - {
    "scenarios": "This knowledge is useful in scenarios where you need to determine if different methods of distributing items can lead to different outcomes. Specifically, it applies to situations where you have a fixed number of items to distribute into a fixed number of containers, and the distribution method varies. This can be relevant in logistics, resource allocation, and load balancing problems where the method of distribution affects the final configuration. Understanding this problem helps in recognizing that if each container receives an equal number of items (as in the first candidate's method), the distribution is uniform, whereas if one container can receive all items (as in the second candidate's method), the distribution can be skewed. This concept is particularly useful in algorithm design and analysis, where the efficiency and outcome of different distribution strategies need to be evaluated.",
    "keywords": [
        "distribution problem",
        "apples and boxes",
        "algorithm",
        "resource allocation",
        "logistics",
        "load balancing",
        "uniform distribution",
        "skewed distribution",
        "problem solving",
        "candidates distribution method"
    ]
}
INFO - Updated entry: 
[description for function: determine_distribution]
The function processes a list of test cases, each containing two integers, N and K, and determines whether a certain condition is met for each test case. It appends "NO" to the results list if K equals 1, otherwise, it appends "YES". After proce...,

INFO - Metadata: {
    "task": 743,
    "code": "\ndef determine_distribution(T, test_cases):\n    results = []\n    for N, K in test_cases:\n        if K == 1:\n            results.append(\"NO\")\n        else:\n            results.append(\"YES\")\n    for result in results:\n        print(result)\n\n# Read inpu...

