INFO - DB skill doc count: 1

INFO - DB non_func doc count: 70

INFO - DB semantic doc count: 429

INFO - DB summaries doc count: 90

INFO - DB reflections doc count: 90

INFO - DB episodic doc count: 0

INFO - [train iter]: 90/100 

INFO - The task prompt is One day, Chef found a cube which has each of its sides painted in some color out of black, blue, red, green, yellow and orange.
Now he asks you to check if he can choose three sides such that they are pairwise adjacent and painted in the same color.

-----Input-----
- The first line of the input ...

INFO - Attempting task_id 1227
INFO - LM call n parse attempt 1 / 3

INFO - [Task id] 1227 [prompt] 
You are an expert programmer tasked with solving the problem below.

Follow the user's instructions to solve the problem.
The user can ask for analysis, code, or both.

## Instructions
When asked to output code,
- Make sure to wrap your code in '```python' and '```' Markdown delimiters, 
- include exactly one block of code with the entire solution
- No outside libraries are allowed. 
- Builtins are allowed.
- If the task specifies a function name to be used, follow it strictly (be case sensitive!) and declare the that function last (helper functions are declared first).
- DO NOT write any assert statements / tests.

## Problem
[BEGIN PROBLEM]
One day, Chef found a cube which has each of its sides painted in some color out of black, blue, red, green, yellow and orange.
Now he asks you to check if he can choose three sides such that they are pairwise adjacent and painted in the same color.

-----Input-----
- The first line of the input contains an integer T denoting the number of test cases.
- A single line of each test case contains six words denoting the colors of painted sides in the order: front, back, left, right, top and bottom, respectively.

-----Output-----
For each test case, output a single line containing the word "YES" or "NO" (without quotes) corresponding to the answer of the problem.

-----Constraints-----
- 1 ≤ T ≤  50000 
- Each color will be from the list {"black", "blue", "red", "green", "yellow", "orange"}

-----Subtasks-----
Subtask 1: (25 points)
- 1 ≤ T ≤  12000 
- For each test case there will be at most three different colors

Subtask 2: (75 points)
- Original constraints

-----Example-----
Input:
2
blue yellow green orange black green
green yellow green orange black green

Output:
NO
YES

-----Explanation-----

Example case 1.
There are no three sides with the same color.

Example case 2.
In this test case, the front, bottom and left sides are green (see picture).

The output code needs to read from and write to standard IO


[END PROBLEM]

INFO - [Task id] 1227 [prompt] 
## Instructions

Reason through the problem and:
1. Restate the problem in plain English
2. Conceptualize a solution first in plain English
3. Write a pseudocode solution
4. Output the final Python 3 solution with your solution steps in comments.

Make sure to wrap your code in '```python' and '```' Markdown delimiters, 
and include exactly one block of code with the entire solution.

No outside libraries are allowed.
Builtins are allowed.

INFO - [Task id] 1227 [generation text] ## Problem Restatement

We have a cube with each of its six sides painted in one of six possible colors: black, blue, red, green, yellow, or orange. For each test case, we are given the colors of the six sides in a specific order: front, back, left, right, top, and bottom. We need to determine if there are three sides that are pairwise adjacent and painted in the same color. If such a set of sides exists, we output "YES"; otherwise, we output "NO".

## Conceptual Solution

To solve this problem, we need to identify the sets of three adjacent sides on a cube. The cube has the following sets of three adjacent sides:
1. Front, Left, Top
2. Front, Right, Top
3. Front, Left, Bottom
4. Front, Right, Bottom
5. Back, Left, Top
6. Back, Right, Top
7. Back, Left, Bottom
8. Back, Right, Bottom

For each test case, we will check these sets to see if any of them have the same color on all three sides. If we find such a set, we output "YES"; otherwise, we output "NO".

## Pseudocode

1. Read the number of test cases, T.
2. For each test case:
   - Read the six colors in the order: front, back, left, right, top, bottom.
   - Check the following sets of three adjacent sides:
     - (front, left, top)
     - (front, right, top)
     - (front, left, bottom)
     - (front, right, bottom)
     - (back, left, top)
     - (back, right, top)
     - (back, left, bottom)
     - (back, right, bottom)
   - If any of these sets have the same color on all three sides, output "YES".
   - Otherwise, output "NO".

## Python Solution

```python
def check_adjacent_sides(T, test_cases):
    results = []
    for case in test_cases:
        front, back, left, right, top, bottom = case
        
        # Check all possible sets of three adjacent sides
        if (front == left == top) or (front == right == top) or \
           (front == left == bottom) or (front == right == bottom) or \
           (back == left == top) or (back == right == top) or \
           (back == left == bottom) or (back == right == bottom):
            results.append("YES")
        else:
            results.append("NO")
    
    return results

# Read input
import sys
input = sys.stdin.read
data = input().splitlines()

T = int(data[0])
test_cases = [line.split() for line in data[1:T+1]]

# Get results
results = check_adjacent_sides(T, test_cases)

# Output results
for result in results:
    print(result)
```

This code reads the input, processes each test case to check for three adjacent sides with the same color, and outputs "YES" or "NO" accordingly.
INFO - [35m Rollout attempt 1/4[0m
INFO - [33m Retrieving 1 entries for db: semantic 
 [0m
INFO - Retrieved (score=0.4476):
Title: Check whether a graph is bipartite
Part: 1/1
# Check whether a graph is bipartite

A bipartite graph is a graph whose vertices can be divided into two disjoint sets so that every edge connects two vertices from different sets (i.e. there are no edges which connect vertices from the same se...


INFO - [33m Retrieving 1 entries for db: reflections 
 [0m
INFO - Retrieved (score=0.3552):
Reflecting on the problem-solving process for counting triangles with vertices of the same color, I found the official solution insightful in a few ways:

1. **Use of Combinations and Helper Functions:**
   - The official solution uses the `combinations` function from the `itertools` module to ef...


INFO - [33m Retrieving 1 entries for db: summaries 
 [0m
INFO - Retrieved (score=0.3762):
In this problem, I worked on determining the number of triangles that can be formed from a set of colored points on a 2D plane, where all vertices of the triangle must be of the same color. The task involved several key steps: categorizing points by color, generating combinations of points, check...


INFO - [33m Retrieving 1 entries for db: skill 
 [0m
INFO - Retrieved (score=0.5474):

[description for function: count_col_triang]
The function takes a list of points, each associated with a color, and categorizes them by color. It then counts the number of non-collinear triangles that can be formed from points of the same color. For each color, it calculates the number of such t...


INFO - [33m Retrieving 1 entries for db: non_func 
 [0m
INFO - Retrieved (score=0.4461):

[description]
The function determines if a given list of integers can be partitioned into four subsets with equal sums, effectively checking if the integers can form a square with equal side lengths. It first checks if the list is empty or if the total sum of the integers is not divisible by fou...


INFO - Retrieved (score=0.3552): 
[Reflection]:
    Reflecting on the problem-solving process for counting triangles with vertices of the same color, I found the official solution insightful in a few ways:

    1. **Use of Combinations and Helper Functions:**
       - The official solution uses the `combinations` function from t...
INFO - LM call n parse attempt 1 / 3

INFO - [Task id] 1227 [prompt] 
You are an expert programmer tasked with solving the problem below.

Follow the user's instructions to solve the problem.
The user can ask for analysis, code, or both.

## Instructions
When asked to output code,
- Make sure to wrap your code in '```python' and '```' Markdown delimiters, 
- include exactly one block of code with the entire solution
- No outside libraries are allowed. 
- Builtins are allowed.
- If the task specifies a function name to be used, follow it strictly (be case sensitive!) and declare the that function last (helper functions are declared first).
- DO NOT write any assert statements / tests.

## Problem
[BEGIN PROBLEM]
One day, Chef found a cube which has each of its sides painted in some color out of black, blue, red, green, yellow and orange.
Now he asks you to check if he can choose three sides such that they are pairwise adjacent and painted in the same color.

-----Input-----
- The first line of the input contains an integer T denoting the number of test cases.
- A single line of each test case contains six words denoting the colors of painted sides in the order: front, back, left, right, top and bottom, respectively.

-----Output-----
For each test case, output a single line containing the word "YES" or "NO" (without quotes) corresponding to the answer of the problem.

-----Constraints-----
- 1 ≤ T ≤  50000 
- Each color will be from the list {"black", "blue", "red", "green", "yellow", "orange"}

-----Subtasks-----
Subtask 1: (25 points)
- 1 ≤ T ≤  12000 
- For each test case there will be at most three different colors

Subtask 2: (75 points)
- Original constraints

-----Example-----
Input:
2
blue yellow green orange black green
green yellow green orange black green

Output:
NO
YES

-----Explanation-----

Example case 1.
There are no three sides with the same color.

Example case 2.
In this test case, the front, bottom and left sides are green (see picture).

The output code needs to read from and write to standard IO


[END PROBLEM]

INFO - [Task id] 1227 [prompt] 
## Instructions

Reason through the problem and:
1. Restate the problem in plain English
2. Conceptualize a solution first in plain English
3. Write a pseudocode solution
4. Output the final Python 3 solution with your solution steps in comments.

Make sure to wrap your code in '```python' and '```' Markdown delimiters, 
and include exactly one block of code with the entire solution.

No outside libraries are allowed.
Builtins are allowed.

INFO - [Task id] 1227 [prompt] 
Also, here are some of your memories.
Feel free to use the given information to aid your problem solving process if necessary.
Do not confuse the memories with the problem statement.

## Memories

[Reflection]:
    Reflecting on the problem-solving process for counting triangles with vertices of the same color, I found the official solution insightful in a few ways:

    1. **Use of Combinations and Helper Functions:**
       - The official solution uses the `combinations` function from the `itertools` module to efficiently generate all possible sets of three points for each color. This is a clean and effective way to handle the combinatorial aspect of the problem.
       - It defines a helper function `triangle` to determine if three points form a valid triangle by calculating the area using the side lengths. This is an alternative to checking collinearity using the determinant method. The area-based approach is intuitive and leverages the properties of triangles directly.

    2. **Efficient Data Handling:**
       - The solution uses dictionaries to categorize points by color and to store the count of triangles for each color. This approach is both time-efficient and space-efficient, as it avoids unnecessary data structures and operations.

    3. **Handling Edge Cases:**
       - The solution gracefully handles cases where no triangles can be formed by checking if the maximum number of triangles (`mx`) is zero and adjusting the output accordingly. This ensures robustness in the output format.

    Overall, the official solution is a well-structured and efficient approach to solving the problem. It highlights the importance of using built-in modules like `itertools` for combinatorial problems and demonstrates a clear method for checking triangle validity using geometric properties. This experience reinforces the value of leveraging mathematical properties and Python's standard library to simplify complex problems.
[/Reflection]


INFO - [Task id] 1227 [generation text] ## Problem Restatement

We have a cube with each of its six sides painted in one of six possible colors: black, blue, red, green, yellow, or orange. For each test case, we are given the colors of the six sides in a specific order: front, back, left, right, top, and bottom. Our task is to determine if there are three sides that are pairwise adjacent and painted in the same color. If such a set of sides exists, we should output "YES"; otherwise, output "NO".

## Conceptual Solution

1. **Understand Adjacency on a Cube**: On a cube, the following sets of three sides are pairwise adjacent:
   - Front, Left, Bottom
   - Front, Right, Bottom
   - Back, Left, Top
   - Back, Right, Top
   - Front, Left, Top
   - Front, Right, Top
   - Back, Left, Bottom
   - Back, Right, Bottom

2. **Check Each Test Case**: For each test case, we need to check if any of these sets of three sides have the same color.

3. **Output the Result**: If any set of three adjacent sides has the same color, output "YES". Otherwise, output "NO".

## Pseudocode

```
function check_adjacent_colors(test_cases):
    for each test_case in test_cases:
        colors = test_case.split()
        if (colors[0] == colors[2] == colors[5] or  # Front, Left, Bottom
            colors[0] == colors[3] == colors[5] or  # Front, Right, Bottom
            colors[1] == colors[2] == colors[4] or  # Back, Left, Top
            colors[1] == colors[3] == colors[4] or  # Back, Right, Top
            colors[0] == colors[2] == colors[4] or  # Front, Left, Top
            colors[0] == colors[3] == colors[4] or  # Front, Right, Top
            colors[1] == colors[2] == colors[5] or  # Back, Left, Bottom
            colors[1] == colors[3] == colors[5]):   # Back, Right, Bottom
            print("YES")
        else:
            print("NO")
```

## Final Python Solution

```python
def check_adjacent_colors(test_cases):
    for test_case in test_cases:
        colors = test_case.split()
        # Check all possible sets of three adjacent sides
        if (colors[0] == colors[2] == colors[5] or  # Front, Left, Bottom
            colors[0] == colors[3] == colors[5] or  # Front, Right, Bottom
            colors[1] == colors[2] == colors[4] or  # Back, Left, Top
            colors[1] == colors[3] == colors[4] or  # Back, Right, Top
            colors[0] == colors[2] == colors[4] or  # Front, Left, Top
            colors[0] == colors[3] == colors[4] or  # Front, Right, Top
            colors[1] == colors[2] == colors[5] or  # Back, Left, Bottom
            colors[1] == colors[3] == colors[5]):   # Back, Right, Bottom
            print("YES")
        else:
            print("NO")

# Read input
import sys
input = sys.stdin.read
data = input().strip().split('\n')

# First line is the number of test cases
T = int(data[0])

# Remaining lines are the test cases
test_cases = data[1:T+1]

# Check each test case
check_adjacent_colors(test_cases)
```

This solution reads the input, processes each test case, and checks the specified sets of adjacent sides for matching colors, outputting "YES" or "NO" accordingly.
INFO - program_code:
 
def check_adjacent_colors(test_cases):
    for test_case in test_cases:
        colors = test_case.split()
        # Check all possible sets of three adjacent sides
        if (colors[0] == colors[2] == colors[5] or  # Front, Left, Bottom
            colors[0] == colors[3] == colors[5] or  # Front, Right, Bottom
            colors[1] == colors[2] == colors[4] or  # Back, Left, Top
            colors[1] == colors[3] == colors[4] or  # Back, Right, Top
            colors[0] == colors[2] == colors[4] or  # Front, Left, Top
            colors[0] == colors[3] == colors[4] or  # Front, Right, Top
            colors[1] == colors[2] == colors[5] or  # Back, Left, Bottom
            colors[1] == colors[3] == colors[5]):   # Back, Right, Bottom
            print("YES")
        else:
            print("NO")

# Read input
import sys
input = sys.stdin.read
data = input().strip().split('\n')

# First line is the number of test cases
T = int(data[0])

# Remaining lines are the test cases
test_cases = data[1:T+1]

# Check each test case
check_adjacent_colors(test_cases)


INFO - program_name:
 check_adjacent_colors

INFO - dependencies:
 []

INFO - raw_msg:
 ## Problem Restatement

We have a cube with each of its six sides painted in one of six possible colors: black, blue, red, green, yellow, or orange. For each test case, we are given the colors of the six sides in a specific order: front, back, left, right, top, and bottom. Our task is to determine if there are three sides that are pairwise adjacent and painted in the same color. If such a set of sides exists, we should output "YES"; otherwise, output "NO".

## Conceptual Solution

1. **Understand Adjacency on a Cube**: On a cube, the following sets of three sides are pairwise adjacent:
   - Front, Left, Bottom
   - Front, Right, Bottom
   - Back, Left, Top
   - Back, Right, Top
   - Front, Left, Top
   - Front, Right, Top
   - Back, Left, Bottom
   - Back, Right, Bottom

2. **Check Each Test Case**: For each test case, we need to check if any of these sets of three sides have the same color.

3. **Output the Result**: If any set of three adjacent sides has the same color, output "YES". Otherwise, output "NO".

## Pseudocode

```
function check_adjacent_colors(test_cases):
    for each test_case in test_cases:
        colors = test_case.split()
        if (colors[0] == colors[2] == colors[5] or  # Front, Left, Bottom
            colors[0] == colors[3] == colors[5] or  # Front, Right, Bottom
            colors[1] == colors[2] == colors[4] or  # Back, Left, Top
            colors[1] == colors[3] == colors[4] or  # Back, Right, Top
            colors[0] == colors[2] == colors[4] or  # Front, Left, Top
            colors[0] == colors[3] == colors[4] or  # Front, Right, Top
            colors[1] == colors[2] == colors[5] or  # Back, Left, Bottom
            colors[1] == colors[3] == colors[5]):   # Back, Right, Bottom
            print("YES")
        else:
            print("NO")
```

## Final Python Solution

```python
def check_adjacent_colors(test_cases):
    for test_case in test_cases:
        colors = test_case.split()
        # Check all possible sets of three adjacent sides
        if (colors[0] == colors[2] == colors[5] or  # Front, Left, Bottom
            colors[0] == colors[3] == colors[5] or  # Front, Right, Bottom
            colors[1] == colors[2] == colors[4] or  # Back, Left, Top
            colors[1] == colors[3] == colors[4] or  # Back, Right, Top
            colors[0] == colors[2] == colors[4] or  # Front, Left, Top
            colors[0] == colors[3] == colors[4] or  # Front, Right, Top
            colors[1] == colors[2] == colors[5] or  # Back, Left, Bottom
            colors[1] == colors[3] == colors[5]):   # Back, Right, Bottom
            print("YES")
        else:
            print("NO")

# Read input
import sys
input = sys.stdin.read
data = input().strip().split('\n')

# First line is the number of test cases
T = int(data[0])

# Remaining lines are the test cases
test_cases = data[1:T+1]

# Check each test case
check_adjacent_colors(test_cases)
```

This solution reads the input, processes each test case, and checks the specified sets of adjacent sides for matching colors, outputting "YES" or "NO" accordingly.

INFO - no_parent:
 False

INFO - full code to be executed: 
 
def check_adjacent_colors(test_cases):
    for test_case in test_cases:
        colors = test_case.split()
        # Check all possible sets of three adjacent sides
        if (colors[0] == colors[2] == colors[5] or  # Front, Left, Bottom
            colors[0] == colors[3] == colors[5] or  # Front, Right, Bottom
            colors[1] == colors[2] == colors[4] or  # Back, Left, Top
            colors[1] == colors[3] == colors[4] or  # Back, Right, Top
            colors[0] == colors[2] == colors[4] or  # Front, Left, Top
            colors[0] == colors[3] == colors[4] or  # Front, Right, Top
            colors[1] == colors[2] == colors[5] or  # Back, Left, Bottom
            colors[1] == colors[3] == colors[5]):   # Back, Right, Bottom
            print("YES")
        else:
            print("NO")

# Read input
import sys
input = sys.stdin.read
data = input().strip().split('\n')

# First line is the number of test cases
T = int(data[0])

# Remaining lines are the test cases
test_cases = data[1:T+1]

# Check each test case
check_adjacent_colors(test_cases)


INFO - obs: Note: Inputs/outputs here are automatically extracted/truncated so formatting may be a bit off.
Tests passed:

 Input: ['2', 'blue yellow green orange black green', 'green yellow green orange black green'] Output: NO
YES

Tests failed:
None
reward: True
done: None
info: {'individual_results': [True]}
INFO - LM call n parse attempt 1 / 3

INFO - [Task id] 1227 [prompt] 
You are an expert programmer tasked with solving the problem below.

Follow the user's instructions to solve the problem.
The user can ask for analysis, code, or both.

## Instructions
When asked to output code,
- Make sure to wrap your code in '```python' and '```' Markdown delimiters, 
- include exactly one block of code with the entire solution
- No outside libraries are allowed. 
- Builtins are allowed.
- If the task specifies a function name to be used, follow it strictly (be case sensitive!) and declare the that function last (helper functions are declared first).
- DO NOT write any assert statements / tests.

## Problem
[BEGIN PROBLEM]
One day, Chef found a cube which has each of its sides painted in some color out of black, blue, red, green, yellow and orange.
Now he asks you to check if he can choose three sides such that they are pairwise adjacent and painted in the same color.

-----Input-----
- The first line of the input contains an integer T denoting the number of test cases.
- A single line of each test case contains six words denoting the colors of painted sides in the order: front, back, left, right, top and bottom, respectively.

-----Output-----
For each test case, output a single line containing the word "YES" or "NO" (without quotes) corresponding to the answer of the problem.

-----Constraints-----
- 1 ≤ T ≤  50000 
- Each color will be from the list {"black", "blue", "red", "green", "yellow", "orange"}

-----Subtasks-----
Subtask 1: (25 points)
- 1 ≤ T ≤  12000 
- For each test case there will be at most three different colors

Subtask 2: (75 points)
- Original constraints

-----Example-----
Input:
2
blue yellow green orange black green
green yellow green orange black green

Output:
NO
YES

-----Explanation-----

Example case 1.
There are no three sides with the same color.

Example case 2.
In this test case, the front, bottom and left sides are green (see picture).

The output code needs to read from and write to standard IO


[END PROBLEM]

INFO - [Task id] 1227 [prompt] 
## Instructions

Reason through the problem and:
1. Restate the problem in plain English
2. Conceptualize a solution first in plain English
3. Write a pseudocode solution
4. Output the final Python 3 solution with your solution steps in comments.

Make sure to wrap your code in '```python' and '```' Markdown delimiters, 
and include exactly one block of code with the entire solution.

No outside libraries are allowed.
Builtins are allowed.

INFO - [Task id] 1227 [prompt] ## Problem Restatement

We have a cube with each of its six sides painted in one of six possible colors: black, blue, red, green, yellow, or orange. For each test case, we are given the colors of the six sides in a specific order: front, back, left, right, top, and bottom. Our task is to determine if there are three sides that are pairwise adjacent and painted in the same color. If such a set of sides exists, we should output "YES"; otherwise, output "NO".

## Conceptual Solution

1. **Understand Adjacency on a Cube**: On a cube, the following sets of three sides are pairwise adjacent:
   - Front, Left, Bottom
   - Front, Right, Bottom
   - Back, Left, Top
   - Back, Right, Top
   - Front, Left, Top
   - Front, Right, Top
   - Back, Left, Bottom
   - Back, Right, Bottom

2. **Check Each Test Case**: For each test case, we need to check if any of these sets of three sides have the same color.

3. **Output the Result**: If any set of three adjacent sides has the same color, output "YES". Otherwise, output "NO".

## Pseudocode

```
function check_adjacent_colors(test_cases):
    for each test_case in test_cases:
        colors = test_case.split()
        if (colors[0] == colors[2] == colors[5] or  # Front, Left, Bottom
            colors[0] == colors[3] == colors[5] or  # Front, Right, Bottom
            colors[1] == colors[2] == colors[4] or  # Back, Left, Top
            colors[1] == colors[3] == colors[4] or  # Back, Right, Top
            colors[0] == colors[2] == colors[4] or  # Front, Left, Top
            colors[0] == colors[3] == colors[4] or  # Front, Right, Top
            colors[1] == colors[2] == colors[5] or  # Back, Left, Bottom
            colors[1] == colors[3] == colors[5]):   # Back, Right, Bottom
            print("YES")
        else:
            print("NO")
```

## Final Python Solution

```python
def check_adjacent_colors(test_cases):
    for test_case in test_cases:
        colors = test_case.split()
        # Check all possible sets of three adjacent sides
        if (colors[0] == colors[2] == colors[5] or  # Front, Left, Bottom
            colors[0] == colors[3] == colors[5] or  # Front, Right, Bottom
            colors[1] == colors[2] == colors[4] or  # Back, Left, Top
            colors[1] == colors[3] == colors[4] or  # Back, Right, Top
            colors[0] == colors[2] == colors[4] or  # Front, Left, Top
            colors[0] == colors[3] == colors[4] or  # Front, Right, Top
            colors[1] == colors[2] == colors[5] or  # Back, Left, Bottom
            colors[1] == colors[3] == colors[5]):   # Back, Right, Bottom
            print("YES")
        else:
            print("NO")

# Read input
import sys
input = sys.stdin.read
data = input().strip().split('\n')

# First line is the number of test cases
T = int(data[0])

# Remaining lines are the test cases
test_cases = data[1:T+1]

# Check each test case
check_adjacent_colors(test_cases)
```

This solution reads the input, processes each test case, and checks the specified sets of adjacent sides for matching colors, outputting "YES" or "NO" accordingly.
INFO - [Task id] 1227 [prompt] 
[Environment Feedback]:
    Note: Inputs/outputs here are automatically extracted/truncated so formatting may be a bit off.
    Tests passed:

     Input: ['2', 'blue yellow green orange black green', 'green yellow green orange black green'] Output: NO
    YES

    Tests failed:
    None
[/Environment Feedback]

INFO - [Task id] 1227 [prompt] 
## Instructions
Now, summarize your attempts as a **standalone** document for your own future reference. (can skip formalities, be concise)

- Only include the most relevant information and code snippets that could be useful in the future.
- If you did not learn much from the current experience (e.g. the problem was too easy), feel free to write less or nothing at all.
- Here are some ideas if the experience was useful:
    - Identifying the core concepts and patterns that problem appears to test for
    - Describing the strategies that seemed to work but did not, and vice versa
    - Describing unexpected errors and how they were fixed

Your summary should be at most a few paragraphs.

INFO - [Task id] 1227 [generation text] In this problem, the core concept was understanding the adjacency of sides on a cube and checking if any set of three adjacent sides are painted the same color. The challenge was to correctly identify the sets of adjacent sides and efficiently check them for each test case.

The strategy that worked was to list all possible sets of three adjacent sides on a cube and then check each set for color uniformity. This approach was straightforward and efficient given the constraints, as it involved a constant number of checks per test case.

The problem was relatively simple, and there were no unexpected errors. The solution involved iterating over the test cases, splitting the input to get the colors, and then using a series of logical conditions to determine if any of the specified sets of sides were the same color. The use of direct string comparison for the colors was effective and avoided unnecessary complexity.

Overall, the problem reinforced the importance of understanding geometric relationships and translating them into logical conditions in code. The solution was efficient and passed all test cases without issues.
INFO - LM call n parse attempt 1 / 3

INFO - [Task id] 1227 [prompt] 
You are an expert programmer tasked with solving the problem below.

Follow the user's instructions to solve the problem.
The user can ask for analysis, code, or both.

## Instructions
When asked to output code,
- Make sure to wrap your code in '```python' and '```' Markdown delimiters, 
- include exactly one block of code with the entire solution
- No outside libraries are allowed. 
- Builtins are allowed.
- If the task specifies a function name to be used, follow it strictly (be case sensitive!) and declare the that function last (helper functions are declared first).
- DO NOT write any assert statements / tests.

## Problem
[BEGIN PROBLEM]
One day, Chef found a cube which has each of its sides painted in some color out of black, blue, red, green, yellow and orange.
Now he asks you to check if he can choose three sides such that they are pairwise adjacent and painted in the same color.

-----Input-----
- The first line of the input contains an integer T denoting the number of test cases.
- A single line of each test case contains six words denoting the colors of painted sides in the order: front, back, left, right, top and bottom, respectively.

-----Output-----
For each test case, output a single line containing the word "YES" or "NO" (without quotes) corresponding to the answer of the problem.

-----Constraints-----
- 1 ≤ T ≤  50000 
- Each color will be from the list {"black", "blue", "red", "green", "yellow", "orange"}

-----Subtasks-----
Subtask 1: (25 points)
- 1 ≤ T ≤  12000 
- For each test case there will be at most three different colors

Subtask 2: (75 points)
- Original constraints

-----Example-----
Input:
2
blue yellow green orange black green
green yellow green orange black green

Output:
NO
YES

-----Explanation-----

Example case 1.
There are no three sides with the same color.

Example case 2.
In this test case, the front, bottom and left sides are green (see picture).

The output code needs to read from and write to standard IO


[END PROBLEM]

INFO - [Task id] 1227 [prompt] 
## Instructions

Reason through the problem and:
1. Restate the problem in plain English
2. Conceptualize a solution first in plain English
3. Write a pseudocode solution
4. Output the final Python 3 solution with your solution steps in comments.

Make sure to wrap your code in '```python' and '```' Markdown delimiters, 
and include exactly one block of code with the entire solution.

No outside libraries are allowed.
Builtins are allowed.

INFO - [Task id] 1227 [prompt] ## Problem Restatement

We have a cube with each of its six sides painted in one of six possible colors: black, blue, red, green, yellow, or orange. For each test case, we are given the colors of the six sides in a specific order: front, back, left, right, top, and bottom. Our task is to determine if there are three sides that are pairwise adjacent and painted in the same color. If such a set of sides exists, we should output "YES"; otherwise, output "NO".

## Conceptual Solution

1. **Understand Adjacency on a Cube**: On a cube, the following sets of three sides are pairwise adjacent:
   - Front, Left, Bottom
   - Front, Right, Bottom
   - Back, Left, Top
   - Back, Right, Top
   - Front, Left, Top
   - Front, Right, Top
   - Back, Left, Bottom
   - Back, Right, Bottom

2. **Check Each Test Case**: For each test case, we need to check if any of these sets of three sides have the same color.

3. **Output the Result**: If any set of three adjacent sides has the same color, output "YES". Otherwise, output "NO".

## Pseudocode

```
function check_adjacent_colors(test_cases):
    for each test_case in test_cases:
        colors = test_case.split()
        if (colors[0] == colors[2] == colors[5] or  # Front, Left, Bottom
            colors[0] == colors[3] == colors[5] or  # Front, Right, Bottom
            colors[1] == colors[2] == colors[4] or  # Back, Left, Top
            colors[1] == colors[3] == colors[4] or  # Back, Right, Top
            colors[0] == colors[2] == colors[4] or  # Front, Left, Top
            colors[0] == colors[3] == colors[4] or  # Front, Right, Top
            colors[1] == colors[2] == colors[5] or  # Back, Left, Bottom
            colors[1] == colors[3] == colors[5]):   # Back, Right, Bottom
            print("YES")
        else:
            print("NO")
```

## Final Python Solution

```python
def check_adjacent_colors(test_cases):
    for test_case in test_cases:
        colors = test_case.split()
        # Check all possible sets of three adjacent sides
        if (colors[0] == colors[2] == colors[5] or  # Front, Left, Bottom
            colors[0] == colors[3] == colors[5] or  # Front, Right, Bottom
            colors[1] == colors[2] == colors[4] or  # Back, Left, Top
            colors[1] == colors[3] == colors[4] or  # Back, Right, Top
            colors[0] == colors[2] == colors[4] or  # Front, Left, Top
            colors[0] == colors[3] == colors[4] or  # Front, Right, Top
            colors[1] == colors[2] == colors[5] or  # Back, Left, Bottom
            colors[1] == colors[3] == colors[5]):   # Back, Right, Bottom
            print("YES")
        else:
            print("NO")

# Read input
import sys
input = sys.stdin.read
data = input().strip().split('\n')

# First line is the number of test cases
T = int(data[0])

# Remaining lines are the test cases
test_cases = data[1:T+1]

# Check each test case
check_adjacent_colors(test_cases)
```

This solution reads the input, processes each test case, and checks the specified sets of adjacent sides for matching colors, outputting "YES" or "NO" accordingly.
INFO - [Task id] 1227 [prompt] 
[Environment Feedback]:
    Note: Inputs/outputs here are automatically extracted/truncated so formatting may be a bit off.
    Tests passed:

     Input: ['2', 'blue yellow green orange black green', 'green yellow green orange black green'] Output: NO
    YES

    Tests failed:
    None
[/Environment Feedback]

INFO - [Task id] 1227 [prompt] 
Below is the official solution (do exercise discretion as official solutions can also have mistakes).

You will be reflecting on your attempts to solve the problem.
This will be a **standalone** document for your own future reference. (can skip formalities, be concise)

## Instructions
- Only include the most relevant insights and code snippets that could be useful in the future.
- If you did not learn much from the current experience (e.g. the problem was too easy / official solution was obvious), feel free to write less or nothing at all.
- Here are some ideas if the experience was useful:
    - If the official solution is insightful (e.g. better than yours in time and space complexity or more effective in breaking down the problem statement), distil the key approach of the official solution, step by step.
    - If your approach failed the test cases, reason why the official solution works but yours does not

Your reflection should be at most a few paragraphs.

## Official solution
for _ in range(int(input())):
 l=list(map(str,input().split()))
 a=[(1,3,5),(1,3,6),(1,4,5),(1,4,6),(2,3,5),(2,3,6),(2,4,5),(2,4,6)]
 c=0
 for i in a:
  if len(set([l[i[0]-1],l[i[1]-1],l[i[2]-1]]))==1:
   c=1
   break
 if c==1:
  print("YES")
 else:
  print("NO")


INFO - [Task id] 1227 [generation text] In this problem, both my solution and the official solution correctly identify whether there are three pairwise adjacent sides of a cube that are painted the same color. However, there are some differences in implementation that are worth noting:

1. **Indexing and Adjacency Sets**: 
   - My solution directly checks each possible set of three adjacent sides using hardcoded indices. This approach is straightforward and easy to understand.
   - The official solution uses a list of tuples to represent the indices of the adjacent sides. This makes the code more flexible and easier to modify if the adjacency rules change or if additional checks are needed.

2. **Checking for Same Color**:
   - My solution uses a series of `or` conditions to check if any of the sets of sides have the same color.
   - The official solution uses a set to check if all three sides in a set have the same color. This is a more elegant and concise way to perform the check, as it leverages the properties of a set to determine if all elements are identical.

3. **Control Flow**:
   - My solution uses a simple `if-else` structure to print "YES" or "NO".
   - The official solution uses a flag (`c`) to determine the output, which is set when a matching set of sides is found. This approach is slightly more complex but can be useful if additional logic is needed after finding a match.

Overall, the official solution is slightly more elegant due to its use of sets and a list of tuples to manage adjacency checks. This makes the code more maintainable and adaptable to changes. In future problems, considering the use of data structures like sets for equality checks and lists for managing related data can lead to cleaner and more efficient code.
INFO - Updated entry: In this problem, the core concept was understanding the adjacency of sides on a cube and checking if any set of three adjacent sides are painted the same color. The challenge was to correctly identify the sets of adjacent sides and efficiently check them for each test case.

The strategy that wor...,

INFO - Metadata: {
    "task_id": 1227
}

INFO - Updated entry: In this problem, both my solution and the official solution correctly identify whether there are three pairwise adjacent sides of a cube that are painted the same color. However, there are some differences in implementation that are worth noting:

1. **Indexing and Adjacency Sets**: 
   - My solu...,

INFO - Metadata: {
    "task_id": 1227
}

INFO - LM call n parse attempt 1 / 3

INFO - [Task id] 1227 [prompt] 
You are a helpful assistant that writes a description of the given function written in the Python programming language.

1) Do not mention the function name.
2) Do not mention anything about helper functions.
3) There might be some helper functions before the main function, but you only need to describe the main function.
4) Try to summarize the function in no more than 6 sentences.
5) Your response should be a single line of text.

INFO - [Task id] 1227 [prompt] 
def check_adjacent_colors(test_cases):
    for test_case in test_cases:
        colors = test_case.split()
        # Check all possible sets of three adjacent sides
        if (colors[0] == colors[2] == colors[5] or  # Front, Left, Bottom
            colors[0] == colors[3] == colors[5] or  # Front, Right, Bottom
            colors[1] == colors[2] == colors[4] or  # Back, Left, Top
            colors[1] == colors[3] == colors[4] or  # Back, Right, Top
            colors[0] == colors[2] == colors[4] or  # Front, Left, Top
            colors[0] == colors[3] == colors[4] or  # Front, Right, Top
            colors[1] == colors[2] == colors[5] or  # Back, Left, Bottom
            colors[1] == colors[3] == colors[5]):   # Back, Right, Bottom
            print("YES")
        else:
            print("NO")

# Read input
import sys
input = sys.stdin.read
data = input().strip().split('\n')

# First line is the number of test cases
T = int(data[0])

# Remaining lines are the test cases
test_cases = data[1:T+1]

# Check each test case
check_adjacent_colors(test_cases)


The main function is `check_adjacent_colors`.
INFO - [Task id] 1227 [generation text] The function processes a list of test cases, where each test case is a string representing colors on the sides of a cube. For each test case, it checks if any set of three specific adjacent sides of the cube have the same color. The sides considered are combinations of front, back, left, right, top, and bottom. If any of these combinations have the same color, it prints "YES"; otherwise, it prints "NO". The function iterates over each test case and performs this check independently.
INFO - LM call n parse attempt 1 / 3

INFO - [Task id] 1227 [prompt] 
You are a helpful assistant that extracts important information from problems and solutions to aid in searchability and education.

## Instructions
- Read through the problem and solution carefully.
- Reason out, step by step, in what scenarios this knowledge would be useful.
- Focus on general patterns and situations to help connect this knowledge to new situations.
- Then, include a list of keywords that are useful for searching this problem/solution pair.

## Response format
Respond in JSON, and follow the keys and expected format of the values strictly.

The output should be formatted as a JSON instance that conforms to the JSON schema below.

As an example, for the schema {"properties": {"foo": {"title": "Foo", "description": "a list of strings", "type": "array", "items": {"type": "string"}}}, "required": ["foo"]}
the object {"foo": ["bar", "baz"]} is a well-formatted instance of the schema. The object {"properties": {"foo": ["bar", "baz"]}} is not well-formatted.

Here is the output schema:
```
{"properties": {"scenarios": {"description": "In what scenarios will this knowledge be useful? Answer in a paragraph.", "title": "Scenarios", "type": "string"}, "keywords": {"description": "List of keywords that are useful for searching this problem/solution pair", "items": {"type": "string"}, "title": "Keywords", "type": "array"}}, "required": ["scenarios", "keywords"]}
```

INFO - [Task id] 1227 [prompt] 
[Problem]
    One day, Chef found a cube which has each of its sides painted in some color out of black, blue, red, green, yellow and orange.
    Now he asks you to check if he can choose three sides such that they are pairwise adjacent and painted in the same color.

    -----Input-----
    - The first line of the input contains an integer T denoting the number of test cases.
    - A single line of each test case contains six words denoting the colors of painted sides in the order: front, back, left, right, top and bottom, respectively.

    -----Output-----
    For each test case, output a single line containing the word "YES" or "NO" (without quotes) corresponding to the answer of the problem.

    -----Constraints-----
    - 1 ≤ T ≤  50000 
    - Each color will be from the list {"black", "blue", "red", "green", "yellow", "orange"}

    -----Subtasks-----
    Subtask 1: (25 points)
    - 1 ≤ T ≤  12000 
    - For each test case there will be at most three different colors

    Subtask 2: (75 points)
    - Original constraints

    -----Example-----
    Input:
    2
    blue yellow green orange black green
    green yellow green orange black green

    Output:
    NO
    YES

    -----Explanation-----

    Example case 1.
    There are no three sides with the same color.

    Example case 2.
    In this test case, the front, bottom and left sides are green (see picture).
[/Problem]

[Solution]

    def check_adjacent_colors(test_cases):
        for test_case in test_cases:
            colors = test_case.split()
            # Check all possible sets of three adjacent sides
            if (colors[0] == colors[2] == colors[5] or  # Front, Left, Bottom
                colors[0] == colors[3] == colors[5] or  # Front, Right, Bottom
                colors[1] == colors[2] == colors[4] or  # Back, Left, Top
                colors[1] == colors[3] == colors[4] or  # Back, Right, Top
                colors[0] == colors[2] == colors[4] or  # Front, Left, Top
                colors[0] == colors[3] == colors[4] or  # Front, Right, Top
                colors[1] == colors[2] == colors[5] or  # Back, Left, Bottom
                colors[1] == colors[3] == colors[5]):   # Back, Right, Bottom
                print("YES")
            else:
                print("NO")

    # Read input
    import sys
    input = sys.stdin.read
    data = input().strip().split('\n')

    # First line is the number of test cases
    T = int(data[0])

    # Remaining lines are the test cases
    test_cases = data[1:T+1]

    # Check each test case
    check_adjacent_colors(test_cases)

[/Solution]

INFO - [Task id] 1227 [generation text] 
INFO - {
    "scenarios": "This knowledge is useful in scenarios where you need to determine if a set of conditions is met based on adjacency or arrangement, such as in puzzles, games, or spatial reasoning problems. Specifically, it applies to problems involving cubes or other 3D objects where you need to check for patterns or specific configurations of colors or attributes. This can be extended to any situation where you need to verify if a subset of elements in a structured set (like the sides of a cube) meet a certain condition, such as being the same color or having the same property. It is also relevant in optimization problems where you need to quickly determine if a configuration meets certain criteria, especially when dealing with large datasets or multiple test cases.",
    "keywords": [
        "cube",
        "adjacent sides",
        "color matching",
        "3D geometry",
        "spatial reasoning",
        "pattern recognition",
        "test cases",
        "algorithm",
        "puzzle",
        "configuration check"
    ]
}
INFO - {
    "scenarios": "This knowledge is useful in scenarios where you need to determine if a set of conditions is met based on adjacency or arrangement, such as in puzzles, games, or spatial reasoning problems. Specifically, it applies to problems involving cubes or other 3D objects where you need to check for patterns or specific configurations of colors or attributes. This can be extended to any situation where you need to verify if a subset of elements in a structured set (like the sides of a cube) meet a certain condition, such as being the same color or having the same property. It is also relevant in optimization problems where you need to quickly determine if a configuration meets certain criteria, especially when dealing with large datasets or multiple test cases.",
    "keywords": [
        "cube",
        "adjacent sides",
        "color matching",
        "3D geometry",
        "spatial reasoning",
        "pattern recognition",
        "test cases",
        "algorithm",
        "puzzle",
        "configuration check"
    ]
}
INFO - Updated entry: 
[description for function: check_adjacent_colors]
The function processes a list of test cases, where each test case is a string representing colors on the sides of a cube. For each test case, it checks if any set of three specific adjacent sides of the cube have the same color. The sides conside...,

INFO - Metadata: {
    "task": 1227,
    "code": "\ndef check_adjacent_colors(test_cases):\n    for test_case in test_cases:\n        colors = test_case.split()\n        # Check all possible sets of three adjacent sides\n        if (colors[0] == colors[2] == colors[5] or  # Front, Left, Bottom\n            colors...

