INFO - DB skill doc count: 0

INFO - DB non_func doc count: 34

INFO - DB semantic doc count: 429

INFO - DB summaries doc count: 46

INFO - DB reflections doc count: 46

INFO - DB episodic doc count: 0

INFO - [train iter]: 46/100 

INFO - The task prompt is Give me Chocolate

Anushka wants to buy chocolates.there are many chocolates in front of her, tagged with their prices.

Anushka has only a certain amount to spend, and she wants to maximize the number of chocolates she buys with this money.

Given a list of prices and an amount to spend, what is...

INFO - Attempting task_id 1401
INFO - LM call n parse attempt 1 / 3

INFO - [Task id] 1401 [prompt] 
You are an expert programmer tasked with solving the problem below.

Follow the user's instructions to solve the problem.
The user can ask for analysis, code, or both.

## Instructions
When asked to output code,
- Make sure to wrap your code in '```python' and '```' Markdown delimiters, 
- include exactly one block of code with the entire solution
- No outside libraries are allowed. 
- Builtins are allowed.
- If the task specifies a function name to be used, follow it strictly (be case sensitive!) and declare the that function last (helper functions are declared first).
- DO NOT write any assert statements / tests.

## Problem
[BEGIN PROBLEM]
Give me Chocolate

Anushka wants to buy chocolates.there are many chocolates in front of her, tagged with their prices.

Anushka has only a certain amount to spend, and she wants to maximize the number of chocolates she buys with this money.

Given a list of prices and an amount to spend, what is the maximum number of chocolates Anushka can buy? 

For example, 

if prices =[1,2,3,4]
and Anushka has k=7 to spend, she can buy items [1,2,3] for 6 , or [3,4] for 7 units of currency. she would choose the first group of 3 items.

Input Format

The first line contains two integers, n and k , the number of priced chocolates and the amount Anushka has to spend.

The next line contains n space-separated integers prices[i]

Constraints

1<= n <= 105

1<= k <= 109

1<= prices[i] <= 109



A chocolate can't be bought multiple times.

Output Format

An integer that denotes the maximum number of chocolates Anushka can buy for her.

Sample Input

7 50

1 12 5 111 200 1000 10

Sample Output

4

Explanation

she can buy only 4 chocolatess at most. These chocolates have the following prices: 1, 12, 5, 10.

The output code needs to read from and write to standard IO


[END PROBLEM]

INFO - [Task id] 1401 [prompt] 
## Instructions

Reason through the problem and:
1. Restate the problem in plain English
2. Conceptualize a solution first in plain English
3. Write a pseudocode solution
4. Output the final Python 3 solution with your solution steps in comments.

Make sure to wrap your code in '```python' and '```' Markdown delimiters, 
and include exactly one block of code with the entire solution.

No outside libraries are allowed.
Builtins are allowed.

INFO - [Task id] 1401 [generation text] 1. **Restate the problem in plain English:**
   Anushka wants to buy as many chocolates as possible without exceeding her budget. Each chocolate has a specific price, and we need to determine the maximum number of chocolates she can buy given a list of prices and a total amount of money she can spend.

2. **Conceptualize a solution first in plain English:**
   To solve this problem, we can follow these steps:
   - First, sort the list of chocolate prices in ascending order. This way, we can start buying the cheapest chocolates first, which will allow Anushka to maximize the number of chocolates she can buy.
   - Initialize a counter to keep track of the number of chocolates bought and a variable to keep track of the total money spent.
   - Iterate through the sorted list of prices, and for each price, check if adding that price to the total spent would exceed the budget. If it does not exceed the budget, add the price to the total spent and increment the counter. If it does exceed the budget, stop the process as we cannot afford any more chocolates.

3. **Write a pseudocode solution:**
   ```
   function max_chocolates(n, k, prices):
       sort prices in ascending order
       initialize count = 0
       initialize total_spent = 0
       
       for price in prices:
           if total_spent + price <= k:
               total_spent += price
               count += 1
           else:
               break
       
       return count
   ```

4. **Output the final Python 3 solution with your solution steps in comments:**
```python
def max_chocolates(n, k, prices):
    # Step 1: Sort the prices in ascending order
    prices.sort()
    
    # Step 2: Initialize count of chocolates and total money spent
    count = 0
    total_spent = 0
    
    # Step 3: Iterate through the sorted prices
    for price in prices:
        # Step 4: Check if we can afford the current chocolate
        if total_spent + price <= k:
            total_spent += price  # Add the price to total spent
            count += 1            # Increment the count of chocolates bought
        else:
            break  # Stop if we can't afford the next chocolate
    
    # Step 5: Return the total count of chocolates bought
    return count

# Reading input
n, k = map(int, input().split())
prices = list(map(int, input().split()))

# Output the result
print(max_chocolates(n, k, prices))
```
INFO - [35m Rollout attempt 1/4[0m
INFO - [33m Retrieving 3 entries for db: semantic 
 [0m
INFO - Retrieved (score=0.4687):
Chapter: Bit manipulation
Section: Dynamic programming
Part: 1/2
\section{Dynamic programming}

Bit operations provide an efficient and convenient
way to implement dynamic programming algorithms
whose states contain subsets of elements,
because such states can be stored as integers.
Next we discu...


INFO - Retrieved (score=0.4717):
Chapter: Greedy algorithms
Section: Coin problem
Part: 1/1
\chapter{Greedy algorithms}

\index{greedy algorithm}

A \key{greedy algorithm}
constructs a solution to the problem
by always making a choice that looks
the best at the moment.
A greedy algorithm never takes back
its choices, but directl...


INFO - Retrieved (score=0.4806):
Chapter: Dynamic programming
Section: Coin problem
Part: 2/2
$:
\begin{lstlisting}
value[0] = 0;
for (int x = 1; x <= n; x++) {
    value[x] = INF;
    for (auto c : coins) {
        if (x-c >= 0) {
            value[x] = min(value[x], value[x-c]+1);
        }
    }
}
\end{lstlisting}

In fact, m...


INFO - [33m Retrieving 3 entries for db: reflections 
 [0m
INFO - Retrieved (score=0.3857):
In my attempts to solve the permutation problem, I learned several key insights about the approach and logic required to derive a valid permutation that meets the specified conditions. 

### Key Insights:
1. **Understanding the Function f(P)**: The function \( f(P) \) is defined as the sum of the...


INFO - Retrieved (score=0.4217):
The official solution is concise and effectively addresses the problem with minimal code. It follows a straightforward approach that aligns closely with my own solution, but it is more succinct. Here are the key insights from the official solution:

1. **Input Handling**: The official solution us...


INFO - Retrieved (score=0.4322):
The official solution provides a much more efficient approach to the problem than my initial attempt. The key insight is recognizing that the number of rooms that can be tiled completely is directly related to the largest perfect square that can be formed with the tiles available. 

### Key Steps...


INFO - [33m Retrieving 3 entries for db: summaries 
 [0m
INFO - Retrieved (score=0.3350):
In this task, I was required to help Chef determine the maximum number of Division-3 contests he could host based on the number of problems created by several setters. The key concepts involved were summing the total number of problems, calculating how many complete contests could be formed, and ...


INFO - Retrieved (score=0.3485):
In this problem, the goal was to count the number of subsets from a set of natural numbers {1, 2, ..., N} where a specific number I appears at a specific position K in the sorted order of the subset. The challenge was to efficiently handle multiple queries, especially given the constraints where ...


INFO - Retrieved (score=0.3769):
In this task, the goal was to find the most frequently occurring largest prime factor from a list of integers across multiple test cases. The solution involved two main components: determining the largest prime factor for each number and counting the occurrences of these prime factors.

The appro...


INFO - [33m Retrieving 3 entries for db: non_func 
 [0m
INFO - Retrieved (score=0.4420):

[description for function: max_contests]
The function processes multiple test cases to determine the maximum number of contests that can be hosted based on the number of problems created by setters, the number of problems required for each contest, and the available days. For each test case, it ...


INFO - Retrieved (score=0.4829):

[description]
This function calculates the maximum sum of pizza slices that can be taken, given a list of slice values. It determines the number of slices that can be selected based on the total number of slices available. The function evaluates two scenarios: one where the first slice is includ...


INFO - Retrieved (score=0.5149):

[description for function: solve]
This function processes multiple test cases where it reads the number of walls and their positions, followed by a series of queries with coordinates. For each query, it calculates the sum of the coordinates and checks if this sum matches any wall position. If it...


INFO - Retrieved (score=0.3350): 
[Summary]:
    In this task, I was required to help Chef determine the maximum number of Division-3 contests he could host based on the number of problems created by several setters. The key concepts involved were summing the total number of problems, calculating how many complete contests could...
INFO - Retrieved (score=0.3485): 
[Summary]:
    In this problem, the goal was to count the number of subsets from a set of natural numbers {1, 2, ..., N} where a specific number I appears at a specific position K in the sorted order of the subset. The challenge was to efficiently handle multiple queries, especially given the co...
INFO - Retrieved (score=0.3769): 
[Summary]:
    In this task, the goal was to find the most frequently occurring largest prime factor from a list of integers across multiple test cases. The solution involved two main components: determining the largest prime factor for each number and counting the occurrences of these prime fac...
INFO - LM call n parse attempt 1 / 3

INFO - [Task id] 1401 [prompt] 
You are an expert programmer tasked with solving the problem below.

Follow the user's instructions to solve the problem.
The user can ask for analysis, code, or both.

## Instructions
When asked to output code,
- Make sure to wrap your code in '```python' and '```' Markdown delimiters, 
- include exactly one block of code with the entire solution
- No outside libraries are allowed. 
- Builtins are allowed.
- If the task specifies a function name to be used, follow it strictly (be case sensitive!) and declare the that function last (helper functions are declared first).
- DO NOT write any assert statements / tests.

## Problem
[BEGIN PROBLEM]
Give me Chocolate

Anushka wants to buy chocolates.there are many chocolates in front of her, tagged with their prices.

Anushka has only a certain amount to spend, and she wants to maximize the number of chocolates she buys with this money.

Given a list of prices and an amount to spend, what is the maximum number of chocolates Anushka can buy? 

For example, 

if prices =[1,2,3,4]
and Anushka has k=7 to spend, she can buy items [1,2,3] for 6 , or [3,4] for 7 units of currency. she would choose the first group of 3 items.

Input Format

The first line contains two integers, n and k , the number of priced chocolates and the amount Anushka has to spend.

The next line contains n space-separated integers prices[i]

Constraints

1<= n <= 105

1<= k <= 109

1<= prices[i] <= 109



A chocolate can't be bought multiple times.

Output Format

An integer that denotes the maximum number of chocolates Anushka can buy for her.

Sample Input

7 50

1 12 5 111 200 1000 10

Sample Output

4

Explanation

she can buy only 4 chocolatess at most. These chocolates have the following prices: 1, 12, 5, 10.

The output code needs to read from and write to standard IO


[END PROBLEM]

INFO - [Task id] 1401 [prompt] 
## Instructions

Reason through the problem and:
1. Restate the problem in plain English
2. Conceptualize a solution first in plain English
3. Write a pseudocode solution
4. Output the final Python 3 solution with your solution steps in comments.

Make sure to wrap your code in '```python' and '```' Markdown delimiters, 
and include exactly one block of code with the entire solution.

No outside libraries are allowed.
Builtins are allowed.

INFO - [Task id] 1401 [prompt] 
Also, here are some of your memories.
Feel free to use the given information to aid your problem solving process if necessary.
Do not confuse the memories with the problem statement.

## Memories

[Summary]:
    In this task, I was required to help Chef determine the maximum number of Division-3 contests he could host based on the number of problems created by several setters. The key concepts involved were summing the total number of problems, calculating how many complete contests could be formed, and ensuring that the number of contests did not exceed the available days.

    The solution involved reading multiple test cases, processing each to compute the total problems, and then determining the maximum contests Chef could host by comparing the number of possible contests with the number of days available. The approach was straightforward and efficient, leveraging basic arithmetic operations and list summation.

    The final implementation successfully handled the input and output requirements, and the logic was validated against provided test cases. There were no unexpected errors, and the solution performed as expected, demonstrating a clear understanding of the problem's constraints and requirements. The code snippet used for the solution is as follows:

    ```python
    def max_contests(T, test_cases):
        for case in test_cases:
            N, K, D = case[0], case[1], case[2]
            A = case[3]
            total_problems = sum(A)
            contests_possible = total_problems // K
            max_contests = min(contests_possible, D)
            print(max_contests)

    T = int(input())
    test_cases = []
    for _ in range(T):
        N, K, D = map(int, input().split())
        A = list(map(int, input().split()))
        test_cases.append((N, K, D, A))

    max_contests(T, test_cases)
    ``` 

    This experience reinforced the importance of breaking down the problem into manageable parts and ensuring that the solution adheres to the constraints provided.
[/Summary]


[Summary]:
    In this problem, the goal was to count the number of subsets from a set of natural numbers {1, 2, ..., N} where a specific number I appears at a specific position K in the sorted order of the subset. The challenge was to efficiently handle multiple queries, especially given the constraints where N can be as large as 4000 and the number of queries can reach up to 1,000,000.

    The initial attempts focused on calculating binomial coefficients to determine how many ways we could select elements from the set. However, the logic for combining these counts was flawed, particularly in how subsets were counted based on the position of I. The key realization was that for I to be at position K, we needed to choose K-1 elements from those less than I and any number of elements from those greater than I. This led to the use of the expression `2^right_count` to account for all possible subsets from the right side.

    The final solution involved a correct implementation of the binomial coefficient calculation and the use of bit shifting to efficiently compute powers of two. The code was structured to read input, process each query, and output results in a single operation to optimize performance.

    Here’s the final code snippet for reference:

    ```python
    def binomial_coefficient(n, k):
        if k > n or k < 0:
            return 0
        if k == 0 or k == n:
            return 1
        res = 1
        for i in range(1, k + 1):
            res = res * (n - i + 1) // i
        return res

    def solve():
        import sys
        input = sys.stdin.read
        data = input().splitlines()
    
        MOD = 10**9 + 7
        index = 0
        T = int(data[index])
        index += 1
        results = []
    
        for _ in range(T):
            N, Q = map(int, data[index].split())
            index += 1
        
            for __ in range(Q):
                I, K = map(int, data[index].split())
                index += 1
            
                if K > N or K < 1 or I < K:
                    results.append(0)
                    continue
            
                left_count = I - 1
                right_count = N - I
            
                total_subsets = (binomial_coefficient(left_count, K - 1) * (1 << right_count)) % MOD
                results.append(total_subsets)
    
        sys.stdout.write('\n'.join(map(str, results)) + '\n')

    solve()
    ```

    This experience reinforced the importance of carefully analyzing the requirements of combinatorial problems and ensuring that all conditions are accounted for in the calculations.
[/Summary]


[Summary]:
    In this task, the goal was to find the most frequently occurring largest prime factor from a list of integers across multiple test cases. The solution involved two main components: determining the largest prime factor for each number and counting the occurrences of these prime factors.

    The approach I took was to implement a function `largest_prime_factor` that efficiently calculates the largest prime factor of a given number using trial division. This function checks for divisibility starting from the smallest prime (2) and continues with odd numbers up to the square root of the number. The main function `solve` reads input, processes each test case, and maintains a count of the largest prime factors using a dictionary.

    The solution was straightforward and worked as expected, passing the provided test cases. Key concepts included prime factorization and frequency counting, which are common in problems involving number theory. The implementation was efficient enough to handle the upper limits of the constraints without performance issues.

    Overall, the experience reinforced the importance of understanding prime factorization and efficient counting techniques in algorithm design. The final code snippet is as follows:

    ```python
    def largest_prime_factor(n):
        largest_prime = 1
        while n % 2 == 0:
            largest_prime = 2
            n //= 2
        for i in range(3, int(n**0.5) + 1, 2):
            while n % i == 0:
                largest_prime = i
                n //= i
        if n > 2:
            largest_prime = n
        return largest_prime

    def solve():
        import sys
        input = sys.stdin.read
        data = input().splitlines()
    
        T = int(data[0])
        results = []
    
        index = 1
        for _ in range(T):
            N = int(data[index])
            index += 1
            elements = list(map(int, data[index].split()))
            index += 1
        
            prime_count = {}
        
            for number in elements:
                largest_prime = largest_prime_factor(number)
                if largest_prime in prime_count:
                    prime_count[largest_prime] += 1
                else:
                    prime_count[largest_prime] = 1
        
            max_count = -1
            result_prime = -1
        
            for prime, count in prime_count.items():
                if count > max_count or (count == max_count and prime > result_prime):
                    max_count = count
                    result_prime = prime
        
            results.append(result_prime)
    
        for res in results:
            print(res)

    solve()
    ```
[/Summary]


INFO - [Task id] 1401 [generation text] 1. **Restate the problem in plain English**: 
   Anushka wants to buy as many chocolates as possible with a limited amount of money. Each chocolate has a specific price, and she needs to determine the maximum number of chocolates she can buy without exceeding her budget.

2. **Conceptualize a solution first in plain English**: 
   To solve this problem, we can follow these steps:
   - First, we will sort the list of chocolate prices in ascending order. This way, we can start buying the cheapest chocolates first, which will allow Anushka to maximize the number of chocolates she can buy.
   - Then, we will iterate through the sorted list of prices, keeping track of the total amount spent and the number of chocolates bought. We will stop when adding the next chocolate's price would exceed her budget.

3. **Write a pseudocode solution**:
   ```
   function max_chocolates(n, k, prices):
       sort prices in ascending order
       total_spent = 0
       chocolates_bought = 0
       
       for price in prices:
           if total_spent + price <= k:
               total_spent += price
               chocolates_bought += 1
           else:
               break
       
       return chocolates_bought

   read n and k from input
   read prices from input
   result = max_chocolates(n, k, prices)
   print result
   ```

4. **Output the final Python 3 solution with your solution steps in comments**:
```python
def max_chocolates(n, k, prices):
    # Sort the prices in ascending order
    prices.sort()
    
    total_spent = 0  # Initialize total amount spent
    chocolates_bought = 0  # Initialize count of chocolates bought
    
    # Iterate through the sorted prices
    for price in prices:
        # Check if we can buy this chocolate without exceeding the budget
        if total_spent + price <= k:
            total_spent += price  # Update total spent
            chocolates_bought += 1  # Increment the count of chocolates bought
        else:
            break  # Stop if we can't afford the next chocolate
    
    return chocolates_bought  # Return the maximum number of chocolates bought

# Read input values
n, k = map(int, input().split())
prices = list(map(int, input().split()))

# Call the function and print the result
result = max_chocolates(n, k, prices)
print(result)
```
INFO - program_code:
 
def max_chocolates(n, k, prices):
    # Sort the prices in ascending order
    prices.sort()
    
    total_spent = 0  # Initialize total amount spent
    chocolates_bought = 0  # Initialize count of chocolates bought
    
    # Iterate through the sorted prices
    for price in prices:
        # Check if we can buy this chocolate without exceeding the budget
        if total_spent + price <= k:
            total_spent += price  # Update total spent
            chocolates_bought += 1  # Increment the count of chocolates bought
        else:
            break  # Stop if we can't afford the next chocolate
    
    return chocolates_bought  # Return the maximum number of chocolates bought

# Read input values
n, k = map(int, input().split())
prices = list(map(int, input().split()))

# Call the function and print the result
result = max_chocolates(n, k, prices)
print(result)


INFO - program_name:
 max_chocolates

INFO - dependencies:
 []

INFO - raw_msg:
 1. **Restate the problem in plain English**: 
   Anushka wants to buy as many chocolates as possible with a limited amount of money. Each chocolate has a specific price, and she needs to determine the maximum number of chocolates she can buy without exceeding her budget.

2. **Conceptualize a solution first in plain English**: 
   To solve this problem, we can follow these steps:
   - First, we will sort the list of chocolate prices in ascending order. This way, we can start buying the cheapest chocolates first, which will allow Anushka to maximize the number of chocolates she can buy.
   - Then, we will iterate through the sorted list of prices, keeping track of the total amount spent and the number of chocolates bought. We will stop when adding the next chocolate's price would exceed her budget.

3. **Write a pseudocode solution**:
   ```
   function max_chocolates(n, k, prices):
       sort prices in ascending order
       total_spent = 0
       chocolates_bought = 0
       
       for price in prices:
           if total_spent + price <= k:
               total_spent += price
               chocolates_bought += 1
           else:
               break
       
       return chocolates_bought

   read n and k from input
   read prices from input
   result = max_chocolates(n, k, prices)
   print result
   ```

4. **Output the final Python 3 solution with your solution steps in comments**:
```python
def max_chocolates(n, k, prices):
    # Sort the prices in ascending order
    prices.sort()
    
    total_spent = 0  # Initialize total amount spent
    chocolates_bought = 0  # Initialize count of chocolates bought
    
    # Iterate through the sorted prices
    for price in prices:
        # Check if we can buy this chocolate without exceeding the budget
        if total_spent + price <= k:
            total_spent += price  # Update total spent
            chocolates_bought += 1  # Increment the count of chocolates bought
        else:
            break  # Stop if we can't afford the next chocolate
    
    return chocolates_bought  # Return the maximum number of chocolates bought

# Read input values
n, k = map(int, input().split())
prices = list(map(int, input().split()))

# Call the function and print the result
result = max_chocolates(n, k, prices)
print(result)
```

INFO - no_parent:
 False

INFO - full code to be executed: 
 
def max_chocolates(n, k, prices):
    # Sort the prices in ascending order
    prices.sort()
    
    total_spent = 0  # Initialize total amount spent
    chocolates_bought = 0  # Initialize count of chocolates bought
    
    # Iterate through the sorted prices
    for price in prices:
        # Check if we can buy this chocolate without exceeding the budget
        if total_spent + price <= k:
            total_spent += price  # Update total spent
            chocolates_bought += 1  # Increment the count of chocolates bought
        else:
            break  # Stop if we can't afford the next chocolate
    
    return chocolates_bought  # Return the maximum number of chocolates bought

# Read input values
n, k = map(int, input().split())
prices = list(map(int, input().split()))

# Call the function and print the result
result = max_chocolates(n, k, prices)
print(result)


INFO - obs: Note: Inputs/outputs here are automatically extracted/truncated so formatting may be a bit off.
Tests passed:

 Input: ['7 50', '1 12 5 111 200 1000 10'] Output: 4

Tests failed:
None
reward: True
done: None
info: {'individual_results': [True]}
INFO - LM call n parse attempt 1 / 3

INFO - [Task id] 1401 [prompt] 
You are an expert programmer tasked with solving the problem below.

Follow the user's instructions to solve the problem.
The user can ask for analysis, code, or both.

## Instructions
When asked to output code,
- Make sure to wrap your code in '```python' and '```' Markdown delimiters, 
- include exactly one block of code with the entire solution
- No outside libraries are allowed. 
- Builtins are allowed.
- If the task specifies a function name to be used, follow it strictly (be case sensitive!) and declare the that function last (helper functions are declared first).
- DO NOT write any assert statements / tests.

## Problem
[BEGIN PROBLEM]
Give me Chocolate

Anushka wants to buy chocolates.there are many chocolates in front of her, tagged with their prices.

Anushka has only a certain amount to spend, and she wants to maximize the number of chocolates she buys with this money.

Given a list of prices and an amount to spend, what is the maximum number of chocolates Anushka can buy? 

For example, 

if prices =[1,2,3,4]
and Anushka has k=7 to spend, she can buy items [1,2,3] for 6 , or [3,4] for 7 units of currency. she would choose the first group of 3 items.

Input Format

The first line contains two integers, n and k , the number of priced chocolates and the amount Anushka has to spend.

The next line contains n space-separated integers prices[i]

Constraints

1<= n <= 105

1<= k <= 109

1<= prices[i] <= 109



A chocolate can't be bought multiple times.

Output Format

An integer that denotes the maximum number of chocolates Anushka can buy for her.

Sample Input

7 50

1 12 5 111 200 1000 10

Sample Output

4

Explanation

she can buy only 4 chocolatess at most. These chocolates have the following prices: 1, 12, 5, 10.

The output code needs to read from and write to standard IO


[END PROBLEM]

INFO - [Task id] 1401 [prompt] 
## Instructions

Reason through the problem and:
1. Restate the problem in plain English
2. Conceptualize a solution first in plain English
3. Write a pseudocode solution
4. Output the final Python 3 solution with your solution steps in comments.

Make sure to wrap your code in '```python' and '```' Markdown delimiters, 
and include exactly one block of code with the entire solution.

No outside libraries are allowed.
Builtins are allowed.

INFO - [Task id] 1401 [prompt] 1. **Restate the problem in plain English**: 
   Anushka wants to buy as many chocolates as possible with a limited amount of money. Each chocolate has a specific price, and she needs to determine the maximum number of chocolates she can buy without exceeding her budget.

2. **Conceptualize a solution first in plain English**: 
   To solve this problem, we can follow these steps:
   - First, we will sort the list of chocolate prices in ascending order. This way, we can start buying the cheapest chocolates first, which will allow Anushka to maximize the number of chocolates she can buy.
   - Then, we will iterate through the sorted list of prices, keeping track of the total amount spent and the number of chocolates bought. We will stop when adding the next chocolate's price would exceed her budget.

3. **Write a pseudocode solution**:
   ```
   function max_chocolates(n, k, prices):
       sort prices in ascending order
       total_spent = 0
       chocolates_bought = 0
       
       for price in prices:
           if total_spent + price <= k:
               total_spent += price
               chocolates_bought += 1
           else:
               break
       
       return chocolates_bought

   read n and k from input
   read prices from input
   result = max_chocolates(n, k, prices)
   print result
   ```

4. **Output the final Python 3 solution with your solution steps in comments**:
```python
def max_chocolates(n, k, prices):
    # Sort the prices in ascending order
    prices.sort()
    
    total_spent = 0  # Initialize total amount spent
    chocolates_bought = 0  # Initialize count of chocolates bought
    
    # Iterate through the sorted prices
    for price in prices:
        # Check if we can buy this chocolate without exceeding the budget
        if total_spent + price <= k:
            total_spent += price  # Update total spent
            chocolates_bought += 1  # Increment the count of chocolates bought
        else:
            break  # Stop if we can't afford the next chocolate
    
    return chocolates_bought  # Return the maximum number of chocolates bought

# Read input values
n, k = map(int, input().split())
prices = list(map(int, input().split()))

# Call the function and print the result
result = max_chocolates(n, k, prices)
print(result)
```
INFO - [Task id] 1401 [prompt] 
[Environment Feedback]:
    Note: Inputs/outputs here are automatically extracted/truncated so formatting may be a bit off.
    Tests passed:

     Input: ['7 50', '1 12 5 111 200 1000 10'] Output: 4

    Tests failed:
    None
[/Environment Feedback]

INFO - [Task id] 1401 [prompt] 
## Instructions
Now, summarize your attempts as a **standalone** document for your own future reference. (can skip formalities, be concise)

- Only include the most relevant information and code snippets that could be useful in the future.
- If you did not learn much from the current experience (e.g. the problem was too easy), feel free to write less or nothing at all.
- Here are some ideas if the experience was useful:
    - Identifying the core concepts and patterns that problem appears to test for
    - Describing the strategies that seemed to work but did not, and vice versa
    - Describing unexpected errors and how they were fixed

Your summary should be at most a few paragraphs.

INFO - [Task id] 1401 [generation text] In this task, the goal was to determine the maximum number of chocolates Anushka can buy given a list of prices and a budget. The core concept involved sorting the prices to prioritize cheaper chocolates, allowing for the maximization of the quantity purchased within the budget constraints.

The solution strategy was straightforward: sort the prices in ascending order, then iterate through the sorted list, keeping track of the total spent and the number of chocolates bought. The iteration stops when adding another chocolate's price would exceed the budget. This greedy approach effectively ensures that the maximum number of chocolates is purchased.

The implementation was successful, with the provided code passing the sample test case. The key takeaway is the importance of sorting and a greedy algorithm in optimization problems involving budget constraints. The solution was efficient and adhered to the problem's constraints, demonstrating a clear understanding of the requirements. 

Here’s the final code snippet for future reference:

```python
def max_chocolates(n, k, prices):
    prices.sort()
    total_spent = 0
    chocolates_bought = 0
    
    for price in prices:
        if total_spent + price <= k:
            total_spent += price
            chocolates_bought += 1
        else:
            break
    
    return chocolates_bought

n, k = map(int, input().split())
prices = list(map(int, input().split()))
result = max_chocolates(n, k, prices)
print(result)
``` 

This experience reinforced the effectiveness of sorting and greedy algorithms in solving optimization problems efficiently.
INFO - LM call n parse attempt 1 / 3

INFO - [Task id] 1401 [prompt] 
You are an expert programmer tasked with solving the problem below.

Follow the user's instructions to solve the problem.
The user can ask for analysis, code, or both.

## Instructions
When asked to output code,
- Make sure to wrap your code in '```python' and '```' Markdown delimiters, 
- include exactly one block of code with the entire solution
- No outside libraries are allowed. 
- Builtins are allowed.
- If the task specifies a function name to be used, follow it strictly (be case sensitive!) and declare the that function last (helper functions are declared first).
- DO NOT write any assert statements / tests.

## Problem
[BEGIN PROBLEM]
Give me Chocolate

Anushka wants to buy chocolates.there are many chocolates in front of her, tagged with their prices.

Anushka has only a certain amount to spend, and she wants to maximize the number of chocolates she buys with this money.

Given a list of prices and an amount to spend, what is the maximum number of chocolates Anushka can buy? 

For example, 

if prices =[1,2,3,4]
and Anushka has k=7 to spend, she can buy items [1,2,3] for 6 , or [3,4] for 7 units of currency. she would choose the first group of 3 items.

Input Format

The first line contains two integers, n and k , the number of priced chocolates and the amount Anushka has to spend.

The next line contains n space-separated integers prices[i]

Constraints

1<= n <= 105

1<= k <= 109

1<= prices[i] <= 109



A chocolate can't be bought multiple times.

Output Format

An integer that denotes the maximum number of chocolates Anushka can buy for her.

Sample Input

7 50

1 12 5 111 200 1000 10

Sample Output

4

Explanation

she can buy only 4 chocolatess at most. These chocolates have the following prices: 1, 12, 5, 10.

The output code needs to read from and write to standard IO


[END PROBLEM]

INFO - [Task id] 1401 [prompt] 
## Instructions

Reason through the problem and:
1. Restate the problem in plain English
2. Conceptualize a solution first in plain English
3. Write a pseudocode solution
4. Output the final Python 3 solution with your solution steps in comments.

Make sure to wrap your code in '```python' and '```' Markdown delimiters, 
and include exactly one block of code with the entire solution.

No outside libraries are allowed.
Builtins are allowed.

INFO - [Task id] 1401 [prompt] 1. **Restate the problem in plain English**: 
   Anushka wants to buy as many chocolates as possible with a limited amount of money. Each chocolate has a specific price, and she needs to determine the maximum number of chocolates she can buy without exceeding her budget.

2. **Conceptualize a solution first in plain English**: 
   To solve this problem, we can follow these steps:
   - First, we will sort the list of chocolate prices in ascending order. This way, we can start buying the cheapest chocolates first, which will allow Anushka to maximize the number of chocolates she can buy.
   - Then, we will iterate through the sorted list of prices, keeping track of the total amount spent and the number of chocolates bought. We will stop when adding the next chocolate's price would exceed her budget.

3. **Write a pseudocode solution**:
   ```
   function max_chocolates(n, k, prices):
       sort prices in ascending order
       total_spent = 0
       chocolates_bought = 0
       
       for price in prices:
           if total_spent + price <= k:
               total_spent += price
               chocolates_bought += 1
           else:
               break
       
       return chocolates_bought

   read n and k from input
   read prices from input
   result = max_chocolates(n, k, prices)
   print result
   ```

4. **Output the final Python 3 solution with your solution steps in comments**:
```python
def max_chocolates(n, k, prices):
    # Sort the prices in ascending order
    prices.sort()
    
    total_spent = 0  # Initialize total amount spent
    chocolates_bought = 0  # Initialize count of chocolates bought
    
    # Iterate through the sorted prices
    for price in prices:
        # Check if we can buy this chocolate without exceeding the budget
        if total_spent + price <= k:
            total_spent += price  # Update total spent
            chocolates_bought += 1  # Increment the count of chocolates bought
        else:
            break  # Stop if we can't afford the next chocolate
    
    return chocolates_bought  # Return the maximum number of chocolates bought

# Read input values
n, k = map(int, input().split())
prices = list(map(int, input().split()))

# Call the function and print the result
result = max_chocolates(n, k, prices)
print(result)
```
INFO - [Task id] 1401 [prompt] 
[Environment Feedback]:
    Note: Inputs/outputs here are automatically extracted/truncated so formatting may be a bit off.
    Tests passed:

     Input: ['7 50', '1 12 5 111 200 1000 10'] Output: 4

    Tests failed:
    None
[/Environment Feedback]

INFO - [Task id] 1401 [prompt] 
Below is the official solution (do exercise discretion as official solutions can also have mistakes).

You will be reflecting on your attempts to solve the problem.
This will be a **standalone** document for your own future reference. (can skip formalities, be concise)

## Instructions
- Only include the most relevant insights and code snippets that could be useful in the future.
- If you did not learn much from the current experience (e.g. the problem was too easy / official solution was obvious), feel free to write less or nothing at all.
- Here are some ideas if the experience was useful:
    - If the official solution is insightful (e.g. better than yours in time and space complexity or more effective in breaking down the problem statement), distil the key approach of the official solution, step by step.
    - If your approach failed the test cases, reason why the official solution works but yours does not

Your reflection should be at most a few paragraphs.

## Official solution
n,k = map(int,input().split())
prices = list(map(int,input().split()))
prices.sort()
sum,cnt = 0, 0
for price in prices:
 sum += price
 if sum <= k: cnt += 1
 else: break
print(cnt)

INFO - [Task id] 1401 [generation text] The official solution effectively solves the problem by following a straightforward approach that closely resembles my own. Both solutions involve sorting the prices of chocolates and then iterating through the sorted list to accumulate the total spent while counting the number of chocolates bought. 

Key insights from the official solution include:
- The use of a single loop to both accumulate the total spent and count the chocolates, which simplifies the logic and reduces the need for additional variables.
- The condition to check if the total spent exceeds the budget is placed immediately after updating the sum, which makes the code concise and easy to follow.

One notable difference is that the official solution initializes the sum and count in a single line, which is a minor stylistic choice but contributes to cleaner code. Additionally, the official solution does not require a separate function, which may be more suitable for simpler problems where encapsulation is not necessary.

Overall, the official solution is efficient and clear, and it reinforces the importance of sorting and greedy algorithms in maximizing purchases within a budget. My approach was correct, but the official solution's brevity and clarity provide a good reference for future coding practices.
INFO - Updated entry: In this task, the goal was to determine the maximum number of chocolates Anushka can buy given a list of prices and a budget. The core concept involved sorting the prices to prioritize cheaper chocolates, allowing for the maximization of the quantity purchased within the budget constraints.

The ...,

INFO - Metadata: {
    "task_id": 1401
}

INFO - Updated entry: The official solution effectively solves the problem by following a straightforward approach that closely resembles my own. Both solutions involve sorting the prices of chocolates and then iterating through the sorted list to accumulate the total spent while counting the number of chocolates boug...,

INFO - Metadata: {
    "task_id": 1401
}

INFO - LM call n parse attempt 1 / 3

INFO - [Task id] 1401 [prompt] 
You are a helpful assistant that writes a description of the given function written in the Python programming language.

1) Do not mention the function name.
2) Do not mention anything about helper functions.
3) There might be some helper functions before the main function, but you only need to describe the main function.
4) Try to summarize the function in no more than 6 sentences.
5) Your response should be a single line of text.

INFO - [Task id] 1401 [prompt] 
def max_chocolates(n, k, prices):
    # Sort the prices in ascending order
    prices.sort()
    
    total_spent = 0  # Initialize total amount spent
    chocolates_bought = 0  # Initialize count of chocolates bought
    
    # Iterate through the sorted prices
    for price in prices:
        # Check if we can buy this chocolate without exceeding the budget
        if total_spent + price <= k:
            total_spent += price  # Update total spent
            chocolates_bought += 1  # Increment the count of chocolates bought
        else:
            break  # Stop if we can't afford the next chocolate
    
    return chocolates_bought  # Return the maximum number of chocolates bought

# Read input values
n, k = map(int, input().split())
prices = list(map(int, input().split()))

# Call the function and print the result
result = max_chocolates(n, k, prices)
print(result)


The main function is `max_chocolates`.
INFO - [Task id] 1401 [generation text] This function calculates the maximum number of chocolates that can be bought within a given budget by first sorting the prices of the chocolates in ascending order. It then iterates through the sorted prices, adding the price of each chocolate to a total spent amount as long as the budget is not exceeded. If adding the next chocolate's price would exceed the budget, the iteration stops. The function keeps track of the count of chocolates purchased and returns this count as the result. The approach ensures that the maximum number of chocolates is bought by prioritizing cheaper options first. Overall, it efficiently determines how many chocolates can be acquired without surpassing the specified budget.
INFO - LM call n parse attempt 1 / 3

INFO - [Task id] 1401 [prompt] 
You are a helpful assistant that extracts important information from problems and solutions to aid in searchability and education.

## Instructions
- Read through the problem and solution carefully.
- Reason out, step by step, in what scenarios this knowledge would be useful.
- Focus on general patterns and situations to help connect this knowledge to new situations.
- Then, include a list of keywords that are useful for searching this problem/solution pair.

## Response format
Respond in JSON, and follow the keys and expected format of the values strictly.

The output should be formatted as a JSON instance that conforms to the JSON schema below.

As an example, for the schema {"properties": {"foo": {"title": "Foo", "description": "a list of strings", "type": "array", "items": {"type": "string"}}}, "required": ["foo"]}
the object {"foo": ["bar", "baz"]} is a well-formatted instance of the schema. The object {"properties": {"foo": ["bar", "baz"]}} is not well-formatted.

Here is the output schema:
```
{"properties": {"scenarios": {"description": "In what scenarios will this knowledge be useful? Answer in a paragraph.", "title": "Scenarios", "type": "string"}, "keywords": {"description": "List of keywords that are useful for searching this problem/solution pair", "items": {"type": "string"}, "title": "Keywords", "type": "array"}}, "required": ["scenarios", "keywords"]}
```

INFO - [Task id] 1401 [prompt] 
[Problem]
    Give me Chocolate

    Anushka wants to buy chocolates.there are many chocolates in front of her, tagged with their prices.

    Anushka has only a certain amount to spend, and she wants to maximize the number of chocolates she buys with this money.

    Given a list of prices and an amount to spend, what is the maximum number of chocolates Anushka can buy? 

    For example, 

    if prices =[1,2,3,4]
    and Anushka has k=7 to spend, she can buy items [1,2,3] for 6 , or [3,4] for 7 units of currency. she would choose the first group of 3 items.

    Input Format

    The first line contains two integers, n and k , the number of priced chocolates and the amount Anushka has to spend.

    The next line contains n space-separated integers prices[i]

    Constraints

    1<= n <= 105

    1<= k <= 109

    1<= prices[i] <= 109



    A chocolate can't be bought multiple times.

    Output Format

    An integer that denotes the maximum number of chocolates Anushka can buy for her.

    Sample Input

    7 50

    1 12 5 111 200 1000 10

    Sample Output

    4

    Explanation

    she can buy only 4 chocolatess at most. These chocolates have the following prices: 1, 12, 5, 10.
[/Problem]

[Solution]

    def max_chocolates(n, k, prices):
        # Sort the prices in ascending order
        prices.sort()
    
        total_spent = 0  # Initialize total amount spent
        chocolates_bought = 0  # Initialize count of chocolates bought
    
        # Iterate through the sorted prices
        for price in prices:
            # Check if we can buy this chocolate without exceeding the budget
            if total_spent + price <= k:
                total_spent += price  # Update total spent
                chocolates_bought += 1  # Increment the count of chocolates bought
            else:
                break  # Stop if we can't afford the next chocolate
    
        return chocolates_bought  # Return the maximum number of chocolates bought

    # Read input values
    n, k = map(int, input().split())
    prices = list(map(int, input().split()))

    # Call the function and print the result
    result = max_chocolates(n, k, prices)
    print(result)

[/Solution]

INFO - [Task id] 1401 [generation text] 
INFO - {
    "scenarios": "This knowledge is useful in scenarios where individuals or businesses need to optimize their purchases within a budget. For example, it can be applied in retail settings where customers want to maximize the quantity of items they can buy without exceeding their financial limits. Additionally, this approach can be beneficial in event planning, where organizers need to allocate a fixed budget for catering or gifts, ensuring they get the most value for their money. It can also be relevant in programming contests or algorithm design, where similar optimization problems are common.",
    "keywords": [
        "chocolate",
        "budget optimization",
        "maximizing purchases",
        "greedy algorithm",
        "sorting",
        "input constraints",
        "algorithm design",
        "shopping problem"
    ]
}
INFO - {
    "scenarios": "This knowledge is useful in scenarios where individuals or businesses need to optimize their purchases within a budget. For example, it can be applied in retail settings where customers want to maximize the quantity of items they can buy without exceeding their financial limits. Additionally, this approach can be beneficial in event planning, where organizers need to allocate a fixed budget for catering or gifts, ensuring they get the most value for their money. It can also be relevant in programming contests or algorithm design, where similar optimization problems are common.",
    "keywords": [
        "chocolate",
        "budget optimization",
        "maximizing purchases",
        "greedy algorithm",
        "sorting",
        "input constraints",
        "algorithm design",
        "shopping problem"
    ]
}
INFO - Updated entry: 
[description for function: max_chocolates]
This function calculates the maximum number of chocolates that can be bought within a given budget by first sorting the prices of the chocolates in ascending order. It then iterates through the sorted prices, adding the price of each chocolate to a tota...,

INFO - Metadata: {
    "task": 1401,
    "code": "\ndef max_chocolates(n, k, prices):\n    # Sort the prices in ascending order\n    prices.sort()\n    \n    total_spent = 0  # Initialize total amount spent\n    chocolates_bought = 0  # Initialize count of chocolates bought\n    \n    # Iterate through the sorted...

