INFO - DB skill doc count: 0

INFO - DB non_func doc count: 52

INFO - DB semantic doc count: 429

INFO - DB summaries doc count: 67

INFO - DB reflections doc count: 67

INFO - DB episodic doc count: 0

INFO - [train iter]: 67/100 

INFO - The task prompt is Given an array A of integers, return the length of the longest arithmetic subsequence in A.
Recall that a subsequence of A is a list A[i_1], A[i_2], ..., A[i_k] with 0 <= i_1 < i_2 < ... < i_k <= A.length - 1, and that a sequence B is arithmetic if B[i+1] - B[i] are all the same value (for 0 <= i...

INFO - Attempting task_id 309
INFO - LM call n parse attempt 1 / 3

INFO - [Task id] 309 [prompt] 
You are an expert programmer tasked with solving the problem below.

Follow the user's instructions to solve the problem.
The user can ask for analysis, code, or both.

## Instructions
When asked to output code,
- Make sure to wrap your code in '```python' and '```' Markdown delimiters, 
- include exactly one block of code with the entire solution
- No outside libraries are allowed. 
- Builtins are allowed.
- If the task specifies a function name to be used, follow it strictly (be case sensitive!) and declare the that function last (helper functions are declared first).
- DO NOT write any assert statements / tests.

## Problem
[BEGIN PROBLEM]
Given an array A of integers, return the length of the longest arithmetic subsequence in A.
Recall that a subsequence of A is a list A[i_1], A[i_2], ..., A[i_k] with 0 <= i_1 < i_2 < ... < i_k <= A.length - 1, and that a sequence B is arithmetic if B[i+1] - B[i] are all the same value (for 0 <= i < B.length - 1).
 
Example 1:
Input: A = [3,6,9,12]
Output: 4
Explanation: 
The whole array is an arithmetic sequence with steps of length = 3.

Example 2:
Input: A = [9,4,7,2,10]
Output: 3
Explanation: 
The longest arithmetic subsequence is [4,7,10].

Example 3:
Input: A = [20,1,15,3,10,5,8]
Output: 4
Explanation: 
The longest arithmetic subsequence is [20,15,10,5].

 
Constraints:

2 <= A.length <= 1000
0 <= A[i] <= 500

The output code needs to use the provided function signature

The final python function should begin with: 
```python

class Solution:
    def longestArithSeqLength(self, A: List[int]) -> int:
        
```

[END PROBLEM]

INFO - [Task id] 309 [prompt] 
## Instructions

Reason through the problem and:
1. Restate the problem in plain English
2. Conceptualize a solution first in plain English
3. Write a pseudocode solution
4. Output the final Python 3 solution with your solution steps in comments.

Make sure to wrap your code in '```python' and '```' Markdown delimiters, 
and include exactly one block of code with the entire solution.

No outside libraries are allowed.
Builtins are allowed.

INFO - [Task id] 309 [generation text] 1. **Restate the problem in plain English:**
   We need to find the length of the longest subsequence in a given list of integers where the difference between consecutive elements in that subsequence is constant. A subsequence is formed by selecting elements from the list while maintaining their original order.

2. **Conceptualize a solution first in plain English:**
   To solve this problem, we can use a dynamic programming approach. We will maintain a dictionary to store the lengths of arithmetic subsequences for each possible difference between elements. For each pair of elements in the list, we will calculate the difference and update the length of the subsequence that can be formed with that difference. The maximum length found during this process will be our answer.

3. **Write a pseudocode solution:**
   ```
   Initialize a variable max_length to 0
   Create a list dp of size equal to the length of A, initialized with empty dictionaries
   For each element A[i] in A:
       For each previous element A[j] where j < i:
           Calculate the difference diff = A[i] - A[j]
           If diff is not in dp[j], initialize it to 1
           Update dp[i][diff] to be the maximum of its current value or dp[j][diff] + 1
           Update max_length to be the maximum of max_length and dp[i][diff]
   Return max_length + 1 (to account for the first element in the subsequence)
   ```

4. **Output the final Python 3 solution with your solution steps in comments:**
```python
class Solution:
    def longestArithSeqLength(self, A: list[int]) -> int:
        # Initialize the maximum length of arithmetic subsequence
        max_length = 0
        
        # Create a list of dictionaries to store lengths of subsequences
        dp = [{} for _ in range(len(A))]
        
        # Iterate through each element in the array
        for i in range(len(A)):
            for j in range(i):
                # Calculate the difference between the current and previous element
                diff = A[i] - A[j]
                
                # If this difference has not been seen at index j, initialize it
                if diff not in dp[j]:
                    dp[j][diff] = 1
                
                # Update the length of the subsequence at index i for this difference
                if diff in dp[i]:
                    dp[i][diff] = max(dp[i][diff], dp[j][diff] + 1)
                else:
                    dp[i][diff] = dp[j][diff] + 1
                
                # Update the maximum length found so far
                max_length = max(max_length, dp[i][diff])
        
        # Return the maximum length found plus one for the first element
        return max_length + 1
```
INFO - [35m Rollout attempt 1/4[0m
INFO - [33m Retrieving 3 entries for db: semantic 
 [0m
INFO - Retrieved (score=0.3662):
Title: Longest increasing subsequence
Part: 1/3
# Longest increasing subsequence

We are given an array with $n$ numbers: $a[0 \dots n-1]$.
The task is to find the longest, strictly increasing, subsequence in $a$.

Formally we look for the longest sequence of indices $i_1, \dots i_k$ such that

$...


INFO - Retrieved (score=0.3977):
Title: Longest increasing subsequence
Part: 3/3
```

### Restoring the subsequence

It is also possible to restore the subsequence using this approach.
This time we have to maintain two auxiliary arrays.
One that tells us the index of the elements in $d[]$.
And again we have to create an array of...


INFO - Retrieved (score=0.4002):
Title: Longest increasing subsequence
Part: 2/3
```

### Alternative way of restoring the subsequence

It is also possible to restore the subsequence without the auxiliary array $p[]$.
We can simply recalculate the current value of $d[i]$ and also see how the maximum was reached.

This method lea...


INFO - [33m Retrieving 3 entries for db: reflections 
 [0m
INFO - Retrieved (score=0.3768):
The official solution employs a more efficient approach to find the length of the longest increasing subsequence (LIS) using a combination of dynamic programming and binary search, achieving a time complexity of O(n log n). This is a significant improvement over the O(n^2) complexity of my initia...


INFO - Retrieved (score=0.4379):
The official solution employs a dynamic programming approach that efficiently calculates the maximum sum of pizza slices while considering the constraints of the problem. Here are the key insights and steps from the official solution:

1. **Initialization**: Two lists, `a` and `b`, are initialize...


INFO - Retrieved (score=0.4391):
The official solution effectively addresses the problem of sorting the books by determining the longest increasing subsequence (LIS) in the given arrangement. The key insight is that the minimum number of moves required to sort the books is equal to the total number of books minus the length of t...


INFO - [33m Retrieving 3 entries for db: summaries 
 [0m
INFO - Retrieved (score=0.2808):
The problem involved finding the length of the longest increasing subsequence (LIS) in an unsorted array of integers. The solution utilized a dynamic programming approach, which is a common strategy for problems involving subsequences. The key concept was to maintain an array that tracks the leng...


INFO - Retrieved (score=0.3092):
In this task, the goal was to find the length of the shortest contiguous subarray with a sum at least \( K \). The solution involved using a sliding window technique combined with prefix sums to efficiently track the sums of subarrays.

The core concept was to maintain a running sum while iterati...


INFO - Retrieved (score=0.3529):
The problem involved calculating the number of unique results from the bitwise OR of all contiguous subarrays of a given array of non-negative integers. The key insight was that the bitwise OR operation accumulates values, meaning that once a new element is included in the subarray, the result ca...


INFO - [33m Retrieving 3 entries for db: non_func 
 [0m
INFO - Retrieved (score=0.3710):

[description]
This function calculates the length of the longest increasing subsequence in a given list of integers. It first checks if the list is empty and returns 0 if so. An array is initialized to keep track of the lengths of increasing subsequences ending at each index. The function then i...


INFO - Retrieved (score=0.4277):

[description]
This function finds the length of the shortest contiguous subarray within a given list of integers that has a sum of at least a specified value, K. It first calculates the prefix sums of the array to facilitate quick sum calculations of any subarray. Then, it uses a two-pointer tec...


INFO - Retrieved (score=0.4471):

[description for function: solve]
This function reads multiple test cases from standard input, where each test case consists of two integers, A and B. It first checks if A and B are equal, in which case it appends -1 to the results list, indicating infinite solutions. If they are not equal, it c...


INFO - Retrieved (score=0.2808): 
[Summary]:
    The problem involved finding the length of the longest increasing subsequence (LIS) in an unsorted array of integers. The solution utilized a dynamic programming approach, which is a common strategy for problems involving subsequences. The key concept was to maintain an array that...
INFO - Retrieved (score=0.3092): 
[Summary]:
    In this task, the goal was to find the length of the shortest contiguous subarray with a sum at least \( K \). The solution involved using a sliding window technique combined with prefix sums to efficiently track the sums of subarrays.

    The core concept was to maintain a runni...
INFO - Retrieved (score=0.3529): 
[Summary]:
    The problem involved calculating the number of unique results from the bitwise OR of all contiguous subarrays of a given array of non-negative integers. The key insight was that the bitwise OR operation accumulates values, meaning that once a new element is included in the subarra...
INFO - LM call n parse attempt 1 / 3

INFO - [Task id] 309 [prompt] 
You are an expert programmer tasked with solving the problem below.

Follow the user's instructions to solve the problem.
The user can ask for analysis, code, or both.

## Instructions
When asked to output code,
- Make sure to wrap your code in '```python' and '```' Markdown delimiters, 
- include exactly one block of code with the entire solution
- No outside libraries are allowed. 
- Builtins are allowed.
- If the task specifies a function name to be used, follow it strictly (be case sensitive!) and declare the that function last (helper functions are declared first).
- DO NOT write any assert statements / tests.

## Problem
[BEGIN PROBLEM]
Given an array A of integers, return the length of the longest arithmetic subsequence in A.
Recall that a subsequence of A is a list A[i_1], A[i_2], ..., A[i_k] with 0 <= i_1 < i_2 < ... < i_k <= A.length - 1, and that a sequence B is arithmetic if B[i+1] - B[i] are all the same value (for 0 <= i < B.length - 1).
 
Example 1:
Input: A = [3,6,9,12]
Output: 4
Explanation: 
The whole array is an arithmetic sequence with steps of length = 3.

Example 2:
Input: A = [9,4,7,2,10]
Output: 3
Explanation: 
The longest arithmetic subsequence is [4,7,10].

Example 3:
Input: A = [20,1,15,3,10,5,8]
Output: 4
Explanation: 
The longest arithmetic subsequence is [20,15,10,5].

 
Constraints:

2 <= A.length <= 1000
0 <= A[i] <= 500

The output code needs to use the provided function signature

The final python function should begin with: 
```python

class Solution:
    def longestArithSeqLength(self, A: List[int]) -> int:
        
```

[END PROBLEM]

INFO - [Task id] 309 [prompt] 
## Instructions

Reason through the problem and:
1. Restate the problem in plain English
2. Conceptualize a solution first in plain English
3. Write a pseudocode solution
4. Output the final Python 3 solution with your solution steps in comments.

Make sure to wrap your code in '```python' and '```' Markdown delimiters, 
and include exactly one block of code with the entire solution.

No outside libraries are allowed.
Builtins are allowed.

INFO - [Task id] 309 [prompt] 
Also, here are some of your memories.
Feel free to use the given information to aid your problem solving process if necessary.
Do not confuse the memories with the problem statement.

## Memories

[Summary]:
    The problem involved finding the length of the longest increasing subsequence (LIS) in an unsorted array of integers. The solution utilized a dynamic programming approach, which is a common strategy for problems involving subsequences. The key concept was to maintain an array that tracks the length of the LIS ending at each index, updating it based on previous elements.

    The implemented algorithm iterated through the input array, comparing each element with all previous elements to determine if they could form an increasing subsequence. If they could, the length of the subsequence was updated accordingly. The final result was obtained by taking the maximum value from the array that tracked the lengths.

    The code snippet for the solution is as follows:

    ```python
    class Solution:
        def lengthOfLIS(self, nums: List[int]) -> int:
            if not nums:
                return 0
        
            d = [1] * len(nums)
        
            for i in range(1, len(nums)):
                for j in range(i):
                    if nums[j] < nums[i]:
                        d[i] = max(d[i], d[j] + 1)
        
            return max(d)
    ```

    This approach runs in O(n^2) time complexity, which is acceptable for the problem constraints. The solution was successful, passing all tests, indicating that the dynamic programming strategy was effective in this case. No unexpected errors were encountered during the implementation.
[/Summary]


[Summary]:
    In this task, the goal was to find the length of the shortest contiguous subarray with a sum at least \( K \). The solution involved using a sliding window technique combined with prefix sums to efficiently track the sums of subarrays.

    The core concept was to maintain a running sum while iterating through the array. By calculating prefix sums, we could quickly determine the sum of any subarray. The strategy involved expanding the right pointer to include more elements and contracting the left pointer to minimize the length of valid subarrays when the sum condition was met.

    The final implementation successfully handled the requirements and passed the provided test cases. The use of prefix sums allowed for efficient sum calculations, and the sliding window approach ensured that we explored all potential subarrays without unnecessary recalculations. This method proved effective for the problem constraints, demonstrating a clear pattern for solving similar problems involving subarray sums. 

    The final code snippet is as follows:

    ```python
    class Solution:
        def shortestSubarray(self, A: list[int], K: int) -> int:
            n = len(A)
            min_length = float('inf')  # Initialize minimum length as infinity
            current_sum = 0  # Initialize current sum
            left = 0  # Initialize left pointer
            prefix_sums = [0] * (n + 1)  # Create a prefix sum array

            # Calculate prefix sums
            for i in range(n):
                prefix_sums[i + 1] = prefix_sums[i] + A[i]

            # Iterate through the prefix sums
            for right in range(1, n + 1):
                current_sum = prefix_sums[right]  # Current sum is the prefix sum at right
            
                # Check if we can find a valid subarray
                while left < right and current_sum - prefix_sums[left] >= K:
                    min_length = min(min_length, right - left)  # Update minimum length
                    left += 1  # Move left pointer to the right

            # Return the result
            return min_length if min_length != float('inf') else -1
    ``` 

    This experience reinforced the importance of understanding prefix sums and sliding window techniques for efficiently solving subarray problems.
[/Summary]


[Summary]:
    The problem involved calculating the number of unique results from the bitwise OR of all contiguous subarrays of a given array of non-negative integers. The key insight was that the bitwise OR operation accumulates values, meaning that once a new element is included in the subarray, the result can only stay the same or increase. This allowed for an efficient approach to compute results without recalculating the OR from scratch for overlapping subarrays.

    The implemented solution involved iterating through each possible starting index of the subarray and then iterating through each possible ending index, updating the current OR value and storing it in a set to ensure uniqueness. This approach effectively captured all unique results.

    The final code snippet is as follows:

    ```python
    class Solution:
        def subarrayBitwiseORs(self, A: list[int]) -> int:
            unique_results = set()
            for i in range(len(A)):
                current_or = 0
                for j in range(i, len(A)):
                    current_or |= A[j]
                    unique_results.add(current_or)
            return len(unique_results)
    ```

    The solution passed all test cases, indicating that the approach was effective and efficient for the problem constraints. No unexpected errors were encountered during the implementation.
[/Summary]


INFO - [Task id] 309 [generation text] 1. **Restate the problem in plain English**: 
   We need to find the longest subsequence in an array of integers where the difference between consecutive elements is constant. This means that if we take any two elements from the subsequence, the difference between them should be the same for all pairs.

2. **Conceptualize a solution first in plain English**: 
   To solve this problem, we can use a dynamic programming approach. We will maintain a dictionary that keeps track of the lengths of arithmetic subsequences for each possible difference between elements. As we iterate through the array, for each pair of elements, we will calculate the difference and update the length of the subsequence that can be formed with that difference. The maximum length found during this process will be our answer.

3. **Write a pseudocode solution**:
   ```
   Initialize a variable max_length to 0
   Create a list dp of size n (length of A) with each element as an empty dictionary
   For each element A[i] in A:
       For each previous element A[j] where j < i:
           Calculate the difference diff = A[i] - A[j]
           If diff is not in dp[i], initialize it to 0
           Update dp[i][diff] to be the maximum of its current value and dp[j][diff] + 1
           Update max_length to be the maximum of max_length and dp[i][diff] + 1
   Return max_length
   ```

4. **Output the final Python 3 solution**:
```python
class Solution:
    def longestArithSeqLength(self, A: list[int]) -> int:
        n = len(A)
        if n < 2:
            return n
        
        # Initialize a list of dictionaries to store lengths of arithmetic subsequences
        dp = [{} for _ in range(n)]
        max_length = 0  # Variable to track the maximum length found
        
        # Iterate through each element in the array
        for i in range(n):
            for j in range(i):
                diff = A[i] - A[j]  # Calculate the difference
                # If the difference is not in the dictionary for dp[i], initialize it
                if diff not in dp[i]:
                    dp[i][diff] = 0
                # Update the length of the arithmetic subsequence
                dp[i][diff] = max(dp[i][diff], dp[j].get(diff, 0) + 1)
                # Update the maximum length found
                max_length = max(max_length, dp[i][diff] + 1)
        
        return max_length
```
INFO - program_code:
 
class Solution:
    def longestArithSeqLength(self, A: list[int]) -> int:
        n = len(A)
        if n < 2:
            return n
        
        # Initialize a list of dictionaries to store lengths of arithmetic subsequences
        dp = [{} for _ in range(n)]
        max_length = 0  # Variable to track the maximum length found
        
        # Iterate through each element in the array
        for i in range(n):
            for j in range(i):
                diff = A[i] - A[j]  # Calculate the difference
                # If the difference is not in the dictionary for dp[i], initialize it
                if diff not in dp[i]:
                    dp[i][diff] = 0
                # Update the length of the arithmetic subsequence
                dp[i][diff] = max(dp[i][diff], dp[j].get(diff, 0) + 1)
                # Update the maximum length found
                max_length = max(max_length, dp[i][diff] + 1)
        
        return max_length


INFO - program_name:
 

INFO - dependencies:
 []

INFO - raw_msg:
 1. **Restate the problem in plain English**: 
   We need to find the longest subsequence in an array of integers where the difference between consecutive elements is constant. This means that if we take any two elements from the subsequence, the difference between them should be the same for all pairs.

2. **Conceptualize a solution first in plain English**: 
   To solve this problem, we can use a dynamic programming approach. We will maintain a dictionary that keeps track of the lengths of arithmetic subsequences for each possible difference between elements. As we iterate through the array, for each pair of elements, we will calculate the difference and update the length of the subsequence that can be formed with that difference. The maximum length found during this process will be our answer.

3. **Write a pseudocode solution**:
   ```
   Initialize a variable max_length to 0
   Create a list dp of size n (length of A) with each element as an empty dictionary
   For each element A[i] in A:
       For each previous element A[j] where j < i:
           Calculate the difference diff = A[i] - A[j]
           If diff is not in dp[i], initialize it to 0
           Update dp[i][diff] to be the maximum of its current value and dp[j][diff] + 1
           Update max_length to be the maximum of max_length and dp[i][diff] + 1
   Return max_length
   ```

4. **Output the final Python 3 solution**:
```python
class Solution:
    def longestArithSeqLength(self, A: list[int]) -> int:
        n = len(A)
        if n < 2:
            return n
        
        # Initialize a list of dictionaries to store lengths of arithmetic subsequences
        dp = [{} for _ in range(n)]
        max_length = 0  # Variable to track the maximum length found
        
        # Iterate through each element in the array
        for i in range(n):
            for j in range(i):
                diff = A[i] - A[j]  # Calculate the difference
                # If the difference is not in the dictionary for dp[i], initialize it
                if diff not in dp[i]:
                    dp[i][diff] = 0
                # Update the length of the arithmetic subsequence
                dp[i][diff] = max(dp[i][diff], dp[j].get(diff, 0) + 1)
                # Update the maximum length found
                max_length = max(max_length, dp[i][diff] + 1)
        
        return max_length
```

INFO - no_parent:
 False

INFO - full code to be executed: 
 
class Solution:
    def longestArithSeqLength(self, A: list[int]) -> int:
        n = len(A)
        if n < 2:
            return n
        
        # Initialize a list of dictionaries to store lengths of arithmetic subsequences
        dp = [{} for _ in range(n)]
        max_length = 0  # Variable to track the maximum length found
        
        # Iterate through each element in the array
        for i in range(n):
            for j in range(i):
                diff = A[i] - A[j]  # Calculate the difference
                # If the difference is not in the dictionary for dp[i], initialize it
                if diff not in dp[i]:
                    dp[i][diff] = 0
                # Update the length of the arithmetic subsequence
                dp[i][diff] = max(dp[i][diff], dp[j].get(diff, 0) + 1)
                # Update the maximum length found
                max_length = max(max_length, dp[i][diff] + 1)
        
        return max_length


INFO - obs: Note: Inputs/outputs here are automatically extracted/truncated so formatting may be a bit off.
Tests passed:

 Input: [[3, 6, 9, 12]] Output: 4

Tests failed:
None
reward: True
done: None
info: {'individual_results': [True]}
INFO - LM call n parse attempt 1 / 3

INFO - [Task id] 309 [prompt] 
You are an expert programmer tasked with solving the problem below.

Follow the user's instructions to solve the problem.
The user can ask for analysis, code, or both.

## Instructions
When asked to output code,
- Make sure to wrap your code in '```python' and '```' Markdown delimiters, 
- include exactly one block of code with the entire solution
- No outside libraries are allowed. 
- Builtins are allowed.
- If the task specifies a function name to be used, follow it strictly (be case sensitive!) and declare the that function last (helper functions are declared first).
- DO NOT write any assert statements / tests.

## Problem
[BEGIN PROBLEM]
Given an array A of integers, return the length of the longest arithmetic subsequence in A.
Recall that a subsequence of A is a list A[i_1], A[i_2], ..., A[i_k] with 0 <= i_1 < i_2 < ... < i_k <= A.length - 1, and that a sequence B is arithmetic if B[i+1] - B[i] are all the same value (for 0 <= i < B.length - 1).
 
Example 1:
Input: A = [3,6,9,12]
Output: 4
Explanation: 
The whole array is an arithmetic sequence with steps of length = 3.

Example 2:
Input: A = [9,4,7,2,10]
Output: 3
Explanation: 
The longest arithmetic subsequence is [4,7,10].

Example 3:
Input: A = [20,1,15,3,10,5,8]
Output: 4
Explanation: 
The longest arithmetic subsequence is [20,15,10,5].

 
Constraints:

2 <= A.length <= 1000
0 <= A[i] <= 500

The output code needs to use the provided function signature

The final python function should begin with: 
```python

class Solution:
    def longestArithSeqLength(self, A: List[int]) -> int:
        
```

[END PROBLEM]

INFO - [Task id] 309 [prompt] 
## Instructions

Reason through the problem and:
1. Restate the problem in plain English
2. Conceptualize a solution first in plain English
3. Write a pseudocode solution
4. Output the final Python 3 solution with your solution steps in comments.

Make sure to wrap your code in '```python' and '```' Markdown delimiters, 
and include exactly one block of code with the entire solution.

No outside libraries are allowed.
Builtins are allowed.

INFO - [Task id] 309 [prompt] 1. **Restate the problem in plain English**: 
   We need to find the longest subsequence in an array of integers where the difference between consecutive elements is constant. This means that if we take any two elements from the subsequence, the difference between them should be the same for all pairs.

2. **Conceptualize a solution first in plain English**: 
   To solve this problem, we can use a dynamic programming approach. We will maintain a dictionary that keeps track of the lengths of arithmetic subsequences for each possible difference between elements. As we iterate through the array, for each pair of elements, we will calculate the difference and update the length of the subsequence that can be formed with that difference. The maximum length found during this process will be our answer.

3. **Write a pseudocode solution**:
   ```
   Initialize a variable max_length to 0
   Create a list dp of size n (length of A) with each element as an empty dictionary
   For each element A[i] in A:
       For each previous element A[j] where j < i:
           Calculate the difference diff = A[i] - A[j]
           If diff is not in dp[i], initialize it to 0
           Update dp[i][diff] to be the maximum of its current value and dp[j][diff] + 1
           Update max_length to be the maximum of max_length and dp[i][diff] + 1
   Return max_length
   ```

4. **Output the final Python 3 solution**:
```python
class Solution:
    def longestArithSeqLength(self, A: list[int]) -> int:
        n = len(A)
        if n < 2:
            return n
        
        # Initialize a list of dictionaries to store lengths of arithmetic subsequences
        dp = [{} for _ in range(n)]
        max_length = 0  # Variable to track the maximum length found
        
        # Iterate through each element in the array
        for i in range(n):
            for j in range(i):
                diff = A[i] - A[j]  # Calculate the difference
                # If the difference is not in the dictionary for dp[i], initialize it
                if diff not in dp[i]:
                    dp[i][diff] = 0
                # Update the length of the arithmetic subsequence
                dp[i][diff] = max(dp[i][diff], dp[j].get(diff, 0) + 1)
                # Update the maximum length found
                max_length = max(max_length, dp[i][diff] + 1)
        
        return max_length
```
INFO - [Task id] 309 [prompt] 
[Environment Feedback]:
    Note: Inputs/outputs here are automatically extracted/truncated so formatting may be a bit off.
    Tests passed:

     Input: [[3, 6, 9, 12]] Output: 4

    Tests failed:
    None
[/Environment Feedback]

INFO - [Task id] 309 [prompt] 
## Instructions
Now, summarize your attempts as a **standalone** document for your own future reference. (can skip formalities, be concise)

- Only include the most relevant information and code snippets that could be useful in the future.
- If you did not learn much from the current experience (e.g. the problem was too easy), feel free to write less or nothing at all.
- Here are some ideas if the experience was useful:
    - Identifying the core concepts and patterns that problem appears to test for
    - Describing the strategies that seemed to work but did not, and vice versa
    - Describing unexpected errors and how they were fixed

Your summary should be at most a few paragraphs.

INFO - [Task id] 309 [generation text] In solving the problem of finding the length of the longest arithmetic subsequence in an array of integers, I utilized a dynamic programming approach. The key concept was to maintain a list of dictionaries (`dp`), where each dictionary at index `i` tracks the lengths of subsequences for each possible difference between elements up to that index. 

The algorithm iterates through each element in the array and, for each pair of elements, calculates the difference. It updates the length of the arithmetic subsequence in the corresponding dictionary and keeps track of the maximum length found. This approach effectively captures the relationships between elements and their differences, allowing for efficient updates and retrievals.

The final implementation was successful, passing the provided test cases. The code snippet is as follows:

```python
class Solution:
    def longestArithSeqLength(self, A: list[int]) -> int:
        n = len(A)
        if n < 2:
            return n
        
        dp = [{} for _ in range(n)]
        max_length = 0
        
        for i in range(n):
            for j in range(i):
                diff = A[i] - A[j]
                if diff not in dp[i]:
                    dp[i][diff] = 0
                dp[i][diff] = max(dp[i][diff], dp[j].get(diff, 0) + 1)
                max_length = max(max_length, dp[i][diff] + 1)
        
        return max_length
```

This experience reinforced the importance of dynamic programming in solving problems involving subsequences and highlighted the utility of using dictionaries for efficient lookups and updates.
INFO - LM call n parse attempt 1 / 3

INFO - [Task id] 309 [prompt] 
You are an expert programmer tasked with solving the problem below.

Follow the user's instructions to solve the problem.
The user can ask for analysis, code, or both.

## Instructions
When asked to output code,
- Make sure to wrap your code in '```python' and '```' Markdown delimiters, 
- include exactly one block of code with the entire solution
- No outside libraries are allowed. 
- Builtins are allowed.
- If the task specifies a function name to be used, follow it strictly (be case sensitive!) and declare the that function last (helper functions are declared first).
- DO NOT write any assert statements / tests.

## Problem
[BEGIN PROBLEM]
Given an array A of integers, return the length of the longest arithmetic subsequence in A.
Recall that a subsequence of A is a list A[i_1], A[i_2], ..., A[i_k] with 0 <= i_1 < i_2 < ... < i_k <= A.length - 1, and that a sequence B is arithmetic if B[i+1] - B[i] are all the same value (for 0 <= i < B.length - 1).
 
Example 1:
Input: A = [3,6,9,12]
Output: 4
Explanation: 
The whole array is an arithmetic sequence with steps of length = 3.

Example 2:
Input: A = [9,4,7,2,10]
Output: 3
Explanation: 
The longest arithmetic subsequence is [4,7,10].

Example 3:
Input: A = [20,1,15,3,10,5,8]
Output: 4
Explanation: 
The longest arithmetic subsequence is [20,15,10,5].

 
Constraints:

2 <= A.length <= 1000
0 <= A[i] <= 500

The output code needs to use the provided function signature

The final python function should begin with: 
```python

class Solution:
    def longestArithSeqLength(self, A: List[int]) -> int:
        
```

[END PROBLEM]

INFO - [Task id] 309 [prompt] 
## Instructions

Reason through the problem and:
1. Restate the problem in plain English
2. Conceptualize a solution first in plain English
3. Write a pseudocode solution
4. Output the final Python 3 solution with your solution steps in comments.

Make sure to wrap your code in '```python' and '```' Markdown delimiters, 
and include exactly one block of code with the entire solution.

No outside libraries are allowed.
Builtins are allowed.

INFO - [Task id] 309 [prompt] 1. **Restate the problem in plain English**: 
   We need to find the longest subsequence in an array of integers where the difference between consecutive elements is constant. This means that if we take any two elements from the subsequence, the difference between them should be the same for all pairs.

2. **Conceptualize a solution first in plain English**: 
   To solve this problem, we can use a dynamic programming approach. We will maintain a dictionary that keeps track of the lengths of arithmetic subsequences for each possible difference between elements. As we iterate through the array, for each pair of elements, we will calculate the difference and update the length of the subsequence that can be formed with that difference. The maximum length found during this process will be our answer.

3. **Write a pseudocode solution**:
   ```
   Initialize a variable max_length to 0
   Create a list dp of size n (length of A) with each element as an empty dictionary
   For each element A[i] in A:
       For each previous element A[j] where j < i:
           Calculate the difference diff = A[i] - A[j]
           If diff is not in dp[i], initialize it to 0
           Update dp[i][diff] to be the maximum of its current value and dp[j][diff] + 1
           Update max_length to be the maximum of max_length and dp[i][diff] + 1
   Return max_length
   ```

4. **Output the final Python 3 solution**:
```python
class Solution:
    def longestArithSeqLength(self, A: list[int]) -> int:
        n = len(A)
        if n < 2:
            return n
        
        # Initialize a list of dictionaries to store lengths of arithmetic subsequences
        dp = [{} for _ in range(n)]
        max_length = 0  # Variable to track the maximum length found
        
        # Iterate through each element in the array
        for i in range(n):
            for j in range(i):
                diff = A[i] - A[j]  # Calculate the difference
                # If the difference is not in the dictionary for dp[i], initialize it
                if diff not in dp[i]:
                    dp[i][diff] = 0
                # Update the length of the arithmetic subsequence
                dp[i][diff] = max(dp[i][diff], dp[j].get(diff, 0) + 1)
                # Update the maximum length found
                max_length = max(max_length, dp[i][diff] + 1)
        
        return max_length
```
INFO - [Task id] 309 [prompt] 
[Environment Feedback]:
    Note: Inputs/outputs here are automatically extracted/truncated so formatting may be a bit off.
    Tests passed:

     Input: [[3, 6, 9, 12]] Output: 4

    Tests failed:
    None
[/Environment Feedback]

INFO - [Task id] 309 [prompt] 
Below is the official solution (do exercise discretion as official solutions can also have mistakes).

You will be reflecting on your attempts to solve the problem.
This will be a **standalone** document for your own future reference. (can skip formalities, be concise)

## Instructions
- Only include the most relevant insights and code snippets that could be useful in the future.
- If you did not learn much from the current experience (e.g. the problem was too easy / official solution was obvious), feel free to write less or nothing at all.
- Here are some ideas if the experience was useful:
    - If the official solution is insightful (e.g. better than yours in time and space complexity or more effective in breaking down the problem statement), distil the key approach of the official solution, step by step.
    - If your approach failed the test cases, reason why the official solution works but yours does not

Your reflection should be at most a few paragraphs.

## Official solution
from collections import Counter
class Solution:
    def longestArithSeqLength(self, A: List[int]) -> int:
        c = dict(Counter(A).most_common())
        # print(c)
        m1 = max(c.values())
        # A = list(set(A))
        # A.sort()
        index = {}
        # for i in range(len(A)):
            # index[A[i]]=i
        dp = [[2] * len(A) for i in A]
        m = 2
        for i in range(len(A)):
            # print(\"I=\", i)
            # index[A[i+1]]=(i+1)
            for j in range(i+1, len(A)):
                # index[A[j]]=(j)
                a = A[i]
                
                c = A[j]
                b = 2 * a - c
                # print(b,a,c)
                if b in index :
                    # print(\"B {} in index \".format(b))
                    # print(b,a,c,i,j)
                    dp[i][j] = dp[index[b]][i] + 1
            index[A[i]]=i
            m = max(m, max(dp[i]))
        # # print(A)
        # for i,d in enumerate(dp):
        #     print(A[i],d)
        return max(m,m1)

INFO - [Task id] 309 [generation text] The official solution employs a different approach that leverages the properties of arithmetic sequences more effectively than my initial attempt. Here are the key insights from the official solution:

1. **Use of Counter**: The official solution starts by counting the occurrences of each number in the array using `Counter`. This helps in quickly identifying the most common elements, which can be useful for determining potential starting points for arithmetic sequences.

2. **Dynamic Programming Table Initialization**: The solution initializes a 2D list `dp` where `dp[i][j]` represents the length of the longest arithmetic subsequence that ends with the elements at indices `i` and `j`. This is a more structured way to keep track of subsequences compared to using a list of dictionaries.

3. **Index Mapping**: The solution maintains an `index` dictionary that maps each number to its most recent index in the array. This allows for quick lookups when checking if a required previous element (to form an arithmetic sequence) exists.

4. **Arithmetic Sequence Calculation**: For each pair of indices `(i, j)`, the solution calculates the required previous element `b` that would complete the arithmetic sequence. It checks if `b` exists in the `index` dictionary, and if it does, it updates the `dp` table accordingly.

5. **Max Length Calculation**: The solution keeps track of the maximum length found during the iterations, ensuring that it captures the longest arithmetic subsequence effectively.

Overall, the official solution is more efficient in terms of both time and space complexity. It avoids unnecessary nested loops by directly calculating the required previous element and using a dictionary for quick lookups. This approach is particularly useful for larger arrays, as it reduces the number of comparisons needed to find valid subsequences. 

In contrast, my initial solution, while correct, could be optimized further by adopting similar strategies, particularly in how subsequences are tracked and how previous elements are identified.
INFO - Updated entry: In solving the problem of finding the length of the longest arithmetic subsequence in an array of integers, I utilized a dynamic programming approach. The key concept was to maintain a list of dictionaries (`dp`), where each dictionary at index `i` tracks the lengths of subsequences for each poss...,

INFO - Metadata: {
    "task_id": 309
}

INFO - Updated entry: The official solution employs a different approach that leverages the properties of arithmetic sequences more effectively than my initial attempt. Here are the key insights from the official solution:

1. **Use of Counter**: The official solution starts by counting the occurrences of each number ...,

INFO - Metadata: {
    "task_id": 309
}

INFO - LM call n parse attempt 1 / 3

INFO - [Task id] 309 [prompt] 
You are a helpful assistant that writes a description of the given function written in the Python programming language.

1) Do not mention the function name.
2) Do not mention anything about helper functions.
3) There might be some helper functions before the main function, but you only need to describe the main function.
4) Try to summarize the function in no more than 6 sentences.
5) Your response should be a single line of text.

INFO - [Task id] 309 [prompt] 
class Solution:
    def longestArithSeqLength(self, A: list[int]) -> int:
        n = len(A)
        if n < 2:
            return n
        
        # Initialize a list of dictionaries to store lengths of arithmetic subsequences
        dp = [{} for _ in range(n)]
        max_length = 0  # Variable to track the maximum length found
        
        # Iterate through each element in the array
        for i in range(n):
            for j in range(i):
                diff = A[i] - A[j]  # Calculate the difference
                # If the difference is not in the dictionary for dp[i], initialize it
                if diff not in dp[i]:
                    dp[i][diff] = 0
                # Update the length of the arithmetic subsequence
                dp[i][diff] = max(dp[i][diff], dp[j].get(diff, 0) + 1)
                # Update the maximum length found
                max_length = max(max_length, dp[i][diff] + 1)
        
        return max_length

INFO - [Task id] 309 [generation text] This function calculates the length of the longest arithmetic subsequence in a given list of integers. It initializes a list of dictionaries to keep track of the lengths of arithmetic subsequences for each element. By iterating through the list, it computes the difference between pairs of elements and updates the corresponding lengths in the dictionaries. The maximum length of any arithmetic subsequence found during the iterations is tracked and updated. Finally, it returns the maximum length found, which represents the longest arithmetic subsequence in the input list.
INFO - LM call n parse attempt 1 / 3

INFO - [Task id] 309 [prompt] 
You are a helpful assistant that extracts important information from problems and solutions to aid in searchability and education.

## Instructions
- Read through the problem and solution carefully.
- Reason out, step by step, in what scenarios this knowledge would be useful.
- Focus on general patterns and situations to help connect this knowledge to new situations.
- Then, include a list of keywords that are useful for searching this problem/solution pair.

## Response format
Respond in JSON, and follow the keys and expected format of the values strictly.

The output should be formatted as a JSON instance that conforms to the JSON schema below.

As an example, for the schema {"properties": {"foo": {"title": "Foo", "description": "a list of strings", "type": "array", "items": {"type": "string"}}}, "required": ["foo"]}
the object {"foo": ["bar", "baz"]} is a well-formatted instance of the schema. The object {"properties": {"foo": ["bar", "baz"]}} is not well-formatted.

Here is the output schema:
```
{"properties": {"scenarios": {"description": "In what scenarios will this knowledge be useful? Answer in a paragraph.", "title": "Scenarios", "type": "string"}, "keywords": {"description": "List of keywords that are useful for searching this problem/solution pair", "items": {"type": "string"}, "title": "Keywords", "type": "array"}}, "required": ["scenarios", "keywords"]}
```

INFO - [Task id] 309 [prompt] 
[Problem]
    Given an array A of integers, return the length of the longest arithmetic subsequence in A.
    Recall that a subsequence of A is a list A[i_1], A[i_2], ..., A[i_k] with 0 <= i_1 < i_2 < ... < i_k <= A.length - 1, and that a sequence B is arithmetic if B[i+1] - B[i] are all the same value (for 0 <= i < B.length - 1).
 
    Example 1:
    Input: A = [3,6,9,12]
    Output: 4
    Explanation: 
    The whole array is an arithmetic sequence with steps of length = 3.

    Example 2:
    Input: A = [9,4,7,2,10]
    Output: 3
    Explanation: 
    The longest arithmetic subsequence is [4,7,10].

    Example 3:
    Input: A = [20,1,15,3,10,5,8]
    Output: 4
    Explanation: 
    The longest arithmetic subsequence is [20,15,10,5].

 
    Constraints:

    2 <= A.length <= 1000
    0 <= A[i] <= 500
[/Problem]

[Solution]

    class Solution:
        def longestArithSeqLength(self, A: list[int]) -> int:
            n = len(A)
            if n < 2:
                return n
        
            # Initialize a list of dictionaries to store lengths of arithmetic subsequences
            dp = [{} for _ in range(n)]
            max_length = 0  # Variable to track the maximum length found
        
            # Iterate through each element in the array
            for i in range(n):
                for j in range(i):
                    diff = A[i] - A[j]  # Calculate the difference
                    # If the difference is not in the dictionary for dp[i], initialize it
                    if diff not in dp[i]:
                        dp[i][diff] = 0
                    # Update the length of the arithmetic subsequence
                    dp[i][diff] = max(dp[i][diff], dp[j].get(diff, 0) + 1)
                    # Update the maximum length found
                    max_length = max(max_length, dp[i][diff] + 1)
        
            return max_length

[/Solution]

INFO - [Task id] 309 [generation text] 
INFO - {
    "scenarios": "This knowledge is useful in scenarios where one needs to analyze sequences of numbers to find patterns, particularly in fields like data analysis, computer science, and mathematics. It can be applied in algorithm design, especially in dynamic programming problems, where identifying subsequences is crucial. This can also be relevant in financial analysis for identifying trends in stock prices or other numerical data that can be modeled as sequences. Additionally, it can be beneficial in competitive programming and coding interviews where such problems are common.",
    "keywords": [
        "arithmetic subsequence",
        "longest arithmetic subsequence",
        "dynamic programming",
        "subsequence problem",
        "algorithm",
        "array manipulation",
        "coding interview",
        "data analysis"
    ]
}
INFO - {
    "scenarios": "This knowledge is useful in scenarios where one needs to analyze sequences of numbers to find patterns, particularly in fields like data analysis, computer science, and mathematics. It can be applied in algorithm design, especially in dynamic programming problems, where identifying subsequences is crucial. This can also be relevant in financial analysis for identifying trends in stock prices or other numerical data that can be modeled as sequences. Additionally, it can be beneficial in competitive programming and coding interviews where such problems are common.",
    "keywords": [
        "arithmetic subsequence",
        "longest arithmetic subsequence",
        "dynamic programming",
        "subsequence problem",
        "algorithm",
        "array manipulation",
        "coding interview",
        "data analysis"
    ]
}
INFO - Updated entry: 
[description]
This function calculates the length of the longest arithmetic subsequence in a given list of integers. It initializes a list of dictionaries to keep track of the lengths of arithmetic subsequences for each element. By iterating through the list, it computes the difference between p...,

INFO - Metadata: {
    "task": 309,
    "code": "\nclass Solution:\n    def longestArithSeqLength(self, A: list[int]) -> int:\n        n = len(A)\n        if n < 2:\n            return n\n        \n        # Initialize a list of dictionaries to store lengths of arithmetic subsequences\n        dp = [{} for _ in r...

