INFO - DB skill doc count: 1

INFO - DB non_func doc count: 75

INFO - DB semantic doc count: 429

INFO - DB summaries doc count: 97

INFO - DB reflections doc count: 97

INFO - DB episodic doc count: 0

INFO - [train iter]: 97/100 

INFO - The task prompt is You are playing a very popular game called Cubecraft. Initially, you have one stick and want to craft $k$ torches. One torch can be crafted using one stick and one coal.

Hopefully, you've met a very handsome wandering trader who has two trade offers:  exchange $1$ stick for $x$ sticks (you lose ...

INFO - Attempting task_id 48
INFO - LM call n parse attempt 1 / 3

INFO - [Task id] 48 [prompt] 
You are an expert programmer tasked with solving the problem below.

Follow the user's instructions to solve the problem.
The user can ask for analysis, code, or both.

## Instructions
When asked to output code,
- Make sure to wrap your code in '```python' and '```' Markdown delimiters, 
- include exactly one block of code with the entire solution
- No outside libraries are allowed. 
- Builtins are allowed.
- If the task specifies a function name to be used, follow it strictly (be case sensitive!) and declare the that function last (helper functions are declared first).
- DO NOT write any assert statements / tests.

## Problem
[BEGIN PROBLEM]
You are playing a very popular game called Cubecraft. Initially, you have one stick and want to craft $k$ torches. One torch can be crafted using one stick and one coal.

Hopefully, you've met a very handsome wandering trader who has two trade offers:  exchange $1$ stick for $x$ sticks (you lose $1$ stick and gain $x$ sticks).  exchange $y$ sticks for $1$ coal (you lose $y$ sticks and gain $1$ coal). 

During one trade, you can use only one of these two trade offers. You can use each trade offer any number of times you want to, in any order.

Your task is to find the minimum number of trades you need to craft at least $k$ torches. The answer always exists under the given constraints.

You have to answer $t$ independent test cases.


-----Input-----

The first line of the input contains one integer $t$ ($1 \le t \le 2 \cdot 10^4$) — the number of test cases. Then $t$ test cases follow.

The only line of the test case contains three integers $x$, $y$ and $k$ ($2 \le x \le 10^9$; $1 \le y, k \le 10^9$) — the number of sticks you can buy with one stick, the number of sticks required to buy one coal and the number of torches you need, respectively.


-----Output-----

For each test case, print the answer: the minimum number of trades you need to craft at least $k$ torches. The answer always exists under the given constraints.


-----Example-----
Input
5
2 1 5
42 13 24
12 11 12
1000000000 1000000000 1000000000
2 1000000000 1000000000

Output
14
33
25
2000000003
1000000001999999999

The output code needs to read from and write to standard IO


[END PROBLEM]

INFO - [Task id] 48 [prompt] 
## Instructions

Reason through the problem and:
1. Restate the problem in plain English
2. Conceptualize a solution first in plain English
3. Write a pseudocode solution
4. Output the final Python 3 solution with your solution steps in comments.

Make sure to wrap your code in '```python' and '```' Markdown delimiters, 
and include exactly one block of code with the entire solution.

No outside libraries are allowed.
Builtins are allowed.

INFO - [Task id] 48 [generation text] ### Problem Restatement

You are playing a game where you start with one stick and want to craft `k` torches. Each torch requires one stick and one coal. You can trade sticks for more sticks or trade sticks for coal. Specifically, you can:
- Trade 1 stick to get `x` sticks.
- Trade `y` sticks to get 1 coal.

Your goal is to determine the minimum number of trades needed to craft at least `k` torches. You have `t` test cases to solve.

### Conceptual Solution

1. **Understand the Requirements:**
   - To craft `k` torches, you need `k` sticks and `k` coals.
   - You start with 1 stick.

2. **Calculate Total Sticks Needed:**
   - You need `k` sticks for the torches and `k * y` sticks to trade for `k` coals.
   - Total sticks needed = `k + k * y`.

3. **Determine Trades for Sticks:**
   - You start with 1 stick, so you need `k + k * y - 1` additional sticks.
   - Each trade for sticks gives you `x - 1` additional sticks (since you lose 1 stick in the trade).
   - Calculate the number of trades needed to get the required sticks using the formula: 
     \[
     \text{trades\_for\_sticks} = \lceil \frac{k + k \cdot y - 1}{x - 1} \rceil
     \]
   - This can be computed using integer arithmetic as:
     \[
     \text{trades\_for\_sticks} = \frac{k + k \cdot y - 1 + (x - 2)}{x - 1}
     \]

4. **Calculate Trades for Coal:**
   - You need exactly `k` trades to get `k` coals.

5. **Total Trades:**
   - The total number of trades is the sum of trades for sticks and trades for coal.

### Pseudocode

```
function minimum_trades(t, test_cases):
    results = []
    for each test_case in test_cases:
        x, y, k = test_case
        total_sticks_needed = k + k * y
        trades_for_sticks = (total_sticks_needed - 1 + (x - 2)) // (x - 1)
        trades_for_coal = k
        total_trades = trades_for_sticks + trades_for_coal
        append total_trades to results
    return results
```

### Final Python Solution

```python
def minimum_trades(t, test_cases):
    results = []
    for i in range(t):
        x, y, k = test_cases[i]
        
        # Calculate total sticks needed
        total_sticks_needed = k + k * y
        
        # Calculate trades needed to get enough sticks
        trades_for_sticks = (total_sticks_needed - 1 + (x - 2)) // (x - 1)
        
        # Calculate trades needed to get enough coal
        trades_for_coal = k
        
        # Total trades is the sum of both
        total_trades = trades_for_sticks + trades_for_coal
        
        results.append(total_trades)
    
    return results

# Example usage:
# t = 5
# test_cases = [(2, 1, 5), (42, 13, 24), (12, 11, 12), (1000000000, 1000000000, 1000000000), (2, 1000000000, 1000000000)]
# print(minimum_trades(t, test_cases))
```

This solution reads the number of test cases and their respective parameters, calculates the minimum number of trades needed for each test case, and outputs the results.
INFO - [35m Rollout attempt 1/4[0m
INFO - [33m Retrieving 1 entries for db: semantic 
 [0m
INFO - Retrieved (score=0.5179):
Title: Continued fractions
Part: 4/12
```

!!! example "[GCJ 2019, Round 2 - New Elements: Part 2](https://codingcompetitions.withgoogle.com/codejam/round/0000000000051679/0000000000146184)"
    You're given $N$ positive integer pairs $(C_i, J_i)$. You need to find a positive integer pair $(x, y)...


INFO - [33m Retrieving 1 entries for db: reflections 
 [0m
INFO - Retrieved (score=0.4793):
In this problem, the task was to determine the maximum number of Division-3 contests that Chef can host given a set of constraints. The solution required calculating the total number of problems available, determining how many contests could be formed, and then limiting this by the number of days...


INFO - [33m Retrieving 1 entries for db: summaries 
 [0m
INFO - Retrieved (score=0.4468):
In tackling the problem of minimizing uncompleted tasks using a time machine with buttons, I encountered several challenges related to button usage logic and constraints handling. The core concept was to optimize the use of white and black buttons to adjust planned and completed tasks, respective...


INFO - [33m Retrieving 1 entries for db: skill 
 [0m
INFO - Retrieved (score=0.6950):

[description for function: count_col_triang]
The function takes a list of points, each associated with a color, and categorizes them by color. It then counts the number of non-collinear triangles that can be formed from points of the same color. For each color, it calculates the number of such t...


INFO - [33m Retrieving 1 entries for db: non_func 
 [0m
INFO - Retrieved (score=0.5133):

[description]
The function calculates the minimum number of steps required to reduce a given integer `n` to 1. If `n` is even, it is divided by 2. If `n` is odd, the function decides whether to increment or decrement `n` based on specific conditions to optimize the number of steps. The process c...


INFO - Retrieved (score=0.4468): 
[Summary]:
    In tackling the problem of minimizing uncompleted tasks using a time machine with buttons, I encountered several challenges related to button usage logic and constraints handling. The core concept was to optimize the use of white and black buttons to adjust planned and completed t...
INFO - LM call n parse attempt 1 / 3

INFO - [Task id] 48 [prompt] 
You are an expert programmer tasked with solving the problem below.

Follow the user's instructions to solve the problem.
The user can ask for analysis, code, or both.

## Instructions
When asked to output code,
- Make sure to wrap your code in '```python' and '```' Markdown delimiters, 
- include exactly one block of code with the entire solution
- No outside libraries are allowed. 
- Builtins are allowed.
- If the task specifies a function name to be used, follow it strictly (be case sensitive!) and declare the that function last (helper functions are declared first).
- DO NOT write any assert statements / tests.

## Problem
[BEGIN PROBLEM]
You are playing a very popular game called Cubecraft. Initially, you have one stick and want to craft $k$ torches. One torch can be crafted using one stick and one coal.

Hopefully, you've met a very handsome wandering trader who has two trade offers:  exchange $1$ stick for $x$ sticks (you lose $1$ stick and gain $x$ sticks).  exchange $y$ sticks for $1$ coal (you lose $y$ sticks and gain $1$ coal). 

During one trade, you can use only one of these two trade offers. You can use each trade offer any number of times you want to, in any order.

Your task is to find the minimum number of trades you need to craft at least $k$ torches. The answer always exists under the given constraints.

You have to answer $t$ independent test cases.


-----Input-----

The first line of the input contains one integer $t$ ($1 \le t \le 2 \cdot 10^4$) — the number of test cases. Then $t$ test cases follow.

The only line of the test case contains three integers $x$, $y$ and $k$ ($2 \le x \le 10^9$; $1 \le y, k \le 10^9$) — the number of sticks you can buy with one stick, the number of sticks required to buy one coal and the number of torches you need, respectively.


-----Output-----

For each test case, print the answer: the minimum number of trades you need to craft at least $k$ torches. The answer always exists under the given constraints.


-----Example-----
Input
5
2 1 5
42 13 24
12 11 12
1000000000 1000000000 1000000000
2 1000000000 1000000000

Output
14
33
25
2000000003
1000000001999999999

The output code needs to read from and write to standard IO


[END PROBLEM]

INFO - [Task id] 48 [prompt] 
## Instructions

Reason through the problem and:
1. Restate the problem in plain English
2. Conceptualize a solution first in plain English
3. Write a pseudocode solution
4. Output the final Python 3 solution with your solution steps in comments.

Make sure to wrap your code in '```python' and '```' Markdown delimiters, 
and include exactly one block of code with the entire solution.

No outside libraries are allowed.
Builtins are allowed.

INFO - [Task id] 48 [prompt] 
Also, here are some of your memories.
Feel free to use the given information to aid your problem solving process if necessary.
Do not confuse the memories with the problem statement.

## Memories

[Summary]:
    In tackling the problem of minimizing uncompleted tasks using a time machine with buttons, I encountered several challenges related to button usage logic and constraints handling. The core concept was to optimize the use of white and black buttons to adjust planned and completed tasks, respectively, while adhering to constraints.

    ### Key Learnings:

    1. **Button Usage Logic**: Initially, I attempted to use multiple buttons per day, which was incorrect as the problem constraints allowed only one button per day. The correct approach was to use the largest possible button effect that fits the constraints for each day.

    2. **Constraints Handling**: A critical error was allowing completed tasks to exceed planned tasks, leading to negative uncompleted tasks. This was fixed by ensuring that any increase in completed tasks with a black button did not surpass the planned tasks.

    3. **Iterative Approach**: The solution required iterating over each day and applying the best possible button effect. Sorting the buttons in descending order helped in prioritizing the largest impact first.

    ### Code Snippet:

    ```python
    def minimize_uncompleted_tasks():
        import sys
        input = sys.stdin.read
        data = input().split()
    
        index = 0
        T = int(data[index])
        index += 1
        results = []
    
        for _ in range(T):
            N, K, M = map(int, data[index:index+3])
            index += 3
            A = list(map(int, data[index:index+N]))
            index += N
            B = list(map(int, data[index:index+N]))
            index += N
            C = sorted(map(int, data[index:index+K]), reverse=True)
            index += K
            D = sorted(map(int, data[index:index+M]), reverse=True)
            index += M
        
            # Use white buttons to reduce planned tasks
            for i in range(N):
                for c in C:
                    if A[i] >= c:
                        A[i] -= c
                        break  # Use only one white button per day
        
            # Use black buttons to increase completed tasks
            for i in range(N):
                for d in D:
                    if B[i] + d <= A[i]:
                        B[i] += d
                        break  # Use only one black button per day
        
            total_uncompleted_tasks = sum(A[i] - B[i] for i in range(N))
            results.append(total_uncompleted_tasks)
    
        for result in results:
            print(result)

    minimize_uncompleted_tasks()
    ```

    ### Conclusion:

    The problem reinforced the importance of understanding constraints and optimizing within them. It also highlighted the need for careful handling of input/output and ensuring that the logic aligns with the problem's requirements. Future attempts should focus on verifying constraints and iterating through possible solutions efficiently.
[/Summary]


INFO - [Task id] 48 [generation text] ## Problem Restatement

You are playing a game where you start with one stick and want to craft `k` torches. Each torch requires one stick and one coal. You can trade sticks with a wandering trader using two offers: 
1. Exchange 1 stick for `x` sticks.
2. Exchange `y` sticks for 1 coal.

Your goal is to determine the minimum number of trades needed to craft at least `k` torches. You have `t` test cases to solve.

## Conceptual Solution

1. **Understand the Requirements**: To craft `k` torches, you need `k` sticks and `k` coals. You start with 1 stick.
2. **Calculate Total Sticks Needed**: You need `k` sticks for the torches and `k * y` sticks to trade for `k` coals. Thus, you need a total of `k + k * y` sticks.
3. **Determine Trades for Sticks**: 
   - You start with 1 stick, so you need `k + k * y - 1` additional sticks.
   - Each trade gives you `x - 1` additional sticks (since you lose 1 stick and gain `x` sticks).
   - Calculate the number of trades needed to get the required sticks: `(k + k * y - 1) // (x - 1)`.
4. **Calculate Trades for Coals**: You need exactly `k` trades to get `k` coals.
5. **Total Trades**: The total number of trades is the sum of trades for sticks and trades for coals.

## Pseudocode

```
function minimum_trades(t, test_cases):
    results = []
    for each test_case in test_cases:
        x, y, k = test_case
        total_sticks_needed = k + k * y
        additional_sticks_needed = total_sticks_needed - 1
        trades_for_sticks = (additional_sticks_needed + (x - 2)) // (x - 1)
        trades_for_coals = k
        total_trades = trades_for_sticks + trades_for_coals
        results.append(total_trades)
    return results
```

## Final Python Solution

```python
def minimum_trades(t, test_cases):
    results = []
    for x, y, k in test_cases:
        # Calculate total sticks needed
        total_sticks_needed = k + k * y
        # Calculate additional sticks needed beyond the initial 1 stick
        additional_sticks_needed = total_sticks_needed - 1
        # Calculate trades needed to get the required sticks
        trades_for_sticks = (additional_sticks_needed + (x - 2)) // (x - 1)
        # Calculate trades needed to get the required coals
        trades_for_coals = k
        # Total trades is the sum of trades for sticks and trades for coals
        total_trades = trades_for_sticks + trades_for_coals
        results.append(total_trades)
    return results

# Read input
import sys
input = sys.stdin.read
data = input().split()

# Parse input
t = int(data[0])
test_cases = []
index = 1
for _ in range(t):
    x = int(data[index])
    y = int(data[index + 1])
    k = int(data[index + 2])
    test_cases.append((x, y, k))
    index += 3

# Get results
results = minimum_trades(t, test_cases)

# Print results
for result in results:
    print(result)
```

This solution reads input, processes each test case to calculate the minimum number of trades needed, and outputs the results.
INFO - program_code:
 
def minimum_trades(t, test_cases):
    results = []
    for x, y, k in test_cases:
        # Calculate total sticks needed
        total_sticks_needed = k + k * y
        # Calculate additional sticks needed beyond the initial 1 stick
        additional_sticks_needed = total_sticks_needed - 1
        # Calculate trades needed to get the required sticks
        trades_for_sticks = (additional_sticks_needed + (x - 2)) // (x - 1)
        # Calculate trades needed to get the required coals
        trades_for_coals = k
        # Total trades is the sum of trades for sticks and trades for coals
        total_trades = trades_for_sticks + trades_for_coals
        results.append(total_trades)
    return results

# Read input
import sys
input = sys.stdin.read
data = input().split()

# Parse input
t = int(data[0])
test_cases = []
index = 1
for _ in range(t):
    x = int(data[index])
    y = int(data[index + 1])
    k = int(data[index + 2])
    test_cases.append((x, y, k))
    index += 3

# Get results
results = minimum_trades(t, test_cases)

# Print results
for result in results:
    print(result)


INFO - program_name:
 minimum_trades

INFO - dependencies:
 []

INFO - raw_msg:
 ## Problem Restatement

You are playing a game where you start with one stick and want to craft `k` torches. Each torch requires one stick and one coal. You can trade sticks with a wandering trader using two offers: 
1. Exchange 1 stick for `x` sticks.
2. Exchange `y` sticks for 1 coal.

Your goal is to determine the minimum number of trades needed to craft at least `k` torches. You have `t` test cases to solve.

## Conceptual Solution

1. **Understand the Requirements**: To craft `k` torches, you need `k` sticks and `k` coals. You start with 1 stick.
2. **Calculate Total Sticks Needed**: You need `k` sticks for the torches and `k * y` sticks to trade for `k` coals. Thus, you need a total of `k + k * y` sticks.
3. **Determine Trades for Sticks**: 
   - You start with 1 stick, so you need `k + k * y - 1` additional sticks.
   - Each trade gives you `x - 1` additional sticks (since you lose 1 stick and gain `x` sticks).
   - Calculate the number of trades needed to get the required sticks: `(k + k * y - 1) // (x - 1)`.
4. **Calculate Trades for Coals**: You need exactly `k` trades to get `k` coals.
5. **Total Trades**: The total number of trades is the sum of trades for sticks and trades for coals.

## Pseudocode

```
function minimum_trades(t, test_cases):
    results = []
    for each test_case in test_cases:
        x, y, k = test_case
        total_sticks_needed = k + k * y
        additional_sticks_needed = total_sticks_needed - 1
        trades_for_sticks = (additional_sticks_needed + (x - 2)) // (x - 1)
        trades_for_coals = k
        total_trades = trades_for_sticks + trades_for_coals
        results.append(total_trades)
    return results
```

## Final Python Solution

```python
def minimum_trades(t, test_cases):
    results = []
    for x, y, k in test_cases:
        # Calculate total sticks needed
        total_sticks_needed = k + k * y
        # Calculate additional sticks needed beyond the initial 1 stick
        additional_sticks_needed = total_sticks_needed - 1
        # Calculate trades needed to get the required sticks
        trades_for_sticks = (additional_sticks_needed + (x - 2)) // (x - 1)
        # Calculate trades needed to get the required coals
        trades_for_coals = k
        # Total trades is the sum of trades for sticks and trades for coals
        total_trades = trades_for_sticks + trades_for_coals
        results.append(total_trades)
    return results

# Read input
import sys
input = sys.stdin.read
data = input().split()

# Parse input
t = int(data[0])
test_cases = []
index = 1
for _ in range(t):
    x = int(data[index])
    y = int(data[index + 1])
    k = int(data[index + 2])
    test_cases.append((x, y, k))
    index += 3

# Get results
results = minimum_trades(t, test_cases)

# Print results
for result in results:
    print(result)
```

This solution reads input, processes each test case to calculate the minimum number of trades needed, and outputs the results.

INFO - no_parent:
 False

INFO - full code to be executed: 
 
def minimum_trades(t, test_cases):
    results = []
    for x, y, k in test_cases:
        # Calculate total sticks needed
        total_sticks_needed = k + k * y
        # Calculate additional sticks needed beyond the initial 1 stick
        additional_sticks_needed = total_sticks_needed - 1
        # Calculate trades needed to get the required sticks
        trades_for_sticks = (additional_sticks_needed + (x - 2)) // (x - 1)
        # Calculate trades needed to get the required coals
        trades_for_coals = k
        # Total trades is the sum of trades for sticks and trades for coals
        total_trades = trades_for_sticks + trades_for_coals
        results.append(total_trades)
    return results

# Read input
import sys
input = sys.stdin.read
data = input().split()

# Parse input
t = int(data[0])
test_cases = []
index = 1
for _ in range(t):
    x = int(data[index])
    y = int(data[index + 1])
    k = int(data[index + 2])
    test_cases.append((x, y, k))
    index += 3

# Get results
results = minimum_trades(t, test_cases)

# Print results
for result in results:
    print(result)


INFO - obs: Note: Inputs/outputs here are automatically extracted/truncated so formatting may be a bit off.
Tests passed:

 Input: 5
2 1 5
42 13 24
12 11 12
1000000000 1000000000 1000000000
2 1000000000 1000000000
 Output: 14
33
25
2000000003
1000000001999999999


Tests failed:
None
reward: True
done: None
info: {'individual_results': [True]}
INFO - LM call n parse attempt 1 / 3

INFO - [Task id] 48 [prompt] 
You are an expert programmer tasked with solving the problem below.

Follow the user's instructions to solve the problem.
The user can ask for analysis, code, or both.

## Instructions
When asked to output code,
- Make sure to wrap your code in '```python' and '```' Markdown delimiters, 
- include exactly one block of code with the entire solution
- No outside libraries are allowed. 
- Builtins are allowed.
- If the task specifies a function name to be used, follow it strictly (be case sensitive!) and declare the that function last (helper functions are declared first).
- DO NOT write any assert statements / tests.

## Problem
[BEGIN PROBLEM]
You are playing a very popular game called Cubecraft. Initially, you have one stick and want to craft $k$ torches. One torch can be crafted using one stick and one coal.

Hopefully, you've met a very handsome wandering trader who has two trade offers:  exchange $1$ stick for $x$ sticks (you lose $1$ stick and gain $x$ sticks).  exchange $y$ sticks for $1$ coal (you lose $y$ sticks and gain $1$ coal). 

During one trade, you can use only one of these two trade offers. You can use each trade offer any number of times you want to, in any order.

Your task is to find the minimum number of trades you need to craft at least $k$ torches. The answer always exists under the given constraints.

You have to answer $t$ independent test cases.


-----Input-----

The first line of the input contains one integer $t$ ($1 \le t \le 2 \cdot 10^4$) — the number of test cases. Then $t$ test cases follow.

The only line of the test case contains three integers $x$, $y$ and $k$ ($2 \le x \le 10^9$; $1 \le y, k \le 10^9$) — the number of sticks you can buy with one stick, the number of sticks required to buy one coal and the number of torches you need, respectively.


-----Output-----

For each test case, print the answer: the minimum number of trades you need to craft at least $k$ torches. The answer always exists under the given constraints.


-----Example-----
Input
5
2 1 5
42 13 24
12 11 12
1000000000 1000000000 1000000000
2 1000000000 1000000000

Output
14
33
25
2000000003
1000000001999999999

The output code needs to read from and write to standard IO


[END PROBLEM]

INFO - [Task id] 48 [prompt] 
## Instructions

Reason through the problem and:
1. Restate the problem in plain English
2. Conceptualize a solution first in plain English
3. Write a pseudocode solution
4. Output the final Python 3 solution with your solution steps in comments.

Make sure to wrap your code in '```python' and '```' Markdown delimiters, 
and include exactly one block of code with the entire solution.

No outside libraries are allowed.
Builtins are allowed.

INFO - [Task id] 48 [prompt] ## Problem Restatement

You are playing a game where you start with one stick and want to craft `k` torches. Each torch requires one stick and one coal. You can trade sticks with a wandering trader using two offers: 
1. Exchange 1 stick for `x` sticks.
2. Exchange `y` sticks for 1 coal.

Your goal is to determine the minimum number of trades needed to craft at least `k` torches. You have `t` test cases to solve.

## Conceptual Solution

1. **Understand the Requirements**: To craft `k` torches, you need `k` sticks and `k` coals. You start with 1 stick.
2. **Calculate Total Sticks Needed**: You need `k` sticks for the torches and `k * y` sticks to trade for `k` coals. Thus, you need a total of `k + k * y` sticks.
3. **Determine Trades for Sticks**: 
   - You start with 1 stick, so you need `k + k * y - 1` additional sticks.
   - Each trade gives you `x - 1` additional sticks (since you lose 1 stick and gain `x` sticks).
   - Calculate the number of trades needed to get the required sticks: `(k + k * y - 1) // (x - 1)`.
4. **Calculate Trades for Coals**: You need exactly `k` trades to get `k` coals.
5. **Total Trades**: The total number of trades is the sum of trades for sticks and trades for coals.

## Pseudocode

```
function minimum_trades(t, test_cases):
    results = []
    for each test_case in test_cases:
        x, y, k = test_case
        total_sticks_needed = k + k * y
        additional_sticks_needed = total_sticks_needed - 1
        trades_for_sticks = (additional_sticks_needed + (x - 2)) // (x - 1)
        trades_for_coals = k
        total_trades = trades_for_sticks + trades_for_coals
        results.append(total_trades)
    return results
```

## Final Python Solution

```python
def minimum_trades(t, test_cases):
    results = []
    for x, y, k in test_cases:
        # Calculate total sticks needed
        total_sticks_needed = k + k * y
        # Calculate additional sticks needed beyond the initial 1 stick
        additional_sticks_needed = total_sticks_needed - 1
        # Calculate trades needed to get the required sticks
        trades_for_sticks = (additional_sticks_needed + (x - 2)) // (x - 1)
        # Calculate trades needed to get the required coals
        trades_for_coals = k
        # Total trades is the sum of trades for sticks and trades for coals
        total_trades = trades_for_sticks + trades_for_coals
        results.append(total_trades)
    return results

# Read input
import sys
input = sys.stdin.read
data = input().split()

# Parse input
t = int(data[0])
test_cases = []
index = 1
for _ in range(t):
    x = int(data[index])
    y = int(data[index + 1])
    k = int(data[index + 2])
    test_cases.append((x, y, k))
    index += 3

# Get results
results = minimum_trades(t, test_cases)

# Print results
for result in results:
    print(result)
```

This solution reads input, processes each test case to calculate the minimum number of trades needed, and outputs the results.
INFO - [Task id] 48 [prompt] 
[Environment Feedback]:
    Note: Inputs/outputs here are automatically extracted/truncated so formatting may be a bit off.
    Tests passed:

     Input: 5
    2 1 5
    42 13 24
    12 11 12
    1000000000 1000000000 1000000000
    2 1000000000 1000000000
     Output: 14
    33
    25
    2000000003
    1000000001999999999


    Tests failed:
    None
[/Environment Feedback]

INFO - [Task id] 48 [prompt] 
## Instructions
Now, summarize your attempts as a **standalone** document for your own future reference. (can skip formalities, be concise)

- Only include the most relevant information and code snippets that could be useful in the future.
- If you did not learn much from the current experience (e.g. the problem was too easy), feel free to write less or nothing at all.
- Here are some ideas if the experience was useful:
    - Identifying the core concepts and patterns that problem appears to test for
    - Describing the strategies that seemed to work but did not, and vice versa
    - Describing unexpected errors and how they were fixed

Your summary should be at most a few paragraphs.

INFO - [Task id] 48 [generation text] In this problem, the core concept was to efficiently calculate the minimum number of trades needed to craft a specified number of torches in a game setting. The problem required understanding the relationship between the number of sticks and coals needed and the trades available to acquire them.

The key insight was to break down the problem into two main parts: acquiring enough sticks and acquiring enough coals. For sticks, the challenge was to determine how many additional sticks were needed beyond the initial one and how many trades were required to achieve that using the given trade offer. For coals, the number of trades was straightforward since each coal required a fixed number of sticks.

The solution involved calculating the total number of sticks needed, determining the additional sticks required, and then using integer division to find the number of trades needed for those sticks. The total number of trades was the sum of trades for sticks and the fixed number of trades for coals.

This problem reinforced the importance of breaking down complex requirements into simpler, manageable calculations and using integer arithmetic to handle large numbers efficiently. The solution was implemented successfully, passing all test cases without any errors.
INFO - LM call n parse attempt 1 / 3

INFO - [Task id] 48 [prompt] 
You are an expert programmer tasked with solving the problem below.

Follow the user's instructions to solve the problem.
The user can ask for analysis, code, or both.

## Instructions
When asked to output code,
- Make sure to wrap your code in '```python' and '```' Markdown delimiters, 
- include exactly one block of code with the entire solution
- No outside libraries are allowed. 
- Builtins are allowed.
- If the task specifies a function name to be used, follow it strictly (be case sensitive!) and declare the that function last (helper functions are declared first).
- DO NOT write any assert statements / tests.

## Problem
[BEGIN PROBLEM]
You are playing a very popular game called Cubecraft. Initially, you have one stick and want to craft $k$ torches. One torch can be crafted using one stick and one coal.

Hopefully, you've met a very handsome wandering trader who has two trade offers:  exchange $1$ stick for $x$ sticks (you lose $1$ stick and gain $x$ sticks).  exchange $y$ sticks for $1$ coal (you lose $y$ sticks and gain $1$ coal). 

During one trade, you can use only one of these two trade offers. You can use each trade offer any number of times you want to, in any order.

Your task is to find the minimum number of trades you need to craft at least $k$ torches. The answer always exists under the given constraints.

You have to answer $t$ independent test cases.


-----Input-----

The first line of the input contains one integer $t$ ($1 \le t \le 2 \cdot 10^4$) — the number of test cases. Then $t$ test cases follow.

The only line of the test case contains three integers $x$, $y$ and $k$ ($2 \le x \le 10^9$; $1 \le y, k \le 10^9$) — the number of sticks you can buy with one stick, the number of sticks required to buy one coal and the number of torches you need, respectively.


-----Output-----

For each test case, print the answer: the minimum number of trades you need to craft at least $k$ torches. The answer always exists under the given constraints.


-----Example-----
Input
5
2 1 5
42 13 24
12 11 12
1000000000 1000000000 1000000000
2 1000000000 1000000000

Output
14
33
25
2000000003
1000000001999999999

The output code needs to read from and write to standard IO


[END PROBLEM]

INFO - [Task id] 48 [prompt] 
## Instructions

Reason through the problem and:
1. Restate the problem in plain English
2. Conceptualize a solution first in plain English
3. Write a pseudocode solution
4. Output the final Python 3 solution with your solution steps in comments.

Make sure to wrap your code in '```python' and '```' Markdown delimiters, 
and include exactly one block of code with the entire solution.

No outside libraries are allowed.
Builtins are allowed.

INFO - [Task id] 48 [prompt] ## Problem Restatement

You are playing a game where you start with one stick and want to craft `k` torches. Each torch requires one stick and one coal. You can trade sticks with a wandering trader using two offers: 
1. Exchange 1 stick for `x` sticks.
2. Exchange `y` sticks for 1 coal.

Your goal is to determine the minimum number of trades needed to craft at least `k` torches. You have `t` test cases to solve.

## Conceptual Solution

1. **Understand the Requirements**: To craft `k` torches, you need `k` sticks and `k` coals. You start with 1 stick.
2. **Calculate Total Sticks Needed**: You need `k` sticks for the torches and `k * y` sticks to trade for `k` coals. Thus, you need a total of `k + k * y` sticks.
3. **Determine Trades for Sticks**: 
   - You start with 1 stick, so you need `k + k * y - 1` additional sticks.
   - Each trade gives you `x - 1` additional sticks (since you lose 1 stick and gain `x` sticks).
   - Calculate the number of trades needed to get the required sticks: `(k + k * y - 1) // (x - 1)`.
4. **Calculate Trades for Coals**: You need exactly `k` trades to get `k` coals.
5. **Total Trades**: The total number of trades is the sum of trades for sticks and trades for coals.

## Pseudocode

```
function minimum_trades(t, test_cases):
    results = []
    for each test_case in test_cases:
        x, y, k = test_case
        total_sticks_needed = k + k * y
        additional_sticks_needed = total_sticks_needed - 1
        trades_for_sticks = (additional_sticks_needed + (x - 2)) // (x - 1)
        trades_for_coals = k
        total_trades = trades_for_sticks + trades_for_coals
        results.append(total_trades)
    return results
```

## Final Python Solution

```python
def minimum_trades(t, test_cases):
    results = []
    for x, y, k in test_cases:
        # Calculate total sticks needed
        total_sticks_needed = k + k * y
        # Calculate additional sticks needed beyond the initial 1 stick
        additional_sticks_needed = total_sticks_needed - 1
        # Calculate trades needed to get the required sticks
        trades_for_sticks = (additional_sticks_needed + (x - 2)) // (x - 1)
        # Calculate trades needed to get the required coals
        trades_for_coals = k
        # Total trades is the sum of trades for sticks and trades for coals
        total_trades = trades_for_sticks + trades_for_coals
        results.append(total_trades)
    return results

# Read input
import sys
input = sys.stdin.read
data = input().split()

# Parse input
t = int(data[0])
test_cases = []
index = 1
for _ in range(t):
    x = int(data[index])
    y = int(data[index + 1])
    k = int(data[index + 2])
    test_cases.append((x, y, k))
    index += 3

# Get results
results = minimum_trades(t, test_cases)

# Print results
for result in results:
    print(result)
```

This solution reads input, processes each test case to calculate the minimum number of trades needed, and outputs the results.
INFO - [Task id] 48 [prompt] 
[Environment Feedback]:
    Note: Inputs/outputs here are automatically extracted/truncated so formatting may be a bit off.
    Tests passed:

     Input: 5
    2 1 5
    42 13 24
    12 11 12
    1000000000 1000000000 1000000000
    2 1000000000 1000000000
     Output: 14
    33
    25
    2000000003
    1000000001999999999


    Tests failed:
    None
[/Environment Feedback]

INFO - [Task id] 48 [prompt] 
Below is the official solution (do exercise discretion as official solutions can also have mistakes).

You will be reflecting on your attempts to solve the problem.
This will be a **standalone** document for your own future reference. (can skip formalities, be concise)

## Instructions
- Only include the most relevant insights and code snippets that could be useful in the future.
- If you did not learn much from the current experience (e.g. the problem was too easy / official solution was obvious), feel free to write less or nothing at all.
- Here are some ideas if the experience was useful:
    - If the official solution is insightful (e.g. better than yours in time and space complexity or more effective in breaking down the problem statement), distil the key approach of the official solution, step by step.
    - If your approach failed the test cases, reason why the official solution works but yours does not

Your reflection should be at most a few paragraphs.

## Official solution
for haaghfj in range(int(input())):
    x,y,k = list(map(int,input().split()))
    print(k + (y * k + k - 1 +x-2) // (x - 1))


INFO - [Task id] 48 [generation text] The problem was about determining the minimum number of trades needed to craft a certain number of torches given specific trading rules. My approach to solving the problem was quite similar to the official solution, and both passed all test cases successfully.

### Key Insights:

1. **Understanding the Requirements**: Both solutions correctly identified the need for `k` sticks and `k` coals to craft `k` torches. This requires a total of `k + k * y` sticks.

2. **Calculating Trades for Sticks**: The main challenge was to determine how many trades are needed to acquire the necessary sticks. Both solutions used the formula `(total_sticks_needed - 1) // (x - 1)` to calculate the number of trades required to gather the additional sticks, where `total_sticks_needed` is `k + k * y`.

3. **Calculating Trades for Coals**: Both solutions correctly added `k` trades for acquiring `k` coals, as each coal requires a separate trade.

4. **Efficiency**: The official solution is slightly more concise, using a single line to compute the result for each test case. It combines the calculation of trades for sticks and coals into a single expression, which is efficient and elegant.

### Reflection:

The problem reinforced the importance of breaking down the requirements into smaller, manageable parts and using mathematical reasoning to derive the solution. The official solution's concise approach is a good reminder of how mathematical simplification can lead to more elegant code. In future problems, I will aim to simplify expressions where possible to achieve similar conciseness without sacrificing clarity.
INFO - Updated entry: In this problem, the core concept was to efficiently calculate the minimum number of trades needed to craft a specified number of torches in a game setting. The problem required understanding the relationship between the number of sticks and coals needed and the trades available to acquire them.
...,

INFO - Metadata: {
    "task_id": 48
}

INFO - Updated entry: The problem was about determining the minimum number of trades needed to craft a certain number of torches given specific trading rules. My approach to solving the problem was quite similar to the official solution, and both passed all test cases successfully.

### Key Insights:

1. **Understandi...,

INFO - Metadata: {
    "task_id": 48
}

INFO - LM call n parse attempt 1 / 3

INFO - [Task id] 48 [prompt] 
You are a helpful assistant that writes a description of the given function written in the Python programming language.

1) Do not mention the function name.
2) Do not mention anything about helper functions.
3) There might be some helper functions before the main function, but you only need to describe the main function.
4) Try to summarize the function in no more than 6 sentences.
5) Your response should be a single line of text.

INFO - [Task id] 48 [prompt] 
def minimum_trades(t, test_cases):
    results = []
    for x, y, k in test_cases:
        # Calculate total sticks needed
        total_sticks_needed = k + k * y
        # Calculate additional sticks needed beyond the initial 1 stick
        additional_sticks_needed = total_sticks_needed - 1
        # Calculate trades needed to get the required sticks
        trades_for_sticks = (additional_sticks_needed + (x - 2)) // (x - 1)
        # Calculate trades needed to get the required coals
        trades_for_coals = k
        # Total trades is the sum of trades for sticks and trades for coals
        total_trades = trades_for_sticks + trades_for_coals
        results.append(total_trades)
    return results

# Read input
import sys
input = sys.stdin.read
data = input().split()

# Parse input
t = int(data[0])
test_cases = []
index = 1
for _ in range(t):
    x = int(data[index])
    y = int(data[index + 1])
    k = int(data[index + 2])
    test_cases.append((x, y, k))
    index += 3

# Get results
results = minimum_trades(t, test_cases)

# Print results
for result in results:
    print(result)


The main function is `minimum_trades`.
INFO - [Task id] 48 [generation text] The function calculates the minimum number of trades required to gather a specified number of sticks and coals for multiple test cases. For each test case, it determines the total number of sticks needed by considering both the number of trades required to obtain the necessary coals and the additional sticks needed beyond the initial stick. It computes the number of trades required to acquire these additional sticks and the trades needed for the coals separately. The total number of trades for each test case is the sum of the trades for sticks and coals, and these results are collected in a list. Finally, the function returns the list of total trades for each test case.
INFO - LM call n parse attempt 1 / 3

INFO - [Task id] 48 [prompt] 
You are a helpful assistant that extracts important information from problems and solutions to aid in searchability and education.

## Instructions
- Read through the problem and solution carefully.
- Reason out, step by step, in what scenarios this knowledge would be useful.
- Focus on general patterns and situations to help connect this knowledge to new situations.
- Then, include a list of keywords that are useful for searching this problem/solution pair.

## Response format
Respond in JSON, and follow the keys and expected format of the values strictly.

The output should be formatted as a JSON instance that conforms to the JSON schema below.

As an example, for the schema {"properties": {"foo": {"title": "Foo", "description": "a list of strings", "type": "array", "items": {"type": "string"}}}, "required": ["foo"]}
the object {"foo": ["bar", "baz"]} is a well-formatted instance of the schema. The object {"properties": {"foo": ["bar", "baz"]}} is not well-formatted.

Here is the output schema:
```
{"properties": {"scenarios": {"description": "In what scenarios will this knowledge be useful? Answer in a paragraph.", "title": "Scenarios", "type": "string"}, "keywords": {"description": "List of keywords that are useful for searching this problem/solution pair", "items": {"type": "string"}, "title": "Keywords", "type": "array"}}, "required": ["scenarios", "keywords"]}
```

INFO - [Task id] 48 [prompt] 
[Problem]
    You are playing a very popular game called Cubecraft. Initially, you have one stick and want to craft $k$ torches. One torch can be crafted using one stick and one coal.

    Hopefully, you've met a very handsome wandering trader who has two trade offers:  exchange $1$ stick for $x$ sticks (you lose $1$ stick and gain $x$ sticks).  exchange $y$ sticks for $1$ coal (you lose $y$ sticks and gain $1$ coal). 

    During one trade, you can use only one of these two trade offers. You can use each trade offer any number of times you want to, in any order.

    Your task is to find the minimum number of trades you need to craft at least $k$ torches. The answer always exists under the given constraints.

    You have to answer $t$ independent test cases.


    -----Input-----

    The first line of the input contains one integer $t$ ($1 \le t \le 2 \cdot 10^4$) — the number of test cases. Then $t$ test cases follow.

    The only line of the test case contains three integers $x$, $y$ and $k$ ($2 \le x \le 10^9$; $1 \le y, k \le 10^9$) — the number of sticks you can buy with one stick, the number of sticks required to buy one coal and the number of torches you need, respectively.


    -----Output-----

    For each test case, print the answer: the minimum number of trades you need to craft at least $k$ torches. The answer always exists under the given constraints.


    -----Example-----
    Input
    5
    2 1 5
    42 13 24
    12 11 12
    1000000000 1000000000 1000000000
    2 1000000000 1000000000

    Output
    14
    33
    25
    2000000003
    1000000001999999999
[/Problem]

[Solution]

    def minimum_trades(t, test_cases):
        results = []
        for x, y, k in test_cases:
            # Calculate total sticks needed
            total_sticks_needed = k + k * y
            # Calculate additional sticks needed beyond the initial 1 stick
            additional_sticks_needed = total_sticks_needed - 1
            # Calculate trades needed to get the required sticks
            trades_for_sticks = (additional_sticks_needed + (x - 2)) // (x - 1)
            # Calculate trades needed to get the required coals
            trades_for_coals = k
            # Total trades is the sum of trades for sticks and trades for coals
            total_trades = trades_for_sticks + trades_for_coals
            results.append(total_trades)
        return results

    # Read input
    import sys
    input = sys.stdin.read
    data = input().split()

    # Parse input
    t = int(data[0])
    test_cases = []
    index = 1
    for _ in range(t):
        x = int(data[index])
        y = int(data[index + 1])
        k = int(data[index + 2])
        test_cases.append((x, y, k))
        index += 3

    # Get results
    results = minimum_trades(t, test_cases)

    # Print results
    for result in results:
        print(result)

[/Solution]

INFO - [Task id] 48 [generation text] 
INFO - {
    "scenarios": "This problem is useful in scenarios where you need to optimize resource acquisition and conversion in a game or simulation. It involves understanding how to efficiently use limited resources to achieve a goal, which is a common problem in resource management games, supply chain optimization, and economic simulations. The solution demonstrates how to calculate the minimum number of operations needed to reach a target by using a combination of two different types of trades. This can be applied to any situation where you have to balance between acquiring resources and converting them into another form, especially when there are constraints on the number of operations or trades you can perform.",
    "keywords": [
        "Cubecraft",
        "minimum trades",
        "resource management",
        "sticks and coal",
        "game optimization",
        "trade offers",
        "simulation",
        "economic strategy",
        "supply chain",
        "resource conversion"
    ]
}
INFO - {
    "scenarios": "This problem is useful in scenarios where you need to optimize resource acquisition and conversion in a game or simulation. It involves understanding how to efficiently use limited resources to achieve a goal, which is a common problem in resource management games, supply chain optimization, and economic simulations. The solution demonstrates how to calculate the minimum number of operations needed to reach a target by using a combination of two different types of trades. This can be applied to any situation where you have to balance between acquiring resources and converting them into another form, especially when there are constraints on the number of operations or trades you can perform.",
    "keywords": [
        "Cubecraft",
        "minimum trades",
        "resource management",
        "sticks and coal",
        "game optimization",
        "trade offers",
        "simulation",
        "economic strategy",
        "supply chain",
        "resource conversion"
    ]
}
INFO - Updated entry: 
[description for function: minimum_trades]
The function calculates the minimum number of trades required to gather a specified number of sticks and coals for multiple test cases. For each test case, it determines the total number of sticks needed by considering both the number of trades required...,

INFO - Metadata: {
    "task": 48,
    "code": "\ndef minimum_trades(t, test_cases):\n    results = []\n    for x, y, k in test_cases:\n        # Calculate total sticks needed\n        total_sticks_needed = k + k * y\n        # Calculate additional sticks needed beyond the initial 1 stick\n        additional_stic...

