INFO - DB skill doc count: 0

INFO - DB non_func doc count: 3

INFO - DB semantic doc count: 429

INFO - DB summaries doc count: 3

INFO - DB reflections doc count: 3

INFO - DB episodic doc count: 3

INFO - [train iter]: 3/100 

INFO - The task prompt is Indraneel has to sort the books in his library. His library has one long shelf. His books are numbered $1$ through $N$ and he wants to rearrange the books so that they appear in the sequence $1,2, ..., N$.
He intends to do this by a sequence of moves. In each move he can pick up any book from the...

INFO - Attempting task_id 1095
INFO - LM call n parse attempt 1 / 3

INFO - [Task id] 1095 [prompt] 
You are an expert programmer tasked with solving the problem below.

Follow the user's instructions to solve the problem.
The user can ask for analysis, code, or both.

## Instructions
When asked to output code,
- Make sure to wrap your code in '```python' and '```' Markdown delimiters, 
- include exactly one block of code with the entire solution
- No outside libraries are allowed. 
- Builtins are allowed.
- If the task specifies a function name to be used, follow it strictly (be case sensitive!) and declare the that function last (helper functions are declared first).
- DO NOT write any assert statements / tests.

## Problem
[BEGIN PROBLEM]
Indraneel has to sort the books in his library. His library has one long shelf. His books are numbered $1$ through $N$ and he wants to rearrange the books so that they appear in the sequence $1,2, ..., N$.
He intends to do this by a sequence of moves. In each move he can pick up any book from the shelf and insert it at a different place in the shelf. Suppose Indraneel has $5$ books and they are initially arranged in the order
21453214532 \quad 1 \quad 4 \quad 5 \quad 3
Indraneel will rearrange this in ascending order by first moving book $1$ to the beginning of the shelf to get
12453124531 \quad 2 \quad 4 \quad 5 \quad 3
Then, moving book $3$ to position $3$, he gets
12345123451 \quad 2 \quad 3 \quad 4 \quad 5
Your task is to write a program to help Indraneel determine the minimum number of moves that are necessary to sort his book shelf.

-----Input:-----
The first line of the input will contain a single integer $N$ indicating the number of books in Indraneel's library. This is followed by a line containing a permutation of $1, 2, ..., N$ indicating the intial state of Indraneel's book-shelf.

-----Output:-----
A single integer indicating the minimum number of moves necessary to sort Indraneel's book-shelf.

-----Constraints:-----
- $1 \leq N \leq 200000$.
- You may also assume that in $50 \%$ of the inputs, $1 \leq N \leq 5000$.

-----Sample Input-----
5
2 1 4 5 3 

-----Sample Output-----
2

The output code needs to read from and write to standard IO


[END PROBLEM]

INFO - [Task id] 1095 [prompt] 
## Instructions

Reason through the problem and:
1. Restate the problem in plain English
2. Conceptualize a solution first in plain English
3. Write a pseudocode solution
4. Output the final Python 3 solution with your solution steps in comments.

Make sure to wrap your code in '```python' and '```' Markdown delimiters, 
and include exactly one block of code with the entire solution.

No outside libraries are allowed.
Builtins are allowed.

INFO - [Task id] 1095 [generation text] ### Problem Restatement

Indraneel has a shelf with books numbered from 1 to N, but they are not in order. He wants to sort them in ascending order using the minimum number of moves. In each move, he can pick up any book and place it at a different position on the shelf. The task is to determine the minimum number of such moves required to sort the books.

### Conceptual Solution

To solve this problem, we need to determine the longest subsequence of books that are already in the correct order. This is because the books in this subsequence do not need to be moved. The minimum number of moves required to sort the books is the total number of books minus the length of this longest subsequence.

1. **Identify the Longest Increasing Subsequence (LIS):** The longest subsequence of books that are already in the correct order is the Longest Increasing Subsequence (LIS) of the given permutation.
2. **Calculate Moves:** The minimum number of moves required is the total number of books minus the length of the LIS.

### Pseudocode

1. Read the number of books, `N`.
2. Read the list of books as a permutation.
3. Initialize an empty list `lis` to keep track of the longest increasing subsequence.
4. For each book in the permutation:
   - Use binary search to find the position in `lis` where the current book can replace an element to maintain the increasing order.
   - If the book is larger than all elements in `lis`, append it to `lis`.
   - Otherwise, replace the element at the found position with the current book.
5. The length of `lis` is the length of the longest increasing subsequence.
6. The minimum number of moves is `N - len(lis)`.
7. Print the result.

### Python Code

```python
def min_moves_to_sort_books():
    import sys
    input = sys.stdin.read
    data = input().split()
    
    N = int(data[0])
    books = list(map(int, data[1:]))
    
    # Function to find the position to replace in LIS using binary search
    def binary_search_lis(lis, book):
        low, high = 0, len(lis)
        while low < high:
            mid = (low + high) // 2
            if lis[mid] < book:
                low = mid + 1
            else:
                high = mid
        return low
    
    # Find the length of the longest increasing subsequence
    lis = []
    for book in books:
        pos = binary_search_lis(lis, book)
        if pos < len(lis):
            lis[pos] = book
        else:
            lis.append(book)
    
    # Minimum moves is total books minus the length of LIS
    min_moves = N - len(lis)
    print(min_moves)

```

### Explanation of the Code

- We read the input and parse the number of books and their current order.
- We define a helper function `binary_search_lis` to find the correct position in the `lis` list where a book can be placed to maintain the increasing order.
- We iterate over each book, using binary search to determine where it fits in the `lis`. If it fits within the current `lis`, we replace the element at that position. If it is larger than all current elements, we append it.
- The length of `lis` gives us the length of the longest increasing subsequence.
- The minimum number of moves required is the total number of books minus the length of this subsequence, which we then print.
INFO - [35m Rollout attempt 1/4[0m
INFO - [33m Retrieving 2 entries for db: episodic 
 [0m
INFO - Retrieved (score=0.5273):

[Task]:
    Given an array of integers arr and an integer d. In one step you can jump from index i to index:

    i + x where: i + x < arr.length and  0 < x <= d.
    i - x where: i - x >= 0 and  0 < x <= d.

    In addition, you can only jump from index i to index j if arr[i] > arr[j] and arr[i...


INFO - Retrieved (score=0.5427):

[Task]:
    We have a collection of rocks, each rock has a positive integer weight.
    Each turn, we choose any two rocks and smash them together.  Suppose the stones have weights x and y with x <= y.  The result of this smash is:

    If x == y, both stones are totally destroyed;
    If x != y...


INFO - [33m Retrieving 2 entries for db: semantic 
 [0m
INFO - Retrieved (score=0.4551):
Title: Longest increasing subsequence
Part: 1/3
# Longest increasing subsequence

We are given an array with $n$ numbers: $a[0 \dots n-1]$.
The task is to find the longest, strictly increasing, subsequence in $a$.

Formally we look for the longest sequence of indices $i_1, \dots i_k$ such that

$...


INFO - Retrieved (score=0.4773):
Chapter: Dynamic programming
Section: Longest increasing subsequence
Part: 1/1
\section{Longest increasing subsequence}

\index{longest increasing subsequence}

Our first problem is to find the
\key{longest increasing subsequence}
in an array of $n$ elements.
This is a maximum-length
sequence of ...


INFO - [33m Retrieving 2 entries for db: reflections 
 [0m
INFO - Retrieved (score=0.4923):
The problem of finding the smallest possible weight of the last stone after smashing them together is essentially a variation of the partition problem. The goal is to split the stones into two groups such that the difference in their total weights is minimized.

### Key Insights:

1. **Dynamic Pr...


INFO - Retrieved (score=0.5147):
Reflecting on the problem-solving process and comparing it with the official solution, here are some key insights:

1. **Approach Comparison:**
   - My approach used a depth-first search (DFS) with memoization to explore all possible jumps from each index. This method is intuitive and effectively...


INFO - [33m Retrieving 2 entries for db: summaries 
 [0m
INFO - Retrieved (score=0.4797):
In tackling the problem of finding the smallest possible weight of the last stone after repeatedly smashing stones together, I identified it as a variation of the partition problem. The core concept here is to split the stones into two groups with the smallest possible difference in their total w...


INFO - Retrieved (score=0.5048):
In this problem, the core concept revolves around dynamic programming and depth-first search (DFS) with memoization. The task is to determine the maximum number of indices that can be visited in an array by making valid jumps, where a jump is valid if the current index's value is greater than the...


INFO - [33m Retrieving 2 entries for db: non_func 
 [0m
INFO - Retrieved (score=0.5452):

[description]
The function calculates the maximum number of indices that can be visited in an array, starting from any index, with the constraint that you can only jump to indices with smaller values within a given distance. It uses a depth-first search approach with memoization to explore possi...


INFO - Retrieved (score=0.5569):

[description]
The function calculates the smallest possible weight of the last remaining stone after repeatedly smashing two stones together, where the stones are represented by a list of integers. It first computes the total weight of all stones and initializes a boolean array to track possible...


INFO - Retrieved (score=0.4551): 
[Textbook Reference Material]:
    Title: Longest increasing subsequence
    Part: 1/3
    # Longest increasing subsequence

    We are given an array with $n$ numbers: $a[0 \dots n-1]$.
    The task is to find the longest, strictly increasing, subsequence in $a$.

    Formally we look for the l...
INFO - Retrieved (score=0.4773): 
[Textbook Reference Material]:
    Chapter: Dynamic programming
    Section: Longest increasing subsequence
    Part: 1/1
    \section{Longest increasing subsequence}

    \index{longest increasing subsequence}

    Our first problem is to find the
    \key{longest increasing subsequence}
    in...
INFO - LM call n parse attempt 1 / 3

INFO - [Task id] 1095 [prompt] 
You are an expert programmer tasked with solving the problem below.

Follow the user's instructions to solve the problem.
The user can ask for analysis, code, or both.

## Instructions
When asked to output code,
- Make sure to wrap your code in '```python' and '```' Markdown delimiters, 
- include exactly one block of code with the entire solution
- No outside libraries are allowed. 
- Builtins are allowed.
- If the task specifies a function name to be used, follow it strictly (be case sensitive!) and declare the that function last (helper functions are declared first).
- DO NOT write any assert statements / tests.

## Problem
[BEGIN PROBLEM]
Indraneel has to sort the books in his library. His library has one long shelf. His books are numbered $1$ through $N$ and he wants to rearrange the books so that they appear in the sequence $1,2, ..., N$.
He intends to do this by a sequence of moves. In each move he can pick up any book from the shelf and insert it at a different place in the shelf. Suppose Indraneel has $5$ books and they are initially arranged in the order
21453214532 \quad 1 \quad 4 \quad 5 \quad 3
Indraneel will rearrange this in ascending order by first moving book $1$ to the beginning of the shelf to get
12453124531 \quad 2 \quad 4 \quad 5 \quad 3
Then, moving book $3$ to position $3$, he gets
12345123451 \quad 2 \quad 3 \quad 4 \quad 5
Your task is to write a program to help Indraneel determine the minimum number of moves that are necessary to sort his book shelf.

-----Input:-----
The first line of the input will contain a single integer $N$ indicating the number of books in Indraneel's library. This is followed by a line containing a permutation of $1, 2, ..., N$ indicating the intial state of Indraneel's book-shelf.

-----Output:-----
A single integer indicating the minimum number of moves necessary to sort Indraneel's book-shelf.

-----Constraints:-----
- $1 \leq N \leq 200000$.
- You may also assume that in $50 \%$ of the inputs, $1 \leq N \leq 5000$.

-----Sample Input-----
5
2 1 4 5 3 

-----Sample Output-----
2

The output code needs to read from and write to standard IO


[END PROBLEM]

INFO - [Task id] 1095 [prompt] 
## Instructions

Reason through the problem and:
1. Restate the problem in plain English
2. Conceptualize a solution first in plain English
3. Write a pseudocode solution
4. Output the final Python 3 solution with your solution steps in comments.

Make sure to wrap your code in '```python' and '```' Markdown delimiters, 
and include exactly one block of code with the entire solution.

No outside libraries are allowed.
Builtins are allowed.

INFO - [Task id] 1095 [prompt] 
Also, here are some of your memories.
Feel free to use the given information to aid your problem solving process if necessary.
Do not confuse the memories with the problem statement.

## Memories

[Textbook Reference Material]:
    Title: Longest increasing subsequence
    Part: 1/3
    # Longest increasing subsequence

    We are given an array with $n$ numbers: $a[0 \dots n-1]$.
    The task is to find the longest, strictly increasing, subsequence in $a$.

    Formally we look for the longest sequence of indices $i_1, \dots i_k$ such that

    $$i_1 < i_2 < \dots < i_k,\quad
    a[i_1] < a[i_2] < \dots < a[i_k]$$

    In this article we discuss multiple algorithms for solving this task.
    Also we will discuss some other problems, that can be reduced to this problem.

    ## Solution in $O(n^2)$ with dynamic programming {data-toc-label="Solution in O(n^2) with dynamic programming"}

    Dynamic programming is a very general technique that allows to solve a huge class of problems.
    Here we apply the technique for our specific task.

    First we will search only for the **length** of the longest increasing subsequence, and only later learn how to restore the subsequence itself.

    ### Finding the length

    To accomplish this task, we define an array $d[0 \dots n-1]$, where $d[i]$ is the length of the longest increasing subsequence that ends in the element at index $i$.

    !!! example

        $$\begin{array}{ll}
        a &= \{8, 3, 4, 6, 5, 2, 0, 7, 9, 1\} \\
        d &= \{1, 1, 2, 3, 3, 1, 1, 4, 5, 2\}
        \end{array}$$

        The longest increasing subsequence that ends at index 4 is $\{3, 4, 5\}$ with a length of 3, the longest ending at index 8 is either $\{3, 4, 5, 7, 9\}$ or $\{3, 4, 6, 7, 9\}$, both having length 5, and the longest ending at index 9 is $\{0, 1\}$ having length 2.

    We will compute this array gradually: first $d[0]$, then $d[1]$, and so on.
    After this array is computed, the answer to the problem will be the maximum value in the array $d[]$.

    So let the current index be $i$.
    I.e. we want to compute the value $d[i]$ and all previous values $d[0], \dots, d[i-1]$ are already known.
    Then there are two options:

    -   $d[i] = 1$: the required subsequence consists only of the element $a[i]$.

    -   $d[i] > 1$: The subsequence will end it $a[i]$, and right before it will be some number $a[j]$ with $j < i$ and $a[j] < a[i]$.

        It's easy to see, that the subsequence ending in $a[j]$ will itself be one of the longest increasing subsequences that ends in $a[j]$.
        The number $a[i]$ just extends that longest increasing subsequence by one number.

        Therefore, we can just iterate over all $j < i$ with $a[j] < a[i]$, and take the longest sequence that we get by appending $a[i]$ to the longest increasing subsequence ending in $a[j]$.
        The longest increasing subsequence ending in $a[j]$ has length $d[j]$, extending it by one gives the length $d[j] + 1$.
  
        $$d[i] = \max_{\substack{j < i \\\\ a[j] < a[i]}} \left(d[j] + 1\right)$$

    If we combine these two cases we get the final answer for $d[i]$:

    $$d[i] = \max\left(1, \max_{\substack{j < i \\\\ a[j] < a[i]}} \left(d[j] + 1\right)\right)$$

    ### Implementation

    Here is an implementation of the algorithm described above, which computes the length of the longest increasing subsequence.

    ```{.cpp file=lis_n2}
    int lis(vector<int> const& a) {
        int n = a.size();
        vector<int> d(n, 1);
        for (int i = 0; i < n; i++) {
            for (int j = 0; j < i; j++) {
                if (a[j] < a[i])
                    d[i] = max(d[i], d[j] + 1);
            }
        }

        int ans = d[0];
        for (int i = 1; i < n; i++) {
            ans = max(ans, d[i]);
        }
        return ans;
    }
    ```

    ### Restoring the subsequence

    So far we only learned how to find the length of the subsequence, but not how to find the subsequence itself.

    To be able to restore the subsequence we generate an additional auxiliary array $p[0 \dots n-1]$ that we will compute alongside the array $d[]$.
    $p[i]$ will be the index $j$ of the second last element in the longest increasing subsequence ending in $i$.
    In other words the index $p[i]$ is the same index $j$ at which the highest value $d[i]$ was obtained.
    This auxiliary array $p[]$ points in some sense to the ancestors.

    Then to derive the subsequence, we just start at the index $i$ with the maximal $d[i]$, and follow the ancestors until we deduced the entire subsequence, i.e. until we reach the element with $d[i] = 1$.

    ### Implementation of restoring

    We will change the code from the previous sections a little bit.
    We will compute the array $p[]$ alongside $d[]$, and afterwards compute the subsequence.

    For convenience we originally assign the ancestors with $p[i] = -1$.
    For elements with $d[i] = 1$, the ancestors value will remain $-1$, which will be slightly more convenient for restoring the subsequence.

    ```{.cpp file=lis_n2_restore}
    vector<int> lis(vector<int> const& a) {
        int n = a.size();
        vector<int> d(n, 1), p(n, -1);
        for (int i = 0; i < n; i++) {
            for (int j = 0; j < i; j++) {
                if (a[j] < a[i] && d[i] < d[j] + 1) {
                    d[i] = d[j] + 1;
                    p[i] = j;
                }
            }
        }

        int ans = d[0], pos = 0;
        for (int i = 1; i < n; i++) {
            if (d[i] > ans) {
                ans = d[i];
                pos = i;
            }
        }

        vector<int> subseq;
        while (pos != -1) {
            subseq.push_back(a[pos]);
            pos = p[pos];
        }
        reverse(subseq.begin(), subseq.end());
        return subseq;
    }
[/Textbook Reference Material]


[Textbook Reference Material]:
    Chapter: Dynamic programming
    Section: Longest increasing subsequence
    Part: 1/1
    \section{Longest increasing subsequence}

    \index{longest increasing subsequence}

    Our first problem is to find the
    \key{longest increasing subsequence}
    in an array of $n$ elements.
    This is a maximum-length
    sequence of array elements
    that goes from left to right,
    and each element in the sequence is larger
    than the previous element.
    For example, in the array

    \begin{center}
    \begin{tikzpicture}[scale=0.7]
    \draw (0,0) grid (8,1);
    \node at (0.5,0.5) {$6$};
    \node at (1.5,0.5) {$2$};
    \node at (2.5,0.5) {$5$};
    \node at (3.5,0.5) {$1$};
    \node at (4.5,0.5) {$7$};
    \node at (5.5,0.5) {$4$};
    \node at (6.5,0.5) {$8$};
    \node at (7.5,0.5) {$3$};

    \footnotesize
    \node at (0.5,1.4) {$0$};
    \node at (1.5,1.4) {$1$};
    \node at (2.5,1.4) {$2$};
    \node at (3.5,1.4) {$3$};
    \node at (4.5,1.4) {$4$};
    \node at (5.5,1.4) {$5$};
    \node at (6.5,1.4) {$6$};
    \node at (7.5,1.4) {$7$};
    \end{tikzpicture}
    \end{center}
    the longest increasing subsequence
    contains 4 elements:
    \begin{center}
    \begin{tikzpicture}[scale=0.7]
    \fill[color=lightgray] (1,0) rectangle (2,1);
    \fill[color=lightgray] (2,0) rectangle (3,1);
    \fill[color=lightgray] (4,0) rectangle (5,1);
    \fill[color=lightgray] (6,0) rectangle (7,1);
    \draw (0,0) grid (8,1);
    \node at (0.5,0.5) {$6$};
    \node at (1.5,0.5) {$2$};
    \node at (2.5,0.5) {$5$};
    \node at (3.5,0.5) {$1$};
    \node at (4.5,0.5) {$7$};
    \node at (5.5,0.5) {$4$};
    \node at (6.5,0.5) {$8$};
    \node at (7.5,0.5) {$3$};

    \draw[thick,->] (1.5,-0.25) .. controls (1.75,-1.00) and (2.25,-1.00) .. (2.4,-0.25);
    \draw[thick,->] (2.6,-0.25) .. controls (3.0,-1.00) and (4.0,-1.00) .. (4.4,-0.25);
    \draw[thick,->] (4.6,-0.25) .. controls (5.0,-1.00) and (6.0,-1.00) .. (6.5,-0.25);

    \footnotesize
    \node at (0.5,1.4) {$0$};
    \node at (1.5,1.4) {$1$};
    \node at (2.5,1.4) {$2$};
    \node at (3.5,1.4) {$3$};
    \node at (4.5,1.4) {$4$};
    \node at (5.5,1.4) {$5$};
    \node at (6.5,1.4) {$6$};
    \node at (7.5,1.4) {$7$};
    \end{tikzpicture}
    \end{center}

    Let $\texttt{length}(k)$ denote
    the length of the
    longest increasing subsequence
    that ends at position $k$.
    Thus, if we calculate all values of
    $\texttt{length}(k)$ where $0 \le k \le n-1$,
    we will find out the length of the
    longest increasing subsequence.
    For example, the values of the function
    for the above array are as follows:
    \[
    \begin{array}{lcl}
    \texttt{length}(0) & = & 1 \\
    \texttt{length}(1) & = & 1 \\
    \texttt{length}(2) & = & 2 \\
    \texttt{length}(3) & = & 1 \\
    \texttt{length}(4) & = & 3 \\
    \texttt{length}(5) & = & 2 \\
    \texttt{length}(6) & = & 4 \\
    \texttt{length}(7) & = & 2 \\
    \end{array}
    \]

    For example, $\texttt{length}(6)=4$,
    because the longest increasing subsequence
    that ends at position 6 consists of 4 elements.

    To calculate a value of $\texttt{length}(k)$,
    we should find a position $i<k$
    for which $\texttt{array}[i]<\texttt{array}[k]$
    and $\texttt{length}(i)$ is as large as possible.
    Then we know that
    $\texttt{length}(k)=\texttt{length}(i)+1$,
    because this is an optimal way to add
    $\texttt{array}[k]$ to a subsequence.
    However, if there is no such position $i$,
    then $\texttt{length}(k)=1$,
    which means that the subsequence only contains
    $\texttt{array}[k]$.

    Since all values of the function can be calculated
    from its smaller values,
    we can use dynamic programming.
    In the following code, the values
    of the function will be stored in an array
    $\texttt{length}$.

    \begin{lstlisting}
    for (int k = 0; k < n; k++) {
        length[k] = 1;
        for (int i = 0; i < k; i++) {
            if (array[i] < array[k]) {
                length[k] = max(length[k],length[i]+1);
            }
        }
    }
    \end{lstlisting}

    This code works in $O(n^2)$ time,
    because it consists of two nested loops.
    However, it is also possible to implement
    the dynamic programming calculation
    more efficiently in $O(n \log n)$ time.
    Can you find a way to do this?
[/Textbook Reference Material]


INFO - [Task id] 1095 [generation text] 1. **Restate the problem in plain English:**

   Indraneel has a shelf with books numbered from 1 to N, but they are not in order. He wants to sort them in ascending order using the minimum number of moves. In each move, he can pick any book and place it at a different position on the shelf. The task is to determine the minimum number of moves required to sort the books.

2. **Conceptualize a solution in plain English:**

   To solve this problem, we can leverage the concept of the Longest Increasing Subsequence (LIS). The idea is that the books that are already in the correct order form an increasing subsequence. The minimum number of moves required to sort the books is the total number of books minus the length of this longest increasing subsequence. This is because the books that are not part of the LIS need to be moved to achieve the sorted order.

3. **Write a pseudocode solution:**

   ```
   Function findLISLength(arr):
       Initialize an empty list 'lis'
       For each book in arr:
           If lis is empty or book is greater than the last element in lis:
               Append book to lis
           Else:
               Find the position in lis where book should be placed to maintain sorted order
               Replace the element at that position with book
       Return the length of lis

   Function minMovesToSortBooks(N, books):
       lis_length = findLISLength(books)
       Return N - lis_length
   ```

4. **Output the final Python 3 solution with your solution steps in comments:**

```python
def findLISLength(arr):
    # This function finds the length of the Longest Increasing Subsequence (LIS)
    # using a binary search approach for efficiency.
    lis = []
    for book in arr:
        # If lis is empty or the current book is greater than the last element in lis
        if not lis or book > lis[-1]:
            lis.append(book)
        else:
            # Find the position where the current book should be placed
            # to maintain the sorted order of lis
            left, right = 0, len(lis) - 1
            while left < right:
                mid = (left + right) // 2
                if lis[mid] < book:
                    left = mid + 1
                else:
                    right = mid
            # Replace the element at the found position with the current book
            lis[left] = book
    # Return the length of the LIS
    return len(lis)

def minMovesToSortBooks(N, books):
    # Calculate the length of the longest increasing subsequence
    lis_length = findLISLength(books)
    # The minimum number of moves is the total number of books minus the length of the LIS
    return N - lis_length

# Read input
import sys
input = sys.stdin.read
data = input().split()
N = int(data[0])
books = list(map(int, data[1:]))

# Output the result
print(minMovesToSortBooks(N, books))
```

This solution efficiently calculates the minimum number of moves required to sort the books by finding the length of the longest increasing subsequence and subtracting it from the total number of books.
INFO - program_code:
 
def findLISLength(arr):
    # This function finds the length of the Longest Increasing Subsequence (LIS)
    # using a binary search approach for efficiency.
    lis = []
    for book in arr:
        # If lis is empty or the current book is greater than the last element in lis
        if not lis or book > lis[-1]:
            lis.append(book)
        else:
            # Find the position where the current book should be placed
            # to maintain the sorted order of lis
            left, right = 0, len(lis) - 1
            while left < right:
                mid = (left + right) // 2
                if lis[mid] < book:
                    left = mid + 1
                else:
                    right = mid
            # Replace the element at the found position with the current book
            lis[left] = book
    # Return the length of the LIS
    return len(lis)

def minMovesToSortBooks(N, books):
    # Calculate the length of the longest increasing subsequence
    lis_length = findLISLength(books)
    # The minimum number of moves is the total number of books minus the length of the LIS
    return N - lis_length

# Read input
import sys
input = sys.stdin.read
data = input().split()
N = int(data[0])
books = list(map(int, data[1:]))

# Output the result
print(minMovesToSortBooks(N, books))


INFO - program_name:
 minMovesToSortBooks

INFO - dependencies:
 []

INFO - raw_msg:
 1. **Restate the problem in plain English:**

   Indraneel has a shelf with books numbered from 1 to N, but they are not in order. He wants to sort them in ascending order using the minimum number of moves. In each move, he can pick any book and place it at a different position on the shelf. The task is to determine the minimum number of moves required to sort the books.

2. **Conceptualize a solution in plain English:**

   To solve this problem, we can leverage the concept of the Longest Increasing Subsequence (LIS). The idea is that the books that are already in the correct order form an increasing subsequence. The minimum number of moves required to sort the books is the total number of books minus the length of this longest increasing subsequence. This is because the books that are not part of the LIS need to be moved to achieve the sorted order.

3. **Write a pseudocode solution:**

   ```
   Function findLISLength(arr):
       Initialize an empty list 'lis'
       For each book in arr:
           If lis is empty or book is greater than the last element in lis:
               Append book to lis
           Else:
               Find the position in lis where book should be placed to maintain sorted order
               Replace the element at that position with book
       Return the length of lis

   Function minMovesToSortBooks(N, books):
       lis_length = findLISLength(books)
       Return N - lis_length
   ```

4. **Output the final Python 3 solution with your solution steps in comments:**

```python
def findLISLength(arr):
    # This function finds the length of the Longest Increasing Subsequence (LIS)
    # using a binary search approach for efficiency.
    lis = []
    for book in arr:
        # If lis is empty or the current book is greater than the last element in lis
        if not lis or book > lis[-1]:
            lis.append(book)
        else:
            # Find the position where the current book should be placed
            # to maintain the sorted order of lis
            left, right = 0, len(lis) - 1
            while left < right:
                mid = (left + right) // 2
                if lis[mid] < book:
                    left = mid + 1
                else:
                    right = mid
            # Replace the element at the found position with the current book
            lis[left] = book
    # Return the length of the LIS
    return len(lis)

def minMovesToSortBooks(N, books):
    # Calculate the length of the longest increasing subsequence
    lis_length = findLISLength(books)
    # The minimum number of moves is the total number of books minus the length of the LIS
    return N - lis_length

# Read input
import sys
input = sys.stdin.read
data = input().split()
N = int(data[0])
books = list(map(int, data[1:]))

# Output the result
print(minMovesToSortBooks(N, books))
```

This solution efficiently calculates the minimum number of moves required to sort the books by finding the length of the longest increasing subsequence and subtracting it from the total number of books.

INFO - no_parent:
 False

INFO - full code to be executed: 
 
def findLISLength(arr):
    # This function finds the length of the Longest Increasing Subsequence (LIS)
    # using a binary search approach for efficiency.
    lis = []
    for book in arr:
        # If lis is empty or the current book is greater than the last element in lis
        if not lis or book > lis[-1]:
            lis.append(book)
        else:
            # Find the position where the current book should be placed
            # to maintain the sorted order of lis
            left, right = 0, len(lis) - 1
            while left < right:
                mid = (left + right) // 2
                if lis[mid] < book:
                    left = mid + 1
                else:
                    right = mid
            # Replace the element at the found position with the current book
            lis[left] = book
    # Return the length of the LIS
    return len(lis)

def minMovesToSortBooks(N, books):
    # Calculate the length of the longest increasing subsequence
    lis_length = findLISLength(books)
    # The minimum number of moves is the total number of books minus the length of the LIS
    return N - lis_length

# Read input
import sys
input = sys.stdin.read
data = input().split()
N = int(data[0])
books = list(map(int, data[1:]))

# Output the result
print(minMovesToSortBooks(N, books))


INFO - obs: Note: Inputs/outputs here are automatically extracted/truncated so formatting may be a bit off.
Tests passed:

 Input: ['5', '2 1 4 5 3'] Output: 2

Tests failed:
None
reward: True
done: None
info: {'individual_results': [True]}
INFO - Updated entry: 
[Task]:
    Indraneel has to sort the books in his library. His library has one long shelf. His books are numbered $1$ through $N$ and he wants to rearrange the books so that they appear in the sequence $1,2, ..., N$.
    He intends to do this by a sequence of moves. In each move he can pick up ...,

INFO - Metadata: {
    "raw_msg": "1. **Restate the problem in plain English:**\n\n   Indraneel has a shelf with books numbered from 1 to N, but they are not in order. He wants to sort them in ascending order using the minimum number of moves. In each move, he can pick any book and place it at a different positio...

INFO - LM call n parse attempt 1 / 3

INFO - [Task id] 1095 [prompt] 
You are an expert programmer tasked with solving the problem below.

Follow the user's instructions to solve the problem.
The user can ask for analysis, code, or both.

## Instructions
When asked to output code,
- Make sure to wrap your code in '```python' and '```' Markdown delimiters, 
- include exactly one block of code with the entire solution
- No outside libraries are allowed. 
- Builtins are allowed.
- If the task specifies a function name to be used, follow it strictly (be case sensitive!) and declare the that function last (helper functions are declared first).
- DO NOT write any assert statements / tests.

## Problem
[BEGIN PROBLEM]
Indraneel has to sort the books in his library. His library has one long shelf. His books are numbered $1$ through $N$ and he wants to rearrange the books so that they appear in the sequence $1,2, ..., N$.
He intends to do this by a sequence of moves. In each move he can pick up any book from the shelf and insert it at a different place in the shelf. Suppose Indraneel has $5$ books and they are initially arranged in the order
21453214532 \quad 1 \quad 4 \quad 5 \quad 3
Indraneel will rearrange this in ascending order by first moving book $1$ to the beginning of the shelf to get
12453124531 \quad 2 \quad 4 \quad 5 \quad 3
Then, moving book $3$ to position $3$, he gets
12345123451 \quad 2 \quad 3 \quad 4 \quad 5
Your task is to write a program to help Indraneel determine the minimum number of moves that are necessary to sort his book shelf.

-----Input:-----
The first line of the input will contain a single integer $N$ indicating the number of books in Indraneel's library. This is followed by a line containing a permutation of $1, 2, ..., N$ indicating the intial state of Indraneel's book-shelf.

-----Output:-----
A single integer indicating the minimum number of moves necessary to sort Indraneel's book-shelf.

-----Constraints:-----
- $1 \leq N \leq 200000$.
- You may also assume that in $50 \%$ of the inputs, $1 \leq N \leq 5000$.

-----Sample Input-----
5
2 1 4 5 3 

-----Sample Output-----
2

The output code needs to read from and write to standard IO


[END PROBLEM]

INFO - [Task id] 1095 [prompt] 
## Instructions

Reason through the problem and:
1. Restate the problem in plain English
2. Conceptualize a solution first in plain English
3. Write a pseudocode solution
4. Output the final Python 3 solution with your solution steps in comments.

Make sure to wrap your code in '```python' and '```' Markdown delimiters, 
and include exactly one block of code with the entire solution.

No outside libraries are allowed.
Builtins are allowed.

INFO - [Task id] 1095 [prompt] 1. **Restate the problem in plain English:**

   Indraneel has a shelf with books numbered from 1 to N, but they are not in order. He wants to sort them in ascending order using the minimum number of moves. In each move, he can pick any book and place it at a different position on the shelf. The task is to determine the minimum number of moves required to sort the books.

2. **Conceptualize a solution in plain English:**

   To solve this problem, we can leverage the concept of the Longest Increasing Subsequence (LIS). The idea is that the books that are already in the correct order form an increasing subsequence. The minimum number of moves required to sort the books is the total number of books minus the length of this longest increasing subsequence. This is because the books that are not part of the LIS need to be moved to achieve the sorted order.

3. **Write a pseudocode solution:**

   ```
   Function findLISLength(arr):
       Initialize an empty list 'lis'
       For each book in arr:
           If lis is empty or book is greater than the last element in lis:
               Append book to lis
           Else:
               Find the position in lis where book should be placed to maintain sorted order
               Replace the element at that position with book
       Return the length of lis

   Function minMovesToSortBooks(N, books):
       lis_length = findLISLength(books)
       Return N - lis_length
   ```

4. **Output the final Python 3 solution with your solution steps in comments:**

```python
def findLISLength(arr):
    # This function finds the length of the Longest Increasing Subsequence (LIS)
    # using a binary search approach for efficiency.
    lis = []
    for book in arr:
        # If lis is empty or the current book is greater than the last element in lis
        if not lis or book > lis[-1]:
            lis.append(book)
        else:
            # Find the position where the current book should be placed
            # to maintain the sorted order of lis
            left, right = 0, len(lis) - 1
            while left < right:
                mid = (left + right) // 2
                if lis[mid] < book:
                    left = mid + 1
                else:
                    right = mid
            # Replace the element at the found position with the current book
            lis[left] = book
    # Return the length of the LIS
    return len(lis)

def minMovesToSortBooks(N, books):
    # Calculate the length of the longest increasing subsequence
    lis_length = findLISLength(books)
    # The minimum number of moves is the total number of books minus the length of the LIS
    return N - lis_length

# Read input
import sys
input = sys.stdin.read
data = input().split()
N = int(data[0])
books = list(map(int, data[1:]))

# Output the result
print(minMovesToSortBooks(N, books))
```

This solution efficiently calculates the minimum number of moves required to sort the books by finding the length of the longest increasing subsequence and subtracting it from the total number of books.
INFO - [Task id] 1095 [prompt] 
[Environment Feedback]:
    Note: Inputs/outputs here are automatically extracted/truncated so formatting may be a bit off.
    Tests passed:

     Input: ['5', '2 1 4 5 3'] Output: 2

    Tests failed:
    None
[/Environment Feedback]

INFO - [Task id] 1095 [prompt] 
## Instructions
Now, summarize your attempts as a **standalone** document for your own future reference. (can skip formalities, be concise)

- Only include the most relevant information and code snippets that could be useful in the future.
- If you did not learn much from the current experience (e.g. the problem was too easy), feel free to write less or nothing at all.
- Here are some ideas if the experience was useful:
    - Identifying the core concepts and patterns that problem appears to test for
    - Describing the strategies that seemed to work but did not, and vice versa
    - Describing unexpected errors and how they were fixed

Your summary should be at most a few paragraphs.

INFO - [Task id] 1095 [generation text] In this problem, the goal was to determine the minimum number of moves required to sort a sequence of books numbered from 1 to N. The key insight was recognizing that the problem could be efficiently solved using the concept of the Longest Increasing Subsequence (LIS). The books that are already in the correct order form an increasing subsequence, and the minimum number of moves needed is the total number of books minus the length of this LIS.

The solution involved implementing a function to find the length of the LIS using a binary search approach, which is efficient and works in O(N log N) time complexity. This is crucial given the constraint that N can be as large as 200,000. The binary search helps in maintaining a list that represents the smallest possible end elements of increasing subsequences of various lengths.

The main challenge was ensuring the LIS calculation was efficient, and the binary search approach was key to achieving this. The solution was tested and passed all provided test cases, confirming its correctness and efficiency. This approach is a useful pattern for similar problems involving sorting or rearranging sequences with minimal operations.
INFO - LM call n parse attempt 1 / 3

INFO - [Task id] 1095 [prompt] 
You are an expert programmer tasked with solving the problem below.

Follow the user's instructions to solve the problem.
The user can ask for analysis, code, or both.

## Instructions
When asked to output code,
- Make sure to wrap your code in '```python' and '```' Markdown delimiters, 
- include exactly one block of code with the entire solution
- No outside libraries are allowed. 
- Builtins are allowed.
- If the task specifies a function name to be used, follow it strictly (be case sensitive!) and declare the that function last (helper functions are declared first).
- DO NOT write any assert statements / tests.

## Problem
[BEGIN PROBLEM]
Indraneel has to sort the books in his library. His library has one long shelf. His books are numbered $1$ through $N$ and he wants to rearrange the books so that they appear in the sequence $1,2, ..., N$.
He intends to do this by a sequence of moves. In each move he can pick up any book from the shelf and insert it at a different place in the shelf. Suppose Indraneel has $5$ books and they are initially arranged in the order
21453214532 \quad 1 \quad 4 \quad 5 \quad 3
Indraneel will rearrange this in ascending order by first moving book $1$ to the beginning of the shelf to get
12453124531 \quad 2 \quad 4 \quad 5 \quad 3
Then, moving book $3$ to position $3$, he gets
12345123451 \quad 2 \quad 3 \quad 4 \quad 5
Your task is to write a program to help Indraneel determine the minimum number of moves that are necessary to sort his book shelf.

-----Input:-----
The first line of the input will contain a single integer $N$ indicating the number of books in Indraneel's library. This is followed by a line containing a permutation of $1, 2, ..., N$ indicating the intial state of Indraneel's book-shelf.

-----Output:-----
A single integer indicating the minimum number of moves necessary to sort Indraneel's book-shelf.

-----Constraints:-----
- $1 \leq N \leq 200000$.
- You may also assume that in $50 \%$ of the inputs, $1 \leq N \leq 5000$.

-----Sample Input-----
5
2 1 4 5 3 

-----Sample Output-----
2

The output code needs to read from and write to standard IO


[END PROBLEM]

INFO - [Task id] 1095 [prompt] 
## Instructions

Reason through the problem and:
1. Restate the problem in plain English
2. Conceptualize a solution first in plain English
3. Write a pseudocode solution
4. Output the final Python 3 solution with your solution steps in comments.

Make sure to wrap your code in '```python' and '```' Markdown delimiters, 
and include exactly one block of code with the entire solution.

No outside libraries are allowed.
Builtins are allowed.

INFO - [Task id] 1095 [prompt] 1. **Restate the problem in plain English:**

   Indraneel has a shelf with books numbered from 1 to N, but they are not in order. He wants to sort them in ascending order using the minimum number of moves. In each move, he can pick any book and place it at a different position on the shelf. The task is to determine the minimum number of moves required to sort the books.

2. **Conceptualize a solution in plain English:**

   To solve this problem, we can leverage the concept of the Longest Increasing Subsequence (LIS). The idea is that the books that are already in the correct order form an increasing subsequence. The minimum number of moves required to sort the books is the total number of books minus the length of this longest increasing subsequence. This is because the books that are not part of the LIS need to be moved to achieve the sorted order.

3. **Write a pseudocode solution:**

   ```
   Function findLISLength(arr):
       Initialize an empty list 'lis'
       For each book in arr:
           If lis is empty or book is greater than the last element in lis:
               Append book to lis
           Else:
               Find the position in lis where book should be placed to maintain sorted order
               Replace the element at that position with book
       Return the length of lis

   Function minMovesToSortBooks(N, books):
       lis_length = findLISLength(books)
       Return N - lis_length
   ```

4. **Output the final Python 3 solution with your solution steps in comments:**

```python
def findLISLength(arr):
    # This function finds the length of the Longest Increasing Subsequence (LIS)
    # using a binary search approach for efficiency.
    lis = []
    for book in arr:
        # If lis is empty or the current book is greater than the last element in lis
        if not lis or book > lis[-1]:
            lis.append(book)
        else:
            # Find the position where the current book should be placed
            # to maintain the sorted order of lis
            left, right = 0, len(lis) - 1
            while left < right:
                mid = (left + right) // 2
                if lis[mid] < book:
                    left = mid + 1
                else:
                    right = mid
            # Replace the element at the found position with the current book
            lis[left] = book
    # Return the length of the LIS
    return len(lis)

def minMovesToSortBooks(N, books):
    # Calculate the length of the longest increasing subsequence
    lis_length = findLISLength(books)
    # The minimum number of moves is the total number of books minus the length of the LIS
    return N - lis_length

# Read input
import sys
input = sys.stdin.read
data = input().split()
N = int(data[0])
books = list(map(int, data[1:]))

# Output the result
print(minMovesToSortBooks(N, books))
```

This solution efficiently calculates the minimum number of moves required to sort the books by finding the length of the longest increasing subsequence and subtracting it from the total number of books.
INFO - [Task id] 1095 [prompt] 
[Environment Feedback]:
    Note: Inputs/outputs here are automatically extracted/truncated so formatting may be a bit off.
    Tests passed:

     Input: ['5', '2 1 4 5 3'] Output: 2

    Tests failed:
    None
[/Environment Feedback]

INFO - [Task id] 1095 [prompt] 
Below is the official solution (do exercise discretion as official solutions can also have mistakes).

You will be reflecting on your attempts to solve the problem.
This will be a **standalone** document for your own future reference. (can skip formalities, be concise)

## Instructions
- Only include the most relevant insights and code snippets that could be useful in the future.
- If you did not learn much from the current experience (e.g. the problem was too easy / official solution was obvious), feel free to write less or nothing at all.
- Here are some ideas if the experience was useful:
    - If the official solution is insightful (e.g. better than yours in time and space complexity or more effective in breaking down the problem statement), distil the key approach of the official solution, step by step.
    - If your approach failed the test cases, reason why the official solution works but yours does not

Your reflection should be at most a few paragraphs.

## Official solution
n=int(input())
arr=[int(x) for x in input().split()]
l=[1]*n
if sorted(arr)==arr:
    print('0')
else:
    for i in range(0,len(arr)):
        for j in range(i):
            if arr[i]>=arr[j] and l[i]<l[j]+1:
                l[i]=l[j]+1
    print(n-max(l))

INFO - [Task id] 1095 [generation text] The problem of sorting books with the minimum number of moves can be efficiently solved by finding the Longest Increasing Subsequence (LIS) in the given sequence of books. The key insight is that the books already in the correct order form an increasing subsequence, and the minimum number of moves required to sort the books is the total number of books minus the length of this LIS.

### Key Insights from the Official Solution:

1. **Dynamic Programming Approach**: The official solution uses a dynamic programming approach to find the LIS. It initializes a list `l` where each element starts as 1, representing the minimum length of an increasing subsequence ending at each position.

2. **Nested Loop for LIS Calculation**: The solution iterates over each book and checks all previous books to update the `l` list. If a book can extend a previous increasing subsequence, it updates the length accordingly.

3. **Efficiency Consideration**: The official solution has a time complexity of O(N^2) due to the nested loops. This is less efficient than the O(N log N) approach using binary search, but it is straightforward and works well within the constraints for smaller values of N.

4. **Edge Case Handling**: The solution first checks if the array is already sorted, in which case it directly returns 0 moves.

### Reflection:

The official solution is straightforward and easy to understand, especially for those familiar with dynamic programming. However, for larger values of N, the O(N log N) approach using binary search (as implemented in my solution) is more efficient. This experience reinforces the importance of understanding different approaches to the LIS problem and choosing the right one based on the problem constraints. The binary search method is particularly useful for large datasets, while the dynamic programming approach is simpler and more intuitive for smaller datasets.
INFO - Updated entry: In this problem, the goal was to determine the minimum number of moves required to sort a sequence of books numbered from 1 to N. The key insight was recognizing that the problem could be efficiently solved using the concept of the Longest Increasing Subsequence (LIS). The books that are already ...,

INFO - Metadata: {
    "task_id": 1095
}

INFO - Updated entry: The problem of sorting books with the minimum number of moves can be efficiently solved by finding the Longest Increasing Subsequence (LIS) in the given sequence of books. The key insight is that the books already in the correct order form an increasing subsequence, and the minimum number of move...,

INFO - Metadata: {
    "task_id": 1095
}

INFO - LM call n parse attempt 1 / 3

INFO - [Task id] 1095 [prompt] 
You are a helpful assistant that writes a description of the given function written in the Python programming language.

1) Do not mention the function name.
2) Do not mention anything about helper functions.
3) There might be some helper functions before the main function, but you only need to describe the main function.
4) Try to summarize the function in no more than 6 sentences.
5) Your response should be a single line of text.

INFO - [Task id] 1095 [prompt] 
def findLISLength(arr):
    # This function finds the length of the Longest Increasing Subsequence (LIS)
    # using a binary search approach for efficiency.
    lis = []
    for book in arr:
        # If lis is empty or the current book is greater than the last element in lis
        if not lis or book > lis[-1]:
            lis.append(book)
        else:
            # Find the position where the current book should be placed
            # to maintain the sorted order of lis
            left, right = 0, len(lis) - 1
            while left < right:
                mid = (left + right) // 2
                if lis[mid] < book:
                    left = mid + 1
                else:
                    right = mid
            # Replace the element at the found position with the current book
            lis[left] = book
    # Return the length of the LIS
    return len(lis)

def minMovesToSortBooks(N, books):
    # Calculate the length of the longest increasing subsequence
    lis_length = findLISLength(books)
    # The minimum number of moves is the total number of books minus the length of the LIS
    return N - lis_length

# Read input
import sys
input = sys.stdin.read
data = input().split()
N = int(data[0])
books = list(map(int, data[1:]))

# Output the result
print(minMovesToSortBooks(N, books))


The main function is `minMovesToSortBooks`.
INFO - [Task id] 1095 [generation text] The function calculates the minimum number of moves required to sort a list of books by determining the length of the longest increasing subsequence (LIS) in the list. It first computes the LIS length using a helper function and then subtracts this length from the total number of books to find the result. The function reads input data, which includes the number of books and their current order, and outputs the calculated minimum number of moves needed to sort the books.
INFO - LM call n parse attempt 1 / 3

INFO - [Task id] 1095 [prompt] 
You are a helpful assistant that extracts important information from problems and solutions to aid in searchability and education.

## Instructions
- Read through the problem and solution carefully.
- Reason out, step by step, in what scenarios this knowledge would be useful.
- Focus on general patterns and situations to help connect this knowledge to new situations.
- Then, include a list of keywords that are useful for searching this problem/solution pair.

## Response format
Respond in JSON, and follow the keys and expected format of the values strictly.

The output should be formatted as a JSON instance that conforms to the JSON schema below.

As an example, for the schema {"properties": {"foo": {"title": "Foo", "description": "a list of strings", "type": "array", "items": {"type": "string"}}}, "required": ["foo"]}
the object {"foo": ["bar", "baz"]} is a well-formatted instance of the schema. The object {"properties": {"foo": ["bar", "baz"]}} is not well-formatted.

Here is the output schema:
```
{"properties": {"scenarios": {"description": "In what scenarios will this knowledge be useful? Answer in a paragraph.", "title": "Scenarios", "type": "string"}, "keywords": {"description": "List of keywords that are useful for searching this problem/solution pair", "items": {"type": "string"}, "title": "Keywords", "type": "array"}}, "required": ["scenarios", "keywords"]}
```

INFO - [Task id] 1095 [prompt] 
[Problem]
    Indraneel has to sort the books in his library. His library has one long shelf. His books are numbered $1$ through $N$ and he wants to rearrange the books so that they appear in the sequence $1,2, ..., N$.
    He intends to do this by a sequence of moves. In each move he can pick up any book from the shelf and insert it at a different place in the shelf. Suppose Indraneel has $5$ books and they are initially arranged in the order
    21453214532 \quad 1 \quad 4 \quad 5 \quad 3
    Indraneel will rearrange this in ascending order by first moving book $1$ to the beginning of the shelf to get
    12453124531 \quad 2 \quad 4 \quad 5 \quad 3
    Then, moving book $3$ to position $3$, he gets
    12345123451 \quad 2 \quad 3 \quad 4 \quad 5
    Your task is to write a program to help Indraneel determine the minimum number of moves that are necessary to sort his book shelf.

    -----Input:-----
    The first line of the input will contain a single integer $N$ indicating the number of books in Indraneel's library. This is followed by a line containing a permutation of $1, 2, ..., N$ indicating the intial state of Indraneel's book-shelf.

    -----Output:-----
    A single integer indicating the minimum number of moves necessary to sort Indraneel's book-shelf.

    -----Constraints:-----
    - $1 \leq N \leq 200000$.
    - You may also assume that in $50 \%$ of the inputs, $1 \leq N \leq 5000$.

    -----Sample Input-----
    5
    2 1 4 5 3 

    -----Sample Output-----
    2
[/Problem]

[Solution]

    def findLISLength(arr):
        # This function finds the length of the Longest Increasing Subsequence (LIS)
        # using a binary search approach for efficiency.
        lis = []
        for book in arr:
            # If lis is empty or the current book is greater than the last element in lis
            if not lis or book > lis[-1]:
                lis.append(book)
            else:
                # Find the position where the current book should be placed
                # to maintain the sorted order of lis
                left, right = 0, len(lis) - 1
                while left < right:
                    mid = (left + right) // 2
                    if lis[mid] < book:
                        left = mid + 1
                    else:
                        right = mid
                # Replace the element at the found position with the current book
                lis[left] = book
        # Return the length of the LIS
        return len(lis)

    def minMovesToSortBooks(N, books):
        # Calculate the length of the longest increasing subsequence
        lis_length = findLISLength(books)
        # The minimum number of moves is the total number of books minus the length of the LIS
        return N - lis_length

    # Read input
    import sys
    input = sys.stdin.read
    data = input().split()
    N = int(data[0])
    books = list(map(int, data[1:]))

    # Output the result
    print(minMovesToSortBooks(N, books))

[/Solution]

INFO - [Task id] 1095 [generation text] 
INFO - {
    "scenarios": "This knowledge is useful in scenarios where one needs to sort a sequence with the minimum number of operations, specifically when the operation allowed is moving an element to a different position. This is a common problem in computer science related to sorting and optimization. The solution involves finding the longest increasing subsequence (LIS) in the sequence, which is a well-known technique to minimize the number of moves required to sort a sequence. This approach is efficient and applicable to large datasets, making it suitable for real-world applications where performance is critical, such as sorting large collections or optimizing processes in logistics and data management.",
    "keywords": [
        "sorting",
        "longest increasing subsequence",
        "LIS",
        "minimum moves",
        "sequence rearrangement",
        "optimization",
        "binary search",
        "algorithm",
        "efficiency",
        "large datasets"
    ]
}
INFO - {
    "scenarios": "This knowledge is useful in scenarios where one needs to sort a sequence with the minimum number of operations, specifically when the operation allowed is moving an element to a different position. This is a common problem in computer science related to sorting and optimization. The solution involves finding the longest increasing subsequence (LIS) in the sequence, which is a well-known technique to minimize the number of moves required to sort a sequence. This approach is efficient and applicable to large datasets, making it suitable for real-world applications where performance is critical, such as sorting large collections or optimizing processes in logistics and data management.",
    "keywords": [
        "sorting",
        "longest increasing subsequence",
        "LIS",
        "minimum moves",
        "sequence rearrangement",
        "optimization",
        "binary search",
        "algorithm",
        "efficiency",
        "large datasets"
    ]
}
INFO - Updated entry: 
[description for function: minMovesToSortBooks]
The function calculates the minimum number of moves required to sort a list of books by determining the length of the longest increasing subsequence (LIS) in the list. It first computes the LIS length using a helper function and then subtracts this...,

INFO - Metadata: {
    "task": 1095,
    "code": "\ndef findLISLength(arr):\n    # This function finds the length of the Longest Increasing Subsequence (LIS)\n    # using a binary search approach for efficiency.\n    lis = []\n    for book in arr:\n        # If lis is empty or the current book is greater than the...

