INFO - DB skill doc count: 0

INFO - DB non_func doc count: 38

INFO - DB semantic doc count: 429

INFO - DB summaries doc count: 46

INFO - DB reflections doc count: 46

INFO - DB episodic doc count: 0

INFO - [train iter]: 46/100 

INFO - The task prompt is Give me Chocolate

Anushka wants to buy chocolates.there are many chocolates in front of her, tagged with their prices.

Anushka has only a certain amount to spend, and she wants to maximize the number of chocolates she buys with this money.

Given a list of prices and an amount to spend, what is...

INFO - Attempting task_id 1401
INFO - LM call n parse attempt 1 / 3

INFO - [Task id] 1401 [prompt] 
You are an expert programmer tasked with solving the problem below.

Follow the user's instructions to solve the problem.
The user can ask for analysis, code, or both.

## Instructions
When asked to output code,
- Make sure to wrap your code in '```python' and '```' Markdown delimiters, 
- include exactly one block of code with the entire solution
- No outside libraries are allowed. 
- Builtins are allowed.
- If the task specifies a function name to be used, follow it strictly (be case sensitive!) and declare the that function last (helper functions are declared first).
- DO NOT write any assert statements / tests.

## Problem
[BEGIN PROBLEM]
Give me Chocolate

Anushka wants to buy chocolates.there are many chocolates in front of her, tagged with their prices.

Anushka has only a certain amount to spend, and she wants to maximize the number of chocolates she buys with this money.

Given a list of prices and an amount to spend, what is the maximum number of chocolates Anushka can buy? 

For example, 

if prices =[1,2,3,4]
and Anushka has k=7 to spend, she can buy items [1,2,3] for 6 , or [3,4] for 7 units of currency. she would choose the first group of 3 items.

Input Format

The first line contains two integers, n and k , the number of priced chocolates and the amount Anushka has to spend.

The next line contains n space-separated integers prices[i]

Constraints

1<= n <= 105

1<= k <= 109

1<= prices[i] <= 109



A chocolate can't be bought multiple times.

Output Format

An integer that denotes the maximum number of chocolates Anushka can buy for her.

Sample Input

7 50

1 12 5 111 200 1000 10

Sample Output

4

Explanation

she can buy only 4 chocolatess at most. These chocolates have the following prices: 1, 12, 5, 10.

The output code needs to read from and write to standard IO


[END PROBLEM]

INFO - [Task id] 1401 [prompt] 
## Instructions

Reason through the problem and:
1. Restate the problem in plain English
2. Conceptualize a solution first in plain English
3. Write a pseudocode solution
4. Output the final Python 3 solution with your solution steps in comments.

Make sure to wrap your code in '```python' and '```' Markdown delimiters, 
and include exactly one block of code with the entire solution.

No outside libraries are allowed.
Builtins are allowed.

INFO - [Task id] 1401 [generation text] ## Problem Restatement

Anushka wants to buy as many chocolates as possible with a given amount of money. Each chocolate has a specific price. The goal is to determine the maximum number of chocolates she can buy without exceeding her budget.

## Conceptual Solution

1. **Sort the Prices**: Start by sorting the list of chocolate prices in ascending order. This way, we can try to buy the cheapest chocolates first, maximizing the number of chocolates Anushka can buy.

2. **Iterate and Accumulate**: Initialize a counter for the number of chocolates and a variable to keep track of the total money spent. Iterate through the sorted list of prices, adding the price of each chocolate to the total spent until adding another chocolate would exceed the budget.

3. **Return the Count**: The counter will represent the maximum number of chocolates Anushka can buy without exceeding her budget.

## Pseudocode

```
function maxChocolates(n, k, prices):
    sort prices in ascending order
    count = 0
    total_spent = 0
    
    for each price in prices:
        if total_spent + price <= k:
            total_spent += price
            count += 1
        else:
            break
    
    return count
```

## Python Solution

```python
def maxChocolates(n, k, prices):
    # Sort the prices in ascending order
    prices.sort()
    
    # Initialize the count of chocolates and the total money spent
    count = 0
    total_spent = 0
    
    # Iterate over the sorted prices
    for price in prices:
        # Check if adding this chocolate would exceed the budget
        if total_spent + price <= k:
            # Add the price to the total spent
            total_spent += price
            # Increment the count of chocolates
            count += 1
        else:
            # If the budget is exceeded, stop buying more chocolates
            break
    
    # Return the maximum number of chocolates that can be bought
    return count
```

This solution efficiently calculates the maximum number of chocolates Anushka can buy by sorting the prices and iterating through them, ensuring that the budget is not exceeded.
INFO - [35m Rollout attempt 1/4[0m
INFO - [33m Retrieving 1 entries for db: semantic 
 [0m
INFO - Retrieved (score=0.4681):
Title: Josephus Problem
Part: 1/1
# Josephus Problem

## Statement

We are given the natural numbers $n$ and $k$.
All natural numbers from $1$ to $n$ are written in a circle. 
First, count the $k$-th number starting from the first one and delete it.
Then $k$ numbers are counted starting from the ...


INFO - [33m Retrieving 1 entries for db: reflections 
 [0m
INFO - Retrieved (score=0.4188):
In this problem, the task was to determine the maximum number of Division-3 contests that Chef can host given a set of constraints. The solution required calculating the total number of problems available, determining how many contests could be formed, and then limiting this by the number of days...


INFO - [33m Retrieving 1 entries for db: summaries 
 [0m
INFO - Retrieved (score=0.3899):
In this problem, the task was to find a permutation of numbers from 1 to N such that the sum of the maximum of each pair of consecutive elements equals a given integer K. The core concept was understanding the function f(P) and the constraints on its possible values.

### Key Concepts:
- **Functi...


INFO - [33m Retrieving 1 entries for db: non_func 
 [0m
INFO - Retrieved (score=0.4730):

[description for function: max_contests]
The function reads input data for multiple test cases, where each test case includes the number of problems available each day, the number of problems required per contest, and the number of days available. It calculates the total number of problems avail...


INFO - Retrieved (score=0.3899): 
[Summary]:
    In this problem, the task was to find a permutation of numbers from 1 to N such that the sum of the maximum of each pair of consecutive elements equals a given integer K. The core concept was understanding the function f(P) and the constraints on its possible values.

    ### Key ...
INFO - LM call n parse attempt 1 / 3

INFO - [Task id] 1401 [prompt] 
You are an expert programmer tasked with solving the problem below.

Follow the user's instructions to solve the problem.
The user can ask for analysis, code, or both.

## Instructions
When asked to output code,
- Make sure to wrap your code in '```python' and '```' Markdown delimiters, 
- include exactly one block of code with the entire solution
- No outside libraries are allowed. 
- Builtins are allowed.
- If the task specifies a function name to be used, follow it strictly (be case sensitive!) and declare the that function last (helper functions are declared first).
- DO NOT write any assert statements / tests.

## Problem
[BEGIN PROBLEM]
Give me Chocolate

Anushka wants to buy chocolates.there are many chocolates in front of her, tagged with their prices.

Anushka has only a certain amount to spend, and she wants to maximize the number of chocolates she buys with this money.

Given a list of prices and an amount to spend, what is the maximum number of chocolates Anushka can buy? 

For example, 

if prices =[1,2,3,4]
and Anushka has k=7 to spend, she can buy items [1,2,3] for 6 , or [3,4] for 7 units of currency. she would choose the first group of 3 items.

Input Format

The first line contains two integers, n and k , the number of priced chocolates and the amount Anushka has to spend.

The next line contains n space-separated integers prices[i]

Constraints

1<= n <= 105

1<= k <= 109

1<= prices[i] <= 109



A chocolate can't be bought multiple times.

Output Format

An integer that denotes the maximum number of chocolates Anushka can buy for her.

Sample Input

7 50

1 12 5 111 200 1000 10

Sample Output

4

Explanation

she can buy only 4 chocolatess at most. These chocolates have the following prices: 1, 12, 5, 10.

The output code needs to read from and write to standard IO


[END PROBLEM]

INFO - [Task id] 1401 [prompt] 
## Instructions

Reason through the problem and:
1. Restate the problem in plain English
2. Conceptualize a solution first in plain English
3. Write a pseudocode solution
4. Output the final Python 3 solution with your solution steps in comments.

Make sure to wrap your code in '```python' and '```' Markdown delimiters, 
and include exactly one block of code with the entire solution.

No outside libraries are allowed.
Builtins are allowed.

INFO - [Task id] 1401 [prompt] 
Also, here are some of your memories.
Feel free to use the given information to aid your problem solving process if necessary.
Do not confuse the memories with the problem statement.

## Memories

[Summary]:
    In this problem, the task was to find a permutation of numbers from 1 to N such that the sum of the maximum of each pair of consecutive elements equals a given integer K. The core concept was understanding the function f(P) and the constraints on its possible values.

    ### Key Concepts:
    - **Function f(P):** This function calculates the sum of the maximum of each pair of consecutive elements in a permutation.
    - **Constraints:** The minimum value of f(P) is N-1, and the maximum is the sum of the largest N-1 numbers (from N to 2).

    ### Strategies:
    - **Initial Approach:** Start with the permutation in decreasing order to achieve the maximum f(P) and adjust it to reach the desired K.
    - **Adjustment Logic:** Swap elements to decrease f(P) until it matches K, ensuring the swaps are valid and maintain the permutation's integrity.

    ### Challenges and Fixes:
    - **Function Call:** Initially, the `main()` function was not called, leading to no output. Ensuring the function is called fixed this issue.
    - **Permutation Adjustment:** The logic needed careful handling to ensure the permutation was adjusted correctly without overshooting the desired K.

    ### Code Snippet:
    ```python
    def find_permutation(N, K):
        max_f = sum(range(2, N + 1))
        min_f = N - 1
        if K < min_f or K > max_f:
            return -1
        permutation = list(range(N, 0, -1))
        current_f = max_f
        for i in range(N - 1):
            if current_f == K:
                break
            decrease = permutation[i] - permutation[i + 1]
            if current_f - decrease >= K:
                current_f -= decrease
                permutation[i], permutation[i + 1] = permutation[i + 1], permutation[i]
        return permutation

    def main():
        import sys
        input = sys.stdin.read
        data = input().split()
        T = int(data[0])
        index = 1
        results = []
        for _ in range(T):
            N = int(data[index])
            K = int(data[index + 1])
            index += 2
            result = find_permutation(N, K)
            if result == -1:
                results.append("-1")
            else:
                results.append(" ".join(map(str, result)))
        sys.stdout.write("\n".join(results) + "\n")

    main()
    ```

    This experience reinforced the importance of understanding problem constraints and ensuring that all parts of the solution, including function calls and input/output handling, are correctly implemented.
[/Summary]


INFO - [Task id] 1401 [generation text] ## Problem Restatement

Anushka wants to buy as many chocolates as possible with a given amount of money. Each chocolate has a specific price, and she cannot buy the same chocolate more than once. Given a list of chocolate prices and the total amount of money Anushka has, determine the maximum number of chocolates she can purchase.

## Conceptual Solution

1. **Sort the Prices**: Start by sorting the list of chocolate prices in ascending order. This allows Anushka to buy the cheapest chocolates first, maximizing the number she can purchase.

2. **Buy Chocolates**: Iterate through the sorted list of prices, and keep buying chocolates until the total cost exceeds the amount of money Anushka has.

3. **Count the Chocolates**: Keep a count of how many chocolates Anushka can buy before running out of money.

## Pseudocode

1. Sort the list of prices in ascending order.
2. Initialize a counter for the number of chocolates bought to 0.
3. Initialize a variable to keep track of the total money spent to 0.
4. For each price in the sorted list:
   - If adding the current price to the total spent does not exceed the available money:
     - Add the price to the total spent.
     - Increment the chocolate counter.
   - Otherwise, break the loop as no more chocolates can be bought.
5. Return the chocolate counter as the result.

## Python Code

```python
def maxChocolates(n, k, prices):
    # Step 1: Sort the prices in ascending order
    prices.sort()
    
    # Step 2: Initialize variables
    chocolate_count = 0
    total_spent = 0
    
    # Step 3: Iterate over sorted prices
    for price in prices:
        # Check if the current price can be added without exceeding the budget
        if total_spent + price <= k:
            total_spent += price
            chocolate_count += 1
        else:
            # If the budget is exceeded, stop buying
            break
    
    # Step 4: Return the number of chocolates bought
    return chocolate_count
```

This code will read the number of chocolates and the budget, sort the prices, and then determine the maximum number of chocolates Anushka can buy without exceeding her budget.
INFO - program_code:
 
def maxChocolates(n, k, prices):
    # Step 1: Sort the prices in ascending order
    prices.sort()
    
    # Step 2: Initialize variables
    chocolate_count = 0
    total_spent = 0
    
    # Step 3: Iterate over sorted prices
    for price in prices:
        # Check if the current price can be added without exceeding the budget
        if total_spent + price <= k:
            total_spent += price
            chocolate_count += 1
        else:
            # If the budget is exceeded, stop buying
            break
    
    # Step 4: Return the number of chocolates bought
    return chocolate_count


INFO - program_name:
 maxChocolates

INFO - dependencies:
 []

INFO - raw_msg:
 ## Problem Restatement

Anushka wants to buy as many chocolates as possible with a given amount of money. Each chocolate has a specific price, and she cannot buy the same chocolate more than once. Given a list of chocolate prices and the total amount of money Anushka has, determine the maximum number of chocolates she can purchase.

## Conceptual Solution

1. **Sort the Prices**: Start by sorting the list of chocolate prices in ascending order. This allows Anushka to buy the cheapest chocolates first, maximizing the number she can purchase.

2. **Buy Chocolates**: Iterate through the sorted list of prices, and keep buying chocolates until the total cost exceeds the amount of money Anushka has.

3. **Count the Chocolates**: Keep a count of how many chocolates Anushka can buy before running out of money.

## Pseudocode

1. Sort the list of prices in ascending order.
2. Initialize a counter for the number of chocolates bought to 0.
3. Initialize a variable to keep track of the total money spent to 0.
4. For each price in the sorted list:
   - If adding the current price to the total spent does not exceed the available money:
     - Add the price to the total spent.
     - Increment the chocolate counter.
   - Otherwise, break the loop as no more chocolates can be bought.
5. Return the chocolate counter as the result.

## Python Code

```python
def maxChocolates(n, k, prices):
    # Step 1: Sort the prices in ascending order
    prices.sort()
    
    # Step 2: Initialize variables
    chocolate_count = 0
    total_spent = 0
    
    # Step 3: Iterate over sorted prices
    for price in prices:
        # Check if the current price can be added without exceeding the budget
        if total_spent + price <= k:
            total_spent += price
            chocolate_count += 1
        else:
            # If the budget is exceeded, stop buying
            break
    
    # Step 4: Return the number of chocolates bought
    return chocolate_count
```

This code will read the number of chocolates and the budget, sort the prices, and then determine the maximum number of chocolates Anushka can buy without exceeding her budget.

INFO - no_parent:
 False

INFO - full code to be executed: 
 
def maxChocolates(n, k, prices):
    # Step 1: Sort the prices in ascending order
    prices.sort()
    
    # Step 2: Initialize variables
    chocolate_count = 0
    total_spent = 0
    
    # Step 3: Iterate over sorted prices
    for price in prices:
        # Check if the current price can be added without exceeding the budget
        if total_spent + price <= k:
            total_spent += price
            chocolate_count += 1
        else:
            # If the budget is exceeded, stop buying
            break
    
    # Step 4: Return the number of chocolates bought
    return chocolate_count


INFO - obs: Note: Inputs/outputs here are automatically extracted/truncated so formatting may be a bit off.
Tests passed:

None

Tests failed:
 Input: ['7 50', '1 12 5 111 200 1000 10'] Expected output: [{'4'}] # Execution output: []
No output detected. You might want to check the reading from / writing to standard IO.
A common mistake is to put the IO inside a function, but the function is not called.

reward: False
done: None
info: {'individual_results': [False]}
INFO - [35m Rollout attempt 2/4[0m
INFO - LM call n parse attempt 1 / 3

INFO - [Task id] 1401 [prompt] 
You are an expert programmer tasked with solving the problem below.

Follow the user's instructions to solve the problem.
The user can ask for analysis, code, or both.

## Instructions
When asked to output code,
- Make sure to wrap your code in '```python' and '```' Markdown delimiters, 
- include exactly one block of code with the entire solution
- No outside libraries are allowed. 
- Builtins are allowed.
- If the task specifies a function name to be used, follow it strictly (be case sensitive!) and declare the that function last (helper functions are declared first).
- DO NOT write any assert statements / tests.

## Problem
[BEGIN PROBLEM]
Give me Chocolate

Anushka wants to buy chocolates.there are many chocolates in front of her, tagged with their prices.

Anushka has only a certain amount to spend, and she wants to maximize the number of chocolates she buys with this money.

Given a list of prices and an amount to spend, what is the maximum number of chocolates Anushka can buy? 

For example, 

if prices =[1,2,3,4]
and Anushka has k=7 to spend, she can buy items [1,2,3] for 6 , or [3,4] for 7 units of currency. she would choose the first group of 3 items.

Input Format

The first line contains two integers, n and k , the number of priced chocolates and the amount Anushka has to spend.

The next line contains n space-separated integers prices[i]

Constraints

1<= n <= 105

1<= k <= 109

1<= prices[i] <= 109



A chocolate can't be bought multiple times.

Output Format

An integer that denotes the maximum number of chocolates Anushka can buy for her.

Sample Input

7 50

1 12 5 111 200 1000 10

Sample Output

4

Explanation

she can buy only 4 chocolatess at most. These chocolates have the following prices: 1, 12, 5, 10.

The output code needs to read from and write to standard IO


[END PROBLEM]

INFO - [Task id] 1401 [prompt] 
## Instructions

Reason through the problem and:
1. Restate the problem in plain English
2. Conceptualize a solution first in plain English
3. Write a pseudocode solution
4. Output the final Python 3 solution with your solution steps in comments.

Make sure to wrap your code in '```python' and '```' Markdown delimiters, 
and include exactly one block of code with the entire solution.

No outside libraries are allowed.
Builtins are allowed.

INFO - [Task id] 1401 [prompt] ## Problem Restatement

Anushka wants to buy as many chocolates as possible with a given amount of money. Each chocolate has a specific price, and she cannot buy the same chocolate more than once. Given a list of chocolate prices and the total amount of money Anushka has, determine the maximum number of chocolates she can purchase.

## Conceptual Solution

1. **Sort the Prices**: Start by sorting the list of chocolate prices in ascending order. This allows Anushka to buy the cheapest chocolates first, maximizing the number she can purchase.

2. **Buy Chocolates**: Iterate through the sorted list of prices, and keep buying chocolates until the total cost exceeds the amount of money Anushka has.

3. **Count the Chocolates**: Keep a count of how many chocolates Anushka can buy before running out of money.

## Pseudocode

1. Sort the list of prices in ascending order.
2. Initialize a counter for the number of chocolates bought to 0.
3. Initialize a variable to keep track of the total money spent to 0.
4. For each price in the sorted list:
   - If adding the current price to the total spent does not exceed the available money:
     - Add the price to the total spent.
     - Increment the chocolate counter.
   - Otherwise, break the loop as no more chocolates can be bought.
5. Return the chocolate counter as the result.

## Python Code

```python
def maxChocolates(n, k, prices):
    # Step 1: Sort the prices in ascending order
    prices.sort()
    
    # Step 2: Initialize variables
    chocolate_count = 0
    total_spent = 0
    
    # Step 3: Iterate over sorted prices
    for price in prices:
        # Check if the current price can be added without exceeding the budget
        if total_spent + price <= k:
            total_spent += price
            chocolate_count += 1
        else:
            # If the budget is exceeded, stop buying
            break
    
    # Step 4: Return the number of chocolates bought
    return chocolate_count
```

This code will read the number of chocolates and the budget, sort the prices, and then determine the maximum number of chocolates Anushka can buy without exceeding her budget.
INFO - [Task id] 1401 [prompt] 
[Environment Feedback]:
    Note: Inputs/outputs here are automatically extracted/truncated so formatting may be a bit off.
    Tests passed:

    None

    Tests failed:
     Input: ['7 50', '1 12 5 111 200 1000 10'] Expected output: [{'4'}] # Execution output: []
    No output detected. You might want to check the reading from / writing to standard IO.
    A common mistake is to put the IO inside a function, but the function is not called.

[/Environment Feedback]

INFO - [Task id] 1401 [prompt] 
The code doesn't pass all the tests.

## Instructions
- First, think step-by-step about why your code is wrong.
- Then, think step-by-step about where you went wrong in your latest solution.

INFO - [Task id] 1401 [generation text] ## Analysis of the Problem

The issue with the current solution is that it does not handle input and output through standard IO, which is required for the problem. The function `maxChocolates` is defined but not called, and the input is not being read from standard input. Additionally, the output is not being printed to standard output.

## Steps to Correct the Solution

1. **Read Input from Standard IO**: Use `input()` to read the input values. The first line contains two integers, `n` (number of chocolates) and `k` (amount of money Anushka has). The second line contains the list of prices.

2. **Call the Function**: After defining the function, call it with the appropriate arguments.

3. **Print the Output**: Print the result returned by the function to standard output.

## Revised Python Code

```python
def maxChocolates(n, k, prices):
    # Step 1: Sort the prices in ascending order
    prices.sort()
    
    # Step 2: Initialize variables
    chocolate_count = 0
    total_spent = 0
    
    # Step 3: Iterate over sorted prices
    for price in prices:
        # Check if the current price can be added without exceeding the budget
        if total_spent + price <= k:
            total_spent += price
            chocolate_count += 1
        else:
            # If the budget is exceeded, stop buying
            break
    
    # Step 4: Return the number of chocolates bought
    return chocolate_count

# Read input from standard input
import sys
input = sys.stdin.read
data = input().split()

# Parse the input
n = int(data[0])
k = int(data[1])
prices = list(map(int, data[2:]))

# Call the function and print the result
result = maxChocolates(n, k, prices)
print(result)
```

### Explanation of Changes

- **Input Handling**: The input is read using `sys.stdin.read()` to handle multiple lines and split into a list of strings. The first two elements are parsed as integers `n` and `k`, and the rest are converted to a list of integers representing the prices.
- **Function Call and Output**: The function `maxChocolates` is called with the parsed arguments, and the result is printed to standard output. This ensures the program interacts correctly with the environment's input/output expectations.
INFO - [33m Retrieving 1 entries for db: semantic 
 [0m
INFO - Retrieved (score=0.5029):
Chapter: Dynamic programming
Section: Coin problem
Part: 1/2
\chapter{Dynamic programming}

\index{dynamic programming}

\key{Dynamic programming}
is a technique that combines the correctness
of complete search and the efficiency
of greedy algorithms.
Dynamic programming can be applied if the
pro...


INFO - [33m Retrieving 1 entries for db: reflections 
 [0m
INFO - Retrieved (score=0.3720):
In this problem, the task was to determine the maximum number of Division-3 contests that Chef can host given a set of constraints. The solution required calculating the total number of problems available, determining how many contests could be formed, and then limiting this by the number of days...


INFO - [33m Retrieving 1 entries for db: summaries 
 [0m
INFO - Retrieved (score=0.3371):
In this problem, the task was to find a permutation of numbers from 1 to N such that the sum of the maximum of each pair of consecutive elements equals a given integer K. The core concept was understanding the function f(P) and the constraints on its possible values.

### Key Concepts:
- **Functi...


INFO - [33m Retrieving 1 entries for db: non_func 
 [0m
INFO - Retrieved (score=0.4252):

[description for function: main]
The function reads input data from standard input, which includes the number of test cases and for each test case, two integers N and K. It then processes each test case by calling another function to find a permutation of numbers from 1 to N such that a specific...


INFO - Retrieved (score=0.3371): 
[Summary]:
    In this problem, the task was to find a permutation of numbers from 1 to N such that the sum of the maximum of each pair of consecutive elements equals a given integer K. The core concept was understanding the function f(P) and the constraints on its possible values.

    ### Key ...
INFO - LM call n parse attempt 1 / 3

INFO - [Task id] 1401 [prompt] 
You are an expert programmer tasked with solving the problem below.

Follow the user's instructions to solve the problem.
The user can ask for analysis, code, or both.

## Instructions
When asked to output code,
- Make sure to wrap your code in '```python' and '```' Markdown delimiters, 
- include exactly one block of code with the entire solution
- No outside libraries are allowed. 
- Builtins are allowed.
- If the task specifies a function name to be used, follow it strictly (be case sensitive!) and declare the that function last (helper functions are declared first).
- DO NOT write any assert statements / tests.

## Problem
[BEGIN PROBLEM]
Give me Chocolate

Anushka wants to buy chocolates.there are many chocolates in front of her, tagged with their prices.

Anushka has only a certain amount to spend, and she wants to maximize the number of chocolates she buys with this money.

Given a list of prices and an amount to spend, what is the maximum number of chocolates Anushka can buy? 

For example, 

if prices =[1,2,3,4]
and Anushka has k=7 to spend, she can buy items [1,2,3] for 6 , or [3,4] for 7 units of currency. she would choose the first group of 3 items.

Input Format

The first line contains two integers, n and k , the number of priced chocolates and the amount Anushka has to spend.

The next line contains n space-separated integers prices[i]

Constraints

1<= n <= 105

1<= k <= 109

1<= prices[i] <= 109



A chocolate can't be bought multiple times.

Output Format

An integer that denotes the maximum number of chocolates Anushka can buy for her.

Sample Input

7 50

1 12 5 111 200 1000 10

Sample Output

4

Explanation

she can buy only 4 chocolatess at most. These chocolates have the following prices: 1, 12, 5, 10.

The output code needs to read from and write to standard IO


[END PROBLEM]

INFO - [Task id] 1401 [prompt] 
## Instructions

Reason through the problem and:
1. Restate the problem in plain English
2. Conceptualize a solution first in plain English
3. Write a pseudocode solution
4. Output the final Python 3 solution with your solution steps in comments.

Make sure to wrap your code in '```python' and '```' Markdown delimiters, 
and include exactly one block of code with the entire solution.

No outside libraries are allowed.
Builtins are allowed.

INFO - [Task id] 1401 [prompt] ## Problem Restatement

Anushka wants to buy as many chocolates as possible with a given amount of money. Each chocolate has a specific price, and she cannot buy the same chocolate more than once. Given a list of chocolate prices and the total amount of money Anushka has, determine the maximum number of chocolates she can purchase.

## Conceptual Solution

1. **Sort the Prices**: Start by sorting the list of chocolate prices in ascending order. This allows Anushka to buy the cheapest chocolates first, maximizing the number she can purchase.

2. **Buy Chocolates**: Iterate through the sorted list of prices, and keep buying chocolates until the total cost exceeds the amount of money Anushka has.

3. **Count the Chocolates**: Keep a count of how many chocolates Anushka can buy before running out of money.

## Pseudocode

1. Sort the list of prices in ascending order.
2. Initialize a counter for the number of chocolates bought to 0.
3. Initialize a variable to keep track of the total money spent to 0.
4. For each price in the sorted list:
   - If adding the current price to the total spent does not exceed the available money:
     - Add the price to the total spent.
     - Increment the chocolate counter.
   - Otherwise, break the loop as no more chocolates can be bought.
5. Return the chocolate counter as the result.

## Python Code

```python
def maxChocolates(n, k, prices):
    # Step 1: Sort the prices in ascending order
    prices.sort()
    
    # Step 2: Initialize variables
    chocolate_count = 0
    total_spent = 0
    
    # Step 3: Iterate over sorted prices
    for price in prices:
        # Check if the current price can be added without exceeding the budget
        if total_spent + price <= k:
            total_spent += price
            chocolate_count += 1
        else:
            # If the budget is exceeded, stop buying
            break
    
    # Step 4: Return the number of chocolates bought
    return chocolate_count
```

This code will read the number of chocolates and the budget, sort the prices, and then determine the maximum number of chocolates Anushka can buy without exceeding her budget.
INFO - [Task id] 1401 [prompt] 
[Environment Feedback]:
    Note: Inputs/outputs here are automatically extracted/truncated so formatting may be a bit off.
    Tests passed:

    None

    Tests failed:
     Input: ['7 50', '1 12 5 111 200 1000 10'] Expected output: [{'4'}] # Execution output: []
    No output detected. You might want to check the reading from / writing to standard IO.
    A common mistake is to put the IO inside a function, but the function is not called.

[/Environment Feedback]

INFO - [Task id] 1401 [prompt] 
The code doesn't pass all the tests.

## Instructions
- First, think step-by-step about why your code is wrong.
- Then, think step-by-step about where you went wrong in your latest solution.

INFO - [Task id] 1401 [prompt] ## Analysis of the Problem

The issue with the current solution is that it does not handle input and output through standard IO, which is required for the problem. The function `maxChocolates` is defined but not called, and the input is not being read from standard input. Additionally, the output is not being printed to standard output.

## Steps to Correct the Solution

1. **Read Input from Standard IO**: Use `input()` to read the input values. The first line contains two integers, `n` (number of chocolates) and `k` (amount of money Anushka has). The second line contains the list of prices.

2. **Call the Function**: After defining the function, call it with the appropriate arguments.

3. **Print the Output**: Print the result returned by the function to standard output.

## Revised Python Code

```python
def maxChocolates(n, k, prices):
    # Step 1: Sort the prices in ascending order
    prices.sort()
    
    # Step 2: Initialize variables
    chocolate_count = 0
    total_spent = 0
    
    # Step 3: Iterate over sorted prices
    for price in prices:
        # Check if the current price can be added without exceeding the budget
        if total_spent + price <= k:
            total_spent += price
            chocolate_count += 1
        else:
            # If the budget is exceeded, stop buying
            break
    
    # Step 4: Return the number of chocolates bought
    return chocolate_count

# Read input from standard input
import sys
input = sys.stdin.read
data = input().split()

# Parse the input
n = int(data[0])
k = int(data[1])
prices = list(map(int, data[2:]))

# Call the function and print the result
result = maxChocolates(n, k, prices)
print(result)
```

### Explanation of Changes

- **Input Handling**: The input is read using `sys.stdin.read()` to handle multiple lines and split into a list of strings. The first two elements are parsed as integers `n` and `k`, and the rest are converted to a list of integers representing the prices.
- **Function Call and Output**: The function `maxChocolates` is called with the parsed arguments, and the result is printed to standard output. This ensures the program interacts correctly with the environment's input/output expectations.
INFO - [Task id] 1401 [prompt] 
## Instructions
Now, given your insights, try to fix the solution. 
Output a block of correct python3 code to be executed and evaluated again. 

Make sure to wrap your code in '```python' and '```' Markdown delimiters.

INFO - [Task id] 1401 [prompt] 
Also, here are some of your memories.
Feel free to use the given information to aid your problem solving process if necessary.
Do not confuse the memories with the problem statement.

## Memories

[Summary]:
    In this problem, the task was to find a permutation of numbers from 1 to N such that the sum of the maximum of each pair of consecutive elements equals a given integer K. The core concept was understanding the function f(P) and the constraints on its possible values.

    ### Key Concepts:
    - **Function f(P):** This function calculates the sum of the maximum of each pair of consecutive elements in a permutation.
    - **Constraints:** The minimum value of f(P) is N-1, and the maximum is the sum of the largest N-1 numbers (from N to 2).

    ### Strategies:
    - **Initial Approach:** Start with the permutation in decreasing order to achieve the maximum f(P) and adjust it to reach the desired K.
    - **Adjustment Logic:** Swap elements to decrease f(P) until it matches K, ensuring the swaps are valid and maintain the permutation's integrity.

    ### Challenges and Fixes:
    - **Function Call:** Initially, the `main()` function was not called, leading to no output. Ensuring the function is called fixed this issue.
    - **Permutation Adjustment:** The logic needed careful handling to ensure the permutation was adjusted correctly without overshooting the desired K.

    ### Code Snippet:
    ```python
    def find_permutation(N, K):
        max_f = sum(range(2, N + 1))
        min_f = N - 1
        if K < min_f or K > max_f:
            return -1
        permutation = list(range(N, 0, -1))
        current_f = max_f
        for i in range(N - 1):
            if current_f == K:
                break
            decrease = permutation[i] - permutation[i + 1]
            if current_f - decrease >= K:
                current_f -= decrease
                permutation[i], permutation[i + 1] = permutation[i + 1], permutation[i]
        return permutation

    def main():
        import sys
        input = sys.stdin.read
        data = input().split()
        T = int(data[0])
        index = 1
        results = []
        for _ in range(T):
            N = int(data[index])
            K = int(data[index + 1])
            index += 2
            result = find_permutation(N, K)
            if result == -1:
                results.append("-1")
            else:
                results.append(" ".join(map(str, result)))
        sys.stdout.write("\n".join(results) + "\n")

    main()
    ```

    This experience reinforced the importance of understanding problem constraints and ensuring that all parts of the solution, including function calls and input/output handling, are correctly implemented.
[/Summary]


INFO - [Task id] 1401 [generation text] ```python
def maxChocolates(n, k, prices):
    # Step 1: Sort the prices in ascending order
    prices.sort()
    
    # Step 2: Initialize variables
    chocolate_count = 0
    total_spent = 0
    
    # Step 3: Iterate over sorted prices
    for price in prices:
        # Check if the current price can be added without exceeding the budget
        if total_spent + price <= k:
            total_spent += price
            chocolate_count += 1
        else:
            # If the budget is exceeded, stop buying
            break
    
    # Step 4: Return the number of chocolates bought
    return chocolate_count

# Read input from standard input
import sys
input = sys.stdin.read
data = input().split()

# Parse the input
n = int(data[0])
k = int(data[1])
prices = list(map(int, data[2:]))

# Call the function and print the result
result = maxChocolates(n, k, prices)
print(result)
```
INFO - program_code:
 
def maxChocolates(n, k, prices):
    # Step 1: Sort the prices in ascending order
    prices.sort()
    
    # Step 2: Initialize variables
    chocolate_count = 0
    total_spent = 0
    
    # Step 3: Iterate over sorted prices
    for price in prices:
        # Check if the current price can be added without exceeding the budget
        if total_spent + price <= k:
            total_spent += price
            chocolate_count += 1
        else:
            # If the budget is exceeded, stop buying
            break
    
    # Step 4: Return the number of chocolates bought
    return chocolate_count

# Read input from standard input
import sys
input = sys.stdin.read
data = input().split()

# Parse the input
n = int(data[0])
k = int(data[1])
prices = list(map(int, data[2:]))

# Call the function and print the result
result = maxChocolates(n, k, prices)
print(result)


INFO - program_name:
 maxChocolates

INFO - dependencies:
 []

INFO - raw_msg:
 ```python
def maxChocolates(n, k, prices):
    # Step 1: Sort the prices in ascending order
    prices.sort()
    
    # Step 2: Initialize variables
    chocolate_count = 0
    total_spent = 0
    
    # Step 3: Iterate over sorted prices
    for price in prices:
        # Check if the current price can be added without exceeding the budget
        if total_spent + price <= k:
            total_spent += price
            chocolate_count += 1
        else:
            # If the budget is exceeded, stop buying
            break
    
    # Step 4: Return the number of chocolates bought
    return chocolate_count

# Read input from standard input
import sys
input = sys.stdin.read
data = input().split()

# Parse the input
n = int(data[0])
k = int(data[1])
prices = list(map(int, data[2:]))

# Call the function and print the result
result = maxChocolates(n, k, prices)
print(result)
```

INFO - no_parent:
 False

INFO - full code to be executed: 
 
def maxChocolates(n, k, prices):
    # Step 1: Sort the prices in ascending order
    prices.sort()
    
    # Step 2: Initialize variables
    chocolate_count = 0
    total_spent = 0
    
    # Step 3: Iterate over sorted prices
    for price in prices:
        # Check if the current price can be added without exceeding the budget
        if total_spent + price <= k:
            total_spent += price
            chocolate_count += 1
        else:
            # If the budget is exceeded, stop buying
            break
    
    # Step 4: Return the number of chocolates bought
    return chocolate_count

# Read input from standard input
import sys
input = sys.stdin.read
data = input().split()

# Parse the input
n = int(data[0])
k = int(data[1])
prices = list(map(int, data[2:]))

# Call the function and print the result
result = maxChocolates(n, k, prices)
print(result)


INFO - obs: Note: Inputs/outputs here are automatically extracted/truncated so formatting may be a bit off.
Tests passed:

 Input: ['7 50', '1 12 5 111 200 1000 10'] Output: 4

Tests failed:
None
reward: True
done: None
info: {'individual_results': [True]}
INFO - LM call n parse attempt 1 / 3

INFO - [Task id] 1401 [prompt] 
You are an expert programmer tasked with solving the problem below.

Follow the user's instructions to solve the problem.
The user can ask for analysis, code, or both.

## Instructions
When asked to output code,
- Make sure to wrap your code in '```python' and '```' Markdown delimiters, 
- include exactly one block of code with the entire solution
- No outside libraries are allowed. 
- Builtins are allowed.
- If the task specifies a function name to be used, follow it strictly (be case sensitive!) and declare the that function last (helper functions are declared first).
- DO NOT write any assert statements / tests.

## Problem
[BEGIN PROBLEM]
Give me Chocolate

Anushka wants to buy chocolates.there are many chocolates in front of her, tagged with their prices.

Anushka has only a certain amount to spend, and she wants to maximize the number of chocolates she buys with this money.

Given a list of prices and an amount to spend, what is the maximum number of chocolates Anushka can buy? 

For example, 

if prices =[1,2,3,4]
and Anushka has k=7 to spend, she can buy items [1,2,3] for 6 , or [3,4] for 7 units of currency. she would choose the first group of 3 items.

Input Format

The first line contains two integers, n and k , the number of priced chocolates and the amount Anushka has to spend.

The next line contains n space-separated integers prices[i]

Constraints

1<= n <= 105

1<= k <= 109

1<= prices[i] <= 109



A chocolate can't be bought multiple times.

Output Format

An integer that denotes the maximum number of chocolates Anushka can buy for her.

Sample Input

7 50

1 12 5 111 200 1000 10

Sample Output

4

Explanation

she can buy only 4 chocolatess at most. These chocolates have the following prices: 1, 12, 5, 10.

The output code needs to read from and write to standard IO


[END PROBLEM]

INFO - [Task id] 1401 [prompt] 
## Instructions

Reason through the problem and:
1. Restate the problem in plain English
2. Conceptualize a solution first in plain English
3. Write a pseudocode solution
4. Output the final Python 3 solution with your solution steps in comments.

Make sure to wrap your code in '```python' and '```' Markdown delimiters, 
and include exactly one block of code with the entire solution.

No outside libraries are allowed.
Builtins are allowed.

INFO - [Task id] 1401 [prompt] ## Problem Restatement

Anushka wants to buy as many chocolates as possible with a given amount of money. Each chocolate has a specific price, and she cannot buy the same chocolate more than once. Given a list of chocolate prices and the total amount of money Anushka has, determine the maximum number of chocolates she can purchase.

## Conceptual Solution

1. **Sort the Prices**: Start by sorting the list of chocolate prices in ascending order. This allows Anushka to buy the cheapest chocolates first, maximizing the number she can purchase.

2. **Buy Chocolates**: Iterate through the sorted list of prices, and keep buying chocolates until the total cost exceeds the amount of money Anushka has.

3. **Count the Chocolates**: Keep a count of how many chocolates Anushka can buy before running out of money.

## Pseudocode

1. Sort the list of prices in ascending order.
2. Initialize a counter for the number of chocolates bought to 0.
3. Initialize a variable to keep track of the total money spent to 0.
4. For each price in the sorted list:
   - If adding the current price to the total spent does not exceed the available money:
     - Add the price to the total spent.
     - Increment the chocolate counter.
   - Otherwise, break the loop as no more chocolates can be bought.
5. Return the chocolate counter as the result.

## Python Code

```python
def maxChocolates(n, k, prices):
    # Step 1: Sort the prices in ascending order
    prices.sort()
    
    # Step 2: Initialize variables
    chocolate_count = 0
    total_spent = 0
    
    # Step 3: Iterate over sorted prices
    for price in prices:
        # Check if the current price can be added without exceeding the budget
        if total_spent + price <= k:
            total_spent += price
            chocolate_count += 1
        else:
            # If the budget is exceeded, stop buying
            break
    
    # Step 4: Return the number of chocolates bought
    return chocolate_count
```

This code will read the number of chocolates and the budget, sort the prices, and then determine the maximum number of chocolates Anushka can buy without exceeding her budget.
INFO - [Task id] 1401 [prompt] 
[Environment Feedback]:
    Note: Inputs/outputs here are automatically extracted/truncated so formatting may be a bit off.
    Tests passed:

    None

    Tests failed:
     Input: ['7 50', '1 12 5 111 200 1000 10'] Expected output: [{'4'}] # Execution output: []
    No output detected. You might want to check the reading from / writing to standard IO.
    A common mistake is to put the IO inside a function, but the function is not called.

[/Environment Feedback]

INFO - [Task id] 1401 [prompt] 
The code doesn't pass all the tests.

## Instructions
- First, think step-by-step about why your code is wrong.
- Then, think step-by-step about where you went wrong in your latest solution.

INFO - [Task id] 1401 [prompt] ## Analysis of the Problem

The issue with the current solution is that it does not handle input and output through standard IO, which is required for the problem. The function `maxChocolates` is defined but not called, and the input is not being read from standard input. Additionally, the output is not being printed to standard output.

## Steps to Correct the Solution

1. **Read Input from Standard IO**: Use `input()` to read the input values. The first line contains two integers, `n` (number of chocolates) and `k` (amount of money Anushka has). The second line contains the list of prices.

2. **Call the Function**: After defining the function, call it with the appropriate arguments.

3. **Print the Output**: Print the result returned by the function to standard output.

## Revised Python Code

```python
def maxChocolates(n, k, prices):
    # Step 1: Sort the prices in ascending order
    prices.sort()
    
    # Step 2: Initialize variables
    chocolate_count = 0
    total_spent = 0
    
    # Step 3: Iterate over sorted prices
    for price in prices:
        # Check if the current price can be added without exceeding the budget
        if total_spent + price <= k:
            total_spent += price
            chocolate_count += 1
        else:
            # If the budget is exceeded, stop buying
            break
    
    # Step 4: Return the number of chocolates bought
    return chocolate_count

# Read input from standard input
import sys
input = sys.stdin.read
data = input().split()

# Parse the input
n = int(data[0])
k = int(data[1])
prices = list(map(int, data[2:]))

# Call the function and print the result
result = maxChocolates(n, k, prices)
print(result)
```

### Explanation of Changes

- **Input Handling**: The input is read using `sys.stdin.read()` to handle multiple lines and split into a list of strings. The first two elements are parsed as integers `n` and `k`, and the rest are converted to a list of integers representing the prices.
- **Function Call and Output**: The function `maxChocolates` is called with the parsed arguments, and the result is printed to standard output. This ensures the program interacts correctly with the environment's input/output expectations.
INFO - [Task id] 1401 [prompt] 
## Instructions
Now, given your insights, try to fix the solution. 
Output a block of correct python3 code to be executed and evaluated again. 

Make sure to wrap your code in '```python' and '```' Markdown delimiters.

INFO - [Task id] 1401 [prompt] ```python
def maxChocolates(n, k, prices):
    # Step 1: Sort the prices in ascending order
    prices.sort()
    
    # Step 2: Initialize variables
    chocolate_count = 0
    total_spent = 0
    
    # Step 3: Iterate over sorted prices
    for price in prices:
        # Check if the current price can be added without exceeding the budget
        if total_spent + price <= k:
            total_spent += price
            chocolate_count += 1
        else:
            # If the budget is exceeded, stop buying
            break
    
    # Step 4: Return the number of chocolates bought
    return chocolate_count

# Read input from standard input
import sys
input = sys.stdin.read
data = input().split()

# Parse the input
n = int(data[0])
k = int(data[1])
prices = list(map(int, data[2:]))

# Call the function and print the result
result = maxChocolates(n, k, prices)
print(result)
```
INFO - [Task id] 1401 [prompt] 
[Environment Feedback]:
    Note: Inputs/outputs here are automatically extracted/truncated so formatting may be a bit off.
    Tests passed:

     Input: ['7 50', '1 12 5 111 200 1000 10'] Output: 4

    Tests failed:
    None
[/Environment Feedback]

INFO - [Task id] 1401 [prompt] 
## Instructions
Now, summarize your attempts as a **standalone** document for your own future reference. (can skip formalities, be concise)

- Only include the most relevant information and code snippets that could be useful in the future.
- If you did not learn much from the current experience (e.g. the problem was too easy), feel free to write less or nothing at all.
- Here are some ideas if the experience was useful:
    - Identifying the core concepts and patterns that problem appears to test for
    - Describing the strategies that seemed to work but did not, and vice versa
    - Describing unexpected errors and how they were fixed

Your summary should be at most a few paragraphs.

INFO - [Task id] 1401 [generation text] In this problem, the goal was to maximize the number of chocolates Anushka could buy given a list of prices and a budget. The core concept was to sort the prices in ascending order and purchase the cheapest chocolates first to maximize the count. This greedy approach ensures that we get the most items for the least cost.

Initially, the solution was implemented as a function but failed to handle input and output through standard IO, which is crucial for competitive programming environments. The key takeaway was the importance of correctly managing input and output, especially when dealing with standard input and output in a competitive setting.

The solution was fixed by using `sys.stdin.read()` to read all input at once, splitting it into manageable parts, and then parsing these parts into the required variables. The function was then called with these parsed inputs, and the result was printed to standard output. This approach ensured that the solution interacted correctly with the environment's input/output expectations, leading to successful execution and passing of all test cases. 

This experience reinforced the importance of understanding the problem's input/output requirements and the effectiveness of a greedy algorithm in scenarios where maximizing a count with limited resources is needed.
INFO - LM call n parse attempt 1 / 3

INFO - [Task id] 1401 [prompt] 
You are an expert programmer tasked with solving the problem below.

Follow the user's instructions to solve the problem.
The user can ask for analysis, code, or both.

## Instructions
When asked to output code,
- Make sure to wrap your code in '```python' and '```' Markdown delimiters, 
- include exactly one block of code with the entire solution
- No outside libraries are allowed. 
- Builtins are allowed.
- If the task specifies a function name to be used, follow it strictly (be case sensitive!) and declare the that function last (helper functions are declared first).
- DO NOT write any assert statements / tests.

## Problem
[BEGIN PROBLEM]
Give me Chocolate

Anushka wants to buy chocolates.there are many chocolates in front of her, tagged with their prices.

Anushka has only a certain amount to spend, and she wants to maximize the number of chocolates she buys with this money.

Given a list of prices and an amount to spend, what is the maximum number of chocolates Anushka can buy? 

For example, 

if prices =[1,2,3,4]
and Anushka has k=7 to spend, she can buy items [1,2,3] for 6 , or [3,4] for 7 units of currency. she would choose the first group of 3 items.

Input Format

The first line contains two integers, n and k , the number of priced chocolates and the amount Anushka has to spend.

The next line contains n space-separated integers prices[i]

Constraints

1<= n <= 105

1<= k <= 109

1<= prices[i] <= 109



A chocolate can't be bought multiple times.

Output Format

An integer that denotes the maximum number of chocolates Anushka can buy for her.

Sample Input

7 50

1 12 5 111 200 1000 10

Sample Output

4

Explanation

she can buy only 4 chocolatess at most. These chocolates have the following prices: 1, 12, 5, 10.

The output code needs to read from and write to standard IO


[END PROBLEM]

INFO - [Task id] 1401 [prompt] 
## Instructions

Reason through the problem and:
1. Restate the problem in plain English
2. Conceptualize a solution first in plain English
3. Write a pseudocode solution
4. Output the final Python 3 solution with your solution steps in comments.

Make sure to wrap your code in '```python' and '```' Markdown delimiters, 
and include exactly one block of code with the entire solution.

No outside libraries are allowed.
Builtins are allowed.

INFO - [Task id] 1401 [prompt] ## Problem Restatement

Anushka wants to buy as many chocolates as possible with a given amount of money. Each chocolate has a specific price, and she cannot buy the same chocolate more than once. Given a list of chocolate prices and the total amount of money Anushka has, determine the maximum number of chocolates she can purchase.

## Conceptual Solution

1. **Sort the Prices**: Start by sorting the list of chocolate prices in ascending order. This allows Anushka to buy the cheapest chocolates first, maximizing the number she can purchase.

2. **Buy Chocolates**: Iterate through the sorted list of prices, and keep buying chocolates until the total cost exceeds the amount of money Anushka has.

3. **Count the Chocolates**: Keep a count of how many chocolates Anushka can buy before running out of money.

## Pseudocode

1. Sort the list of prices in ascending order.
2. Initialize a counter for the number of chocolates bought to 0.
3. Initialize a variable to keep track of the total money spent to 0.
4. For each price in the sorted list:
   - If adding the current price to the total spent does not exceed the available money:
     - Add the price to the total spent.
     - Increment the chocolate counter.
   - Otherwise, break the loop as no more chocolates can be bought.
5. Return the chocolate counter as the result.

## Python Code

```python
def maxChocolates(n, k, prices):
    # Step 1: Sort the prices in ascending order
    prices.sort()
    
    # Step 2: Initialize variables
    chocolate_count = 0
    total_spent = 0
    
    # Step 3: Iterate over sorted prices
    for price in prices:
        # Check if the current price can be added without exceeding the budget
        if total_spent + price <= k:
            total_spent += price
            chocolate_count += 1
        else:
            # If the budget is exceeded, stop buying
            break
    
    # Step 4: Return the number of chocolates bought
    return chocolate_count
```

This code will read the number of chocolates and the budget, sort the prices, and then determine the maximum number of chocolates Anushka can buy without exceeding her budget.
INFO - [Task id] 1401 [prompt] 
[Environment Feedback]:
    Note: Inputs/outputs here are automatically extracted/truncated so formatting may be a bit off.
    Tests passed:

    None

    Tests failed:
     Input: ['7 50', '1 12 5 111 200 1000 10'] Expected output: [{'4'}] # Execution output: []
    No output detected. You might want to check the reading from / writing to standard IO.
    A common mistake is to put the IO inside a function, but the function is not called.

[/Environment Feedback]

INFO - [Task id] 1401 [prompt] 
The code doesn't pass all the tests.

## Instructions
- First, think step-by-step about why your code is wrong.
- Then, think step-by-step about where you went wrong in your latest solution.

INFO - [Task id] 1401 [prompt] ## Analysis of the Problem

The issue with the current solution is that it does not handle input and output through standard IO, which is required for the problem. The function `maxChocolates` is defined but not called, and the input is not being read from standard input. Additionally, the output is not being printed to standard output.

## Steps to Correct the Solution

1. **Read Input from Standard IO**: Use `input()` to read the input values. The first line contains two integers, `n` (number of chocolates) and `k` (amount of money Anushka has). The second line contains the list of prices.

2. **Call the Function**: After defining the function, call it with the appropriate arguments.

3. **Print the Output**: Print the result returned by the function to standard output.

## Revised Python Code

```python
def maxChocolates(n, k, prices):
    # Step 1: Sort the prices in ascending order
    prices.sort()
    
    # Step 2: Initialize variables
    chocolate_count = 0
    total_spent = 0
    
    # Step 3: Iterate over sorted prices
    for price in prices:
        # Check if the current price can be added without exceeding the budget
        if total_spent + price <= k:
            total_spent += price
            chocolate_count += 1
        else:
            # If the budget is exceeded, stop buying
            break
    
    # Step 4: Return the number of chocolates bought
    return chocolate_count

# Read input from standard input
import sys
input = sys.stdin.read
data = input().split()

# Parse the input
n = int(data[0])
k = int(data[1])
prices = list(map(int, data[2:]))

# Call the function and print the result
result = maxChocolates(n, k, prices)
print(result)
```

### Explanation of Changes

- **Input Handling**: The input is read using `sys.stdin.read()` to handle multiple lines and split into a list of strings. The first two elements are parsed as integers `n` and `k`, and the rest are converted to a list of integers representing the prices.
- **Function Call and Output**: The function `maxChocolates` is called with the parsed arguments, and the result is printed to standard output. This ensures the program interacts correctly with the environment's input/output expectations.
INFO - [Task id] 1401 [prompt] 
## Instructions
Now, given your insights, try to fix the solution. 
Output a block of correct python3 code to be executed and evaluated again. 

Make sure to wrap your code in '```python' and '```' Markdown delimiters.

INFO - [Task id] 1401 [prompt] ```python
def maxChocolates(n, k, prices):
    # Step 1: Sort the prices in ascending order
    prices.sort()
    
    # Step 2: Initialize variables
    chocolate_count = 0
    total_spent = 0
    
    # Step 3: Iterate over sorted prices
    for price in prices:
        # Check if the current price can be added without exceeding the budget
        if total_spent + price <= k:
            total_spent += price
            chocolate_count += 1
        else:
            # If the budget is exceeded, stop buying
            break
    
    # Step 4: Return the number of chocolates bought
    return chocolate_count

# Read input from standard input
import sys
input = sys.stdin.read
data = input().split()

# Parse the input
n = int(data[0])
k = int(data[1])
prices = list(map(int, data[2:]))

# Call the function and print the result
result = maxChocolates(n, k, prices)
print(result)
```
INFO - [Task id] 1401 [prompt] 
[Environment Feedback]:
    Note: Inputs/outputs here are automatically extracted/truncated so formatting may be a bit off.
    Tests passed:

     Input: ['7 50', '1 12 5 111 200 1000 10'] Output: 4

    Tests failed:
    None
[/Environment Feedback]

INFO - [Task id] 1401 [prompt] 
Below is the official solution (do exercise discretion as official solutions can also have mistakes).

You will be reflecting on your attempts to solve the problem.
This will be a **standalone** document for your own future reference. (can skip formalities, be concise)

## Instructions
- Only include the most relevant insights and code snippets that could be useful in the future.
- If you did not learn much from the current experience (e.g. the problem was too easy / official solution was obvious), feel free to write less or nothing at all.
- Here are some ideas if the experience was useful:
    - If the official solution is insightful (e.g. better than yours in time and space complexity or more effective in breaking down the problem statement), distil the key approach of the official solution, step by step.
    - If your approach failed the test cases, reason why the official solution works but yours does not

Your reflection should be at most a few paragraphs.

## Official solution
n,k = map(int,input().split())
prices = list(map(int,input().split()))
prices.sort()
sum,cnt = 0, 0
for price in prices:
 sum += price
 if sum <= k: cnt += 1
 else: break
print(cnt)

INFO - [Task id] 1401 [generation text] In this problem, the goal was to maximize the number of chocolates Anushka could buy given a list of prices and a budget. The key insight was to sort the prices in ascending order and purchase the cheapest chocolates first, which ensures that the maximum number of chocolates can be bought within the budget.

### Key Insights and Learnings:

1. **Sorting for Optimization**: Sorting the prices allows us to prioritize cheaper chocolates, which is a common strategy in optimization problems where the goal is to maximize quantity under a constraint.

2. **Iterative Budget Check**: By iterating through the sorted list and maintaining a running total of the spent amount, we can efficiently determine when the budget is exceeded. This approach is both time-efficient (O(n log n) due to sorting) and space-efficient (O(1) additional space).

3. **Input/Output Handling**: The problem required reading from standard input and writing to standard output, which is a common requirement in competitive programming. Ensuring that the function is called and the result is printed is crucial for the solution to work in such environments.

4. **Comparison with Official Solution**: The official solution is concise and effectively implements the same logic as my revised solution. It uses a simple loop to accumulate the total spent and count the chocolates, breaking out of the loop when the budget is exceeded. This reinforces the importance of simplicity and clarity in coding solutions.

Overall, this exercise reinforced the importance of sorting in optimization problems and the need for careful handling of input and output in competitive programming contexts.
INFO - Updated entry: In this problem, the goal was to maximize the number of chocolates Anushka could buy given a list of prices and a budget. The core concept was to sort the prices in ascending order and purchase the cheapest chocolates first to maximize the count. This greedy approach ensures that we get the most ...,

INFO - Metadata: {
    "task_id": 1401
}

INFO - Updated entry: In this problem, the goal was to maximize the number of chocolates Anushka could buy given a list of prices and a budget. The key insight was to sort the prices in ascending order and purchase the cheapest chocolates first, which ensures that the maximum number of chocolates can be bought within ...,

INFO - Metadata: {
    "task_id": 1401
}

INFO - LM call n parse attempt 1 / 3

INFO - [Task id] 1401 [prompt] 
You are a helpful assistant that writes a description of the given function written in the Python programming language.

1) Do not mention the function name.
2) Do not mention anything about helper functions.
3) There might be some helper functions before the main function, but you only need to describe the main function.
4) Try to summarize the function in no more than 6 sentences.
5) Your response should be a single line of text.

INFO - [Task id] 1401 [prompt] 
def maxChocolates(n, k, prices):
    # Step 1: Sort the prices in ascending order
    prices.sort()
    
    # Step 2: Initialize variables
    chocolate_count = 0
    total_spent = 0
    
    # Step 3: Iterate over sorted prices
    for price in prices:
        # Check if the current price can be added without exceeding the budget
        if total_spent + price <= k:
            total_spent += price
            chocolate_count += 1
        else:
            # If the budget is exceeded, stop buying
            break
    
    # Step 4: Return the number of chocolates bought
    return chocolate_count

# Read input from standard input
import sys
input = sys.stdin.read
data = input().split()

# Parse the input
n = int(data[0])
k = int(data[1])
prices = list(map(int, data[2:]))

# Call the function and print the result
result = maxChocolates(n, k, prices)
print(result)


The main function is `maxChocolates`.
INFO - [Task id] 1401 [generation text] The function calculates the maximum number of chocolates that can be bought without exceeding a given budget. It first sorts the list of chocolate prices in ascending order. It then iterates through the sorted prices, adding the price of each chocolate to a running total as long as the total does not exceed the budget. For each chocolate that can be purchased within the budget, it increments a counter. If adding another chocolate would exceed the budget, the function stops the iteration. Finally, it returns the count of chocolates that can be bought within the budget.
INFO - LM call n parse attempt 1 / 3

INFO - [Task id] 1401 [prompt] 
You are a helpful assistant that extracts important information from problems and solutions to aid in searchability and education.

## Instructions
- Read through the problem and solution carefully.
- Reason out, step by step, in what scenarios this knowledge would be useful.
- Focus on general patterns and situations to help connect this knowledge to new situations.
- Then, include a list of keywords that are useful for searching this problem/solution pair.

## Response format
Respond in JSON, and follow the keys and expected format of the values strictly.

The output should be formatted as a JSON instance that conforms to the JSON schema below.

As an example, for the schema {"properties": {"foo": {"title": "Foo", "description": "a list of strings", "type": "array", "items": {"type": "string"}}}, "required": ["foo"]}
the object {"foo": ["bar", "baz"]} is a well-formatted instance of the schema. The object {"properties": {"foo": ["bar", "baz"]}} is not well-formatted.

Here is the output schema:
```
{"properties": {"scenarios": {"description": "In what scenarios will this knowledge be useful? Answer in a paragraph.", "title": "Scenarios", "type": "string"}, "keywords": {"description": "List of keywords that are useful for searching this problem/solution pair", "items": {"type": "string"}, "title": "Keywords", "type": "array"}}, "required": ["scenarios", "keywords"]}
```

INFO - [Task id] 1401 [prompt] 
[Problem]
    Give me Chocolate

    Anushka wants to buy chocolates.there are many chocolates in front of her, tagged with their prices.

    Anushka has only a certain amount to spend, and she wants to maximize the number of chocolates she buys with this money.

    Given a list of prices and an amount to spend, what is the maximum number of chocolates Anushka can buy? 

    For example, 

    if prices =[1,2,3,4]
    and Anushka has k=7 to spend, she can buy items [1,2,3] for 6 , or [3,4] for 7 units of currency. she would choose the first group of 3 items.

    Input Format

    The first line contains two integers, n and k , the number of priced chocolates and the amount Anushka has to spend.

    The next line contains n space-separated integers prices[i]

    Constraints

    1<= n <= 105

    1<= k <= 109

    1<= prices[i] <= 109



    A chocolate can't be bought multiple times.

    Output Format

    An integer that denotes the maximum number of chocolates Anushka can buy for her.

    Sample Input

    7 50

    1 12 5 111 200 1000 10

    Sample Output

    4

    Explanation

    she can buy only 4 chocolatess at most. These chocolates have the following prices: 1, 12, 5, 10.
[/Problem]

[Solution]

    def maxChocolates(n, k, prices):
        # Step 1: Sort the prices in ascending order
        prices.sort()
    
        # Step 2: Initialize variables
        chocolate_count = 0
        total_spent = 0
    
        # Step 3: Iterate over sorted prices
        for price in prices:
            # Check if the current price can be added without exceeding the budget
            if total_spent + price <= k:
                total_spent += price
                chocolate_count += 1
            else:
                # If the budget is exceeded, stop buying
                break
    
        # Step 4: Return the number of chocolates bought
        return chocolate_count

    # Read input from standard input
    import sys
    input = sys.stdin.read
    data = input().split()

    # Parse the input
    n = int(data[0])
    k = int(data[1])
    prices = list(map(int, data[2:]))

    # Call the function and print the result
    result = maxChocolates(n, k, prices)
    print(result)

[/Solution]

INFO - [Task id] 1401 [generation text] 
INFO - {
    "scenarios": "This knowledge is useful in scenarios where one needs to maximize the number of items purchased within a limited budget. This is a common problem in resource allocation, budgeting, and optimization tasks. For example, it can be applied in shopping scenarios where a person wants to buy the maximum number of items without exceeding their budget. It can also be used in project management where resources need to be allocated efficiently, or in computer science problems involving greedy algorithms where the goal is to maximize or minimize a certain outcome given constraints.",
    "keywords": [
        "maximize chocolates",
        "budget allocation",
        "greedy algorithm",
        "resource optimization",
        "shopping problem",
        "price sorting",
        "budget constraint",
        "maximize items",
        "optimization problem"
    ]
}
INFO - {
    "scenarios": "This knowledge is useful in scenarios where one needs to maximize the number of items purchased within a limited budget. This is a common problem in resource allocation, budgeting, and optimization tasks. For example, it can be applied in shopping scenarios where a person wants to buy the maximum number of items without exceeding their budget. It can also be used in project management where resources need to be allocated efficiently, or in computer science problems involving greedy algorithms where the goal is to maximize or minimize a certain outcome given constraints.",
    "keywords": [
        "maximize chocolates",
        "budget allocation",
        "greedy algorithm",
        "resource optimization",
        "shopping problem",
        "price sorting",
        "budget constraint",
        "maximize items",
        "optimization problem"
    ]
}
INFO - Updated entry: 
[description for function: maxChocolates]
The function calculates the maximum number of chocolates that can be bought without exceeding a given budget. It first sorts the list of chocolate prices in ascending order. It then iterates through the sorted prices, adding the price of each chocolate t...,

INFO - Metadata: {
    "task": 1401,
    "code": "\ndef maxChocolates(n, k, prices):\n    # Step 1: Sort the prices in ascending order\n    prices.sort()\n    \n    # Step 2: Initialize variables\n    chocolate_count = 0\n    total_spent = 0\n    \n    # Step 3: Iterate over sorted prices\n    for price in prices...

