INFO - DB skill doc count: 0

INFO - DB non_func doc count: 12

INFO - DB semantic doc count: 429

INFO - DB summaries doc count: 14

INFO - DB reflections doc count: 14

INFO - DB episodic doc count: 23

INFO - [train iter]: 14/100 

INFO - The task prompt is The Chef has prepared the appetizers in the shapes of letters to spell a special message for the guests. There are n appetizers numbered from 0 to n-1 such that if the appetizers are arrayed in this order, they will display the message. The Chef plans to display them in this order on a table that...

INFO - Attempting task_id 626
INFO - LM call n parse attempt 1 / 3

INFO - [Task id] 626 [prompt] 
You are an expert programmer tasked with solving the problem below.

Follow the user's instructions to solve the problem.
The user can ask for analysis, code, or both.

## Instructions
When asked to output code,
- Make sure to wrap your code in '```python' and '```' Markdown delimiters, 
- include exactly one block of code with the entire solution
- No outside libraries are allowed. 
- Builtins are allowed.
- If the task specifies a function name to be used, follow it strictly (be case sensitive!) and declare the that function last (helper functions are declared first).
- DO NOT write any assert statements / tests.

## Problem
[BEGIN PROBLEM]
The Chef has prepared the appetizers in the shapes of letters to spell a special message for the guests. There are n appetizers numbered from 0 to n-1 such that if the appetizers are arrayed in this order, they will display the message. The Chef plans to display them in this order on a table that can be viewed by all guests as they enter. The appetizers will only be served once all guests are seated.

The appetizers are not necessarily finished in the same order as they are numbered. So, when an appetizer is finished the Chef will write the number on a piece of paper and place it beside the appetizer on a counter between the kitchen and the restaurant. A server will retrieve this appetizer and place it in the proper location according to the number written beside it.

The Chef has a penchant for binary numbers. The number of appetizers created is a power of 2, say n = 2k. Furthermore, he has written the number of the appetizer in binary with exactly k bits. That is, binary numbers with fewer than k bits are padded on the left with zeros so they are written with exactly k bits.

Unfortunately, this has unforseen complications. A binary number still "looks" binary when it is written upside down. For example, the binary number "0101" looks like "1010" when read upside down and the binary number "110" looks like "011" (the Chef uses simple vertical lines to denote a 1 bit). The Chef didn't realize that the servers would read the numbers upside down so he doesn't rotate the paper when he places it on the counter. Thus, when the server picks up an appetizer they place it the location indexed by the binary number when it is read upside down.

You are given the message the chef intended to display and you are to display the message that will be displayed after the servers move all appetizers to their locations based on the binary numbers they read.

-----Input-----

The first line consists of a single integer T ≤ 25 indicating the number of test cases to follow. Each test case consists of a single line beginning with an integer 1 ≤ k ≤ 16 followed by a string of precisely 2k characters. The integer and the string are separated by a single space. The string has no spaces and is composed only of lower case letters from `a` to `z`.


-----Output-----

For each test case you are to output the scrambled message on a single line.


-----Example-----
Input:
2
2 chef
4 enjoyourapplepie

Output:
cehf
eayejpuinpopolre

The output code needs to read from and write to standard IO


[END PROBLEM]

INFO - [Task id] 626 [prompt] 
## Instructions

Reason through the problem and:
1. Restate the problem in plain English
2. Conceptualize a solution first in plain English
3. Write a pseudocode solution
4. Output the final Python 3 solution with your solution steps in comments.

Make sure to wrap your code in '```python' and '```' Markdown delimiters, 
and include exactly one block of code with the entire solution.

No outside libraries are allowed.
Builtins are allowed.

INFO - [Task id] 626 [generation text] ## Problem Restatement

1. **Restate the problem in plain English:**

   We have a series of test cases. Each test case provides a number `k` and a string of length `2^k`. The string represents a message that the chef intended to display using appetizers. Each appetizer is labeled with a binary number of `k` bits. However, the servers mistakenly read these binary numbers upside down. We need to determine the message that will actually be displayed when the servers place the appetizers according to the upside-down binary numbers.

2. **Conceptualize a solution first in plain English:**

   - For each test case, we need to:
     - Read the integer `k` and the string.
     - For each index from `0` to `2^k - 1`, convert the index to a binary string of length `k`.
     - Reverse the binary string to simulate reading it upside down.
     - Convert the reversed binary string back to an integer to get the new index.
     - Place the character from the original string at this new index in the result string.
   - Output the scrambled message for each test case.

3. **Write a pseudocode solution:**

   ```
   For each test case:
       Read k and the message
       Initialize an empty list for the scrambled message of length 2^k
       For each index i from 0 to 2^k - 1:
           Convert i to a binary string of length k
           Reverse the binary string
           Convert the reversed binary string back to an integer (new_index)
           Place the character at index i of the message into the scrambled message at new_index
       Join the scrambled message list into a string
       Print the scrambled message
   ```

4. **Output the final Python 3 solution with your solution steps in comments:**

```python
def solve():
    import sys
    input = sys.stdin.read
    data = input().strip().split('\n')
    
    T = int(data[0])  # Number of test cases
    
    results = []
    
    for case in range(1, T + 1):
        # Read each test case
        line = data[case]
        k, message = line.split()
        k = int(k)
        
        n = 2 ** k  # Calculate the number of appetizers
        scrambled_message = [''] * n  # Initialize the scrambled message list
        
        for i in range(n):
            # Convert i to a binary string of length k
            binary_str = format(i, f'0{k}b')
            # Reverse the binary string
            reversed_binary_str = binary_str[::-1]
            # Convert the reversed binary string back to an integer
            new_index = int(reversed_binary_str, 2)
            # Place the character in the scrambled message
            scrambled_message[new_index] = message[i]
        
        # Join the scrambled message list into a string
        results.append(''.join(scrambled_message))
    
    # Print all results, one per line
    for result in results:
        print(result)

```
INFO - [35m Rollout attempt 1/4[0m
INFO - [33m Retrieving 2 entries for db: episodic 
 [0m
INFO - Retrieved (score=0.4580):

[Task]:
    You have a string S consisting of N uppercase English letters. You are allowed to perform at most one operation of following kind: Choose any position in the string, remove the character at that position and insert it back to any other place in the string.

    Find the  lexicographi...


INFO - Retrieved (score=0.4637):

[Task]:
    For a permutation P = (p1, p2, ..., pN) of numbers [1, 2, ..., N], we define the function f(P) = max(p1, p2) + max(p2, p3) + ... + max(pN-1, pN).
    You are given N and an integer K. Find and report a permutation P of [1, 2, ..., N] such that f(P) = K, if such a permutation exists.
...


INFO - [33m Retrieving 2 entries for db: semantic 
 [0m
INFO - Retrieved (score=0.4656):
Title: Josephus Problem
Part: 1/1
# Josephus Problem

## Statement

We are given the natural numbers $n$ and $k$.
All natural numbers from $1$ to $n$ are written in a circle. 
First, count the $k$-th number starting from the first one and delete it.
Then $k$ numbers are counted starting from the ...


INFO - Retrieved (score=0.4977):
Title: Generating all $K$-combinations
Part: 1/1
# Generating all $K$-combinations

In this article we will discuss the problem of generating all $K$-combinations.
Given the natural numbers $N$ and $K$, and considering a set of numbers from $1$ to $N$.
The task is to derive all **subsets of size ...


INFO - [33m Retrieving 2 entries for db: reflections 
 [0m
INFO - Retrieved (score=0.4851):
Reflecting on the problem and the official solution, here are some key insights and takeaways:

1. **Understanding the Range of f(P)**:
   - The problem involves calculating the sum of maximums of consecutive pairs in a permutation. The maximum possible value of this sum is achieved by arranging ...


INFO - Retrieved (score=0.4960):
### Reflection

The problem involved updating scores for a range of students based on the complexity of questions and then calculating the mean of these scores. The task was to efficiently handle potentially large input sizes.

#### Key Insights from My Solution:
- **Initialization and Updates**:...


INFO - [33m Retrieving 2 entries for db: summaries 
 [0m
INFO - Retrieved (score=0.4313):
In this problem, the goal was to find a permutation of numbers from 1 to N such that the sum of the maximums of each consecutive pair equals a given integer K. The core concept here was understanding the function f(P) and how to manipulate permutations to achieve a specific sum.

The key strategy...


INFO - Retrieved (score=0.4453):
### Summary of Attempts to Solve the Problem

#### Core Concepts and Patterns
The problem revolves around maximizing the alternating sum of a subsequence from a list of distinct integers. The alternating sum is calculated by adding the first element, subtracting the second, adding the third, and ...


INFO - [33m Retrieving 2 entries for db: non_func 
 [0m
INFO - Retrieved (score=0.4596):

[description for function: main]
The function reads input from standard input, which includes a number of test cases, and for each test case, it reads two integers, N and K. It then calls another function to find a permutation of numbers from 1 to N such that a specific sum condition is met, or ...


INFO - Retrieved (score=0.4884):

[description for function: process_test_cases]
The function takes an integer T and a list of test cases, where each test case is a tuple containing an integer N and a string S. It processes each test case by finding the lexicographically smallest string that can be obtained by moving one charact...


INFO - Retrieved (score=0.4313): 
[Summary]:
    In this problem, the goal was to find a permutation of numbers from 1 to N such that the sum of the maximums of each consecutive pair equals a given integer K. The core concept here was understanding the function f(P) and how to manipulate permutations to achieve a specific sum.

...
INFO - Retrieved (score=0.4453): 
[Summary]:
    ### Summary of Attempts to Solve the Problem

    #### Core Concepts and Patterns
    The problem revolves around maximizing the alternating sum of a subsequence from a list of distinct integers. The alternating sum is calculated by adding the first element, subtracting the second...
INFO - LM call n parse attempt 1 / 3

INFO - [Task id] 626 [prompt] 
You are an expert programmer tasked with solving the problem below.

Follow the user's instructions to solve the problem.
The user can ask for analysis, code, or both.

## Instructions
When asked to output code,
- Make sure to wrap your code in '```python' and '```' Markdown delimiters, 
- include exactly one block of code with the entire solution
- No outside libraries are allowed. 
- Builtins are allowed.
- If the task specifies a function name to be used, follow it strictly (be case sensitive!) and declare the that function last (helper functions are declared first).
- DO NOT write any assert statements / tests.

## Problem
[BEGIN PROBLEM]
The Chef has prepared the appetizers in the shapes of letters to spell a special message for the guests. There are n appetizers numbered from 0 to n-1 such that if the appetizers are arrayed in this order, they will display the message. The Chef plans to display them in this order on a table that can be viewed by all guests as they enter. The appetizers will only be served once all guests are seated.

The appetizers are not necessarily finished in the same order as they are numbered. So, when an appetizer is finished the Chef will write the number on a piece of paper and place it beside the appetizer on a counter between the kitchen and the restaurant. A server will retrieve this appetizer and place it in the proper location according to the number written beside it.

The Chef has a penchant for binary numbers. The number of appetizers created is a power of 2, say n = 2k. Furthermore, he has written the number of the appetizer in binary with exactly k bits. That is, binary numbers with fewer than k bits are padded on the left with zeros so they are written with exactly k bits.

Unfortunately, this has unforseen complications. A binary number still "looks" binary when it is written upside down. For example, the binary number "0101" looks like "1010" when read upside down and the binary number "110" looks like "011" (the Chef uses simple vertical lines to denote a 1 bit). The Chef didn't realize that the servers would read the numbers upside down so he doesn't rotate the paper when he places it on the counter. Thus, when the server picks up an appetizer they place it the location indexed by the binary number when it is read upside down.

You are given the message the chef intended to display and you are to display the message that will be displayed after the servers move all appetizers to their locations based on the binary numbers they read.

-----Input-----

The first line consists of a single integer T ≤ 25 indicating the number of test cases to follow. Each test case consists of a single line beginning with an integer 1 ≤ k ≤ 16 followed by a string of precisely 2k characters. The integer and the string are separated by a single space. The string has no spaces and is composed only of lower case letters from `a` to `z`.


-----Output-----

For each test case you are to output the scrambled message on a single line.


-----Example-----
Input:
2
2 chef
4 enjoyourapplepie

Output:
cehf
eayejpuinpopolre

The output code needs to read from and write to standard IO


[END PROBLEM]

INFO - [Task id] 626 [prompt] 
## Instructions

Reason through the problem and:
1. Restate the problem in plain English
2. Conceptualize a solution first in plain English
3. Write a pseudocode solution
4. Output the final Python 3 solution with your solution steps in comments.

Make sure to wrap your code in '```python' and '```' Markdown delimiters, 
and include exactly one block of code with the entire solution.

No outside libraries are allowed.
Builtins are allowed.

INFO - [Task id] 626 [prompt] 
Also, here are some of your memories.
Feel free to use the given information to aid your problem solving process if necessary.
Do not confuse the memories with the problem statement.

## Memories

[Summary]:
    In this problem, the goal was to find a permutation of numbers from 1 to N such that the sum of the maximums of each consecutive pair equals a given integer K. The core concept here was understanding the function f(P) and how to manipulate permutations to achieve a specific sum.

    The key strategy was to start with the permutation in descending order, which gives the maximum possible sum of maximums, and then adjust it to decrease the sum to the desired K. This involved swapping elements to reduce the maximums in the sum while ensuring the sum does not drop below K.

    One important realization was calculating the maximum and minimum possible values of f(P) for a given N. If K was outside this range, it was impossible to achieve, and the output should be -1. This check helped quickly eliminate impossible cases.

    The solution involved iterating over the permutation and making swaps to adjust the sum. This approach was efficient and worked well within the constraints, as evidenced by the successful test results. The problem reinforced the importance of understanding permutation properties and how to manipulate them to achieve specific outcomes.
[/Summary]


[Summary]:
    ### Summary of Attempts to Solve the Problem

    #### Core Concepts and Patterns
    The problem revolves around maximizing the alternating sum of a subsequence from a list of distinct integers. The alternating sum is calculated by adding the first element, subtracting the second, adding the third, and so on. The challenge is to select elements in such a way that this sum is maximized.

    #### Initial Strategy and Mistakes
    Initially, I attempted to maintain two variables (`max_odd` and `max_even`) to track the maximum alternating sum based on index parity. This approach was flawed because the problem is not about alternating indices but about forming a subsequence with an alternating sum. The strategy did not correctly capture the essence of maximizing the alternating sum by selectively picking elements.

    #### Correct Approach
    The correct approach involves:
    - Iterating through the list and starting a new subsequence with the largest possible element.
    - Alternating between adding and subtracting elements to maximize the sum.
    - Continuously updating the maximum sum found.

    #### Unexpected Errors and Fixes
    The main error was in misunderstanding the problem's requirements regarding the alternating sum. The solution needed to focus on maximizing the sum by considering the sign changes between consecutive elements, rather than focusing on index parity. The corrected approach involved iterating through the list, starting a new subsequence when necessary, and updating the maximum sum based on the current subsequence's alternating sum.

    #### Final Solution
    The final solution correctly computes the maximum alternating sum for each test case by iterating through the list of strengths and updating the maximum possible alternating sum. This approach ensures that the largest possible values are added and the smallest possible values are subtracted, maximizing the alternating sum.

    ```python
    def max_alternating_sum(strengths):
        max_sum = 0
        current_sum = 0
        n = len(strengths)
    
        i = 0
        while i < n:
            # Start a new subsequence with the current element
            current_sum = strengths[i]
            i += 1
        
            # Alternate between adding and subtracting
            while i < n and strengths[i] * strengths[i - 1] < 0:
                current_sum += strengths[i]
                i += 1
        
            # Update the maximum sum found
            max_sum = max(max_sum, current_sum)
    
        return max_sum

    def main():
        import sys
        input = sys.stdin.read
        data = input().split()
    
        index = 0
        t = int(data[index])
        index += 1
        results = []
    
        for _ in range(t):
            n = int(data[index])
            q = int(data[index + 1])  # q is always 0
            index += 2
        
            strengths = list(map(int, data[index:index + n]))
            index += n
        
            result = max_alternating_sum(strengths)
            results.append(result)
    
        for result in results:
            print(result)

    if __name__ == "__main__":
        main()
    ```

    This experience highlighted the importance of understanding the problem requirements and correctly interpreting the alternating sum concept to form an optimal solution.
[/Summary]


INFO - [Task id] 626 [generation text] ### Problem Restatement

The problem involves rearranging a message based on binary numbers that are read upside down. Given a number of test cases, each test case provides a power of 2, `k`, and a string of length `2^k`. The string represents a message that needs to be rearranged. The rearrangement is determined by reading the binary indices of the string upside down.

### Conceptual Solution

1. **Understand the Binary Upside Down Reading**: 
   - For each index in the string, convert it to a binary number with `k` bits.
   - Reverse the binary string to simulate reading it upside down.
   - Convert the reversed binary string back to a decimal number to get the new index.

2. **Rearrange the String**:
   - For each character in the original string, place it in the position determined by the upside-down binary index.

3. **Output the Rearranged String**:
   - For each test case, output the rearranged string.

### Pseudocode

```
function rearrange_message(k, message):
    n = 2^k
    rearranged = array of size n
    for i from 0 to n-1:
        binary_index = binary representation of i with k bits
        upside_down_index = reverse(binary_index)
        new_index = decimal value of upside_down_index
        rearranged[new_index] = message[i]
    return join(rearranged)

function main():
    read T
    for each test case:
        read k and message
        result = rearrange_message(k, message)
        print(result)
```

### Final Python Solution

```python
def rearrange_message(k, message):
    n = 2 ** k
    rearranged = [''] * n
    for i in range(n):
        # Convert i to a binary string with k bits
        binary_index = format(i, f'0{k}b')
        # Reverse the binary string to simulate upside down reading
        upside_down_index = binary_index[::-1]
        # Convert the reversed binary string back to a decimal number
        new_index = int(upside_down_index, 2)
        # Place the character in the new position
        rearranged[new_index] = message[i]
    return ''.join(rearranged)

def main():
    import sys
    input = sys.stdin.read
    data = input().strip().split('\n')
    
    T = int(data[0])
    results = []
    
    for i in range(1, T + 1):
        k, message = data[i].split()
        k = int(k)
        result = rearrange_message(k, message)
        results.append(result)
    
    for result in results:
        print(result)

if __name__ == "__main__":
    main()
```

### Explanation of the Code

- **rearrange_message**: This function takes `k` and the `message` as inputs. It calculates the number of characters `n` as `2^k`. For each index `i`, it computes the binary representation, reverses it, and converts it back to a decimal to find the new index. The character at the original index is placed at this new index in the rearranged list.
- **main**: This function reads input, processes each test case using `rearrange_message`, and prints the results. It handles multiple test cases as specified.
INFO - program_code:
 
def rearrange_message(k, message):
    n = 2 ** k
    rearranged = [''] * n
    for i in range(n):
        # Convert i to a binary string with k bits
        binary_index = format(i, f'0{k}b')
        # Reverse the binary string to simulate upside down reading
        upside_down_index = binary_index[::-1]
        # Convert the reversed binary string back to a decimal number
        new_index = int(upside_down_index, 2)
        # Place the character in the new position
        rearranged[new_index] = message[i]
    return ''.join(rearranged)

def main():
    import sys
    input = sys.stdin.read
    data = input().strip().split('\n')
    
    T = int(data[0])
    results = []
    
    for i in range(1, T + 1):
        k, message = data[i].split()
        k = int(k)
        result = rearrange_message(k, message)
        results.append(result)
    
    for result in results:
        print(result)

if __name__ == "__main__":
    main()


INFO - program_name:
 main

INFO - dependencies:
 []

INFO - raw_msg:
 ### Problem Restatement

The problem involves rearranging a message based on binary numbers that are read upside down. Given a number of test cases, each test case provides a power of 2, `k`, and a string of length `2^k`. The string represents a message that needs to be rearranged. The rearrangement is determined by reading the binary indices of the string upside down.

### Conceptual Solution

1. **Understand the Binary Upside Down Reading**: 
   - For each index in the string, convert it to a binary number with `k` bits.
   - Reverse the binary string to simulate reading it upside down.
   - Convert the reversed binary string back to a decimal number to get the new index.

2. **Rearrange the String**:
   - For each character in the original string, place it in the position determined by the upside-down binary index.

3. **Output the Rearranged String**:
   - For each test case, output the rearranged string.

### Pseudocode

```
function rearrange_message(k, message):
    n = 2^k
    rearranged = array of size n
    for i from 0 to n-1:
        binary_index = binary representation of i with k bits
        upside_down_index = reverse(binary_index)
        new_index = decimal value of upside_down_index
        rearranged[new_index] = message[i]
    return join(rearranged)

function main():
    read T
    for each test case:
        read k and message
        result = rearrange_message(k, message)
        print(result)
```

### Final Python Solution

```python
def rearrange_message(k, message):
    n = 2 ** k
    rearranged = [''] * n
    for i in range(n):
        # Convert i to a binary string with k bits
        binary_index = format(i, f'0{k}b')
        # Reverse the binary string to simulate upside down reading
        upside_down_index = binary_index[::-1]
        # Convert the reversed binary string back to a decimal number
        new_index = int(upside_down_index, 2)
        # Place the character in the new position
        rearranged[new_index] = message[i]
    return ''.join(rearranged)

def main():
    import sys
    input = sys.stdin.read
    data = input().strip().split('\n')
    
    T = int(data[0])
    results = []
    
    for i in range(1, T + 1):
        k, message = data[i].split()
        k = int(k)
        result = rearrange_message(k, message)
        results.append(result)
    
    for result in results:
        print(result)

if __name__ == "__main__":
    main()
```

### Explanation of the Code

- **rearrange_message**: This function takes `k` and the `message` as inputs. It calculates the number of characters `n` as `2^k`. For each index `i`, it computes the binary representation, reverses it, and converts it back to a decimal to find the new index. The character at the original index is placed at this new index in the rearranged list.
- **main**: This function reads input, processes each test case using `rearrange_message`, and prints the results. It handles multiple test cases as specified.

INFO - no_parent:
 False

INFO - full code to be executed: 
 
def rearrange_message(k, message):
    n = 2 ** k
    rearranged = [''] * n
    for i in range(n):
        # Convert i to a binary string with k bits
        binary_index = format(i, f'0{k}b')
        # Reverse the binary string to simulate upside down reading
        upside_down_index = binary_index[::-1]
        # Convert the reversed binary string back to a decimal number
        new_index = int(upside_down_index, 2)
        # Place the character in the new position
        rearranged[new_index] = message[i]
    return ''.join(rearranged)

def main():
    import sys
    input = sys.stdin.read
    data = input().strip().split('\n')
    
    T = int(data[0])
    results = []
    
    for i in range(1, T + 1):
        k, message = data[i].split()
        k = int(k)
        result = rearrange_message(k, message)
        results.append(result)
    
    for result in results:
        print(result)

if __name__ == "__main__":
    main()


INFO - obs: Note: Inputs/outputs here are automatically extracted/truncated so formatting may be a bit off.
Tests passed:

 Input: ['2', '2 chef', '4 enjoyourapplepie', '', ''] Output: cehf
eayejpuinpopolre

Tests failed:
None
reward: True
done: None
info: {'individual_results': [True]}
INFO - Updated entry: 
[Task]:
    The Chef has prepared the appetizers in the shapes of letters to spell a special message for the guests. There are n appetizers numbered from 0 to n-1 such that if the appetizers are arrayed in this order, they will display the message. The Chef plans to display them in this order on...,

INFO - Metadata: {
    "raw_msg": "### Problem Restatement\n\nThe problem involves rearranging a message based on binary numbers that are read upside down. Given a number of test cases, each test case provides a power of 2, `k`, and a string of length `2^k`. The string represents a message that needs to be rearra...

INFO - LM call n parse attempt 1 / 3

INFO - [Task id] 626 [prompt] 
You are an expert programmer tasked with solving the problem below.

Follow the user's instructions to solve the problem.
The user can ask for analysis, code, or both.

## Instructions
When asked to output code,
- Make sure to wrap your code in '```python' and '```' Markdown delimiters, 
- include exactly one block of code with the entire solution
- No outside libraries are allowed. 
- Builtins are allowed.
- If the task specifies a function name to be used, follow it strictly (be case sensitive!) and declare the that function last (helper functions are declared first).
- DO NOT write any assert statements / tests.

## Problem
[BEGIN PROBLEM]
The Chef has prepared the appetizers in the shapes of letters to spell a special message for the guests. There are n appetizers numbered from 0 to n-1 such that if the appetizers are arrayed in this order, they will display the message. The Chef plans to display them in this order on a table that can be viewed by all guests as they enter. The appetizers will only be served once all guests are seated.

The appetizers are not necessarily finished in the same order as they are numbered. So, when an appetizer is finished the Chef will write the number on a piece of paper and place it beside the appetizer on a counter between the kitchen and the restaurant. A server will retrieve this appetizer and place it in the proper location according to the number written beside it.

The Chef has a penchant for binary numbers. The number of appetizers created is a power of 2, say n = 2k. Furthermore, he has written the number of the appetizer in binary with exactly k bits. That is, binary numbers with fewer than k bits are padded on the left with zeros so they are written with exactly k bits.

Unfortunately, this has unforseen complications. A binary number still "looks" binary when it is written upside down. For example, the binary number "0101" looks like "1010" when read upside down and the binary number "110" looks like "011" (the Chef uses simple vertical lines to denote a 1 bit). The Chef didn't realize that the servers would read the numbers upside down so he doesn't rotate the paper when he places it on the counter. Thus, when the server picks up an appetizer they place it the location indexed by the binary number when it is read upside down.

You are given the message the chef intended to display and you are to display the message that will be displayed after the servers move all appetizers to their locations based on the binary numbers they read.

-----Input-----

The first line consists of a single integer T ≤ 25 indicating the number of test cases to follow. Each test case consists of a single line beginning with an integer 1 ≤ k ≤ 16 followed by a string of precisely 2k characters. The integer and the string are separated by a single space. The string has no spaces and is composed only of lower case letters from `a` to `z`.


-----Output-----

For each test case you are to output the scrambled message on a single line.


-----Example-----
Input:
2
2 chef
4 enjoyourapplepie

Output:
cehf
eayejpuinpopolre

The output code needs to read from and write to standard IO


[END PROBLEM]

INFO - [Task id] 626 [prompt] 
## Instructions

Reason through the problem and:
1. Restate the problem in plain English
2. Conceptualize a solution first in plain English
3. Write a pseudocode solution
4. Output the final Python 3 solution with your solution steps in comments.

Make sure to wrap your code in '```python' and '```' Markdown delimiters, 
and include exactly one block of code with the entire solution.

No outside libraries are allowed.
Builtins are allowed.

INFO - [Task id] 626 [prompt] ### Problem Restatement

The problem involves rearranging a message based on binary numbers that are read upside down. Given a number of test cases, each test case provides a power of 2, `k`, and a string of length `2^k`. The string represents a message that needs to be rearranged. The rearrangement is determined by reading the binary indices of the string upside down.

### Conceptual Solution

1. **Understand the Binary Upside Down Reading**: 
   - For each index in the string, convert it to a binary number with `k` bits.
   - Reverse the binary string to simulate reading it upside down.
   - Convert the reversed binary string back to a decimal number to get the new index.

2. **Rearrange the String**:
   - For each character in the original string, place it in the position determined by the upside-down binary index.

3. **Output the Rearranged String**:
   - For each test case, output the rearranged string.

### Pseudocode

```
function rearrange_message(k, message):
    n = 2^k
    rearranged = array of size n
    for i from 0 to n-1:
        binary_index = binary representation of i with k bits
        upside_down_index = reverse(binary_index)
        new_index = decimal value of upside_down_index
        rearranged[new_index] = message[i]
    return join(rearranged)

function main():
    read T
    for each test case:
        read k and message
        result = rearrange_message(k, message)
        print(result)
```

### Final Python Solution

```python
def rearrange_message(k, message):
    n = 2 ** k
    rearranged = [''] * n
    for i in range(n):
        # Convert i to a binary string with k bits
        binary_index = format(i, f'0{k}b')
        # Reverse the binary string to simulate upside down reading
        upside_down_index = binary_index[::-1]
        # Convert the reversed binary string back to a decimal number
        new_index = int(upside_down_index, 2)
        # Place the character in the new position
        rearranged[new_index] = message[i]
    return ''.join(rearranged)

def main():
    import sys
    input = sys.stdin.read
    data = input().strip().split('\n')
    
    T = int(data[0])
    results = []
    
    for i in range(1, T + 1):
        k, message = data[i].split()
        k = int(k)
        result = rearrange_message(k, message)
        results.append(result)
    
    for result in results:
        print(result)

if __name__ == "__main__":
    main()
```

### Explanation of the Code

- **rearrange_message**: This function takes `k` and the `message` as inputs. It calculates the number of characters `n` as `2^k`. For each index `i`, it computes the binary representation, reverses it, and converts it back to a decimal to find the new index. The character at the original index is placed at this new index in the rearranged list.
- **main**: This function reads input, processes each test case using `rearrange_message`, and prints the results. It handles multiple test cases as specified.
INFO - [Task id] 626 [prompt] 
[Environment Feedback]:
    Note: Inputs/outputs here are automatically extracted/truncated so formatting may be a bit off.
    Tests passed:

     Input: ['2', '2 chef', '4 enjoyourapplepie', '', ''] Output: cehf
    eayejpuinpopolre

    Tests failed:
    None
[/Environment Feedback]

INFO - [Task id] 626 [prompt] 
## Instructions
Now, summarize your attempts as a **standalone** document for your own future reference. (can skip formalities, be concise)

- Only include the most relevant information and code snippets that could be useful in the future.
- If you did not learn much from the current experience (e.g. the problem was too easy), feel free to write less or nothing at all.
- Here are some ideas if the experience was useful:
    - Identifying the core concepts and patterns that problem appears to test for
    - Describing the strategies that seemed to work but did not, and vice versa
    - Describing unexpected errors and how they were fixed

Your summary should be at most a few paragraphs.

INFO - [Task id] 626 [generation text] In this problem, the key concept was understanding how binary numbers can be read upside down and how this affects the rearrangement of a string. The problem required converting indices to binary, reversing the binary string to simulate upside-down reading, and then converting it back to a decimal to determine the new position of each character in the string.

The main challenge was ensuring the binary numbers were correctly padded to `k` bits and reversed accurately. The solution involved using Python's string formatting to handle binary conversion and reversal efficiently. The approach of using a list to store rearranged characters based on the new indices was straightforward and effective.

The problem reinforced the importance of understanding binary operations and string manipulations, which are common in algorithmic challenges. The solution was implemented successfully without any unexpected errors, demonstrating the robustness of the approach. This problem serves as a good exercise in bit manipulation and string indexing, which are useful skills in competitive programming and technical interviews.
INFO - LM call n parse attempt 1 / 3

INFO - [Task id] 626 [prompt] 
You are an expert programmer tasked with solving the problem below.

Follow the user's instructions to solve the problem.
The user can ask for analysis, code, or both.

## Instructions
When asked to output code,
- Make sure to wrap your code in '```python' and '```' Markdown delimiters, 
- include exactly one block of code with the entire solution
- No outside libraries are allowed. 
- Builtins are allowed.
- If the task specifies a function name to be used, follow it strictly (be case sensitive!) and declare the that function last (helper functions are declared first).
- DO NOT write any assert statements / tests.

## Problem
[BEGIN PROBLEM]
The Chef has prepared the appetizers in the shapes of letters to spell a special message for the guests. There are n appetizers numbered from 0 to n-1 such that if the appetizers are arrayed in this order, they will display the message. The Chef plans to display them in this order on a table that can be viewed by all guests as they enter. The appetizers will only be served once all guests are seated.

The appetizers are not necessarily finished in the same order as they are numbered. So, when an appetizer is finished the Chef will write the number on a piece of paper and place it beside the appetizer on a counter between the kitchen and the restaurant. A server will retrieve this appetizer and place it in the proper location according to the number written beside it.

The Chef has a penchant for binary numbers. The number of appetizers created is a power of 2, say n = 2k. Furthermore, he has written the number of the appetizer in binary with exactly k bits. That is, binary numbers with fewer than k bits are padded on the left with zeros so they are written with exactly k bits.

Unfortunately, this has unforseen complications. A binary number still "looks" binary when it is written upside down. For example, the binary number "0101" looks like "1010" when read upside down and the binary number "110" looks like "011" (the Chef uses simple vertical lines to denote a 1 bit). The Chef didn't realize that the servers would read the numbers upside down so he doesn't rotate the paper when he places it on the counter. Thus, when the server picks up an appetizer they place it the location indexed by the binary number when it is read upside down.

You are given the message the chef intended to display and you are to display the message that will be displayed after the servers move all appetizers to their locations based on the binary numbers they read.

-----Input-----

The first line consists of a single integer T ≤ 25 indicating the number of test cases to follow. Each test case consists of a single line beginning with an integer 1 ≤ k ≤ 16 followed by a string of precisely 2k characters. The integer and the string are separated by a single space. The string has no spaces and is composed only of lower case letters from `a` to `z`.


-----Output-----

For each test case you are to output the scrambled message on a single line.


-----Example-----
Input:
2
2 chef
4 enjoyourapplepie

Output:
cehf
eayejpuinpopolre

The output code needs to read from and write to standard IO


[END PROBLEM]

INFO - [Task id] 626 [prompt] 
## Instructions

Reason through the problem and:
1. Restate the problem in plain English
2. Conceptualize a solution first in plain English
3. Write a pseudocode solution
4. Output the final Python 3 solution with your solution steps in comments.

Make sure to wrap your code in '```python' and '```' Markdown delimiters, 
and include exactly one block of code with the entire solution.

No outside libraries are allowed.
Builtins are allowed.

INFO - [Task id] 626 [prompt] ### Problem Restatement

The problem involves rearranging a message based on binary numbers that are read upside down. Given a number of test cases, each test case provides a power of 2, `k`, and a string of length `2^k`. The string represents a message that needs to be rearranged. The rearrangement is determined by reading the binary indices of the string upside down.

### Conceptual Solution

1. **Understand the Binary Upside Down Reading**: 
   - For each index in the string, convert it to a binary number with `k` bits.
   - Reverse the binary string to simulate reading it upside down.
   - Convert the reversed binary string back to a decimal number to get the new index.

2. **Rearrange the String**:
   - For each character in the original string, place it in the position determined by the upside-down binary index.

3. **Output the Rearranged String**:
   - For each test case, output the rearranged string.

### Pseudocode

```
function rearrange_message(k, message):
    n = 2^k
    rearranged = array of size n
    for i from 0 to n-1:
        binary_index = binary representation of i with k bits
        upside_down_index = reverse(binary_index)
        new_index = decimal value of upside_down_index
        rearranged[new_index] = message[i]
    return join(rearranged)

function main():
    read T
    for each test case:
        read k and message
        result = rearrange_message(k, message)
        print(result)
```

### Final Python Solution

```python
def rearrange_message(k, message):
    n = 2 ** k
    rearranged = [''] * n
    for i in range(n):
        # Convert i to a binary string with k bits
        binary_index = format(i, f'0{k}b')
        # Reverse the binary string to simulate upside down reading
        upside_down_index = binary_index[::-1]
        # Convert the reversed binary string back to a decimal number
        new_index = int(upside_down_index, 2)
        # Place the character in the new position
        rearranged[new_index] = message[i]
    return ''.join(rearranged)

def main():
    import sys
    input = sys.stdin.read
    data = input().strip().split('\n')
    
    T = int(data[0])
    results = []
    
    for i in range(1, T + 1):
        k, message = data[i].split()
        k = int(k)
        result = rearrange_message(k, message)
        results.append(result)
    
    for result in results:
        print(result)

if __name__ == "__main__":
    main()
```

### Explanation of the Code

- **rearrange_message**: This function takes `k` and the `message` as inputs. It calculates the number of characters `n` as `2^k`. For each index `i`, it computes the binary representation, reverses it, and converts it back to a decimal to find the new index. The character at the original index is placed at this new index in the rearranged list.
- **main**: This function reads input, processes each test case using `rearrange_message`, and prints the results. It handles multiple test cases as specified.
INFO - [Task id] 626 [prompt] 
[Environment Feedback]:
    Note: Inputs/outputs here are automatically extracted/truncated so formatting may be a bit off.
    Tests passed:

     Input: ['2', '2 chef', '4 enjoyourapplepie', '', ''] Output: cehf
    eayejpuinpopolre

    Tests failed:
    None
[/Environment Feedback]

INFO - [Task id] 626 [prompt] 
Below is the official solution (do exercise discretion as official solutions can also have mistakes).

You will be reflecting on your attempts to solve the problem.
This will be a **standalone** document for your own future reference. (can skip formalities, be concise)

## Instructions
- Only include the most relevant insights and code snippets that could be useful in the future.
- If you did not learn much from the current experience (e.g. the problem was too easy / official solution was obvious), feel free to write less or nothing at all.
- Here are some ideas if the experience was useful:
    - If the official solution is insightful (e.g. better than yours in time and space complexity or more effective in breaking down the problem statement), distil the key approach of the official solution, step by step.
    - If your approach failed the test cases, reason why the official solution works but yours does not

Your reflection should be at most a few paragraphs.

## Official solution
t=int(input())
def reversebinary(bits,n):
    bStr=''
    for i in range(bits):
        if n>0:
            bStr=bStr+str(n%2)
        else:
            bStr=bStr+'0'
        n=n>>1
    return int(bStr,2)
        
for i in range(t):
    k,msg=input().split()
    k=int(k)
    newmsg=[]
    for j in msg:
        newmsg.append(j)
    for j in range(len(msg)):
        newmsg[reversebinary(k,j)]=msg[j]
    print(''.join(newmsg))
        
    


INFO - [Task id] 626 [generation text] Reflecting on the problem-solving process and comparing it with the official solution, here are some key insights:

1. **Binary Manipulation**: Both my solution and the official solution correctly handle the conversion of indices to binary, reversing them, and converting them back to decimal. This is the core of the problem, as it determines the new positions of the characters in the message.

2. **Efficiency and Clarity**: The official solution uses a helper function `reversebinary` to handle the binary reversal and conversion. This encapsulation makes the code more modular and potentially easier to understand. My solution directly handled these operations within the loop, which is also valid but less modular.

3. **String Manipulation**: Both solutions effectively rearrange the string based on the computed indices. The official solution uses a list `newmsg` to store the rearranged characters, which is similar to my approach.

4. **Input Handling**: The official solution directly reads input and processes it in a loop, similar to my approach. This is a straightforward way to handle multiple test cases.

Overall, the problem was straightforward, and both solutions effectively solve it. The key takeaway is the importance of understanding binary operations and how reversing binary strings can be used to solve problems involving index manipulation. The official solution's use of a helper function for binary reversal is a good practice for code clarity and reusability.
INFO - Updated entry: In this problem, the key concept was understanding how binary numbers can be read upside down and how this affects the rearrangement of a string. The problem required converting indices to binary, reversing the binary string to simulate upside-down reading, and then converting it back to a decima...,

INFO - Metadata: {
    "task_id": 626
}

INFO - Updated entry: Reflecting on the problem-solving process and comparing it with the official solution, here are some key insights:

1. **Binary Manipulation**: Both my solution and the official solution correctly handle the conversion of indices to binary, reversing them, and converting them back to decimal. Thi...,

INFO - Metadata: {
    "task_id": 626
}

INFO - LM call n parse attempt 1 / 3

INFO - [Task id] 626 [prompt] 
You are a helpful assistant that writes a description of the given function written in the Python programming language.

1) Do not mention the function name.
2) Do not mention anything about helper functions.
3) There might be some helper functions before the main function, but you only need to describe the main function.
4) Try to summarize the function in no more than 6 sentences.
5) Your response should be a single line of text.

INFO - [Task id] 626 [prompt] 
def rearrange_message(k, message):
    n = 2 ** k
    rearranged = [''] * n
    for i in range(n):
        # Convert i to a binary string with k bits
        binary_index = format(i, f'0{k}b')
        # Reverse the binary string to simulate upside down reading
        upside_down_index = binary_index[::-1]
        # Convert the reversed binary string back to a decimal number
        new_index = int(upside_down_index, 2)
        # Place the character in the new position
        rearranged[new_index] = message[i]
    return ''.join(rearranged)

def main():
    import sys
    input = sys.stdin.read
    data = input().strip().split('\n')
    
    T = int(data[0])
    results = []
    
    for i in range(1, T + 1):
        k, message = data[i].split()
        k = int(k)
        result = rearrange_message(k, message)
        results.append(result)
    
    for result in results:
        print(result)

if __name__ == "__main__":
    main()


The main function is `main`.
INFO - [Task id] 626 [generation text] The function reads input from standard input, where the first line contains an integer T representing the number of test cases. For each test case, it reads a line containing an integer k and a string message. It processes each test case by calling another function to rearrange the message based on the value of k, and stores the result. Finally, it prints each rearranged message result.
INFO - LM call n parse attempt 1 / 3

INFO - [Task id] 626 [prompt] 
You are a helpful assistant that extracts important information from problems and solutions to aid in searchability and education.

## Instructions
- Read through the problem and solution carefully.
- Reason out, step by step, in what scenarios this knowledge would be useful.
- Focus on general patterns and situations to help connect this knowledge to new situations.
- Then, include a list of keywords that are useful for searching this problem/solution pair.

## Response format
Respond in JSON, and follow the keys and expected format of the values strictly.

The output should be formatted as a JSON instance that conforms to the JSON schema below.

As an example, for the schema {"properties": {"foo": {"title": "Foo", "description": "a list of strings", "type": "array", "items": {"type": "string"}}}, "required": ["foo"]}
the object {"foo": ["bar", "baz"]} is a well-formatted instance of the schema. The object {"properties": {"foo": ["bar", "baz"]}} is not well-formatted.

Here is the output schema:
```
{"properties": {"scenarios": {"description": "In what scenarios will this knowledge be useful? Answer in a paragraph.", "title": "Scenarios", "type": "string"}, "keywords": {"description": "List of keywords that are useful for searching this problem/solution pair", "items": {"type": "string"}, "title": "Keywords", "type": "array"}}, "required": ["scenarios", "keywords"]}
```

INFO - [Task id] 626 [prompt] 
[Problem]
    The Chef has prepared the appetizers in the shapes of letters to spell a special message for the guests. There are n appetizers numbered from 0 to n-1 such that if the appetizers are arrayed in this order, they will display the message. The Chef plans to display them in this order on a table that can be viewed by all guests as they enter. The appetizers will only be served once all guests are seated.

    The appetizers are not necessarily finished in the same order as they are numbered. So, when an appetizer is finished the Chef will write the number on a piece of paper and place it beside the appetizer on a counter between the kitchen and the restaurant. A server will retrieve this appetizer and place it in the proper location according to the number written beside it.

    The Chef has a penchant for binary numbers. The number of appetizers created is a power of 2, say n = 2k. Furthermore, he has written the number of the appetizer in binary with exactly k bits. That is, binary numbers with fewer than k bits are padded on the left with zeros so they are written with exactly k bits.

    Unfortunately, this has unforseen complications. A binary number still "looks" binary when it is written upside down. For example, the binary number "0101" looks like "1010" when read upside down and the binary number "110" looks like "011" (the Chef uses simple vertical lines to denote a 1 bit). The Chef didn't realize that the servers would read the numbers upside down so he doesn't rotate the paper when he places it on the counter. Thus, when the server picks up an appetizer they place it the location indexed by the binary number when it is read upside down.

    You are given the message the chef intended to display and you are to display the message that will be displayed after the servers move all appetizers to their locations based on the binary numbers they read.

    -----Input-----

    The first line consists of a single integer T ≤ 25 indicating the number of test cases to follow. Each test case consists of a single line beginning with an integer 1 ≤ k ≤ 16 followed by a string of precisely 2k characters. The integer and the string are separated by a single space. The string has no spaces and is composed only of lower case letters from `a` to `z`.


    -----Output-----

    For each test case you are to output the scrambled message on a single line.


    -----Example-----
    Input:
    2
    2 chef
    4 enjoyourapplepie

    Output:
    cehf
    eayejpuinpopolre
[/Problem]

[Solution]

    def rearrange_message(k, message):
        n = 2 ** k
        rearranged = [''] * n
        for i in range(n):
            # Convert i to a binary string with k bits
            binary_index = format(i, f'0{k}b')
            # Reverse the binary string to simulate upside down reading
            upside_down_index = binary_index[::-1]
            # Convert the reversed binary string back to a decimal number
            new_index = int(upside_down_index, 2)
            # Place the character in the new position
            rearranged[new_index] = message[i]
        return ''.join(rearranged)

    def main():
        import sys
        input = sys.stdin.read
        data = input().strip().split('\n')
    
        T = int(data[0])
        results = []
    
        for i in range(1, T + 1):
            k, message = data[i].split()
            k = int(k)
            result = rearrange_message(k, message)
            results.append(result)
    
        for result in results:
            print(result)

    if __name__ == "__main__":
        main()

[/Solution]

INFO - [Task id] 626 [generation text] 
INFO - {
    "scenarios": "This knowledge is useful in scenarios where data needs to be rearranged based on a transformation of indices, particularly when dealing with binary representations. For example, in computer science, this could be relevant in data storage or retrieval systems where data is indexed using binary numbers, and there is a need to account for potential misinterpretations of these indices, such as reading them upside down. This problem also highlights the importance of understanding how binary numbers can be manipulated and interpreted differently, which is crucial in fields like cryptography, data encoding, and error correction. Additionally, this problem-solving approach can be applied to any situation where a sequence needs to be reordered based on a systematic transformation of its indices.",
    "keywords": [
        "binary numbers",
        "rearrange message",
        "upside down reading",
        "index transformation",
        "data scrambling",
        "binary index",
        "string manipulation",
        "computer science",
        "data encoding",
        "error correction"
    ]
}
INFO - {
    "scenarios": "This knowledge is useful in scenarios where data needs to be rearranged based on a transformation of indices, particularly when dealing with binary representations. For example, in computer science, this could be relevant in data storage or retrieval systems where data is indexed using binary numbers, and there is a need to account for potential misinterpretations of these indices, such as reading them upside down. This problem also highlights the importance of understanding how binary numbers can be manipulated and interpreted differently, which is crucial in fields like cryptography, data encoding, and error correction. Additionally, this problem-solving approach can be applied to any situation where a sequence needs to be reordered based on a systematic transformation of its indices.",
    "keywords": [
        "binary numbers",
        "rearrange message",
        "upside down reading",
        "index transformation",
        "data scrambling",
        "binary index",
        "string manipulation",
        "computer science",
        "data encoding",
        "error correction"
    ]
}
INFO - Updated entry: 
[description for function: main]
The function reads input from standard input, where the first line contains an integer T representing the number of test cases. For each test case, it reads a line containing an integer k and a string message. It processes each test case by calling another functi...,

INFO - Metadata: {
    "task": 626,
    "code": "\ndef rearrange_message(k, message):\n    n = 2 ** k\n    rearranged = [''] * n\n    for i in range(n):\n        # Convert i to a binary string with k bits\n        binary_index = format(i, f'0{k}b')\n        # Reverse the binary string to simulate upside down read...

