INFO - DB skill doc count: 0

INFO - DB non_func doc count: 21

INFO - DB semantic doc count: 429

INFO - DB summaries doc count: 25

INFO - DB reflections doc count: 25

INFO - DB episodic doc count: 43

INFO - [train iter]: 25/100 

INFO - The task prompt is Chef is a private detective. He was asked to investigate a case of murder in the city of Frangton.
Chef arrived in Frangton to find out that the mafia was involved in the case. Chef spent some time watching for people that belong to the clan and was able to build a map of relationships between th...

INFO - Attempting task_id 1188
INFO - LM call n parse attempt 1 / 3

INFO - [Task id] 1188 [prompt] 
You are an expert programmer tasked with solving the problem below.

Follow the user's instructions to solve the problem.
The user can ask for analysis, code, or both.

## Instructions
When asked to output code,
- Make sure to wrap your code in '```python' and '```' Markdown delimiters, 
- include exactly one block of code with the entire solution
- No outside libraries are allowed. 
- Builtins are allowed.
- If the task specifies a function name to be used, follow it strictly (be case sensitive!) and declare the that function last (helper functions are declared first).
- DO NOT write any assert statements / tests.

## Problem
[BEGIN PROBLEM]
Chef is a private detective. He was asked to investigate a case of murder in the city of Frangton.
Chef arrived in Frangton to find out that the mafia was involved in the case. Chef spent some time watching for people that belong to the clan and was able to build a map of relationships between them. He knows that a mafia's organizational structure consists of a single Don, heading a hierarchical criminal organization. Each member reports exactly to one other member of the clan. It's obvious that there are no cycles in the reporting system of the mafia.
There are N people in the clan, for simplicity indexed from 1 to N, and Chef knows who each of them report to. Member i reports to member Ri.
Now, Chef needs to identfy all potential killers to continue his investigation. Having considerable knowledge about the mafia's activities, Chef knows that the killer must be a minor criminal, that is, one of the members who nobody reports to. Please find the list of potential killers for Chef. Since Don reports to nobody, his Ri will be equal to 0.

-----Input-----
The first line of input contains one integer N.
Next line has N space-separated integers, the ith integer denotes Ri — the person whom the ith member reports to.

-----Output-----
Output a list of space-separated integers in ascending order — the indices of potential killers.

-----Constraints-----
- 1 ≤ N ≤ 105
- 1 ≤ Ri ≤ N except for Don, whose Ri equals to 0.
- It is guaranteed that there are no cycles in the reporting structure.

-----Subtasks-----
- Subtask #1 [50 points]: N ≤ 10000
- Subtask #2 [50 points]: No additional constraints

-----Example-----
Input:
6
0 1 1 2 2 3

Output:
4 5 6

-----Explanation-----
The reporting structure:

The output code needs to read from and write to standard IO


[END PROBLEM]

INFO - [Task id] 1188 [prompt] 
## Instructions

Reason through the problem and:
1. Restate the problem in plain English
2. Conceptualize a solution first in plain English
3. Write a pseudocode solution
4. Output the final Python 3 solution with your solution steps in comments.

Make sure to wrap your code in '```python' and '```' Markdown delimiters, 
and include exactly one block of code with the entire solution.

No outside libraries are allowed.
Builtins are allowed.

INFO - [Task id] 1188 [generation text] ### Problem Restatement

We have a mafia organization with a hierarchical structure. Each member reports to exactly one other member, except for the Don, who reports to no one. We are given a list where each element indicates the person to whom a particular member reports. Our task is to identify all the "minor criminals," which are members that no one reports to. These members are potential killers. We need to output their indices in ascending order.

### Conceptual Solution

1. **Identify the Don**: The Don is the only member who reports to no one, indicated by a 0 in the list.
2. **Track Reported Members**: Create a set to keep track of all members who are reported to by others.
3. **Identify Minor Criminals**: A minor criminal is a member who is not in the set of reported members.
4. **Output**: Collect all such minor criminals and output their indices in ascending order.

### Pseudocode

1. Read the integer `N` (number of members).
2. Read the list `R` of size `N` where `R[i]` indicates the person to whom member `i+1` reports.
3. Initialize an empty set `reported_to`.
4. Iterate over each `Ri` in `R`:
   - If `Ri` is not 0, add `Ri` to the `reported_to` set.
5. Initialize an empty list `minor_criminals`.
6. Iterate over indices from 1 to `N`:
   - If the index is not in `reported_to`, add it to `minor_criminals`.
7. Sort `minor_criminals`.
8. Print the sorted list of `minor_criminals`.

### Python Code

```python
def find_potential_killers():
    import sys
    input = sys.stdin.read
    data = input().split()
    
    N = int(data[0])
    R = list(map(int, data[1:]))
    
    # Set to track members who are reported to
    reported_to = set()
    
    # Fill the set with members who are reported to
    for Ri in R:
        if Ri != 0:
            reported_to.add(Ri)
    
    # List to store potential killers (minor criminals)
    minor_criminals = []
    
    # Check each member if they are not reported to
    for i in range(1, N + 1):
        if i not in reported_to:
            minor_criminals.append(i)
    
    # Sort the list of minor criminals
    minor_criminals.sort()
    
    # Print the result
    print(" ".join(map(str, minor_criminals)))

```

This code reads input, processes the reporting structure to identify members who are not reported to by anyone, and outputs their indices in ascending order.
INFO - [35m Rollout attempt 1/4[0m
INFO - [33m Retrieving 2 entries for db: episodic 
 [0m
INFO - Retrieved (score=0.4566):

[Task]:
    The MarkiT online virtual market startup wants to organize its grand opening in NIT Patna.
    but they want maximum crowd for their inauguration. So the manager told  this  to Praveen a student in NITP who suggested them:
    The first-year students come to campus  every x hour,
   ...


INFO - Retrieved (score=0.4594):

[Task]:
    Indraneel has to sort the books in his library. His library has one long shelf. His books are numbered $1$ through $N$ and he wants to rearrange the books so that they appear in the sequence $1,2, ..., N$.
    He intends to do this by a sequence of moves. In each move he can pick up ...


INFO - [33m Retrieving 2 entries for db: semantic 
 [0m
INFO - Retrieved (score=0.5373):
Title: Solve RMQ (Range Minimum Query) by finding LCA (Lowest Common Ancestor)
Part: 1/1
# Solve RMQ (Range Minimum Query) by finding LCA (Lowest Common Ancestor)

Given an array `A[0..N-1]`.
For each query of the form `[L, R]` we want to find the minimum in the array `A` starting from position `...


INFO - Retrieved (score=0.5382):
Title: Continued fractions
Part: 12/12
```
    === "Python"
        ```py
        def solve(p, q, N):
            return p * N * (N + 1) // 2 - q * sum_floor(fraction(p, q), N)
        ``` 

!!! example "[Library Checker - Sum of Floor of Linear](https://judge.yosupo.jp/problem/sum_of_floor_of_li...


INFO - [33m Retrieving 2 entries for db: reflections 
 [0m
INFO - Retrieved (score=0.5124):
The problem of finding the lexicographically smallest string by moving one character is a classic example of exploring permutations with constraints. My initial approach was similar to the official solution, but the official solution is more concise and efficient in its implementation.

### Key I...


INFO - Retrieved (score=0.5316):
### Reflection

The problem involved updating scores for a range of students based on the complexity of questions and then calculating the mean of these scores. The task was to efficiently handle potentially large input sizes.

#### Key Insights from My Solution:
- **Initialization and Updates**:...


INFO - [33m Retrieving 2 entries for db: summaries 
 [0m
INFO - Retrieved (score=0.4876):
### Summary of Attempts to Solve the Problem

The problem involves determining if a sequence of integers can be made to sum to zero by performing operations that decrease each element by its index. The key insight is that the sum of the sequence must be a multiple of the sum of indices for it to ...


INFO - Retrieved (score=0.5006):
In this problem, I needed to find the N'th term in a specific series for multiple test cases. The series is defined as: 0, 1, 5, 14, 30, 55, ..., and the task was to identify the pattern and compute the N'th term efficiently.

### Key Concepts and Patterns:
- The differences between consecutive t...


INFO - [33m Retrieving 2 entries for db: non_func 
 [0m
INFO - Retrieved (score=0.5219):

[description for function: process_test_cases]
The function takes an integer T and a list of test cases, where each test case is a tuple containing an integer N and a string S. It processes each test case by finding the lexicographically smallest string that can be obtained by moving one charact...


INFO - Retrieved (score=0.5407):

[description for function: main]
The function reads input from standard input, which includes a number of test cases, and for each test case, it reads two integers, N and K. It then calls another function to find a permutation of numbers from 1 to N such that a specific sum condition is met, or ...


INFO - Retrieved (score=0.4566): 
[Past Memory]:

    [Task]:
        The MarkiT online virtual market startup wants to organize its grand opening in NIT Patna.
        but they want maximum crowd for their inauguration. So the manager told  this  to Praveen a student in NITP who suggested them:
        The first-year students c...
INFO - Retrieved (score=0.4594): 
[Past Memory]:

    [Task]:
        Indraneel has to sort the books in his library. His library has one long shelf. His books are numbered $1$ through $N$ and he wants to rearrange the books so that they appear in the sequence $1,2, ..., N$.
        He intends to do this by a sequence of moves. ...
INFO - LM call n parse attempt 1 / 3

INFO - [Task id] 1188 [prompt] 
You are an expert programmer tasked with solving the problem below.

Follow the user's instructions to solve the problem.
The user can ask for analysis, code, or both.

## Instructions
When asked to output code,
- Make sure to wrap your code in '```python' and '```' Markdown delimiters, 
- include exactly one block of code with the entire solution
- No outside libraries are allowed. 
- Builtins are allowed.
- If the task specifies a function name to be used, follow it strictly (be case sensitive!) and declare the that function last (helper functions are declared first).
- DO NOT write any assert statements / tests.

## Problem
[BEGIN PROBLEM]
Chef is a private detective. He was asked to investigate a case of murder in the city of Frangton.
Chef arrived in Frangton to find out that the mafia was involved in the case. Chef spent some time watching for people that belong to the clan and was able to build a map of relationships between them. He knows that a mafia's organizational structure consists of a single Don, heading a hierarchical criminal organization. Each member reports exactly to one other member of the clan. It's obvious that there are no cycles in the reporting system of the mafia.
There are N people in the clan, for simplicity indexed from 1 to N, and Chef knows who each of them report to. Member i reports to member Ri.
Now, Chef needs to identfy all potential killers to continue his investigation. Having considerable knowledge about the mafia's activities, Chef knows that the killer must be a minor criminal, that is, one of the members who nobody reports to. Please find the list of potential killers for Chef. Since Don reports to nobody, his Ri will be equal to 0.

-----Input-----
The first line of input contains one integer N.
Next line has N space-separated integers, the ith integer denotes Ri — the person whom the ith member reports to.

-----Output-----
Output a list of space-separated integers in ascending order — the indices of potential killers.

-----Constraints-----
- 1 ≤ N ≤ 105
- 1 ≤ Ri ≤ N except for Don, whose Ri equals to 0.
- It is guaranteed that there are no cycles in the reporting structure.

-----Subtasks-----
- Subtask #1 [50 points]: N ≤ 10000
- Subtask #2 [50 points]: No additional constraints

-----Example-----
Input:
6
0 1 1 2 2 3

Output:
4 5 6

-----Explanation-----
The reporting structure:

The output code needs to read from and write to standard IO


[END PROBLEM]

INFO - [Task id] 1188 [prompt] 
## Instructions

Reason through the problem and:
1. Restate the problem in plain English
2. Conceptualize a solution first in plain English
3. Write a pseudocode solution
4. Output the final Python 3 solution with your solution steps in comments.

Make sure to wrap your code in '```python' and '```' Markdown delimiters, 
and include exactly one block of code with the entire solution.

No outside libraries are allowed.
Builtins are allowed.

INFO - [Task id] 1188 [prompt] 
Also, here are some of your memories.
Feel free to use the given information to aid your problem solving process if necessary.
Do not confuse the memories with the problem statement.

## Memories

[Past Memory]:

    [Task]:
        The MarkiT online virtual market startup wants to organize its grand opening in NIT Patna.
        but they want maximum crowd for their inauguration. So the manager told  this  to Praveen a student in NITP who suggested them:
        The first-year students come to campus  every x hour,
        Second-year students come to campus every y hour,
        Third-year students come to campus every z hour and 
        Fourth-year is very busy so they don't come regularly.
        So Praveen being very clever told him the no of times in n days he can have an audience of all year student (1st,2nd & 3rd) at max. So can you code what Praveen has done?

        -----Input:-----
        - First line will contain $T$, number of testcases. Then the testcases follow. 
        - Each testcase contains of a 2 line of input, first line contain one  integers $N$ (No of Days). 
        -Next line contain 3 space separated integer the  value of x y z

        -----Output:-----
        For each testcase, output in a single line answer the no of times audience consists of all year.

        -----Constraints-----
        - $1 \leq T \leq 1000$
        - $1 \leq N \leq 10^8$
        - $1 \leq x,y,z \leq 10^5$

        -----Sample Input:-----
        1
        10
        8 10 6

        -----Sample Output:-----
        2

        -----EXPLANATION:-----
        First favourable condition will come on 5th day and Second on 10th day.
    [/Task]

    [Previous Critique]:
        ### Analysis of the Issue

        The feedback indicates that the code is not producing any output. This suggests that the function `solve()` is not being called, which is a common issue when the function is defined but not executed. In competitive programming or script-based environments, the main function or logic should be executed directly to ensure the program runs as expected.

        ### Steps to Fix the Code

        1. **Ensure Execution**: The `solve()` function should be called at the end of the script to ensure that the logic is executed when the script runs.

        2. **Check Input/Output**: Ensure that the input is read correctly and the output is printed as expected. The current implementation uses `sys.stdin.read()` which is appropriate for reading all input at once in a competitive programming environment.

        3. **Verify Logic**: The logic for calculating the LCM and determining the number of times all groups are on campus together seems correct, but we should ensure that the function is executed to see the results.

        ### Revised Python Code

        ```python
        def gcd(a, b):
            while b:
                a, b = b, a % b
            return a

        def lcm(a, b):
            return a * b // gcd(a, b)

        def lcm_of_three(a, b, c):
            return lcm(lcm(a, b), c)

        def solve():
            import sys
            input = sys.stdin.read
            data = input().split()
    
            index = 0
            T = int(data[index])
            index += 1
            results = []
    
            for _ in range(T):
                N = int(data[index])
                index += 1
                x, y, z = map(int, data[index:index+3])
                index += 3
        
                # Calculate LCM of x, y, z
                lcm_xyz = lcm_of_three(x, y, z)
        
                # Calculate total hours in N days
                total_hours = 24 * N
        
                # Calculate the number of times all groups are on campus together
                count = total_hours // lcm_xyz
        
                results.append(count)
    
            for result in results:
                print(result)

        # Call the solve function to execute the logic
        solve()
        ```

        ### Explanation of Changes

        - **Function Call**: Added a call to `solve()` at the end of the script to ensure that the function is executed when the script runs.
        - **Input/Output Handling**: The input and output handling remains the same, using `sys.stdin.read()` to read all input at once and `print()` to output results.

        This should resolve the issue of no output being detected, as the function will now be executed and produce the expected results.
    [/Previous Critique]

    [Thought Process and Code]:
        ```python
        def gcd(a, b):
            while b:
                a, b = b, a % b
            return a

        def lcm(a, b):
            return a * b // gcd(a, b)

        def lcm_of_three(a, b, c):
            return lcm(lcm(a, b), c)

        def solve():
            import sys
            input = sys.stdin.read
            data = input().split()
    
            index = 0
            T = int(data[index])
            index += 1
            results = []
    
            for _ in range(T):
                N = int(data[index])
                index += 1
                x, y, z = map(int, data[index:index+3])
                index += 3
        
                # Calculate LCM of x, y, z
                lcm_xyz = lcm_of_three(x, y, z)
        
                # Calculate total hours in N days
                total_hours = 24 * N
        
                # Calculate the number of times all groups are on campus together
                count = total_hours // lcm_xyz
        
                results.append(count)
    
            for result in results:
                print(result)

        # Call the solve function to execute the logic
        solve()
        ```
    [/Thought Process and Code]

    [Environment Feedback]:
        Note: Inputs/outputs here are automatically extracted/truncated so formatting may be a bit off.
        Tests passed:

         Input: ['1', '10', '8 10 6'] Output: 2

        Tests failed:
        None
    [/Environment Feedback]

    [Result]:
        Success
    [/Result]

[/Past Memory]


[Past Memory]:

    [Task]:
        Indraneel has to sort the books in his library. His library has one long shelf. His books are numbered $1$ through $N$ and he wants to rearrange the books so that they appear in the sequence $1,2, ..., N$.
        He intends to do this by a sequence of moves. In each move he can pick up any book from the shelf and insert it at a different place in the shelf. Suppose Indraneel has $5$ books and they are initially arranged in the order
        21453214532 \quad 1 \quad 4 \quad 5 \quad 3
        Indraneel will rearrange this in ascending order by first moving book $1$ to the beginning of the shelf to get
        12453124531 \quad 2 \quad 4 \quad 5 \quad 3
        Then, moving book $3$ to position $3$, he gets
        12345123451 \quad 2 \quad 3 \quad 4 \quad 5
        Your task is to write a program to help Indraneel determine the minimum number of moves that are necessary to sort his book shelf.

        -----Input:-----
        The first line of the input will contain a single integer $N$ indicating the number of books in Indraneel's library. This is followed by a line containing a permutation of $1, 2, ..., N$ indicating the intial state of Indraneel's book-shelf.

        -----Output:-----
        A single integer indicating the minimum number of moves necessary to sort Indraneel's book-shelf.

        -----Constraints:-----
        - $1 \leq N \leq 200000$.
        - You may also assume that in $50 \%$ of the inputs, $1 \leq N \leq 5000$.

        -----Sample Input-----
        5
        2 1 4 5 3 

        -----Sample Output-----
        2
    [/Task]

    [Previous Critique]:
        None
    [/Previous Critique]

    [Thought Process and Code]:
        1. **Restate the problem in plain English:**

           Indraneel has a shelf with books numbered from 1 to N, but they are not in order. He wants to sort them in ascending order using the minimum number of moves. In each move, he can pick any book and place it at a different position on the shelf. The task is to determine the minimum number of moves required to sort the books.

        2. **Conceptualize a solution in plain English:**

           To solve this problem, we can leverage the concept of the Longest Increasing Subsequence (LIS). The idea is that the books that are already in the correct order form an increasing subsequence. The minimum number of moves required to sort the books is the total number of books minus the length of this longest increasing subsequence. This is because the books that are not part of the LIS need to be moved to achieve the sorted order.

        3. **Write a pseudocode solution:**

           ```
           Function findLISLength(arr):
               Initialize an empty list 'lis'
               For each book in arr:
                   If lis is empty or book is greater than the last element in lis:
                       Append book to lis
                   Else:
                       Find the position in lis where book should be placed to maintain sorted order
                       Replace the element at that position with book
               Return the length of lis

           Function minMovesToSortBooks(N, books):
               lis_length = findLISLength(books)
               Return N - lis_length
           ```

        4. **Output the final Python 3 solution with your solution steps in comments:**

        ```python
        def findLISLength(arr):
            # This function finds the length of the Longest Increasing Subsequence (LIS)
            # using a binary search approach for efficiency.
            lis = []
            for book in arr:
                # If lis is empty or the current book is greater than the last element in lis
                if not lis or book > lis[-1]:
                    lis.append(book)
                else:
                    # Find the position where the current book should be placed
                    # to maintain the sorted order of lis
                    left, right = 0, len(lis) - 1
                    while left < right:
                        mid = (left + right) // 2
                        if lis[mid] < book:
                            left = mid + 1
                        else:
                            right = mid
                    # Replace the element at the found position with the current book
                    lis[left] = book
            # Return the length of the LIS
            return len(lis)

        def minMovesToSortBooks(N, books):
            # Calculate the length of the longest increasing subsequence
            lis_length = findLISLength(books)
            # The minimum number of moves is the total number of books minus the length of the LIS
            return N - lis_length

        # Read input
        import sys
        input = sys.stdin.read
        data = input().split()
        N = int(data[0])
        books = list(map(int, data[1:]))

        # Output the result
        print(minMovesToSortBooks(N, books))
        ```

        This solution efficiently calculates the minimum number of moves required to sort the books by finding the length of the longest increasing subsequence and subtracting it from the total number of books.
    [/Thought Process and Code]

    [Environment Feedback]:
        Note: Inputs/outputs here are automatically extracted/truncated so formatting may be a bit off.
        Tests passed:

         Input: ['5', '2 1 4 5 3'] Output: 2

        Tests failed:
        None
    [/Environment Feedback]

    [Result]:
        Success
    [/Result]

[/Past Memory]


INFO - [Task id] 1188 [generation text] ### Problem Restatement

We need to identify potential killers in a mafia organization. The mafia has a hierarchical structure with one Don at the top, and each member reports to exactly one other member. The Don reports to no one. A potential killer is defined as a minor criminal, which means they are members who nobody reports to. Given the reporting structure, we need to find all such members.

### Conceptual Solution

1. **Input Understanding**: We have `N` members, and each member `i` reports to `Ri`. The Don is the only member with `Ri = 0`.

2. **Output Requirement**: We need to output the indices of members who are potential killers, i.e., those who are not reported to by any other member.

3. **Approach**:
   - Create a set to keep track of all members who are reported to.
   - Iterate over the list of reports `R` and add each `Ri` (except 0) to this set.
   - The potential killers are those members whose indices are not in this set.
   - Output these indices in ascending order.

### Pseudocode

```
function findPotentialKillers(N, R):
    reported_to = set()
    for i from 1 to N:
        if R[i] != 0:
            add R[i] to reported_to
    
    potential_killers = []
    for i from 1 to N:
        if i not in reported_to:
            add i to potential_killers
    
    sort potential_killers
    return potential_killers
```

### Python Code

```python
def findPotentialKillers(N, R):
    # Set to track members who are reported to
    reported_to = set()
    
    # Populate the set with members who are reported to
    for i in range(N):
        if R[i] != 0:
            reported_to.add(R[i])
    
    # List to store potential killers
    potential_killers = []
    
    # Identify members who are not reported to by anyone
    for i in range(1, N + 1):
        if i not in reported_to:
            potential_killers.append(i)
    
    # Sort the potential killers in ascending order
    potential_killers.sort()
    
    # Return the list of potential killers
    return potential_killers

# Read input
import sys
input = sys.stdin.read
data = input().split()

# First line is the number of members
N = int(data[0])

# Second line is the reporting structure
R = list(map(int, data[1:]))

# Find and print the potential killers
result = findPotentialKillers(N, R)
print(" ".join(map(str, result)))
```

### Explanation

- We use a set `reported_to` to track all members who are reported to by others.
- We iterate over the reporting list `R` and add each `Ri` to the set, except when `Ri` is 0 (indicating the Don).
- We then check each member from 1 to N to see if they are not in the `reported_to` set, indicating they are potential killers.
- Finally, we sort and print the list of potential killers.
INFO - program_code:
 
def findPotentialKillers(N, R):
    # Set to track members who are reported to
    reported_to = set()
    
    # Populate the set with members who are reported to
    for i in range(N):
        if R[i] != 0:
            reported_to.add(R[i])
    
    # List to store potential killers
    potential_killers = []
    
    # Identify members who are not reported to by anyone
    for i in range(1, N + 1):
        if i not in reported_to:
            potential_killers.append(i)
    
    # Sort the potential killers in ascending order
    potential_killers.sort()
    
    # Return the list of potential killers
    return potential_killers

# Read input
import sys
input = sys.stdin.read
data = input().split()

# First line is the number of members
N = int(data[0])

# Second line is the reporting structure
R = list(map(int, data[1:]))

# Find and print the potential killers
result = findPotentialKillers(N, R)
print(" ".join(map(str, result)))


INFO - program_name:
 findPotentialKillers

INFO - dependencies:
 []

INFO - raw_msg:
 ### Problem Restatement

We need to identify potential killers in a mafia organization. The mafia has a hierarchical structure with one Don at the top, and each member reports to exactly one other member. The Don reports to no one. A potential killer is defined as a minor criminal, which means they are members who nobody reports to. Given the reporting structure, we need to find all such members.

### Conceptual Solution

1. **Input Understanding**: We have `N` members, and each member `i` reports to `Ri`. The Don is the only member with `Ri = 0`.

2. **Output Requirement**: We need to output the indices of members who are potential killers, i.e., those who are not reported to by any other member.

3. **Approach**:
   - Create a set to keep track of all members who are reported to.
   - Iterate over the list of reports `R` and add each `Ri` (except 0) to this set.
   - The potential killers are those members whose indices are not in this set.
   - Output these indices in ascending order.

### Pseudocode

```
function findPotentialKillers(N, R):
    reported_to = set()
    for i from 1 to N:
        if R[i] != 0:
            add R[i] to reported_to
    
    potential_killers = []
    for i from 1 to N:
        if i not in reported_to:
            add i to potential_killers
    
    sort potential_killers
    return potential_killers
```

### Python Code

```python
def findPotentialKillers(N, R):
    # Set to track members who are reported to
    reported_to = set()
    
    # Populate the set with members who are reported to
    for i in range(N):
        if R[i] != 0:
            reported_to.add(R[i])
    
    # List to store potential killers
    potential_killers = []
    
    # Identify members who are not reported to by anyone
    for i in range(1, N + 1):
        if i not in reported_to:
            potential_killers.append(i)
    
    # Sort the potential killers in ascending order
    potential_killers.sort()
    
    # Return the list of potential killers
    return potential_killers

# Read input
import sys
input = sys.stdin.read
data = input().split()

# First line is the number of members
N = int(data[0])

# Second line is the reporting structure
R = list(map(int, data[1:]))

# Find and print the potential killers
result = findPotentialKillers(N, R)
print(" ".join(map(str, result)))
```

### Explanation

- We use a set `reported_to` to track all members who are reported to by others.
- We iterate over the reporting list `R` and add each `Ri` to the set, except when `Ri` is 0 (indicating the Don).
- We then check each member from 1 to N to see if they are not in the `reported_to` set, indicating they are potential killers.
- Finally, we sort and print the list of potential killers.

INFO - no_parent:
 False

INFO - full code to be executed: 
 
def findPotentialKillers(N, R):
    # Set to track members who are reported to
    reported_to = set()
    
    # Populate the set with members who are reported to
    for i in range(N):
        if R[i] != 0:
            reported_to.add(R[i])
    
    # List to store potential killers
    potential_killers = []
    
    # Identify members who are not reported to by anyone
    for i in range(1, N + 1):
        if i not in reported_to:
            potential_killers.append(i)
    
    # Sort the potential killers in ascending order
    potential_killers.sort()
    
    # Return the list of potential killers
    return potential_killers

# Read input
import sys
input = sys.stdin.read
data = input().split()

# First line is the number of members
N = int(data[0])

# Second line is the reporting structure
R = list(map(int, data[1:]))

# Find and print the potential killers
result = findPotentialKillers(N, R)
print(" ".join(map(str, result)))


INFO - obs: Note: Inputs/outputs here are automatically extracted/truncated so formatting may be a bit off.
Tests passed:

 Input: ['6', '0 1 1 2 2 3'] Output: 4 5 6

Tests failed:
None
reward: True
done: None
info: {'individual_results': [True]}
INFO - Updated entry: 
[Task]:
    Chef is a private detective. He was asked to investigate a case of murder in the city of Frangton.
    Chef arrived in Frangton to find out that the mafia was involved in the case. Chef spent some time watching for people that belong to the clan and was able to build a map of relatio...,

INFO - Metadata: {
    "raw_msg": "### Problem Restatement\n\nWe need to identify potential killers in a mafia organization. The mafia has a hierarchical structure with one Don at the top, and each member reports to exactly one other member. The Don reports to no one. A potential killer is defined as a minor crim...

INFO - LM call n parse attempt 1 / 3

INFO - [Task id] 1188 [prompt] 
You are an expert programmer tasked with solving the problem below.

Follow the user's instructions to solve the problem.
The user can ask for analysis, code, or both.

## Instructions
When asked to output code,
- Make sure to wrap your code in '```python' and '```' Markdown delimiters, 
- include exactly one block of code with the entire solution
- No outside libraries are allowed. 
- Builtins are allowed.
- If the task specifies a function name to be used, follow it strictly (be case sensitive!) and declare the that function last (helper functions are declared first).
- DO NOT write any assert statements / tests.

## Problem
[BEGIN PROBLEM]
Chef is a private detective. He was asked to investigate a case of murder in the city of Frangton.
Chef arrived in Frangton to find out that the mafia was involved in the case. Chef spent some time watching for people that belong to the clan and was able to build a map of relationships between them. He knows that a mafia's organizational structure consists of a single Don, heading a hierarchical criminal organization. Each member reports exactly to one other member of the clan. It's obvious that there are no cycles in the reporting system of the mafia.
There are N people in the clan, for simplicity indexed from 1 to N, and Chef knows who each of them report to. Member i reports to member Ri.
Now, Chef needs to identfy all potential killers to continue his investigation. Having considerable knowledge about the mafia's activities, Chef knows that the killer must be a minor criminal, that is, one of the members who nobody reports to. Please find the list of potential killers for Chef. Since Don reports to nobody, his Ri will be equal to 0.

-----Input-----
The first line of input contains one integer N.
Next line has N space-separated integers, the ith integer denotes Ri — the person whom the ith member reports to.

-----Output-----
Output a list of space-separated integers in ascending order — the indices of potential killers.

-----Constraints-----
- 1 ≤ N ≤ 105
- 1 ≤ Ri ≤ N except for Don, whose Ri equals to 0.
- It is guaranteed that there are no cycles in the reporting structure.

-----Subtasks-----
- Subtask #1 [50 points]: N ≤ 10000
- Subtask #2 [50 points]: No additional constraints

-----Example-----
Input:
6
0 1 1 2 2 3

Output:
4 5 6

-----Explanation-----
The reporting structure:

The output code needs to read from and write to standard IO


[END PROBLEM]

INFO - [Task id] 1188 [prompt] 
## Instructions

Reason through the problem and:
1. Restate the problem in plain English
2. Conceptualize a solution first in plain English
3. Write a pseudocode solution
4. Output the final Python 3 solution with your solution steps in comments.

Make sure to wrap your code in '```python' and '```' Markdown delimiters, 
and include exactly one block of code with the entire solution.

No outside libraries are allowed.
Builtins are allowed.

INFO - [Task id] 1188 [prompt] ### Problem Restatement

We need to identify potential killers in a mafia organization. The mafia has a hierarchical structure with one Don at the top, and each member reports to exactly one other member. The Don reports to no one. A potential killer is defined as a minor criminal, which means they are members who nobody reports to. Given the reporting structure, we need to find all such members.

### Conceptual Solution

1. **Input Understanding**: We have `N` members, and each member `i` reports to `Ri`. The Don is the only member with `Ri = 0`.

2. **Output Requirement**: We need to output the indices of members who are potential killers, i.e., those who are not reported to by any other member.

3. **Approach**:
   - Create a set to keep track of all members who are reported to.
   - Iterate over the list of reports `R` and add each `Ri` (except 0) to this set.
   - The potential killers are those members whose indices are not in this set.
   - Output these indices in ascending order.

### Pseudocode

```
function findPotentialKillers(N, R):
    reported_to = set()
    for i from 1 to N:
        if R[i] != 0:
            add R[i] to reported_to
    
    potential_killers = []
    for i from 1 to N:
        if i not in reported_to:
            add i to potential_killers
    
    sort potential_killers
    return potential_killers
```

### Python Code

```python
def findPotentialKillers(N, R):
    # Set to track members who are reported to
    reported_to = set()
    
    # Populate the set with members who are reported to
    for i in range(N):
        if R[i] != 0:
            reported_to.add(R[i])
    
    # List to store potential killers
    potential_killers = []
    
    # Identify members who are not reported to by anyone
    for i in range(1, N + 1):
        if i not in reported_to:
            potential_killers.append(i)
    
    # Sort the potential killers in ascending order
    potential_killers.sort()
    
    # Return the list of potential killers
    return potential_killers

# Read input
import sys
input = sys.stdin.read
data = input().split()

# First line is the number of members
N = int(data[0])

# Second line is the reporting structure
R = list(map(int, data[1:]))

# Find and print the potential killers
result = findPotentialKillers(N, R)
print(" ".join(map(str, result)))
```

### Explanation

- We use a set `reported_to` to track all members who are reported to by others.
- We iterate over the reporting list `R` and add each `Ri` to the set, except when `Ri` is 0 (indicating the Don).
- We then check each member from 1 to N to see if they are not in the `reported_to` set, indicating they are potential killers.
- Finally, we sort and print the list of potential killers.
INFO - [Task id] 1188 [prompt] 
[Environment Feedback]:
    Note: Inputs/outputs here are automatically extracted/truncated so formatting may be a bit off.
    Tests passed:

     Input: ['6', '0 1 1 2 2 3'] Output: 4 5 6

    Tests failed:
    None
[/Environment Feedback]

INFO - [Task id] 1188 [prompt] 
## Instructions
Now, summarize your attempts as a **standalone** document for your own future reference. (can skip formalities, be concise)

- Only include the most relevant information and code snippets that could be useful in the future.
- If you did not learn much from the current experience (e.g. the problem was too easy), feel free to write less or nothing at all.
- Here are some ideas if the experience was useful:
    - Identifying the core concepts and patterns that problem appears to test for
    - Describing the strategies that seemed to work but did not, and vice versa
    - Describing unexpected errors and how they were fixed

Your summary should be at most a few paragraphs.

INFO - [Task id] 1188 [generation text] In this problem, the task was to identify potential killers in a mafia organization based on a hierarchical reporting structure. The key concept was to find members who are not reported to by anyone else, as these are considered minor criminals or potential killers.

The solution involved using a set to track all members who are reported to. By iterating over the reporting list and adding each reported member to the set, we could easily identify those who are not in the set. These members are the potential killers. The final step was to sort and output these members in ascending order.

This problem reinforced the use of sets for efficient membership checking, which is crucial when dealing with large datasets. The approach was straightforward and efficient, leveraging the properties of sets to solve the problem in linear time relative to the number of members, which is optimal given the constraints. The solution passed all tests, confirming its correctness and efficiency.
INFO - LM call n parse attempt 1 / 3

INFO - [Task id] 1188 [prompt] 
You are an expert programmer tasked with solving the problem below.

Follow the user's instructions to solve the problem.
The user can ask for analysis, code, or both.

## Instructions
When asked to output code,
- Make sure to wrap your code in '```python' and '```' Markdown delimiters, 
- include exactly one block of code with the entire solution
- No outside libraries are allowed. 
- Builtins are allowed.
- If the task specifies a function name to be used, follow it strictly (be case sensitive!) and declare the that function last (helper functions are declared first).
- DO NOT write any assert statements / tests.

## Problem
[BEGIN PROBLEM]
Chef is a private detective. He was asked to investigate a case of murder in the city of Frangton.
Chef arrived in Frangton to find out that the mafia was involved in the case. Chef spent some time watching for people that belong to the clan and was able to build a map of relationships between them. He knows that a mafia's organizational structure consists of a single Don, heading a hierarchical criminal organization. Each member reports exactly to one other member of the clan. It's obvious that there are no cycles in the reporting system of the mafia.
There are N people in the clan, for simplicity indexed from 1 to N, and Chef knows who each of them report to. Member i reports to member Ri.
Now, Chef needs to identfy all potential killers to continue his investigation. Having considerable knowledge about the mafia's activities, Chef knows that the killer must be a minor criminal, that is, one of the members who nobody reports to. Please find the list of potential killers for Chef. Since Don reports to nobody, his Ri will be equal to 0.

-----Input-----
The first line of input contains one integer N.
Next line has N space-separated integers, the ith integer denotes Ri — the person whom the ith member reports to.

-----Output-----
Output a list of space-separated integers in ascending order — the indices of potential killers.

-----Constraints-----
- 1 ≤ N ≤ 105
- 1 ≤ Ri ≤ N except for Don, whose Ri equals to 0.
- It is guaranteed that there are no cycles in the reporting structure.

-----Subtasks-----
- Subtask #1 [50 points]: N ≤ 10000
- Subtask #2 [50 points]: No additional constraints

-----Example-----
Input:
6
0 1 1 2 2 3

Output:
4 5 6

-----Explanation-----
The reporting structure:

The output code needs to read from and write to standard IO


[END PROBLEM]

INFO - [Task id] 1188 [prompt] 
## Instructions

Reason through the problem and:
1. Restate the problem in plain English
2. Conceptualize a solution first in plain English
3. Write a pseudocode solution
4. Output the final Python 3 solution with your solution steps in comments.

Make sure to wrap your code in '```python' and '```' Markdown delimiters, 
and include exactly one block of code with the entire solution.

No outside libraries are allowed.
Builtins are allowed.

INFO - [Task id] 1188 [prompt] ### Problem Restatement

We need to identify potential killers in a mafia organization. The mafia has a hierarchical structure with one Don at the top, and each member reports to exactly one other member. The Don reports to no one. A potential killer is defined as a minor criminal, which means they are members who nobody reports to. Given the reporting structure, we need to find all such members.

### Conceptual Solution

1. **Input Understanding**: We have `N` members, and each member `i` reports to `Ri`. The Don is the only member with `Ri = 0`.

2. **Output Requirement**: We need to output the indices of members who are potential killers, i.e., those who are not reported to by any other member.

3. **Approach**:
   - Create a set to keep track of all members who are reported to.
   - Iterate over the list of reports `R` and add each `Ri` (except 0) to this set.
   - The potential killers are those members whose indices are not in this set.
   - Output these indices in ascending order.

### Pseudocode

```
function findPotentialKillers(N, R):
    reported_to = set()
    for i from 1 to N:
        if R[i] != 0:
            add R[i] to reported_to
    
    potential_killers = []
    for i from 1 to N:
        if i not in reported_to:
            add i to potential_killers
    
    sort potential_killers
    return potential_killers
```

### Python Code

```python
def findPotentialKillers(N, R):
    # Set to track members who are reported to
    reported_to = set()
    
    # Populate the set with members who are reported to
    for i in range(N):
        if R[i] != 0:
            reported_to.add(R[i])
    
    # List to store potential killers
    potential_killers = []
    
    # Identify members who are not reported to by anyone
    for i in range(1, N + 1):
        if i not in reported_to:
            potential_killers.append(i)
    
    # Sort the potential killers in ascending order
    potential_killers.sort()
    
    # Return the list of potential killers
    return potential_killers

# Read input
import sys
input = sys.stdin.read
data = input().split()

# First line is the number of members
N = int(data[0])

# Second line is the reporting structure
R = list(map(int, data[1:]))

# Find and print the potential killers
result = findPotentialKillers(N, R)
print(" ".join(map(str, result)))
```

### Explanation

- We use a set `reported_to` to track all members who are reported to by others.
- We iterate over the reporting list `R` and add each `Ri` to the set, except when `Ri` is 0 (indicating the Don).
- We then check each member from 1 to N to see if they are not in the `reported_to` set, indicating they are potential killers.
- Finally, we sort and print the list of potential killers.
INFO - [Task id] 1188 [prompt] 
[Environment Feedback]:
    Note: Inputs/outputs here are automatically extracted/truncated so formatting may be a bit off.
    Tests passed:

     Input: ['6', '0 1 1 2 2 3'] Output: 4 5 6

    Tests failed:
    None
[/Environment Feedback]

INFO - [Task id] 1188 [prompt] 
Below is the official solution (do exercise discretion as official solutions can also have mistakes).

You will be reflecting on your attempts to solve the problem.
This will be a **standalone** document for your own future reference. (can skip formalities, be concise)

## Instructions
- Only include the most relevant insights and code snippets that could be useful in the future.
- If you did not learn much from the current experience (e.g. the problem was too easy / official solution was obvious), feel free to write less or nothing at all.
- Here are some ideas if the experience was useful:
    - If the official solution is insightful (e.g. better than yours in time and space complexity or more effective in breaking down the problem statement), distil the key approach of the official solution, step by step.
    - If your approach failed the test cases, reason why the official solution works but yours does not

Your reflection should be at most a few paragraphs.

## Official solution
n = eval(input())
r = list(map(int, input().split()))

tree = dict()
i = 1
for j in r:
 c = tree.get(j)
 if c:
  tree[j].append(i)
 else:
  tree[j] = [i]
 if not tree.get(i):
  tree[i] = []
 i += 1
s = []
for elem in tree:
 if not tree[elem]:
  s.append(str(elem))
print(' '.join(s))

INFO - [Task id] 1188 [generation text] The problem was straightforward, and my solution was effective in identifying potential killers in the mafia hierarchy. However, the official solution offers a different approach that is worth noting for its use of a dictionary to build a tree structure.

### Key Insights from the Official Solution:

1. **Tree Representation**: The official solution uses a dictionary to represent the reporting structure as a tree. Each key in the dictionary is a member, and the value is a list of members who report to that key. This is a clever way to directly map the hierarchy.

2. **Building the Tree**: As the list of reports is processed, the solution checks if a member already has a list of subordinates. If not, it initializes an empty list. This ensures that every member is accounted for in the tree, even if they have no subordinates.

3. **Identifying Potential Killers**: The solution iterates over the dictionary and collects members who have an empty list of subordinates, indicating that no one reports to them. This is an efficient way to identify potential killers.

### Reflection:

- **Efficiency**: Both my solution and the official solution have similar time complexity, but the official solution's use of a dictionary to build a tree structure is a more intuitive representation of the hierarchy. It directly maps the reporting relationships and makes it easy to identify members with no subordinates.

- **Alternative Data Structures**: This problem highlights the importance of choosing the right data structure. While a set was sufficient in my approach, the dictionary-based tree structure provides a more comprehensive view of the hierarchy, which could be beneficial for more complex operations or extensions of the problem.

In future problems involving hierarchical data, considering a tree representation using dictionaries could be advantageous for clarity and potential extensions.
INFO - Updated entry: In this problem, the task was to identify potential killers in a mafia organization based on a hierarchical reporting structure. The key concept was to find members who are not reported to by anyone else, as these are considered minor criminals or potential killers.

The solution involved using a...,

INFO - Metadata: {
    "task_id": 1188
}

INFO - Updated entry: The problem was straightforward, and my solution was effective in identifying potential killers in the mafia hierarchy. However, the official solution offers a different approach that is worth noting for its use of a dictionary to build a tree structure.

### Key Insights from the Official Soluti...,

INFO - Metadata: {
    "task_id": 1188
}

INFO - LM call n parse attempt 1 / 3

INFO - [Task id] 1188 [prompt] 
You are a helpful assistant that writes a description of the given function written in the Python programming language.

1) Do not mention the function name.
2) Do not mention anything about helper functions.
3) There might be some helper functions before the main function, but you only need to describe the main function.
4) Try to summarize the function in no more than 6 sentences.
5) Your response should be a single line of text.

INFO - [Task id] 1188 [prompt] 
def findPotentialKillers(N, R):
    # Set to track members who are reported to
    reported_to = set()
    
    # Populate the set with members who are reported to
    for i in range(N):
        if R[i] != 0:
            reported_to.add(R[i])
    
    # List to store potential killers
    potential_killers = []
    
    # Identify members who are not reported to by anyone
    for i in range(1, N + 1):
        if i not in reported_to:
            potential_killers.append(i)
    
    # Sort the potential killers in ascending order
    potential_killers.sort()
    
    # Return the list of potential killers
    return potential_killers

# Read input
import sys
input = sys.stdin.read
data = input().split()

# First line is the number of members
N = int(data[0])

# Second line is the reporting structure
R = list(map(int, data[1:]))

# Find and print the potential killers
result = findPotentialKillers(N, R)
print(" ".join(map(str, result)))


The main function is `findPotentialKillers`.
INFO - [Task id] 1188 [generation text] The function takes two arguments: the number of members, N, and a list, R, representing the reporting structure where each element indicates to whom the corresponding member reports. It creates a set to track members who are reported to by others. It then iterates through the list R to populate this set with members who are reported to. Next, it identifies members who are not in this set, meaning they are not reported to by anyone, and adds them to a list of potential killers. This list is sorted in ascending order before being returned.
INFO - LM call n parse attempt 1 / 3

INFO - [Task id] 1188 [prompt] 
You are a helpful assistant that extracts important information from problems and solutions to aid in searchability and education.

## Instructions
- Read through the problem and solution carefully.
- Reason out, step by step, in what scenarios this knowledge would be useful.
- Focus on general patterns and situations to help connect this knowledge to new situations.
- Then, include a list of keywords that are useful for searching this problem/solution pair.

## Response format
Respond in JSON, and follow the keys and expected format of the values strictly.

The output should be formatted as a JSON instance that conforms to the JSON schema below.

As an example, for the schema {"properties": {"foo": {"title": "Foo", "description": "a list of strings", "type": "array", "items": {"type": "string"}}}, "required": ["foo"]}
the object {"foo": ["bar", "baz"]} is a well-formatted instance of the schema. The object {"properties": {"foo": ["bar", "baz"]}} is not well-formatted.

Here is the output schema:
```
{"properties": {"scenarios": {"description": "In what scenarios will this knowledge be useful? Answer in a paragraph.", "title": "Scenarios", "type": "string"}, "keywords": {"description": "List of keywords that are useful for searching this problem/solution pair", "items": {"type": "string"}, "title": "Keywords", "type": "array"}}, "required": ["scenarios", "keywords"]}
```

INFO - [Task id] 1188 [prompt] 
[Problem]
    Chef is a private detective. He was asked to investigate a case of murder in the city of Frangton.
    Chef arrived in Frangton to find out that the mafia was involved in the case. Chef spent some time watching for people that belong to the clan and was able to build a map of relationships between them. He knows that a mafia's organizational structure consists of a single Don, heading a hierarchical criminal organization. Each member reports exactly to one other member of the clan. It's obvious that there are no cycles in the reporting system of the mafia.
    There are N people in the clan, for simplicity indexed from 1 to N, and Chef knows who each of them report to. Member i reports to member Ri.
    Now, Chef needs to identfy all potential killers to continue his investigation. Having considerable knowledge about the mafia's activities, Chef knows that the killer must be a minor criminal, that is, one of the members who nobody reports to. Please find the list of potential killers for Chef. Since Don reports to nobody, his Ri will be equal to 0.

    -----Input-----
    The first line of input contains one integer N.
    Next line has N space-separated integers, the ith integer denotes Ri — the person whom the ith member reports to.

    -----Output-----
    Output a list of space-separated integers in ascending order — the indices of potential killers.

    -----Constraints-----
    - 1 ≤ N ≤ 105
    - 1 ≤ Ri ≤ N except for Don, whose Ri equals to 0.
    - It is guaranteed that there are no cycles in the reporting structure.

    -----Subtasks-----
    - Subtask #1 [50 points]: N ≤ 10000
    - Subtask #2 [50 points]: No additional constraints

    -----Example-----
    Input:
    6
    0 1 1 2 2 3

    Output:
    4 5 6

    -----Explanation-----
    The reporting structure:
[/Problem]

[Solution]

    def findPotentialKillers(N, R):
        # Set to track members who are reported to
        reported_to = set()
    
        # Populate the set with members who are reported to
        for i in range(N):
            if R[i] != 0:
                reported_to.add(R[i])
    
        # List to store potential killers
        potential_killers = []
    
        # Identify members who are not reported to by anyone
        for i in range(1, N + 1):
            if i not in reported_to:
                potential_killers.append(i)
    
        # Sort the potential killers in ascending order
        potential_killers.sort()
    
        # Return the list of potential killers
        return potential_killers

    # Read input
    import sys
    input = sys.stdin.read
    data = input().split()

    # First line is the number of members
    N = int(data[0])

    # Second line is the reporting structure
    R = list(map(int, data[1:]))

    # Find and print the potential killers
    result = findPotentialKillers(N, R)
    print(" ".join(map(str, result)))

[/Solution]

INFO - [Task id] 1188 [generation text] 
INFO - {
    "scenarios": "This knowledge is useful in scenarios where one needs to identify elements in a hierarchical structure that do not have any dependencies or connections pointing to them. This is common in organizational structures, dependency graphs, and network analysis. For instance, in a corporate setting, identifying employees who do not have any subordinates can help in understanding the organizational hierarchy. In software dependency graphs, it can help identify libraries or modules that are not depended upon by others, which might be candidates for removal or further investigation. The problem also highlights the importance of understanding tree structures and how to traverse them to find leaf nodes, which is a common task in computer science and data analysis.",
    "keywords": [
        "mafia hierarchy",
        "detective problem",
        "hierarchical structure",
        "tree structure",
        "leaf nodes",
        "reporting system",
        "potential killers",
        "graph theory",
        "organizational structure",
        "dependency graph"
    ]
}
INFO - {
    "scenarios": "This knowledge is useful in scenarios where one needs to identify elements in a hierarchical structure that do not have any dependencies or connections pointing to them. This is common in organizational structures, dependency graphs, and network analysis. For instance, in a corporate setting, identifying employees who do not have any subordinates can help in understanding the organizational hierarchy. In software dependency graphs, it can help identify libraries or modules that are not depended upon by others, which might be candidates for removal or further investigation. The problem also highlights the importance of understanding tree structures and how to traverse them to find leaf nodes, which is a common task in computer science and data analysis.",
    "keywords": [
        "mafia hierarchy",
        "detective problem",
        "hierarchical structure",
        "tree structure",
        "leaf nodes",
        "reporting system",
        "potential killers",
        "graph theory",
        "organizational structure",
        "dependency graph"
    ]
}
INFO - Updated entry: 
[description for function: findPotentialKillers]
The function takes two arguments: the number of members, N, and a list, R, representing the reporting structure where each element indicates to whom the corresponding member reports. It creates a set to track members who are reported to by others....,

INFO - Metadata: {
    "task": 1188,
    "code": "\ndef findPotentialKillers(N, R):\n    # Set to track members who are reported to\n    reported_to = set()\n    \n    # Populate the set with members who are reported to\n    for i in range(N):\n        if R[i] != 0:\n            reported_to.add(R[i])\n    \n    #...

