INFO - DB skill doc count: 0

INFO - DB non_func doc count: 35

INFO - DB semantic doc count: 429

INFO - DB summaries doc count: 44

INFO - DB reflections doc count: 44

INFO - DB episodic doc count: 80

INFO - [train iter]: 44/100 

INFO - The task prompt is Chef wants to host some Division-3 contests. Chef has $N$ setters who are busy creating new problems for him. The $i^{th}$ setter has made $A_i$ problems where $1 \leq i \leq N$.    
A Division-3 contest should have exactly $K$ problems. Chef wants to plan for the next $D$ days using the problems...

INFO - Attempting task_id 699
INFO - LM call n parse attempt 1 / 3

INFO - [Task id] 699 [prompt] 
You are an expert programmer tasked with solving the problem below.

Follow the user's instructions to solve the problem.
The user can ask for analysis, code, or both.

## Instructions
When asked to output code,
- Make sure to wrap your code in '```python' and '```' Markdown delimiters, 
- include exactly one block of code with the entire solution
- No outside libraries are allowed. 
- Builtins are allowed.
- If the task specifies a function name to be used, follow it strictly (be case sensitive!) and declare the that function last (helper functions are declared first).
- DO NOT write any assert statements / tests.

## Problem
[BEGIN PROBLEM]
Chef wants to host some Division-3 contests. Chef has $N$ setters who are busy creating new problems for him. The $i^{th}$ setter has made $A_i$ problems where $1 \leq i \leq N$.    
A Division-3 contest should have exactly $K$ problems. Chef wants to plan for the next $D$ days using the problems that they have currently. But Chef cannot host more than one Division-3 contest in a day.
Given these constraints, can you help Chef find the maximum number of Division-3 contests that can be hosted in these $D$ days?

-----Input:-----
- The first line of input contains a single integer $T$ denoting the number of test cases. The description of $T$ test cases follows.
- The first line of each test case contains three space-separated integers - $N$, $K$ and $D$ respectively.
- The second line of each test case contains $N$ space-separated integers $A_1, A_2, \ldots, A_N$ respectively. 

-----Output:-----
For each test case, print a single line containing one integer ― the maximum number of Division-3 contests Chef can host in these $D$ days.

-----Constraints-----
- $1 \leq T \leq 10^3$
- $1 \leq N \leq 10^2$
- $1 \le K \le 10^9$ 
- $1 \le D \le 10^9$
- $1 \le A_i \le 10^7$ for each valid $i$

-----Subtasks-----
Subtask #1 (40 points):
- $N = 1$
- $1 \le A_1 \le 10^5$
Subtask #2 (60 points): Original constraints

-----Sample Input:-----
5
1 5 31
4
1 10 3
23
2 5 7
20 36
2 5 10
19 2
3 3 300
1 1 1

-----Sample Output:-----
0
2
7
4
1

-----Explanation:-----
- 
Example case 1: Chef only has $A_1 = 4$ problems and he needs $K = 5$ problems for a Division-3 contest. So Chef won't be able to host any Division-3 contest in these 31 days. Hence the first output is $0$.
- 
Example case 2: Chef has $A_1 = 23$ problems and he needs $K = 10$ problems for a Division-3 contest. Chef can choose any $10+10 = 20$ problems and host $2$ Division-3 contests in these 3 days. Hence the second output is $2$.
- 
Example case 3: Chef has $A_1 = 20$ problems from setter-1 and $A_2 = 36$ problems from setter-2, and so has a total of $56$ problems. Chef needs $K = 5$ problems for each Division-3 contest. Hence Chef can prepare $11$ Division-3 contests. But since we are planning only for the next $D = 7$ days and Chef cannot host more than $1$ contest in a day, Chef cannot host more than $7$ contests. Hence the third output is $7$.

The output code needs to read from and write to standard IO


[END PROBLEM]

INFO - [Task id] 699 [prompt] 
## Instructions

Reason through the problem and:
1. Restate the problem in plain English
2. Conceptualize a solution first in plain English
3. Write a pseudocode solution
4. Output the final Python 3 solution with your solution steps in comments.

Make sure to wrap your code in '```python' and '```' Markdown delimiters, 
and include exactly one block of code with the entire solution.

No outside libraries are allowed.
Builtins are allowed.

INFO - [Task id] 699 [generation text] ### Problem Restatement

Chef wants to host Division-3 contests using problems created by setters. Each contest requires exactly `K` problems. Chef has `N` setters, and each setter has created a certain number of problems. Chef wants to plan contests for the next `D` days, but he can host at most one contest per day. The task is to determine the maximum number of contests Chef can host given these constraints.

### Conceptual Solution

1. **Calculate Total Problems**: For each test case, sum up all the problems created by the `N` setters.
2. **Determine Maximum Contests**: Calculate how many full contests can be formed with the total problems by dividing the total number of problems by `K`.
3. **Limit by Days**: The number of contests Chef can host is limited by the number of days `D`. Therefore, the maximum number of contests is the minimum of the contests that can be formed and `D`.
4. **Output the Result**: For each test case, output the maximum number of contests that can be hosted.

### Pseudocode

```
for each test case:
    read N, K, D
    read the list of problems created by each setter
    total_problems = sum of all problems
    max_contests = total_problems // K
    result = min(max_contests, D)
    print result
```

### Python Solution

```python
def max_division_3_contests():
    import sys
    input = sys.stdin.read
    data = input().split()
    
    index = 0
    T = int(data[index])
    index += 1
    results = []
    
    for _ in range(T):
        N = int(data[index])
        K = int(data[index + 1])
        D = int(data[index + 2])
        index += 3
        
        problems = list(map(int, data[index:index + N]))
        index += N
        
        total_problems = sum(problems)
        max_contests = total_problems // K
        results.append(min(max_contests, D))
    
    for result in results:
        print(result)

```

### Explanation of the Code

- **Input Handling**: We read all input at once for efficiency, especially given the constraints.
- **Loop Through Test Cases**: For each test case, we extract the number of setters `N`, the number of problems needed per contest `K`, and the number of days `D`.
- **Calculate Total Problems**: We sum up the problems from all setters.
- **Determine Maximum Contests**: We calculate how many contests can be formed by dividing the total problems by `K`.
- **Limit by Days**: We take the minimum of the number of contests that can be formed and the number of days `D`.
- **Output**: We store the result for each test case and print them at the end.
INFO - [35m Rollout attempt 1/4[0m
INFO - [33m Retrieving 2 entries for db: episodic 
 [0m
INFO - Retrieved (score=0.3494):

[Task]:
    The MarkiT online virtual market startup wants to organize its grand opening in NIT Patna.
    but they want maximum crowd for their inauguration. So the manager told  this  to Praveen a student in NITP who suggested them:
    The first-year students come to campus  every x hour,
   ...


INFO - Retrieved (score=0.3614):

[Task]:
    Given a set of  N  natural numbers 1,2,3........N and Q query.For each query you have to calculate the total number of subset in which  Ith.
    number of set come at Kth postion.Elements of every subset should be in sorted order.
    The answer could  be very large so you have to pr...


INFO - [33m Retrieving 2 entries for db: semantic 
 [0m
INFO - Retrieved (score=0.4817):
Title: Continued fractions
Part: 11/12
```
    === "Python"
        ```py
        # returns [ah, ph, qh] such that points r[i]=(ph[i], qh[i]) constitute upper convex hull
        # of lattice points on 0 <= x <= N and 0 <= y <= r * x, where r = [a0; a1, a2, ...]
        # and there are ah[i]-1 in...


INFO - Retrieved (score=0.4990):
Title: Placing Bishops on a Chessboard
Part: 1/1
# Placing Bishops on a Chessboard

Find the number of ways to place $K$ bishops on an $N \times N$ chessboard so that no two bishops attack each other.

## Algorithm

This problem can be solved using dynamic programming.

Let's enumerate the diagon...


INFO - [33m Retrieving 2 entries for db: reflections 
 [0m
INFO - Retrieved (score=0.4003):
In this problem, the task was to determine how many rooms can be completely tiled using tiles from boxes, with the constraint that each room in one house must be paired with a room in the other house, and both must be tiled using the same number of tiles from a single box. The key insight is that...


INFO - Retrieved (score=0.4013):
The problem of finding subsets where a specific number `I` appears at position `K` in a sorted subset is a combinatorial challenge. The official solution provides a straightforward approach using factorials and combinatorial mathematics, which is similar to the approach I took, but with some diff...


INFO - [33m Retrieving 2 entries for db: summaries 
 [0m
INFO - Retrieved (score=0.4058):
In this problem, I needed to find the N'th term in a specific series for multiple test cases. The series is defined as: 0, 1, 5, 14, 30, 55, ..., and the task was to identify the pattern and compute the N'th term efficiently.

### Key Concepts and Patterns:
- The differences between consecutive t...


INFO - Retrieved (score=0.4091):
In tackling the problem of distributing tiles to completely tile rooms in two houses, the core concept was recognizing that only perfect square numbers of tiles can be evenly split to tile two rooms of the same size. This insight led to the realization that for each test case, the solution involv...


INFO - [33m Retrieving 2 entries for db: non_func 
 [0m
INFO - Retrieved (score=0.3929):

[description for function: main]
The function reads input data, which includes multiple test cases, each specifying a number \( N \) and a number of queries \( Q \). For each query, it reads two integers \( I \) and \( K \) and calculates the number of subsets of size \( K \) that can be formed ...


INFO - Retrieved (score=0.4426):

[description for function: main]
The function reads input from standard input, which includes a number of test cases, and for each test case, it reads two integers, N and K. It then calls another function to find a permutation of numbers from 1 to N such that a specific sum condition is met, or ...


INFO - Retrieved (score=0.3494): 
[Past Memory]:

    [Task]:
        The MarkiT online virtual market startup wants to organize its grand opening in NIT Patna.
        but they want maximum crowd for their inauguration. So the manager told  this  to Praveen a student in NITP who suggested them:
        The first-year students c...
INFO - Retrieved (score=0.3614): 
[Past Memory]:

    [Task]:
        Given a set of  N  natural numbers 1,2,3........N and Q query.For each query you have to calculate the total number of subset in which  Ith.
        number of set come at Kth postion.Elements of every subset should be in sorted order.
        The answer could ...
INFO - LM call n parse attempt 1 / 3

INFO - [Task id] 699 [prompt] 
You are an expert programmer tasked with solving the problem below.

Follow the user's instructions to solve the problem.
The user can ask for analysis, code, or both.

## Instructions
When asked to output code,
- Make sure to wrap your code in '```python' and '```' Markdown delimiters, 
- include exactly one block of code with the entire solution
- No outside libraries are allowed. 
- Builtins are allowed.
- If the task specifies a function name to be used, follow it strictly (be case sensitive!) and declare the that function last (helper functions are declared first).
- DO NOT write any assert statements / tests.

## Problem
[BEGIN PROBLEM]
Chef wants to host some Division-3 contests. Chef has $N$ setters who are busy creating new problems for him. The $i^{th}$ setter has made $A_i$ problems where $1 \leq i \leq N$.    
A Division-3 contest should have exactly $K$ problems. Chef wants to plan for the next $D$ days using the problems that they have currently. But Chef cannot host more than one Division-3 contest in a day.
Given these constraints, can you help Chef find the maximum number of Division-3 contests that can be hosted in these $D$ days?

-----Input:-----
- The first line of input contains a single integer $T$ denoting the number of test cases. The description of $T$ test cases follows.
- The first line of each test case contains three space-separated integers - $N$, $K$ and $D$ respectively.
- The second line of each test case contains $N$ space-separated integers $A_1, A_2, \ldots, A_N$ respectively. 

-----Output:-----
For each test case, print a single line containing one integer ― the maximum number of Division-3 contests Chef can host in these $D$ days.

-----Constraints-----
- $1 \leq T \leq 10^3$
- $1 \leq N \leq 10^2$
- $1 \le K \le 10^9$ 
- $1 \le D \le 10^9$
- $1 \le A_i \le 10^7$ for each valid $i$

-----Subtasks-----
Subtask #1 (40 points):
- $N = 1$
- $1 \le A_1 \le 10^5$
Subtask #2 (60 points): Original constraints

-----Sample Input:-----
5
1 5 31
4
1 10 3
23
2 5 7
20 36
2 5 10
19 2
3 3 300
1 1 1

-----Sample Output:-----
0
2
7
4
1

-----Explanation:-----
- 
Example case 1: Chef only has $A_1 = 4$ problems and he needs $K = 5$ problems for a Division-3 contest. So Chef won't be able to host any Division-3 contest in these 31 days. Hence the first output is $0$.
- 
Example case 2: Chef has $A_1 = 23$ problems and he needs $K = 10$ problems for a Division-3 contest. Chef can choose any $10+10 = 20$ problems and host $2$ Division-3 contests in these 3 days. Hence the second output is $2$.
- 
Example case 3: Chef has $A_1 = 20$ problems from setter-1 and $A_2 = 36$ problems from setter-2, and so has a total of $56$ problems. Chef needs $K = 5$ problems for each Division-3 contest. Hence Chef can prepare $11$ Division-3 contests. But since we are planning only for the next $D = 7$ days and Chef cannot host more than $1$ contest in a day, Chef cannot host more than $7$ contests. Hence the third output is $7$.

The output code needs to read from and write to standard IO


[END PROBLEM]

INFO - [Task id] 699 [prompt] 
## Instructions

Reason through the problem and:
1. Restate the problem in plain English
2. Conceptualize a solution first in plain English
3. Write a pseudocode solution
4. Output the final Python 3 solution with your solution steps in comments.

Make sure to wrap your code in '```python' and '```' Markdown delimiters, 
and include exactly one block of code with the entire solution.

No outside libraries are allowed.
Builtins are allowed.

INFO - [Task id] 699 [prompt] 
Also, here are some of your memories.
Feel free to use the given information to aid your problem solving process if necessary.
Do not confuse the memories with the problem statement.

## Memories

[Past Memory]:

    [Task]:
        The MarkiT online virtual market startup wants to organize its grand opening in NIT Patna.
        but they want maximum crowd for their inauguration. So the manager told  this  to Praveen a student in NITP who suggested them:
        The first-year students come to campus  every x hour,
        Second-year students come to campus every y hour,
        Third-year students come to campus every z hour and 
        Fourth-year is very busy so they don't come regularly.
        So Praveen being very clever told him the no of times in n days he can have an audience of all year student (1st,2nd & 3rd) at max. So can you code what Praveen has done?

        -----Input:-----
        - First line will contain $T$, number of testcases. Then the testcases follow. 
        - Each testcase contains of a 2 line of input, first line contain one  integers $N$ (No of Days). 
        -Next line contain 3 space separated integer the  value of x y z

        -----Output:-----
        For each testcase, output in a single line answer the no of times audience consists of all year.

        -----Constraints-----
        - $1 \leq T \leq 1000$
        - $1 \leq N \leq 10^8$
        - $1 \leq x,y,z \leq 10^5$

        -----Sample Input:-----
        1
        10
        8 10 6

        -----Sample Output:-----
        2

        -----EXPLANATION:-----
        First favourable condition will come on 5th day and Second on 10th day.
    [/Task]

    [Previous Critique]:
        ### Analysis of the Issue

        The feedback indicates that the code is not producing any output. This suggests that the function `solve()` is not being called, which is a common issue when the function is defined but not executed. In competitive programming or script-based environments, the main function or logic should be executed directly to ensure the program runs as expected.

        ### Steps to Fix the Code

        1. **Ensure Execution**: The `solve()` function should be called at the end of the script to ensure that the logic is executed when the script runs.

        2. **Check Input/Output**: Ensure that the input is read correctly and the output is printed as expected. The current implementation uses `sys.stdin.read()` which is appropriate for reading all input at once in a competitive programming environment.

        3. **Verify Logic**: The logic for calculating the LCM and determining the number of times all groups are on campus together seems correct, but we should ensure that the function is executed to see the results.

        ### Revised Python Code

        ```python
        def gcd(a, b):
            while b:
                a, b = b, a % b
            return a

        def lcm(a, b):
            return a * b // gcd(a, b)

        def lcm_of_three(a, b, c):
            return lcm(lcm(a, b), c)

        def solve():
            import sys
            input = sys.stdin.read
            data = input().split()
    
            index = 0
            T = int(data[index])
            index += 1
            results = []
    
            for _ in range(T):
                N = int(data[index])
                index += 1
                x, y, z = map(int, data[index:index+3])
                index += 3
        
                # Calculate LCM of x, y, z
                lcm_xyz = lcm_of_three(x, y, z)
        
                # Calculate total hours in N days
                total_hours = 24 * N
        
                # Calculate the number of times all groups are on campus together
                count = total_hours // lcm_xyz
        
                results.append(count)
    
            for result in results:
                print(result)

        # Call the solve function to execute the logic
        solve()
        ```

        ### Explanation of Changes

        - **Function Call**: Added a call to `solve()` at the end of the script to ensure that the function is executed when the script runs.
        - **Input/Output Handling**: The input and output handling remains the same, using `sys.stdin.read()` to read all input at once and `print()` to output results.

        This should resolve the issue of no output being detected, as the function will now be executed and produce the expected results.
    [/Previous Critique]

    [Thought Process and Code]:
        ```python
        def gcd(a, b):
            while b:
                a, b = b, a % b
            return a

        def lcm(a, b):
            return a * b // gcd(a, b)

        def lcm_of_three(a, b, c):
            return lcm(lcm(a, b), c)

        def solve():
            import sys
            input = sys.stdin.read
            data = input().split()
    
            index = 0
            T = int(data[index])
            index += 1
            results = []
    
            for _ in range(T):
                N = int(data[index])
                index += 1
                x, y, z = map(int, data[index:index+3])
                index += 3
        
                # Calculate LCM of x, y, z
                lcm_xyz = lcm_of_three(x, y, z)
        
                # Calculate total hours in N days
                total_hours = 24 * N
        
                # Calculate the number of times all groups are on campus together
                count = total_hours // lcm_xyz
        
                results.append(count)
    
            for result in results:
                print(result)

        # Call the solve function to execute the logic
        solve()
        ```
    [/Thought Process and Code]

    [Environment Feedback]:
        Note: Inputs/outputs here are automatically extracted/truncated so formatting may be a bit off.
        Tests passed:

         Input: ['1', '10', '8 10 6'] Output: 2

        Tests failed:
        None
    [/Environment Feedback]

    [Result]:
        Success
    [/Result]

[/Past Memory]


[Past Memory]:

    [Task]:
        Given a set of  N  natural numbers 1,2,3........N and Q query.For each query you have to calculate the total number of subset in which  Ith.
        number of set come at Kth postion.Elements of every subset should be in sorted order.
        The answer could  be very large so you have to print answer modulo 1e9+7.


        -----Input:-----
        - The first line of input cotains a single integer T denoting the number of test cases.
        - For every test case it contains two number N and Q.
        - Next Q line contains two number I and K.

        -----Output:-----
        For each test case print required answer.

        -----Constraints and Subtasks:-----
        - 1<=T<=5
        - 1<=N, K<=4000
        - 1<=Q<=1000000
        Subtask 3: 5 points
        - 1<=T<=5
        - 1<=N, K<=16
        - 1<=Q<=1000
        Subtask 1: 25 points
        - T=1
        - 1<=N, K<=4000
        - 1<=Q<=100000
        Subtask 2: 70 points
        - Original Constraints.

        -----Example:-----
        Input:

        1

        3 3

        1 2

        2 1

        3 2

        Output:

        0

        2

        2

        -----Explanation:-----
        For N=3

        total subsets are:

        {1}

        {2}

        {3}

        {1,2}

        {1,3}

        {2,3}

        {1,2,3}

        Now we can see that for I=1 and K=2 there is no subset in which 1 come at 2nd position so the answer is Zero for that query.

        For 2nd query I=2 and K=1 there are two subset i.e {2,3} and {2} in which 2 come at 1st position.

        Same for 3rd querry there is two subset i.e{1,3} and {2,3}.
    [/Task]

    [Previous Critique]:
        None
    [/Previous Critique]

    [Thought Process and Code]:
        ## Problem Restatement

        We are given a set of natural numbers from 1 to N and a number of queries. Each query asks us to determine the number of subsets in which a specific number `I` appears at a specific position `K` when the subset is sorted. The result should be given modulo \(10^9 + 7\).

        ## Conceptual Solution

        1. **Understanding Subsets**: 
           - A subset of a set of numbers is any combination of those numbers, including the empty set and the set itself.
           - When a subset is sorted, the position of a number in the subset is determined by its order in the sorted list.

        2. **Constraints**:
           - We need to find subsets where a specific number `I` is at position `K` in the sorted order.
           - If `K` is greater than `N`, or if `I` is less than `K`, the result is 0 because it's impossible for `I` to be at position `K`.

        3. **Combinatorial Approach**:
           - For a number `I` to be at position `K` in a sorted subset:
             - There must be exactly `K-1` numbers less than `I` in the subset.
             - The remaining numbers in the subset can be any of the numbers greater than `I`.
           - The number of ways to choose `K-1` numbers from the `I-1` numbers less than `I` is given by the binomial coefficient `C(I-1, K-1)`.
           - The number of ways to choose any subset of the numbers greater than `I` is `2^(N-I)`.

        4. **Modulo Operation**:
           - Since the result can be large, we need to compute the result modulo \(10^9 + 7\).

        ## Pseudocode

        ```
        function calculate_subsets(N, Q, queries):
            MOD = 10^9 + 7
            precompute factorials and inverse factorials up to N

            results = []
            for each query (I, K):
                if K > I or K > N:
                    results.append(0)
                else:
                    count_less = C(I-1, K-1) % MOD
                    count_greater = 2^(N-I) % MOD
                    result = (count_less * count_greater) % MOD
                    results.append(result)
            return results

        function precompute_factorials(N):
            factorials = [1] * (N+1)
            inverse_factorials = [1] * (N+1)
            for i from 2 to N:
                factorials[i] = (factorials[i-1] * i) % MOD
            inverse_factorials[N] = pow(factorials[N], MOD-2, MOD)
            for i from N-1 down to 1:
                inverse_factorials[i] = (inverse_factorials[i+1] * (i+1)) % MOD
            return factorials, inverse_factorials

        function C(n, k):
            if k > n or k < 0:
                return 0
            return (factorials[n] * inverse_factorials[k] % MOD) * inverse_factorials[n-k] % MOD
        ```

        ## Final Python Solution

        ```python
        def calculate_subsets(N, Q, queries):
            MOD = 10**9 + 7
    
            # Precompute factorials and inverse factorials
            factorials, inverse_factorials = precompute_factorials(N, MOD)
    
            results = []
            for I, K in queries:
                if K > I or K > N:
                    results.append(0)
                else:
                    count_less = C(I-1, K-1, factorials, inverse_factorials, MOD)
                    count_greater = pow(2, N-I, MOD)
                    result = (count_less * count_greater) % MOD
                    results.append(result)
            return results

        def precompute_factorials(N, MOD):
            factorials = [1] * (N+1)
            inverse_factorials = [1] * (N+1)
            for i in range(2, N+1):
                factorials[i] = (factorials[i-1] * i) % MOD
            inverse_factorials[N] = pow(factorials[N], MOD-2, MOD)
            for i in range(N-1, 0, -1):
                inverse_factorials[i] = (inverse_factorials[i+1] * (i+1)) % MOD
            return factorials, inverse_factorials

        def C(n, k, factorials, inverse_factorials, MOD):
            if k > n or k < 0:
                return 0
            return (factorials[n] * inverse_factorials[k] % MOD) * inverse_factorials[n-k] % MOD

        def main():
            import sys
            input = sys.stdin.read
            data = input().split()
    
            index = 0
            T = int(data[index])
            index += 1
            results = []
    
            for _ in range(T):
                N = int(data[index])
                Q = int(data[index + 1])
                index += 2
        
                queries = []
                for _ in range(Q):
                    I = int(data[index])
                    K = int(data[index + 1])
                    index += 2
                    queries.append((I, K))
        
                results.extend(calculate_subsets(N, Q, queries))
    
            for result in results:
                print(result)

        if __name__ == "__main__":
            main()
        ```

        This solution efficiently calculates the number of subsets for each query by precomputing factorials and using combinatorial mathematics to determine the number of valid subsets.
    [/Thought Process and Code]

    [Environment Feedback]:
        Note: Inputs/outputs here are automatically extracted/truncated so formatting may be a bit off.
        Tests passed:

         Input: ['1', '3 3', '1 2', '2 1', '3 2'] Output: 0
        2
        2

        Tests failed:
        None
    [/Environment Feedback]

    [Result]:
        Success
    [/Result]

[/Past Memory]


INFO - [Task id] 699 [generation text] ## Problem Restatement

Chef wants to host Division-3 contests using problems created by setters. Each contest requires exactly `K` problems. Given `N` setters, each having created a certain number of problems, Chef wants to know the maximum number of contests he can host over `D` days, with the constraint that only one contest can be hosted per day.

## Conceptual Solution

1. **Total Problems Calculation**: 
   - First, calculate the total number of problems available by summing up the problems created by each setter.

2. **Determine Maximum Contests**:
   - Calculate the maximum number of contests that can be hosted by dividing the total number of problems by `K` (since each contest requires `K` problems).
   - The result from the above step gives the theoretical maximum number of contests that can be hosted with the available problems.

3. **Consider Day Constraint**:
   - Since Chef can host at most one contest per day, the actual number of contests that can be hosted is the minimum of the theoretical maximum contests and `D` (the number of days).

4. **Iterate for Each Test Case**:
   - Repeat the above steps for each test case provided in the input.

## Pseudocode

```
function max_contests(T, test_cases):
    results = []
    for each test_case in test_cases:
        N, K, D = test_case[0]
        A = test_case[1]
        
        total_problems = sum(A)
        max_possible_contests = total_problems // K
        max_contests = min(max_possible_contests, D)
        
        results.append(max_contests)
    
    return results
```

## Final Python Solution

```python
def max_contests(T, test_cases):
    results = []
    for i in range(T):
        N, K, D = test_cases[i][0]
        A = test_cases[i][1]
        
        # Calculate the total number of problems
        total_problems = sum(A)
        
        # Calculate the maximum number of contests that can be hosted
        max_possible_contests = total_problems // K
        
        # The actual number of contests is limited by the number of days D
        max_contests = min(max_possible_contests, D)
        
        # Store the result for this test case
        results.append(max_contests)
    
    return results

def main():
    import sys
    input = sys.stdin.read
    data = input().split()
    
    index = 0
    T = int(data[index])
    index += 1
    
    test_cases = []
    for _ in range(T):
        N, K, D = map(int, data[index:index+3])
        index += 3
        A = list(map(int, data[index:index+N]))
        index += N
        test_cases.append(((N, K, D), A))
    
    results = max_contests(T, test_cases)
    
    for result in results:
        print(result)

if __name__ == "__main__":
    main()
```

This solution reads input, processes each test case to determine the maximum number of contests that can be hosted, and outputs the result for each test case. The logic ensures that the constraints on the number of problems and days are respected.
INFO - program_code:
 
def max_contests(T, test_cases):
    results = []
    for i in range(T):
        N, K, D = test_cases[i][0]
        A = test_cases[i][1]
        
        # Calculate the total number of problems
        total_problems = sum(A)
        
        # Calculate the maximum number of contests that can be hosted
        max_possible_contests = total_problems // K
        
        # The actual number of contests is limited by the number of days D
        max_contests = min(max_possible_contests, D)
        
        # Store the result for this test case
        results.append(max_contests)
    
    return results

def main():
    import sys
    input = sys.stdin.read
    data = input().split()
    
    index = 0
    T = int(data[index])
    index += 1
    
    test_cases = []
    for _ in range(T):
        N, K, D = map(int, data[index:index+3])
        index += 3
        A = list(map(int, data[index:index+N]))
        index += N
        test_cases.append(((N, K, D), A))
    
    results = max_contests(T, test_cases)
    
    for result in results:
        print(result)

if __name__ == "__main__":
    main()


INFO - program_name:
 main

INFO - dependencies:
 []

INFO - raw_msg:
 ## Problem Restatement

Chef wants to host Division-3 contests using problems created by setters. Each contest requires exactly `K` problems. Given `N` setters, each having created a certain number of problems, Chef wants to know the maximum number of contests he can host over `D` days, with the constraint that only one contest can be hosted per day.

## Conceptual Solution

1. **Total Problems Calculation**: 
   - First, calculate the total number of problems available by summing up the problems created by each setter.

2. **Determine Maximum Contests**:
   - Calculate the maximum number of contests that can be hosted by dividing the total number of problems by `K` (since each contest requires `K` problems).
   - The result from the above step gives the theoretical maximum number of contests that can be hosted with the available problems.

3. **Consider Day Constraint**:
   - Since Chef can host at most one contest per day, the actual number of contests that can be hosted is the minimum of the theoretical maximum contests and `D` (the number of days).

4. **Iterate for Each Test Case**:
   - Repeat the above steps for each test case provided in the input.

## Pseudocode

```
function max_contests(T, test_cases):
    results = []
    for each test_case in test_cases:
        N, K, D = test_case[0]
        A = test_case[1]
        
        total_problems = sum(A)
        max_possible_contests = total_problems // K
        max_contests = min(max_possible_contests, D)
        
        results.append(max_contests)
    
    return results
```

## Final Python Solution

```python
def max_contests(T, test_cases):
    results = []
    for i in range(T):
        N, K, D = test_cases[i][0]
        A = test_cases[i][1]
        
        # Calculate the total number of problems
        total_problems = sum(A)
        
        # Calculate the maximum number of contests that can be hosted
        max_possible_contests = total_problems // K
        
        # The actual number of contests is limited by the number of days D
        max_contests = min(max_possible_contests, D)
        
        # Store the result for this test case
        results.append(max_contests)
    
    return results

def main():
    import sys
    input = sys.stdin.read
    data = input().split()
    
    index = 0
    T = int(data[index])
    index += 1
    
    test_cases = []
    for _ in range(T):
        N, K, D = map(int, data[index:index+3])
        index += 3
        A = list(map(int, data[index:index+N]))
        index += N
        test_cases.append(((N, K, D), A))
    
    results = max_contests(T, test_cases)
    
    for result in results:
        print(result)

if __name__ == "__main__":
    main()
```

This solution reads input, processes each test case to determine the maximum number of contests that can be hosted, and outputs the result for each test case. The logic ensures that the constraints on the number of problems and days are respected.

INFO - no_parent:
 False

INFO - full code to be executed: 
 
def max_contests(T, test_cases):
    results = []
    for i in range(T):
        N, K, D = test_cases[i][0]
        A = test_cases[i][1]
        
        # Calculate the total number of problems
        total_problems = sum(A)
        
        # Calculate the maximum number of contests that can be hosted
        max_possible_contests = total_problems // K
        
        # The actual number of contests is limited by the number of days D
        max_contests = min(max_possible_contests, D)
        
        # Store the result for this test case
        results.append(max_contests)
    
    return results

def main():
    import sys
    input = sys.stdin.read
    data = input().split()
    
    index = 0
    T = int(data[index])
    index += 1
    
    test_cases = []
    for _ in range(T):
        N, K, D = map(int, data[index:index+3])
        index += 3
        A = list(map(int, data[index:index+N]))
        index += N
        test_cases.append(((N, K, D), A))
    
    results = max_contests(T, test_cases)
    
    for result in results:
        print(result)

if __name__ == "__main__":
    main()


INFO - obs: Note: Inputs/outputs here are automatically extracted/truncated so formatting may be a bit off.
Tests passed:

 Input: ['5', '1 5 31', '4', '1 10 3', '23', '2 5 7', '20 36', '2 5 10', '19 2', '3 3 300', '1 1 1'] Output: 0
2
7
4
1

Tests failed:
None
reward: True
done: None
info: {'individual_results': [True]}
INFO - Updated entry: 
[Task]:
    Chef wants to host some Division-3 contests. Chef has $N$ setters who are busy creating new problems for him. The $i^{th}$ setter has made $A_i$ problems where $1 \leq i \leq N$.    
    A Division-3 contest should have exactly $K$ problems. Chef wants to plan for the next $D$ days u...,

INFO - Metadata: {
    "raw_msg": "## Problem Restatement\n\nChef wants to host Division-3 contests using problems created by setters. Each contest requires exactly `K` problems. Given `N` setters, each having created a certain number of problems, Chef wants to know the maximum number of contests he can host over...

INFO - LM call n parse attempt 1 / 3

INFO - [Task id] 699 [prompt] 
You are an expert programmer tasked with solving the problem below.

Follow the user's instructions to solve the problem.
The user can ask for analysis, code, or both.

## Instructions
When asked to output code,
- Make sure to wrap your code in '```python' and '```' Markdown delimiters, 
- include exactly one block of code with the entire solution
- No outside libraries are allowed. 
- Builtins are allowed.
- If the task specifies a function name to be used, follow it strictly (be case sensitive!) and declare the that function last (helper functions are declared first).
- DO NOT write any assert statements / tests.

## Problem
[BEGIN PROBLEM]
Chef wants to host some Division-3 contests. Chef has $N$ setters who are busy creating new problems for him. The $i^{th}$ setter has made $A_i$ problems where $1 \leq i \leq N$.    
A Division-3 contest should have exactly $K$ problems. Chef wants to plan for the next $D$ days using the problems that they have currently. But Chef cannot host more than one Division-3 contest in a day.
Given these constraints, can you help Chef find the maximum number of Division-3 contests that can be hosted in these $D$ days?

-----Input:-----
- The first line of input contains a single integer $T$ denoting the number of test cases. The description of $T$ test cases follows.
- The first line of each test case contains three space-separated integers - $N$, $K$ and $D$ respectively.
- The second line of each test case contains $N$ space-separated integers $A_1, A_2, \ldots, A_N$ respectively. 

-----Output:-----
For each test case, print a single line containing one integer ― the maximum number of Division-3 contests Chef can host in these $D$ days.

-----Constraints-----
- $1 \leq T \leq 10^3$
- $1 \leq N \leq 10^2$
- $1 \le K \le 10^9$ 
- $1 \le D \le 10^9$
- $1 \le A_i \le 10^7$ for each valid $i$

-----Subtasks-----
Subtask #1 (40 points):
- $N = 1$
- $1 \le A_1 \le 10^5$
Subtask #2 (60 points): Original constraints

-----Sample Input:-----
5
1 5 31
4
1 10 3
23
2 5 7
20 36
2 5 10
19 2
3 3 300
1 1 1

-----Sample Output:-----
0
2
7
4
1

-----Explanation:-----
- 
Example case 1: Chef only has $A_1 = 4$ problems and he needs $K = 5$ problems for a Division-3 contest. So Chef won't be able to host any Division-3 contest in these 31 days. Hence the first output is $0$.
- 
Example case 2: Chef has $A_1 = 23$ problems and he needs $K = 10$ problems for a Division-3 contest. Chef can choose any $10+10 = 20$ problems and host $2$ Division-3 contests in these 3 days. Hence the second output is $2$.
- 
Example case 3: Chef has $A_1 = 20$ problems from setter-1 and $A_2 = 36$ problems from setter-2, and so has a total of $56$ problems. Chef needs $K = 5$ problems for each Division-3 contest. Hence Chef can prepare $11$ Division-3 contests. But since we are planning only for the next $D = 7$ days and Chef cannot host more than $1$ contest in a day, Chef cannot host more than $7$ contests. Hence the third output is $7$.

The output code needs to read from and write to standard IO


[END PROBLEM]

INFO - [Task id] 699 [prompt] 
## Instructions

Reason through the problem and:
1. Restate the problem in plain English
2. Conceptualize a solution first in plain English
3. Write a pseudocode solution
4. Output the final Python 3 solution with your solution steps in comments.

Make sure to wrap your code in '```python' and '```' Markdown delimiters, 
and include exactly one block of code with the entire solution.

No outside libraries are allowed.
Builtins are allowed.

INFO - [Task id] 699 [prompt] ## Problem Restatement

Chef wants to host Division-3 contests using problems created by setters. Each contest requires exactly `K` problems. Given `N` setters, each having created a certain number of problems, Chef wants to know the maximum number of contests he can host over `D` days, with the constraint that only one contest can be hosted per day.

## Conceptual Solution

1. **Total Problems Calculation**: 
   - First, calculate the total number of problems available by summing up the problems created by each setter.

2. **Determine Maximum Contests**:
   - Calculate the maximum number of contests that can be hosted by dividing the total number of problems by `K` (since each contest requires `K` problems).
   - The result from the above step gives the theoretical maximum number of contests that can be hosted with the available problems.

3. **Consider Day Constraint**:
   - Since Chef can host at most one contest per day, the actual number of contests that can be hosted is the minimum of the theoretical maximum contests and `D` (the number of days).

4. **Iterate for Each Test Case**:
   - Repeat the above steps for each test case provided in the input.

## Pseudocode

```
function max_contests(T, test_cases):
    results = []
    for each test_case in test_cases:
        N, K, D = test_case[0]
        A = test_case[1]
        
        total_problems = sum(A)
        max_possible_contests = total_problems // K
        max_contests = min(max_possible_contests, D)
        
        results.append(max_contests)
    
    return results
```

## Final Python Solution

```python
def max_contests(T, test_cases):
    results = []
    for i in range(T):
        N, K, D = test_cases[i][0]
        A = test_cases[i][1]
        
        # Calculate the total number of problems
        total_problems = sum(A)
        
        # Calculate the maximum number of contests that can be hosted
        max_possible_contests = total_problems // K
        
        # The actual number of contests is limited by the number of days D
        max_contests = min(max_possible_contests, D)
        
        # Store the result for this test case
        results.append(max_contests)
    
    return results

def main():
    import sys
    input = sys.stdin.read
    data = input().split()
    
    index = 0
    T = int(data[index])
    index += 1
    
    test_cases = []
    for _ in range(T):
        N, K, D = map(int, data[index:index+3])
        index += 3
        A = list(map(int, data[index:index+N]))
        index += N
        test_cases.append(((N, K, D), A))
    
    results = max_contests(T, test_cases)
    
    for result in results:
        print(result)

if __name__ == "__main__":
    main()
```

This solution reads input, processes each test case to determine the maximum number of contests that can be hosted, and outputs the result for each test case. The logic ensures that the constraints on the number of problems and days are respected.
INFO - [Task id] 699 [prompt] 
[Environment Feedback]:
    Note: Inputs/outputs here are automatically extracted/truncated so formatting may be a bit off.
    Tests passed:

     Input: ['5', '1 5 31', '4', '1 10 3', '23', '2 5 7', '20 36', '2 5 10', '19 2', '3 3 300', '1 1 1'] Output: 0
    2
    7
    4
    1

    Tests failed:
    None
[/Environment Feedback]

INFO - [Task id] 699 [prompt] 
## Instructions
Now, summarize your attempts as a **standalone** document for your own future reference. (can skip formalities, be concise)

- Only include the most relevant information and code snippets that could be useful in the future.
- If you did not learn much from the current experience (e.g. the problem was too easy), feel free to write less or nothing at all.
- Here are some ideas if the experience was useful:
    - Identifying the core concepts and patterns that problem appears to test for
    - Describing the strategies that seemed to work but did not, and vice versa
    - Describing unexpected errors and how they were fixed

Your summary should be at most a few paragraphs.

INFO - [Task id] 699 [generation text] In this problem, the core concept was to determine the maximum number of Division-3 contests that can be hosted given a set of constraints on the number of problems and days. The key steps involved calculating the total number of problems available, determining the maximum possible contests based on the number of problems required per contest, and then considering the constraint of the number of days available to host these contests.

The strategy that worked was straightforward: first, sum up all the problems from the setters to get the total number of problems. Then, calculate how many full contests can be formed by dividing the total problems by the number of problems required per contest (`K`). Finally, the actual number of contests that can be hosted is the minimum of this number and the number of days (`D`), since only one contest can be hosted per day.

The problem was relatively simple, and the solution was implemented efficiently by iterating over each test case, performing the calculations, and storing the results. The solution passed all test cases without any issues, indicating that the approach was correct and the implementation was robust. This problem reinforced the importance of understanding constraints and efficiently using basic arithmetic operations to solve problems.
INFO - LM call n parse attempt 1 / 3

INFO - [Task id] 699 [prompt] 
You are an expert programmer tasked with solving the problem below.

Follow the user's instructions to solve the problem.
The user can ask for analysis, code, or both.

## Instructions
When asked to output code,
- Make sure to wrap your code in '```python' and '```' Markdown delimiters, 
- include exactly one block of code with the entire solution
- No outside libraries are allowed. 
- Builtins are allowed.
- If the task specifies a function name to be used, follow it strictly (be case sensitive!) and declare the that function last (helper functions are declared first).
- DO NOT write any assert statements / tests.

## Problem
[BEGIN PROBLEM]
Chef wants to host some Division-3 contests. Chef has $N$ setters who are busy creating new problems for him. The $i^{th}$ setter has made $A_i$ problems where $1 \leq i \leq N$.    
A Division-3 contest should have exactly $K$ problems. Chef wants to plan for the next $D$ days using the problems that they have currently. But Chef cannot host more than one Division-3 contest in a day.
Given these constraints, can you help Chef find the maximum number of Division-3 contests that can be hosted in these $D$ days?

-----Input:-----
- The first line of input contains a single integer $T$ denoting the number of test cases. The description of $T$ test cases follows.
- The first line of each test case contains three space-separated integers - $N$, $K$ and $D$ respectively.
- The second line of each test case contains $N$ space-separated integers $A_1, A_2, \ldots, A_N$ respectively. 

-----Output:-----
For each test case, print a single line containing one integer ― the maximum number of Division-3 contests Chef can host in these $D$ days.

-----Constraints-----
- $1 \leq T \leq 10^3$
- $1 \leq N \leq 10^2$
- $1 \le K \le 10^9$ 
- $1 \le D \le 10^9$
- $1 \le A_i \le 10^7$ for each valid $i$

-----Subtasks-----
Subtask #1 (40 points):
- $N = 1$
- $1 \le A_1 \le 10^5$
Subtask #2 (60 points): Original constraints

-----Sample Input:-----
5
1 5 31
4
1 10 3
23
2 5 7
20 36
2 5 10
19 2
3 3 300
1 1 1

-----Sample Output:-----
0
2
7
4
1

-----Explanation:-----
- 
Example case 1: Chef only has $A_1 = 4$ problems and he needs $K = 5$ problems for a Division-3 contest. So Chef won't be able to host any Division-3 contest in these 31 days. Hence the first output is $0$.
- 
Example case 2: Chef has $A_1 = 23$ problems and he needs $K = 10$ problems for a Division-3 contest. Chef can choose any $10+10 = 20$ problems and host $2$ Division-3 contests in these 3 days. Hence the second output is $2$.
- 
Example case 3: Chef has $A_1 = 20$ problems from setter-1 and $A_2 = 36$ problems from setter-2, and so has a total of $56$ problems. Chef needs $K = 5$ problems for each Division-3 contest. Hence Chef can prepare $11$ Division-3 contests. But since we are planning only for the next $D = 7$ days and Chef cannot host more than $1$ contest in a day, Chef cannot host more than $7$ contests. Hence the third output is $7$.

The output code needs to read from and write to standard IO


[END PROBLEM]

INFO - [Task id] 699 [prompt] 
## Instructions

Reason through the problem and:
1. Restate the problem in plain English
2. Conceptualize a solution first in plain English
3. Write a pseudocode solution
4. Output the final Python 3 solution with your solution steps in comments.

Make sure to wrap your code in '```python' and '```' Markdown delimiters, 
and include exactly one block of code with the entire solution.

No outside libraries are allowed.
Builtins are allowed.

INFO - [Task id] 699 [prompt] ## Problem Restatement

Chef wants to host Division-3 contests using problems created by setters. Each contest requires exactly `K` problems. Given `N` setters, each having created a certain number of problems, Chef wants to know the maximum number of contests he can host over `D` days, with the constraint that only one contest can be hosted per day.

## Conceptual Solution

1. **Total Problems Calculation**: 
   - First, calculate the total number of problems available by summing up the problems created by each setter.

2. **Determine Maximum Contests**:
   - Calculate the maximum number of contests that can be hosted by dividing the total number of problems by `K` (since each contest requires `K` problems).
   - The result from the above step gives the theoretical maximum number of contests that can be hosted with the available problems.

3. **Consider Day Constraint**:
   - Since Chef can host at most one contest per day, the actual number of contests that can be hosted is the minimum of the theoretical maximum contests and `D` (the number of days).

4. **Iterate for Each Test Case**:
   - Repeat the above steps for each test case provided in the input.

## Pseudocode

```
function max_contests(T, test_cases):
    results = []
    for each test_case in test_cases:
        N, K, D = test_case[0]
        A = test_case[1]
        
        total_problems = sum(A)
        max_possible_contests = total_problems // K
        max_contests = min(max_possible_contests, D)
        
        results.append(max_contests)
    
    return results
```

## Final Python Solution

```python
def max_contests(T, test_cases):
    results = []
    for i in range(T):
        N, K, D = test_cases[i][0]
        A = test_cases[i][1]
        
        # Calculate the total number of problems
        total_problems = sum(A)
        
        # Calculate the maximum number of contests that can be hosted
        max_possible_contests = total_problems // K
        
        # The actual number of contests is limited by the number of days D
        max_contests = min(max_possible_contests, D)
        
        # Store the result for this test case
        results.append(max_contests)
    
    return results

def main():
    import sys
    input = sys.stdin.read
    data = input().split()
    
    index = 0
    T = int(data[index])
    index += 1
    
    test_cases = []
    for _ in range(T):
        N, K, D = map(int, data[index:index+3])
        index += 3
        A = list(map(int, data[index:index+N]))
        index += N
        test_cases.append(((N, K, D), A))
    
    results = max_contests(T, test_cases)
    
    for result in results:
        print(result)

if __name__ == "__main__":
    main()
```

This solution reads input, processes each test case to determine the maximum number of contests that can be hosted, and outputs the result for each test case. The logic ensures that the constraints on the number of problems and days are respected.
INFO - [Task id] 699 [prompt] 
[Environment Feedback]:
    Note: Inputs/outputs here are automatically extracted/truncated so formatting may be a bit off.
    Tests passed:

     Input: ['5', '1 5 31', '4', '1 10 3', '23', '2 5 7', '20 36', '2 5 10', '19 2', '3 3 300', '1 1 1'] Output: 0
    2
    7
    4
    1

    Tests failed:
    None
[/Environment Feedback]

INFO - [Task id] 699 [prompt] 
Below is the official solution (do exercise discretion as official solutions can also have mistakes).

You will be reflecting on your attempts to solve the problem.
This will be a **standalone** document for your own future reference. (can skip formalities, be concise)

## Instructions
- Only include the most relevant insights and code snippets that could be useful in the future.
- If you did not learn much from the current experience (e.g. the problem was too easy / official solution was obvious), feel free to write less or nothing at all.
- Here are some ideas if the experience was useful:
    - If the official solution is insightful (e.g. better than yours in time and space complexity or more effective in breaking down the problem statement), distil the key approach of the official solution, step by step.
    - If your approach failed the test cases, reason why the official solution works but yours does not

Your reflection should be at most a few paragraphs.

## Official solution
for T in range(int (eval(input()))):
 N,K,D=list(map(int,input().split()))
 A=list(map(int,input().split()))
 P=sum(A)//K 
 print(min(P,D))


INFO - [Task id] 699 [generation text] In this problem, both my solution and the official solution follow a similar approach, which is straightforward given the problem constraints. The task is to determine the maximum number of Division-3 contests that can be hosted given a set of problems and a limit on the number of days.

Key insights from the problem-solving process:

1. **Total Problems Calculation**: Both solutions start by calculating the total number of problems available by summing up the problems created by each setter. This is a crucial step as it determines the potential number of contests that can be hosted.

2. **Maximum Contests Calculation**: The next step is to calculate the maximum number of contests that can be hosted by dividing the total number of problems by `K`, the number of problems required per contest. This gives the theoretical maximum number of contests.

3. **Day Constraint**: The final step is to consider the constraint on the number of days (`D`). The actual number of contests that can be hosted is the minimum of the theoretical maximum contests and `D`.

The official solution is concise and directly implements these steps in a few lines of code. It uses Python's built-in functions to read input, calculate the necessary values, and output the result efficiently. The use of `min(P, D)` succinctly handles the day constraint, ensuring that the solution is both correct and optimal.

Overall, this problem reinforces the importance of breaking down the problem into manageable parts and using simple arithmetic operations to derive the solution. The official solution is a good example of how to write clean and efficient code for competitive programming problems.
INFO - Updated entry: In this problem, the core concept was to determine the maximum number of Division-3 contests that can be hosted given a set of constraints on the number of problems and days. The key steps involved calculating the total number of problems available, determining the maximum possible contests based...,

INFO - Metadata: {
    "task_id": 699
}

INFO - Updated entry: In this problem, both my solution and the official solution follow a similar approach, which is straightforward given the problem constraints. The task is to determine the maximum number of Division-3 contests that can be hosted given a set of problems and a limit on the number of days.

Key insi...,

INFO - Metadata: {
    "task_id": 699
}

INFO - LM call n parse attempt 1 / 3

INFO - [Task id] 699 [prompt] 
You are a helpful assistant that writes a description of the given function written in the Python programming language.

1) Do not mention the function name.
2) Do not mention anything about helper functions.
3) There might be some helper functions before the main function, but you only need to describe the main function.
4) Try to summarize the function in no more than 6 sentences.
5) Your response should be a single line of text.

INFO - [Task id] 699 [prompt] 
def max_contests(T, test_cases):
    results = []
    for i in range(T):
        N, K, D = test_cases[i][0]
        A = test_cases[i][1]
        
        # Calculate the total number of problems
        total_problems = sum(A)
        
        # Calculate the maximum number of contests that can be hosted
        max_possible_contests = total_problems // K
        
        # The actual number of contests is limited by the number of days D
        max_contests = min(max_possible_contests, D)
        
        # Store the result for this test case
        results.append(max_contests)
    
    return results

def main():
    import sys
    input = sys.stdin.read
    data = input().split()
    
    index = 0
    T = int(data[index])
    index += 1
    
    test_cases = []
    for _ in range(T):
        N, K, D = map(int, data[index:index+3])
        index += 3
        A = list(map(int, data[index:index+N]))
        index += N
        test_cases.append(((N, K, D), A))
    
    results = max_contests(T, test_cases)
    
    for result in results:
        print(result)

if __name__ == "__main__":
    main()


The main function is `main`.
INFO - [Task id] 699 [generation text] The function reads input data from standard input, which includes multiple test cases, each specifying the number of problems, the number of problems required per contest, and the number of days available. It processes each test case to determine the maximum number of contests that can be held, given the constraints of the total number of problems available and the number of days. It calculates the total number of problems for each test case and determines the maximum possible contests by dividing this total by the number of problems required per contest. The result for each test case is the minimum between this calculated maximum and the number of days available. Finally, it prints the results for all test cases.
INFO - LM call n parse attempt 1 / 3

INFO - [Task id] 699 [prompt] 
You are a helpful assistant that extracts important information from problems and solutions to aid in searchability and education.

## Instructions
- Read through the problem and solution carefully.
- Reason out, step by step, in what scenarios this knowledge would be useful.
- Focus on general patterns and situations to help connect this knowledge to new situations.
- Then, include a list of keywords that are useful for searching this problem/solution pair.

## Response format
Respond in JSON, and follow the keys and expected format of the values strictly.

The output should be formatted as a JSON instance that conforms to the JSON schema below.

As an example, for the schema {"properties": {"foo": {"title": "Foo", "description": "a list of strings", "type": "array", "items": {"type": "string"}}}, "required": ["foo"]}
the object {"foo": ["bar", "baz"]} is a well-formatted instance of the schema. The object {"properties": {"foo": ["bar", "baz"]}} is not well-formatted.

Here is the output schema:
```
{"properties": {"scenarios": {"description": "In what scenarios will this knowledge be useful? Answer in a paragraph.", "title": "Scenarios", "type": "string"}, "keywords": {"description": "List of keywords that are useful for searching this problem/solution pair", "items": {"type": "string"}, "title": "Keywords", "type": "array"}}, "required": ["scenarios", "keywords"]}
```

INFO - [Task id] 699 [prompt] 
[Problem]
    Chef wants to host some Division-3 contests. Chef has $N$ setters who are busy creating new problems for him. The $i^{th}$ setter has made $A_i$ problems where $1 \leq i \leq N$.    
    A Division-3 contest should have exactly $K$ problems. Chef wants to plan for the next $D$ days using the problems that they have currently. But Chef cannot host more than one Division-3 contest in a day.
    Given these constraints, can you help Chef find the maximum number of Division-3 contests that can be hosted in these $D$ days?

    -----Input:-----
    - The first line of input contains a single integer $T$ denoting the number of test cases. The description of $T$ test cases follows.
    - The first line of each test case contains three space-separated integers - $N$, $K$ and $D$ respectively.
    - The second line of each test case contains $N$ space-separated integers $A_1, A_2, \ldots, A_N$ respectively. 

    -----Output:-----
    For each test case, print a single line containing one integer ― the maximum number of Division-3 contests Chef can host in these $D$ days.

    -----Constraints-----
    - $1 \leq T \leq 10^3$
    - $1 \leq N \leq 10^2$
    - $1 \le K \le 10^9$ 
    - $1 \le D \le 10^9$
    - $1 \le A_i \le 10^7$ for each valid $i$

    -----Subtasks-----
    Subtask #1 (40 points):
    - $N = 1$
    - $1 \le A_1 \le 10^5$
    Subtask #2 (60 points): Original constraints

    -----Sample Input:-----
    5
    1 5 31
    4
    1 10 3
    23
    2 5 7
    20 36
    2 5 10
    19 2
    3 3 300
    1 1 1

    -----Sample Output:-----
    0
    2
    7
    4
    1

    -----Explanation:-----
    - 
    Example case 1: Chef only has $A_1 = 4$ problems and he needs $K = 5$ problems for a Division-3 contest. So Chef won't be able to host any Division-3 contest in these 31 days. Hence the first output is $0$.
    - 
    Example case 2: Chef has $A_1 = 23$ problems and he needs $K = 10$ problems for a Division-3 contest. Chef can choose any $10+10 = 20$ problems and host $2$ Division-3 contests in these 3 days. Hence the second output is $2$.
    - 
    Example case 3: Chef has $A_1 = 20$ problems from setter-1 and $A_2 = 36$ problems from setter-2, and so has a total of $56$ problems. Chef needs $K = 5$ problems for each Division-3 contest. Hence Chef can prepare $11$ Division-3 contests. But since we are planning only for the next $D = 7$ days and Chef cannot host more than $1$ contest in a day, Chef cannot host more than $7$ contests. Hence the third output is $7$.
[/Problem]

[Solution]

    def max_contests(T, test_cases):
        results = []
        for i in range(T):
            N, K, D = test_cases[i][0]
            A = test_cases[i][1]
        
            # Calculate the total number of problems
            total_problems = sum(A)
        
            # Calculate the maximum number of contests that can be hosted
            max_possible_contests = total_problems // K
        
            # The actual number of contests is limited by the number of days D
            max_contests = min(max_possible_contests, D)
        
            # Store the result for this test case
            results.append(max_contests)
    
        return results

    def main():
        import sys
        input = sys.stdin.read
        data = input().split()
    
        index = 0
        T = int(data[index])
        index += 1
    
        test_cases = []
        for _ in range(T):
            N, K, D = map(int, data[index:index+3])
            index += 3
            A = list(map(int, data[index:index+N]))
            index += N
            test_cases.append(((N, K, D), A))
    
        results = max_contests(T, test_cases)
    
        for result in results:
            print(result)

    if __name__ == "__main__":
        main()

[/Solution]

INFO - [Task id] 699 [generation text] 
INFO - {
    "scenarios": "This knowledge is useful in scenarios where there is a need to allocate limited resources over a fixed period, ensuring that constraints are met. For example, in event planning where each event requires a certain number of resources, and there is a limit on how many events can be held in a given timeframe. It is also applicable in project management, where tasks require a certain number of resources, and there is a deadline for completion. The solution involves calculating the total available resources, determining how many complete sets of resources can be formed, and then limiting the number of events or tasks by the maximum allowed within the given period.",
    "keywords": [
        "Division-3 contests",
        "resource allocation",
        "event planning",
        "problem setting",
        "constraints",
        "maximum contests",
        "project management",
        "resource management",
        "programming contests"
    ]
}
INFO - {
    "scenarios": "This knowledge is useful in scenarios where there is a need to allocate limited resources over a fixed period, ensuring that constraints are met. For example, in event planning where each event requires a certain number of resources, and there is a limit on how many events can be held in a given timeframe. It is also applicable in project management, where tasks require a certain number of resources, and there is a deadline for completion. The solution involves calculating the total available resources, determining how many complete sets of resources can be formed, and then limiting the number of events or tasks by the maximum allowed within the given period.",
    "keywords": [
        "Division-3 contests",
        "resource allocation",
        "event planning",
        "problem setting",
        "constraints",
        "maximum contests",
        "project management",
        "resource management",
        "programming contests"
    ]
}
INFO - Updated entry: 
[description for function: main]
The function reads input data from standard input, which includes multiple test cases, each specifying the number of problems, the number of problems required per contest, and the number of days available. It processes each test case to determine the maximum numb...,

INFO - Metadata: {
    "task": 699,
    "code": "\ndef max_contests(T, test_cases):\n    results = []\n    for i in range(T):\n        N, K, D = test_cases[i][0]\n        A = test_cases[i][1]\n        \n        # Calculate the total number of problems\n        total_problems = sum(A)\n        \n        # Calculat...

