INFO - DB skill doc count: 0

INFO - DB non_func doc count: 22

INFO - DB semantic doc count: 429

INFO - DB summaries doc count: 26

INFO - DB reflections doc count: 26

INFO - DB episodic doc count: 47

INFO - [train iter]: 26/100 

INFO - The task prompt is It is an interesting exercise to write a program to print out all permutations of $1, 2, …, n$. However, since there are $6227020800$ permutations of $1, 2, …, 13$, it is unlikely that we would ever run this program on an input of size more than $10$.
However, here is another interesting problem ...

INFO - Attempting task_id 1304
INFO - LM call n parse attempt 1 / 3

INFO - [Task id] 1304 [prompt] 
You are an expert programmer tasked with solving the problem below.

Follow the user's instructions to solve the problem.
The user can ask for analysis, code, or both.

## Instructions
When asked to output code,
- Make sure to wrap your code in '```python' and '```' Markdown delimiters, 
- include exactly one block of code with the entire solution
- No outside libraries are allowed. 
- Builtins are allowed.
- If the task specifies a function name to be used, follow it strictly (be case sensitive!) and declare the that function last (helper functions are declared first).
- DO NOT write any assert statements / tests.

## Problem
[BEGIN PROBLEM]
It is an interesting exercise to write a program to print out all permutations of $1, 2, …, n$. However, since there are $6227020800$ permutations of $1, 2, …, 13$, it is unlikely that we would ever run this program on an input of size more than $10$.
However, here is another interesting problem whose solution can also be used to generate permutations. We can order the permutations of $1, 2, …, n$ under the lexicographic (or dictionary) order. Here are the permutations of $1,2,3$ in lexicographic order:
123132213231312321123132213231312321 1 \, 2 \, 3 \quad    1 \, 3 \, 2 \quad     2 \, 1 \, 3 \quad     2 \, 3 \, 1 \quad     3 \, 1 \, 2 \quad     3 \, 2 \, 1 
The problem we have is the following: given a permutation of $1,2, …, n$, generate the next permutation in lexicographic order. For example, for $2 3 1 4$ the answer is $2 3 4 1$.

-----Input:-----
The first line of the input contains two integers, $N$ and $K$. This is followed by $K$ lines, each of which contains one permutation of $1, 2,…,N$.

-----Output:-----
The output should consist of $K$ lines. Line $i$ should contain the lexicographically next permutation correponding to the permutation on line $i+1$ in the input.

-----Constraints:-----
- $1 \leq N \leq 1000$.
- $1 \leq K \leq 10$.

-----Sample input-----
3 2
3 1 2
2 3 1

-----Sample output-----
3 2 1
3 1 2

The output code needs to read from and write to standard IO


[END PROBLEM]

INFO - [Task id] 1304 [prompt] 
## Instructions

Reason through the problem and:
1. Restate the problem in plain English
2. Conceptualize a solution first in plain English
3. Write a pseudocode solution
4. Output the final Python 3 solution with your solution steps in comments.

Make sure to wrap your code in '```python' and '```' Markdown delimiters, 
and include exactly one block of code with the entire solution.

No outside libraries are allowed.
Builtins are allowed.

INFO - [Task id] 1304 [generation text] ### Problem Restatement

We are given a number `N` and a number `K`, followed by `K` permutations of the numbers from `1` to `N`. Our task is to find the next permutation in lexicographic order for each of these `K` permutations and output them.

### Conceptual Solution

1. **Understanding Lexicographic Order**: Lexicographic order is similar to dictionary order. For permutations, it means arranging numbers in the order they would appear if sorted.

2. **Finding the Next Permutation**:
   - Start from the end of the permutation and find the first pair of consecutive elements where the earlier element is smaller than the later one. This identifies the point where the order can be increased.
   - Swap this element with the smallest element to its right that is larger than it.
   - Reverse the sequence to the right of the original position of the first element to get the smallest possible order.

3. **Edge Case**: If the permutation is the last in lexicographic order (i.e., sorted in descending order), the next permutation is the first permutation (i.e., sorted in ascending order).

### Pseudocode

```
function next_permutation(perm):
    n = length of perm
    i = n - 2
    while i >= 0 and perm[i] >= perm[i + 1]:
        i -= 1
    if i == -1:
        reverse perm from start to end
        return perm
    j = n - 1
    while perm[j] <= perm[i]:
        j -= 1
    swap perm[i] and perm[j]
    reverse perm from i + 1 to end
    return perm

read N, K
for each permutation in input:
    result = next_permutation(permutation)
    print result
```

### Python Code

```python
def next_permutation(perm):
    n = len(perm)
    i = n - 2
    
    # Find the first decreasing element from the end
    while i >= 0 and perm[i] >= perm[i + 1]:
        i -= 1
    
    if i == -1:
        # If no such element is found, the permutation is the last one
        perm.reverse()
    else:
        # Find the smallest element larger than perm[i] to the right of i
        j = n - 1
        while perm[j] <= perm[i]:
            j -= 1
        # Swap elements at i and j
        perm[i], perm[j] = perm[j], perm[i]
        # Reverse the sequence from i+1 to end to get the next permutation
        perm[i + 1:] = reversed(perm[i + 1:])
    
    return perm

def main():
    import sys
    input = sys.stdin.read
    data = input().split()
    
    N = int(data[0])
    K = int(data[1])
    
    index = 2
    results = []
    for _ in range(K):
        permutation = list(map(int, data[index:index + N]))
        index += N
        next_perm = next_permutation(permutation)
        results.append(' '.join(map(str, next_perm)))
    
    for result in results:
        print(result)

if __name__ == "__main__":
    main()
```

This code reads input from standard input, processes each permutation to find its next lexicographic permutation, and prints the results. The `next_permutation` function implements the logic to find the next permutation as described in the conceptual solution.
INFO - [35m Rollout attempt 1/4[0m
INFO - [33m Retrieving 1 entries for db: episodic 
 [0m
INFO - Retrieved (score=0.3083):

[Task]:
    For a permutation P = (p1, p2, ..., pN) of numbers [1, 2, ..., N], we define the function f(P) = max(p1, p2) + max(p2, p3) + ... + max(pN-1, pN).
    You are given N and an integer K. Find and report a permutation P of [1, 2, ..., N] such that f(P) = K, if such a permutation exists.
...


INFO - [33m Retrieving 1 entries for db: semantic 
 [0m
INFO - Retrieved (score=0.3895):
Title: Generating all $K$-combinations
Part: 1/1
# Generating all $K$-combinations

In this article we will discuss the problem of generating all $K$-combinations.
Given the natural numbers $N$ and $K$, and considering a set of numbers from $1$ to $N$.
The task is to derive all **subsets of size ...


INFO - [33m Retrieving 1 entries for db: reflections 
 [0m
INFO - Retrieved (score=0.4082):
Reflecting on the problem-solving process for this permutation problem, there are several key insights and lessons learned:

1. **Understanding the Problem Constraints**: The problem involves finding a permutation of numbers that satisfies a specific sum condition. The constraints on the sum, der...


INFO - [33m Retrieving 1 entries for db: summaries 
 [0m
INFO - Retrieved (score=0.3470):
In this problem, the task was to find a permutation of numbers from 1 to N such that a specific function f(P) equals a given integer K. The function f(P) is defined as the sum of the maximum of each pair of consecutive elements in the permutation. The challenge was to determine if such a permutat...


INFO - [33m Retrieving 1 entries for db: non_func 
 [0m
INFO - Retrieved (score=0.3460):

[description for function: find_permutation]
The function reads input data to determine the number of test cases, and for each test case, it reads two integers, N and K. It calculates the maximum and minimum possible sums of a permutation of numbers from 1 to N. If K is outside this range, it ap...


INFO - Retrieved (score=0.3083): 
[Past Memory]:

    [Task]:
        For a permutation P = (p1, p2, ..., pN) of numbers [1, 2, ..., N], we define the function f(P) = max(p1, p2) + max(p2, p3) + ... + max(pN-1, pN).
        You are given N and an integer K. Find and report a permutation P of [1, 2, ..., N] such that f(P) = K, if...
INFO - LM call n parse attempt 1 / 3

INFO - [Task id] 1304 [prompt] 
You are an expert programmer tasked with solving the problem below.

Follow the user's instructions to solve the problem.
The user can ask for analysis, code, or both.

## Instructions
When asked to output code,
- Make sure to wrap your code in '```python' and '```' Markdown delimiters, 
- include exactly one block of code with the entire solution
- No outside libraries are allowed. 
- Builtins are allowed.
- If the task specifies a function name to be used, follow it strictly (be case sensitive!) and declare the that function last (helper functions are declared first).
- DO NOT write any assert statements / tests.

## Problem
[BEGIN PROBLEM]
It is an interesting exercise to write a program to print out all permutations of $1, 2, …, n$. However, since there are $6227020800$ permutations of $1, 2, …, 13$, it is unlikely that we would ever run this program on an input of size more than $10$.
However, here is another interesting problem whose solution can also be used to generate permutations. We can order the permutations of $1, 2, …, n$ under the lexicographic (or dictionary) order. Here are the permutations of $1,2,3$ in lexicographic order:
123132213231312321123132213231312321 1 \, 2 \, 3 \quad    1 \, 3 \, 2 \quad     2 \, 1 \, 3 \quad     2 \, 3 \, 1 \quad     3 \, 1 \, 2 \quad     3 \, 2 \, 1 
The problem we have is the following: given a permutation of $1,2, …, n$, generate the next permutation in lexicographic order. For example, for $2 3 1 4$ the answer is $2 3 4 1$.

-----Input:-----
The first line of the input contains two integers, $N$ and $K$. This is followed by $K$ lines, each of which contains one permutation of $1, 2,…,N$.

-----Output:-----
The output should consist of $K$ lines. Line $i$ should contain the lexicographically next permutation correponding to the permutation on line $i+1$ in the input.

-----Constraints:-----
- $1 \leq N \leq 1000$.
- $1 \leq K \leq 10$.

-----Sample input-----
3 2
3 1 2
2 3 1

-----Sample output-----
3 2 1
3 1 2

The output code needs to read from and write to standard IO


[END PROBLEM]

INFO - [Task id] 1304 [prompt] 
## Instructions

Reason through the problem and:
1. Restate the problem in plain English
2. Conceptualize a solution first in plain English
3. Write a pseudocode solution
4. Output the final Python 3 solution with your solution steps in comments.

Make sure to wrap your code in '```python' and '```' Markdown delimiters, 
and include exactly one block of code with the entire solution.

No outside libraries are allowed.
Builtins are allowed.

INFO - [Task id] 1304 [prompt] 
Also, here are some of your memories.
Feel free to use the given information to aid your problem solving process if necessary.
Do not confuse the memories with the problem statement.

## Memories

[Past Memory]:

    [Task]:
        For a permutation P = (p1, p2, ..., pN) of numbers [1, 2, ..., N], we define the function f(P) = max(p1, p2) + max(p2, p3) + ... + max(pN-1, pN).
        You are given N and an integer K. Find and report a permutation P of [1, 2, ..., N] such that f(P) = K, if such a permutation exists.
        Note f([1]) = 0.

        -----Input-----
        - The first line of the input contains an integer T denoting the number of test cases. The description of T test cases follows.
        - The only line of each test case consists of two space-separated integers N, K respectively.

        -----Output-----
        For each test case, if a permutation satisfying the condition exists, output a single line containing N space-separated integers which denotes any such permutation. If no such permutation exists, output a single integer -1 instead.
        Use fast I/O methods since the size of the output is large.

        -----Constraints-----
        - 1 ≤ T ≤ 40
        - 1 ≤ N ≤ 105
        - Sum of N over all test cases in each file ≤ 106
        - 0 ≤ K ≤ 2 * 1010

        -----Example-----
        Input:
        3
        4 12
        2 2
        5 14

        Output:
        -1
        1 2
        5 4 3 2 1

        -----Explanation-----
        Example 1. There doesn't exist any permutation of numbers [1, 2, 3, 4] that can have its f value equal to 4. Hence answer is -1.
        Example 2. The permutations [1, 2] and [2, 1] both have their f values equal to 2. You can print any of these two permutations. 
        Example 3. The permutation [5, 4, 3, 2, 1]
        has f value = max(5, 4) + max(4, 3) + max(3, 2) + max(2, 1) = 5 + 4 + 3 + 2 = 14.
    [/Task]

    [Previous Critique]:
        Let's analyze the problem with the current solution and identify where it might have gone wrong:

        1. **Input/Output Handling**: The code is designed to read from standard input and write to standard output. However, the function `find_permutation` is defined but never called. This means that the logic inside the function is never executed, leading to no output.

        2. **Permutation Construction Logic**: The logic for constructing the permutation is based on starting with a descending order and adjusting it to achieve the desired sum K. This logic seems correct in principle, but it needs to be executed to verify its correctness.

        3. **Feasibility Check**: The feasibility check for whether a permutation can achieve the desired sum K is based on comparing K with the minimum and maximum possible values of f(P). This part seems logically sound.

        4. **Execution**: The main issue is that the function is not being executed, which is why no output is being produced.

        To fix the problem, we need to ensure that the function is called and executed properly. Let's adjust the code to ensure it runs as expected:

        ```python
        def find_permutation():
            import sys
            input = sys.stdin.read
            data = input().split()
    
            index = 0
            T = int(data[index])
            index += 1
            results = []
    
            for _ in range(T):
                N = int(data[index])
                K = int(data[index + 1])
                index += 2
        
                max_possible = (N * (N + 1) // 2) - 1
                min_possible = (N * (N - 1) // 2)
        
                if K < min_possible or K > max_possible:
                    results.append("-1")
                else:
                    permutation = list(range(N, 0, -1))
                    current_sum = max_possible
            
                    for i in range(N - 1):
                        if current_sum == K:
                            break
                        if current_sum - (permutation[i] - permutation[i + 1]) >= K:
                            current_sum -= (permutation[i] - permutation[i + 1])
                            permutation[i], permutation[i + 1] = permutation[i + 1], permutation[i]
            
                    results.append(" ".join(map(str, permutation)))
    
            sys.stdout.write("\n".join(results) + "\n")

        # Call the function to execute the logic
        find_permutation()
        ```

        ### Key Changes:
        - **Function Call**: The function `find_permutation` is now called at the end of the script to ensure that the logic is executed.
        - **Input Handling**: The input is read from standard input, and the function processes it as expected.
        - **Output Handling**: The results are collected in a list and written to standard output at the end.

        This should address the issue of no output being produced and allow the code to be tested properly.
    [/Previous Critique]

    [Thought Process and Code]:
        ```python
        def find_permutation():
            import sys
            input = sys.stdin.read
            data = input().split()
    
            index = 0
            T = int(data[index])
            index += 1
            results = []
    
            for _ in range(T):
                N = int(data[index])
                K = int(data[index + 1])
                index += 2
        
                max_possible = (N * (N + 1) // 2) - 1
                min_possible = (N * (N - 1) // 2)
        
                if K < min_possible or K > max_possible:
                    results.append("-1")
                else:
                    permutation = list(range(N, 0, -1))
                    current_sum = max_possible
            
                    for i in range(N - 1):
                        if current_sum == K:
                            break
                        if current_sum - (permutation[i] - permutation[i + 1]) >= K:
                            current_sum -= (permutation[i] - permutation[i + 1])
                            permutation[i], permutation[i + 1] = permutation[i + 1], permutation[i]
            
                    results.append(" ".join(map(str, permutation)))
    
            sys.stdout.write("\n".join(results) + "\n")

        # Call the function to execute the logic
        find_permutation()
        ```

        ### Explanation:
        - **Function Call**: The function `find_permutation` is called at the end to ensure the logic is executed.
        - **Input Handling**: The input is read using `sys.stdin.read` for efficiency with large inputs.
        - **Output Handling**: The results are collected in a list and written to standard output at the end.
        - **Permutation Construction**: The logic constructs a permutation starting from the descending order and adjusts it to achieve the desired sum K, if possible.
    [/Thought Process and Code]

    [Environment Feedback]:
        Note: Inputs/outputs here are automatically extracted/truncated so formatting may be a bit off.
        Tests passed:

         Input: ['3', '4 12', '2 2', '5 14'] Output: [{'-1'}, {'2', '1'}, {'2', '1', '5', '4', '3'}]

        Tests failed:
        None
    [/Environment Feedback]

    [Result]:
        Success
    [/Result]

[/Past Memory]


INFO - [Task id] 1304 [generation text] ### Problem Restatement

Given a permutation of numbers from 1 to N, the task is to find the next permutation in lexicographic order. We are provided with K permutations, and for each permutation, we need to output its next permutation in lexicographic order.

### Conceptual Solution

1. **Understanding Lexicographic Order**: Lexicographic order is similar to dictionary order. For permutations, it means arranging numbers in increasing order.

2. **Finding the Next Permutation**:
   - Start from the end of the permutation and find the first pair of consecutive elements where the earlier element is smaller than the later one. This identifies the point where the order can be increased.
   - Swap this element with the smallest element to its right that is larger than it.
   - Reverse the sequence to the right of the original position of the first element to get the smallest possible order.

3. **Edge Case**: If the permutation is the largest possible (i.e., in descending order), the next permutation is the smallest possible (i.e., in ascending order).

### Pseudocode

```
function next_permutation(perm):
    n = length of perm
    i = n - 2
    while i >= 0 and perm[i] >= perm[i + 1]:
        i -= 1
    if i >= 0:
        j = n - 1
        while perm[j] <= perm[i]:
            j -= 1
        swap perm[i] and perm[j]
    reverse perm from i + 1 to end
    return perm

function main():
    read N and K
    for each of K permutations:
        read permutation
        print next_permutation(permutation)
```

### Final Python Solution

```python
def next_permutation(perm):
    n = len(perm)
    i = n - 2
    # Find the first decreasing element from the end
    while i >= 0 and perm[i] >= perm[i + 1]:
        i -= 1
    if i >= 0:
        j = n - 1
        # Find the element just larger than perm[i]
        while perm[j] <= perm[i]:
            j -= 1
        # Swap them
        perm[i], perm[j] = perm[j], perm[i]
    # Reverse the sequence from i+1 to end
    perm[i + 1:] = reversed(perm[i + 1:])
    return perm

def main():
    import sys
    input = sys.stdin.read
    data = input().split()
    
    N = int(data[0])
    K = int(data[1])
    index = 2
    
    results = []
    for _ in range(K):
        permutation = list(map(int, data[index:index + N]))
        index += N
        next_perm = next_permutation(permutation)
        results.append(" ".join(map(str, next_perm)))
    
    for result in results:
        print(result)

# Call the main function to execute the logic
main()
```

### Explanation

- **next_permutation**: This function implements the logic to find the next permutation in lexicographic order.
- **main**: This function handles input and output. It reads the input, processes each permutation using `next_permutation`, and prints the results.
INFO - program_code:
 
def next_permutation(perm):
    n = len(perm)
    i = n - 2
    # Find the first decreasing element from the end
    while i >= 0 and perm[i] >= perm[i + 1]:
        i -= 1
    if i >= 0:
        j = n - 1
        # Find the element just larger than perm[i]
        while perm[j] <= perm[i]:
            j -= 1
        # Swap them
        perm[i], perm[j] = perm[j], perm[i]
    # Reverse the sequence from i+1 to end
    perm[i + 1:] = reversed(perm[i + 1:])
    return perm

def main():
    import sys
    input = sys.stdin.read
    data = input().split()
    
    N = int(data[0])
    K = int(data[1])
    index = 2
    
    results = []
    for _ in range(K):
        permutation = list(map(int, data[index:index + N]))
        index += N
        next_perm = next_permutation(permutation)
        results.append(" ".join(map(str, next_perm)))
    
    for result in results:
        print(result)

# Call the main function to execute the logic
main()


INFO - program_name:
 main

INFO - dependencies:
 []

INFO - raw_msg:
 ### Problem Restatement

Given a permutation of numbers from 1 to N, the task is to find the next permutation in lexicographic order. We are provided with K permutations, and for each permutation, we need to output its next permutation in lexicographic order.

### Conceptual Solution

1. **Understanding Lexicographic Order**: Lexicographic order is similar to dictionary order. For permutations, it means arranging numbers in increasing order.

2. **Finding the Next Permutation**:
   - Start from the end of the permutation and find the first pair of consecutive elements where the earlier element is smaller than the later one. This identifies the point where the order can be increased.
   - Swap this element with the smallest element to its right that is larger than it.
   - Reverse the sequence to the right of the original position of the first element to get the smallest possible order.

3. **Edge Case**: If the permutation is the largest possible (i.e., in descending order), the next permutation is the smallest possible (i.e., in ascending order).

### Pseudocode

```
function next_permutation(perm):
    n = length of perm
    i = n - 2
    while i >= 0 and perm[i] >= perm[i + 1]:
        i -= 1
    if i >= 0:
        j = n - 1
        while perm[j] <= perm[i]:
            j -= 1
        swap perm[i] and perm[j]
    reverse perm from i + 1 to end
    return perm

function main():
    read N and K
    for each of K permutations:
        read permutation
        print next_permutation(permutation)
```

### Final Python Solution

```python
def next_permutation(perm):
    n = len(perm)
    i = n - 2
    # Find the first decreasing element from the end
    while i >= 0 and perm[i] >= perm[i + 1]:
        i -= 1
    if i >= 0:
        j = n - 1
        # Find the element just larger than perm[i]
        while perm[j] <= perm[i]:
            j -= 1
        # Swap them
        perm[i], perm[j] = perm[j], perm[i]
    # Reverse the sequence from i+1 to end
    perm[i + 1:] = reversed(perm[i + 1:])
    return perm

def main():
    import sys
    input = sys.stdin.read
    data = input().split()
    
    N = int(data[0])
    K = int(data[1])
    index = 2
    
    results = []
    for _ in range(K):
        permutation = list(map(int, data[index:index + N]))
        index += N
        next_perm = next_permutation(permutation)
        results.append(" ".join(map(str, next_perm)))
    
    for result in results:
        print(result)

# Call the main function to execute the logic
main()
```

### Explanation

- **next_permutation**: This function implements the logic to find the next permutation in lexicographic order.
- **main**: This function handles input and output. It reads the input, processes each permutation using `next_permutation`, and prints the results.

INFO - no_parent:
 False

INFO - full code to be executed: 
 
def next_permutation(perm):
    n = len(perm)
    i = n - 2
    # Find the first decreasing element from the end
    while i >= 0 and perm[i] >= perm[i + 1]:
        i -= 1
    if i >= 0:
        j = n - 1
        # Find the element just larger than perm[i]
        while perm[j] <= perm[i]:
            j -= 1
        # Swap them
        perm[i], perm[j] = perm[j], perm[i]
    # Reverse the sequence from i+1 to end
    perm[i + 1:] = reversed(perm[i + 1:])
    return perm

def main():
    import sys
    input = sys.stdin.read
    data = input().split()
    
    N = int(data[0])
    K = int(data[1])
    index = 2
    
    results = []
    for _ in range(K):
        permutation = list(map(int, data[index:index + N]))
        index += N
        next_perm = next_permutation(permutation)
        results.append(" ".join(map(str, next_perm)))
    
    for result in results:
        print(result)

# Call the main function to execute the logic
main()


INFO - obs: Note: Inputs/outputs here are automatically extracted/truncated so formatting may be a bit off.
Tests passed:

 Input: ['3 2', '3 1 2', '2 3 1', ''] Output: 3 2 1
3 1 2 

Tests failed:
None
reward: True
done: None
info: {'individual_results': [True]}
INFO - Updated entry: 
[Task]:
    It is an interesting exercise to write a program to print out all permutations of $1, 2, …, n$. However, since there are $6227020800$ permutations of $1, 2, …, 13$, it is unlikely that we would ever run this program on an input of size more than $10$.
    However, here is another int...,

INFO - Metadata: {
    "raw_msg": "### Problem Restatement\n\nGiven a permutation of numbers from 1 to N, the task is to find the next permutation in lexicographic order. We are provided with K permutations, and for each permutation, we need to output its next permutation in lexicographic order.\n\n### Conceptual...

INFO - LM call n parse attempt 1 / 3

INFO - [Task id] 1304 [prompt] 
You are an expert programmer tasked with solving the problem below.

Follow the user's instructions to solve the problem.
The user can ask for analysis, code, or both.

## Instructions
When asked to output code,
- Make sure to wrap your code in '```python' and '```' Markdown delimiters, 
- include exactly one block of code with the entire solution
- No outside libraries are allowed. 
- Builtins are allowed.
- If the task specifies a function name to be used, follow it strictly (be case sensitive!) and declare the that function last (helper functions are declared first).
- DO NOT write any assert statements / tests.

## Problem
[BEGIN PROBLEM]
It is an interesting exercise to write a program to print out all permutations of $1, 2, …, n$. However, since there are $6227020800$ permutations of $1, 2, …, 13$, it is unlikely that we would ever run this program on an input of size more than $10$.
However, here is another interesting problem whose solution can also be used to generate permutations. We can order the permutations of $1, 2, …, n$ under the lexicographic (or dictionary) order. Here are the permutations of $1,2,3$ in lexicographic order:
123132213231312321123132213231312321 1 \, 2 \, 3 \quad    1 \, 3 \, 2 \quad     2 \, 1 \, 3 \quad     2 \, 3 \, 1 \quad     3 \, 1 \, 2 \quad     3 \, 2 \, 1 
The problem we have is the following: given a permutation of $1,2, …, n$, generate the next permutation in lexicographic order. For example, for $2 3 1 4$ the answer is $2 3 4 1$.

-----Input:-----
The first line of the input contains two integers, $N$ and $K$. This is followed by $K$ lines, each of which contains one permutation of $1, 2,…,N$.

-----Output:-----
The output should consist of $K$ lines. Line $i$ should contain the lexicographically next permutation correponding to the permutation on line $i+1$ in the input.

-----Constraints:-----
- $1 \leq N \leq 1000$.
- $1 \leq K \leq 10$.

-----Sample input-----
3 2
3 1 2
2 3 1

-----Sample output-----
3 2 1
3 1 2

The output code needs to read from and write to standard IO


[END PROBLEM]

INFO - [Task id] 1304 [prompt] 
## Instructions

Reason through the problem and:
1. Restate the problem in plain English
2. Conceptualize a solution first in plain English
3. Write a pseudocode solution
4. Output the final Python 3 solution with your solution steps in comments.

Make sure to wrap your code in '```python' and '```' Markdown delimiters, 
and include exactly one block of code with the entire solution.

No outside libraries are allowed.
Builtins are allowed.

INFO - [Task id] 1304 [prompt] ### Problem Restatement

Given a permutation of numbers from 1 to N, the task is to find the next permutation in lexicographic order. We are provided with K permutations, and for each permutation, we need to output its next permutation in lexicographic order.

### Conceptual Solution

1. **Understanding Lexicographic Order**: Lexicographic order is similar to dictionary order. For permutations, it means arranging numbers in increasing order.

2. **Finding the Next Permutation**:
   - Start from the end of the permutation and find the first pair of consecutive elements where the earlier element is smaller than the later one. This identifies the point where the order can be increased.
   - Swap this element with the smallest element to its right that is larger than it.
   - Reverse the sequence to the right of the original position of the first element to get the smallest possible order.

3. **Edge Case**: If the permutation is the largest possible (i.e., in descending order), the next permutation is the smallest possible (i.e., in ascending order).

### Pseudocode

```
function next_permutation(perm):
    n = length of perm
    i = n - 2
    while i >= 0 and perm[i] >= perm[i + 1]:
        i -= 1
    if i >= 0:
        j = n - 1
        while perm[j] <= perm[i]:
            j -= 1
        swap perm[i] and perm[j]
    reverse perm from i + 1 to end
    return perm

function main():
    read N and K
    for each of K permutations:
        read permutation
        print next_permutation(permutation)
```

### Final Python Solution

```python
def next_permutation(perm):
    n = len(perm)
    i = n - 2
    # Find the first decreasing element from the end
    while i >= 0 and perm[i] >= perm[i + 1]:
        i -= 1
    if i >= 0:
        j = n - 1
        # Find the element just larger than perm[i]
        while perm[j] <= perm[i]:
            j -= 1
        # Swap them
        perm[i], perm[j] = perm[j], perm[i]
    # Reverse the sequence from i+1 to end
    perm[i + 1:] = reversed(perm[i + 1:])
    return perm

def main():
    import sys
    input = sys.stdin.read
    data = input().split()
    
    N = int(data[0])
    K = int(data[1])
    index = 2
    
    results = []
    for _ in range(K):
        permutation = list(map(int, data[index:index + N]))
        index += N
        next_perm = next_permutation(permutation)
        results.append(" ".join(map(str, next_perm)))
    
    for result in results:
        print(result)

# Call the main function to execute the logic
main()
```

### Explanation

- **next_permutation**: This function implements the logic to find the next permutation in lexicographic order.
- **main**: This function handles input and output. It reads the input, processes each permutation using `next_permutation`, and prints the results.
INFO - [Task id] 1304 [prompt] 
[Environment Feedback]:
    Note: Inputs/outputs here are automatically extracted/truncated so formatting may be a bit off.
    Tests passed:

     Input: ['3 2', '3 1 2', '2 3 1', ''] Output: 3 2 1
    3 1 2 

    Tests failed:
    None
[/Environment Feedback]

INFO - [Task id] 1304 [prompt] 
## Instructions
Now, summarize your attempts as a **standalone** document for your own future reference. (can skip formalities, be concise)

- Only include the most relevant information and code snippets that could be useful in the future.
- If you did not learn much from the current experience (e.g. the problem was too easy), feel free to write less or nothing at all.
- Here are some ideas if the experience was useful:
    - Identifying the core concepts and patterns that problem appears to test for
    - Describing the strategies that seemed to work but did not, and vice versa
    - Describing unexpected errors and how they were fixed

Your summary should be at most a few paragraphs.

INFO - [Task id] 1304 [generation text] In this problem, the core concept was generating the next permutation in lexicographic order. The task involved understanding how permutations can be ordered similarly to dictionary entries and finding the next sequence in this order. The key steps included identifying the first decreasing element from the end, swapping it with the smallest larger element to its right, and reversing the sequence to the right of the original position to ensure the smallest possible order.

The strategy that worked was based on a well-known algorithm for generating the next permutation. This involves:
1. Scanning the permutation from right to left to find the first pair where the earlier element is smaller than the later one.
2. Swapping this element with the smallest element to its right that is larger.
3. Reversing the sequence to the right of the original position to achieve the next lexicographic order.

The implementation was straightforward, and the solution passed all tests without any issues. This problem reinforced the understanding of permutation generation and manipulation, which is a common pattern in combinatorial problems. The approach is efficient and works well within the given constraints.
INFO - LM call n parse attempt 1 / 3

INFO - [Task id] 1304 [prompt] 
You are an expert programmer tasked with solving the problem below.

Follow the user's instructions to solve the problem.
The user can ask for analysis, code, or both.

## Instructions
When asked to output code,
- Make sure to wrap your code in '```python' and '```' Markdown delimiters, 
- include exactly one block of code with the entire solution
- No outside libraries are allowed. 
- Builtins are allowed.
- If the task specifies a function name to be used, follow it strictly (be case sensitive!) and declare the that function last (helper functions are declared first).
- DO NOT write any assert statements / tests.

## Problem
[BEGIN PROBLEM]
It is an interesting exercise to write a program to print out all permutations of $1, 2, …, n$. However, since there are $6227020800$ permutations of $1, 2, …, 13$, it is unlikely that we would ever run this program on an input of size more than $10$.
However, here is another interesting problem whose solution can also be used to generate permutations. We can order the permutations of $1, 2, …, n$ under the lexicographic (or dictionary) order. Here are the permutations of $1,2,3$ in lexicographic order:
123132213231312321123132213231312321 1 \, 2 \, 3 \quad    1 \, 3 \, 2 \quad     2 \, 1 \, 3 \quad     2 \, 3 \, 1 \quad     3 \, 1 \, 2 \quad     3 \, 2 \, 1 
The problem we have is the following: given a permutation of $1,2, …, n$, generate the next permutation in lexicographic order. For example, for $2 3 1 4$ the answer is $2 3 4 1$.

-----Input:-----
The first line of the input contains two integers, $N$ and $K$. This is followed by $K$ lines, each of which contains one permutation of $1, 2,…,N$.

-----Output:-----
The output should consist of $K$ lines. Line $i$ should contain the lexicographically next permutation correponding to the permutation on line $i+1$ in the input.

-----Constraints:-----
- $1 \leq N \leq 1000$.
- $1 \leq K \leq 10$.

-----Sample input-----
3 2
3 1 2
2 3 1

-----Sample output-----
3 2 1
3 1 2

The output code needs to read from and write to standard IO


[END PROBLEM]

INFO - [Task id] 1304 [prompt] 
## Instructions

Reason through the problem and:
1. Restate the problem in plain English
2. Conceptualize a solution first in plain English
3. Write a pseudocode solution
4. Output the final Python 3 solution with your solution steps in comments.

Make sure to wrap your code in '```python' and '```' Markdown delimiters, 
and include exactly one block of code with the entire solution.

No outside libraries are allowed.
Builtins are allowed.

INFO - [Task id] 1304 [prompt] ### Problem Restatement

Given a permutation of numbers from 1 to N, the task is to find the next permutation in lexicographic order. We are provided with K permutations, and for each permutation, we need to output its next permutation in lexicographic order.

### Conceptual Solution

1. **Understanding Lexicographic Order**: Lexicographic order is similar to dictionary order. For permutations, it means arranging numbers in increasing order.

2. **Finding the Next Permutation**:
   - Start from the end of the permutation and find the first pair of consecutive elements where the earlier element is smaller than the later one. This identifies the point where the order can be increased.
   - Swap this element with the smallest element to its right that is larger than it.
   - Reverse the sequence to the right of the original position of the first element to get the smallest possible order.

3. **Edge Case**: If the permutation is the largest possible (i.e., in descending order), the next permutation is the smallest possible (i.e., in ascending order).

### Pseudocode

```
function next_permutation(perm):
    n = length of perm
    i = n - 2
    while i >= 0 and perm[i] >= perm[i + 1]:
        i -= 1
    if i >= 0:
        j = n - 1
        while perm[j] <= perm[i]:
            j -= 1
        swap perm[i] and perm[j]
    reverse perm from i + 1 to end
    return perm

function main():
    read N and K
    for each of K permutations:
        read permutation
        print next_permutation(permutation)
```

### Final Python Solution

```python
def next_permutation(perm):
    n = len(perm)
    i = n - 2
    # Find the first decreasing element from the end
    while i >= 0 and perm[i] >= perm[i + 1]:
        i -= 1
    if i >= 0:
        j = n - 1
        # Find the element just larger than perm[i]
        while perm[j] <= perm[i]:
            j -= 1
        # Swap them
        perm[i], perm[j] = perm[j], perm[i]
    # Reverse the sequence from i+1 to end
    perm[i + 1:] = reversed(perm[i + 1:])
    return perm

def main():
    import sys
    input = sys.stdin.read
    data = input().split()
    
    N = int(data[0])
    K = int(data[1])
    index = 2
    
    results = []
    for _ in range(K):
        permutation = list(map(int, data[index:index + N]))
        index += N
        next_perm = next_permutation(permutation)
        results.append(" ".join(map(str, next_perm)))
    
    for result in results:
        print(result)

# Call the main function to execute the logic
main()
```

### Explanation

- **next_permutation**: This function implements the logic to find the next permutation in lexicographic order.
- **main**: This function handles input and output. It reads the input, processes each permutation using `next_permutation`, and prints the results.
INFO - [Task id] 1304 [prompt] 
[Environment Feedback]:
    Note: Inputs/outputs here are automatically extracted/truncated so formatting may be a bit off.
    Tests passed:

     Input: ['3 2', '3 1 2', '2 3 1', ''] Output: 3 2 1
    3 1 2 

    Tests failed:
    None
[/Environment Feedback]

INFO - [Task id] 1304 [prompt] 
Below is the official solution (do exercise discretion as official solutions can also have mistakes).

You will be reflecting on your attempts to solve the problem.
This will be a **standalone** document for your own future reference. (can skip formalities, be concise)

## Instructions
- Only include the most relevant insights and code snippets that could be useful in the future.
- If you did not learn much from the current experience (e.g. the problem was too easy / official solution was obvious), feel free to write less or nothing at all.
- Here are some ideas if the experience was useful:
    - If the official solution is insightful (e.g. better than yours in time and space complexity or more effective in breaking down the problem statement), distil the key approach of the official solution, step by step.
    - If your approach failed the test cases, reason why the official solution works but yours does not

Your reflection should be at most a few paragraphs.

## Official solution
import sys
# import math as mt
# from collections import Counter
# from itertools import permutations
# from functools import reduce
# from heapq import nsmallest, nlargest, heapify, heappop, heappush, heapreplace

def get_inpt(): return sys.stdin.readline().strip()
def get_int(): return int(sys.stdin.readline().strip())
def get_ints(): return map(int, sys.stdin.readline().strip().split())
def get_array(): return list(map(int, sys.stdin.readline().strip().split()))

# sys.setrecursionlimit(10**7)
# INF = float('inf')
# MOD1, MOD2 = 10**9+7, 998244353

n, k = get_ints()

for _ in range(k):
    
    arr = get_array()
    
    for i in reversed(range(n-1)):
        
        if arr[i] < arr[i+1]:
            
            ind = i+1
            minn = arr[i+1]
            for j in range(i+1, n):
                if arr[j] > arr[i]:
                    minn = min(arr[j], minn)
                    ind = j
                    
            arr[i], arr[ind] = arr[ind], arr[i]
            
            arr = arr[:i+1] + sorted(arr[i+1:])
            
            break
    
    print(*arr)

INFO - [Task id] 1304 [generation text] The problem of finding the next permutation in lexicographic order is a classic algorithmic challenge. The official solution and my approach both implement the same fundamental algorithm, which is efficient and well-suited for this task. Here are some key insights and reflections from the exercise:

### Key Insights

1. **Algorithm Understanding**:
   - Both solutions utilize the same core algorithm to find the next permutation. This involves identifying the first pair of elements from the end where the earlier element is smaller, swapping it with the smallest larger element to its right, and then reversing the sequence to the right of the original position to achieve the next lexicographic order.

2. **Efficiency**:
   - The algorithm operates in O(N) time complexity for each permutation, where N is the length of the permutation. This is efficient given the constraints, as it processes each permutation in linear time.

3. **Edge Cases**:
   - The solutions handle the edge case where the permutation is the largest possible by reversing the entire sequence to return the smallest permutation.

### Reflections

- **Code Structure**: The official solution uses helper functions to read input, which can be useful for organizing code, especially in competitive programming settings. My solution directly processes input using `sys.stdin.read`, which is also effective but less modular.

- **Implementation Details**: The official solution uses a more explicit loop to find the smallest larger element, which can be slightly more intuitive to follow. My solution uses a while loop for the same purpose, which is concise but requires careful index management.

- **Learning**: This exercise reinforced the importance of understanding the underlying algorithm for generating permutations. The problem is a good example of how a well-known algorithm can be directly applied to solve a specific problem efficiently.

Overall, both solutions are correct and efficient, demonstrating the robustness of the next permutation algorithm. This problem serves as a valuable exercise in implementing and understanding a classic algorithmic technique.
INFO - Updated entry: In this problem, the core concept was generating the next permutation in lexicographic order. The task involved understanding how permutations can be ordered similarly to dictionary entries and finding the next sequence in this order. The key steps included identifying the first decreasing elemen...,

INFO - Metadata: {
    "task_id": 1304
}

INFO - Updated entry: The problem of finding the next permutation in lexicographic order is a classic algorithmic challenge. The official solution and my approach both implement the same fundamental algorithm, which is efficient and well-suited for this task. Here are some key insights and reflections from the exercis...,

INFO - Metadata: {
    "task_id": 1304
}

INFO - LM call n parse attempt 1 / 3

INFO - [Task id] 1304 [prompt] 
You are a helpful assistant that writes a description of the given function written in the Python programming language.

1) Do not mention the function name.
2) Do not mention anything about helper functions.
3) There might be some helper functions before the main function, but you only need to describe the main function.
4) Try to summarize the function in no more than 6 sentences.
5) Your response should be a single line of text.

INFO - [Task id] 1304 [prompt] 
def next_permutation(perm):
    n = len(perm)
    i = n - 2
    # Find the first decreasing element from the end
    while i >= 0 and perm[i] >= perm[i + 1]:
        i -= 1
    if i >= 0:
        j = n - 1
        # Find the element just larger than perm[i]
        while perm[j] <= perm[i]:
            j -= 1
        # Swap them
        perm[i], perm[j] = perm[j], perm[i]
    # Reverse the sequence from i+1 to end
    perm[i + 1:] = reversed(perm[i + 1:])
    return perm

def main():
    import sys
    input = sys.stdin.read
    data = input().split()
    
    N = int(data[0])
    K = int(data[1])
    index = 2
    
    results = []
    for _ in range(K):
        permutation = list(map(int, data[index:index + N]))
        index += N
        next_perm = next_permutation(permutation)
        results.append(" ".join(map(str, next_perm)))
    
    for result in results:
        print(result)

# Call the main function to execute the logic
main()


The main function is `main`.
INFO - [Task id] 1304 [generation text] The function reads input from standard input, which includes two integers, N and K, followed by K permutations of N integers each. It processes each permutation to find its next lexicographical permutation using a helper function and stores the results. After processing all permutations, it prints each resulting permutation as a space-separated string.
INFO - LM call n parse attempt 1 / 3

INFO - [Task id] 1304 [prompt] 
You are a helpful assistant that extracts important information from problems and solutions to aid in searchability and education.

## Instructions
- Read through the problem and solution carefully.
- Reason out, step by step, in what scenarios this knowledge would be useful.
- Focus on general patterns and situations to help connect this knowledge to new situations.
- Then, include a list of keywords that are useful for searching this problem/solution pair.

## Response format
Respond in JSON, and follow the keys and expected format of the values strictly.

The output should be formatted as a JSON instance that conforms to the JSON schema below.

As an example, for the schema {"properties": {"foo": {"title": "Foo", "description": "a list of strings", "type": "array", "items": {"type": "string"}}}, "required": ["foo"]}
the object {"foo": ["bar", "baz"]} is a well-formatted instance of the schema. The object {"properties": {"foo": ["bar", "baz"]}} is not well-formatted.

Here is the output schema:
```
{"properties": {"scenarios": {"description": "In what scenarios will this knowledge be useful? Answer in a paragraph.", "title": "Scenarios", "type": "string"}, "keywords": {"description": "List of keywords that are useful for searching this problem/solution pair", "items": {"type": "string"}, "title": "Keywords", "type": "array"}}, "required": ["scenarios", "keywords"]}
```

INFO - [Task id] 1304 [prompt] 
[Problem]
    It is an interesting exercise to write a program to print out all permutations of $1, 2, …, n$. However, since there are $6227020800$ permutations of $1, 2, …, 13$, it is unlikely that we would ever run this program on an input of size more than $10$.
    However, here is another interesting problem whose solution can also be used to generate permutations. We can order the permutations of $1, 2, …, n$ under the lexicographic (or dictionary) order. Here are the permutations of $1,2,3$ in lexicographic order:
    123132213231312321123132213231312321 1 \, 2 \, 3 \quad    1 \, 3 \, 2 \quad     2 \, 1 \, 3 \quad     2 \, 3 \, 1 \quad     3 \, 1 \, 2 \quad     3 \, 2 \, 1 
    The problem we have is the following: given a permutation of $1,2, …, n$, generate the next permutation in lexicographic order. For example, for $2 3 1 4$ the answer is $2 3 4 1$.

    -----Input:-----
    The first line of the input contains two integers, $N$ and $K$. This is followed by $K$ lines, each of which contains one permutation of $1, 2,…,N$.

    -----Output:-----
    The output should consist of $K$ lines. Line $i$ should contain the lexicographically next permutation correponding to the permutation on line $i+1$ in the input.

    -----Constraints:-----
    - $1 \leq N \leq 1000$.
    - $1 \leq K \leq 10$.

    -----Sample input-----
    3 2
    3 1 2
    2 3 1

    -----Sample output-----
    3 2 1
    3 1 2
[/Problem]

[Solution]

    def next_permutation(perm):
        n = len(perm)
        i = n - 2
        # Find the first decreasing element from the end
        while i >= 0 and perm[i] >= perm[i + 1]:
            i -= 1
        if i >= 0:
            j = n - 1
            # Find the element just larger than perm[i]
            while perm[j] <= perm[i]:
                j -= 1
            # Swap them
            perm[i], perm[j] = perm[j], perm[i]
        # Reverse the sequence from i+1 to end
        perm[i + 1:] = reversed(perm[i + 1:])
        return perm

    def main():
        import sys
        input = sys.stdin.read
        data = input().split()
    
        N = int(data[0])
        K = int(data[1])
        index = 2
    
        results = []
        for _ in range(K):
            permutation = list(map(int, data[index:index + N]))
            index += N
            next_perm = next_permutation(permutation)
            results.append(" ".join(map(str, next_perm)))
    
        for result in results:
            print(result)

    # Call the main function to execute the logic
    main()

[/Solution]

INFO - [Task id] 1304 [generation text] 
INFO - {
    "scenarios": "This knowledge is useful in scenarios where you need to generate permutations in lexicographic order, such as in combinatorial problems, algorithm design, and testing. It is particularly relevant in situations where you need to find the next permutation of a sequence, which is a common task in problems involving permutations and combinations. This can be applied in generating test cases, solving puzzles, or optimizing search algorithms where permutations play a role. Understanding how to efficiently find the next permutation can also be beneficial in competitive programming and coding interviews, where such problems are frequently encountered.",
    "keywords": [
        "permutations",
        "lexicographic order",
        "next permutation",
        "algorithm",
        "combinatorics",
        "sequence generation",
        "competitive programming",
        "coding interview",
        "combinatorial problems"
    ]
}
INFO - {
    "scenarios": "This knowledge is useful in scenarios where you need to generate permutations in lexicographic order, such as in combinatorial problems, algorithm design, and testing. It is particularly relevant in situations where you need to find the next permutation of a sequence, which is a common task in problems involving permutations and combinations. This can be applied in generating test cases, solving puzzles, or optimizing search algorithms where permutations play a role. Understanding how to efficiently find the next permutation can also be beneficial in competitive programming and coding interviews, where such problems are frequently encountered.",
    "keywords": [
        "permutations",
        "lexicographic order",
        "next permutation",
        "algorithm",
        "combinatorics",
        "sequence generation",
        "competitive programming",
        "coding interview",
        "combinatorial problems"
    ]
}
INFO - Updated entry: 
[description for function: main]
The function reads input from standard input, which includes two integers, N and K, followed by K permutations of N integers each. It processes each permutation to find its next lexicographical permutation using a helper function and stores the results. After pro...,

INFO - Metadata: {
    "task": 1304,
    "code": "\ndef next_permutation(perm):\n    n = len(perm)\n    i = n - 2\n    # Find the first decreasing element from the end\n    while i >= 0 and perm[i] >= perm[i + 1]:\n        i -= 1\n    if i >= 0:\n        j = n - 1\n        # Find the element just larger than perm...

