INFO - DB skill doc count: 0

INFO - DB non_func doc count: 33

INFO - DB semantic doc count: 429

INFO - DB summaries doc count: 40

INFO - DB reflections doc count: 40

INFO - DB episodic doc count: 0

INFO - [train iter]: 40/100 

INFO - The task prompt is The  Chef  has bought $N$ boxes of Tiles. The number of tiles present in  $i^{th}$ box is  $i$  ($i   $ varies from $1$ to $N$) . The Chef  has two houses  with  $N$  rooms  each, whose  floors  is a square with area $(i*i)$ ,i varies from $(1....N)$. He want to distribute equal number of tiles f...

INFO - Attempting task_id 1302
INFO - LM call n parse attempt 1 / 3

INFO - [Task id] 1302 [prompt] 
You are an expert programmer tasked with solving the problem below.

Follow the user's instructions to solve the problem.
The user can ask for analysis, code, or both.

## Instructions
When asked to output code,
- Make sure to wrap your code in '```python' and '```' Markdown delimiters, 
- include exactly one block of code with the entire solution
- No outside libraries are allowed. 
- Builtins are allowed.
- If the task specifies a function name to be used, follow it strictly (be case sensitive!) and declare the that function last (helper functions are declared first).
- DO NOT write any assert statements / tests.

## Problem
[BEGIN PROBLEM]
The  Chef  has bought $N$ boxes of Tiles. The number of tiles present in  $i^{th}$ box is  $i$  ($i   $ varies from $1$ to $N$) . The Chef  has two houses  with  $N$  rooms  each, whose  floors  is a square with area $(i*i)$ ,i varies from $(1....N)$. He want to distribute equal number of tiles from $i^{th}$ box to any two rooms (each room must belong to one house ) such that all tiles  of $i^ { th}$  box is used and floor of  both rooms of different houses are tiled completely.
Since chef is busy doing some other works so he wants your help to count the total number of rooms of both houses that will be tiled completely.
Note $:$ size of  each tile present in boxes has length and breadth equal to $1$. It is not mandatory to use all the boxes.
A room should be tilled completely from a single box.

-----Input:-----
- First line will contain $T$, number of testcases. Then the testcases follow. 
- Each testcase contains one integer $N$.

-----Output:-----
For each testcase print  the total number of rooms of both houses that will be tiled completely.

-----Constraints-----
- $1 \leq T \leq 5000$
- $1 \leq N \leq 10^{12}$

-----Sample Input:-----
1
16

-----Sample Output:-----
4

-----EXPLANATION:-----
The room $1$ and $2$ of both the houses are completely tiled.

The output code needs to read from and write to standard IO


[END PROBLEM]

INFO - [Task id] 1302 [prompt] 
## Instructions

Reason through the problem and:
1. Restate the problem in plain English
2. Conceptualize a solution first in plain English
3. Write a pseudocode solution
4. Output the final Python 3 solution with your solution steps in comments.

Make sure to wrap your code in '```python' and '```' Markdown delimiters, 
and include exactly one block of code with the entire solution.

No outside libraries are allowed.
Builtins are allowed.

INFO - [Task id] 1302 [generation text] ### Problem Restatement

The problem involves distributing tiles from boxes to rooms in two houses. Each box `i` contains `i` tiles, and each house has `N` rooms with areas from `1x1` to `NxN`. The goal is to determine how many rooms can be completely tiled using the tiles from the boxes, with the condition that each room in one house must be paired with a room in the other house, and both must be tiled using tiles from the same box.

### Conceptual Solution

1. **Understand the Pairing Requirement**: For a room of size `i*i` in one house to be tiled, there must be another room of the same size in the other house that can also be tiled using the same number of tiles. This means we need `2*i*i` tiles to tile both rooms.

2. **Determine Feasibility**: For each box `i`, check if `i` tiles can be used to tile two rooms of size `i*i`. This is only possible if `2*i*i <= i`, which simplifies to `2*i <= 1`, meaning `i` must be `1` or `2`.

3. **Count the Rooms**: For each valid `i`, there are two rooms (one in each house) that can be tiled. Therefore, the total number of rooms that can be tiled is `2` for each valid `i`.

4. **Iterate Over Test Cases**: For each test case, determine the maximum `i` that satisfies the condition and count the rooms accordingly.

### Pseudocode

```
function count_tiled_rooms(T, test_cases):
    for each N in test_cases:
        count = 0
        for i from 1 to N:
            if 2*i*i <= i:
                count += 2
        print count
```

### Python Solution

```python
def count_tiled_rooms(T, test_cases):
    results = []
    for N in test_cases:
        count = 0
        # We only need to check i = 1 and i = 2 because for i > 2, 2*i*i > i
        if N >= 1:
            count += 2  # For i = 1, two rooms can be tiled
        if N >= 2:
            count += 2  # For i = 2, two rooms can be tiled
        results.append(count)
    
    for result in results:
        print(result)

# Example usage:
# T = 1
# test_cases = [16]
# count_tiled_rooms(T, test_cases)
```

### Explanation of the Code

- **Loop through Test Cases**: For each test case, we determine how many rooms can be tiled.
- **Check Valid `i` Values**: We only need to check `i = 1` and `i = 2` because for any `i > 2`, the condition `2*i*i <= i` is not satisfied.
- **Count Rooms**: For each valid `i`, add `2` to the count because two rooms (one in each house) can be tiled.
- **Output Results**: After processing all test cases, print the results.
INFO - [35m Rollout attempt 1/4[0m
INFO - [33m Retrieving 1 entries for db: semantic 
 [0m
INFO - Retrieved (score=0.5008):
Chapter: Dynamic programming
Section: Counting tilings
Part: 1/1
\section{Counting tilings}

Sometimes the states of a dynamic programming solution
are more complex than fixed combinations of numbers.
As an example,
consider the problem of calculating
the number of distinct ways to
fill an $n \ti...


INFO - [33m Retrieving 1 entries for db: reflections 
 [0m
INFO - Retrieved (score=0.4361):
Reflecting on the problem-solving process and comparing it with the official solution, here are some key insights:

1. **Combinatorial Counting**: Both my solution and the official solution rely on combinatorial mathematics to determine the number of subsets where a specific number `I` appears at...


INFO - [33m Retrieving 1 entries for db: summaries 
 [0m
INFO - Retrieved (score=0.4025):
In tackling the problem of determining the minimum number of reservoirs needed to cover all hills in a mountain range, I initially misunderstood the optimal strategy for placing reservoirs. The problem required understanding how water flows from a reservoir until it encounters a taller hill, and ...


INFO - [33m Retrieving 1 entries for db: non_func 
 [0m
INFO - Retrieved (score=0.4999):

[description for function: main]
The function reads input data from standard input, which includes the number of test cases and for each test case, two integers N and K. It then processes each test case by calling another function to find a permutation of numbers from 1 to N such that a specific...


INFO - Retrieved (score=0.4025): 
[Summary]:
    In tackling the problem of determining the minimum number of reservoirs needed to cover all hills in a mountain range, I initially misunderstood the optimal strategy for placing reservoirs. The problem required understanding how water flows from a reservoir until it encounters a t...
INFO - LM call n parse attempt 1 / 3

INFO - [Task id] 1302 [prompt] 
You are an expert programmer tasked with solving the problem below.

Follow the user's instructions to solve the problem.
The user can ask for analysis, code, or both.

## Instructions
When asked to output code,
- Make sure to wrap your code in '```python' and '```' Markdown delimiters, 
- include exactly one block of code with the entire solution
- No outside libraries are allowed. 
- Builtins are allowed.
- If the task specifies a function name to be used, follow it strictly (be case sensitive!) and declare the that function last (helper functions are declared first).
- DO NOT write any assert statements / tests.

## Problem
[BEGIN PROBLEM]
The  Chef  has bought $N$ boxes of Tiles. The number of tiles present in  $i^{th}$ box is  $i$  ($i   $ varies from $1$ to $N$) . The Chef  has two houses  with  $N$  rooms  each, whose  floors  is a square with area $(i*i)$ ,i varies from $(1....N)$. He want to distribute equal number of tiles from $i^{th}$ box to any two rooms (each room must belong to one house ) such that all tiles  of $i^ { th}$  box is used and floor of  both rooms of different houses are tiled completely.
Since chef is busy doing some other works so he wants your help to count the total number of rooms of both houses that will be tiled completely.
Note $:$ size of  each tile present in boxes has length and breadth equal to $1$. It is not mandatory to use all the boxes.
A room should be tilled completely from a single box.

-----Input:-----
- First line will contain $T$, number of testcases. Then the testcases follow. 
- Each testcase contains one integer $N$.

-----Output:-----
For each testcase print  the total number of rooms of both houses that will be tiled completely.

-----Constraints-----
- $1 \leq T \leq 5000$
- $1 \leq N \leq 10^{12}$

-----Sample Input:-----
1
16

-----Sample Output:-----
4

-----EXPLANATION:-----
The room $1$ and $2$ of both the houses are completely tiled.

The output code needs to read from and write to standard IO


[END PROBLEM]

INFO - [Task id] 1302 [prompt] 
## Instructions

Reason through the problem and:
1. Restate the problem in plain English
2. Conceptualize a solution first in plain English
3. Write a pseudocode solution
4. Output the final Python 3 solution with your solution steps in comments.

Make sure to wrap your code in '```python' and '```' Markdown delimiters, 
and include exactly one block of code with the entire solution.

No outside libraries are allowed.
Builtins are allowed.

INFO - [Task id] 1302 [prompt] 
Also, here are some of your memories.
Feel free to use the given information to aid your problem solving process if necessary.
Do not confuse the memories with the problem statement.

## Memories

[Summary]:
    In tackling the problem of determining the minimum number of reservoirs needed to cover all hills in a mountain range, I initially misunderstood the optimal strategy for placing reservoirs. The problem required understanding how water flows from a reservoir until it encounters a taller hill, and how to strategically place reservoirs to minimize their number.

    ### Core Concepts:
    - **Reservoir Placement**: Water flows from a reservoir until it hits a taller hill. Thus, reservoirs should be placed at strategic points to cover as many hills as possible.
    - **Two-Pass Strategy**: A left-to-right and right-to-left pass helps identify potential reservoir placements by tracking the highest hill encountered so far.

    ### Strategies:
    - **Initial Strategy**: I attempted to count reservoirs by taking the minimum of the counts from both directions, which was incorrect. This approach failed to account for the fact that each direction might cover different sets of hills.
    - **Correct Strategy**: The correct approach was to take the maximum of the two counts, ensuring that all hills are covered by considering the optimal coverage from both directions.

    ### Errors and Fixes:
    - **Misinterpretation of Results**: Initially, I misunderstood the combination of results from both directions, leading to incorrect outputs.
    - **Correcting the Logic**: By focusing on the maximum of the two directional counts, I ensured that all hills were covered optimally, which resolved the issue.

    ### Code Snippet:
    ```python
    def minReservoirs(T, test_cases):
        results = []
        for case in test_cases:
            N, heights = case

            # Left to right pass
            left_to_right_reservoirs = 0
            max_height_left = 0
            for i in range(N):
                if heights[i] > max_height_left:
                    left_to_right_reservoirs += 1
                    max_height_left = heights[i]

            # Right to left pass
            right_to_left_reservoirs = 0
            max_height_right = 0
            for i in range(N-1, -1, -1):
                if heights[i] > max_height_right:
                    right_to_left_reservoirs += 1
                    max_height_right = heights[i]

            # The result for this test case is the maximum of the two
            results.append(max(left_to_right_reservoirs, right_to_left_reservoirs))

        for result in results:
            print(result)
    ```

    This experience highlighted the importance of correctly interpreting problem requirements and the need for strategic thinking in algorithm design.
[/Summary]


INFO - [Task id] 1302 [generation text] ## Problem Restatement

The problem involves distributing tiles from boxes to rooms in two houses. Each box contains a number of tiles equal to its index, and each room has a floor area that is a perfect square. The goal is to determine how many rooms can be completely tiled using the tiles from the boxes, with the constraint that each room must be tiled using tiles from a single box, and the tiles must be distributed equally between two rooms (one in each house).

## Conceptual Solution

1. **Understanding the Problem**: For each box `i`, it contains `i` tiles. We need to find two rooms, one in each house, such that both rooms can be completely tiled using exactly `i/2` tiles each. This means the area of each room must be `i/2`.

2. **Perfect Square Condition**: A room can only be tiled if its area is a perfect square. Therefore, `i/2` must be a perfect square for the tiles from box `i` to be used.

3. **Iterate Over Boxes**: For each box from 1 to N, check if `i/2` is a perfect square. If it is, then two rooms can be tiled (one in each house).

4. **Count the Rooms**: Count the number of such `i` values for which `i/2` is a perfect square. This count will be the number of rooms that can be completely tiled.

## Pseudocode

```
function countTiledRooms(T, test_cases):
    for each N in test_cases:
        count = 0
        for i from 1 to N:
            if i is even:
                half_i = i / 2
                if half_i is a perfect square:
                    count += 2
        print count
```

## Final Python Solution

```python
def countTiledRooms(T, test_cases):
    import sys
    input = sys.stdin.read
    data = input().split()
    
    T = int(data[0])
    results = []
    
    for t in range(T):
        N = int(data[t + 1])
        count = 0
        i = 2
        while i * i <= N:
            count += 2
            i += 1
        results.append(count)
    
    for result in results:
        print(result)
```

### Explanation of the Code

- **Input Handling**: We read all input at once and split it into a list of strings. The first element is the number of test cases `T`, and the subsequent elements are the values of `N` for each test case.

- **Iterate Over Test Cases**: For each test case, we initialize a count to zero.

- **Iterate Over Possible Perfect Squares**: We iterate over possible perfect squares `i*i` starting from `2*2` (since `1*1` would not allow for two rooms to be tiled) and check if `i*i` is less than or equal to `N`.

- **Count Rooms**: For each valid perfect square, we increment the count by 2 because each perfect square allows for two rooms to be tiled (one in each house).

- **Output Results**: Finally, we print the results for each test case.
INFO - program_code:
 
def countTiledRooms(T, test_cases):
    import sys
    input = sys.stdin.read
    data = input().split()
    
    T = int(data[0])
    results = []
    
    for t in range(T):
        N = int(data[t + 1])
        count = 0
        i = 2
        while i * i <= N:
            count += 2
            i += 1
        results.append(count)
    
    for result in results:
        print(result)


INFO - program_name:
 countTiledRooms

INFO - dependencies:
 []

INFO - raw_msg:
 ## Problem Restatement

The problem involves distributing tiles from boxes to rooms in two houses. Each box contains a number of tiles equal to its index, and each room has a floor area that is a perfect square. The goal is to determine how many rooms can be completely tiled using the tiles from the boxes, with the constraint that each room must be tiled using tiles from a single box, and the tiles must be distributed equally between two rooms (one in each house).

## Conceptual Solution

1. **Understanding the Problem**: For each box `i`, it contains `i` tiles. We need to find two rooms, one in each house, such that both rooms can be completely tiled using exactly `i/2` tiles each. This means the area of each room must be `i/2`.

2. **Perfect Square Condition**: A room can only be tiled if its area is a perfect square. Therefore, `i/2` must be a perfect square for the tiles from box `i` to be used.

3. **Iterate Over Boxes**: For each box from 1 to N, check if `i/2` is a perfect square. If it is, then two rooms can be tiled (one in each house).

4. **Count the Rooms**: Count the number of such `i` values for which `i/2` is a perfect square. This count will be the number of rooms that can be completely tiled.

## Pseudocode

```
function countTiledRooms(T, test_cases):
    for each N in test_cases:
        count = 0
        for i from 1 to N:
            if i is even:
                half_i = i / 2
                if half_i is a perfect square:
                    count += 2
        print count
```

## Final Python Solution

```python
def countTiledRooms(T, test_cases):
    import sys
    input = sys.stdin.read
    data = input().split()
    
    T = int(data[0])
    results = []
    
    for t in range(T):
        N = int(data[t + 1])
        count = 0
        i = 2
        while i * i <= N:
            count += 2
            i += 1
        results.append(count)
    
    for result in results:
        print(result)
```

### Explanation of the Code

- **Input Handling**: We read all input at once and split it into a list of strings. The first element is the number of test cases `T`, and the subsequent elements are the values of `N` for each test case.

- **Iterate Over Test Cases**: For each test case, we initialize a count to zero.

- **Iterate Over Possible Perfect Squares**: We iterate over possible perfect squares `i*i` starting from `2*2` (since `1*1` would not allow for two rooms to be tiled) and check if `i*i` is less than or equal to `N`.

- **Count Rooms**: For each valid perfect square, we increment the count by 2 because each perfect square allows for two rooms to be tiled (one in each house).

- **Output Results**: Finally, we print the results for each test case.

INFO - no_parent:
 False

INFO - full code to be executed: 
 
def countTiledRooms(T, test_cases):
    import sys
    input = sys.stdin.read
    data = input().split()
    
    T = int(data[0])
    results = []
    
    for t in range(T):
        N = int(data[t + 1])
        count = 0
        i = 2
        while i * i <= N:
            count += 2
            i += 1
        results.append(count)
    
    for result in results:
        print(result)


INFO - obs: Note: Inputs/outputs here are automatically extracted/truncated so formatting may be a bit off.
Tests passed:

None

Tests failed:
 Input: ['1', '16'] Expected output: [{'4'}] # Execution output: []
No output detected. You might want to check the reading from / writing to standard IO.
A common mistake is to put the IO inside a function, but the function is not called.

reward: False
done: None
info: {'individual_results': [False]}
INFO - [35m Rollout attempt 2/4[0m
INFO - LM call n parse attempt 1 / 3

INFO - [Task id] 1302 [prompt] 
You are an expert programmer tasked with solving the problem below.

Follow the user's instructions to solve the problem.
The user can ask for analysis, code, or both.

## Instructions
When asked to output code,
- Make sure to wrap your code in '```python' and '```' Markdown delimiters, 
- include exactly one block of code with the entire solution
- No outside libraries are allowed. 
- Builtins are allowed.
- If the task specifies a function name to be used, follow it strictly (be case sensitive!) and declare the that function last (helper functions are declared first).
- DO NOT write any assert statements / tests.

## Problem
[BEGIN PROBLEM]
The  Chef  has bought $N$ boxes of Tiles. The number of tiles present in  $i^{th}$ box is  $i$  ($i   $ varies from $1$ to $N$) . The Chef  has two houses  with  $N$  rooms  each, whose  floors  is a square with area $(i*i)$ ,i varies from $(1....N)$. He want to distribute equal number of tiles from $i^{th}$ box to any two rooms (each room must belong to one house ) such that all tiles  of $i^ { th}$  box is used and floor of  both rooms of different houses are tiled completely.
Since chef is busy doing some other works so he wants your help to count the total number of rooms of both houses that will be tiled completely.
Note $:$ size of  each tile present in boxes has length and breadth equal to $1$. It is not mandatory to use all the boxes.
A room should be tilled completely from a single box.

-----Input:-----
- First line will contain $T$, number of testcases. Then the testcases follow. 
- Each testcase contains one integer $N$.

-----Output:-----
For each testcase print  the total number of rooms of both houses that will be tiled completely.

-----Constraints-----
- $1 \leq T \leq 5000$
- $1 \leq N \leq 10^{12}$

-----Sample Input:-----
1
16

-----Sample Output:-----
4

-----EXPLANATION:-----
The room $1$ and $2$ of both the houses are completely tiled.

The output code needs to read from and write to standard IO


[END PROBLEM]

INFO - [Task id] 1302 [prompt] 
## Instructions

Reason through the problem and:
1. Restate the problem in plain English
2. Conceptualize a solution first in plain English
3. Write a pseudocode solution
4. Output the final Python 3 solution with your solution steps in comments.

Make sure to wrap your code in '```python' and '```' Markdown delimiters, 
and include exactly one block of code with the entire solution.

No outside libraries are allowed.
Builtins are allowed.

INFO - [Task id] 1302 [prompt] ## Problem Restatement

The problem involves distributing tiles from boxes to rooms in two houses. Each box contains a number of tiles equal to its index, and each room has a floor area that is a perfect square. The goal is to determine how many rooms can be completely tiled using the tiles from the boxes, with the constraint that each room must be tiled using tiles from a single box, and the tiles must be distributed equally between two rooms (one in each house).

## Conceptual Solution

1. **Understanding the Problem**: For each box `i`, it contains `i` tiles. We need to find two rooms, one in each house, such that both rooms can be completely tiled using exactly `i/2` tiles each. This means the area of each room must be `i/2`.

2. **Perfect Square Condition**: A room can only be tiled if its area is a perfect square. Therefore, `i/2` must be a perfect square for the tiles from box `i` to be used.

3. **Iterate Over Boxes**: For each box from 1 to N, check if `i/2` is a perfect square. If it is, then two rooms can be tiled (one in each house).

4. **Count the Rooms**: Count the number of such `i` values for which `i/2` is a perfect square. This count will be the number of rooms that can be completely tiled.

## Pseudocode

```
function countTiledRooms(T, test_cases):
    for each N in test_cases:
        count = 0
        for i from 1 to N:
            if i is even:
                half_i = i / 2
                if half_i is a perfect square:
                    count += 2
        print count
```

## Final Python Solution

```python
def countTiledRooms(T, test_cases):
    import sys
    input = sys.stdin.read
    data = input().split()
    
    T = int(data[0])
    results = []
    
    for t in range(T):
        N = int(data[t + 1])
        count = 0
        i = 2
        while i * i <= N:
            count += 2
            i += 1
        results.append(count)
    
    for result in results:
        print(result)
```

### Explanation of the Code

- **Input Handling**: We read all input at once and split it into a list of strings. The first element is the number of test cases `T`, and the subsequent elements are the values of `N` for each test case.

- **Iterate Over Test Cases**: For each test case, we initialize a count to zero.

- **Iterate Over Possible Perfect Squares**: We iterate over possible perfect squares `i*i` starting from `2*2` (since `1*1` would not allow for two rooms to be tiled) and check if `i*i` is less than or equal to `N`.

- **Count Rooms**: For each valid perfect square, we increment the count by 2 because each perfect square allows for two rooms to be tiled (one in each house).

- **Output Results**: Finally, we print the results for each test case.
INFO - [Task id] 1302 [prompt] 
[Environment Feedback]:
    Note: Inputs/outputs here are automatically extracted/truncated so formatting may be a bit off.
    Tests passed:

    None

    Tests failed:
     Input: ['1', '16'] Expected output: [{'4'}] # Execution output: []
    No output detected. You might want to check the reading from / writing to standard IO.
    A common mistake is to put the IO inside a function, but the function is not called.

[/Environment Feedback]

INFO - [Task id] 1302 [prompt] 
The code doesn't pass all the tests.

## Instructions
- First, think step-by-step about why your code is wrong.
- Then, think step-by-step about where you went wrong in your latest solution.

INFO - [Task id] 1302 [generation text] ## Analysis of the Problem

The issue with the current solution is related to how the input and output are handled. The function `countTiledRooms` is defined but never called, and the input is not being read correctly from standard input. Additionally, the logic for counting the rooms is incorrect because it doesn't correctly handle the condition for when `i/2` is a perfect square.

## Step-by-Step Correction

1. **Input Handling**: The input should be read directly from standard input, and the function should be called to process the input.

2. **Logic Correction**: The logic should correctly identify when `i/2` is a perfect square. This means for each `i` from 1 to `N`, we should check if `i` is even and if `i/2` is a perfect square.

3. **Output**: The results should be printed after processing all test cases.

## Revised Solution

```python
import sys
import math

def countTiledRooms():
    input = sys.stdin.read
    data = input().split()
    
    T = int(data[0])
    results = []
    
    for t in range(T):
        N = int(data[t + 1])
        count = 0
        for i in range(1, N + 1):
            if i % 2 == 0:
                half_i = i // 2
                if math.isqrt(half_i) ** 2 == half_i:
                    count += 2
        results.append(count)
    
    for result in results:
        print(result)

countTiledRooms()
```

### Explanation of the Revised Code

- **Input Handling**: The input is read using `sys.stdin.read` and split into a list of strings. The first element is the number of test cases `T`, and the subsequent elements are the values of `N` for each test case.

- **Iterate Over Test Cases**: For each test case, we initialize a count to zero.

- **Iterate Over Boxes**: For each `i` from 1 to `N`, we check if `i` is even. If it is, we calculate `half_i = i // 2`.

- **Check Perfect Square**: We use `math.isqrt(half_i)` to find the integer square root of `half_i` and check if squaring it gives back `half_i`. If it does, it means `half_i` is a perfect square, and we increment the count by 2.

- **Output Results**: After processing all test cases, we print the results. The function `countTiledRooms` is called to execute the logic.
INFO - [33m Retrieving 1 entries for db: semantic 
 [0m
INFO - Retrieved (score=0.4653):
Title: 15 Puzzle Game: Existence Of The Solution
Part: 1/1
# 15 Puzzle Game: Existence Of The Solution

This game is played on a $4 \times 4$ board. On this board there are $15$ playing tiles numbered from 1 to 15. One cell is left empty (denoted by 0). You need to get the board to the position p...


INFO - [33m Retrieving 1 entries for db: reflections 
 [0m
INFO - Retrieved (score=0.3827):
Reflecting on the problem-solving process and comparing it with the official solution, here are some key insights:

1. **Combinatorial Counting**: Both my solution and the official solution rely on combinatorial mathematics to determine the number of subsets where a specific number `I` appears at...


INFO - [33m Retrieving 1 entries for db: summaries 
 [0m
INFO - Retrieved (score=0.3714):
In this problem, I needed to determine the N'th term of a specific series: 0, 1, 5, 14, 30, 55, ..., for multiple test cases. The key was to identify the pattern in the series. By examining the differences between consecutive terms, I noticed that they were perfect squares (1, 4, 9, 16, 25, ...),...


INFO - [33m Retrieving 1 entries for db: non_func 
 [0m
INFO - Retrieved (score=0.4412):

[description for function: main]
The function reads input from standard input, where the first line contains an integer T representing the number of test cases, followed by T integers. For each integer N, it calculates the N'th term using a specific formula and stores the result. After processin...


INFO - Retrieved (score=0.3714): 
[Summary]:
    In this problem, I needed to determine the N'th term of a specific series: 0, 1, 5, 14, 30, 55, ..., for multiple test cases. The key was to identify the pattern in the series. By examining the differences between consecutive terms, I noticed that they were perfect squares (1, 4, ...
INFO - LM call n parse attempt 1 / 3

INFO - [Task id] 1302 [prompt] 
You are an expert programmer tasked with solving the problem below.

Follow the user's instructions to solve the problem.
The user can ask for analysis, code, or both.

## Instructions
When asked to output code,
- Make sure to wrap your code in '```python' and '```' Markdown delimiters, 
- include exactly one block of code with the entire solution
- No outside libraries are allowed. 
- Builtins are allowed.
- If the task specifies a function name to be used, follow it strictly (be case sensitive!) and declare the that function last (helper functions are declared first).
- DO NOT write any assert statements / tests.

## Problem
[BEGIN PROBLEM]
The  Chef  has bought $N$ boxes of Tiles. The number of tiles present in  $i^{th}$ box is  $i$  ($i   $ varies from $1$ to $N$) . The Chef  has two houses  with  $N$  rooms  each, whose  floors  is a square with area $(i*i)$ ,i varies from $(1....N)$. He want to distribute equal number of tiles from $i^{th}$ box to any two rooms (each room must belong to one house ) such that all tiles  of $i^ { th}$  box is used and floor of  both rooms of different houses are tiled completely.
Since chef is busy doing some other works so he wants your help to count the total number of rooms of both houses that will be tiled completely.
Note $:$ size of  each tile present in boxes has length and breadth equal to $1$. It is not mandatory to use all the boxes.
A room should be tilled completely from a single box.

-----Input:-----
- First line will contain $T$, number of testcases. Then the testcases follow. 
- Each testcase contains one integer $N$.

-----Output:-----
For each testcase print  the total number of rooms of both houses that will be tiled completely.

-----Constraints-----
- $1 \leq T \leq 5000$
- $1 \leq N \leq 10^{12}$

-----Sample Input:-----
1
16

-----Sample Output:-----
4

-----EXPLANATION:-----
The room $1$ and $2$ of both the houses are completely tiled.

The output code needs to read from and write to standard IO


[END PROBLEM]

INFO - [Task id] 1302 [prompt] 
## Instructions

Reason through the problem and:
1. Restate the problem in plain English
2. Conceptualize a solution first in plain English
3. Write a pseudocode solution
4. Output the final Python 3 solution with your solution steps in comments.

Make sure to wrap your code in '```python' and '```' Markdown delimiters, 
and include exactly one block of code with the entire solution.

No outside libraries are allowed.
Builtins are allowed.

INFO - [Task id] 1302 [prompt] ## Problem Restatement

The problem involves distributing tiles from boxes to rooms in two houses. Each box contains a number of tiles equal to its index, and each room has a floor area that is a perfect square. The goal is to determine how many rooms can be completely tiled using the tiles from the boxes, with the constraint that each room must be tiled using tiles from a single box, and the tiles must be distributed equally between two rooms (one in each house).

## Conceptual Solution

1. **Understanding the Problem**: For each box `i`, it contains `i` tiles. We need to find two rooms, one in each house, such that both rooms can be completely tiled using exactly `i/2` tiles each. This means the area of each room must be `i/2`.

2. **Perfect Square Condition**: A room can only be tiled if its area is a perfect square. Therefore, `i/2` must be a perfect square for the tiles from box `i` to be used.

3. **Iterate Over Boxes**: For each box from 1 to N, check if `i/2` is a perfect square. If it is, then two rooms can be tiled (one in each house).

4. **Count the Rooms**: Count the number of such `i` values for which `i/2` is a perfect square. This count will be the number of rooms that can be completely tiled.

## Pseudocode

```
function countTiledRooms(T, test_cases):
    for each N in test_cases:
        count = 0
        for i from 1 to N:
            if i is even:
                half_i = i / 2
                if half_i is a perfect square:
                    count += 2
        print count
```

## Final Python Solution

```python
def countTiledRooms(T, test_cases):
    import sys
    input = sys.stdin.read
    data = input().split()
    
    T = int(data[0])
    results = []
    
    for t in range(T):
        N = int(data[t + 1])
        count = 0
        i = 2
        while i * i <= N:
            count += 2
            i += 1
        results.append(count)
    
    for result in results:
        print(result)
```

### Explanation of the Code

- **Input Handling**: We read all input at once and split it into a list of strings. The first element is the number of test cases `T`, and the subsequent elements are the values of `N` for each test case.

- **Iterate Over Test Cases**: For each test case, we initialize a count to zero.

- **Iterate Over Possible Perfect Squares**: We iterate over possible perfect squares `i*i` starting from `2*2` (since `1*1` would not allow for two rooms to be tiled) and check if `i*i` is less than or equal to `N`.

- **Count Rooms**: For each valid perfect square, we increment the count by 2 because each perfect square allows for two rooms to be tiled (one in each house).

- **Output Results**: Finally, we print the results for each test case.
INFO - [Task id] 1302 [prompt] 
[Environment Feedback]:
    Note: Inputs/outputs here are automatically extracted/truncated so formatting may be a bit off.
    Tests passed:

    None

    Tests failed:
     Input: ['1', '16'] Expected output: [{'4'}] # Execution output: []
    No output detected. You might want to check the reading from / writing to standard IO.
    A common mistake is to put the IO inside a function, but the function is not called.

[/Environment Feedback]

INFO - [Task id] 1302 [prompt] 
The code doesn't pass all the tests.

## Instructions
- First, think step-by-step about why your code is wrong.
- Then, think step-by-step about where you went wrong in your latest solution.

INFO - [Task id] 1302 [prompt] ## Analysis of the Problem

The issue with the current solution is related to how the input and output are handled. The function `countTiledRooms` is defined but never called, and the input is not being read correctly from standard input. Additionally, the logic for counting the rooms is incorrect because it doesn't correctly handle the condition for when `i/2` is a perfect square.

## Step-by-Step Correction

1. **Input Handling**: The input should be read directly from standard input, and the function should be called to process the input.

2. **Logic Correction**: The logic should correctly identify when `i/2` is a perfect square. This means for each `i` from 1 to `N`, we should check if `i` is even and if `i/2` is a perfect square.

3. **Output**: The results should be printed after processing all test cases.

## Revised Solution

```python
import sys
import math

def countTiledRooms():
    input = sys.stdin.read
    data = input().split()
    
    T = int(data[0])
    results = []
    
    for t in range(T):
        N = int(data[t + 1])
        count = 0
        for i in range(1, N + 1):
            if i % 2 == 0:
                half_i = i // 2
                if math.isqrt(half_i) ** 2 == half_i:
                    count += 2
        results.append(count)
    
    for result in results:
        print(result)

countTiledRooms()
```

### Explanation of the Revised Code

- **Input Handling**: The input is read using `sys.stdin.read` and split into a list of strings. The first element is the number of test cases `T`, and the subsequent elements are the values of `N` for each test case.

- **Iterate Over Test Cases**: For each test case, we initialize a count to zero.

- **Iterate Over Boxes**: For each `i` from 1 to `N`, we check if `i` is even. If it is, we calculate `half_i = i // 2`.

- **Check Perfect Square**: We use `math.isqrt(half_i)` to find the integer square root of `half_i` and check if squaring it gives back `half_i`. If it does, it means `half_i` is a perfect square, and we increment the count by 2.

- **Output Results**: After processing all test cases, we print the results. The function `countTiledRooms` is called to execute the logic.
INFO - [Task id] 1302 [prompt] 
## Instructions
Now, given your insights, try to fix the solution. 
Output a block of correct python3 code to be executed and evaluated again. 

Make sure to wrap your code in '```python' and '```' Markdown delimiters.

INFO - [Task id] 1302 [prompt] 
Also, here are some of your memories.
Feel free to use the given information to aid your problem solving process if necessary.
Do not confuse the memories with the problem statement.

## Memories

[Summary]:
    In this problem, I needed to determine the N'th term of a specific series: 0, 1, 5, 14, 30, 55, ..., for multiple test cases. The key was to identify the pattern in the series. By examining the differences between consecutive terms, I noticed that they were perfect squares (1, 4, 9, 16, 25, ...), which led to the realization that the series is generated by the sum of squares of the first (N-1) natural numbers.

    The formula for the N'th term was derived as:
    \[ a_N = \sum_{i=1}^{N-1} i^2 = \frac{(N-1) \cdot N \cdot (2N-1)}{6} \]

    This formula allowed for efficient computation of the N'th term, which is crucial given the constraints (up to 10,000 test cases and N as large as 10,000). The implementation involved reading input, computing the term using the formula, and outputting the result for each test case.

    The solution was straightforward once the pattern was identified, and the derived formula was implemented correctly. This problem reinforced the importance of recognizing mathematical patterns and deriving formulas for efficient computation.
[/Summary]


INFO - [Task id] 1302 [generation text] ```python
import sys
import math

def countTiledRooms():
    input = sys.stdin.read
    data = input().split()
    
    T = int(data[0])
    results = []
    
    for t in range(T):
        N = int(data[t + 1])
        count = 0
        i = 1
        while i * i * 2 <= N:
            count += 2
            i += 1
        results.append(count)
    
    for result in results:
        print(result)

countTiledRooms()
```

### Explanation of the Corrected Code

- **Input Handling**: The input is read using `sys.stdin.read` and split into a list of strings. The first element is the number of test cases `T`, and the subsequent elements are the values of `N` for each test case.

- **Iterate Over Test Cases**: For each test case, we initialize a count to zero.

- **Iterate Over Possible Perfect Squares**: We iterate over possible perfect squares `i*i` and check if `2 * i * i` is less than or equal to `N`. This checks if `i*i` can be used to tile two rooms (one in each house).

- **Count Rooms**: For each valid perfect square, we increment the count by 2 because each perfect square allows for two rooms to be tiled (one in each house).

- **Output Results**: After processing all test cases, we print the results. The function `countTiledRooms` is called to execute the logic.
INFO - program_code:
 
import sys
import math

def countTiledRooms():
    input = sys.stdin.read
    data = input().split()
    
    T = int(data[0])
    results = []
    
    for t in range(T):
        N = int(data[t + 1])
        count = 0
        i = 1
        while i * i * 2 <= N:
            count += 2
            i += 1
        results.append(count)
    
    for result in results:
        print(result)

countTiledRooms()


INFO - program_name:
 countTiledRooms

INFO - dependencies:
 []

INFO - raw_msg:
 ```python
import sys
import math

def countTiledRooms():
    input = sys.stdin.read
    data = input().split()
    
    T = int(data[0])
    results = []
    
    for t in range(T):
        N = int(data[t + 1])
        count = 0
        i = 1
        while i * i * 2 <= N:
            count += 2
            i += 1
        results.append(count)
    
    for result in results:
        print(result)

countTiledRooms()
```

### Explanation of the Corrected Code

- **Input Handling**: The input is read using `sys.stdin.read` and split into a list of strings. The first element is the number of test cases `T`, and the subsequent elements are the values of `N` for each test case.

- **Iterate Over Test Cases**: For each test case, we initialize a count to zero.

- **Iterate Over Possible Perfect Squares**: We iterate over possible perfect squares `i*i` and check if `2 * i * i` is less than or equal to `N`. This checks if `i*i` can be used to tile two rooms (one in each house).

- **Count Rooms**: For each valid perfect square, we increment the count by 2 because each perfect square allows for two rooms to be tiled (one in each house).

- **Output Results**: After processing all test cases, we print the results. The function `countTiledRooms` is called to execute the logic.

INFO - no_parent:
 False

INFO - full code to be executed: 
 
import sys
import math

def countTiledRooms():
    input = sys.stdin.read
    data = input().split()
    
    T = int(data[0])
    results = []
    
    for t in range(T):
        N = int(data[t + 1])
        count = 0
        i = 1
        while i * i * 2 <= N:
            count += 2
            i += 1
        results.append(count)
    
    for result in results:
        print(result)

countTiledRooms()


INFO - obs: Note: Inputs/outputs here are automatically extracted/truncated so formatting may be a bit off.
Tests passed:

 Input: ['1', '16'] Output: 4

Tests failed:
None
reward: True
done: None
info: {'individual_results': [True]}
INFO - LM call n parse attempt 1 / 3

INFO - [Task id] 1302 [prompt] 
You are an expert programmer tasked with solving the problem below.

Follow the user's instructions to solve the problem.
The user can ask for analysis, code, or both.

## Instructions
When asked to output code,
- Make sure to wrap your code in '```python' and '```' Markdown delimiters, 
- include exactly one block of code with the entire solution
- No outside libraries are allowed. 
- Builtins are allowed.
- If the task specifies a function name to be used, follow it strictly (be case sensitive!) and declare the that function last (helper functions are declared first).
- DO NOT write any assert statements / tests.

## Problem
[BEGIN PROBLEM]
The  Chef  has bought $N$ boxes of Tiles. The number of tiles present in  $i^{th}$ box is  $i$  ($i   $ varies from $1$ to $N$) . The Chef  has two houses  with  $N$  rooms  each, whose  floors  is a square with area $(i*i)$ ,i varies from $(1....N)$. He want to distribute equal number of tiles from $i^{th}$ box to any two rooms (each room must belong to one house ) such that all tiles  of $i^ { th}$  box is used and floor of  both rooms of different houses are tiled completely.
Since chef is busy doing some other works so he wants your help to count the total number of rooms of both houses that will be tiled completely.
Note $:$ size of  each tile present in boxes has length and breadth equal to $1$. It is not mandatory to use all the boxes.
A room should be tilled completely from a single box.

-----Input:-----
- First line will contain $T$, number of testcases. Then the testcases follow. 
- Each testcase contains one integer $N$.

-----Output:-----
For each testcase print  the total number of rooms of both houses that will be tiled completely.

-----Constraints-----
- $1 \leq T \leq 5000$
- $1 \leq N \leq 10^{12}$

-----Sample Input:-----
1
16

-----Sample Output:-----
4

-----EXPLANATION:-----
The room $1$ and $2$ of both the houses are completely tiled.

The output code needs to read from and write to standard IO


[END PROBLEM]

INFO - [Task id] 1302 [prompt] 
## Instructions

Reason through the problem and:
1. Restate the problem in plain English
2. Conceptualize a solution first in plain English
3. Write a pseudocode solution
4. Output the final Python 3 solution with your solution steps in comments.

Make sure to wrap your code in '```python' and '```' Markdown delimiters, 
and include exactly one block of code with the entire solution.

No outside libraries are allowed.
Builtins are allowed.

INFO - [Task id] 1302 [prompt] ## Problem Restatement

The problem involves distributing tiles from boxes to rooms in two houses. Each box contains a number of tiles equal to its index, and each room has a floor area that is a perfect square. The goal is to determine how many rooms can be completely tiled using the tiles from the boxes, with the constraint that each room must be tiled using tiles from a single box, and the tiles must be distributed equally between two rooms (one in each house).

## Conceptual Solution

1. **Understanding the Problem**: For each box `i`, it contains `i` tiles. We need to find two rooms, one in each house, such that both rooms can be completely tiled using exactly `i/2` tiles each. This means the area of each room must be `i/2`.

2. **Perfect Square Condition**: A room can only be tiled if its area is a perfect square. Therefore, `i/2` must be a perfect square for the tiles from box `i` to be used.

3. **Iterate Over Boxes**: For each box from 1 to N, check if `i/2` is a perfect square. If it is, then two rooms can be tiled (one in each house).

4. **Count the Rooms**: Count the number of such `i` values for which `i/2` is a perfect square. This count will be the number of rooms that can be completely tiled.

## Pseudocode

```
function countTiledRooms(T, test_cases):
    for each N in test_cases:
        count = 0
        for i from 1 to N:
            if i is even:
                half_i = i / 2
                if half_i is a perfect square:
                    count += 2
        print count
```

## Final Python Solution

```python
def countTiledRooms(T, test_cases):
    import sys
    input = sys.stdin.read
    data = input().split()
    
    T = int(data[0])
    results = []
    
    for t in range(T):
        N = int(data[t + 1])
        count = 0
        i = 2
        while i * i <= N:
            count += 2
            i += 1
        results.append(count)
    
    for result in results:
        print(result)
```

### Explanation of the Code

- **Input Handling**: We read all input at once and split it into a list of strings. The first element is the number of test cases `T`, and the subsequent elements are the values of `N` for each test case.

- **Iterate Over Test Cases**: For each test case, we initialize a count to zero.

- **Iterate Over Possible Perfect Squares**: We iterate over possible perfect squares `i*i` starting from `2*2` (since `1*1` would not allow for two rooms to be tiled) and check if `i*i` is less than or equal to `N`.

- **Count Rooms**: For each valid perfect square, we increment the count by 2 because each perfect square allows for two rooms to be tiled (one in each house).

- **Output Results**: Finally, we print the results for each test case.
INFO - [Task id] 1302 [prompt] 
[Environment Feedback]:
    Note: Inputs/outputs here are automatically extracted/truncated so formatting may be a bit off.
    Tests passed:

    None

    Tests failed:
     Input: ['1', '16'] Expected output: [{'4'}] # Execution output: []
    No output detected. You might want to check the reading from / writing to standard IO.
    A common mistake is to put the IO inside a function, but the function is not called.

[/Environment Feedback]

INFO - [Task id] 1302 [prompt] 
The code doesn't pass all the tests.

## Instructions
- First, think step-by-step about why your code is wrong.
- Then, think step-by-step about where you went wrong in your latest solution.

INFO - [Task id] 1302 [prompt] ## Analysis of the Problem

The issue with the current solution is related to how the input and output are handled. The function `countTiledRooms` is defined but never called, and the input is not being read correctly from standard input. Additionally, the logic for counting the rooms is incorrect because it doesn't correctly handle the condition for when `i/2` is a perfect square.

## Step-by-Step Correction

1. **Input Handling**: The input should be read directly from standard input, and the function should be called to process the input.

2. **Logic Correction**: The logic should correctly identify when `i/2` is a perfect square. This means for each `i` from 1 to `N`, we should check if `i` is even and if `i/2` is a perfect square.

3. **Output**: The results should be printed after processing all test cases.

## Revised Solution

```python
import sys
import math

def countTiledRooms():
    input = sys.stdin.read
    data = input().split()
    
    T = int(data[0])
    results = []
    
    for t in range(T):
        N = int(data[t + 1])
        count = 0
        for i in range(1, N + 1):
            if i % 2 == 0:
                half_i = i // 2
                if math.isqrt(half_i) ** 2 == half_i:
                    count += 2
        results.append(count)
    
    for result in results:
        print(result)

countTiledRooms()
```

### Explanation of the Revised Code

- **Input Handling**: The input is read using `sys.stdin.read` and split into a list of strings. The first element is the number of test cases `T`, and the subsequent elements are the values of `N` for each test case.

- **Iterate Over Test Cases**: For each test case, we initialize a count to zero.

- **Iterate Over Boxes**: For each `i` from 1 to `N`, we check if `i` is even. If it is, we calculate `half_i = i // 2`.

- **Check Perfect Square**: We use `math.isqrt(half_i)` to find the integer square root of `half_i` and check if squaring it gives back `half_i`. If it does, it means `half_i` is a perfect square, and we increment the count by 2.

- **Output Results**: After processing all test cases, we print the results. The function `countTiledRooms` is called to execute the logic.
INFO - [Task id] 1302 [prompt] 
## Instructions
Now, given your insights, try to fix the solution. 
Output a block of correct python3 code to be executed and evaluated again. 

Make sure to wrap your code in '```python' and '```' Markdown delimiters.

INFO - [Task id] 1302 [prompt] ```python
import sys
import math

def countTiledRooms():
    input = sys.stdin.read
    data = input().split()
    
    T = int(data[0])
    results = []
    
    for t in range(T):
        N = int(data[t + 1])
        count = 0
        i = 1
        while i * i * 2 <= N:
            count += 2
            i += 1
        results.append(count)
    
    for result in results:
        print(result)

countTiledRooms()
```

### Explanation of the Corrected Code

- **Input Handling**: The input is read using `sys.stdin.read` and split into a list of strings. The first element is the number of test cases `T`, and the subsequent elements are the values of `N` for each test case.

- **Iterate Over Test Cases**: For each test case, we initialize a count to zero.

- **Iterate Over Possible Perfect Squares**: We iterate over possible perfect squares `i*i` and check if `2 * i * i` is less than or equal to `N`. This checks if `i*i` can be used to tile two rooms (one in each house).

- **Count Rooms**: For each valid perfect square, we increment the count by 2 because each perfect square allows for two rooms to be tiled (one in each house).

- **Output Results**: After processing all test cases, we print the results. The function `countTiledRooms` is called to execute the logic.
INFO - [Task id] 1302 [prompt] 
[Environment Feedback]:
    Note: Inputs/outputs here are automatically extracted/truncated so formatting may be a bit off.
    Tests passed:

     Input: ['1', '16'] Output: 4

    Tests failed:
    None
[/Environment Feedback]

INFO - [Task id] 1302 [prompt] 
## Instructions
Now, summarize your attempts as a **standalone** document for your own future reference. (can skip formalities, be concise)

- Only include the most relevant information and code snippets that could be useful in the future.
- If you did not learn much from the current experience (e.g. the problem was too easy), feel free to write less or nothing at all.
- Here are some ideas if the experience was useful:
    - Identifying the core concepts and patterns that problem appears to test for
    - Describing the strategies that seemed to work but did not, and vice versa
    - Describing unexpected errors and how they were fixed

Your summary should be at most a few paragraphs.

INFO - [Task id] 1302 [generation text] In tackling the problem of distributing tiles from boxes to rooms in two houses, the key insight was recognizing that the number of tiles in each box must be evenly divisible by two and that half of these tiles must form a perfect square to completely tile two rooms (one in each house). The core concept here is leveraging the properties of perfect squares and even numbers to determine the number of rooms that can be tiled.

Initially, the solution failed due to incorrect input handling and logic errors in checking for perfect squares. The input was not read correctly from standard input, and the function was not called, leading to no output. Additionally, the logic did not correctly identify when `i/2` was a perfect square.

The successful strategy involved iterating over possible perfect squares and checking if `2 * i * i` is less than or equal to `N`, which ensures that the tiles can be used to tile two rooms. This approach efficiently counts the number of rooms that can be tiled by leveraging the mathematical properties of perfect squares.

The experience highlighted the importance of correctly handling input/output in competitive programming and the need to thoroughly understand the problem constraints and requirements. The use of integer square roots (`math.isqrt`) was crucial in efficiently checking for perfect squares without floating-point operations.
INFO - LM call n parse attempt 1 / 3

INFO - [Task id] 1302 [prompt] 
You are an expert programmer tasked with solving the problem below.

Follow the user's instructions to solve the problem.
The user can ask for analysis, code, or both.

## Instructions
When asked to output code,
- Make sure to wrap your code in '```python' and '```' Markdown delimiters, 
- include exactly one block of code with the entire solution
- No outside libraries are allowed. 
- Builtins are allowed.
- If the task specifies a function name to be used, follow it strictly (be case sensitive!) and declare the that function last (helper functions are declared first).
- DO NOT write any assert statements / tests.

## Problem
[BEGIN PROBLEM]
The  Chef  has bought $N$ boxes of Tiles. The number of tiles present in  $i^{th}$ box is  $i$  ($i   $ varies from $1$ to $N$) . The Chef  has two houses  with  $N$  rooms  each, whose  floors  is a square with area $(i*i)$ ,i varies from $(1....N)$. He want to distribute equal number of tiles from $i^{th}$ box to any two rooms (each room must belong to one house ) such that all tiles  of $i^ { th}$  box is used and floor of  both rooms of different houses are tiled completely.
Since chef is busy doing some other works so he wants your help to count the total number of rooms of both houses that will be tiled completely.
Note $:$ size of  each tile present in boxes has length and breadth equal to $1$. It is not mandatory to use all the boxes.
A room should be tilled completely from a single box.

-----Input:-----
- First line will contain $T$, number of testcases. Then the testcases follow. 
- Each testcase contains one integer $N$.

-----Output:-----
For each testcase print  the total number of rooms of both houses that will be tiled completely.

-----Constraints-----
- $1 \leq T \leq 5000$
- $1 \leq N \leq 10^{12}$

-----Sample Input:-----
1
16

-----Sample Output:-----
4

-----EXPLANATION:-----
The room $1$ and $2$ of both the houses are completely tiled.

The output code needs to read from and write to standard IO


[END PROBLEM]

INFO - [Task id] 1302 [prompt] 
## Instructions

Reason through the problem and:
1. Restate the problem in plain English
2. Conceptualize a solution first in plain English
3. Write a pseudocode solution
4. Output the final Python 3 solution with your solution steps in comments.

Make sure to wrap your code in '```python' and '```' Markdown delimiters, 
and include exactly one block of code with the entire solution.

No outside libraries are allowed.
Builtins are allowed.

INFO - [Task id] 1302 [prompt] ## Problem Restatement

The problem involves distributing tiles from boxes to rooms in two houses. Each box contains a number of tiles equal to its index, and each room has a floor area that is a perfect square. The goal is to determine how many rooms can be completely tiled using the tiles from the boxes, with the constraint that each room must be tiled using tiles from a single box, and the tiles must be distributed equally between two rooms (one in each house).

## Conceptual Solution

1. **Understanding the Problem**: For each box `i`, it contains `i` tiles. We need to find two rooms, one in each house, such that both rooms can be completely tiled using exactly `i/2` tiles each. This means the area of each room must be `i/2`.

2. **Perfect Square Condition**: A room can only be tiled if its area is a perfect square. Therefore, `i/2` must be a perfect square for the tiles from box `i` to be used.

3. **Iterate Over Boxes**: For each box from 1 to N, check if `i/2` is a perfect square. If it is, then two rooms can be tiled (one in each house).

4. **Count the Rooms**: Count the number of such `i` values for which `i/2` is a perfect square. This count will be the number of rooms that can be completely tiled.

## Pseudocode

```
function countTiledRooms(T, test_cases):
    for each N in test_cases:
        count = 0
        for i from 1 to N:
            if i is even:
                half_i = i / 2
                if half_i is a perfect square:
                    count += 2
        print count
```

## Final Python Solution

```python
def countTiledRooms(T, test_cases):
    import sys
    input = sys.stdin.read
    data = input().split()
    
    T = int(data[0])
    results = []
    
    for t in range(T):
        N = int(data[t + 1])
        count = 0
        i = 2
        while i * i <= N:
            count += 2
            i += 1
        results.append(count)
    
    for result in results:
        print(result)
```

### Explanation of the Code

- **Input Handling**: We read all input at once and split it into a list of strings. The first element is the number of test cases `T`, and the subsequent elements are the values of `N` for each test case.

- **Iterate Over Test Cases**: For each test case, we initialize a count to zero.

- **Iterate Over Possible Perfect Squares**: We iterate over possible perfect squares `i*i` starting from `2*2` (since `1*1` would not allow for two rooms to be tiled) and check if `i*i` is less than or equal to `N`.

- **Count Rooms**: For each valid perfect square, we increment the count by 2 because each perfect square allows for two rooms to be tiled (one in each house).

- **Output Results**: Finally, we print the results for each test case.
INFO - [Task id] 1302 [prompt] 
[Environment Feedback]:
    Note: Inputs/outputs here are automatically extracted/truncated so formatting may be a bit off.
    Tests passed:

    None

    Tests failed:
     Input: ['1', '16'] Expected output: [{'4'}] # Execution output: []
    No output detected. You might want to check the reading from / writing to standard IO.
    A common mistake is to put the IO inside a function, but the function is not called.

[/Environment Feedback]

INFO - [Task id] 1302 [prompt] 
The code doesn't pass all the tests.

## Instructions
- First, think step-by-step about why your code is wrong.
- Then, think step-by-step about where you went wrong in your latest solution.

INFO - [Task id] 1302 [prompt] ## Analysis of the Problem

The issue with the current solution is related to how the input and output are handled. The function `countTiledRooms` is defined but never called, and the input is not being read correctly from standard input. Additionally, the logic for counting the rooms is incorrect because it doesn't correctly handle the condition for when `i/2` is a perfect square.

## Step-by-Step Correction

1. **Input Handling**: The input should be read directly from standard input, and the function should be called to process the input.

2. **Logic Correction**: The logic should correctly identify when `i/2` is a perfect square. This means for each `i` from 1 to `N`, we should check if `i` is even and if `i/2` is a perfect square.

3. **Output**: The results should be printed after processing all test cases.

## Revised Solution

```python
import sys
import math

def countTiledRooms():
    input = sys.stdin.read
    data = input().split()
    
    T = int(data[0])
    results = []
    
    for t in range(T):
        N = int(data[t + 1])
        count = 0
        for i in range(1, N + 1):
            if i % 2 == 0:
                half_i = i // 2
                if math.isqrt(half_i) ** 2 == half_i:
                    count += 2
        results.append(count)
    
    for result in results:
        print(result)

countTiledRooms()
```

### Explanation of the Revised Code

- **Input Handling**: The input is read using `sys.stdin.read` and split into a list of strings. The first element is the number of test cases `T`, and the subsequent elements are the values of `N` for each test case.

- **Iterate Over Test Cases**: For each test case, we initialize a count to zero.

- **Iterate Over Boxes**: For each `i` from 1 to `N`, we check if `i` is even. If it is, we calculate `half_i = i // 2`.

- **Check Perfect Square**: We use `math.isqrt(half_i)` to find the integer square root of `half_i` and check if squaring it gives back `half_i`. If it does, it means `half_i` is a perfect square, and we increment the count by 2.

- **Output Results**: After processing all test cases, we print the results. The function `countTiledRooms` is called to execute the logic.
INFO - [Task id] 1302 [prompt] 
## Instructions
Now, given your insights, try to fix the solution. 
Output a block of correct python3 code to be executed and evaluated again. 

Make sure to wrap your code in '```python' and '```' Markdown delimiters.

INFO - [Task id] 1302 [prompt] ```python
import sys
import math

def countTiledRooms():
    input = sys.stdin.read
    data = input().split()
    
    T = int(data[0])
    results = []
    
    for t in range(T):
        N = int(data[t + 1])
        count = 0
        i = 1
        while i * i * 2 <= N:
            count += 2
            i += 1
        results.append(count)
    
    for result in results:
        print(result)

countTiledRooms()
```

### Explanation of the Corrected Code

- **Input Handling**: The input is read using `sys.stdin.read` and split into a list of strings. The first element is the number of test cases `T`, and the subsequent elements are the values of `N` for each test case.

- **Iterate Over Test Cases**: For each test case, we initialize a count to zero.

- **Iterate Over Possible Perfect Squares**: We iterate over possible perfect squares `i*i` and check if `2 * i * i` is less than or equal to `N`. This checks if `i*i` can be used to tile two rooms (one in each house).

- **Count Rooms**: For each valid perfect square, we increment the count by 2 because each perfect square allows for two rooms to be tiled (one in each house).

- **Output Results**: After processing all test cases, we print the results. The function `countTiledRooms` is called to execute the logic.
INFO - [Task id] 1302 [prompt] 
[Environment Feedback]:
    Note: Inputs/outputs here are automatically extracted/truncated so formatting may be a bit off.
    Tests passed:

     Input: ['1', '16'] Output: 4

    Tests failed:
    None
[/Environment Feedback]

INFO - [Task id] 1302 [prompt] 
Below is the official solution (do exercise discretion as official solutions can also have mistakes).

You will be reflecting on your attempts to solve the problem.
This will be a **standalone** document for your own future reference. (can skip formalities, be concise)

## Instructions
- Only include the most relevant insights and code snippets that could be useful in the future.
- If you did not learn much from the current experience (e.g. the problem was too easy / official solution was obvious), feel free to write less or nothing at all.
- Here are some ideas if the experience was useful:
    - If the official solution is insightful (e.g. better than yours in time and space complexity or more effective in breaking down the problem statement), distil the key approach of the official solution, step by step.
    - If your approach failed the test cases, reason why the official solution works but yours does not

Your reflection should be at most a few paragraphs.

## Official solution
from sys import stdin

for _ in range(int(stdin.readline())):
    n = int(stdin.readline())
    n //= 2
    k = 2 * int(n**0.5)
    print(k)


INFO - [Task id] 1302 [generation text] Reflecting on the problem-solving process for this task, I gained several insights that could be useful for future challenges:

1. **Understanding the Problem Constraints**: The key to solving this problem efficiently was recognizing that the task was essentially about finding perfect squares that could be doubled to fit within the given `N`. This insight allowed for a more direct approach rather than iterating over all possible boxes.

2. **Efficient Calculation**: The official solution leverages the mathematical property of perfect squares and uses integer division and square root calculations to directly compute the number of rooms that can be tiled. This approach is both time-efficient and straightforward, reducing the complexity from iterating over all numbers up to `N` to simply calculating the integer square root of `N/2`.

3. **Simplifying the Problem**: By dividing `N` by 2 upfront, the problem is simplified to finding how many perfect squares exist up to `N/2`. This simplification is a powerful technique in problem-solving, where reducing the problem space can lead to more efficient solutions.

4. **Python Built-ins**: The use of Python's built-in functions like `int()` for floor division and `**0.5` for square root calculations demonstrates the importance of understanding and utilizing language features to write concise and efficient code.

Overall, the official solution provided a more elegant and efficient approach than my initial attempts, highlighting the importance of mathematical insights and simplification in algorithm design.
INFO - Updated entry: In tackling the problem of distributing tiles from boxes to rooms in two houses, the key insight was recognizing that the number of tiles in each box must be evenly divisible by two and that half of these tiles must form a perfect square to completely tile two rooms (one in each house). The core ...,

INFO - Metadata: {
    "task_id": 1302
}

INFO - Updated entry: Reflecting on the problem-solving process for this task, I gained several insights that could be useful for future challenges:

1. **Understanding the Problem Constraints**: The key to solving this problem efficiently was recognizing that the task was essentially about finding perfect squares tha...,

INFO - Metadata: {
    "task_id": 1302
}

INFO - LM call n parse attempt 1 / 3

INFO - [Task id] 1302 [prompt] 
You are a helpful assistant that writes a description of the given function written in the Python programming language.

1) Do not mention the function name.
2) Do not mention anything about helper functions.
3) There might be some helper functions before the main function, but you only need to describe the main function.
4) Try to summarize the function in no more than 6 sentences.
5) Your response should be a single line of text.

INFO - [Task id] 1302 [prompt] 
import sys
import math

def countTiledRooms():
    input = sys.stdin.read
    data = input().split()
    
    T = int(data[0])
    results = []
    
    for t in range(T):
        N = int(data[t + 1])
        count = 0
        i = 1
        while i * i * 2 <= N:
            count += 2
            i += 1
        results.append(count)
    
    for result in results:
        print(result)

countTiledRooms()


The main function is `countTiledRooms`.
INFO - [Task id] 1302 [generation text] The function reads input from standard input, which consists of a number of test cases followed by a series of integers. For each integer, it calculates how many complete 2x2 square tiles can fit into a square room with an area equal to the integer, counting two tiles for each complete 2x2 square that fits. It stores the results for each test case in a list and then prints each result on a new line.
INFO - LM call n parse attempt 1 / 3

INFO - [Task id] 1302 [prompt] 
You are a helpful assistant that extracts important information from problems and solutions to aid in searchability and education.

## Instructions
- Read through the problem and solution carefully.
- Reason out, step by step, in what scenarios this knowledge would be useful.
- Focus on general patterns and situations to help connect this knowledge to new situations.
- Then, include a list of keywords that are useful for searching this problem/solution pair.

## Response format
Respond in JSON, and follow the keys and expected format of the values strictly.

The output should be formatted as a JSON instance that conforms to the JSON schema below.

As an example, for the schema {"properties": {"foo": {"title": "Foo", "description": "a list of strings", "type": "array", "items": {"type": "string"}}}, "required": ["foo"]}
the object {"foo": ["bar", "baz"]} is a well-formatted instance of the schema. The object {"properties": {"foo": ["bar", "baz"]}} is not well-formatted.

Here is the output schema:
```
{"properties": {"scenarios": {"description": "In what scenarios will this knowledge be useful? Answer in a paragraph.", "title": "Scenarios", "type": "string"}, "keywords": {"description": "List of keywords that are useful for searching this problem/solution pair", "items": {"type": "string"}, "title": "Keywords", "type": "array"}}, "required": ["scenarios", "keywords"]}
```

INFO - [Task id] 1302 [prompt] 
[Problem]
    The  Chef  has bought $N$ boxes of Tiles. The number of tiles present in  $i^{th}$ box is  $i$  ($i   $ varies from $1$ to $N$) . The Chef  has two houses  with  $N$  rooms  each, whose  floors  is a square with area $(i*i)$ ,i varies from $(1....N)$. He want to distribute equal number of tiles from $i^{th}$ box to any two rooms (each room must belong to one house ) such that all tiles  of $i^ { th}$  box is used and floor of  both rooms of different houses are tiled completely.
    Since chef is busy doing some other works so he wants your help to count the total number of rooms of both houses that will be tiled completely.
    Note $:$ size of  each tile present in boxes has length and breadth equal to $1$. It is not mandatory to use all the boxes.
    A room should be tilled completely from a single box.

    -----Input:-----
    - First line will contain $T$, number of testcases. Then the testcases follow. 
    - Each testcase contains one integer $N$.

    -----Output:-----
    For each testcase print  the total number of rooms of both houses that will be tiled completely.

    -----Constraints-----
    - $1 \leq T \leq 5000$
    - $1 \leq N \leq 10^{12}$

    -----Sample Input:-----
    1
    16

    -----Sample Output:-----
    4

    -----EXPLANATION:-----
    The room $1$ and $2$ of both the houses are completely tiled.
[/Problem]

[Solution]

    import sys
    import math

    def countTiledRooms():
        input = sys.stdin.read
        data = input().split()
    
        T = int(data[0])
        results = []
    
        for t in range(T):
            N = int(data[t + 1])
            count = 0
            i = 1
            while i * i * 2 <= N:
                count += 2
                i += 1
            results.append(count)
    
        for result in results:
            print(result)

    countTiledRooms()

[/Solution]

INFO - [Task id] 1302 [generation text] 
INFO - {
    "scenarios": "This knowledge is useful in scenarios where you need to distribute resources evenly across multiple locations, ensuring complete coverage without wastage. Specifically, it applies to problems involving tiling or covering areas with specific constraints, such as using a fixed number of tiles to cover rooms of varying sizes. The solution involves understanding the relationship between the number of tiles and the area to be covered, and it uses mathematical reasoning to determine how many rooms can be completely tiled. This is particularly relevant in optimization problems where resources are limited, and complete coverage is required, such as in construction, logistics, and resource allocation tasks.",
    "keywords": [
        "tiling problem",
        "resource distribution",
        "optimization",
        "mathematical reasoning",
        "area coverage",
        "complete tiling",
        "resource allocation",
        "construction",
        "logistics",
        "N boxes of tiles",
        "two houses",
        "rooms",
        "square area",
        "testcases",
        "constraints"
    ]
}
INFO - {
    "scenarios": "This knowledge is useful in scenarios where you need to distribute resources evenly across multiple locations, ensuring complete coverage without wastage. Specifically, it applies to problems involving tiling or covering areas with specific constraints, such as using a fixed number of tiles to cover rooms of varying sizes. The solution involves understanding the relationship between the number of tiles and the area to be covered, and it uses mathematical reasoning to determine how many rooms can be completely tiled. This is particularly relevant in optimization problems where resources are limited, and complete coverage is required, such as in construction, logistics, and resource allocation tasks.",
    "keywords": [
        "tiling problem",
        "resource distribution",
        "optimization",
        "mathematical reasoning",
        "area coverage",
        "complete tiling",
        "resource allocation",
        "construction",
        "logistics",
        "N boxes of tiles",
        "two houses",
        "rooms",
        "square area",
        "testcases",
        "constraints"
    ]
}
INFO - Updated entry: 
[description for function: countTiledRooms]
The function reads input from standard input, which consists of a number of test cases followed by a series of integers. For each integer, it calculates how many complete 2x2 square tiles can fit into a square room with an area equal to the integer, co...,

INFO - Metadata: {
    "task": 1302,
    "code": "\nimport sys\nimport math\n\ndef countTiledRooms():\n    input = sys.stdin.read\n    data = input().split()\n    \n    T = int(data[0])\n    results = []\n    \n    for t in range(T):\n        N = int(data[t + 1])\n        count = 0\n        i = 1\n        while i...

