INFO - DB skill doc count: 0

INFO - DB non_func doc count: 17

INFO - DB semantic doc count: 429

INFO - DB summaries doc count: 20

INFO - DB reflections doc count: 20

INFO - DB episodic doc count: 0

INFO - [train iter]: 20/100 

INFO - The task prompt is Blob is a computer science student. He recently got an internship from Chef's enterprise. Along with the programming he has various other skills too like graphic designing, digital marketing and social media management. Looking at his skills Chef has provided him different tasks A[1…N] which have...

INFO - Attempting task_id 710
INFO - LM call n parse attempt 1 / 3

INFO - [Task id] 710 [prompt] 
You are an expert programmer tasked with solving the problem below.

Follow the user's instructions to solve the problem.
The user can ask for analysis, code, or both.

## Instructions
When asked to output code,
- Make sure to wrap your code in '```python' and '```' Markdown delimiters, 
- include exactly one block of code with the entire solution
- No outside libraries are allowed. 
- Builtins are allowed.
- If the task specifies a function name to be used, follow it strictly (be case sensitive!) and declare the that function last (helper functions are declared first).
- DO NOT write any assert statements / tests.

## Problem
[BEGIN PROBLEM]
Blob is a computer science student. He recently got an internship from Chef's enterprise. Along with the programming he has various other skills too like graphic designing, digital marketing and social media management. Looking at his skills Chef has provided him different tasks A[1…N] which have their own scores. Blog wants to maximize the  value of the expression A[d]-A[c]+A[b]-A[a] such that d>c>b>a.

Can you help him in this?

-----Input:-----
- The first line contain the integer N
- The second line contains N space separated integers representing A[1], A[2] … A[N]

-----Output:-----
The maximum score that is possible

-----Constraints-----
- $4 \leq N \leq 10^4$
- $0 \leq A[i] \leq 10^5$

-----Sample Input:-----
6

3 9 10 1 30 40

-----Sample Output:-----
46

The output code needs to read from and write to standard IO


[END PROBLEM]

INFO - [Task id] 710 [prompt] 
## Instructions

Reason through the problem and:
1. Restate the problem in plain English
2. Conceptualize a solution first in plain English
3. Write a pseudocode solution
4. Output the final Python 3 solution with your solution steps in comments.

Make sure to wrap your code in '```python' and '```' Markdown delimiters, 
and include exactly one block of code with the entire solution.

No outside libraries are allowed.
Builtins are allowed.

INFO - [Task id] 710 [generation text] ## Problem Restatement

We are given a list of integers, each representing a score for a task. We need to find four indices \(a\), \(b\), \(c\), and \(d\) such that \(d > c > b > a\) and the expression \(A[d] - A[c] + A[b] - A[a]\) is maximized.

## Conceptual Solution

To solve this problem, we need to carefully select the indices \(a\), \(b\), \(c\), and \(d\) to maximize the given expression. The constraints \(d > c > b > a\) imply that we need to consider the order of elements in the list.

1. **Iterate through possible values of \(d\):** Start from the end of the list and move backwards. This ensures that \(d\) is always greater than \(c\), \(b\), and \(a\).

2. **Track maximum values for \(c\), \(b\), and \(a\):** As we iterate, maintain the best possible values for \(c\), \(b\), and \(a\) that can be used to maximize the expression.

3. **Calculate the expression:** For each \(d\), calculate the maximum possible value of the expression using the best values of \(c\), \(b\), and \(a\) found so far.

4. **Update the maximum score:** Keep track of the maximum score obtained from the expression.

## Pseudocode

```
function maximize_expression(A):
    N = length of A
    max_a = -infinity
    max_b_minus_a = -infinity
    max_c_plus_b_minus_a = -infinity
    max_score = -infinity

    for d from N-1 to 3:
        max_c_plus_b_minus_a = max(max_c_plus_b_minus_a, A[d-1] + max_b_minus_a)
        max_b_minus_a = max(max_b_minus_a, A[d-2] - max_a)
        max_a = max(max_a, A[d-3])
        max_score = max(max_score, A[d] - max_c_plus_b_minus_a)

    return max_score
```

## Final Python Solution

```python
def maximize_expression(A):
    N = len(A)
    # Initialize variables to track the maximum values
    max_a = float('-inf')
    max_b_minus_a = float('-inf')
    max_c_plus_b_minus_a = float('-inf')
    max_score = float('-inf')

    # Iterate over possible values of d from N-1 to 3
    for d in range(N-1, 2, -1):
        # Update the maximum value of A[c] + A[b] - A[a]
        max_c_plus_b_minus_a = max(max_c_plus_b_minus_a, A[d-1] + max_b_minus_a)
        # Update the maximum value of A[b] - A[a]
        max_b_minus_a = max(max_b_minus_a, A[d-2] - max_a)
        # Update the maximum value of A[a]
        max_a = max(max_a, A[d-3])
        # Calculate the current score and update the maximum score
        max_score = max(max_score, A[d] - max_c_plus_b_minus_a)

    return max_score
```

This solution efficiently computes the maximum possible score by iterating through the list and maintaining the best possible values for the sub-expressions, ensuring that the constraints \(d > c > b > a\) are respected.
INFO - [35m Rollout attempt 1/4[0m
INFO - [33m Retrieving 1 entries for db: semantic 
 [0m
INFO - Retrieved (score=0.4414):
Chapter: Greedy algorithms
Section: Tasks and deadlines
Part: 1/1
\section{Tasks and deadlines}

Let us now consider a problem where
we are given $n$ tasks with durations and deadlines
and our task is to choose an order to perform the tasks.
For each task, we earn $d-x$ points
where $d$ is the ta...


INFO - [33m Retrieving 1 entries for db: reflections 
 [0m
INFO - Retrieved (score=0.4370):
In reflecting on the problem and the official solution, I realize that my initial approach was more complex than necessary. My solution focused on calculating the maximum possible reduction of the sequence sum using the sum of the first `N` natural numbers. While this approach is valid, it was mo...


INFO - [33m Retrieving 1 entries for db: summaries 
 [0m
INFO - Retrieved (score=0.3704):
In this problem, the task was to find a permutation of numbers from 1 to N such that the sum of the maximum of each pair of consecutive elements equals a given integer K. The core concept was understanding the function f(P) and the constraints on its possible values.

### Key Concepts:
- **Functi...


INFO - [33m Retrieving 1 entries for db: non_func 
 [0m
INFO - Retrieved (score=0.4593):

[description]
The function calculates the maximum sum of selected slices from a circular array of pizza slices, where you can select exactly one-third of the slices, and no two selected slices can be adjacent. It uses dynamic programming to evaluate two scenarios: one excluding the first slice a...


INFO - Retrieved (score=0.3704): 
[Summary]:
    In this problem, the task was to find a permutation of numbers from 1 to N such that the sum of the maximum of each pair of consecutive elements equals a given integer K. The core concept was understanding the function f(P) and the constraints on its possible values.

    ### Key ...
INFO - LM call n parse attempt 1 / 3

INFO - [Task id] 710 [prompt] 
You are an expert programmer tasked with solving the problem below.

Follow the user's instructions to solve the problem.
The user can ask for analysis, code, or both.

## Instructions
When asked to output code,
- Make sure to wrap your code in '```python' and '```' Markdown delimiters, 
- include exactly one block of code with the entire solution
- No outside libraries are allowed. 
- Builtins are allowed.
- If the task specifies a function name to be used, follow it strictly (be case sensitive!) and declare the that function last (helper functions are declared first).
- DO NOT write any assert statements / tests.

## Problem
[BEGIN PROBLEM]
Blob is a computer science student. He recently got an internship from Chef's enterprise. Along with the programming he has various other skills too like graphic designing, digital marketing and social media management. Looking at his skills Chef has provided him different tasks A[1…N] which have their own scores. Blog wants to maximize the  value of the expression A[d]-A[c]+A[b]-A[a] such that d>c>b>a.

Can you help him in this?

-----Input:-----
- The first line contain the integer N
- The second line contains N space separated integers representing A[1], A[2] … A[N]

-----Output:-----
The maximum score that is possible

-----Constraints-----
- $4 \leq N \leq 10^4$
- $0 \leq A[i] \leq 10^5$

-----Sample Input:-----
6

3 9 10 1 30 40

-----Sample Output:-----
46

The output code needs to read from and write to standard IO


[END PROBLEM]

INFO - [Task id] 710 [prompt] 
## Instructions

Reason through the problem and:
1. Restate the problem in plain English
2. Conceptualize a solution first in plain English
3. Write a pseudocode solution
4. Output the final Python 3 solution with your solution steps in comments.

Make sure to wrap your code in '```python' and '```' Markdown delimiters, 
and include exactly one block of code with the entire solution.

No outside libraries are allowed.
Builtins are allowed.

INFO - [Task id] 710 [prompt] 
Also, here are some of your memories.
Feel free to use the given information to aid your problem solving process if necessary.
Do not confuse the memories with the problem statement.

## Memories

[Summary]:
    In this problem, the task was to find a permutation of numbers from 1 to N such that the sum of the maximum of each pair of consecutive elements equals a given integer K. The core concept was understanding the function f(P) and the constraints on its possible values.

    ### Key Concepts:
    - **Function f(P):** This function calculates the sum of the maximum of each pair of consecutive elements in a permutation.
    - **Constraints:** The minimum value of f(P) is N-1, and the maximum is the sum of the largest N-1 numbers (from N to 2).

    ### Strategies:
    - **Initial Approach:** Start with the permutation in decreasing order to achieve the maximum f(P) and adjust it to reach the desired K.
    - **Adjustment Logic:** Swap elements to decrease f(P) until it matches K, ensuring the swaps are valid and maintain the permutation's integrity.

    ### Challenges and Fixes:
    - **Function Call:** Initially, the `main()` function was not called, leading to no output. Ensuring the function is called fixed this issue.
    - **Permutation Adjustment:** The logic needed careful handling to ensure the permutation was adjusted correctly without overshooting the desired K.

    ### Code Snippet:
    ```python
    def find_permutation(N, K):
        max_f = sum(range(2, N + 1))
        min_f = N - 1
        if K < min_f or K > max_f:
            return -1
        permutation = list(range(N, 0, -1))
        current_f = max_f
        for i in range(N - 1):
            if current_f == K:
                break
            decrease = permutation[i] - permutation[i + 1]
            if current_f - decrease >= K:
                current_f -= decrease
                permutation[i], permutation[i + 1] = permutation[i + 1], permutation[i]
        return permutation

    def main():
        import sys
        input = sys.stdin.read
        data = input().split()
        T = int(data[0])
        index = 1
        results = []
        for _ in range(T):
            N = int(data[index])
            K = int(data[index + 1])
            index += 2
            result = find_permutation(N, K)
            if result == -1:
                results.append("-1")
            else:
                results.append(" ".join(map(str, result)))
        sys.stdout.write("\n".join(results) + "\n")

    main()
    ```

    This experience reinforced the importance of understanding problem constraints and ensuring that all parts of the solution, including function calls and input/output handling, are correctly implemented.
[/Summary]


INFO - [Task id] 710 [generation text] ## Problem Restatement

We need to find the maximum value of the expression `A[d] - A[c] + A[b] - A[a]` given an array `A` of integers, where the indices satisfy the condition `d > c > b > a`. The task is to determine the optimal indices `a`, `b`, `c`, and `d` to maximize this expression.

## Conceptual Solution

To solve this problem, we need to carefully select indices `a`, `b`, `c`, and `d` such that the expression `A[d] - A[c] + A[b] - A[a]` is maximized. The constraints `d > c > b > a` imply that we need to consider the order of elements in the array.

1. **Iterate Backwards**: Start from the end of the array and move backwards to find the best possible values for `d`, `c`, `b`, and `a`.
2. **Track Maximums and Minimums**:
   - Maintain a running maximum for `A[d]` as we iterate backwards.
   - Maintain a running minimum for `A[c] - A[d]` to maximize `A[d] - A[c]`.
   - Maintain a running maximum for `A[b] - (A[c] - A[d])` to maximize `A[d] - A[c] + A[b]`.
   - Finally, maintain a running minimum for `A[a] - (A[b] - (A[c] - A[d]))` to maximize the entire expression.
3. **Update Values**: As we iterate, update these running values to ensure that at each step, we have the best possible values for the expression.

## Pseudocode

```
function maximize_expression(A):
    N = length of A
    max_d = -infinity
    max_c_minus_d = -infinity
    max_b_plus_c_minus_d = -infinity
    max_expression = -infinity

    for i from N-1 to 0:
        max_d = max(max_d, A[i])
        max_c_minus_d = max(max_c_minus_d, max_d - A[i])
        max_b_plus_c_minus_d = max(max_b_plus_c_minus_d, A[i] + max_c_minus_d)
        max_expression = max(max_expression, max_b_plus_c_minus_d - A[i])

    return max_expression
```

## Final Python Solution

```python
def maximize_expression(A):
    N = len(A)
    max_d = float('-inf')
    max_c_minus_d = float('-inf')
    max_b_plus_c_minus_d = float('-inf')
    max_expression = float('-inf')

    # Iterate from the end to the start
    for i in range(N - 1, -1, -1):
        # Update the maximum value for A[d]
        max_d = max(max_d, A[i])
        # Update the maximum value for A[d] - A[c]
        max_c_minus_d = max(max_c_minus_d, max_d - A[i])
        # Update the maximum value for A[b] + (A[d] - A[c])
        max_b_plus_c_minus_d = max(max_b_plus_c_minus_d, A[i] + max_c_minus_d)
        # Update the maximum value for A[d] - A[c] + A[b] - A[a]
        max_expression = max(max_expression, max_b_plus_c_minus_d - A[i])

    return max_expression

# Read input
import sys
input = sys.stdin.read
data = input().split()
N = int(data[0])
A = list(map(int, data[1:]))

# Output the result
print(maximize_expression(A))
```

This solution efficiently computes the maximum value of the expression by iterating through the array once, maintaining the necessary maximum and minimum values to ensure the constraints are met.
INFO - program_code:
 
def maximize_expression(A):
    N = len(A)
    max_d = float('-inf')
    max_c_minus_d = float('-inf')
    max_b_plus_c_minus_d = float('-inf')
    max_expression = float('-inf')

    # Iterate from the end to the start
    for i in range(N - 1, -1, -1):
        # Update the maximum value for A[d]
        max_d = max(max_d, A[i])
        # Update the maximum value for A[d] - A[c]
        max_c_minus_d = max(max_c_minus_d, max_d - A[i])
        # Update the maximum value for A[b] + (A[d] - A[c])
        max_b_plus_c_minus_d = max(max_b_plus_c_minus_d, A[i] + max_c_minus_d)
        # Update the maximum value for A[d] - A[c] + A[b] - A[a]
        max_expression = max(max_expression, max_b_plus_c_minus_d - A[i])

    return max_expression

# Read input
import sys
input = sys.stdin.read
data = input().split()
N = int(data[0])
A = list(map(int, data[1:]))

# Output the result
print(maximize_expression(A))


INFO - program_name:
 maximize_expression

INFO - dependencies:
 []

INFO - raw_msg:
 ## Problem Restatement

We need to find the maximum value of the expression `A[d] - A[c] + A[b] - A[a]` given an array `A` of integers, where the indices satisfy the condition `d > c > b > a`. The task is to determine the optimal indices `a`, `b`, `c`, and `d` to maximize this expression.

## Conceptual Solution

To solve this problem, we need to carefully select indices `a`, `b`, `c`, and `d` such that the expression `A[d] - A[c] + A[b] - A[a]` is maximized. The constraints `d > c > b > a` imply that we need to consider the order of elements in the array.

1. **Iterate Backwards**: Start from the end of the array and move backwards to find the best possible values for `d`, `c`, `b`, and `a`.
2. **Track Maximums and Minimums**:
   - Maintain a running maximum for `A[d]` as we iterate backwards.
   - Maintain a running minimum for `A[c] - A[d]` to maximize `A[d] - A[c]`.
   - Maintain a running maximum for `A[b] - (A[c] - A[d])` to maximize `A[d] - A[c] + A[b]`.
   - Finally, maintain a running minimum for `A[a] - (A[b] - (A[c] - A[d]))` to maximize the entire expression.
3. **Update Values**: As we iterate, update these running values to ensure that at each step, we have the best possible values for the expression.

## Pseudocode

```
function maximize_expression(A):
    N = length of A
    max_d = -infinity
    max_c_minus_d = -infinity
    max_b_plus_c_minus_d = -infinity
    max_expression = -infinity

    for i from N-1 to 0:
        max_d = max(max_d, A[i])
        max_c_minus_d = max(max_c_minus_d, max_d - A[i])
        max_b_plus_c_minus_d = max(max_b_plus_c_minus_d, A[i] + max_c_minus_d)
        max_expression = max(max_expression, max_b_plus_c_minus_d - A[i])

    return max_expression
```

## Final Python Solution

```python
def maximize_expression(A):
    N = len(A)
    max_d = float('-inf')
    max_c_minus_d = float('-inf')
    max_b_plus_c_minus_d = float('-inf')
    max_expression = float('-inf')

    # Iterate from the end to the start
    for i in range(N - 1, -1, -1):
        # Update the maximum value for A[d]
        max_d = max(max_d, A[i])
        # Update the maximum value for A[d] - A[c]
        max_c_minus_d = max(max_c_minus_d, max_d - A[i])
        # Update the maximum value for A[b] + (A[d] - A[c])
        max_b_plus_c_minus_d = max(max_b_plus_c_minus_d, A[i] + max_c_minus_d)
        # Update the maximum value for A[d] - A[c] + A[b] - A[a]
        max_expression = max(max_expression, max_b_plus_c_minus_d - A[i])

    return max_expression

# Read input
import sys
input = sys.stdin.read
data = input().split()
N = int(data[0])
A = list(map(int, data[1:]))

# Output the result
print(maximize_expression(A))
```

This solution efficiently computes the maximum value of the expression by iterating through the array once, maintaining the necessary maximum and minimum values to ensure the constraints are met.

INFO - no_parent:
 False

INFO - full code to be executed: 
 
def maximize_expression(A):
    N = len(A)
    max_d = float('-inf')
    max_c_minus_d = float('-inf')
    max_b_plus_c_minus_d = float('-inf')
    max_expression = float('-inf')

    # Iterate from the end to the start
    for i in range(N - 1, -1, -1):
        # Update the maximum value for A[d]
        max_d = max(max_d, A[i])
        # Update the maximum value for A[d] - A[c]
        max_c_minus_d = max(max_c_minus_d, max_d - A[i])
        # Update the maximum value for A[b] + (A[d] - A[c])
        max_b_plus_c_minus_d = max(max_b_plus_c_minus_d, A[i] + max_c_minus_d)
        # Update the maximum value for A[d] - A[c] + A[b] - A[a]
        max_expression = max(max_expression, max_b_plus_c_minus_d - A[i])

    return max_expression

# Read input
import sys
input = sys.stdin.read
data = input().split()
N = int(data[0])
A = list(map(int, data[1:]))

# Output the result
print(maximize_expression(A))


INFO - obs: Note: Inputs/outputs here are automatically extracted/truncated so formatting may be a bit off.
Tests passed:

 Input: ['6', '3 9 10 1 30 40'] Output: 46

Tests failed:
None
reward: True
done: None
info: {'individual_results': [True]}
INFO - LM call n parse attempt 1 / 3

INFO - [Task id] 710 [prompt] 
You are an expert programmer tasked with solving the problem below.

Follow the user's instructions to solve the problem.
The user can ask for analysis, code, or both.

## Instructions
When asked to output code,
- Make sure to wrap your code in '```python' and '```' Markdown delimiters, 
- include exactly one block of code with the entire solution
- No outside libraries are allowed. 
- Builtins are allowed.
- If the task specifies a function name to be used, follow it strictly (be case sensitive!) and declare the that function last (helper functions are declared first).
- DO NOT write any assert statements / tests.

## Problem
[BEGIN PROBLEM]
Blob is a computer science student. He recently got an internship from Chef's enterprise. Along with the programming he has various other skills too like graphic designing, digital marketing and social media management. Looking at his skills Chef has provided him different tasks A[1…N] which have their own scores. Blog wants to maximize the  value of the expression A[d]-A[c]+A[b]-A[a] such that d>c>b>a.

Can you help him in this?

-----Input:-----
- The first line contain the integer N
- The second line contains N space separated integers representing A[1], A[2] … A[N]

-----Output:-----
The maximum score that is possible

-----Constraints-----
- $4 \leq N \leq 10^4$
- $0 \leq A[i] \leq 10^5$

-----Sample Input:-----
6

3 9 10 1 30 40

-----Sample Output:-----
46

The output code needs to read from and write to standard IO


[END PROBLEM]

INFO - [Task id] 710 [prompt] 
## Instructions

Reason through the problem and:
1. Restate the problem in plain English
2. Conceptualize a solution first in plain English
3. Write a pseudocode solution
4. Output the final Python 3 solution with your solution steps in comments.

Make sure to wrap your code in '```python' and '```' Markdown delimiters, 
and include exactly one block of code with the entire solution.

No outside libraries are allowed.
Builtins are allowed.

INFO - [Task id] 710 [prompt] ## Problem Restatement

We need to find the maximum value of the expression `A[d] - A[c] + A[b] - A[a]` given an array `A` of integers, where the indices satisfy the condition `d > c > b > a`. The task is to determine the optimal indices `a`, `b`, `c`, and `d` to maximize this expression.

## Conceptual Solution

To solve this problem, we need to carefully select indices `a`, `b`, `c`, and `d` such that the expression `A[d] - A[c] + A[b] - A[a]` is maximized. The constraints `d > c > b > a` imply that we need to consider the order of elements in the array.

1. **Iterate Backwards**: Start from the end of the array and move backwards to find the best possible values for `d`, `c`, `b`, and `a`.
2. **Track Maximums and Minimums**:
   - Maintain a running maximum for `A[d]` as we iterate backwards.
   - Maintain a running minimum for `A[c] - A[d]` to maximize `A[d] - A[c]`.
   - Maintain a running maximum for `A[b] - (A[c] - A[d])` to maximize `A[d] - A[c] + A[b]`.
   - Finally, maintain a running minimum for `A[a] - (A[b] - (A[c] - A[d]))` to maximize the entire expression.
3. **Update Values**: As we iterate, update these running values to ensure that at each step, we have the best possible values for the expression.

## Pseudocode

```
function maximize_expression(A):
    N = length of A
    max_d = -infinity
    max_c_minus_d = -infinity
    max_b_plus_c_minus_d = -infinity
    max_expression = -infinity

    for i from N-1 to 0:
        max_d = max(max_d, A[i])
        max_c_minus_d = max(max_c_minus_d, max_d - A[i])
        max_b_plus_c_minus_d = max(max_b_plus_c_minus_d, A[i] + max_c_minus_d)
        max_expression = max(max_expression, max_b_plus_c_minus_d - A[i])

    return max_expression
```

## Final Python Solution

```python
def maximize_expression(A):
    N = len(A)
    max_d = float('-inf')
    max_c_minus_d = float('-inf')
    max_b_plus_c_minus_d = float('-inf')
    max_expression = float('-inf')

    # Iterate from the end to the start
    for i in range(N - 1, -1, -1):
        # Update the maximum value for A[d]
        max_d = max(max_d, A[i])
        # Update the maximum value for A[d] - A[c]
        max_c_minus_d = max(max_c_minus_d, max_d - A[i])
        # Update the maximum value for A[b] + (A[d] - A[c])
        max_b_plus_c_minus_d = max(max_b_plus_c_minus_d, A[i] + max_c_minus_d)
        # Update the maximum value for A[d] - A[c] + A[b] - A[a]
        max_expression = max(max_expression, max_b_plus_c_minus_d - A[i])

    return max_expression

# Read input
import sys
input = sys.stdin.read
data = input().split()
N = int(data[0])
A = list(map(int, data[1:]))

# Output the result
print(maximize_expression(A))
```

This solution efficiently computes the maximum value of the expression by iterating through the array once, maintaining the necessary maximum and minimum values to ensure the constraints are met.
INFO - [Task id] 710 [prompt] 
[Environment Feedback]:
    Note: Inputs/outputs here are automatically extracted/truncated so formatting may be a bit off.
    Tests passed:

     Input: ['6', '3 9 10 1 30 40'] Output: 46

    Tests failed:
    None
[/Environment Feedback]

INFO - [Task id] 710 [prompt] 
## Instructions
Now, summarize your attempts as a **standalone** document for your own future reference. (can skip formalities, be concise)

- Only include the most relevant information and code snippets that could be useful in the future.
- If you did not learn much from the current experience (e.g. the problem was too easy), feel free to write less or nothing at all.
- Here are some ideas if the experience was useful:
    - Identifying the core concepts and patterns that problem appears to test for
    - Describing the strategies that seemed to work but did not, and vice versa
    - Describing unexpected errors and how they were fixed

Your summary should be at most a few paragraphs.

INFO - [Task id] 710 [generation text] In this problem, the goal was to maximize the expression `A[d] - A[c] + A[b] - A[a]` with the constraint that the indices satisfy `d > c > b > a`. The challenge was to efficiently find the optimal indices in a single pass through the array, given the constraints.

The core concept here was to use a backward iteration strategy, maintaining running maximums and minimums to ensure that at each step, the best possible values for the expression are considered. This approach leverages dynamic programming principles by storing intermediate results that help in computing the final result efficiently.

The strategy involved:
1. Iterating from the end of the array to the start.
2. Maintaining a running maximum for `A[d]`.
3. Calculating and updating the maximum for `A[d] - A[c]`.
4. Calculating and updating the maximum for `A[b] + (A[d] - A[c])`.
5. Finally, calculating and updating the maximum for the entire expression `A[d] - A[c] + A[b] - A[a]`.

This approach was efficient and passed all test cases, demonstrating the power of maintaining intermediate results to solve complex problems with constraints. The key takeaway is the importance of understanding how to break down a problem into smaller parts and use dynamic programming techniques to solve it efficiently.
INFO - LM call n parse attempt 1 / 3

INFO - [Task id] 710 [prompt] 
You are an expert programmer tasked with solving the problem below.

Follow the user's instructions to solve the problem.
The user can ask for analysis, code, or both.

## Instructions
When asked to output code,
- Make sure to wrap your code in '```python' and '```' Markdown delimiters, 
- include exactly one block of code with the entire solution
- No outside libraries are allowed. 
- Builtins are allowed.
- If the task specifies a function name to be used, follow it strictly (be case sensitive!) and declare the that function last (helper functions are declared first).
- DO NOT write any assert statements / tests.

## Problem
[BEGIN PROBLEM]
Blob is a computer science student. He recently got an internship from Chef's enterprise. Along with the programming he has various other skills too like graphic designing, digital marketing and social media management. Looking at his skills Chef has provided him different tasks A[1…N] which have their own scores. Blog wants to maximize the  value of the expression A[d]-A[c]+A[b]-A[a] such that d>c>b>a.

Can you help him in this?

-----Input:-----
- The first line contain the integer N
- The second line contains N space separated integers representing A[1], A[2] … A[N]

-----Output:-----
The maximum score that is possible

-----Constraints-----
- $4 \leq N \leq 10^4$
- $0 \leq A[i] \leq 10^5$

-----Sample Input:-----
6

3 9 10 1 30 40

-----Sample Output:-----
46

The output code needs to read from and write to standard IO


[END PROBLEM]

INFO - [Task id] 710 [prompt] 
## Instructions

Reason through the problem and:
1. Restate the problem in plain English
2. Conceptualize a solution first in plain English
3. Write a pseudocode solution
4. Output the final Python 3 solution with your solution steps in comments.

Make sure to wrap your code in '```python' and '```' Markdown delimiters, 
and include exactly one block of code with the entire solution.

No outside libraries are allowed.
Builtins are allowed.

INFO - [Task id] 710 [prompt] ## Problem Restatement

We need to find the maximum value of the expression `A[d] - A[c] + A[b] - A[a]` given an array `A` of integers, where the indices satisfy the condition `d > c > b > a`. The task is to determine the optimal indices `a`, `b`, `c`, and `d` to maximize this expression.

## Conceptual Solution

To solve this problem, we need to carefully select indices `a`, `b`, `c`, and `d` such that the expression `A[d] - A[c] + A[b] - A[a]` is maximized. The constraints `d > c > b > a` imply that we need to consider the order of elements in the array.

1. **Iterate Backwards**: Start from the end of the array and move backwards to find the best possible values for `d`, `c`, `b`, and `a`.
2. **Track Maximums and Minimums**:
   - Maintain a running maximum for `A[d]` as we iterate backwards.
   - Maintain a running minimum for `A[c] - A[d]` to maximize `A[d] - A[c]`.
   - Maintain a running maximum for `A[b] - (A[c] - A[d])` to maximize `A[d] - A[c] + A[b]`.
   - Finally, maintain a running minimum for `A[a] - (A[b] - (A[c] - A[d]))` to maximize the entire expression.
3. **Update Values**: As we iterate, update these running values to ensure that at each step, we have the best possible values for the expression.

## Pseudocode

```
function maximize_expression(A):
    N = length of A
    max_d = -infinity
    max_c_minus_d = -infinity
    max_b_plus_c_minus_d = -infinity
    max_expression = -infinity

    for i from N-1 to 0:
        max_d = max(max_d, A[i])
        max_c_minus_d = max(max_c_minus_d, max_d - A[i])
        max_b_plus_c_minus_d = max(max_b_plus_c_minus_d, A[i] + max_c_minus_d)
        max_expression = max(max_expression, max_b_plus_c_minus_d - A[i])

    return max_expression
```

## Final Python Solution

```python
def maximize_expression(A):
    N = len(A)
    max_d = float('-inf')
    max_c_minus_d = float('-inf')
    max_b_plus_c_minus_d = float('-inf')
    max_expression = float('-inf')

    # Iterate from the end to the start
    for i in range(N - 1, -1, -1):
        # Update the maximum value for A[d]
        max_d = max(max_d, A[i])
        # Update the maximum value for A[d] - A[c]
        max_c_minus_d = max(max_c_minus_d, max_d - A[i])
        # Update the maximum value for A[b] + (A[d] - A[c])
        max_b_plus_c_minus_d = max(max_b_plus_c_minus_d, A[i] + max_c_minus_d)
        # Update the maximum value for A[d] - A[c] + A[b] - A[a]
        max_expression = max(max_expression, max_b_plus_c_minus_d - A[i])

    return max_expression

# Read input
import sys
input = sys.stdin.read
data = input().split()
N = int(data[0])
A = list(map(int, data[1:]))

# Output the result
print(maximize_expression(A))
```

This solution efficiently computes the maximum value of the expression by iterating through the array once, maintaining the necessary maximum and minimum values to ensure the constraints are met.
INFO - [Task id] 710 [prompt] 
[Environment Feedback]:
    Note: Inputs/outputs here are automatically extracted/truncated so formatting may be a bit off.
    Tests passed:

     Input: ['6', '3 9 10 1 30 40'] Output: 46

    Tests failed:
    None
[/Environment Feedback]

INFO - [Task id] 710 [prompt] 
Below is the official solution (do exercise discretion as official solutions can also have mistakes).

You will be reflecting on your attempts to solve the problem.
This will be a **standalone** document for your own future reference. (can skip formalities, be concise)

## Instructions
- Only include the most relevant insights and code snippets that could be useful in the future.
- If you did not learn much from the current experience (e.g. the problem was too easy / official solution was obvious), feel free to write less or nothing at all.
- Here are some ideas if the experience was useful:
    - If the official solution is insightful (e.g. better than yours in time and space complexity or more effective in breaking down the problem statement), distil the key approach of the official solution, step by step.
    - If your approach failed the test cases, reason why the official solution works but yours does not

Your reflection should be at most a few paragraphs.

## Official solution
def maxval(arr):
    fn = [float('-inf')]*(len(arr)+1)
    sn = [float('-inf')]*len(arr)
    tn = [float('-inf')]*(len(arr)-1)
    fon = [float('-inf')]*(len(arr)-2)
    for i in reversed(list(range(len(arr)))):
        fn[i] = max(fn[i + 1], arr[i])
    for i in reversed(list(range(len(arr) - 1))):
        sn[i] = max(sn[i + 1], fn[i + 1] - arr[i])

    for i in reversed(list(range(len(arr) - 2))):
        tn[i] = max(tn[i + 1], sn[i + 1] + arr[i])

    for i in reversed(list(range(len(arr) - 3))):
        fon[i] = max(fon[i + 1], tn[i + 1] - arr[i])
    return fon[0]
n = int(input())
arr = list(map(int,input().split()))
print(maxval(arr))
    


INFO - [Task id] 710 [generation text] Reflecting on the problem and the official solution, here are some key insights and takeaways:

1. **Problem Breakdown**: The problem requires maximizing a complex expression with constraints on the indices. Both my solution and the official solution break down the problem by iterating over the array while maintaining running maximums and minimums to ensure the constraints are met.

2. **Iterative Approach**: Both solutions use a backward iteration approach, which is effective for problems where the order of elements is crucial. This ensures that when we calculate values for `d`, `c`, `b`, and `a`, we are always considering valid indices.

3. **State Maintenance**: The official solution uses multiple arrays (`fn`, `sn`, `tn`, `fon`) to maintain the state of maximum values at each step. This is a more structured approach compared to my solution, which uses single variables to track these values. The use of arrays can make the logic clearer and easier to follow, especially for complex expressions.

4. **Efficiency**: Both solutions are efficient with a time complexity of O(N), which is optimal given the constraints. The space complexity of the official solution is higher due to the use of additional arrays, but this trade-off can be beneficial for clarity and maintainability.

5. **Learning**: The official solution reinforces the importance of maintaining intermediate results in a structured way, which can simplify the logic and make the solution more robust. This is particularly useful in problems with multiple constraints and complex expressions.

In summary, while my solution was correct and efficient, the official solution provides a more structured approach to maintaining state, which can be beneficial in similar problems. This experience highlights the value of clear state management and the use of auxiliary data structures to simplify complex logic.
INFO - Updated entry: In this problem, the goal was to maximize the expression `A[d] - A[c] + A[b] - A[a]` with the constraint that the indices satisfy `d > c > b > a`. The challenge was to efficiently find the optimal indices in a single pass through the array, given the constraints.

The core concept here was to use...,

INFO - Metadata: {
    "task_id": 710
}

INFO - Updated entry: Reflecting on the problem and the official solution, here are some key insights and takeaways:

1. **Problem Breakdown**: The problem requires maximizing a complex expression with constraints on the indices. Both my solution and the official solution break down the problem by iterating over the a...,

INFO - Metadata: {
    "task_id": 710
}

INFO - LM call n parse attempt 1 / 3

INFO - [Task id] 710 [prompt] 
You are a helpful assistant that writes a description of the given function written in the Python programming language.

1) Do not mention the function name.
2) Do not mention anything about helper functions.
3) There might be some helper functions before the main function, but you only need to describe the main function.
4) Try to summarize the function in no more than 6 sentences.
5) Your response should be a single line of text.

INFO - [Task id] 710 [prompt] 
def maximize_expression(A):
    N = len(A)
    max_d = float('-inf')
    max_c_minus_d = float('-inf')
    max_b_plus_c_minus_d = float('-inf')
    max_expression = float('-inf')

    # Iterate from the end to the start
    for i in range(N - 1, -1, -1):
        # Update the maximum value for A[d]
        max_d = max(max_d, A[i])
        # Update the maximum value for A[d] - A[c]
        max_c_minus_d = max(max_c_minus_d, max_d - A[i])
        # Update the maximum value for A[b] + (A[d] - A[c])
        max_b_plus_c_minus_d = max(max_b_plus_c_minus_d, A[i] + max_c_minus_d)
        # Update the maximum value for A[d] - A[c] + A[b] - A[a]
        max_expression = max(max_expression, max_b_plus_c_minus_d - A[i])

    return max_expression

# Read input
import sys
input = sys.stdin.read
data = input().split()
N = int(data[0])
A = list(map(int, data[1:]))

# Output the result
print(maximize_expression(A))


The main function is `maximize_expression`.
INFO - [Task id] 710 [generation text] The function calculates the maximum value of the expression \( A[d] - A[c] + A[b] - A[a] \) for a given list \( A \) of integers, where \( a < b < c < d \). It iterates through the list from the end to the start, updating four variables that track the maximum values of sub-expressions: \( A[d] \), \( A[d] - A[c] \), \( A[b] + (A[d] - A[c]) \), and the full expression. The function returns the maximum value of the full expression found during the iteration.
INFO - LM call n parse attempt 1 / 3

INFO - [Task id] 710 [prompt] 
You are a helpful assistant that extracts important information from problems and solutions to aid in searchability and education.

## Instructions
- Read through the problem and solution carefully.
- Reason out, step by step, in what scenarios this knowledge would be useful.
- Focus on general patterns and situations to help connect this knowledge to new situations.
- Then, include a list of keywords that are useful for searching this problem/solution pair.

## Response format
Respond in JSON, and follow the keys and expected format of the values strictly.

The output should be formatted as a JSON instance that conforms to the JSON schema below.

As an example, for the schema {"properties": {"foo": {"title": "Foo", "description": "a list of strings", "type": "array", "items": {"type": "string"}}}, "required": ["foo"]}
the object {"foo": ["bar", "baz"]} is a well-formatted instance of the schema. The object {"properties": {"foo": ["bar", "baz"]}} is not well-formatted.

Here is the output schema:
```
{"properties": {"scenarios": {"description": "In what scenarios will this knowledge be useful? Answer in a paragraph.", "title": "Scenarios", "type": "string"}, "keywords": {"description": "List of keywords that are useful for searching this problem/solution pair", "items": {"type": "string"}, "title": "Keywords", "type": "array"}}, "required": ["scenarios", "keywords"]}
```

INFO - [Task id] 710 [prompt] 
[Problem]
    Blob is a computer science student. He recently got an internship from Chef's enterprise. Along with the programming he has various other skills too like graphic designing, digital marketing and social media management. Looking at his skills Chef has provided him different tasks A[1…N] which have their own scores. Blog wants to maximize the  value of the expression A[d]-A[c]+A[b]-A[a] such that d>c>b>a.

    Can you help him in this?

    -----Input:-----
    - The first line contain the integer N
    - The second line contains N space separated integers representing A[1], A[2] … A[N]

    -----Output:-----
    The maximum score that is possible

    -----Constraints-----
    - $4 \leq N \leq 10^4$
    - $0 \leq A[i] \leq 10^5$

    -----Sample Input:-----
    6

    3 9 10 1 30 40

    -----Sample Output:-----
    46
[/Problem]

[Solution]

    def maximize_expression(A):
        N = len(A)
        max_d = float('-inf')
        max_c_minus_d = float('-inf')
        max_b_plus_c_minus_d = float('-inf')
        max_expression = float('-inf')

        # Iterate from the end to the start
        for i in range(N - 1, -1, -1):
            # Update the maximum value for A[d]
            max_d = max(max_d, A[i])
            # Update the maximum value for A[d] - A[c]
            max_c_minus_d = max(max_c_minus_d, max_d - A[i])
            # Update the maximum value for A[b] + (A[d] - A[c])
            max_b_plus_c_minus_d = max(max_b_plus_c_minus_d, A[i] + max_c_minus_d)
            # Update the maximum value for A[d] - A[c] + A[b] - A[a]
            max_expression = max(max_expression, max_b_plus_c_minus_d - A[i])

        return max_expression

    # Read input
    import sys
    input = sys.stdin.read
    data = input().split()
    N = int(data[0])
    A = list(map(int, data[1:]))

    # Output the result
    print(maximize_expression(A))

[/Solution]

INFO - [Task id] 710 [generation text] 
INFO - {
    "scenarios": "This knowledge is useful in scenarios where one needs to maximize a specific mathematical expression involving elements of an array with constraints on their indices. This is common in competitive programming and algorithm design, where optimizing expressions under constraints is a frequent task. The solution involves iterating over the array in reverse and maintaining running maximums to efficiently compute the desired expression. This approach can be generalized to other problems where a similar pattern of maximizing or minimizing expressions with index constraints is required.",
    "keywords": [
        "maximize expression",
        "array indices",
        "competitive programming",
        "algorithm design",
        "reverse iteration",
        "running maximum",
        "index constraints",
        "optimization problem"
    ]
}
INFO - {
    "scenarios": "This knowledge is useful in scenarios where one needs to maximize a specific mathematical expression involving elements of an array with constraints on their indices. This is common in competitive programming and algorithm design, where optimizing expressions under constraints is a frequent task. The solution involves iterating over the array in reverse and maintaining running maximums to efficiently compute the desired expression. This approach can be generalized to other problems where a similar pattern of maximizing or minimizing expressions with index constraints is required.",
    "keywords": [
        "maximize expression",
        "array indices",
        "competitive programming",
        "algorithm design",
        "reverse iteration",
        "running maximum",
        "index constraints",
        "optimization problem"
    ]
}
INFO - Updated entry: 
[description for function: maximize_expression]
The function calculates the maximum value of the expression \( A[d] - A[c] + A[b] - A[a] \) for a given list \( A \) of integers, where \( a < b < c < d \). It iterates through the list from the end to the start, updating four variables that track ...,

INFO - Metadata: {
    "task": 710,
    "code": "\ndef maximize_expression(A):\n    N = len(A)\n    max_d = float('-inf')\n    max_c_minus_d = float('-inf')\n    max_b_plus_c_minus_d = float('-inf')\n    max_expression = float('-inf')\n\n    # Iterate from the end to the start\n    for i in range(N - 1, -1, -1):\...

