INFO - DB skill doc count: 1

INFO - DB non_func doc count: 65

INFO - DB semantic doc count: 429

INFO - DB summaries doc count: 84

INFO - DB reflections doc count: 84

INFO - DB episodic doc count: 0

INFO - [train iter]: 84/100 

INFO - The task prompt is A despotic king decided that his kingdom needed to be rid of corruption and disparity. He called his prime minister and ordered that all corrupt citizens be put to death. Moreover, he wanted this done quickly.
The wily prime minister realised that investigating every citizen to decide who was cor...

INFO - Attempting task_id 1319
INFO - LM call n parse attempt 1 / 3

INFO - [Task id] 1319 [prompt] 
You are an expert programmer tasked with solving the problem below.

Follow the user's instructions to solve the problem.
The user can ask for analysis, code, or both.

## Instructions
When asked to output code,
- Make sure to wrap your code in '```python' and '```' Markdown delimiters, 
- include exactly one block of code with the entire solution
- No outside libraries are allowed. 
- Builtins are allowed.
- If the task specifies a function name to be used, follow it strictly (be case sensitive!) and declare the that function last (helper functions are declared first).
- DO NOT write any assert statements / tests.

## Problem
[BEGIN PROBLEM]
A despotic king decided that his kingdom needed to be rid of corruption and disparity. He called his prime minister and ordered that all corrupt citizens be put to death. Moreover, he wanted this done quickly.
The wily prime minister realised that investigating every citizen to decide who was corrupt and who was not was rather difficult. So he decided on the following plan: He ordered all the citizens to appear in the court one by one and declare their wealth.
The king does not sit in the court all the time (he has other important business to attend to - for instance, meet dignitaries from neighbouring kingdoms, spend time with his family …) Whenever the king walks into the court, the prime minister pulls out the richest man who has appeared before the court so far and is still alive and beheads him for being corrupt. Since the rich are more likely to be corrupt, he hopes to get rid of most of the corrupt and the king is happy as he sees his policy being implemented enthusiastically.
Suppose the wealth of the citizens trooping into the court is
1376518911241376518911241\; 3\; 7\; 6\; 5\; 18\;  9\; 11\;  2\; 4
and the king walked in three times: the first time after the first four persons have seen the minister, the second time after the first five persons have seen the minister and, finally after the first nine persons have seen the minister.
At the king's first visit the richest person to have met the minister has wealth $7$ and he would be beheaded. At the second visit, the wealth of the richest person who has met the minister and is still alive has wealth $6$ and so he would be beheaded. At the third visit the richest person to have met the minister who is still alive has wealth $18$ and so he would be beheaded.
You may assume that the input is such that whenever the king walks in, it is always possible to behead someone.
Your aim is to write a program that will enable the prime minister to identify the richest man to have met the minister and who is still alive quickly. You may assume that no two citizens have the same wealth.

-----Input:-----
The first line of the input consists of two numbers $N$ and $M$, where $N$ is the number of citizens in the kingdom and M is the number of visits to the court by the king.
The next $N+M$ lines describe the order in which the $N$ citizens' appearances are interleaved with the $M$ visits by the king. A citizen's visit is denoted by a positive integer, signifying his wealth. You may assume that no two citizens have the same wealth. A visit by the king is denoted by $-1$.

-----Output:-----
Your output should consist of $M$ lines, where the $i^{th}$ line contains the wealth of the citizen who is beheaded at the $i^{th}$ visit of the king.

-----Constraints:-----
- $1 \leq M \leq 10000$.
- $1 \leq N \leq 100000$.
- You may assume that in $50 \%$ of the inputs $1 \leq M \leq 1000$ and $1 \leq N \leq 8000$.

-----Sample Input-----
10 3
1 
3 
7 
6 
-1 
5 
-1 
18 
9 
11
2
-1
4

-----Sample Output-----
7
6
18

The output code needs to read from and write to standard IO


[END PROBLEM]

INFO - [Task id] 1319 [prompt] 
## Instructions

Reason through the problem and:
1. Restate the problem in plain English
2. Conceptualize a solution first in plain English
3. Write a pseudocode solution
4. Output the final Python 3 solution with your solution steps in comments.

Make sure to wrap your code in '```python' and '```' Markdown delimiters, 
and include exactly one block of code with the entire solution.

No outside libraries are allowed.
Builtins are allowed.

INFO - [Task id] 1319 [generation text] ## Problem Restatement

We have a sequence of events where citizens declare their wealth and the king visits the court. Each citizen's wealth is a unique positive integer, and a king's visit is denoted by `-1`. When the king visits, the richest citizen who has appeared so far and is still alive is beheaded. We need to determine the wealth of the citizen who is beheaded at each of the king's visits.

## Conceptual Solution

1. **Data Structure Choice**: Use a max-heap to efficiently track the richest citizen who is still alive. A max-heap allows us to quickly retrieve and remove the largest element.

2. **Processing Events**:
   - For each citizen's wealth declaration, add the wealth to the max-heap.
   - For each king's visit (`-1`), remove the richest citizen from the heap and record their wealth as they are beheaded.

3. **Output**: For each king's visit, output the wealth of the beheaded citizen.

## Pseudocode

1. Initialize an empty max-heap.
2. For each event in the sequence:
   - If the event is a positive integer (citizen's wealth), add it to the max-heap.
   - If the event is `-1` (king's visit):
     - Remove the maximum element from the heap (the richest citizen still alive).
     - Record this wealth as the beheaded citizen's wealth.
3. Print the recorded wealths for each king's visit.

## Python Solution

```python
import sys
import heapq

def process_events():
    input = sys.stdin.read
    data = input().split()
    
    N = int(data[0])
    M = int(data[1])
    
    events = data[2:]
    
    # Max-heap to store the wealth of citizens
    max_heap = []
    
    # List to store the results of each king's visit
    results = []
    
    for event in events:
        if event == '-1':
            # King visits, pop the richest citizen
            richest = -heapq.heappop(max_heap)
            results.append(richest)
        else:
            # Citizen declares wealth, add to heap
            wealth = int(event)
            heapq.heappush(max_heap, -wealth)
    
    # Output the results for each king's visit
    for result in results:
        print(result)

```

### Explanation of the Code

- We use a max-heap to keep track of the richest citizens. Python's `heapq` module provides a min-heap, so we store negative values to simulate a max-heap.
- We read all input data at once and split it into a list of strings.
- We iterate over each event:
  - If it's a positive integer, we convert it to a negative and push it onto the heap.
  - If it's `-1`, we pop the largest (most negative) value from the heap, convert it back to positive, and record it as the wealth of the beheaded citizen.
- Finally, we print the wealth of the beheaded citizen for each king's visit.
INFO - [35m Rollout attempt 1/4[0m
INFO - [33m Retrieving 1 entries for db: semantic 
 [0m
INFO - Retrieved (score=0.5126):
Title: Continued fractions
Part: 11/12
```
    === "Python"
        ```py
        # returns [ah, ph, qh] such that points r[i]=(ph[i], qh[i]) constitute upper convex hull
        # of lattice points on 0 <= x <= N and 0 <= y <= r * x, where r = [a0; a1, a2, ...]
        # and there are ah[i]-1 in...


INFO - [33m Retrieving 1 entries for db: reflections 
 [0m
INFO - Retrieved (score=0.4318):
Reflecting on the problem-solving process and the official solution, here are some key insights:

1. **Event-Driven Approach:**
   - The official solution uses an event-driven approach, which is efficient for handling time-based changes. Events are created for the start and end of each roadwork, ...


INFO - [33m Retrieving 1 entries for db: summaries 
 [0m
INFO - Retrieved (score=0.3980):
In this problem, the task was to determine the winner of a billiards game based on the maximum lead one player had over the other at the end of any round. The solution involved calculating cumulative scores for each player after each round and tracking the maximum lead and the player who achieved...


INFO - [33m Retrieving 1 entries for db: skill 
 [0m
INFO - Retrieved (score=0.7510):

[description for function: count_col_triang]
The function takes a list of points, each associated with a color, and categorizes them by color. It then counts the number of non-collinear triangles that can be formed from points of the same color. For each color, it calculates the number of such t...


INFO - [33m Retrieving 1 entries for db: non_func 
 [0m
INFO - Retrieved (score=0.5013):

[description for function: main]
The function reads multiple test cases from standard input, where each test case consists of a single integer, and determines the winner of a game for each integer. It first reads the number of test cases, T, and then iterates over each test case to determine the...


INFO - Retrieved (score=0.3980): 
[Summary]:
    In this problem, the task was to determine the winner of a billiards game based on the maximum lead one player had over the other at the end of any round. The solution involved calculating cumulative scores for each player after each round and tracking the maximum lead and the pla...
INFO - LM call n parse attempt 1 / 3

INFO - [Task id] 1319 [prompt] 
You are an expert programmer tasked with solving the problem below.

Follow the user's instructions to solve the problem.
The user can ask for analysis, code, or both.

## Instructions
When asked to output code,
- Make sure to wrap your code in '```python' and '```' Markdown delimiters, 
- include exactly one block of code with the entire solution
- No outside libraries are allowed. 
- Builtins are allowed.
- If the task specifies a function name to be used, follow it strictly (be case sensitive!) and declare the that function last (helper functions are declared first).
- DO NOT write any assert statements / tests.

## Problem
[BEGIN PROBLEM]
A despotic king decided that his kingdom needed to be rid of corruption and disparity. He called his prime minister and ordered that all corrupt citizens be put to death. Moreover, he wanted this done quickly.
The wily prime minister realised that investigating every citizen to decide who was corrupt and who was not was rather difficult. So he decided on the following plan: He ordered all the citizens to appear in the court one by one and declare their wealth.
The king does not sit in the court all the time (he has other important business to attend to - for instance, meet dignitaries from neighbouring kingdoms, spend time with his family …) Whenever the king walks into the court, the prime minister pulls out the richest man who has appeared before the court so far and is still alive and beheads him for being corrupt. Since the rich are more likely to be corrupt, he hopes to get rid of most of the corrupt and the king is happy as he sees his policy being implemented enthusiastically.
Suppose the wealth of the citizens trooping into the court is
1376518911241376518911241\; 3\; 7\; 6\; 5\; 18\;  9\; 11\;  2\; 4
and the king walked in three times: the first time after the first four persons have seen the minister, the second time after the first five persons have seen the minister and, finally after the first nine persons have seen the minister.
At the king's first visit the richest person to have met the minister has wealth $7$ and he would be beheaded. At the second visit, the wealth of the richest person who has met the minister and is still alive has wealth $6$ and so he would be beheaded. At the third visit the richest person to have met the minister who is still alive has wealth $18$ and so he would be beheaded.
You may assume that the input is such that whenever the king walks in, it is always possible to behead someone.
Your aim is to write a program that will enable the prime minister to identify the richest man to have met the minister and who is still alive quickly. You may assume that no two citizens have the same wealth.

-----Input:-----
The first line of the input consists of two numbers $N$ and $M$, where $N$ is the number of citizens in the kingdom and M is the number of visits to the court by the king.
The next $N+M$ lines describe the order in which the $N$ citizens' appearances are interleaved with the $M$ visits by the king. A citizen's visit is denoted by a positive integer, signifying his wealth. You may assume that no two citizens have the same wealth. A visit by the king is denoted by $-1$.

-----Output:-----
Your output should consist of $M$ lines, where the $i^{th}$ line contains the wealth of the citizen who is beheaded at the $i^{th}$ visit of the king.

-----Constraints:-----
- $1 \leq M \leq 10000$.
- $1 \leq N \leq 100000$.
- You may assume that in $50 \%$ of the inputs $1 \leq M \leq 1000$ and $1 \leq N \leq 8000$.

-----Sample Input-----
10 3
1 
3 
7 
6 
-1 
5 
-1 
18 
9 
11
2
-1
4

-----Sample Output-----
7
6
18

The output code needs to read from and write to standard IO


[END PROBLEM]

INFO - [Task id] 1319 [prompt] 
## Instructions

Reason through the problem and:
1. Restate the problem in plain English
2. Conceptualize a solution first in plain English
3. Write a pseudocode solution
4. Output the final Python 3 solution with your solution steps in comments.

Make sure to wrap your code in '```python' and '```' Markdown delimiters, 
and include exactly one block of code with the entire solution.

No outside libraries are allowed.
Builtins are allowed.

INFO - [Task id] 1319 [prompt] 
Also, here are some of your memories.
Feel free to use the given information to aid your problem solving process if necessary.
Do not confuse the memories with the problem statement.

## Memories

[Summary]:
    In this problem, the task was to determine the winner of a billiards game based on the maximum lead one player had over the other at the end of any round. The solution involved calculating cumulative scores for each player after each round and tracking the maximum lead and the player who achieved it.

    **Core Concepts:**
    - Cumulative scoring: Continuously updating scores for each player as the rounds progress.
    - Lead calculation: Determining the difference between the two players' scores to find the lead.
    - Maximum tracking: Keeping track of the maximum lead encountered and the player associated with it.

    **Strategies and Fixes:**
    - Initially, the function was defined but not called, which led to no output being generated. This was a key oversight that was corrected by explicitly calling the function at the end of the script.
    - The input was read using `sys.stdin.read()`, which is suitable for competitive programming environments where input is provided in bulk. This approach worked well once the function was properly invoked.

    **Code Snippet:**
    ```python
    def find_winner_and_lead():
        import sys
        input = sys.stdin.read
        data = input().split()
    
        N = int(data[0])
        cumulative_score_player1 = 0
        cumulative_score_player2 = 0
        max_lead = 0
        winner = 0
    
        index = 1
        for _ in range(N):
            Si = int(data[index])
            Ti = int(data[index + 1])
            index += 2
        
            cumulative_score_player1 += Si
            cumulative_score_player2 += Ti
        
            if cumulative_score_player1 > cumulative_score_player2:
                current_lead = cumulative_score_player1 - cumulative_score_player2
                current_leader = 1
            else:
                current_lead = cumulative_score_player2 - cumulative_score_player1
                current_leader = 2
        
            if current_lead > max_lead:
                max_lead = current_lead
                winner = current_leader
    
        print(winner, max_lead)

    find_winner_and_lead()
    ```

    This experience reinforced the importance of ensuring that functions are called in scripts and highlighted the utility of cumulative calculations and lead tracking in competitive programming problems.
[/Summary]


INFO - [Task id] 1319 [generation text] ## Problem Restatement

We have a sequence of events where citizens declare their wealth and the king visits the court. Each citizen's wealth is unique and represented by a positive integer. A king's visit is represented by `-1`. When the king visits, the richest citizen who has appeared so far and is still alive is beheaded. We need to determine the wealth of the citizen who is beheaded at each of the king's visits.

## Conceptual Solution

1. **Data Structure Choice**: Use a max-heap to efficiently track the richest citizen who is still alive. A max-heap allows us to quickly retrieve and remove the largest element.

2. **Processing Events**:
   - For each citizen's wealth declaration, add their wealth to the max-heap.
   - For each king's visit (`-1`), remove the richest citizen from the heap and record their wealth as they are beheaded.

3. **Handling the Max-Heap**: Since Python's `heapq` is a min-heap by default, we can simulate a max-heap by inserting negative values.

## Pseudocode

```
function process_events(events):
    initialize an empty max-heap (using a list)
    initialize an empty list for results

    for each event in events:
        if event is a positive integer (citizen's wealth):
            push the negative of the event into the max-heap
        else if event is -1 (king's visit):
            pop the smallest element from the max-heap (which is the largest wealth)
            append the negative of this value to the results list

    return results
```

## Python Solution

```python
import sys
import heapq

def process_events():
    input = sys.stdin.read
    data = input().split()
    
    N = int(data[0])
    M = int(data[1])
    
    events = data[2:]
    
    max_heap = []
    results = []
    
    for event in events:
        if event != '-1':
            # Convert the wealth to an integer and push its negative to simulate a max-heap
            wealth = int(event)
            heapq.heappush(max_heap, -wealth)
        else:
            # Pop the richest (which is the smallest negative number)
            richest = -heapq.heappop(max_heap)
            results.append(richest)
    
    for result in results:
        print(result)

process_events()
```

### Explanation

- **Heap Operations**: We use `heapq.heappush` to add elements to the heap and `heapq.heappop` to remove the smallest element. By storing negative values, we effectively turn the min-heap into a max-heap.
- **Event Processing**: We iterate over each event, adding wealth to the heap or processing a king's visit by removing the richest citizen.
- **Output**: After processing all events, we print the wealth of each beheaded citizen in the order of the king's visits.
INFO - program_code:
 
import sys
import heapq

def process_events():
    input = sys.stdin.read
    data = input().split()
    
    N = int(data[0])
    M = int(data[1])
    
    events = data[2:]
    
    max_heap = []
    results = []
    
    for event in events:
        if event != '-1':
            # Convert the wealth to an integer and push its negative to simulate a max-heap
            wealth = int(event)
            heapq.heappush(max_heap, -wealth)
        else:
            # Pop the richest (which is the smallest negative number)
            richest = -heapq.heappop(max_heap)
            results.append(richest)
    
    for result in results:
        print(result)

process_events()


INFO - program_name:
 process_events

INFO - dependencies:
 []

INFO - raw_msg:
 ## Problem Restatement

We have a sequence of events where citizens declare their wealth and the king visits the court. Each citizen's wealth is unique and represented by a positive integer. A king's visit is represented by `-1`. When the king visits, the richest citizen who has appeared so far and is still alive is beheaded. We need to determine the wealth of the citizen who is beheaded at each of the king's visits.

## Conceptual Solution

1. **Data Structure Choice**: Use a max-heap to efficiently track the richest citizen who is still alive. A max-heap allows us to quickly retrieve and remove the largest element.

2. **Processing Events**:
   - For each citizen's wealth declaration, add their wealth to the max-heap.
   - For each king's visit (`-1`), remove the richest citizen from the heap and record their wealth as they are beheaded.

3. **Handling the Max-Heap**: Since Python's `heapq` is a min-heap by default, we can simulate a max-heap by inserting negative values.

## Pseudocode

```
function process_events(events):
    initialize an empty max-heap (using a list)
    initialize an empty list for results

    for each event in events:
        if event is a positive integer (citizen's wealth):
            push the negative of the event into the max-heap
        else if event is -1 (king's visit):
            pop the smallest element from the max-heap (which is the largest wealth)
            append the negative of this value to the results list

    return results
```

## Python Solution

```python
import sys
import heapq

def process_events():
    input = sys.stdin.read
    data = input().split()
    
    N = int(data[0])
    M = int(data[1])
    
    events = data[2:]
    
    max_heap = []
    results = []
    
    for event in events:
        if event != '-1':
            # Convert the wealth to an integer and push its negative to simulate a max-heap
            wealth = int(event)
            heapq.heappush(max_heap, -wealth)
        else:
            # Pop the richest (which is the smallest negative number)
            richest = -heapq.heappop(max_heap)
            results.append(richest)
    
    for result in results:
        print(result)

process_events()
```

### Explanation

- **Heap Operations**: We use `heapq.heappush` to add elements to the heap and `heapq.heappop` to remove the smallest element. By storing negative values, we effectively turn the min-heap into a max-heap.
- **Event Processing**: We iterate over each event, adding wealth to the heap or processing a king's visit by removing the richest citizen.
- **Output**: After processing all events, we print the wealth of each beheaded citizen in the order of the king's visits.

INFO - no_parent:
 False

INFO - full code to be executed: 
 
import sys
import heapq

def process_events():
    input = sys.stdin.read
    data = input().split()
    
    N = int(data[0])
    M = int(data[1])
    
    events = data[2:]
    
    max_heap = []
    results = []
    
    for event in events:
        if event != '-1':
            # Convert the wealth to an integer and push its negative to simulate a max-heap
            wealth = int(event)
            heapq.heappush(max_heap, -wealth)
        else:
            # Pop the richest (which is the smallest negative number)
            richest = -heapq.heappop(max_heap)
            results.append(richest)
    
    for result in results:
        print(result)

process_events()


INFO - obs: Note: Inputs/outputs here are automatically extracted/truncated so formatting may be a bit off.
Tests passed:

 Input: ['10 3', '1', '3', '7', '6', '-1', '5', '-1', '18', '9', '11', '2', '-1', '4'] Output: 7
6
18

Tests failed:
None
reward: True
done: None
info: {'individual_results': [True]}
INFO - LM call n parse attempt 1 / 3

INFO - [Task id] 1319 [prompt] 
You are an expert programmer tasked with solving the problem below.

Follow the user's instructions to solve the problem.
The user can ask for analysis, code, or both.

## Instructions
When asked to output code,
- Make sure to wrap your code in '```python' and '```' Markdown delimiters, 
- include exactly one block of code with the entire solution
- No outside libraries are allowed. 
- Builtins are allowed.
- If the task specifies a function name to be used, follow it strictly (be case sensitive!) and declare the that function last (helper functions are declared first).
- DO NOT write any assert statements / tests.

## Problem
[BEGIN PROBLEM]
A despotic king decided that his kingdom needed to be rid of corruption and disparity. He called his prime minister and ordered that all corrupt citizens be put to death. Moreover, he wanted this done quickly.
The wily prime minister realised that investigating every citizen to decide who was corrupt and who was not was rather difficult. So he decided on the following plan: He ordered all the citizens to appear in the court one by one and declare their wealth.
The king does not sit in the court all the time (he has other important business to attend to - for instance, meet dignitaries from neighbouring kingdoms, spend time with his family …) Whenever the king walks into the court, the prime minister pulls out the richest man who has appeared before the court so far and is still alive and beheads him for being corrupt. Since the rich are more likely to be corrupt, he hopes to get rid of most of the corrupt and the king is happy as he sees his policy being implemented enthusiastically.
Suppose the wealth of the citizens trooping into the court is
1376518911241376518911241\; 3\; 7\; 6\; 5\; 18\;  9\; 11\;  2\; 4
and the king walked in three times: the first time after the first four persons have seen the minister, the second time after the first five persons have seen the minister and, finally after the first nine persons have seen the minister.
At the king's first visit the richest person to have met the minister has wealth $7$ and he would be beheaded. At the second visit, the wealth of the richest person who has met the minister and is still alive has wealth $6$ and so he would be beheaded. At the third visit the richest person to have met the minister who is still alive has wealth $18$ and so he would be beheaded.
You may assume that the input is such that whenever the king walks in, it is always possible to behead someone.
Your aim is to write a program that will enable the prime minister to identify the richest man to have met the minister and who is still alive quickly. You may assume that no two citizens have the same wealth.

-----Input:-----
The first line of the input consists of two numbers $N$ and $M$, where $N$ is the number of citizens in the kingdom and M is the number of visits to the court by the king.
The next $N+M$ lines describe the order in which the $N$ citizens' appearances are interleaved with the $M$ visits by the king. A citizen's visit is denoted by a positive integer, signifying his wealth. You may assume that no two citizens have the same wealth. A visit by the king is denoted by $-1$.

-----Output:-----
Your output should consist of $M$ lines, where the $i^{th}$ line contains the wealth of the citizen who is beheaded at the $i^{th}$ visit of the king.

-----Constraints:-----
- $1 \leq M \leq 10000$.
- $1 \leq N \leq 100000$.
- You may assume that in $50 \%$ of the inputs $1 \leq M \leq 1000$ and $1 \leq N \leq 8000$.

-----Sample Input-----
10 3
1 
3 
7 
6 
-1 
5 
-1 
18 
9 
11
2
-1
4

-----Sample Output-----
7
6
18

The output code needs to read from and write to standard IO


[END PROBLEM]

INFO - [Task id] 1319 [prompt] 
## Instructions

Reason through the problem and:
1. Restate the problem in plain English
2. Conceptualize a solution first in plain English
3. Write a pseudocode solution
4. Output the final Python 3 solution with your solution steps in comments.

Make sure to wrap your code in '```python' and '```' Markdown delimiters, 
and include exactly one block of code with the entire solution.

No outside libraries are allowed.
Builtins are allowed.

INFO - [Task id] 1319 [prompt] ## Problem Restatement

We have a sequence of events where citizens declare their wealth and the king visits the court. Each citizen's wealth is unique and represented by a positive integer. A king's visit is represented by `-1`. When the king visits, the richest citizen who has appeared so far and is still alive is beheaded. We need to determine the wealth of the citizen who is beheaded at each of the king's visits.

## Conceptual Solution

1. **Data Structure Choice**: Use a max-heap to efficiently track the richest citizen who is still alive. A max-heap allows us to quickly retrieve and remove the largest element.

2. **Processing Events**:
   - For each citizen's wealth declaration, add their wealth to the max-heap.
   - For each king's visit (`-1`), remove the richest citizen from the heap and record their wealth as they are beheaded.

3. **Handling the Max-Heap**: Since Python's `heapq` is a min-heap by default, we can simulate a max-heap by inserting negative values.

## Pseudocode

```
function process_events(events):
    initialize an empty max-heap (using a list)
    initialize an empty list for results

    for each event in events:
        if event is a positive integer (citizen's wealth):
            push the negative of the event into the max-heap
        else if event is -1 (king's visit):
            pop the smallest element from the max-heap (which is the largest wealth)
            append the negative of this value to the results list

    return results
```

## Python Solution

```python
import sys
import heapq

def process_events():
    input = sys.stdin.read
    data = input().split()
    
    N = int(data[0])
    M = int(data[1])
    
    events = data[2:]
    
    max_heap = []
    results = []
    
    for event in events:
        if event != '-1':
            # Convert the wealth to an integer and push its negative to simulate a max-heap
            wealth = int(event)
            heapq.heappush(max_heap, -wealth)
        else:
            # Pop the richest (which is the smallest negative number)
            richest = -heapq.heappop(max_heap)
            results.append(richest)
    
    for result in results:
        print(result)

process_events()
```

### Explanation

- **Heap Operations**: We use `heapq.heappush` to add elements to the heap and `heapq.heappop` to remove the smallest element. By storing negative values, we effectively turn the min-heap into a max-heap.
- **Event Processing**: We iterate over each event, adding wealth to the heap or processing a king's visit by removing the richest citizen.
- **Output**: After processing all events, we print the wealth of each beheaded citizen in the order of the king's visits.
INFO - [Task id] 1319 [prompt] 
[Environment Feedback]:
    Note: Inputs/outputs here are automatically extracted/truncated so formatting may be a bit off.
    Tests passed:

     Input: ['10 3', '1', '3', '7', '6', '-1', '5', '-1', '18', '9', '11', '2', '-1', '4'] Output: 7
    6
    18

    Tests failed:
    None
[/Environment Feedback]

INFO - [Task id] 1319 [prompt] 
## Instructions
Now, summarize your attempts as a **standalone** document for your own future reference. (can skip formalities, be concise)

- Only include the most relevant information and code snippets that could be useful in the future.
- If you did not learn much from the current experience (e.g. the problem was too easy), feel free to write less or nothing at all.
- Here are some ideas if the experience was useful:
    - Identifying the core concepts and patterns that problem appears to test for
    - Describing the strategies that seemed to work but did not, and vice versa
    - Describing unexpected errors and how they were fixed

Your summary should be at most a few paragraphs.

INFO - [Task id] 1319 [generation text] In this problem, the core concept was efficiently managing a sequence of events involving citizens declaring their wealth and the king visiting to behead the richest citizen still alive. The challenge was to quickly identify and remove the richest citizen at each king's visit, which is a classic use case for a max-heap data structure.

### Key Concepts and Strategies:
- **Max-Heap Simulation**: Since Python's `heapq` module provides a min-heap, we simulated a max-heap by inserting negative values. This allowed us to efficiently retrieve and remove the largest wealth value.
- **Event Processing**: We processed each event in sequence, adding wealth to the heap or handling a king's visit by removing the richest citizen. This approach ensured that we maintained an up-to-date record of the richest citizens who had appeared so far.

### Code Snippet:
```python
import sys
import heapq

def process_events():
    input = sys.stdin.read
    data = input().split()
    
    N = int(data[0])
    M = int(data[1])
    
    events = data[2:]
    
    max_heap = []
    results = []
    
    for event in events:
        if event != '-1':
            wealth = int(event)
            heapq.heappush(max_heap, -wealth)
        else:
            richest = -heapq.heappop(max_heap)
            results.append(richest)
    
    for result in results:
        print(result)

process_events()
```

This problem reinforced the utility of heaps for priority-based retrieval tasks and demonstrated how to adapt a min-heap to function as a max-heap using negative values. The solution was efficient and passed all test cases without issues.
INFO - LM call n parse attempt 1 / 3

INFO - [Task id] 1319 [prompt] 
You are an expert programmer tasked with solving the problem below.

Follow the user's instructions to solve the problem.
The user can ask for analysis, code, or both.

## Instructions
When asked to output code,
- Make sure to wrap your code in '```python' and '```' Markdown delimiters, 
- include exactly one block of code with the entire solution
- No outside libraries are allowed. 
- Builtins are allowed.
- If the task specifies a function name to be used, follow it strictly (be case sensitive!) and declare the that function last (helper functions are declared first).
- DO NOT write any assert statements / tests.

## Problem
[BEGIN PROBLEM]
A despotic king decided that his kingdom needed to be rid of corruption and disparity. He called his prime minister and ordered that all corrupt citizens be put to death. Moreover, he wanted this done quickly.
The wily prime minister realised that investigating every citizen to decide who was corrupt and who was not was rather difficult. So he decided on the following plan: He ordered all the citizens to appear in the court one by one and declare their wealth.
The king does not sit in the court all the time (he has other important business to attend to - for instance, meet dignitaries from neighbouring kingdoms, spend time with his family …) Whenever the king walks into the court, the prime minister pulls out the richest man who has appeared before the court so far and is still alive and beheads him for being corrupt. Since the rich are more likely to be corrupt, he hopes to get rid of most of the corrupt and the king is happy as he sees his policy being implemented enthusiastically.
Suppose the wealth of the citizens trooping into the court is
1376518911241376518911241\; 3\; 7\; 6\; 5\; 18\;  9\; 11\;  2\; 4
and the king walked in three times: the first time after the first four persons have seen the minister, the second time after the first five persons have seen the minister and, finally after the first nine persons have seen the minister.
At the king's first visit the richest person to have met the minister has wealth $7$ and he would be beheaded. At the second visit, the wealth of the richest person who has met the minister and is still alive has wealth $6$ and so he would be beheaded. At the third visit the richest person to have met the minister who is still alive has wealth $18$ and so he would be beheaded.
You may assume that the input is such that whenever the king walks in, it is always possible to behead someone.
Your aim is to write a program that will enable the prime minister to identify the richest man to have met the minister and who is still alive quickly. You may assume that no two citizens have the same wealth.

-----Input:-----
The first line of the input consists of two numbers $N$ and $M$, where $N$ is the number of citizens in the kingdom and M is the number of visits to the court by the king.
The next $N+M$ lines describe the order in which the $N$ citizens' appearances are interleaved with the $M$ visits by the king. A citizen's visit is denoted by a positive integer, signifying his wealth. You may assume that no two citizens have the same wealth. A visit by the king is denoted by $-1$.

-----Output:-----
Your output should consist of $M$ lines, where the $i^{th}$ line contains the wealth of the citizen who is beheaded at the $i^{th}$ visit of the king.

-----Constraints:-----
- $1 \leq M \leq 10000$.
- $1 \leq N \leq 100000$.
- You may assume that in $50 \%$ of the inputs $1 \leq M \leq 1000$ and $1 \leq N \leq 8000$.

-----Sample Input-----
10 3
1 
3 
7 
6 
-1 
5 
-1 
18 
9 
11
2
-1
4

-----Sample Output-----
7
6
18

The output code needs to read from and write to standard IO


[END PROBLEM]

INFO - [Task id] 1319 [prompt] 
## Instructions

Reason through the problem and:
1. Restate the problem in plain English
2. Conceptualize a solution first in plain English
3. Write a pseudocode solution
4. Output the final Python 3 solution with your solution steps in comments.

Make sure to wrap your code in '```python' and '```' Markdown delimiters, 
and include exactly one block of code with the entire solution.

No outside libraries are allowed.
Builtins are allowed.

INFO - [Task id] 1319 [prompt] ## Problem Restatement

We have a sequence of events where citizens declare their wealth and the king visits the court. Each citizen's wealth is unique and represented by a positive integer. A king's visit is represented by `-1`. When the king visits, the richest citizen who has appeared so far and is still alive is beheaded. We need to determine the wealth of the citizen who is beheaded at each of the king's visits.

## Conceptual Solution

1. **Data Structure Choice**: Use a max-heap to efficiently track the richest citizen who is still alive. A max-heap allows us to quickly retrieve and remove the largest element.

2. **Processing Events**:
   - For each citizen's wealth declaration, add their wealth to the max-heap.
   - For each king's visit (`-1`), remove the richest citizen from the heap and record their wealth as they are beheaded.

3. **Handling the Max-Heap**: Since Python's `heapq` is a min-heap by default, we can simulate a max-heap by inserting negative values.

## Pseudocode

```
function process_events(events):
    initialize an empty max-heap (using a list)
    initialize an empty list for results

    for each event in events:
        if event is a positive integer (citizen's wealth):
            push the negative of the event into the max-heap
        else if event is -1 (king's visit):
            pop the smallest element from the max-heap (which is the largest wealth)
            append the negative of this value to the results list

    return results
```

## Python Solution

```python
import sys
import heapq

def process_events():
    input = sys.stdin.read
    data = input().split()
    
    N = int(data[0])
    M = int(data[1])
    
    events = data[2:]
    
    max_heap = []
    results = []
    
    for event in events:
        if event != '-1':
            # Convert the wealth to an integer and push its negative to simulate a max-heap
            wealth = int(event)
            heapq.heappush(max_heap, -wealth)
        else:
            # Pop the richest (which is the smallest negative number)
            richest = -heapq.heappop(max_heap)
            results.append(richest)
    
    for result in results:
        print(result)

process_events()
```

### Explanation

- **Heap Operations**: We use `heapq.heappush` to add elements to the heap and `heapq.heappop` to remove the smallest element. By storing negative values, we effectively turn the min-heap into a max-heap.
- **Event Processing**: We iterate over each event, adding wealth to the heap or processing a king's visit by removing the richest citizen.
- **Output**: After processing all events, we print the wealth of each beheaded citizen in the order of the king's visits.
INFO - [Task id] 1319 [prompt] 
[Environment Feedback]:
    Note: Inputs/outputs here are automatically extracted/truncated so formatting may be a bit off.
    Tests passed:

     Input: ['10 3', '1', '3', '7', '6', '-1', '5', '-1', '18', '9', '11', '2', '-1', '4'] Output: 7
    6
    18

    Tests failed:
    None
[/Environment Feedback]

INFO - [Task id] 1319 [prompt] 
Below is the official solution (do exercise discretion as official solutions can also have mistakes).

You will be reflecting on your attempts to solve the problem.
This will be a **standalone** document for your own future reference. (can skip formalities, be concise)

## Instructions
- Only include the most relevant insights and code snippets that could be useful in the future.
- If you did not learn much from the current experience (e.g. the problem was too easy / official solution was obvious), feel free to write less or nothing at all.
- Here are some ideas if the experience was useful:
    - If the official solution is insightful (e.g. better than yours in time and space complexity or more effective in breaking down the problem statement), distil the key approach of the official solution, step by step.
    - If your approach failed the test cases, reason why the official solution works but yours does not

Your reflection should be at most a few paragraphs.

## Official solution
n,m=map(int,input().split())
l=[]
leng=0
for i in range(n+m):
    w=int(input())
    if w==-1:
        cm=0
        mi=0
        for j in range(leng):
            if l[j]>cm:
                cm=l[j]
                mi=j
        
        print(cm)
        l[mi]=-1
    else:
        l.append(w)
        leng+=1

INFO - [Task id] 1319 [generation text] The problem was straightforward, and my solution was efficient and correct. However, reflecting on the official solution provides some insights into alternative approaches:

1. **Data Structure Choice**: The official solution uses a simple list to store the wealth of citizens and iterates through it to find the richest citizen during each king's visit. This approach is less efficient than using a heap, especially for larger inputs, as it requires a linear scan to find the maximum wealth each time the king visits.

2. **Efficiency**: My solution leverages a max-heap (simulated using a min-heap with negative values) to efficiently track and retrieve the richest citizen. This reduces the time complexity of finding the richest citizen from O(N) per visit to O(log N), which is significant for large inputs.

3. **Simplicity vs. Performance**: The official solution is simpler in terms of implementation, as it avoids the complexity of managing a heap. However, this simplicity comes at the cost of performance, especially when the number of citizens and visits is large.

In summary, while the official solution is straightforward and easy to understand, my approach using a heap is more efficient for larger datasets. This exercise reinforces the importance of choosing the right data structure to optimize performance for specific problem constraints.
INFO - Updated entry: In this problem, the core concept was efficiently managing a sequence of events involving citizens declaring their wealth and the king visiting to behead the richest citizen still alive. The challenge was to quickly identify and remove the richest citizen at each king's visit, which is a classic ...,

INFO - Metadata: {
    "task_id": 1319
}

INFO - Updated entry: The problem was straightforward, and my solution was efficient and correct. However, reflecting on the official solution provides some insights into alternative approaches:

1. **Data Structure Choice**: The official solution uses a simple list to store the wealth of citizens and iterates through...,

INFO - Metadata: {
    "task_id": 1319
}

INFO - LM call n parse attempt 1 / 3

INFO - [Task id] 1319 [prompt] 
You are a helpful assistant that writes a description of the given function written in the Python programming language.

1) Do not mention the function name.
2) Do not mention anything about helper functions.
3) There might be some helper functions before the main function, but you only need to describe the main function.
4) Try to summarize the function in no more than 6 sentences.
5) Your response should be a single line of text.

INFO - [Task id] 1319 [prompt] 
import sys
import heapq

def process_events():
    input = sys.stdin.read
    data = input().split()
    
    N = int(data[0])
    M = int(data[1])
    
    events = data[2:]
    
    max_heap = []
    results = []
    
    for event in events:
        if event != '-1':
            # Convert the wealth to an integer and push its negative to simulate a max-heap
            wealth = int(event)
            heapq.heappush(max_heap, -wealth)
        else:
            # Pop the richest (which is the smallest negative number)
            richest = -heapq.heappop(max_heap)
            results.append(richest)
    
    for result in results:
        print(result)

process_events()


The main function is `process_events`.
INFO - [Task id] 1319 [generation text] The function reads input from standard input, which includes two integers followed by a series of events, and processes these events using a max-heap. It first extracts the number of events and the number of queries, then iterates over the events. For each event, if the event is not '-1', it treats the event as a wealth value, converts it to an integer, and pushes its negative onto a heap to simulate a max-heap. If the event is '-1', it pops the largest wealth value from the heap (by popping the smallest negative number) and stores it in a results list. Finally, it prints each value in the results list, which represents the wealth values of the richest individuals at each query point.
INFO - LM call n parse attempt 1 / 3

INFO - [Task id] 1319 [prompt] 
You are a helpful assistant that extracts important information from problems and solutions to aid in searchability and education.

## Instructions
- Read through the problem and solution carefully.
- Reason out, step by step, in what scenarios this knowledge would be useful.
- Focus on general patterns and situations to help connect this knowledge to new situations.
- Then, include a list of keywords that are useful for searching this problem/solution pair.

## Response format
Respond in JSON, and follow the keys and expected format of the values strictly.

The output should be formatted as a JSON instance that conforms to the JSON schema below.

As an example, for the schema {"properties": {"foo": {"title": "Foo", "description": "a list of strings", "type": "array", "items": {"type": "string"}}}, "required": ["foo"]}
the object {"foo": ["bar", "baz"]} is a well-formatted instance of the schema. The object {"properties": {"foo": ["bar", "baz"]}} is not well-formatted.

Here is the output schema:
```
{"properties": {"scenarios": {"description": "In what scenarios will this knowledge be useful? Answer in a paragraph.", "title": "Scenarios", "type": "string"}, "keywords": {"description": "List of keywords that are useful for searching this problem/solution pair", "items": {"type": "string"}, "title": "Keywords", "type": "array"}}, "required": ["scenarios", "keywords"]}
```

INFO - [Task id] 1319 [prompt] 
[Problem]
    A despotic king decided that his kingdom needed to be rid of corruption and disparity. He called his prime minister and ordered that all corrupt citizens be put to death. Moreover, he wanted this done quickly.
    The wily prime minister realised that investigating every citizen to decide who was corrupt and who was not was rather difficult. So he decided on the following plan: He ordered all the citizens to appear in the court one by one and declare their wealth.
    The king does not sit in the court all the time (he has other important business to attend to - for instance, meet dignitaries from neighbouring kingdoms, spend time with his family …) Whenever the king walks into the court, the prime minister pulls out the richest man who has appeared before the court so far and is still alive and beheads him for being corrupt. Since the rich are more likely to be corrupt, he hopes to get rid of most of the corrupt and the king is happy as he sees his policy being implemented enthusiastically.
    Suppose the wealth of the citizens trooping into the court is
    1376518911241376518911241\; 3\; 7\; 6\; 5\; 18\;  9\; 11\;  2\; 4
    and the king walked in three times: the first time after the first four persons have seen the minister, the second time after the first five persons have seen the minister and, finally after the first nine persons have seen the minister.
    At the king's first visit the richest person to have met the minister has wealth $7$ and he would be beheaded. At the second visit, the wealth of the richest person who has met the minister and is still alive has wealth $6$ and so he would be beheaded. At the third visit the richest person to have met the minister who is still alive has wealth $18$ and so he would be beheaded.
    You may assume that the input is such that whenever the king walks in, it is always possible to behead someone.
    Your aim is to write a program that will enable the prime minister to identify the richest man to have met the minister and who is still alive quickly. You may assume that no two citizens have the same wealth.

    -----Input:-----
    The first line of the input consists of two numbers $N$ and $M$, where $N$ is the number of citizens in the kingdom and M is the number of visits to the court by the king.
    The next $N+M$ lines describe the order in which the $N$ citizens' appearances are interleaved with the $M$ visits by the king. A citizen's visit is denoted by a positive integer, signifying his wealth. You may assume that no two citizens have the same wealth. A visit by the king is denoted by $-1$.

    -----Output:-----
    Your output should consist of $M$ lines, where the $i^{th}$ line contains the wealth of the citizen who is beheaded at the $i^{th}$ visit of the king.

    -----Constraints:-----
    - $1 \leq M \leq 10000$.
    - $1 \leq N \leq 100000$.
    - You may assume that in $50 \%$ of the inputs $1 \leq M \leq 1000$ and $1 \leq N \leq 8000$.

    -----Sample Input-----
    10 3
    1 
    3 
    7 
    6 
    -1 
    5 
    -1 
    18 
    9 
    11
    2
    -1
    4

    -----Sample Output-----
    7
    6
    18
[/Problem]

[Solution]

    import sys
    import heapq

    def process_events():
        input = sys.stdin.read
        data = input().split()
    
        N = int(data[0])
        M = int(data[1])
    
        events = data[2:]
    
        max_heap = []
        results = []
    
        for event in events:
            if event != '-1':
                # Convert the wealth to an integer and push its negative to simulate a max-heap
                wealth = int(event)
                heapq.heappush(max_heap, -wealth)
            else:
                # Pop the richest (which is the smallest negative number)
                richest = -heapq.heappop(max_heap)
                results.append(richest)
    
        for result in results:
            print(result)

    process_events()

[/Solution]

INFO - [Task id] 1319 [generation text] 
INFO - {
    "scenarios": "This knowledge is useful in scenarios where you need to efficiently manage and retrieve the maximum element from a dynamic list of elements, especially when elements are being added and removed frequently. The use of a max-heap (simulated using a min-heap with negative values) is a common technique in computer science for such tasks. This is particularly relevant in real-time systems, priority queues, and scheduling problems where the highest priority task needs to be accessed quickly. Additionally, this approach is applicable in scenarios where you need to process a sequence of events with interleaved operations, such as handling a stream of data with periodic queries.",
    "keywords": [
        "max-heap",
        "priority queue",
        "heapq",
        "dynamic list",
        "real-time systems",
        "priority scheduling",
        "event processing",
        "stream processing",
        "negative values heap",
        "efficient maximum retrieval"
    ]
}
INFO - {
    "scenarios": "This knowledge is useful in scenarios where you need to efficiently manage and retrieve the maximum element from a dynamic list of elements, especially when elements are being added and removed frequently. The use of a max-heap (simulated using a min-heap with negative values) is a common technique in computer science for such tasks. This is particularly relevant in real-time systems, priority queues, and scheduling problems where the highest priority task needs to be accessed quickly. Additionally, this approach is applicable in scenarios where you need to process a sequence of events with interleaved operations, such as handling a stream of data with periodic queries.",
    "keywords": [
        "max-heap",
        "priority queue",
        "heapq",
        "dynamic list",
        "real-time systems",
        "priority scheduling",
        "event processing",
        "stream processing",
        "negative values heap",
        "efficient maximum retrieval"
    ]
}
INFO - Updated entry: 
[description for function: process_events]
The function reads input from standard input, which includes two integers followed by a series of events, and processes these events using a max-heap. It first extracts the number of events and the number of queries, then iterates over the events. For e...,

INFO - Metadata: {
    "task": 1319,
    "code": "\nimport sys\nimport heapq\n\ndef process_events():\n    input = sys.stdin.read\n    data = input().split()\n    \n    N = int(data[0])\n    M = int(data[1])\n    \n    events = data[2:]\n    \n    max_heap = []\n    results = []\n    \n    for event in events:\n ...

