INFO - DB skill doc count: 0

INFO - DB non_func doc count: 41

INFO - DB semantic doc count: 429

INFO - DB summaries doc count: 52

INFO - DB reflections doc count: 52

INFO - DB episodic doc count: 0

INFO - [train iter]: 52/100 

INFO - The task prompt is Ram and Shyam are sitting next to each other, hoping to cheat on an exam. However, the examination board has prepared $p$ different sets of questions (numbered $0$ through $p-1$), which will be distributed to the students in the following way:
- The students are assigned roll numbers — pairwise d...

INFO - Attempting task_id 1395
INFO - LM call n parse attempt 1 / 3

INFO - [Task id] 1395 [prompt] 
You are an expert programmer tasked with solving the problem below.

Follow the user's instructions to solve the problem.
The user can ask for analysis, code, or both.

## Instructions
When asked to output code,
- Make sure to wrap your code in '```python' and '```' Markdown delimiters, 
- include exactly one block of code with the entire solution
- No outside libraries are allowed. 
- Builtins are allowed.
- If the task specifies a function name to be used, follow it strictly (be case sensitive!) and declare the that function last (helper functions are declared first).
- DO NOT write any assert statements / tests.

## Problem
[BEGIN PROBLEM]
Ram and Shyam are sitting next to each other, hoping to cheat on an exam. However, the examination board has prepared $p$ different sets of questions (numbered $0$ through $p-1$), which will be distributed to the students in the following way:
- The students are assigned roll numbers — pairwise distinct positive integers.
- If a student's roll number is $r$, this student gets the $((r-1)\%p)$-th set of questions.
Obviously, Ram and Shyam can cheat only if they get the same set of questions.
You are given the roll numbers of Ram and Shyam: $A$ and $B$ respectively. Find the number of values of $p$ for which they can cheat, or determine that there is an infinite number of such values.

-----Input-----
- The first line of the input contains a single integer $T$ denoting the number of test cases. The description of $T$ test cases follows.
- The first and only line of each test case contains two space-separated integers $A$ and $B$.

-----Output-----
For each test case, print a single line — the number of values of $p$ for which Ram and Shyam can cheat, or $-1$ if there is an infinite number of such values.

-----Constraints-----
- $1 \le T \le 100$
- $1 \le A, B \le 10^8$

-----Example Input-----
1
2 6

-----Example Output-----
3

-----Explanation-----
Example case 1: They can cheat for $p = 1$, $p = 2$ or $p = 4$.

The output code needs to read from and write to standard IO


[END PROBLEM]

INFO - [Task id] 1395 [prompt] 
## Instructions

Reason through the problem and:
1. Restate the problem in plain English
2. Conceptualize a solution first in plain English
3. Write a pseudocode solution
4. Output the final Python 3 solution with your solution steps in comments.

Make sure to wrap your code in '```python' and '```' Markdown delimiters, 
and include exactly one block of code with the entire solution.

No outside libraries are allowed.
Builtins are allowed.

INFO - [Task id] 1395 [generation text] ## Problem Restatement

We have two students, Ram and Shyam, with roll numbers `A` and `B`. They can only cheat if they receive the same set of questions. The sets of questions are distributed based on the roll number modulo `p`, where `p` is the number of different sets. We need to determine how many values of `p` allow Ram and Shyam to receive the same set of questions. If there are infinitely many such values, we should return `-1`.

## Conceptual Solution

1. **Understanding the Condition**: Ram and Shyam can cheat if `(A-1) % p == (B-1) % p`. This implies that `A-1` and `B-1` must have the same remainder when divided by `p`.

2. **Simplifying the Condition**: The condition can be rewritten as `(A-1) % p == (B-1) % p` which implies `(A-1) - (B-1) = k * p` for some integer `k`. This simplifies to `A - B = k * p`.

3. **Finding Valid `p` Values**: The above equation implies that `p` must be a divisor of `|A - B|`. Therefore, the number of valid `p` values is the number of divisors of `|A - B|`.

4. **Special Case**: If `A == B`, then `A - B = 0`, and any positive integer `p` will satisfy the condition, leading to an infinite number of solutions. In this case, we return `-1`.

5. **Iterating Over Test Cases**: For each test case, compute `|A - B|` and count its divisors to determine the number of valid `p` values.

## Pseudocode

```
function count_divisors(n):
    if n == 0:
        return -1
    count = 0
    for i from 1 to sqrt(n):
        if n % i == 0:
            count += 1
            if i != n // i:
                count += 1
    return count

function solve(T, test_cases):
    for each (A, B) in test_cases:
        diff = abs(A - B)
        result = count_divisors(diff)
        print(result)
```

## Final Python Solution

```python
def count_divisors(n):
    # If n is zero, it means A and B are equal, leading to infinite solutions
    if n == 0:
        return -1
    count = 0
    # Check divisors up to the square root of n
    for i in range(1, int(n**0.5) + 1):
        if n % i == 0:
            count += 1
            # If i is not the square root of n, count the complement divisor
            if i != n // i:
                count += 1
    return count

def solve():
    import sys
    input = sys.stdin.read
    data = input().split()
    
    T = int(data[0])
    index = 1
    results = []
    
    for _ in range(T):
        A = int(data[index])
        B = int(data[index + 1])
        index += 2
        
        diff = abs(A - B)
        result = count_divisors(diff)
        results.append(result)
    
    for res in results:
        print(res)

```

This solution reads input from standard input, processes each test case, and outputs the number of valid `p` values for each case. If `A` equals `B`, it outputs `-1` to indicate infinite solutions.
INFO - [35m Rollout attempt 1/4[0m
INFO - [33m Retrieving 1 entries for db: semantic 
 [0m
INFO - Retrieved (score=0.3853):
Title: Continued fractions
Part: 12/12
```
    === "Python"
        ```py
        def solve(p, q, N):
            return p * N * (N + 1) // 2 - q * sum_floor(fraction(p, q), N)
        ``` 

!!! example "[Library Checker - Sum of Floor of Linear](https://judge.yosupo.jp/problem/sum_of_floor_of_li...


INFO - [33m Retrieving 1 entries for db: reflections 
 [0m
INFO - Retrieved (score=0.3569):
Reflecting on the problem-solving process and comparing it with the official solution, here are some key insights:

1. **Combinatorial Counting**: Both my solution and the official solution rely on combinatorial mathematics to determine the number of subsets where a specific number `I` appears at...


INFO - [33m Retrieving 1 entries for db: summaries 
 [0m
INFO - Retrieved (score=0.3634):
In this problem, the task was to determine the number of subsets where a specific number `I` appears at the `K`-th position in a sorted subset of numbers from 1 to N. The key concepts involved were combinatorial mathematics and efficient computation using precomputed factorials and modular arithm...


INFO - [33m Retrieving 1 entries for db: non_func 
 [0m
INFO - Retrieved (score=0.4084):

[description for function: solve]
The function reads input data for multiple test cases, where each test case consists of a number of elements and a series of queries. For each query, it calculates the number of ways to choose a specific number of elements from a given position in a sequence, co...


INFO - Retrieved (score=0.3569): 
[Reflection]:
    Reflecting on the problem-solving process and comparing it with the official solution, here are some key insights:

    1. **Combinatorial Counting**: Both my solution and the official solution rely on combinatorial mathematics to determine the number of subsets where a specifi...
INFO - LM call n parse attempt 1 / 3

INFO - [Task id] 1395 [prompt] 
You are an expert programmer tasked with solving the problem below.

Follow the user's instructions to solve the problem.
The user can ask for analysis, code, or both.

## Instructions
When asked to output code,
- Make sure to wrap your code in '```python' and '```' Markdown delimiters, 
- include exactly one block of code with the entire solution
- No outside libraries are allowed. 
- Builtins are allowed.
- If the task specifies a function name to be used, follow it strictly (be case sensitive!) and declare the that function last (helper functions are declared first).
- DO NOT write any assert statements / tests.

## Problem
[BEGIN PROBLEM]
Ram and Shyam are sitting next to each other, hoping to cheat on an exam. However, the examination board has prepared $p$ different sets of questions (numbered $0$ through $p-1$), which will be distributed to the students in the following way:
- The students are assigned roll numbers — pairwise distinct positive integers.
- If a student's roll number is $r$, this student gets the $((r-1)\%p)$-th set of questions.
Obviously, Ram and Shyam can cheat only if they get the same set of questions.
You are given the roll numbers of Ram and Shyam: $A$ and $B$ respectively. Find the number of values of $p$ for which they can cheat, or determine that there is an infinite number of such values.

-----Input-----
- The first line of the input contains a single integer $T$ denoting the number of test cases. The description of $T$ test cases follows.
- The first and only line of each test case contains two space-separated integers $A$ and $B$.

-----Output-----
For each test case, print a single line — the number of values of $p$ for which Ram and Shyam can cheat, or $-1$ if there is an infinite number of such values.

-----Constraints-----
- $1 \le T \le 100$
- $1 \le A, B \le 10^8$

-----Example Input-----
1
2 6

-----Example Output-----
3

-----Explanation-----
Example case 1: They can cheat for $p = 1$, $p = 2$ or $p = 4$.

The output code needs to read from and write to standard IO


[END PROBLEM]

INFO - [Task id] 1395 [prompt] 
## Instructions

Reason through the problem and:
1. Restate the problem in plain English
2. Conceptualize a solution first in plain English
3. Write a pseudocode solution
4. Output the final Python 3 solution with your solution steps in comments.

Make sure to wrap your code in '```python' and '```' Markdown delimiters, 
and include exactly one block of code with the entire solution.

No outside libraries are allowed.
Builtins are allowed.

INFO - [Task id] 1395 [prompt] 
Also, here are some of your memories.
Feel free to use the given information to aid your problem solving process if necessary.
Do not confuse the memories with the problem statement.

## Memories

[Reflection]:
    Reflecting on the problem-solving process and comparing it with the official solution, here are some key insights:

    1. **Combinatorial Counting**: Both my solution and the official solution rely on combinatorial mathematics to determine the number of subsets where a specific number `I` appears at the `K`-th position. This involves calculating combinations to choose `K-1` numbers from `I-1` numbers and using powers of 2 to account for the remaining numbers.

    2. **Efficiency in Computation**: My solution precomputes factorials and their modular inverses to efficiently calculate combinations using the formula \( C(n, k) = \frac{n!}{k!(n-k)!} \). This approach is efficient for large values of `N` and `K`, as it avoids recalculating factorials for each query. The official solution, however, uses a more direct approach with loops to calculate combinations, which might be less efficient for larger inputs but is straightforward and avoids the need for precomputation.

    3. **Modulo Arithmetic**: Both solutions correctly handle large numbers by using modulo \(10^9 + 7\) to ensure results fit within standard integer limits.

    4. **Function Execution**: A key issue in my initial attempts was not calling the `solve()` function, which led to no output being produced. This highlights the importance of ensuring that the main logic is executed, especially when using functions to encapsulate the solution.

    5. **Input/Output Handling**: The official solution uses `input()` and `print()` for handling input and output, which is straightforward and works well for competitive programming environments. My solution used `sys.stdin.read` and `sys.stdout.write`, which are efficient for handling large input and output but require careful management of data parsing and function execution.

    Overall, the experience reinforced the importance of efficient combinatorial calculations, careful handling of input/output, and ensuring that the main logic is executed. The official solution provides a simpler, albeit potentially less efficient, approach to the problem, which can be useful in scenarios where precomputation is not feasible or necessary.
[/Reflection]


INFO - [Task id] 1395 [generation text] ## Problem Restatement

Ram and Shyam want to cheat on an exam by getting the same set of questions. The exam board has `p` different sets of questions, and students are assigned sets based on their roll numbers. Given Ram's roll number `A` and Shyam's roll number `B`, we need to find how many values of `p` allow them to receive the same set of questions. If there are infinite such values, we should return `-1`.

## Conceptual Solution

1. **Understanding the Condition**: Ram and Shyam can cheat if the sets they receive are the same, i.e., `((A-1) % p) == ((B-1) % p)`. This simplifies to `(A-1) % p == (B-1) % p`.

2. **Simplifying the Condition**: The above condition implies that `p` must divide the difference `(A-1) - (B-1)`, which simplifies to `A - B`.

3. **Counting Possible Values of `p`**: 
   - If `A == B`, then `A - B = 0`, and any positive integer `p` will satisfy the condition, leading to an infinite number of solutions.
   - If `A != B`, we need to count the divisors of `|A - B|`.

4. **Algorithm**:
   - For each test case, calculate `|A - B|`.
   - If `A == B`, output `-1`.
   - Otherwise, count the divisors of `|A - B|` and output this count.

## Pseudocode

```
function countDivisors(n):
    count = 0
    for i from 1 to sqrt(n):
        if n % i == 0:
            count += 1
            if i != n // i:
                count += 1
    return count

function solve():
    read T
    for each test case:
        read A, B
        if A == B:
            print -1
        else:
            diff = abs(A - B)
            result = countDivisors(diff)
            print result
```

## Final Python Solution

```python
def countDivisors(n):
    count = 0
    i = 1
    while i * i <= n:
        if n % i == 0:
            count += 1
            if i != n // i:
                count += 1
        i += 1
    return count

def solve():
    import sys
    input = sys.stdin.read
    data = input().split()
    
    T = int(data[0])
    index = 1
    results = []
    
    for _ in range(T):
        A = int(data[index])
        B = int(data[index + 1])
        index += 2
        
        if A == B:
            results.append(-1)
        else:
            diff = abs(A - B)
            result = countDivisors(diff)
            results.append(result)
    
    for res in results:
        print(res)

```
INFO - program_code:
 
def countDivisors(n):
    count = 0
    i = 1
    while i * i <= n:
        if n % i == 0:
            count += 1
            if i != n // i:
                count += 1
        i += 1
    return count

def solve():
    import sys
    input = sys.stdin.read
    data = input().split()
    
    T = int(data[0])
    index = 1
    results = []
    
    for _ in range(T):
        A = int(data[index])
        B = int(data[index + 1])
        index += 2
        
        if A == B:
            results.append(-1)
        else:
            diff = abs(A - B)
            result = countDivisors(diff)
            results.append(result)
    
    for res in results:
        print(res)



INFO - program_name:
 solve

INFO - dependencies:
 []

INFO - raw_msg:
 ## Problem Restatement

Ram and Shyam want to cheat on an exam by getting the same set of questions. The exam board has `p` different sets of questions, and students are assigned sets based on their roll numbers. Given Ram's roll number `A` and Shyam's roll number `B`, we need to find how many values of `p` allow them to receive the same set of questions. If there are infinite such values, we should return `-1`.

## Conceptual Solution

1. **Understanding the Condition**: Ram and Shyam can cheat if the sets they receive are the same, i.e., `((A-1) % p) == ((B-1) % p)`. This simplifies to `(A-1) % p == (B-1) % p`.

2. **Simplifying the Condition**: The above condition implies that `p` must divide the difference `(A-1) - (B-1)`, which simplifies to `A - B`.

3. **Counting Possible Values of `p`**: 
   - If `A == B`, then `A - B = 0`, and any positive integer `p` will satisfy the condition, leading to an infinite number of solutions.
   - If `A != B`, we need to count the divisors of `|A - B|`.

4. **Algorithm**:
   - For each test case, calculate `|A - B|`.
   - If `A == B`, output `-1`.
   - Otherwise, count the divisors of `|A - B|` and output this count.

## Pseudocode

```
function countDivisors(n):
    count = 0
    for i from 1 to sqrt(n):
        if n % i == 0:
            count += 1
            if i != n // i:
                count += 1
    return count

function solve():
    read T
    for each test case:
        read A, B
        if A == B:
            print -1
        else:
            diff = abs(A - B)
            result = countDivisors(diff)
            print result
```

## Final Python Solution

```python
def countDivisors(n):
    count = 0
    i = 1
    while i * i <= n:
        if n % i == 0:
            count += 1
            if i != n // i:
                count += 1
        i += 1
    return count

def solve():
    import sys
    input = sys.stdin.read
    data = input().split()
    
    T = int(data[0])
    index = 1
    results = []
    
    for _ in range(T):
        A = int(data[index])
        B = int(data[index + 1])
        index += 2
        
        if A == B:
            results.append(-1)
        else:
            diff = abs(A - B)
            result = countDivisors(diff)
            results.append(result)
    
    for res in results:
        print(res)

```

INFO - no_parent:
 False

INFO - full code to be executed: 
 
def countDivisors(n):
    count = 0
    i = 1
    while i * i <= n:
        if n % i == 0:
            count += 1
            if i != n // i:
                count += 1
        i += 1
    return count

def solve():
    import sys
    input = sys.stdin.read
    data = input().split()
    
    T = int(data[0])
    index = 1
    results = []
    
    for _ in range(T):
        A = int(data[index])
        B = int(data[index + 1])
        index += 2
        
        if A == B:
            results.append(-1)
        else:
            diff = abs(A - B)
            result = countDivisors(diff)
            results.append(result)
    
    for res in results:
        print(res)



INFO - obs: Note: Inputs/outputs here are automatically extracted/truncated so formatting may be a bit off.
Tests passed:

None

Tests failed:
 Input: ['1', '2 6'] Expected output: [{'3'}] # Execution output: []
No output detected. You might want to check the reading from / writing to standard IO.
A common mistake is to put the IO inside a function, but the function is not called.

reward: False
done: None
info: {'individual_results': [False]}
INFO - [35m Rollout attempt 2/4[0m
INFO - LM call n parse attempt 1 / 3

INFO - [Task id] 1395 [prompt] 
You are an expert programmer tasked with solving the problem below.

Follow the user's instructions to solve the problem.
The user can ask for analysis, code, or both.

## Instructions
When asked to output code,
- Make sure to wrap your code in '```python' and '```' Markdown delimiters, 
- include exactly one block of code with the entire solution
- No outside libraries are allowed. 
- Builtins are allowed.
- If the task specifies a function name to be used, follow it strictly (be case sensitive!) and declare the that function last (helper functions are declared first).
- DO NOT write any assert statements / tests.

## Problem
[BEGIN PROBLEM]
Ram and Shyam are sitting next to each other, hoping to cheat on an exam. However, the examination board has prepared $p$ different sets of questions (numbered $0$ through $p-1$), which will be distributed to the students in the following way:
- The students are assigned roll numbers — pairwise distinct positive integers.
- If a student's roll number is $r$, this student gets the $((r-1)\%p)$-th set of questions.
Obviously, Ram and Shyam can cheat only if they get the same set of questions.
You are given the roll numbers of Ram and Shyam: $A$ and $B$ respectively. Find the number of values of $p$ for which they can cheat, or determine that there is an infinite number of such values.

-----Input-----
- The first line of the input contains a single integer $T$ denoting the number of test cases. The description of $T$ test cases follows.
- The first and only line of each test case contains two space-separated integers $A$ and $B$.

-----Output-----
For each test case, print a single line — the number of values of $p$ for which Ram and Shyam can cheat, or $-1$ if there is an infinite number of such values.

-----Constraints-----
- $1 \le T \le 100$
- $1 \le A, B \le 10^8$

-----Example Input-----
1
2 6

-----Example Output-----
3

-----Explanation-----
Example case 1: They can cheat for $p = 1$, $p = 2$ or $p = 4$.

The output code needs to read from and write to standard IO


[END PROBLEM]

INFO - [Task id] 1395 [prompt] 
## Instructions

Reason through the problem and:
1. Restate the problem in plain English
2. Conceptualize a solution first in plain English
3. Write a pseudocode solution
4. Output the final Python 3 solution with your solution steps in comments.

Make sure to wrap your code in '```python' and '```' Markdown delimiters, 
and include exactly one block of code with the entire solution.

No outside libraries are allowed.
Builtins are allowed.

INFO - [Task id] 1395 [prompt] ## Problem Restatement

Ram and Shyam want to cheat on an exam by getting the same set of questions. The exam board has `p` different sets of questions, and students are assigned sets based on their roll numbers. Given Ram's roll number `A` and Shyam's roll number `B`, we need to find how many values of `p` allow them to receive the same set of questions. If there are infinite such values, we should return `-1`.

## Conceptual Solution

1. **Understanding the Condition**: Ram and Shyam can cheat if the sets they receive are the same, i.e., `((A-1) % p) == ((B-1) % p)`. This simplifies to `(A-1) % p == (B-1) % p`.

2. **Simplifying the Condition**: The above condition implies that `p` must divide the difference `(A-1) - (B-1)`, which simplifies to `A - B`.

3. **Counting Possible Values of `p`**: 
   - If `A == B`, then `A - B = 0`, and any positive integer `p` will satisfy the condition, leading to an infinite number of solutions.
   - If `A != B`, we need to count the divisors of `|A - B|`.

4. **Algorithm**:
   - For each test case, calculate `|A - B|`.
   - If `A == B`, output `-1`.
   - Otherwise, count the divisors of `|A - B|` and output this count.

## Pseudocode

```
function countDivisors(n):
    count = 0
    for i from 1 to sqrt(n):
        if n % i == 0:
            count += 1
            if i != n // i:
                count += 1
    return count

function solve():
    read T
    for each test case:
        read A, B
        if A == B:
            print -1
        else:
            diff = abs(A - B)
            result = countDivisors(diff)
            print result
```

## Final Python Solution

```python
def countDivisors(n):
    count = 0
    i = 1
    while i * i <= n:
        if n % i == 0:
            count += 1
            if i != n // i:
                count += 1
        i += 1
    return count

def solve():
    import sys
    input = sys.stdin.read
    data = input().split()
    
    T = int(data[0])
    index = 1
    results = []
    
    for _ in range(T):
        A = int(data[index])
        B = int(data[index + 1])
        index += 2
        
        if A == B:
            results.append(-1)
        else:
            diff = abs(A - B)
            result = countDivisors(diff)
            results.append(result)
    
    for res in results:
        print(res)

```
INFO - [Task id] 1395 [prompt] 
[Environment Feedback]:
    Note: Inputs/outputs here are automatically extracted/truncated so formatting may be a bit off.
    Tests passed:

    None

    Tests failed:
     Input: ['1', '2 6'] Expected output: [{'3'}] # Execution output: []
    No output detected. You might want to check the reading from / writing to standard IO.
    A common mistake is to put the IO inside a function, but the function is not called.

[/Environment Feedback]

INFO - [Task id] 1395 [prompt] 
The code doesn't pass all the tests.

## Instructions
- First, think step-by-step about why your code is wrong.
- Then, think step-by-step about where you went wrong in your latest solution.

INFO - [Task id] 1395 [generation text] ## Analysis of the Issue

The feedback indicates that the code is not producing any output. This suggests that the function `solve()` is not being called after its definition. In Python scripts, especially when reading from standard input, it's crucial to ensure that the main logic is executed. 

## Steps to Fix the Issue

1. **Ensure Function Execution**: The `solve()` function should be called at the end of the script to ensure that the logic is executed when the script runs.

2. **Check Input Handling**: Verify that the input is being read correctly. The current implementation uses `sys.stdin.read()`, which is appropriate for competitive programming environments where input is provided all at once.

3. **Output the Results**: Ensure that the results are being printed correctly. The current implementation collects results in a list and prints them at the end, which is correct.

## Revised Solution

The main issue is that the `solve()` function is not being called. Let's fix this by adding a call to `solve()` at the end of the script.

```python
def countDivisors(n):
    count = 0
    i = 1
    while i * i <= n:
        if n % i == 0:
            count += 1
            if i != n // i:
                count += 1
        i += 1
    return count

def solve():
    import sys
    input = sys.stdin.read
    data = input().split()
    
    T = int(data[0])
    index = 1
    results = []
    
    for _ in range(T):
        A = int(data[index])
        B = int(data[index + 1])
        index += 2
        
        if A == B:
            results.append(-1)
        else:
            diff = abs(A - B)
            result = countDivisors(diff)
            results.append(result)
    
    for res in results:
        print(res)

# Call the solve function to execute the logic
solve()
```

### Explanation of Changes

- **Function Call**: Added `solve()` at the end of the script to ensure the function is executed.
- **Input Handling**: The input handling remains the same, using `sys.stdin.read()` to read all input at once, which is suitable for competitive programming environments.
- **Output**: The results are collected in a list and printed at the end, which is efficient for handling multiple test cases. 

This should resolve the issue and produce the expected output.
INFO - [33m Retrieving 1 entries for db: semantic 
 [0m
INFO - Retrieved (score=0.4907):
Title: Number of divisors / sum of divisors
Part: 1/1
# Number of divisors / sum of divisors

In this article we discuss how to compute the number of divisors $d(n)$ and the sum of divisors $\sigma(n)$ of a given number $n$.

## Number of divisors

It should be obvious that the prime factorizatio...


INFO - [33m Retrieving 1 entries for db: reflections 
 [0m
INFO - Retrieved (score=0.4022):
### Reflection

The problem involved updating scores for a range of students based on the complexity of questions and then calculating the mean of these scores. My initial approach was correct in terms of logic, but I missed calling the `main()` function, which led to no output being produced. Th...


INFO - [33m Retrieving 1 entries for db: summaries 
 [0m
INFO - Retrieved (score=0.3876):
In this problem, the task was to determine the maximum number of Division-3 contests that Chef can host given a set of constraints. The core concept involved calculating the total number of problems available and determining how many full contests could be formed, while also considering the limit...


INFO - [33m Retrieving 1 entries for db: non_func 
 [0m
INFO - Retrieved (score=0.4501):

[description for function: main]
The function reads input from standard input, where the first line contains an integer T representing the number of test cases, followed by T integers. For each integer N, it calculates the N'th term using a specific formula and stores the result. After processin...


INFO - Retrieved (score=0.3876): 
[Summary]:
    In this problem, the task was to determine the maximum number of Division-3 contests that Chef can host given a set of constraints. The core concept involved calculating the total number of problems available and determining how many full contests could be formed, while also consi...
INFO - LM call n parse attempt 1 / 3

INFO - [Task id] 1395 [prompt] 
You are an expert programmer tasked with solving the problem below.

Follow the user's instructions to solve the problem.
The user can ask for analysis, code, or both.

## Instructions
When asked to output code,
- Make sure to wrap your code in '```python' and '```' Markdown delimiters, 
- include exactly one block of code with the entire solution
- No outside libraries are allowed. 
- Builtins are allowed.
- If the task specifies a function name to be used, follow it strictly (be case sensitive!) and declare the that function last (helper functions are declared first).
- DO NOT write any assert statements / tests.

## Problem
[BEGIN PROBLEM]
Ram and Shyam are sitting next to each other, hoping to cheat on an exam. However, the examination board has prepared $p$ different sets of questions (numbered $0$ through $p-1$), which will be distributed to the students in the following way:
- The students are assigned roll numbers — pairwise distinct positive integers.
- If a student's roll number is $r$, this student gets the $((r-1)\%p)$-th set of questions.
Obviously, Ram and Shyam can cheat only if they get the same set of questions.
You are given the roll numbers of Ram and Shyam: $A$ and $B$ respectively. Find the number of values of $p$ for which they can cheat, or determine that there is an infinite number of such values.

-----Input-----
- The first line of the input contains a single integer $T$ denoting the number of test cases. The description of $T$ test cases follows.
- The first and only line of each test case contains two space-separated integers $A$ and $B$.

-----Output-----
For each test case, print a single line — the number of values of $p$ for which Ram and Shyam can cheat, or $-1$ if there is an infinite number of such values.

-----Constraints-----
- $1 \le T \le 100$
- $1 \le A, B \le 10^8$

-----Example Input-----
1
2 6

-----Example Output-----
3

-----Explanation-----
Example case 1: They can cheat for $p = 1$, $p = 2$ or $p = 4$.

The output code needs to read from and write to standard IO


[END PROBLEM]

INFO - [Task id] 1395 [prompt] 
## Instructions

Reason through the problem and:
1. Restate the problem in plain English
2. Conceptualize a solution first in plain English
3. Write a pseudocode solution
4. Output the final Python 3 solution with your solution steps in comments.

Make sure to wrap your code in '```python' and '```' Markdown delimiters, 
and include exactly one block of code with the entire solution.

No outside libraries are allowed.
Builtins are allowed.

INFO - [Task id] 1395 [prompt] ## Problem Restatement

Ram and Shyam want to cheat on an exam by getting the same set of questions. The exam board has `p` different sets of questions, and students are assigned sets based on their roll numbers. Given Ram's roll number `A` and Shyam's roll number `B`, we need to find how many values of `p` allow them to receive the same set of questions. If there are infinite such values, we should return `-1`.

## Conceptual Solution

1. **Understanding the Condition**: Ram and Shyam can cheat if the sets they receive are the same, i.e., `((A-1) % p) == ((B-1) % p)`. This simplifies to `(A-1) % p == (B-1) % p`.

2. **Simplifying the Condition**: The above condition implies that `p` must divide the difference `(A-1) - (B-1)`, which simplifies to `A - B`.

3. **Counting Possible Values of `p`**: 
   - If `A == B`, then `A - B = 0`, and any positive integer `p` will satisfy the condition, leading to an infinite number of solutions.
   - If `A != B`, we need to count the divisors of `|A - B|`.

4. **Algorithm**:
   - For each test case, calculate `|A - B|`.
   - If `A == B`, output `-1`.
   - Otherwise, count the divisors of `|A - B|` and output this count.

## Pseudocode

```
function countDivisors(n):
    count = 0
    for i from 1 to sqrt(n):
        if n % i == 0:
            count += 1
            if i != n // i:
                count += 1
    return count

function solve():
    read T
    for each test case:
        read A, B
        if A == B:
            print -1
        else:
            diff = abs(A - B)
            result = countDivisors(diff)
            print result
```

## Final Python Solution

```python
def countDivisors(n):
    count = 0
    i = 1
    while i * i <= n:
        if n % i == 0:
            count += 1
            if i != n // i:
                count += 1
        i += 1
    return count

def solve():
    import sys
    input = sys.stdin.read
    data = input().split()
    
    T = int(data[0])
    index = 1
    results = []
    
    for _ in range(T):
        A = int(data[index])
        B = int(data[index + 1])
        index += 2
        
        if A == B:
            results.append(-1)
        else:
            diff = abs(A - B)
            result = countDivisors(diff)
            results.append(result)
    
    for res in results:
        print(res)

```
INFO - [Task id] 1395 [prompt] 
[Environment Feedback]:
    Note: Inputs/outputs here are automatically extracted/truncated so formatting may be a bit off.
    Tests passed:

    None

    Tests failed:
     Input: ['1', '2 6'] Expected output: [{'3'}] # Execution output: []
    No output detected. You might want to check the reading from / writing to standard IO.
    A common mistake is to put the IO inside a function, but the function is not called.

[/Environment Feedback]

INFO - [Task id] 1395 [prompt] 
The code doesn't pass all the tests.

## Instructions
- First, think step-by-step about why your code is wrong.
- Then, think step-by-step about where you went wrong in your latest solution.

INFO - [Task id] 1395 [prompt] ## Analysis of the Issue

The feedback indicates that the code is not producing any output. This suggests that the function `solve()` is not being called after its definition. In Python scripts, especially when reading from standard input, it's crucial to ensure that the main logic is executed. 

## Steps to Fix the Issue

1. **Ensure Function Execution**: The `solve()` function should be called at the end of the script to ensure that the logic is executed when the script runs.

2. **Check Input Handling**: Verify that the input is being read correctly. The current implementation uses `sys.stdin.read()`, which is appropriate for competitive programming environments where input is provided all at once.

3. **Output the Results**: Ensure that the results are being printed correctly. The current implementation collects results in a list and prints them at the end, which is correct.

## Revised Solution

The main issue is that the `solve()` function is not being called. Let's fix this by adding a call to `solve()` at the end of the script.

```python
def countDivisors(n):
    count = 0
    i = 1
    while i * i <= n:
        if n % i == 0:
            count += 1
            if i != n // i:
                count += 1
        i += 1
    return count

def solve():
    import sys
    input = sys.stdin.read
    data = input().split()
    
    T = int(data[0])
    index = 1
    results = []
    
    for _ in range(T):
        A = int(data[index])
        B = int(data[index + 1])
        index += 2
        
        if A == B:
            results.append(-1)
        else:
            diff = abs(A - B)
            result = countDivisors(diff)
            results.append(result)
    
    for res in results:
        print(res)

# Call the solve function to execute the logic
solve()
```

### Explanation of Changes

- **Function Call**: Added `solve()` at the end of the script to ensure the function is executed.
- **Input Handling**: The input handling remains the same, using `sys.stdin.read()` to read all input at once, which is suitable for competitive programming environments.
- **Output**: The results are collected in a list and printed at the end, which is efficient for handling multiple test cases. 

This should resolve the issue and produce the expected output.
INFO - [Task id] 1395 [prompt] 
## Instructions
Now, given your insights, try to fix the solution. 
Output a block of correct python3 code to be executed and evaluated again. 

Make sure to wrap your code in '```python' and '```' Markdown delimiters.

INFO - [Task id] 1395 [prompt] 
Also, here are some of your memories.
Feel free to use the given information to aid your problem solving process if necessary.
Do not confuse the memories with the problem statement.

## Memories

[Summary]:
    In this problem, the task was to determine the maximum number of Division-3 contests that Chef can host given a set of constraints. The core concept involved calculating the total number of problems available and determining how many full contests could be formed, while also considering the limitation of the number of days available.

    Initially, the solution failed because it did not handle input and output correctly for a competitive programming environment. The function was defined but not called, and input was not read from standard input. The key takeaway was the importance of correctly managing input and output, especially in environments where the input is provided all at once and needs to be processed in a structured manner.

    The successful strategy involved reading all input data at once using `sys.stdin.read()`, splitting it into manageable parts, and using an index to track the current position in the input data. This approach ensured that all test cases were processed correctly, and results were printed in the required format. This experience reinforced the importance of understanding the input/output requirements and constraints in competitive programming problems.
[/Summary]


INFO - [Task id] 1395 [generation text] ```python
def countDivisors(n):
    count = 0
    i = 1
    while i * i <= n:
        if n % i == 0:
            count += 1
            if i != n // i:
                count += 1
        i += 1
    return count

def solve():
    import sys
    input = sys.stdin.read
    data = input().split()
    
    T = int(data[0])
    index = 1
    results = []
    
    for _ in range(T):
        A = int(data[index])
        B = int(data[index + 1])
        index += 2
        
        if A == B:
            results.append(-1)
        else:
            diff = abs(A - B)
            result = countDivisors(diff)
            results.append(result)
    
    for res in results:
        print(res)

# Call the solve function to execute the logic
solve()
```
INFO - program_code:
 
def countDivisors(n):
    count = 0
    i = 1
    while i * i <= n:
        if n % i == 0:
            count += 1
            if i != n // i:
                count += 1
        i += 1
    return count

def solve():
    import sys
    input = sys.stdin.read
    data = input().split()
    
    T = int(data[0])
    index = 1
    results = []
    
    for _ in range(T):
        A = int(data[index])
        B = int(data[index + 1])
        index += 2
        
        if A == B:
            results.append(-1)
        else:
            diff = abs(A - B)
            result = countDivisors(diff)
            results.append(result)
    
    for res in results:
        print(res)

# Call the solve function to execute the logic
solve()


INFO - program_name:
 solve

INFO - dependencies:
 []

INFO - raw_msg:
 ```python
def countDivisors(n):
    count = 0
    i = 1
    while i * i <= n:
        if n % i == 0:
            count += 1
            if i != n // i:
                count += 1
        i += 1
    return count

def solve():
    import sys
    input = sys.stdin.read
    data = input().split()
    
    T = int(data[0])
    index = 1
    results = []
    
    for _ in range(T):
        A = int(data[index])
        B = int(data[index + 1])
        index += 2
        
        if A == B:
            results.append(-1)
        else:
            diff = abs(A - B)
            result = countDivisors(diff)
            results.append(result)
    
    for res in results:
        print(res)

# Call the solve function to execute the logic
solve()
```

INFO - no_parent:
 False

INFO - full code to be executed: 
 
def countDivisors(n):
    count = 0
    i = 1
    while i * i <= n:
        if n % i == 0:
            count += 1
            if i != n // i:
                count += 1
        i += 1
    return count

def solve():
    import sys
    input = sys.stdin.read
    data = input().split()
    
    T = int(data[0])
    index = 1
    results = []
    
    for _ in range(T):
        A = int(data[index])
        B = int(data[index + 1])
        index += 2
        
        if A == B:
            results.append(-1)
        else:
            diff = abs(A - B)
            result = countDivisors(diff)
            results.append(result)
    
    for res in results:
        print(res)

# Call the solve function to execute the logic
solve()


INFO - obs: Note: Inputs/outputs here are automatically extracted/truncated so formatting may be a bit off.
Tests passed:

 Input: ['1', '2 6'] Output: 3

Tests failed:
None
reward: True
done: None
info: {'individual_results': [True]}
INFO - LM call n parse attempt 1 / 3

INFO - [Task id] 1395 [prompt] 
You are an expert programmer tasked with solving the problem below.

Follow the user's instructions to solve the problem.
The user can ask for analysis, code, or both.

## Instructions
When asked to output code,
- Make sure to wrap your code in '```python' and '```' Markdown delimiters, 
- include exactly one block of code with the entire solution
- No outside libraries are allowed. 
- Builtins are allowed.
- If the task specifies a function name to be used, follow it strictly (be case sensitive!) and declare the that function last (helper functions are declared first).
- DO NOT write any assert statements / tests.

## Problem
[BEGIN PROBLEM]
Ram and Shyam are sitting next to each other, hoping to cheat on an exam. However, the examination board has prepared $p$ different sets of questions (numbered $0$ through $p-1$), which will be distributed to the students in the following way:
- The students are assigned roll numbers — pairwise distinct positive integers.
- If a student's roll number is $r$, this student gets the $((r-1)\%p)$-th set of questions.
Obviously, Ram and Shyam can cheat only if they get the same set of questions.
You are given the roll numbers of Ram and Shyam: $A$ and $B$ respectively. Find the number of values of $p$ for which they can cheat, or determine that there is an infinite number of such values.

-----Input-----
- The first line of the input contains a single integer $T$ denoting the number of test cases. The description of $T$ test cases follows.
- The first and only line of each test case contains two space-separated integers $A$ and $B$.

-----Output-----
For each test case, print a single line — the number of values of $p$ for which Ram and Shyam can cheat, or $-1$ if there is an infinite number of such values.

-----Constraints-----
- $1 \le T \le 100$
- $1 \le A, B \le 10^8$

-----Example Input-----
1
2 6

-----Example Output-----
3

-----Explanation-----
Example case 1: They can cheat for $p = 1$, $p = 2$ or $p = 4$.

The output code needs to read from and write to standard IO


[END PROBLEM]

INFO - [Task id] 1395 [prompt] 
## Instructions

Reason through the problem and:
1. Restate the problem in plain English
2. Conceptualize a solution first in plain English
3. Write a pseudocode solution
4. Output the final Python 3 solution with your solution steps in comments.

Make sure to wrap your code in '```python' and '```' Markdown delimiters, 
and include exactly one block of code with the entire solution.

No outside libraries are allowed.
Builtins are allowed.

INFO - [Task id] 1395 [prompt] ## Problem Restatement

Ram and Shyam want to cheat on an exam by getting the same set of questions. The exam board has `p` different sets of questions, and students are assigned sets based on their roll numbers. Given Ram's roll number `A` and Shyam's roll number `B`, we need to find how many values of `p` allow them to receive the same set of questions. If there are infinite such values, we should return `-1`.

## Conceptual Solution

1. **Understanding the Condition**: Ram and Shyam can cheat if the sets they receive are the same, i.e., `((A-1) % p) == ((B-1) % p)`. This simplifies to `(A-1) % p == (B-1) % p`.

2. **Simplifying the Condition**: The above condition implies that `p` must divide the difference `(A-1) - (B-1)`, which simplifies to `A - B`.

3. **Counting Possible Values of `p`**: 
   - If `A == B`, then `A - B = 0`, and any positive integer `p` will satisfy the condition, leading to an infinite number of solutions.
   - If `A != B`, we need to count the divisors of `|A - B|`.

4. **Algorithm**:
   - For each test case, calculate `|A - B|`.
   - If `A == B`, output `-1`.
   - Otherwise, count the divisors of `|A - B|` and output this count.

## Pseudocode

```
function countDivisors(n):
    count = 0
    for i from 1 to sqrt(n):
        if n % i == 0:
            count += 1
            if i != n // i:
                count += 1
    return count

function solve():
    read T
    for each test case:
        read A, B
        if A == B:
            print -1
        else:
            diff = abs(A - B)
            result = countDivisors(diff)
            print result
```

## Final Python Solution

```python
def countDivisors(n):
    count = 0
    i = 1
    while i * i <= n:
        if n % i == 0:
            count += 1
            if i != n // i:
                count += 1
        i += 1
    return count

def solve():
    import sys
    input = sys.stdin.read
    data = input().split()
    
    T = int(data[0])
    index = 1
    results = []
    
    for _ in range(T):
        A = int(data[index])
        B = int(data[index + 1])
        index += 2
        
        if A == B:
            results.append(-1)
        else:
            diff = abs(A - B)
            result = countDivisors(diff)
            results.append(result)
    
    for res in results:
        print(res)

```
INFO - [Task id] 1395 [prompt] 
[Environment Feedback]:
    Note: Inputs/outputs here are automatically extracted/truncated so formatting may be a bit off.
    Tests passed:

    None

    Tests failed:
     Input: ['1', '2 6'] Expected output: [{'3'}] # Execution output: []
    No output detected. You might want to check the reading from / writing to standard IO.
    A common mistake is to put the IO inside a function, but the function is not called.

[/Environment Feedback]

INFO - [Task id] 1395 [prompt] 
The code doesn't pass all the tests.

## Instructions
- First, think step-by-step about why your code is wrong.
- Then, think step-by-step about where you went wrong in your latest solution.

INFO - [Task id] 1395 [prompt] ## Analysis of the Issue

The feedback indicates that the code is not producing any output. This suggests that the function `solve()` is not being called after its definition. In Python scripts, especially when reading from standard input, it's crucial to ensure that the main logic is executed. 

## Steps to Fix the Issue

1. **Ensure Function Execution**: The `solve()` function should be called at the end of the script to ensure that the logic is executed when the script runs.

2. **Check Input Handling**: Verify that the input is being read correctly. The current implementation uses `sys.stdin.read()`, which is appropriate for competitive programming environments where input is provided all at once.

3. **Output the Results**: Ensure that the results are being printed correctly. The current implementation collects results in a list and prints them at the end, which is correct.

## Revised Solution

The main issue is that the `solve()` function is not being called. Let's fix this by adding a call to `solve()` at the end of the script.

```python
def countDivisors(n):
    count = 0
    i = 1
    while i * i <= n:
        if n % i == 0:
            count += 1
            if i != n // i:
                count += 1
        i += 1
    return count

def solve():
    import sys
    input = sys.stdin.read
    data = input().split()
    
    T = int(data[0])
    index = 1
    results = []
    
    for _ in range(T):
        A = int(data[index])
        B = int(data[index + 1])
        index += 2
        
        if A == B:
            results.append(-1)
        else:
            diff = abs(A - B)
            result = countDivisors(diff)
            results.append(result)
    
    for res in results:
        print(res)

# Call the solve function to execute the logic
solve()
```

### Explanation of Changes

- **Function Call**: Added `solve()` at the end of the script to ensure the function is executed.
- **Input Handling**: The input handling remains the same, using `sys.stdin.read()` to read all input at once, which is suitable for competitive programming environments.
- **Output**: The results are collected in a list and printed at the end, which is efficient for handling multiple test cases. 

This should resolve the issue and produce the expected output.
INFO - [Task id] 1395 [prompt] 
## Instructions
Now, given your insights, try to fix the solution. 
Output a block of correct python3 code to be executed and evaluated again. 

Make sure to wrap your code in '```python' and '```' Markdown delimiters.

INFO - [Task id] 1395 [prompt] ```python
def countDivisors(n):
    count = 0
    i = 1
    while i * i <= n:
        if n % i == 0:
            count += 1
            if i != n // i:
                count += 1
        i += 1
    return count

def solve():
    import sys
    input = sys.stdin.read
    data = input().split()
    
    T = int(data[0])
    index = 1
    results = []
    
    for _ in range(T):
        A = int(data[index])
        B = int(data[index + 1])
        index += 2
        
        if A == B:
            results.append(-1)
        else:
            diff = abs(A - B)
            result = countDivisors(diff)
            results.append(result)
    
    for res in results:
        print(res)

# Call the solve function to execute the logic
solve()
```
INFO - [Task id] 1395 [prompt] 
[Environment Feedback]:
    Note: Inputs/outputs here are automatically extracted/truncated so formatting may be a bit off.
    Tests passed:

     Input: ['1', '2 6'] Output: 3

    Tests failed:
    None
[/Environment Feedback]

INFO - [Task id] 1395 [prompt] 
## Instructions
Now, summarize your attempts as a **standalone** document for your own future reference. (can skip formalities, be concise)

- Only include the most relevant information and code snippets that could be useful in the future.
- If you did not learn much from the current experience (e.g. the problem was too easy), feel free to write less or nothing at all.
- Here are some ideas if the experience was useful:
    - Identifying the core concepts and patterns that problem appears to test for
    - Describing the strategies that seemed to work but did not, and vice versa
    - Describing unexpected errors and how they were fixed

Your summary should be at most a few paragraphs.

INFO - [Task id] 1395 [generation text] In this problem, the goal was to determine how many values of `p` allow Ram and Shyam to receive the same set of questions based on their roll numbers. The key insight was recognizing that they can cheat if `((A-1) % p) == ((B-1) % p)`, which simplifies to `p` dividing the difference `A - B`.

The solution involved:
1. Calculating the absolute difference `|A - B|`.
2. Counting the divisors of this difference to determine the possible values of `p`.
3. Handling the special case where `A == B`, which results in an infinite number of solutions.

A common pitfall was forgetting to call the main function `solve()` after defining it, which led to no output being produced. This was resolved by explicitly calling the function at the end of the script.

The experience reinforced the importance of:
- Simplifying mathematical conditions to identify core constraints.
- Handling edge cases, such as when the difference is zero.
- Ensuring that the main logic is executed by calling the function in scripts that rely on standard input/output. 

The final solution efficiently handles multiple test cases and correctly outputs the number of valid `p` values or `-1` for infinite solutions.
INFO - LM call n parse attempt 1 / 3

INFO - [Task id] 1395 [prompt] 
You are an expert programmer tasked with solving the problem below.

Follow the user's instructions to solve the problem.
The user can ask for analysis, code, or both.

## Instructions
When asked to output code,
- Make sure to wrap your code in '```python' and '```' Markdown delimiters, 
- include exactly one block of code with the entire solution
- No outside libraries are allowed. 
- Builtins are allowed.
- If the task specifies a function name to be used, follow it strictly (be case sensitive!) and declare the that function last (helper functions are declared first).
- DO NOT write any assert statements / tests.

## Problem
[BEGIN PROBLEM]
Ram and Shyam are sitting next to each other, hoping to cheat on an exam. However, the examination board has prepared $p$ different sets of questions (numbered $0$ through $p-1$), which will be distributed to the students in the following way:
- The students are assigned roll numbers — pairwise distinct positive integers.
- If a student's roll number is $r$, this student gets the $((r-1)\%p)$-th set of questions.
Obviously, Ram and Shyam can cheat only if they get the same set of questions.
You are given the roll numbers of Ram and Shyam: $A$ and $B$ respectively. Find the number of values of $p$ for which they can cheat, or determine that there is an infinite number of such values.

-----Input-----
- The first line of the input contains a single integer $T$ denoting the number of test cases. The description of $T$ test cases follows.
- The first and only line of each test case contains two space-separated integers $A$ and $B$.

-----Output-----
For each test case, print a single line — the number of values of $p$ for which Ram and Shyam can cheat, or $-1$ if there is an infinite number of such values.

-----Constraints-----
- $1 \le T \le 100$
- $1 \le A, B \le 10^8$

-----Example Input-----
1
2 6

-----Example Output-----
3

-----Explanation-----
Example case 1: They can cheat for $p = 1$, $p = 2$ or $p = 4$.

The output code needs to read from and write to standard IO


[END PROBLEM]

INFO - [Task id] 1395 [prompt] 
## Instructions

Reason through the problem and:
1. Restate the problem in plain English
2. Conceptualize a solution first in plain English
3. Write a pseudocode solution
4. Output the final Python 3 solution with your solution steps in comments.

Make sure to wrap your code in '```python' and '```' Markdown delimiters, 
and include exactly one block of code with the entire solution.

No outside libraries are allowed.
Builtins are allowed.

INFO - [Task id] 1395 [prompt] ## Problem Restatement

Ram and Shyam want to cheat on an exam by getting the same set of questions. The exam board has `p` different sets of questions, and students are assigned sets based on their roll numbers. Given Ram's roll number `A` and Shyam's roll number `B`, we need to find how many values of `p` allow them to receive the same set of questions. If there are infinite such values, we should return `-1`.

## Conceptual Solution

1. **Understanding the Condition**: Ram and Shyam can cheat if the sets they receive are the same, i.e., `((A-1) % p) == ((B-1) % p)`. This simplifies to `(A-1) % p == (B-1) % p`.

2. **Simplifying the Condition**: The above condition implies that `p` must divide the difference `(A-1) - (B-1)`, which simplifies to `A - B`.

3. **Counting Possible Values of `p`**: 
   - If `A == B`, then `A - B = 0`, and any positive integer `p` will satisfy the condition, leading to an infinite number of solutions.
   - If `A != B`, we need to count the divisors of `|A - B|`.

4. **Algorithm**:
   - For each test case, calculate `|A - B|`.
   - If `A == B`, output `-1`.
   - Otherwise, count the divisors of `|A - B|` and output this count.

## Pseudocode

```
function countDivisors(n):
    count = 0
    for i from 1 to sqrt(n):
        if n % i == 0:
            count += 1
            if i != n // i:
                count += 1
    return count

function solve():
    read T
    for each test case:
        read A, B
        if A == B:
            print -1
        else:
            diff = abs(A - B)
            result = countDivisors(diff)
            print result
```

## Final Python Solution

```python
def countDivisors(n):
    count = 0
    i = 1
    while i * i <= n:
        if n % i == 0:
            count += 1
            if i != n // i:
                count += 1
        i += 1
    return count

def solve():
    import sys
    input = sys.stdin.read
    data = input().split()
    
    T = int(data[0])
    index = 1
    results = []
    
    for _ in range(T):
        A = int(data[index])
        B = int(data[index + 1])
        index += 2
        
        if A == B:
            results.append(-1)
        else:
            diff = abs(A - B)
            result = countDivisors(diff)
            results.append(result)
    
    for res in results:
        print(res)

```
INFO - [Task id] 1395 [prompt] 
[Environment Feedback]:
    Note: Inputs/outputs here are automatically extracted/truncated so formatting may be a bit off.
    Tests passed:

    None

    Tests failed:
     Input: ['1', '2 6'] Expected output: [{'3'}] # Execution output: []
    No output detected. You might want to check the reading from / writing to standard IO.
    A common mistake is to put the IO inside a function, but the function is not called.

[/Environment Feedback]

INFO - [Task id] 1395 [prompt] 
The code doesn't pass all the tests.

## Instructions
- First, think step-by-step about why your code is wrong.
- Then, think step-by-step about where you went wrong in your latest solution.

INFO - [Task id] 1395 [prompt] ## Analysis of the Issue

The feedback indicates that the code is not producing any output. This suggests that the function `solve()` is not being called after its definition. In Python scripts, especially when reading from standard input, it's crucial to ensure that the main logic is executed. 

## Steps to Fix the Issue

1. **Ensure Function Execution**: The `solve()` function should be called at the end of the script to ensure that the logic is executed when the script runs.

2. **Check Input Handling**: Verify that the input is being read correctly. The current implementation uses `sys.stdin.read()`, which is appropriate for competitive programming environments where input is provided all at once.

3. **Output the Results**: Ensure that the results are being printed correctly. The current implementation collects results in a list and prints them at the end, which is correct.

## Revised Solution

The main issue is that the `solve()` function is not being called. Let's fix this by adding a call to `solve()` at the end of the script.

```python
def countDivisors(n):
    count = 0
    i = 1
    while i * i <= n:
        if n % i == 0:
            count += 1
            if i != n // i:
                count += 1
        i += 1
    return count

def solve():
    import sys
    input = sys.stdin.read
    data = input().split()
    
    T = int(data[0])
    index = 1
    results = []
    
    for _ in range(T):
        A = int(data[index])
        B = int(data[index + 1])
        index += 2
        
        if A == B:
            results.append(-1)
        else:
            diff = abs(A - B)
            result = countDivisors(diff)
            results.append(result)
    
    for res in results:
        print(res)

# Call the solve function to execute the logic
solve()
```

### Explanation of Changes

- **Function Call**: Added `solve()` at the end of the script to ensure the function is executed.
- **Input Handling**: The input handling remains the same, using `sys.stdin.read()` to read all input at once, which is suitable for competitive programming environments.
- **Output**: The results are collected in a list and printed at the end, which is efficient for handling multiple test cases. 

This should resolve the issue and produce the expected output.
INFO - [Task id] 1395 [prompt] 
## Instructions
Now, given your insights, try to fix the solution. 
Output a block of correct python3 code to be executed and evaluated again. 

Make sure to wrap your code in '```python' and '```' Markdown delimiters.

INFO - [Task id] 1395 [prompt] ```python
def countDivisors(n):
    count = 0
    i = 1
    while i * i <= n:
        if n % i == 0:
            count += 1
            if i != n // i:
                count += 1
        i += 1
    return count

def solve():
    import sys
    input = sys.stdin.read
    data = input().split()
    
    T = int(data[0])
    index = 1
    results = []
    
    for _ in range(T):
        A = int(data[index])
        B = int(data[index + 1])
        index += 2
        
        if A == B:
            results.append(-1)
        else:
            diff = abs(A - B)
            result = countDivisors(diff)
            results.append(result)
    
    for res in results:
        print(res)

# Call the solve function to execute the logic
solve()
```
INFO - [Task id] 1395 [prompt] 
[Environment Feedback]:
    Note: Inputs/outputs here are automatically extracted/truncated so formatting may be a bit off.
    Tests passed:

     Input: ['1', '2 6'] Output: 3

    Tests failed:
    None
[/Environment Feedback]

INFO - [Task id] 1395 [prompt] 
Below is the official solution (do exercise discretion as official solutions can also have mistakes).

You will be reflecting on your attempts to solve the problem.
This will be a **standalone** document for your own future reference. (can skip formalities, be concise)

## Instructions
- Only include the most relevant insights and code snippets that could be useful in the future.
- If you did not learn much from the current experience (e.g. the problem was too easy / official solution was obvious), feel free to write less or nothing at all.
- Here are some ideas if the experience was useful:
    - If the official solution is insightful (e.g. better than yours in time and space complexity or more effective in breaking down the problem statement), distil the key approach of the official solution, step by step.
    - If your approach failed the test cases, reason why the official solution works but yours does not

Your reflection should be at most a few paragraphs.

## Official solution
# cook your dish here
for test in range(0,int(input())):
 A,B = map(int,input().split())
 diff = abs(A-B)
 count=0
 if not(A^B):
  print(-1)
 else:
  for i in range(1,int(diff**(1/2))+1):
   if diff%i==0:
    if diff/i==i:
     count+=1 
    else:
     count+=2
  print(count)

INFO - [Task id] 1395 [generation text] In this problem, the goal was to determine how many values of `p` allow Ram and Shyam to receive the same set of questions based on their roll numbers. The key insight is that they can cheat if `p` divides the difference `|A - B|`. 

### Key Insights and Learnings:

1. **Understanding the Condition**: The condition `(A-1) % p == (B-1) % p` simplifies to `p` dividing `|A - B|`. This was correctly identified in both my solution and the official solution.

2. **Handling Edge Cases**: If `A == B`, any `p` will work, leading to an infinite number of solutions. This was handled by returning `-1`.

3. **Counting Divisors**: Both solutions correctly count the divisors of `|A - B|` to determine the number of valid `p` values. The approach of iterating up to the square root of the number and checking divisibility is efficient and reduces unnecessary computations.

4. **Function Execution**: My initial solution failed because I did not call the `solve()` function. This was a simple oversight but crucial for the script to execute correctly.

5. **Efficiency**: Both solutions are efficient, with a time complexity of approximately `O(sqrt(n))` for counting divisors, which is suitable given the constraints.

Overall, the problem reinforced the importance of correctly handling input/output in competitive programming and the efficiency of divisor counting using the square root method. The official solution was similar in logic to my corrected version, confirming the approach was sound.
INFO - Updated entry: In this problem, the goal was to determine how many values of `p` allow Ram and Shyam to receive the same set of questions based on their roll numbers. The key insight was recognizing that they can cheat if `((A-1) % p) == ((B-1) % p)`, which simplifies to `p` dividing the difference `A - B`.

Th...,

INFO - Metadata: {
    "task_id": 1395
}

INFO - Updated entry: In this problem, the goal was to determine how many values of `p` allow Ram and Shyam to receive the same set of questions based on their roll numbers. The key insight is that they can cheat if `p` divides the difference `|A - B|`. 

### Key Insights and Learnings:

1. **Understanding the Conditi...,

INFO - Metadata: {
    "task_id": 1395
}

INFO - LM call n parse attempt 1 / 3

INFO - [Task id] 1395 [prompt] 
You are a helpful assistant that writes a description of the given function written in the Python programming language.

1) Do not mention the function name.
2) Do not mention anything about helper functions.
3) There might be some helper functions before the main function, but you only need to describe the main function.
4) Try to summarize the function in no more than 6 sentences.
5) Your response should be a single line of text.

INFO - [Task id] 1395 [prompt] 
def countDivisors(n):
    count = 0
    i = 1
    while i * i <= n:
        if n % i == 0:
            count += 1
            if i != n // i:
                count += 1
        i += 1
    return count

def solve():
    import sys
    input = sys.stdin.read
    data = input().split()
    
    T = int(data[0])
    index = 1
    results = []
    
    for _ in range(T):
        A = int(data[index])
        B = int(data[index + 1])
        index += 2
        
        if A == B:
            results.append(-1)
        else:
            diff = abs(A - B)
            result = countDivisors(diff)
            results.append(result)
    
    for res in results:
        print(res)

# Call the solve function to execute the logic
solve()


The main function is `solve`.
INFO - [Task id] 1395 [generation text] The function reads input from standard input, which includes a number of test cases, and for each test case, it reads two integers, A and B. It checks if A and B are equal, and if so, appends -1 to the results list. If A and B are not equal, it calculates the absolute difference between A and B, determines the number of divisors of this difference, and appends this count to the results list. Finally, it prints each result from the results list.
INFO - LM call n parse attempt 1 / 3

INFO - [Task id] 1395 [prompt] 
You are a helpful assistant that extracts important information from problems and solutions to aid in searchability and education.

## Instructions
- Read through the problem and solution carefully.
- Reason out, step by step, in what scenarios this knowledge would be useful.
- Focus on general patterns and situations to help connect this knowledge to new situations.
- Then, include a list of keywords that are useful for searching this problem/solution pair.

## Response format
Respond in JSON, and follow the keys and expected format of the values strictly.

The output should be formatted as a JSON instance that conforms to the JSON schema below.

As an example, for the schema {"properties": {"foo": {"title": "Foo", "description": "a list of strings", "type": "array", "items": {"type": "string"}}}, "required": ["foo"]}
the object {"foo": ["bar", "baz"]} is a well-formatted instance of the schema. The object {"properties": {"foo": ["bar", "baz"]}} is not well-formatted.

Here is the output schema:
```
{"properties": {"scenarios": {"description": "In what scenarios will this knowledge be useful? Answer in a paragraph.", "title": "Scenarios", "type": "string"}, "keywords": {"description": "List of keywords that are useful for searching this problem/solution pair", "items": {"type": "string"}, "title": "Keywords", "type": "array"}}, "required": ["scenarios", "keywords"]}
```

INFO - [Task id] 1395 [prompt] 
[Problem]
    Ram and Shyam are sitting next to each other, hoping to cheat on an exam. However, the examination board has prepared $p$ different sets of questions (numbered $0$ through $p-1$), which will be distributed to the students in the following way:
    - The students are assigned roll numbers — pairwise distinct positive integers.
    - If a student's roll number is $r$, this student gets the $((r-1)\%p)$-th set of questions.
    Obviously, Ram and Shyam can cheat only if they get the same set of questions.
    You are given the roll numbers of Ram and Shyam: $A$ and $B$ respectively. Find the number of values of $p$ for which they can cheat, or determine that there is an infinite number of such values.

    -----Input-----
    - The first line of the input contains a single integer $T$ denoting the number of test cases. The description of $T$ test cases follows.
    - The first and only line of each test case contains two space-separated integers $A$ and $B$.

    -----Output-----
    For each test case, print a single line — the number of values of $p$ for which Ram and Shyam can cheat, or $-1$ if there is an infinite number of such values.

    -----Constraints-----
    - $1 \le T \le 100$
    - $1 \le A, B \le 10^8$

    -----Example Input-----
    1
    2 6

    -----Example Output-----
    3

    -----Explanation-----
    Example case 1: They can cheat for $p = 1$, $p = 2$ or $p = 4$.
[/Problem]

[Solution]

    def countDivisors(n):
        count = 0
        i = 1
        while i * i <= n:
            if n % i == 0:
                count += 1
                if i != n // i:
                    count += 1
            i += 1
        return count

    def solve():
        import sys
        input = sys.stdin.read
        data = input().split()
    
        T = int(data[0])
        index = 1
        results = []
    
        for _ in range(T):
            A = int(data[index])
            B = int(data[index + 1])
            index += 2
        
            if A == B:
                results.append(-1)
            else:
                diff = abs(A - B)
                result = countDivisors(diff)
                results.append(result)
    
        for res in results:
            print(res)

    # Call the solve function to execute the logic
    solve()

[/Solution]

INFO - [Task id] 1395 [generation text] 
INFO - {
    "scenarios": "This knowledge is useful in scenarios where you need to determine the number of ways two entities can be grouped or matched based on a modular arithmetic condition. Specifically, it applies to situations where you have two distinct identifiers (like roll numbers) and you need to find out how many different group sizes (or sets) would allow these identifiers to fall into the same group. This is common in problems involving cyclic patterns, modular arithmetic, and divisors, such as scheduling, resource allocation, or designing systems with periodic constraints. The solution also highlights the importance of understanding the properties of numbers, such as divisors, and how they relate to modular conditions.",
    "keywords": [
        "modular arithmetic",
        "divisors",
        "cheating problem",
        "roll numbers",
        "sets of questions",
        "infinite solutions",
        "pairwise distinct integers",
        "cyclic patterns",
        "grouping problem"
    ]
}
INFO - {
    "scenarios": "This knowledge is useful in scenarios where you need to determine the number of ways two entities can be grouped or matched based on a modular arithmetic condition. Specifically, it applies to situations where you have two distinct identifiers (like roll numbers) and you need to find out how many different group sizes (or sets) would allow these identifiers to fall into the same group. This is common in problems involving cyclic patterns, modular arithmetic, and divisors, such as scheduling, resource allocation, or designing systems with periodic constraints. The solution also highlights the importance of understanding the properties of numbers, such as divisors, and how they relate to modular conditions.",
    "keywords": [
        "modular arithmetic",
        "divisors",
        "cheating problem",
        "roll numbers",
        "sets of questions",
        "infinite solutions",
        "pairwise distinct integers",
        "cyclic patterns",
        "grouping problem"
    ]
}
INFO - Updated entry: 
[description for function: solve]
The function reads input from standard input, which includes a number of test cases, and for each test case, it reads two integers, A and B. It checks if A and B are equal, and if so, appends -1 to the results list. If A and B are not equal, it calculates the ab...,

INFO - Metadata: {
    "task": 1395,
    "code": "\ndef countDivisors(n):\n    count = 0\n    i = 1\n    while i * i <= n:\n        if n % i == 0:\n            count += 1\n            if i != n // i:\n                count += 1\n        i += 1\n    return count\n\ndef solve():\n    import sys\n    input = sys.std...

