INFO - DB skill doc count: 0

INFO - DB non_func doc count: 50

INFO - DB semantic doc count: 429

INFO - DB summaries doc count: 70

INFO - DB reflections doc count: 70

INFO - DB episodic doc count: 151

INFO - [train iter]: 70/100 

INFO - The task prompt is Given the array nums consisting of n positive integers. You computed the sum of all non-empty continous subarrays from the array and then sort them in non-decreasing order, creating a new array of n * (n + 1) / 2 numbers.
Return the sum of the numbers from index left to index right (indexed from ...

INFO - Attempting task_id 475
INFO - LM call n parse attempt 1 / 3

INFO - [Task id] 475 [prompt] 
You are an expert programmer tasked with solving the problem below.

Follow the user's instructions to solve the problem.
The user can ask for analysis, code, or both.

## Instructions
When asked to output code,
- Make sure to wrap your code in '```python' and '```' Markdown delimiters, 
- include exactly one block of code with the entire solution
- No outside libraries are allowed. 
- Builtins are allowed.
- If the task specifies a function name to be used, follow it strictly (be case sensitive!) and declare the that function last (helper functions are declared first).
- DO NOT write any assert statements / tests.

## Problem
[BEGIN PROBLEM]
Given the array nums consisting of n positive integers. You computed the sum of all non-empty continous subarrays from the array and then sort them in non-decreasing order, creating a new array of n * (n + 1) / 2 numbers.
Return the sum of the numbers from index left to index right (indexed from 1), inclusive, in the new array. Since the answer can be a huge number return it modulo 10^9 + 7.
 
Example 1:
Input: nums = [1,2,3,4], n = 4, left = 1, right = 5
Output: 13 
Explanation: All subarray sums are 1, 3, 6, 10, 2, 5, 9, 3, 7, 4. After sorting them in non-decreasing order we have the new array [1, 2, 3, 3, 4, 5, 6, 7, 9, 10]. The sum of the numbers from index le = 1 to ri = 5 is 1 + 2 + 3 + 3 + 4 = 13. 

Example 2:
Input: nums = [1,2,3,4], n = 4, left = 3, right = 4
Output: 6
Explanation: The given array is the same as example 1. We have the new array [1, 2, 3, 3, 4, 5, 6, 7, 9, 10]. The sum of the numbers from index le = 3 to ri = 4 is 3 + 3 = 6.

Example 3:
Input: nums = [1,2,3,4], n = 4, left = 1, right = 10
Output: 50

 
Constraints:

1 <= nums.length <= 10^3
nums.length == n
1 <= nums[i] <= 100
1 <= left <= right <= n * (n + 1) / 2

The output code needs to use the provided function signature

The final python function should begin with: 
```python

class Solution:
    def rangeSum(self, nums: List[int], n: int, left: int, right: int) -> int:
        
```

[END PROBLEM]

INFO - [Task id] 475 [prompt] 
## Instructions

Reason through the problem and:
1. Restate the problem in plain English
2. Conceptualize a solution first in plain English
3. Write a pseudocode solution
4. Output the final Python 3 solution with your solution steps in comments.

Make sure to wrap your code in '```python' and '```' Markdown delimiters, 
and include exactly one block of code with the entire solution.

No outside libraries are allowed.
Builtins are allowed.

INFO - [Task id] 475 [generation text] ### Problem Restatement

1. **Restate the problem in plain English:**

   We are given an array of positive integers. We need to calculate the sum of all possible non-empty continuous subarrays, sort these sums, and then find the sum of a specific range of these sorted sums. The result should be returned modulo \(10^9 + 7\).

### Conceptual Solution

2. **Conceptualize a solution in plain English:**

   - First, generate all possible non-empty continuous subarrays from the given array.
   - Calculate the sum for each of these subarrays.
   - Store all these sums in a list.
   - Sort the list of sums in non-decreasing order.
   - Calculate the sum of the elements in this sorted list from the `left` index to the `right` index (1-based index).
   - Return the result modulo \(10^9 + 7\).

### Pseudocode

3. **Write a pseudocode solution:**

   ```
   Initialize an empty list `subarray_sums`
   For each starting index `i` from 0 to n-1:
       Initialize `current_sum` to 0
       For each ending index `j` from `i` to n-1:
           Add `nums[j]` to `current_sum`
           Append `current_sum` to `subarray_sums`
   Sort `subarray_sums`
   Calculate the sum of elements from index `left-1` to `right-1` in `subarray_sums`
   Return the result modulo \(10^9 + 7\)
   ```

### Final Python Solution

4. **Output the final Python 3 solution with your solution steps in comments:**

```python
class Solution:
    def rangeSum(self, nums: List[int], n: int, left: int, right: int) -> int:
        # Initialize an empty list to store the sums of subarrays
        subarray_sums = []
        
        # Generate all possible subarrays
        for i in range(n):
            current_sum = 0
            for j in range(i, n):
                # Calculate the sum of the subarray from i to j
                current_sum += nums[j]
                # Append the sum to the list
                subarray_sums.append(current_sum)
        
        # Sort the list of subarray sums
        subarray_sums.sort()
        
        # Calculate the sum of the elements from index left-1 to right-1
        result = sum(subarray_sums[left-1:right])
        
        # Return the result modulo 10^9 + 7
        return result % (10**9 + 7)
```

This solution follows the steps outlined in the pseudocode and efficiently calculates the required sum of subarray sums within the specified range.
INFO - [35m Rollout attempt 1/4[0m
INFO - [33m Retrieving 3 entries for db: episodic 
 [0m
INFO - Retrieved (score=0.4228):

[Task]:
    Find sum of all the numbers that are multiples of 10 and are less than or equal to a given number "N". (quotes for clarity and be careful of integer overflow)

    -----Input-----
    Input will start with an integer T the count of test cases, each case will have an integer N.

    -...


INFO - Retrieved (score=0.4228):

[Task]:
    Given a set of  N  natural numbers 1,2,3........N and Q query.For each query you have to calculate the total number of subset in which  Ith.
    number of set come at Kth postion.Elements of every subset should be in sorted order.
    The answer could  be very large so you have to pr...


INFO - Retrieved (score=0.4249):

[Task]:
    Given a set of  N  natural numbers 1,2,3........N and Q query.For each query you have to calculate the total number of subset in which  Ith.
    number of set come at Kth postion.Elements of every subset should be in sorted order.
    The answer could  be very large so you have to pr...


INFO - [33m Retrieving 3 entries for db: semantic 
 [0m
INFO - Retrieved (score=0.4315):
Title: Search the subarray with the maximum/minimum sum
Part: 1/2
# Search the subarray with the maximum/minimum sum

Here, we consider the problem of finding a subarray with maximum sum, as well as some of its variations (including the algorithm for solving this problem online).

## Problem stat...


INFO - Retrieved (score=0.4519):
Title: Continued fractions
Part: 12/12
```
    === "Python"
        ```py
        def solve(p, q, N):
            return p * N * (N + 1) // 2 - q * sum_floor(fraction(p, q), N)
        ``` 

!!! example "[Library Checker - Sum of Floor of Linear](https://judge.yosupo.jp/problem/sum_of_floor_of_li...


INFO - Retrieved (score=0.4549):
Title: Josephus Problem
Part: 1/1
# Josephus Problem

## Statement

We are given the natural numbers $n$ and $k$.
All natural numbers from $1$ to $n$ are written in a circle. 
First, count the $k$-th number starting from the first one and delete it.
Then $k$ numbers are counted starting from the ...


INFO - [33m Retrieving 3 entries for db: reflections 
 [0m
INFO - Retrieved (score=0.3924):
The problem was straightforward, and my solution was efficient and correct. However, reflecting on the official solution provides some insights:

1. **Efficiency**: The official solution uses a direct approach by iterating over the range specified in each query to calculate the sum. This results ...


INFO - Retrieved (score=0.3958):
The problem was straightforward, and my solution was similar to the official one, both in logic and efficiency. However, the official solution uses a slightly different approach to calculate the sum of multiples of 10, which is worth noting for its simplicity.

### Key Insights from the Official ...


INFO - Retrieved (score=0.4366):
The official solution provides an efficient way to handle the problem by precomputing factorials modulo `10^6 + 3` up to a certain limit. This approach is insightful because it leverages the fact that factorials grow very quickly, and for any `n` greater than or equal to `10^6 + 3`, the factorial...


INFO - [33m Retrieving 3 entries for db: summaries 
 [0m
INFO - Retrieved (score=0.4124):
In this problem, the task was to transform a positive integer `n` into `1` using the minimum number of operations. The operations allowed were dividing by 2 if `n` is even, or incrementing/decrementing by 1 if `n` is odd. The challenge was to determine the optimal path to minimize the number of o...


INFO - Retrieved (score=0.4199):
### Summary of Attempts to Solve the Problem

#### Core Concepts and Patterns
The problem revolves around maximizing an alternating sum of a subsequence of Pokémon strengths. The alternating sum is calculated by adding the first element, subtracting the second, adding the third, and so on. The ke...


INFO - Retrieved (score=0.4338):
In this problem, the task was to compute the sum of all multiples of 10 that are less than or equal to a given number N for multiple test cases. The core concept here was recognizing that these multiples form an arithmetic series, which can be efficiently summed using a mathematical formula rathe...


INFO - [33m Retrieving 3 entries for db: non_func 
 [0m
INFO - Retrieved (score=0.4732):

[description for function: main]
The function reads input from standard input, where the first line contains an integer T representing the number of test cases, followed by T integers. For each integer N, it calculates the sum of all multiples of 10 that are less than or equal to N using a helpe...


INFO - Retrieved (score=0.4875):

[description for function: main]
The function reads input from standard input, where the first line contains an integer T representing the number of test cases, followed by T strings. It then calculates the number of possible strings that can be formed for each test case string based on a predef...


INFO - Retrieved (score=0.4963):

[description]
The function calculates the minimum number of steps required to reduce a given integer `n` to 1. If `n` is even, it divides `n` by 2. If `n` is odd, it decides whether to increment or decrement `n` based on specific conditions: it decrements if `n` is 3 or if `n-1` is divisible by ...


INFO - Retrieved (score=0.3924): 
[Reflection]:
    The problem was straightforward, and my solution was efficient and correct. However, reflecting on the official solution provides some insights:

    1. **Efficiency**: The official solution uses a direct approach by iterating over the range specified in each query to calculate...
INFO - Retrieved (score=0.3958): 
[Reflection]:
    The problem was straightforward, and my solution was similar to the official one, both in logic and efficiency. However, the official solution uses a slightly different approach to calculate the sum of multiples of 10, which is worth noting for its simplicity.

    ### Key Insi...
INFO - Retrieved (score=0.4124): 
[Summary]:
    In this problem, the task was to transform a positive integer `n` into `1` using the minimum number of operations. The operations allowed were dividing by 2 if `n` is even, or incrementing/decrementing by 1 if `n` is odd. The challenge was to determine the optimal path to minimize...
INFO - LM call n parse attempt 1 / 3

INFO - [Task id] 475 [prompt] 
You are an expert programmer tasked with solving the problem below.

Follow the user's instructions to solve the problem.
The user can ask for analysis, code, or both.

## Instructions
When asked to output code,
- Make sure to wrap your code in '```python' and '```' Markdown delimiters, 
- include exactly one block of code with the entire solution
- No outside libraries are allowed. 
- Builtins are allowed.
- If the task specifies a function name to be used, follow it strictly (be case sensitive!) and declare the that function last (helper functions are declared first).
- DO NOT write any assert statements / tests.

## Problem
[BEGIN PROBLEM]
Given the array nums consisting of n positive integers. You computed the sum of all non-empty continous subarrays from the array and then sort them in non-decreasing order, creating a new array of n * (n + 1) / 2 numbers.
Return the sum of the numbers from index left to index right (indexed from 1), inclusive, in the new array. Since the answer can be a huge number return it modulo 10^9 + 7.
 
Example 1:
Input: nums = [1,2,3,4], n = 4, left = 1, right = 5
Output: 13 
Explanation: All subarray sums are 1, 3, 6, 10, 2, 5, 9, 3, 7, 4. After sorting them in non-decreasing order we have the new array [1, 2, 3, 3, 4, 5, 6, 7, 9, 10]. The sum of the numbers from index le = 1 to ri = 5 is 1 + 2 + 3 + 3 + 4 = 13. 

Example 2:
Input: nums = [1,2,3,4], n = 4, left = 3, right = 4
Output: 6
Explanation: The given array is the same as example 1. We have the new array [1, 2, 3, 3, 4, 5, 6, 7, 9, 10]. The sum of the numbers from index le = 3 to ri = 4 is 3 + 3 = 6.

Example 3:
Input: nums = [1,2,3,4], n = 4, left = 1, right = 10
Output: 50

 
Constraints:

1 <= nums.length <= 10^3
nums.length == n
1 <= nums[i] <= 100
1 <= left <= right <= n * (n + 1) / 2

The output code needs to use the provided function signature

The final python function should begin with: 
```python

class Solution:
    def rangeSum(self, nums: List[int], n: int, left: int, right: int) -> int:
        
```

[END PROBLEM]

INFO - [Task id] 475 [prompt] 
## Instructions

Reason through the problem and:
1. Restate the problem in plain English
2. Conceptualize a solution first in plain English
3. Write a pseudocode solution
4. Output the final Python 3 solution with your solution steps in comments.

Make sure to wrap your code in '```python' and '```' Markdown delimiters, 
and include exactly one block of code with the entire solution.

No outside libraries are allowed.
Builtins are allowed.

INFO - [Task id] 475 [prompt] 
Also, here are some of your memories.
Feel free to use the given information to aid your problem solving process if necessary.
Do not confuse the memories with the problem statement.

## Memories

[Reflection]:
    The problem was straightforward, and my solution was efficient and correct. However, reflecting on the official solution provides some insights:

    1. **Efficiency**: The official solution uses a direct approach by iterating over the range specified in each query to calculate the sum. This results in a time complexity of \(O(N \times Q)\) for each test case, which can be inefficient for large inputs. In contrast, my solution uses a prefix sum array, allowing each query to be answered in constant time \(O(1)\) after an initial \(O(N)\) setup, making it much more efficient for large datasets.

    2. **Modular Arithmetic**: The official solution includes a modulo operation with \(1000000000\) during the sum calculation. This is not mentioned in the problem statement, and my solution does not include it. If the problem required this, it would be a crucial detail to incorporate.

    3. **Code Readability**: My solution is structured with clear separation of input parsing, prefix sum calculation, and query processing, which enhances readability and maintainability. The official solution is more compact but less readable due to nested loops and lack of comments.

    In summary, my approach using a prefix sum array is more efficient for large inputs, and the official solution highlights the importance of considering any additional constraints like modular arithmetic that might be implied but not explicitly stated.
[/Reflection]


[Reflection]:
    The problem was straightforward, and my solution was similar to the official one, both in logic and efficiency. However, the official solution uses a slightly different approach to calculate the sum of multiples of 10, which is worth noting for its simplicity.

    ### Key Insights from the Official Solution:

    1. **Simplified Calculation**:
       - The official solution directly calculates the largest multiple of 10 less than or equal to N by adjusting N with `n -= n % 10`.
       - It then divides by 10 to get the number of terms `n` in the series.

    2. **Direct Use of Arithmetic Series Formula**:
       - The formula used is `n * (n + 1) / 2 * 10`, which directly computes the sum of the series without explicitly calculating the last term `m` as in my solution.
       - This approach is concise and leverages the arithmetic series formula effectively.

    3. **Efficiency**:
       - Both solutions are efficient with a time complexity of O(1) per test case, as they involve simple arithmetic operations.

    ### Reflection:

    The official solution is a good reminder of how sometimes a direct approach can be more elegant and concise. It simplifies the calculation by reducing the number of steps and variables involved. This experience reinforces the importance of revisiting mathematical formulas and leveraging them directly when possible to simplify code.
[/Reflection]


[Summary]:
    In this problem, the task was to transform a positive integer `n` into `1` using the minimum number of operations. The operations allowed were dividing by 2 if `n` is even, or incrementing/decrementing by 1 if `n` is odd. The challenge was to determine the optimal path to minimize the number of operations.

    The core concept here was to leverage the properties of even and odd numbers. For even numbers, dividing by 2 is straightforward and optimal. For odd numbers, the decision to increment or decrement was based on the resulting number's divisibility by 4, as this would allow for further division by 2 in subsequent steps. A special case was when `n` was `3`, where decrementing to `2` was optimal.

    The solution involved a loop that continued until `n` became `1`, applying the appropriate operation at each step and counting the number of operations. The strategy of checking divisibility by 4 for odd numbers proved effective in minimizing the steps.

    The implementation was straightforward, and the logic was verified by passing the provided test cases. This problem reinforced the importance of understanding number properties and making strategic decisions based on future outcomes. The solution was efficient and did not encounter any unexpected errors. Here is the final code:

    ```python
    class Solution:
        def integerReplacement(self, n: int) -> int:
            steps = 0
            while n != 1:
                if n % 2 == 0:
                    n //= 2
                else:
                    if n == 3 or (n & 2) == 0:
                        n -= 1
                    else:
                        n += 1
                steps += 1
            return steps
    ```
[/Summary]


INFO - [Task id] 475 [generation text] 1. **Restate the problem in plain English:**

   We are given an array of positive integers. We need to calculate the sum of all possible non-empty continuous subarrays, sort these sums, and then find the sum of a specific range of these sorted sums. The result should be returned modulo \(10^9 + 7\).

2. **Conceptualize a solution in plain English:**

   - First, generate all possible subarray sums from the given array.
   - Store these sums in a list.
   - Sort the list of sums in non-decreasing order.
   - Calculate the sum of the elements in this sorted list from the given `left` index to the `right` index (1-based).
   - Return the result modulo \(10^9 + 7\).

3. **Pseudocode solution:**

   ```
   Initialize an empty list to store subarray sums.
   For each starting index i from 0 to n-1:
       Initialize a variable to store the current subarray sum.
       For each ending index j from i to n-1:
           Add nums[j] to the current subarray sum.
           Append the current subarray sum to the list of subarray sums.
   Sort the list of subarray sums.
   Calculate the sum of elements from index left-1 to right-1 in the sorted list.
   Return the result modulo 10^9 + 7.
   ```

4. **Output the final Python 3 solution with comments:**

```python
class Solution:
    def rangeSum(self, nums: List[int], n: int, left: int, right: int) -> int:
        # Initialize a list to store all subarray sums
        subarray_sums = []
        
        # Generate all subarray sums
        for i in range(n):
            current_sum = 0
            for j in range(i, n):
                current_sum += nums[j]
                subarray_sums.append(current_sum)
        
        # Sort the subarray sums
        subarray_sums.sort()
        
        # Calculate the sum of the elements from index left-1 to right-1
        result = sum(subarray_sums[left-1:right])
        
        # Return the result modulo 10^9 + 7
        return result % (10**9 + 7)
```

This solution efficiently calculates all subarray sums, sorts them, and computes the required sum within the specified range, ensuring the result is returned modulo \(10^9 + 7\).
INFO - program_code:
 
class Solution:
    def rangeSum(self, nums: List[int], n: int, left: int, right: int) -> int:
        # Initialize a list to store all subarray sums
        subarray_sums = []
        
        # Generate all subarray sums
        for i in range(n):
            current_sum = 0
            for j in range(i, n):
                current_sum += nums[j]
                subarray_sums.append(current_sum)
        
        # Sort the subarray sums
        subarray_sums.sort()
        
        # Calculate the sum of the elements from index left-1 to right-1
        result = sum(subarray_sums[left-1:right])
        
        # Return the result modulo 10^9 + 7
        return result % (10**9 + 7)


INFO - program_name:
 

INFO - dependencies:
 []

INFO - raw_msg:
 1. **Restate the problem in plain English:**

   We are given an array of positive integers. We need to calculate the sum of all possible non-empty continuous subarrays, sort these sums, and then find the sum of a specific range of these sorted sums. The result should be returned modulo \(10^9 + 7\).

2. **Conceptualize a solution in plain English:**

   - First, generate all possible subarray sums from the given array.
   - Store these sums in a list.
   - Sort the list of sums in non-decreasing order.
   - Calculate the sum of the elements in this sorted list from the given `left` index to the `right` index (1-based).
   - Return the result modulo \(10^9 + 7\).

3. **Pseudocode solution:**

   ```
   Initialize an empty list to store subarray sums.
   For each starting index i from 0 to n-1:
       Initialize a variable to store the current subarray sum.
       For each ending index j from i to n-1:
           Add nums[j] to the current subarray sum.
           Append the current subarray sum to the list of subarray sums.
   Sort the list of subarray sums.
   Calculate the sum of elements from index left-1 to right-1 in the sorted list.
   Return the result modulo 10^9 + 7.
   ```

4. **Output the final Python 3 solution with comments:**

```python
class Solution:
    def rangeSum(self, nums: List[int], n: int, left: int, right: int) -> int:
        # Initialize a list to store all subarray sums
        subarray_sums = []
        
        # Generate all subarray sums
        for i in range(n):
            current_sum = 0
            for j in range(i, n):
                current_sum += nums[j]
                subarray_sums.append(current_sum)
        
        # Sort the subarray sums
        subarray_sums.sort()
        
        # Calculate the sum of the elements from index left-1 to right-1
        result = sum(subarray_sums[left-1:right])
        
        # Return the result modulo 10^9 + 7
        return result % (10**9 + 7)
```

This solution efficiently calculates all subarray sums, sorts them, and computes the required sum within the specified range, ensuring the result is returned modulo \(10^9 + 7\).

INFO - no_parent:
 False

INFO - full code to be executed: 
 
class Solution:
    def rangeSum(self, nums: List[int], n: int, left: int, right: int) -> int:
        # Initialize a list to store all subarray sums
        subarray_sums = []
        
        # Generate all subarray sums
        for i in range(n):
            current_sum = 0
            for j in range(i, n):
                current_sum += nums[j]
                subarray_sums.append(current_sum)
        
        # Sort the subarray sums
        subarray_sums.sort()
        
        # Calculate the sum of the elements from index left-1 to right-1
        result = sum(subarray_sums[left-1:right])
        
        # Return the result modulo 10^9 + 7
        return result % (10**9 + 7)


INFO - obs: Note: Inputs/outputs here are automatically extracted/truncated so formatting may be a bit off.
Tests passed:

 Input: [[1, 2, 3, 4], 4, 1, 5] Output: 13

Tests failed:
None
reward: True
done: None
info: {'individual_results': [True]}
INFO - Updated entry: 
[Task]:
    Given the array nums consisting of n positive integers. You computed the sum of all non-empty continous subarrays from the array and then sort them in non-decreasing order, creating a new array of n * (n + 1) / 2 numbers.
    Return the sum of the numbers from index left to index rig...,

INFO - Metadata: {
    "raw_msg": "1. **Restate the problem in plain English:**\n\n   We are given an array of positive integers. We need to calculate the sum of all possible non-empty continuous subarrays, sort these sums, and then find the sum of a specific range of these sorted sums. The result should be retur...

INFO - LM call n parse attempt 1 / 3

INFO - [Task id] 475 [prompt] 
You are an expert programmer tasked with solving the problem below.

Follow the user's instructions to solve the problem.
The user can ask for analysis, code, or both.

## Instructions
When asked to output code,
- Make sure to wrap your code in '```python' and '```' Markdown delimiters, 
- include exactly one block of code with the entire solution
- No outside libraries are allowed. 
- Builtins are allowed.
- If the task specifies a function name to be used, follow it strictly (be case sensitive!) and declare the that function last (helper functions are declared first).
- DO NOT write any assert statements / tests.

## Problem
[BEGIN PROBLEM]
Given the array nums consisting of n positive integers. You computed the sum of all non-empty continous subarrays from the array and then sort them in non-decreasing order, creating a new array of n * (n + 1) / 2 numbers.
Return the sum of the numbers from index left to index right (indexed from 1), inclusive, in the new array. Since the answer can be a huge number return it modulo 10^9 + 7.
 
Example 1:
Input: nums = [1,2,3,4], n = 4, left = 1, right = 5
Output: 13 
Explanation: All subarray sums are 1, 3, 6, 10, 2, 5, 9, 3, 7, 4. After sorting them in non-decreasing order we have the new array [1, 2, 3, 3, 4, 5, 6, 7, 9, 10]. The sum of the numbers from index le = 1 to ri = 5 is 1 + 2 + 3 + 3 + 4 = 13. 

Example 2:
Input: nums = [1,2,3,4], n = 4, left = 3, right = 4
Output: 6
Explanation: The given array is the same as example 1. We have the new array [1, 2, 3, 3, 4, 5, 6, 7, 9, 10]. The sum of the numbers from index le = 3 to ri = 4 is 3 + 3 = 6.

Example 3:
Input: nums = [1,2,3,4], n = 4, left = 1, right = 10
Output: 50

 
Constraints:

1 <= nums.length <= 10^3
nums.length == n
1 <= nums[i] <= 100
1 <= left <= right <= n * (n + 1) / 2

The output code needs to use the provided function signature

The final python function should begin with: 
```python

class Solution:
    def rangeSum(self, nums: List[int], n: int, left: int, right: int) -> int:
        
```

[END PROBLEM]

INFO - [Task id] 475 [prompt] 
## Instructions

Reason through the problem and:
1. Restate the problem in plain English
2. Conceptualize a solution first in plain English
3. Write a pseudocode solution
4. Output the final Python 3 solution with your solution steps in comments.

Make sure to wrap your code in '```python' and '```' Markdown delimiters, 
and include exactly one block of code with the entire solution.

No outside libraries are allowed.
Builtins are allowed.

INFO - [Task id] 475 [prompt] 1. **Restate the problem in plain English:**

   We are given an array of positive integers. We need to calculate the sum of all possible non-empty continuous subarrays, sort these sums, and then find the sum of a specific range of these sorted sums. The result should be returned modulo \(10^9 + 7\).

2. **Conceptualize a solution in plain English:**

   - First, generate all possible subarray sums from the given array.
   - Store these sums in a list.
   - Sort the list of sums in non-decreasing order.
   - Calculate the sum of the elements in this sorted list from the given `left` index to the `right` index (1-based).
   - Return the result modulo \(10^9 + 7\).

3. **Pseudocode solution:**

   ```
   Initialize an empty list to store subarray sums.
   For each starting index i from 0 to n-1:
       Initialize a variable to store the current subarray sum.
       For each ending index j from i to n-1:
           Add nums[j] to the current subarray sum.
           Append the current subarray sum to the list of subarray sums.
   Sort the list of subarray sums.
   Calculate the sum of elements from index left-1 to right-1 in the sorted list.
   Return the result modulo 10^9 + 7.
   ```

4. **Output the final Python 3 solution with comments:**

```python
class Solution:
    def rangeSum(self, nums: List[int], n: int, left: int, right: int) -> int:
        # Initialize a list to store all subarray sums
        subarray_sums = []
        
        # Generate all subarray sums
        for i in range(n):
            current_sum = 0
            for j in range(i, n):
                current_sum += nums[j]
                subarray_sums.append(current_sum)
        
        # Sort the subarray sums
        subarray_sums.sort()
        
        # Calculate the sum of the elements from index left-1 to right-1
        result = sum(subarray_sums[left-1:right])
        
        # Return the result modulo 10^9 + 7
        return result % (10**9 + 7)
```

This solution efficiently calculates all subarray sums, sorts them, and computes the required sum within the specified range, ensuring the result is returned modulo \(10^9 + 7\).
INFO - [Task id] 475 [prompt] 
[Environment Feedback]:
    Note: Inputs/outputs here are automatically extracted/truncated so formatting may be a bit off.
    Tests passed:

     Input: [[1, 2, 3, 4], 4, 1, 5] Output: 13

    Tests failed:
    None
[/Environment Feedback]

INFO - [Task id] 475 [prompt] 
## Instructions
Now, summarize your attempts as a **standalone** document for your own future reference. (can skip formalities, be concise)

- Only include the most relevant information and code snippets that could be useful in the future.
- If you did not learn much from the current experience (e.g. the problem was too easy), feel free to write less or nothing at all.
- Here are some ideas if the experience was useful:
    - Identifying the core concepts and patterns that problem appears to test for
    - Describing the strategies that seemed to work but did not, and vice versa
    - Describing unexpected errors and how they were fixed

Your summary should be at most a few paragraphs.

INFO - [Task id] 475 [generation text] In this problem, the core concept was to generate all possible subarray sums from a given list of integers, sort these sums, and then compute the sum of a specified range of these sorted sums. The challenge was to efficiently handle the generation and sorting of subarray sums, especially given the constraints.

The strategy that worked involved a straightforward approach:
1. **Subarray Sum Generation:** Iterate over all possible starting points of subarrays and calculate the sum for each subarray ending at different points. This was done using a nested loop where the outer loop fixed the starting point and the inner loop extended the subarray to include more elements.
2. **Sorting and Range Sum Calculation:** Once all subarray sums were generated, they were sorted. The sum of the specified range was then calculated by simply summing the elements from the sorted list within the given indices.

The solution was efficient given the constraints, and the use of modulo \(10^9 + 7\) ensured that the result remained within the limits of typical integer operations in Python. This problem reinforced the importance of understanding subarray operations and sorting, which are common in competitive programming and algorithmic challenges.
INFO - LM call n parse attempt 1 / 3

INFO - [Task id] 475 [prompt] 
You are an expert programmer tasked with solving the problem below.

Follow the user's instructions to solve the problem.
The user can ask for analysis, code, or both.

## Instructions
When asked to output code,
- Make sure to wrap your code in '```python' and '```' Markdown delimiters, 
- include exactly one block of code with the entire solution
- No outside libraries are allowed. 
- Builtins are allowed.
- If the task specifies a function name to be used, follow it strictly (be case sensitive!) and declare the that function last (helper functions are declared first).
- DO NOT write any assert statements / tests.

## Problem
[BEGIN PROBLEM]
Given the array nums consisting of n positive integers. You computed the sum of all non-empty continous subarrays from the array and then sort them in non-decreasing order, creating a new array of n * (n + 1) / 2 numbers.
Return the sum of the numbers from index left to index right (indexed from 1), inclusive, in the new array. Since the answer can be a huge number return it modulo 10^9 + 7.
 
Example 1:
Input: nums = [1,2,3,4], n = 4, left = 1, right = 5
Output: 13 
Explanation: All subarray sums are 1, 3, 6, 10, 2, 5, 9, 3, 7, 4. After sorting them in non-decreasing order we have the new array [1, 2, 3, 3, 4, 5, 6, 7, 9, 10]. The sum of the numbers from index le = 1 to ri = 5 is 1 + 2 + 3 + 3 + 4 = 13. 

Example 2:
Input: nums = [1,2,3,4], n = 4, left = 3, right = 4
Output: 6
Explanation: The given array is the same as example 1. We have the new array [1, 2, 3, 3, 4, 5, 6, 7, 9, 10]. The sum of the numbers from index le = 3 to ri = 4 is 3 + 3 = 6.

Example 3:
Input: nums = [1,2,3,4], n = 4, left = 1, right = 10
Output: 50

 
Constraints:

1 <= nums.length <= 10^3
nums.length == n
1 <= nums[i] <= 100
1 <= left <= right <= n * (n + 1) / 2

The output code needs to use the provided function signature

The final python function should begin with: 
```python

class Solution:
    def rangeSum(self, nums: List[int], n: int, left: int, right: int) -> int:
        
```

[END PROBLEM]

INFO - [Task id] 475 [prompt] 
## Instructions

Reason through the problem and:
1. Restate the problem in plain English
2. Conceptualize a solution first in plain English
3. Write a pseudocode solution
4. Output the final Python 3 solution with your solution steps in comments.

Make sure to wrap your code in '```python' and '```' Markdown delimiters, 
and include exactly one block of code with the entire solution.

No outside libraries are allowed.
Builtins are allowed.

INFO - [Task id] 475 [prompt] 1. **Restate the problem in plain English:**

   We are given an array of positive integers. We need to calculate the sum of all possible non-empty continuous subarrays, sort these sums, and then find the sum of a specific range of these sorted sums. The result should be returned modulo \(10^9 + 7\).

2. **Conceptualize a solution in plain English:**

   - First, generate all possible subarray sums from the given array.
   - Store these sums in a list.
   - Sort the list of sums in non-decreasing order.
   - Calculate the sum of the elements in this sorted list from the given `left` index to the `right` index (1-based).
   - Return the result modulo \(10^9 + 7\).

3. **Pseudocode solution:**

   ```
   Initialize an empty list to store subarray sums.
   For each starting index i from 0 to n-1:
       Initialize a variable to store the current subarray sum.
       For each ending index j from i to n-1:
           Add nums[j] to the current subarray sum.
           Append the current subarray sum to the list of subarray sums.
   Sort the list of subarray sums.
   Calculate the sum of elements from index left-1 to right-1 in the sorted list.
   Return the result modulo 10^9 + 7.
   ```

4. **Output the final Python 3 solution with comments:**

```python
class Solution:
    def rangeSum(self, nums: List[int], n: int, left: int, right: int) -> int:
        # Initialize a list to store all subarray sums
        subarray_sums = []
        
        # Generate all subarray sums
        for i in range(n):
            current_sum = 0
            for j in range(i, n):
                current_sum += nums[j]
                subarray_sums.append(current_sum)
        
        # Sort the subarray sums
        subarray_sums.sort()
        
        # Calculate the sum of the elements from index left-1 to right-1
        result = sum(subarray_sums[left-1:right])
        
        # Return the result modulo 10^9 + 7
        return result % (10**9 + 7)
```

This solution efficiently calculates all subarray sums, sorts them, and computes the required sum within the specified range, ensuring the result is returned modulo \(10^9 + 7\).
INFO - [Task id] 475 [prompt] 
[Environment Feedback]:
    Note: Inputs/outputs here are automatically extracted/truncated so formatting may be a bit off.
    Tests passed:

     Input: [[1, 2, 3, 4], 4, 1, 5] Output: 13

    Tests failed:
    None
[/Environment Feedback]

INFO - [Task id] 475 [prompt] 
Below is the official solution (do exercise discretion as official solutions can also have mistakes).

You will be reflecting on your attempts to solve the problem.
This will be a **standalone** document for your own future reference. (can skip formalities, be concise)

## Instructions
- Only include the most relevant insights and code snippets that could be useful in the future.
- If you did not learn much from the current experience (e.g. the problem was too easy / official solution was obvious), feel free to write less or nothing at all.
- Here are some ideas if the experience was useful:
    - If the official solution is insightful (e.g. better than yours in time and space complexity or more effective in breaking down the problem statement), distil the key approach of the official solution, step by step.
    - If your approach failed the test cases, reason why the official solution works but yours does not

Your reflection should be at most a few paragraphs.

## Official solution
class Solution:
    def rangeSum(self, nums: List[int], n: int, left: int, right: int) -> int:
        # B: partial sum of A
        # C: partial sum of B
        # Use prefix sum to precompute B and C
        A = nums
        B, C = [0] * (n + 1), [0] * (n + 1)
        for i in range(n):
            B[i + 1] = B[i] + A[i]
            C[i + 1] = C[i] + B[i + 1]

        # Use two pointer to
        # calculate the total number of cases if B[j] - B[i] <= score
        def count_sum_under(score):
            res = i = 0
            for j in range(n + 1):
                while B[j] - B[i] > score:
                    i += 1
                res += j - i
            return res

        # calculate the sum for all numbers whose indices are <= index k
        def sum_k_sums(k):
            score = kth_score(k)
            res = i = 0
            for j in range(n + 1):
                # Proceed until B[i] and B[j] are within score
                while B[j] - B[i] > score:
                    i += 1
                res += B[j] * (j - i + 1) - (C[j] - (C[i - 1] if i else 0))
            return res - (count_sum_under(score) - k) * score

        # use bisearch to find how many numbers ae below k
        def kth_score(k):
            l, r = 0, B[n]
            while l < r:
                m = (l + r) // 2
                if count_sum_under(m) < k:
                    l = m + 1
                else:
                    r = m
            return l

        # result between left and right can be converted to [0, right] - [0, left-1] (result below right - result below left-1)
        return (sum_k_sums(right) - sum_k_sums(left - 1))%(10**9 + 7)

INFO - [Task id] 475 [generation text] Reflecting on the problem and the official solution, here are some key insights:

1. **Prefix Sum Optimization:**
   - The official solution uses prefix sums to efficiently calculate subarray sums. This is a powerful technique that reduces the time complexity of calculating subarray sums from \(O(n^2)\) to \(O(n)\) for each query. By precomputing prefix sums, the solution can quickly determine the sum of any subarray.

2. **Two-Pointer Technique:**
   - The solution employs a two-pointer technique to count subarrays with sums less than or equal to a given score. This is a clever way to efficiently handle the problem of finding subarray sums within a certain range.

3. **Binary Search for Kth Score:**
   - The use of binary search to find the kth smallest subarray sum is an insightful approach. This method leverages the sorted nature of prefix sums and efficiently narrows down the possible values for the kth score.

4. **Modular Arithmetic:**
   - The solution correctly handles large numbers by using modular arithmetic, ensuring that the result remains within the bounds of typical integer operations.

5. **Complexity Considerations:**
   - The official solution is more complex but significantly more efficient than a straightforward approach. It reduces the time complexity by avoiding the need to explicitly sort all subarray sums, which would be computationally expensive for large arrays.

In summary, the official solution demonstrates advanced techniques like prefix sums, two-pointer methods, and binary search to solve the problem efficiently. These techniques are valuable for tackling similar problems involving subarray sums and range queries.
INFO - Updated entry: In this problem, the core concept was to generate all possible subarray sums from a given list of integers, sort these sums, and then compute the sum of a specified range of these sorted sums. The challenge was to efficiently handle the generation and sorting of subarray sums, especially given th...,

INFO - Metadata: {
    "task_id": 475
}

INFO - Updated entry: Reflecting on the problem and the official solution, here are some key insights:

1. **Prefix Sum Optimization:**
   - The official solution uses prefix sums to efficiently calculate subarray sums. This is a powerful technique that reduces the time complexity of calculating subarray sums from \(O...,

INFO - Metadata: {
    "task_id": 475
}

INFO - LM call n parse attempt 1 / 3

INFO - [Task id] 475 [prompt] 
You are a helpful assistant that writes a description of the given function written in the Python programming language.

1) Do not mention the function name.
2) Do not mention anything about helper functions.
3) There might be some helper functions before the main function, but you only need to describe the main function.
4) Try to summarize the function in no more than 6 sentences.
5) Your response should be a single line of text.

INFO - [Task id] 475 [prompt] 
class Solution:
    def rangeSum(self, nums: List[int], n: int, left: int, right: int) -> int:
        # Initialize a list to store all subarray sums
        subarray_sums = []
        
        # Generate all subarray sums
        for i in range(n):
            current_sum = 0
            for j in range(i, n):
                current_sum += nums[j]
                subarray_sums.append(current_sum)
        
        # Sort the subarray sums
        subarray_sums.sort()
        
        # Calculate the sum of the elements from index left-1 to right-1
        result = sum(subarray_sums[left-1:right])
        
        # Return the result modulo 10^9 + 7
        return result % (10**9 + 7)

INFO - [Task id] 475 [generation text] The function calculates the sum of all subarray sums of a given list of integers, sorts these sums, and then returns the sum of the elements from the specified range (left to right, inclusive) in the sorted list, modulo \(10^9 + 7\).
INFO - LM call n parse attempt 1 / 3

INFO - [Task id] 475 [prompt] 
You are a helpful assistant that extracts important information from problems and solutions to aid in searchability and education.

## Instructions
- Read through the problem and solution carefully.
- Reason out, step by step, in what scenarios this knowledge would be useful.
- Focus on general patterns and situations to help connect this knowledge to new situations.
- Then, include a list of keywords that are useful for searching this problem/solution pair.

## Response format
Respond in JSON, and follow the keys and expected format of the values strictly.

The output should be formatted as a JSON instance that conforms to the JSON schema below.

As an example, for the schema {"properties": {"foo": {"title": "Foo", "description": "a list of strings", "type": "array", "items": {"type": "string"}}}, "required": ["foo"]}
the object {"foo": ["bar", "baz"]} is a well-formatted instance of the schema. The object {"properties": {"foo": ["bar", "baz"]}} is not well-formatted.

Here is the output schema:
```
{"properties": {"scenarios": {"description": "In what scenarios will this knowledge be useful? Answer in a paragraph.", "title": "Scenarios", "type": "string"}, "keywords": {"description": "List of keywords that are useful for searching this problem/solution pair", "items": {"type": "string"}, "title": "Keywords", "type": "array"}}, "required": ["scenarios", "keywords"]}
```

INFO - [Task id] 475 [prompt] 
[Problem]
    Given the array nums consisting of n positive integers. You computed the sum of all non-empty continous subarrays from the array and then sort them in non-decreasing order, creating a new array of n * (n + 1) / 2 numbers.
    Return the sum of the numbers from index left to index right (indexed from 1), inclusive, in the new array. Since the answer can be a huge number return it modulo 10^9 + 7.
 
    Example 1:
    Input: nums = [1,2,3,4], n = 4, left = 1, right = 5
    Output: 13 
    Explanation: All subarray sums are 1, 3, 6, 10, 2, 5, 9, 3, 7, 4. After sorting them in non-decreasing order we have the new array [1, 2, 3, 3, 4, 5, 6, 7, 9, 10]. The sum of the numbers from index le = 1 to ri = 5 is 1 + 2 + 3 + 3 + 4 = 13. 

    Example 2:
    Input: nums = [1,2,3,4], n = 4, left = 3, right = 4
    Output: 6
    Explanation: The given array is the same as example 1. We have the new array [1, 2, 3, 3, 4, 5, 6, 7, 9, 10]. The sum of the numbers from index le = 3 to ri = 4 is 3 + 3 = 6.

    Example 3:
    Input: nums = [1,2,3,4], n = 4, left = 1, right = 10
    Output: 50

 
    Constraints:

    1 <= nums.length <= 10^3
    nums.length == n
    1 <= nums[i] <= 100
    1 <= left <= right <= n * (n + 1) / 2
[/Problem]

[Solution]

    class Solution:
        def rangeSum(self, nums: List[int], n: int, left: int, right: int) -> int:
            # Initialize a list to store all subarray sums
            subarray_sums = []
        
            # Generate all subarray sums
            for i in range(n):
                current_sum = 0
                for j in range(i, n):
                    current_sum += nums[j]
                    subarray_sums.append(current_sum)
        
            # Sort the subarray sums
            subarray_sums.sort()
        
            # Calculate the sum of the elements from index left-1 to right-1
            result = sum(subarray_sums[left-1:right])
        
            # Return the result modulo 10^9 + 7
            return result % (10**9 + 7)

[/Solution]

INFO - [Task id] 475 [generation text] 
INFO - {
    "scenarios": "This knowledge is useful in scenarios where you need to compute and analyze subarray sums from a given array, especially when dealing with large datasets where the number of subarrays can be significant. It is particularly relevant in competitive programming and algorithm design, where efficient computation and sorting of subarray sums are required. The problem also involves modular arithmetic, which is a common technique to handle large numbers in programming contests and applications where overflow might be an issue. Understanding how to generate all possible subarray sums, sort them, and then compute a range sum efficiently is a valuable skill in data analysis and algorithm optimization.",
    "keywords": [
        "subarray sums",
        "sorting",
        "modular arithmetic",
        "range sum",
        "competitive programming",
        "algorithm design",
        "data analysis",
        "array manipulation"
    ]
}
INFO - {
    "scenarios": "This knowledge is useful in scenarios where you need to compute and analyze subarray sums from a given array, especially when dealing with large datasets where the number of subarrays can be significant. It is particularly relevant in competitive programming and algorithm design, where efficient computation and sorting of subarray sums are required. The problem also involves modular arithmetic, which is a common technique to handle large numbers in programming contests and applications where overflow might be an issue. Understanding how to generate all possible subarray sums, sort them, and then compute a range sum efficiently is a valuable skill in data analysis and algorithm optimization.",
    "keywords": [
        "subarray sums",
        "sorting",
        "modular arithmetic",
        "range sum",
        "competitive programming",
        "algorithm design",
        "data analysis",
        "array manipulation"
    ]
}
INFO - Updated entry: 
[description]
The function calculates the sum of all subarray sums of a given list of integers, sorts these sums, and then returns the sum of the elements from the specified range (left to right, inclusive) in the sorted list, modulo \(10^9 + 7\).

[end of description]
This knowledge is useful i...,

INFO - Metadata: {
    "task": 475,
    "code": "\nclass Solution:\n    def rangeSum(self, nums: List[int], n: int, left: int, right: int) -> int:\n        # Initialize a list to store all subarray sums\n        subarray_sums = []\n        \n        # Generate all subarray sums\n        for i in range(n):\n      ...

