INFO - DB skill doc count: 0

INFO - DB non_func doc count: 17

INFO - DB semantic doc count: 429

INFO - DB summaries doc count: 21

INFO - DB reflections doc count: 21

INFO - DB episodic doc count: 36

INFO - [train iter]: 21/100 

INFO - The task prompt is You may have helped Chef and prevented Doof from destroying the even numbers. But, it has only angered Dr Doof even further. However, for his next plan, he needs some time. Therefore, Doof has built $N$ walls to prevent Chef from interrupting him. You have to help Chef by telling him the number o...

INFO - Attempting task_id 970
INFO - LM call n parse attempt 1 / 3

INFO - [Task id] 970 [prompt] 
You are an expert programmer tasked with solving the problem below.

Follow the user's instructions to solve the problem.
The user can ask for analysis, code, or both.

## Instructions
When asked to output code,
- Make sure to wrap your code in '```python' and '```' Markdown delimiters, 
- include exactly one block of code with the entire solution
- No outside libraries are allowed. 
- Builtins are allowed.
- If the task specifies a function name to be used, follow it strictly (be case sensitive!) and declare the that function last (helper functions are declared first).
- DO NOT write any assert statements / tests.

## Problem
[BEGIN PROBLEM]
You may have helped Chef and prevented Doof from destroying the even numbers. But, it has only angered Dr Doof even further. However, for his next plan, he needs some time. Therefore, Doof has built $N$ walls to prevent Chef from interrupting him. You have to help Chef by telling him the number of walls he needs to destroy in order to reach Dr Doof.
Formally, the whole area can be represented as the first quadrant with the origin at the bottom-left corner. Dr. Doof is located at the origin $(0, 0)$. There are $N$ walls, the i-th wall is a straight line segment joining the points $(a_i, 0)$ and $(0, a_i)$. For every initial position of Chef $(x_j, y_j)$, find the number of walls he needs to break before reaching Doof. Obviously, chef can't start from a point on the wall. Therefore, if $(x_j, y_j)$ lies on any of the given walls, print $-1$ in a new line.

-----Input-----
- First line contains $T$, denoting the number of testcases.
- The first line of every test case contains a single integer $N$ denoting the number of walls Dr Doof has built.
- The next line contains $N$ space separated distinct integers each denoting $a_i$.
- The next line contains a single integer $Q$ denoting the number of times Chef asks for your help.
- The next $Q$ lines contains two space separated integers $x_j$ and $y_j$, each denoting the co-ordinates of the starting point of Chef.

-----Output-----
For each query, print the number of walls Chef needs to break in order to reach Dr Doof in a separate line. If Chef tries to start from a point on any of the walls, print $-1$.

-----Constraints-----
- $1 \leq T \leq 2 * 10^2$
- $1 \leq N, Q \leq 2 * 10^5$
- $1 \leq a_i \leq 10^9$
- $0 \leq x_j, y_j \leq 10^9$
- $a_1 < a_2 < a_3 < .... < a_N$
- Sum of $N$ and $Q$ over all testcases for a particular test file does not exceed $2 * 10^5$

-----Sample Input-----
1
2
1 3
5
0 0
2 0
0 4
1 1
1 2

-----Sample Output-----
0
1
2
1
-1

-----Explanation-----
The sample input can be represented by the graph given below:

If Chef starts from $(0, 0)$, he can reach Dr Doof without destroying any wall.

If Chef starts from $(2, 0)$, he has to destroy the $1st$ wall.

If Chef starts from $(0, 4)$, he has to destroy both the walls.

If Chef starts from $(1, 1)$, he has to destroy the $1st$ wall.

As $(1, 2)$ lies on the second wall, the answer is $-1$ for the last query.

The output code needs to read from and write to standard IO


[END PROBLEM]

INFO - [Task id] 970 [prompt] 
## Instructions

Reason through the problem and:
1. Restate the problem in plain English
2. Conceptualize a solution first in plain English
3. Write a pseudocode solution
4. Output the final Python 3 solution with your solution steps in comments.

Make sure to wrap your code in '```python' and '```' Markdown delimiters, 
and include exactly one block of code with the entire solution.

No outside libraries are allowed.
Builtins are allowed.

INFO - [Task id] 970 [generation text] ### Problem Restatement

We need to help Chef reach Dr. Doof by determining how many walls Chef needs to break through. The walls are represented as line segments in the first quadrant of a coordinate plane, each starting from a point on the x-axis and ending on the y-axis. For each starting position of Chef, we need to determine how many walls are in his path to the origin. If Chef starts on a wall, we should return `-1`.

### Conceptual Solution

1. **Understanding Walls**: Each wall is represented by a line segment from `(a_i, 0)` to `(0, a_i)`. The equation of such a line is `x + y = a_i`.

2. **Chef's Position**: For each query, Chef starts at `(x_j, y_j)`. We need to check:
   - If `x_j + y_j = a_i` for any `a_i`, Chef is on a wall, and we return `-1`.
   - Otherwise, count how many `a_i` are greater than `x_j + y_j` because these are the walls Chef needs to break through.

3. **Efficient Search**: Since the `a_i` values are sorted, we can use binary search to efficiently determine how many walls Chef needs to break through.

### Pseudocode

```
function process_queries(T, test_cases):
    for each test_case in test_cases:
        N = number of walls
        a = list of wall positions
        Q = number of queries
        queries = list of starting positions

        for each query (x_j, y_j):
            sum_xy = x_j + y_j

            if sum_xy is in a:
                print -1
            else:
                count = number of a_i greater than sum_xy
                print count

function main():
    read T
    test_cases = []
    for _ in range(T):
        read N
        read list a of size N
        read Q
        read list of queries of size Q
        test_cases.append((N, a, Q, queries))
    
    process_queries(T, test_cases)
```

### Python Code

```python
def process_queries(T, test_cases):
    for test_case in test_cases:
        N, a, Q, queries = test_case
        
        for x_j, y_j in queries:
            sum_xy = x_j + y_j
            
            # Check if sum_xy is on any wall
            if sum_xy in a:
                print(-1)
            else:
                # Use binary search to find the number of walls to break
                # Find the first index where a[i] > sum_xy
                low, high = 0, N
                while low < high:
                    mid = (low + high) // 2
                    if a[mid] > sum_xy:
                        high = mid
                    else:
                        low = mid + 1
                
                # The number of walls to break is from index `low` to the end
                print(N - low)

def main():
    import sys
    input = sys.stdin.read
    data = input().split()
    
    index = 0
    T = int(data[index])
    index += 1
    test_cases = []
    
    for _ in range(T):
        N = int(data[index])
        index += 1
        a = list(map(int, data[index:index + N]))
        index += N
        Q = int(data[index])
        index += 1
        queries = []
        for _ in range(Q):
            x_j = int(data[index])
            y_j = int(data[index + 1])
            queries.append((x_j, y_j))
            index += 2
        test_cases.append((N, a, Q, queries))
    
    process_queries(T, test_cases)

```

This code reads input, processes each test case, and outputs the number of walls Chef needs to break through for each query. It uses binary search to efficiently determine the number of walls in Chef's path.
INFO - [35m Rollout attempt 1/4[0m
INFO - [33m Retrieving 2 entries for db: episodic 
 [0m
INFO - Retrieved (score=0.3926):

[Task]:
    Nexus 4.O is going to be organized by ASME, GLA University. Shubhanshu, Head of Finance Team is working for it. He has $N$ number of bills of different values as $a$$1$,$ a$$2$, $a$$3$…$a$$n$.
    He is interested in a game in which one has to do the addition of the bills. But due to...


INFO - Retrieved (score=0.4076):

[Task]:
    The MarkiT online virtual market startup wants to organize its grand opening in NIT Patna.
    but they want maximum crowd for their inauguration. So the manager told  this  to Praveen a student in NITP who suggested them:
    The first-year students come to campus  every x hour,
   ...


INFO - [33m Retrieving 2 entries for db: semantic 
 [0m
INFO - Retrieved (score=0.4319):
Title: Continued fractions
Part: 11/12
```
    === "Python"
        ```py
        # returns [ah, ph, qh] such that points r[i]=(ph[i], qh[i]) constitute upper convex hull
        # of lattice points on 0 <= x <= N and 0 <= y <= r * x, where r = [a0; a1, a2, ...]
        # and there are ah[i]-1 in...


INFO - Retrieved (score=0.4461):
Title: Dynamic Programming on Broken Profile. Problem "Parquet"
Part: 1/1
# Dynamic Programming on Broken Profile. Problem "Parquet"

Common problems solved using DP on broken profile include:

- finding number of ways to fully fill an area (e.g. chessboard/grid) with some figures (e.g. dominoes)...


INFO - [33m Retrieving 2 entries for db: reflections 
 [0m
INFO - Retrieved (score=0.4475):
The problem was straightforward, and my solution was efficient and correct. However, reflecting on the official solution provides some insights:

1. **Efficiency**: The official solution uses a direct approach by iterating over the range specified in each query to calculate the sum. This approach...


INFO - Retrieved (score=0.4675):
The problem of finding the smallest possible weight of the last stone after smashing them together is essentially a variation of the partition problem. The goal is to split the stones into two groups such that the difference in their total weights is minimized.

### Key Insights:

1. **Dynamic Pr...


INFO - [33m Retrieving 2 entries for db: summaries 
 [0m
INFO - Retrieved (score=0.4238):
### Summary of Attempts to Solve the Problem

The problem involves determining if a sequence of integers can be made to sum to zero by performing operations that decrease each element by its index. The key insight is that the sum of the sequence must be a multiple of the sum of indices for it to ...


INFO - Retrieved (score=0.4426):
### Summary of Attempts to Solve the Problem

#### Core Concepts and Patterns
The problem revolves around maximizing the alternating sum of a subsequence from a list of distinct integers. The alternating sum is calculated by adding the first element, subtracting the second, adding the third, and ...


INFO - [33m Retrieving 2 entries for db: non_func 
 [0m
INFO - Retrieved (score=0.4710):

[description for function: main]
The function reads input from standard input, which includes a number of test cases, and for each test case, it reads two integers, N and K. It then calls another function to find a permutation of numbers from 1 to N such that a specific sum condition is met, or ...


INFO - Retrieved (score=0.4943):

[description for function: process_test_cases]
The function takes an integer T and a list of test cases, where each test case is a tuple containing an integer N and a string S. It processes each test case by finding the lexicographically smallest string that can be obtained by moving one charact...


INFO - Retrieved (score=0.3926): 
[Past Memory]:

    [Task]:
        Nexus 4.O is going to be organized by ASME, GLA University. Shubhanshu, Head of Finance Team is working for it. He has $N$ number of bills of different values as $a$$1$,$ a$$2$, $a$$3$…$a$$n$.
        He is interested in a game in which one has to do the addit...
INFO - Retrieved (score=0.4076): 
[Past Memory]:

    [Task]:
        The MarkiT online virtual market startup wants to organize its grand opening in NIT Patna.
        but they want maximum crowd for their inauguration. So the manager told  this  to Praveen a student in NITP who suggested them:
        The first-year students c...
INFO - LM call n parse attempt 1 / 3

INFO - [Task id] 970 [prompt] 
You are an expert programmer tasked with solving the problem below.

Follow the user's instructions to solve the problem.
The user can ask for analysis, code, or both.

## Instructions
When asked to output code,
- Make sure to wrap your code in '```python' and '```' Markdown delimiters, 
- include exactly one block of code with the entire solution
- No outside libraries are allowed. 
- Builtins are allowed.
- If the task specifies a function name to be used, follow it strictly (be case sensitive!) and declare the that function last (helper functions are declared first).
- DO NOT write any assert statements / tests.

## Problem
[BEGIN PROBLEM]
You may have helped Chef and prevented Doof from destroying the even numbers. But, it has only angered Dr Doof even further. However, for his next plan, he needs some time. Therefore, Doof has built $N$ walls to prevent Chef from interrupting him. You have to help Chef by telling him the number of walls he needs to destroy in order to reach Dr Doof.
Formally, the whole area can be represented as the first quadrant with the origin at the bottom-left corner. Dr. Doof is located at the origin $(0, 0)$. There are $N$ walls, the i-th wall is a straight line segment joining the points $(a_i, 0)$ and $(0, a_i)$. For every initial position of Chef $(x_j, y_j)$, find the number of walls he needs to break before reaching Doof. Obviously, chef can't start from a point on the wall. Therefore, if $(x_j, y_j)$ lies on any of the given walls, print $-1$ in a new line.

-----Input-----
- First line contains $T$, denoting the number of testcases.
- The first line of every test case contains a single integer $N$ denoting the number of walls Dr Doof has built.
- The next line contains $N$ space separated distinct integers each denoting $a_i$.
- The next line contains a single integer $Q$ denoting the number of times Chef asks for your help.
- The next $Q$ lines contains two space separated integers $x_j$ and $y_j$, each denoting the co-ordinates of the starting point of Chef.

-----Output-----
For each query, print the number of walls Chef needs to break in order to reach Dr Doof in a separate line. If Chef tries to start from a point on any of the walls, print $-1$.

-----Constraints-----
- $1 \leq T \leq 2 * 10^2$
- $1 \leq N, Q \leq 2 * 10^5$
- $1 \leq a_i \leq 10^9$
- $0 \leq x_j, y_j \leq 10^9$
- $a_1 < a_2 < a_3 < .... < a_N$
- Sum of $N$ and $Q$ over all testcases for a particular test file does not exceed $2 * 10^5$

-----Sample Input-----
1
2
1 3
5
0 0
2 0
0 4
1 1
1 2

-----Sample Output-----
0
1
2
1
-1

-----Explanation-----
The sample input can be represented by the graph given below:

If Chef starts from $(0, 0)$, he can reach Dr Doof without destroying any wall.

If Chef starts from $(2, 0)$, he has to destroy the $1st$ wall.

If Chef starts from $(0, 4)$, he has to destroy both the walls.

If Chef starts from $(1, 1)$, he has to destroy the $1st$ wall.

As $(1, 2)$ lies on the second wall, the answer is $-1$ for the last query.

The output code needs to read from and write to standard IO


[END PROBLEM]

INFO - [Task id] 970 [prompt] 
## Instructions

Reason through the problem and:
1. Restate the problem in plain English
2. Conceptualize a solution first in plain English
3. Write a pseudocode solution
4. Output the final Python 3 solution with your solution steps in comments.

Make sure to wrap your code in '```python' and '```' Markdown delimiters, 
and include exactly one block of code with the entire solution.

No outside libraries are allowed.
Builtins are allowed.

INFO - [Task id] 970 [prompt] 
Also, here are some of your memories.
Feel free to use the given information to aid your problem solving process if necessary.
Do not confuse the memories with the problem statement.

## Memories

[Past Memory]:

    [Task]:
        Nexus 4.O is going to be organized by ASME, GLA University. Shubhanshu, Head of Finance Team is working for it. He has $N$ number of bills of different values as $a$$1$,$ a$$2$, $a$$3$…$a$$n$.
        He is interested in a game in which one has to do the addition of the bills. But due to privacy concerns, he cannot share the details with others. 
        He can only trust his best friend Avani with such a confidential thing. So, he asked her to play this game.
        Rules of the game :
        - Avani needs to answer $Q$ queries.
        - Every $Q$$i$ query has 2 values $X$$i$ and $Y$$i$.
        - Avani needs to find the sum of the values between $X$$i$ and $Y$$i$ (inclusive).
        So, you need to help Avani in answering the $Q$ queries

        -----Input:-----
        - First line will contain $T$, number of testcases. Then the testcases follow. 
        - The first line of each test case contains the value $N$ and $Q$.
        - The second line of each test case contains the $N$ space-separated values as $a$$1$,$ a$$2$, $a$$3$…$a$$n$.
        - The next line of each test case containing $Q$ query with $X$$i$ and $Y$$i$.

        -----Output:-----
        For each test case, Print the total amount between $X$$i$ and $Y$$i$ for $Q$ number of queries.

        -----Constraints-----
        - $1 \leq T \leq 100$
        - $1 \leq N \leq 10^5$
        - $1 \leq Q \leq 10^5$
        - $1 \leq a$$i$$ \leq 10^9$

        -----Subtasks (25 points) :-----
        - $1 \leq N \leq 10^2$.
        - $1 \leq Q \leq 10^2$.
        - $1 \leq a$$i$$ \leq 10^5$.

        -----Subtasks (25 points) :-----
        - $1 \leq N \leq 10^3$.
        - $1 \leq Q \leq 10^3$.
        - $1 \leq a$$i$$ \leq 10^5$.

        -----Subtasks (50 points) :-----
        - $Original  Constraints$.

        -----Sample Input:-----
        1
        8 3
        1 2 3 4 5 6 7 8
        2 3
        1 6
        5 8

        -----Sample Output:-----
        5
        21
        26

        -----EXPLANATION:-----
        $Q$$1$ : (2,3) 2+3=5
        $Q$$2$ : (1,6) 1+2+3+4+5+6=21
        $Q$$3$ : (5,8) 5+6+7+8=26
    [/Task]

    [Previous Critique]:
        None
    [/Previous Critique]

    [Thought Process and Code]:
        ## Problem Restatement

        We have a series of test cases, each containing a list of bills and a set of queries. For each query, we need to calculate the sum of the bills between two specified indices (inclusive). The task is to efficiently compute these sums for potentially large inputs.

        ## Conceptual Solution

        1. **Input Parsing**: Read the number of test cases. For each test case, read the number of bills and the number of queries. Then, read the list of bills and the queries themselves.

        2. **Prefix Sum Array**: To efficiently compute the sum of any subarray, we can use a prefix sum array. This array will store the cumulative sum of the bills up to each index. This allows us to compute the sum of any subarray in constant time.

        3. **Query Processing**: For each query, use the prefix sum array to calculate the sum of the bills between the given indices.

        4. **Output**: For each query, output the computed sum.

        ## Pseudocode

        ```
        function process_test_case(N, Q, bills, queries):
            # Step 1: Create a prefix sum array
            prefix_sum = array of size N+1 initialized to 0
            for i from 1 to N:
                prefix_sum[i] = prefix_sum[i-1] + bills[i-1]

            # Step 2: Process each query
            results = empty list
            for each query (X, Y) in queries:
                sum_between = prefix_sum[Y] - prefix_sum[X-1]
                append sum_between to results

            return results

        function main():
            read T
            for each test case:
                read N and Q
                read bills
                read queries
                results = process_test_case(N, Q, bills, queries)
                for each result in results:
                    print result
        ```

        ## Final Python Solution

        ```python
        def process_test_case(N, Q, bills, queries):
            # Step 1: Create a prefix sum array
            prefix_sum = [0] * (N + 1)
            for i in range(1, N + 1):
                prefix_sum[i] = prefix_sum[i - 1] + bills[i - 1]

            # Step 2: Process each query
            results = []
            for X, Y in queries:
                sum_between = prefix_sum[Y] - prefix_sum[X - 1]
                results.append(sum_between)

            return results

        def main():
            import sys
            input = sys.stdin.read
            data = input().split()
    
            index = 0
            T = int(data[index])
            index += 1
            results = []
    
            for _ in range(T):
                N = int(data[index])
                Q = int(data[index + 1])
                index += 2
        
                bills = list(map(int, data[index:index + N]))
                index += N
        
                queries = []
                for _ in range(Q):
                    X = int(data[index])
                    Y = int(data[index + 1])
                    index += 2
                    queries.append((X, Y))
        
                results.extend(process_test_case(N, Q, bills, queries))
    
            for result in results:
                print(result)

        if __name__ == "__main__":
            main()
        ```

        ### Explanation

        - **Prefix Sum Array**: This is a common technique to quickly compute the sum of elements in a subarray. By storing cumulative sums, we can compute the sum of any subarray in constant time.
        - **Efficient Query Handling**: Using the prefix sum array, each query is processed in constant time, making the solution efficient even for large inputs.
        - **Input/Output Handling**: The solution reads all input at once for efficiency, especially useful for large input sizes, and processes it using indices.
    [/Thought Process and Code]

    [Environment Feedback]:
        Note: Inputs/outputs here are automatically extracted/truncated so formatting may be a bit off.
        Tests passed:

         Input: ['1', '8 3', '1 2 3 4 5 6 7 8', '2 3', '1 6', '5 8'] Output: 5
        21
        26

        Tests failed:
        None
    [/Environment Feedback]

    [Result]:
        Success
    [/Result]

[/Past Memory]


[Past Memory]:

    [Task]:
        The MarkiT online virtual market startup wants to organize its grand opening in NIT Patna.
        but they want maximum crowd for their inauguration. So the manager told  this  to Praveen a student in NITP who suggested them:
        The first-year students come to campus  every x hour,
        Second-year students come to campus every y hour,
        Third-year students come to campus every z hour and 
        Fourth-year is very busy so they don't come regularly.
        So Praveen being very clever told him the no of times in n days he can have an audience of all year student (1st,2nd & 3rd) at max. So can you code what Praveen has done?

        -----Input:-----
        - First line will contain $T$, number of testcases. Then the testcases follow. 
        - Each testcase contains of a 2 line of input, first line contain one  integers $N$ (No of Days). 
        -Next line contain 3 space separated integer the  value of x y z

        -----Output:-----
        For each testcase, output in a single line answer the no of times audience consists of all year.

        -----Constraints-----
        - $1 \leq T \leq 1000$
        - $1 \leq N \leq 10^8$
        - $1 \leq x,y,z \leq 10^5$

        -----Sample Input:-----
        1
        10
        8 10 6

        -----Sample Output:-----
        2

        -----EXPLANATION:-----
        First favourable condition will come on 5th day and Second on 10th day.
    [/Task]

    [Previous Critique]:
        ### Analysis of the Issue

        The feedback indicates that the code is not producing any output. This suggests that the function `solve()` is not being called, which is a common issue when the function is defined but not executed. In competitive programming or script-based environments, the main function or logic should be executed directly to ensure the program runs as expected.

        ### Steps to Fix the Code

        1. **Ensure Execution**: The `solve()` function should be called at the end of the script to ensure that the logic is executed when the script runs.

        2. **Check Input/Output**: Ensure that the input is read correctly and the output is printed as expected. The current implementation uses `sys.stdin.read()` which is appropriate for reading all input at once in a competitive programming environment.

        3. **Verify Logic**: The logic for calculating the LCM and determining the number of times all groups are on campus together seems correct, but we should ensure that the function is executed to see the results.

        ### Revised Python Code

        ```python
        def gcd(a, b):
            while b:
                a, b = b, a % b
            return a

        def lcm(a, b):
            return a * b // gcd(a, b)

        def lcm_of_three(a, b, c):
            return lcm(lcm(a, b), c)

        def solve():
            import sys
            input = sys.stdin.read
            data = input().split()
    
            index = 0
            T = int(data[index])
            index += 1
            results = []
    
            for _ in range(T):
                N = int(data[index])
                index += 1
                x, y, z = map(int, data[index:index+3])
                index += 3
        
                # Calculate LCM of x, y, z
                lcm_xyz = lcm_of_three(x, y, z)
        
                # Calculate total hours in N days
                total_hours = 24 * N
        
                # Calculate the number of times all groups are on campus together
                count = total_hours // lcm_xyz
        
                results.append(count)
    
            for result in results:
                print(result)

        # Call the solve function to execute the logic
        solve()
        ```

        ### Explanation of Changes

        - **Function Call**: Added a call to `solve()` at the end of the script to ensure that the function is executed when the script runs.
        - **Input/Output Handling**: The input and output handling remains the same, using `sys.stdin.read()` to read all input at once and `print()` to output results.

        This should resolve the issue of no output being detected, as the function will now be executed and produce the expected results.
    [/Previous Critique]

    [Thought Process and Code]:
        ```python
        def gcd(a, b):
            while b:
                a, b = b, a % b
            return a

        def lcm(a, b):
            return a * b // gcd(a, b)

        def lcm_of_three(a, b, c):
            return lcm(lcm(a, b), c)

        def solve():
            import sys
            input = sys.stdin.read
            data = input().split()
    
            index = 0
            T = int(data[index])
            index += 1
            results = []
    
            for _ in range(T):
                N = int(data[index])
                index += 1
                x, y, z = map(int, data[index:index+3])
                index += 3
        
                # Calculate LCM of x, y, z
                lcm_xyz = lcm_of_three(x, y, z)
        
                # Calculate total hours in N days
                total_hours = 24 * N
        
                # Calculate the number of times all groups are on campus together
                count = total_hours // lcm_xyz
        
                results.append(count)
    
            for result in results:
                print(result)

        # Call the solve function to execute the logic
        solve()
        ```
    [/Thought Process and Code]

    [Environment Feedback]:
        Note: Inputs/outputs here are automatically extracted/truncated so formatting may be a bit off.
        Tests passed:

         Input: ['1', '10', '8 10 6'] Output: 2

        Tests failed:
        None
    [/Environment Feedback]

    [Result]:
        Success
    [/Result]

[/Past Memory]


INFO - [Task id] 970 [generation text] ## Problem Restatement

We need to help Chef reach Dr. Doof by determining how many walls Chef needs to break through. The area is represented as the first quadrant of a coordinate system, with Dr. Doof located at the origin (0, 0). There are N walls, each represented by a line segment from (a_i, 0) to (0, a_i). For each starting position of Chef (x_j, y_j), we need to determine how many walls Chef must break through to reach the origin. If Chef starts on a wall, we should return -1.

## Conceptual Solution

1. **Wall Representation**: Each wall is represented by the line x + y = a_i. If a point (x_j, y_j) satisfies this equation for any a_i, it lies on the wall.

2. **Determine Walls to Break**:
   - For each query point (x_j, y_j), check if it lies on any wall. If it does, return -1.
   - If not, count how many walls Chef needs to break through. This is equivalent to counting how many a_i are greater than x_j + y_j.

3. **Efficient Search**: Since the a_i values are sorted, we can use binary search to efficiently determine how many walls Chef needs to break.

## Pseudocode

```
function process_test_case(N, walls, Q, queries):
    results = []
    for each query (x_j, y_j):
        sum_xy = x_j + y_j
        if sum_xy is in walls:
            results.append(-1)
        else:
            # Use binary search to find the number of walls to break
            count = number of walls with a_i > sum_xy
            results.append(count)
    return results

function main():
    read T
    for each test case:
        read N
        read walls (sorted list of a_i)
        read Q
        read queries
        results = process_test_case(N, walls, Q, queries)
        for each result in results:
            print result
```

## Final Python Solution

```python
def process_test_case(N, walls, Q, queries):
    results = []
    for x_j, y_j in queries:
        sum_xy = x_j + y_j
        if sum_xy in walls:
            results.append(-1)
        else:
            # Binary search to find the number of walls with a_i > sum_xy
            left, right = 0, N
            while left < right:
                mid = (left + right) // 2
                if walls[mid] > sum_xy:
                    right = mid
                else:
                    left = mid + 1
            results.append(N - left)
    return results

def main():
    import sys
    input = sys.stdin.read
    data = input().split()
    
    index = 0
    T = int(data[index])
    index += 1
    results = []
    
    for _ in range(T):
        N = int(data[index])
        index += 1
        walls = list(map(int, data[index:index + N]))
        index += N
        
        Q = int(data[index])
        index += 1
        queries = []
        for _ in range(Q):
            x_j = int(data[index])
            y_j = int(data[index + 1])
            index += 2
            queries.append((x_j, y_j))
        
        results.extend(process_test_case(N, walls, Q, queries))
    
    for result in results:
        print(result)

if __name__ == "__main__":
    main()
```

### Explanation

- **Binary Search**: We use binary search to efficiently determine how many walls Chef needs to break. This is done by finding the first wall with a_i greater than x_j + y_j.
- **Edge Case Handling**: If Chef starts on a wall, we immediately return -1.
- **Efficiency**: The use of binary search ensures that our solution is efficient even for large inputs, adhering to the constraints.
INFO - program_code:
 
def process_test_case(N, walls, Q, queries):
    results = []
    for x_j, y_j in queries:
        sum_xy = x_j + y_j
        if sum_xy in walls:
            results.append(-1)
        else:
            # Binary search to find the number of walls with a_i > sum_xy
            left, right = 0, N
            while left < right:
                mid = (left + right) // 2
                if walls[mid] > sum_xy:
                    right = mid
                else:
                    left = mid + 1
            results.append(N - left)
    return results

def main():
    import sys
    input = sys.stdin.read
    data = input().split()
    
    index = 0
    T = int(data[index])
    index += 1
    results = []
    
    for _ in range(T):
        N = int(data[index])
        index += 1
        walls = list(map(int, data[index:index + N]))
        index += N
        
        Q = int(data[index])
        index += 1
        queries = []
        for _ in range(Q):
            x_j = int(data[index])
            y_j = int(data[index + 1])
            index += 2
            queries.append((x_j, y_j))
        
        results.extend(process_test_case(N, walls, Q, queries))
    
    for result in results:
        print(result)

if __name__ == "__main__":
    main()


INFO - program_name:
 main

INFO - dependencies:
 []

INFO - raw_msg:
 ## Problem Restatement

We need to help Chef reach Dr. Doof by determining how many walls Chef needs to break through. The area is represented as the first quadrant of a coordinate system, with Dr. Doof located at the origin (0, 0). There are N walls, each represented by a line segment from (a_i, 0) to (0, a_i). For each starting position of Chef (x_j, y_j), we need to determine how many walls Chef must break through to reach the origin. If Chef starts on a wall, we should return -1.

## Conceptual Solution

1. **Wall Representation**: Each wall is represented by the line x + y = a_i. If a point (x_j, y_j) satisfies this equation for any a_i, it lies on the wall.

2. **Determine Walls to Break**:
   - For each query point (x_j, y_j), check if it lies on any wall. If it does, return -1.
   - If not, count how many walls Chef needs to break through. This is equivalent to counting how many a_i are greater than x_j + y_j.

3. **Efficient Search**: Since the a_i values are sorted, we can use binary search to efficiently determine how many walls Chef needs to break.

## Pseudocode

```
function process_test_case(N, walls, Q, queries):
    results = []
    for each query (x_j, y_j):
        sum_xy = x_j + y_j
        if sum_xy is in walls:
            results.append(-1)
        else:
            # Use binary search to find the number of walls to break
            count = number of walls with a_i > sum_xy
            results.append(count)
    return results

function main():
    read T
    for each test case:
        read N
        read walls (sorted list of a_i)
        read Q
        read queries
        results = process_test_case(N, walls, Q, queries)
        for each result in results:
            print result
```

## Final Python Solution

```python
def process_test_case(N, walls, Q, queries):
    results = []
    for x_j, y_j in queries:
        sum_xy = x_j + y_j
        if sum_xy in walls:
            results.append(-1)
        else:
            # Binary search to find the number of walls with a_i > sum_xy
            left, right = 0, N
            while left < right:
                mid = (left + right) // 2
                if walls[mid] > sum_xy:
                    right = mid
                else:
                    left = mid + 1
            results.append(N - left)
    return results

def main():
    import sys
    input = sys.stdin.read
    data = input().split()
    
    index = 0
    T = int(data[index])
    index += 1
    results = []
    
    for _ in range(T):
        N = int(data[index])
        index += 1
        walls = list(map(int, data[index:index + N]))
        index += N
        
        Q = int(data[index])
        index += 1
        queries = []
        for _ in range(Q):
            x_j = int(data[index])
            y_j = int(data[index + 1])
            index += 2
            queries.append((x_j, y_j))
        
        results.extend(process_test_case(N, walls, Q, queries))
    
    for result in results:
        print(result)

if __name__ == "__main__":
    main()
```

### Explanation

- **Binary Search**: We use binary search to efficiently determine how many walls Chef needs to break. This is done by finding the first wall with a_i greater than x_j + y_j.
- **Edge Case Handling**: If Chef starts on a wall, we immediately return -1.
- **Efficiency**: The use of binary search ensures that our solution is efficient even for large inputs, adhering to the constraints.

INFO - no_parent:
 False

INFO - full code to be executed: 
 
def process_test_case(N, walls, Q, queries):
    results = []
    for x_j, y_j in queries:
        sum_xy = x_j + y_j
        if sum_xy in walls:
            results.append(-1)
        else:
            # Binary search to find the number of walls with a_i > sum_xy
            left, right = 0, N
            while left < right:
                mid = (left + right) // 2
                if walls[mid] > sum_xy:
                    right = mid
                else:
                    left = mid + 1
            results.append(N - left)
    return results

def main():
    import sys
    input = sys.stdin.read
    data = input().split()
    
    index = 0
    T = int(data[index])
    index += 1
    results = []
    
    for _ in range(T):
        N = int(data[index])
        index += 1
        walls = list(map(int, data[index:index + N]))
        index += N
        
        Q = int(data[index])
        index += 1
        queries = []
        for _ in range(Q):
            x_j = int(data[index])
            y_j = int(data[index + 1])
            index += 2
            queries.append((x_j, y_j))
        
        results.extend(process_test_case(N, walls, Q, queries))
    
    for result in results:
        print(result)

if __name__ == "__main__":
    main()


INFO - obs: Note: Inputs/outputs here are automatically extracted/truncated so formatting may be a bit off.
Tests passed:

 Input: ['1', '2', '1 3', '5', '0 0', '2 0', '0 4', '1 1', '1 2'] Output: [{'0'}, {'1'}, {'2'}, {'1'}, {'-1'}]

Tests failed:
None
reward: True
done: None
info: {'individual_results': [True]}
INFO - Updated entry: 
[Task]:
    You may have helped Chef and prevented Doof from destroying the even numbers. But, it has only angered Dr Doof even further. However, for his next plan, he needs some time. Therefore, Doof has built $N$ walls to prevent Chef from interrupting him. You have to help Chef by telling him...,

INFO - Metadata: {
    "raw_msg": "## Problem Restatement\n\nWe need to help Chef reach Dr. Doof by determining how many walls Chef needs to break through. The area is represented as the first quadrant of a coordinate system, with Dr. Doof located at the origin (0, 0). There are N walls, each represented by a lin...

INFO - LM call n parse attempt 1 / 3

INFO - [Task id] 970 [prompt] 
You are an expert programmer tasked with solving the problem below.

Follow the user's instructions to solve the problem.
The user can ask for analysis, code, or both.

## Instructions
When asked to output code,
- Make sure to wrap your code in '```python' and '```' Markdown delimiters, 
- include exactly one block of code with the entire solution
- No outside libraries are allowed. 
- Builtins are allowed.
- If the task specifies a function name to be used, follow it strictly (be case sensitive!) and declare the that function last (helper functions are declared first).
- DO NOT write any assert statements / tests.

## Problem
[BEGIN PROBLEM]
You may have helped Chef and prevented Doof from destroying the even numbers. But, it has only angered Dr Doof even further. However, for his next plan, he needs some time. Therefore, Doof has built $N$ walls to prevent Chef from interrupting him. You have to help Chef by telling him the number of walls he needs to destroy in order to reach Dr Doof.
Formally, the whole area can be represented as the first quadrant with the origin at the bottom-left corner. Dr. Doof is located at the origin $(0, 0)$. There are $N$ walls, the i-th wall is a straight line segment joining the points $(a_i, 0)$ and $(0, a_i)$. For every initial position of Chef $(x_j, y_j)$, find the number of walls he needs to break before reaching Doof. Obviously, chef can't start from a point on the wall. Therefore, if $(x_j, y_j)$ lies on any of the given walls, print $-1$ in a new line.

-----Input-----
- First line contains $T$, denoting the number of testcases.
- The first line of every test case contains a single integer $N$ denoting the number of walls Dr Doof has built.
- The next line contains $N$ space separated distinct integers each denoting $a_i$.
- The next line contains a single integer $Q$ denoting the number of times Chef asks for your help.
- The next $Q$ lines contains two space separated integers $x_j$ and $y_j$, each denoting the co-ordinates of the starting point of Chef.

-----Output-----
For each query, print the number of walls Chef needs to break in order to reach Dr Doof in a separate line. If Chef tries to start from a point on any of the walls, print $-1$.

-----Constraints-----
- $1 \leq T \leq 2 * 10^2$
- $1 \leq N, Q \leq 2 * 10^5$
- $1 \leq a_i \leq 10^9$
- $0 \leq x_j, y_j \leq 10^9$
- $a_1 < a_2 < a_3 < .... < a_N$
- Sum of $N$ and $Q$ over all testcases for a particular test file does not exceed $2 * 10^5$

-----Sample Input-----
1
2
1 3
5
0 0
2 0
0 4
1 1
1 2

-----Sample Output-----
0
1
2
1
-1

-----Explanation-----
The sample input can be represented by the graph given below:

If Chef starts from $(0, 0)$, he can reach Dr Doof without destroying any wall.

If Chef starts from $(2, 0)$, he has to destroy the $1st$ wall.

If Chef starts from $(0, 4)$, he has to destroy both the walls.

If Chef starts from $(1, 1)$, he has to destroy the $1st$ wall.

As $(1, 2)$ lies on the second wall, the answer is $-1$ for the last query.

The output code needs to read from and write to standard IO


[END PROBLEM]

INFO - [Task id] 970 [prompt] 
## Instructions

Reason through the problem and:
1. Restate the problem in plain English
2. Conceptualize a solution first in plain English
3. Write a pseudocode solution
4. Output the final Python 3 solution with your solution steps in comments.

Make sure to wrap your code in '```python' and '```' Markdown delimiters, 
and include exactly one block of code with the entire solution.

No outside libraries are allowed.
Builtins are allowed.

INFO - [Task id] 970 [prompt] ## Problem Restatement

We need to help Chef reach Dr. Doof by determining how many walls Chef needs to break through. The area is represented as the first quadrant of a coordinate system, with Dr. Doof located at the origin (0, 0). There are N walls, each represented by a line segment from (a_i, 0) to (0, a_i). For each starting position of Chef (x_j, y_j), we need to determine how many walls Chef must break through to reach the origin. If Chef starts on a wall, we should return -1.

## Conceptual Solution

1. **Wall Representation**: Each wall is represented by the line x + y = a_i. If a point (x_j, y_j) satisfies this equation for any a_i, it lies on the wall.

2. **Determine Walls to Break**:
   - For each query point (x_j, y_j), check if it lies on any wall. If it does, return -1.
   - If not, count how many walls Chef needs to break through. This is equivalent to counting how many a_i are greater than x_j + y_j.

3. **Efficient Search**: Since the a_i values are sorted, we can use binary search to efficiently determine how many walls Chef needs to break.

## Pseudocode

```
function process_test_case(N, walls, Q, queries):
    results = []
    for each query (x_j, y_j):
        sum_xy = x_j + y_j
        if sum_xy is in walls:
            results.append(-1)
        else:
            # Use binary search to find the number of walls to break
            count = number of walls with a_i > sum_xy
            results.append(count)
    return results

function main():
    read T
    for each test case:
        read N
        read walls (sorted list of a_i)
        read Q
        read queries
        results = process_test_case(N, walls, Q, queries)
        for each result in results:
            print result
```

## Final Python Solution

```python
def process_test_case(N, walls, Q, queries):
    results = []
    for x_j, y_j in queries:
        sum_xy = x_j + y_j
        if sum_xy in walls:
            results.append(-1)
        else:
            # Binary search to find the number of walls with a_i > sum_xy
            left, right = 0, N
            while left < right:
                mid = (left + right) // 2
                if walls[mid] > sum_xy:
                    right = mid
                else:
                    left = mid + 1
            results.append(N - left)
    return results

def main():
    import sys
    input = sys.stdin.read
    data = input().split()
    
    index = 0
    T = int(data[index])
    index += 1
    results = []
    
    for _ in range(T):
        N = int(data[index])
        index += 1
        walls = list(map(int, data[index:index + N]))
        index += N
        
        Q = int(data[index])
        index += 1
        queries = []
        for _ in range(Q):
            x_j = int(data[index])
            y_j = int(data[index + 1])
            index += 2
            queries.append((x_j, y_j))
        
        results.extend(process_test_case(N, walls, Q, queries))
    
    for result in results:
        print(result)

if __name__ == "__main__":
    main()
```

### Explanation

- **Binary Search**: We use binary search to efficiently determine how many walls Chef needs to break. This is done by finding the first wall with a_i greater than x_j + y_j.
- **Edge Case Handling**: If Chef starts on a wall, we immediately return -1.
- **Efficiency**: The use of binary search ensures that our solution is efficient even for large inputs, adhering to the constraints.
INFO - [Task id] 970 [prompt] 
[Environment Feedback]:
    Note: Inputs/outputs here are automatically extracted/truncated so formatting may be a bit off.
    Tests passed:

     Input: ['1', '2', '1 3', '5', '0 0', '2 0', '0 4', '1 1', '1 2'] Output: [{'0'}, {'1'}, {'2'}, {'1'}, {'-1'}]

    Tests failed:
    None
[/Environment Feedback]

INFO - [Task id] 970 [prompt] 
## Instructions
Now, summarize your attempts as a **standalone** document for your own future reference. (can skip formalities, be concise)

- Only include the most relevant information and code snippets that could be useful in the future.
- If you did not learn much from the current experience (e.g. the problem was too easy), feel free to write less or nothing at all.
- Here are some ideas if the experience was useful:
    - Identifying the core concepts and patterns that problem appears to test for
    - Describing the strategies that seemed to work but did not, and vice versa
    - Describing unexpected errors and how they were fixed

Your summary should be at most a few paragraphs.

INFO - [Task id] 970 [generation text] In this problem, the core concept was to determine how many walls Chef needs to break through to reach the origin, given a set of walls represented by line segments in the first quadrant. The key challenge was efficiently determining the number of walls that intersect the path from a given starting point to the origin.

The main strategy involved using the properties of the walls, which are defined by the equation x + y = a_i. By checking if a starting point (x_j, y_j) lies on any wall, we could immediately return -1. Otherwise, the task was to count how many walls have a_i greater than the sum x_j + y_j. Given that the wall positions (a_i) are sorted, binary search was an effective method to quickly find the number of walls Chef needs to break.

The solution was efficient due to the use of binary search, which reduced the complexity of determining the number of walls to break from linear to logarithmic time. This was crucial given the constraints, where the sum of N and Q could be as large as 200,000. The implementation was straightforward once the problem was broken down into these logical steps, and the solution passed all test cases without any issues.
INFO - LM call n parse attempt 1 / 3

INFO - [Task id] 970 [prompt] 
You are an expert programmer tasked with solving the problem below.

Follow the user's instructions to solve the problem.
The user can ask for analysis, code, or both.

## Instructions
When asked to output code,
- Make sure to wrap your code in '```python' and '```' Markdown delimiters, 
- include exactly one block of code with the entire solution
- No outside libraries are allowed. 
- Builtins are allowed.
- If the task specifies a function name to be used, follow it strictly (be case sensitive!) and declare the that function last (helper functions are declared first).
- DO NOT write any assert statements / tests.

## Problem
[BEGIN PROBLEM]
You may have helped Chef and prevented Doof from destroying the even numbers. But, it has only angered Dr Doof even further. However, for his next plan, he needs some time. Therefore, Doof has built $N$ walls to prevent Chef from interrupting him. You have to help Chef by telling him the number of walls he needs to destroy in order to reach Dr Doof.
Formally, the whole area can be represented as the first quadrant with the origin at the bottom-left corner. Dr. Doof is located at the origin $(0, 0)$. There are $N$ walls, the i-th wall is a straight line segment joining the points $(a_i, 0)$ and $(0, a_i)$. For every initial position of Chef $(x_j, y_j)$, find the number of walls he needs to break before reaching Doof. Obviously, chef can't start from a point on the wall. Therefore, if $(x_j, y_j)$ lies on any of the given walls, print $-1$ in a new line.

-----Input-----
- First line contains $T$, denoting the number of testcases.
- The first line of every test case contains a single integer $N$ denoting the number of walls Dr Doof has built.
- The next line contains $N$ space separated distinct integers each denoting $a_i$.
- The next line contains a single integer $Q$ denoting the number of times Chef asks for your help.
- The next $Q$ lines contains two space separated integers $x_j$ and $y_j$, each denoting the co-ordinates of the starting point of Chef.

-----Output-----
For each query, print the number of walls Chef needs to break in order to reach Dr Doof in a separate line. If Chef tries to start from a point on any of the walls, print $-1$.

-----Constraints-----
- $1 \leq T \leq 2 * 10^2$
- $1 \leq N, Q \leq 2 * 10^5$
- $1 \leq a_i \leq 10^9$
- $0 \leq x_j, y_j \leq 10^9$
- $a_1 < a_2 < a_3 < .... < a_N$
- Sum of $N$ and $Q$ over all testcases for a particular test file does not exceed $2 * 10^5$

-----Sample Input-----
1
2
1 3
5
0 0
2 0
0 4
1 1
1 2

-----Sample Output-----
0
1
2
1
-1

-----Explanation-----
The sample input can be represented by the graph given below:

If Chef starts from $(0, 0)$, he can reach Dr Doof without destroying any wall.

If Chef starts from $(2, 0)$, he has to destroy the $1st$ wall.

If Chef starts from $(0, 4)$, he has to destroy both the walls.

If Chef starts from $(1, 1)$, he has to destroy the $1st$ wall.

As $(1, 2)$ lies on the second wall, the answer is $-1$ for the last query.

The output code needs to read from and write to standard IO


[END PROBLEM]

INFO - [Task id] 970 [prompt] 
## Instructions

Reason through the problem and:
1. Restate the problem in plain English
2. Conceptualize a solution first in plain English
3. Write a pseudocode solution
4. Output the final Python 3 solution with your solution steps in comments.

Make sure to wrap your code in '```python' and '```' Markdown delimiters, 
and include exactly one block of code with the entire solution.

No outside libraries are allowed.
Builtins are allowed.

INFO - [Task id] 970 [prompt] ## Problem Restatement

We need to help Chef reach Dr. Doof by determining how many walls Chef needs to break through. The area is represented as the first quadrant of a coordinate system, with Dr. Doof located at the origin (0, 0). There are N walls, each represented by a line segment from (a_i, 0) to (0, a_i). For each starting position of Chef (x_j, y_j), we need to determine how many walls Chef must break through to reach the origin. If Chef starts on a wall, we should return -1.

## Conceptual Solution

1. **Wall Representation**: Each wall is represented by the line x + y = a_i. If a point (x_j, y_j) satisfies this equation for any a_i, it lies on the wall.

2. **Determine Walls to Break**:
   - For each query point (x_j, y_j), check if it lies on any wall. If it does, return -1.
   - If not, count how many walls Chef needs to break through. This is equivalent to counting how many a_i are greater than x_j + y_j.

3. **Efficient Search**: Since the a_i values are sorted, we can use binary search to efficiently determine how many walls Chef needs to break.

## Pseudocode

```
function process_test_case(N, walls, Q, queries):
    results = []
    for each query (x_j, y_j):
        sum_xy = x_j + y_j
        if sum_xy is in walls:
            results.append(-1)
        else:
            # Use binary search to find the number of walls to break
            count = number of walls with a_i > sum_xy
            results.append(count)
    return results

function main():
    read T
    for each test case:
        read N
        read walls (sorted list of a_i)
        read Q
        read queries
        results = process_test_case(N, walls, Q, queries)
        for each result in results:
            print result
```

## Final Python Solution

```python
def process_test_case(N, walls, Q, queries):
    results = []
    for x_j, y_j in queries:
        sum_xy = x_j + y_j
        if sum_xy in walls:
            results.append(-1)
        else:
            # Binary search to find the number of walls with a_i > sum_xy
            left, right = 0, N
            while left < right:
                mid = (left + right) // 2
                if walls[mid] > sum_xy:
                    right = mid
                else:
                    left = mid + 1
            results.append(N - left)
    return results

def main():
    import sys
    input = sys.stdin.read
    data = input().split()
    
    index = 0
    T = int(data[index])
    index += 1
    results = []
    
    for _ in range(T):
        N = int(data[index])
        index += 1
        walls = list(map(int, data[index:index + N]))
        index += N
        
        Q = int(data[index])
        index += 1
        queries = []
        for _ in range(Q):
            x_j = int(data[index])
            y_j = int(data[index + 1])
            index += 2
            queries.append((x_j, y_j))
        
        results.extend(process_test_case(N, walls, Q, queries))
    
    for result in results:
        print(result)

if __name__ == "__main__":
    main()
```

### Explanation

- **Binary Search**: We use binary search to efficiently determine how many walls Chef needs to break. This is done by finding the first wall with a_i greater than x_j + y_j.
- **Edge Case Handling**: If Chef starts on a wall, we immediately return -1.
- **Efficiency**: The use of binary search ensures that our solution is efficient even for large inputs, adhering to the constraints.
INFO - [Task id] 970 [prompt] 
[Environment Feedback]:
    Note: Inputs/outputs here are automatically extracted/truncated so formatting may be a bit off.
    Tests passed:

     Input: ['1', '2', '1 3', '5', '0 0', '2 0', '0 4', '1 1', '1 2'] Output: [{'0'}, {'1'}, {'2'}, {'1'}, {'-1'}]

    Tests failed:
    None
[/Environment Feedback]

INFO - [Task id] 970 [prompt] 
Below is the official solution (do exercise discretion as official solutions can also have mistakes).

You will be reflecting on your attempts to solve the problem.
This will be a **standalone** document for your own future reference. (can skip formalities, be concise)

## Instructions
- Only include the most relevant insights and code snippets that could be useful in the future.
- If you did not learn much from the current experience (e.g. the problem was too easy / official solution was obvious), feel free to write less or nothing at all.
- Here are some ideas if the experience was useful:
    - If the official solution is insightful (e.g. better than yours in time and space complexity or more effective in breaking down the problem statement), distil the key approach of the official solution, step by step.
    - If your approach failed the test cases, reason why the official solution works but yours does not

Your reflection should be at most a few paragraphs.

## Official solution
def posSearch(arr, num):
 l = 0
 r = len(arr)
 if num < arr[l]:
  return 0
 elif num > arr[r-1]:
  return r
 while l < r:
  m = (l+r)//2
  if arr[m] == num:
   return -1
  if arr[m] < num < arr[m+1]:
   return m+1
  if arr[m] > num:
   r = m
  elif arr[m] < num:
   l = m+1 
 
for _ in range(int(input())):
 n = int(input())
 narr = list(map(int, input().split()))
 q = int(input())
 for i in range(q):
  x, y = list(map(int, input().split()))
  a = x+y
  j = posSearch(narr, a)
  print(j)
   


INFO - [Task id] 970 [generation text] In this problem, both my solution and the official solution employ a binary search strategy to efficiently determine how many walls Chef needs to break through. The key insight is that the walls are represented by sorted values, allowing us to leverage binary search for quick lookups.

### Key Insights:

1. **Binary Search Utilization**: Both solutions use binary search to find the position where the sum of the coordinates `(x_j + y_j)` would fit in the sorted list of wall endpoints. This allows us to determine how many walls have endpoints greater than this sum, which corresponds to the number of walls Chef needs to break.

2. **Handling Edge Cases**: Both solutions check if the starting point lies exactly on a wall by checking if the sum `(x_j + y_j)` matches any wall endpoint. If it does, the result is `-1`.

3. **Efficiency**: The use of binary search ensures that the solution is efficient, with a time complexity of O(log N) for each query, which is crucial given the constraints.

### Differences:

- **Function Structure**: The official solution uses a helper function `posSearch` to encapsulate the binary search logic, which is a clean way to separate concerns and improve readability.

- **Edge Case Handling**: The official solution explicitly checks if the sum is less than the smallest wall or greater than the largest wall before performing the binary search, which can slightly optimize the process by avoiding unnecessary search steps.

### Reflection:

The problem was a good exercise in applying binary search to a real-world problem. The official solution's use of a dedicated function for the binary search logic is a good practice for code organization and reusability. This experience reinforces the importance of understanding the problem constraints and leveraging data properties (like sorted order) to optimize the solution.
INFO - Updated entry: In this problem, the core concept was to determine how many walls Chef needs to break through to reach the origin, given a set of walls represented by line segments in the first quadrant. The key challenge was efficiently determining the number of walls that intersect the path from a given starti...,

INFO - Metadata: {
    "task_id": 970
}

INFO - Updated entry: In this problem, both my solution and the official solution employ a binary search strategy to efficiently determine how many walls Chef needs to break through. The key insight is that the walls are represented by sorted values, allowing us to leverage binary search for quick lookups.

### Key In...,

INFO - Metadata: {
    "task_id": 970
}

INFO - LM call n parse attempt 1 / 3

INFO - [Task id] 970 [prompt] 
You are a helpful assistant that writes a description of the given function written in the Python programming language.

1) Do not mention the function name.
2) Do not mention anything about helper functions.
3) There might be some helper functions before the main function, but you only need to describe the main function.
4) Try to summarize the function in no more than 6 sentences.
5) Your response should be a single line of text.

INFO - [Task id] 970 [prompt] 
def process_test_case(N, walls, Q, queries):
    results = []
    for x_j, y_j in queries:
        sum_xy = x_j + y_j
        if sum_xy in walls:
            results.append(-1)
        else:
            # Binary search to find the number of walls with a_i > sum_xy
            left, right = 0, N
            while left < right:
                mid = (left + right) // 2
                if walls[mid] > sum_xy:
                    right = mid
                else:
                    left = mid + 1
            results.append(N - left)
    return results

def main():
    import sys
    input = sys.stdin.read
    data = input().split()
    
    index = 0
    T = int(data[index])
    index += 1
    results = []
    
    for _ in range(T):
        N = int(data[index])
        index += 1
        walls = list(map(int, data[index:index + N]))
        index += N
        
        Q = int(data[index])
        index += 1
        queries = []
        for _ in range(Q):
            x_j = int(data[index])
            y_j = int(data[index + 1])
            index += 2
            queries.append((x_j, y_j))
        
        results.extend(process_test_case(N, walls, Q, queries))
    
    for result in results:
        print(result)

if __name__ == "__main__":
    main()


The main function is `main`.
INFO - [Task id] 970 [generation text] The function reads input data from standard input, which includes multiple test cases. For each test case, it reads the number of walls and their heights, followed by a number of queries. Each query consists of two integers, and the function calculates their sum. It checks if this sum is present in the list of wall heights; if so, it appends -1 to the results. Otherwise, it performs a binary search to count how many wall heights are greater than the sum and appends this count to the results. Finally, it prints all the results for each query in all test cases.
INFO - LM call n parse attempt 1 / 3

INFO - [Task id] 970 [prompt] 
You are a helpful assistant that extracts important information from problems and solutions to aid in searchability and education.

## Instructions
- Read through the problem and solution carefully.
- Reason out, step by step, in what scenarios this knowledge would be useful.
- Focus on general patterns and situations to help connect this knowledge to new situations.
- Then, include a list of keywords that are useful for searching this problem/solution pair.

## Response format
Respond in JSON, and follow the keys and expected format of the values strictly.

The output should be formatted as a JSON instance that conforms to the JSON schema below.

As an example, for the schema {"properties": {"foo": {"title": "Foo", "description": "a list of strings", "type": "array", "items": {"type": "string"}}}, "required": ["foo"]}
the object {"foo": ["bar", "baz"]} is a well-formatted instance of the schema. The object {"properties": {"foo": ["bar", "baz"]}} is not well-formatted.

Here is the output schema:
```
{"properties": {"scenarios": {"description": "In what scenarios will this knowledge be useful? Answer in a paragraph.", "title": "Scenarios", "type": "string"}, "keywords": {"description": "List of keywords that are useful for searching this problem/solution pair", "items": {"type": "string"}, "title": "Keywords", "type": "array"}}, "required": ["scenarios", "keywords"]}
```

INFO - [Task id] 970 [prompt] 
[Problem]
    You may have helped Chef and prevented Doof from destroying the even numbers. But, it has only angered Dr Doof even further. However, for his next plan, he needs some time. Therefore, Doof has built $N$ walls to prevent Chef from interrupting him. You have to help Chef by telling him the number of walls he needs to destroy in order to reach Dr Doof.
    Formally, the whole area can be represented as the first quadrant with the origin at the bottom-left corner. Dr. Doof is located at the origin $(0, 0)$. There are $N$ walls, the i-th wall is a straight line segment joining the points $(a_i, 0)$ and $(0, a_i)$. For every initial position of Chef $(x_j, y_j)$, find the number of walls he needs to break before reaching Doof. Obviously, chef can't start from a point on the wall. Therefore, if $(x_j, y_j)$ lies on any of the given walls, print $-1$ in a new line.

    -----Input-----
    - First line contains $T$, denoting the number of testcases.
    - The first line of every test case contains a single integer $N$ denoting the number of walls Dr Doof has built.
    - The next line contains $N$ space separated distinct integers each denoting $a_i$.
    - The next line contains a single integer $Q$ denoting the number of times Chef asks for your help.
    - The next $Q$ lines contains two space separated integers $x_j$ and $y_j$, each denoting the co-ordinates of the starting point of Chef.

    -----Output-----
    For each query, print the number of walls Chef needs to break in order to reach Dr Doof in a separate line. If Chef tries to start from a point on any of the walls, print $-1$.

    -----Constraints-----
    - $1 \leq T \leq 2 * 10^2$
    - $1 \leq N, Q \leq 2 * 10^5$
    - $1 \leq a_i \leq 10^9$
    - $0 \leq x_j, y_j \leq 10^9$
    - $a_1 < a_2 < a_3 < .... < a_N$
    - Sum of $N$ and $Q$ over all testcases for a particular test file does not exceed $2 * 10^5$

    -----Sample Input-----
    1
    2
    1 3
    5
    0 0
    2 0
    0 4
    1 1
    1 2

    -----Sample Output-----
    0
    1
    2
    1
    -1

    -----Explanation-----
    The sample input can be represented by the graph given below:

    If Chef starts from $(0, 0)$, he can reach Dr Doof without destroying any wall.

    If Chef starts from $(2, 0)$, he has to destroy the $1st$ wall.

    If Chef starts from $(0, 4)$, he has to destroy both the walls.

    If Chef starts from $(1, 1)$, he has to destroy the $1st$ wall.

    As $(1, 2)$ lies on the second wall, the answer is $-1$ for the last query.
[/Problem]

[Solution]

    def process_test_case(N, walls, Q, queries):
        results = []
        for x_j, y_j in queries:
            sum_xy = x_j + y_j
            if sum_xy in walls:
                results.append(-1)
            else:
                # Binary search to find the number of walls with a_i > sum_xy
                left, right = 0, N
                while left < right:
                    mid = (left + right) // 2
                    if walls[mid] > sum_xy:
                        right = mid
                    else:
                        left = mid + 1
                results.append(N - left)
        return results

    def main():
        import sys
        input = sys.stdin.read
        data = input().split()
    
        index = 0
        T = int(data[index])
        index += 1
        results = []
    
        for _ in range(T):
            N = int(data[index])
            index += 1
            walls = list(map(int, data[index:index + N]))
            index += N
        
            Q = int(data[index])
            index += 1
            queries = []
            for _ in range(Q):
                x_j = int(data[index])
                y_j = int(data[index + 1])
                index += 2
                queries.append((x_j, y_j))
        
            results.extend(process_test_case(N, walls, Q, queries))
    
        for result in results:
            print(result)

    if __name__ == "__main__":
        main()

[/Solution]

INFO - [Task id] 970 [generation text] 
INFO - {
    "scenarios": "This knowledge is useful in scenarios where you need to determine the number of obstacles (represented as line segments) that need to be bypassed to reach a target point from a given starting point. This is particularly relevant in computational geometry problems where you need to check if a point lies on a line segment and count how many segments are crossed by a path. The use of binary search to efficiently count the number of segments that need to be crossed is a key technique when dealing with sorted data, making it applicable in optimization problems where performance is critical due to large input sizes.",
    "keywords": [
        "computational geometry",
        "binary search",
        "line segments",
        "obstacle counting",
        "pathfinding",
        "point on line",
        "efficient search",
        "sorted data",
        "optimization",
        "large input handling"
    ]
}
INFO - {
    "scenarios": "This knowledge is useful in scenarios where you need to determine the number of obstacles (represented as line segments) that need to be bypassed to reach a target point from a given starting point. This is particularly relevant in computational geometry problems where you need to check if a point lies on a line segment and count how many segments are crossed by a path. The use of binary search to efficiently count the number of segments that need to be crossed is a key technique when dealing with sorted data, making it applicable in optimization problems where performance is critical due to large input sizes.",
    "keywords": [
        "computational geometry",
        "binary search",
        "line segments",
        "obstacle counting",
        "pathfinding",
        "point on line",
        "efficient search",
        "sorted data",
        "optimization",
        "large input handling"
    ]
}
INFO - Updated entry: 
[description for function: main]
The function reads input data from standard input, which includes multiple test cases. For each test case, it reads the number of walls and their heights, followed by a number of queries. Each query consists of two integers, and the function calculates their sum....,

INFO - Metadata: {
    "task": 970,
    "code": "\ndef process_test_case(N, walls, Q, queries):\n    results = []\n    for x_j, y_j in queries:\n        sum_xy = x_j + y_j\n        if sum_xy in walls:\n            results.append(-1)\n        else:\n            # Binary search to find the number of walls with a_i ...

