INFO - DB skill doc count: 0

INFO - DB non_func doc count: 15

INFO - DB semantic doc count: 429

INFO - DB summaries doc count: 18

INFO - DB reflections doc count: 18

INFO - DB episodic doc count: 30

INFO - [train iter]: 18/100 

INFO - The task prompt is We have an array A of non-negative integers.
For every (contiguous) subarray B = [A[i], A[i+1], ..., A[j]] (with i <= j), we take the bitwise OR of all the elements in B, obtaining a result A[i] | A[i+1] | ... | A[j].
Return the number of possible results.  (Results that occur more than once are ...

INFO - Attempting task_id 217
INFO - LM call n parse attempt 1 / 3

INFO - [Task id] 217 [prompt] 
You are an expert programmer tasked with solving the problem below.

Follow the user's instructions to solve the problem.
The user can ask for analysis, code, or both.

## Instructions
When asked to output code,
- Make sure to wrap your code in '```python' and '```' Markdown delimiters, 
- include exactly one block of code with the entire solution
- No outside libraries are allowed. 
- Builtins are allowed.
- If the task specifies a function name to be used, follow it strictly (be case sensitive!) and declare the that function last (helper functions are declared first).
- DO NOT write any assert statements / tests.

## Problem
[BEGIN PROBLEM]
We have an array A of non-negative integers.
For every (contiguous) subarray B = [A[i], A[i+1], ..., A[j]] (with i <= j), we take the bitwise OR of all the elements in B, obtaining a result A[i] | A[i+1] | ... | A[j].
Return the number of possible results.  (Results that occur more than once are only counted once in the final answer.)
 

Example 1:
Input: [0]
Output: 1
Explanation: 
There is only one possible result: 0.


Example 2:
Input: [1,1,2]
Output: 3
Explanation: 
The possible subarrays are [1], [1], [2], [1, 1], [1, 2], [1, 1, 2].
These yield the results 1, 1, 2, 1, 3, 3.
There are 3 unique values, so the answer is 3.


Example 3:
Input: [1,2,4]
Output: 6
Explanation: 
The possible results are 1, 2, 3, 4, 6, and 7.




 
Note:

1 <= A.length <= 50000
0 <= A[i] <= 10^9

The output code needs to use the provided function signature

The final python function should begin with: 
```python

class Solution:
    def subarrayBitwiseORs(self, A: List[int]) -> int:
        
```

[END PROBLEM]

INFO - [Task id] 217 [prompt] 
## Instructions

Reason through the problem and:
1. Restate the problem in plain English
2. Conceptualize a solution first in plain English
3. Write a pseudocode solution
4. Output the final Python 3 solution with your solution steps in comments.

Make sure to wrap your code in '```python' and '```' Markdown delimiters, 
and include exactly one block of code with the entire solution.

No outside libraries are allowed.
Builtins are allowed.

INFO - [Task id] 217 [generation text] ## Problem Restatement

We are given an array `A` of non-negative integers. For every contiguous subarray `B` of `A`, we compute the bitwise OR of all elements in `B`. We need to find out how many unique results we can get from these operations.

## Conceptual Solution

1. **Understanding Bitwise OR**: The bitwise OR operation between two numbers results in a number where each bit is set to 1 if at least one of the corresponding bits of the operands is 1. This means that as we extend a subarray, the result of the OR operation can only stay the same or increase.

2. **Iterate Over Subarrays**: We need to consider all possible subarrays. However, instead of recalculating the OR for each subarray from scratch, we can build on the results of previous subarrays.

3. **Use Sets for Uniqueness**: We can use sets to keep track of unique OR results. For each element in the array, we can maintain a set of OR results that can be achieved by extending subarrays ending at that element.

4. **Efficient Calculation**: For each element `A[i]`, we can calculate the OR results by taking the OR of `A[i]` with each result from the previous set of OR results. This way, we efficiently propagate the OR results through the array.

5. **Final Result**: The union of all sets of OR results gives us the unique OR results for all subarrays.

## Pseudocode

```
function subarrayBitwiseORs(A):
    initialize a set `result` to store unique OR results
    initialize a set `current` to store OR results for subarrays ending at the current element

    for each element `a` in A:
        initialize a new set `new_current`
        add `a` to `new_current`
        for each OR result `x` in `current`:
            add `x OR a` to `new_current`
        update `current` to `new_current`
        add all elements of `current` to `result`

    return the size of `result`
```

## Final Python Solution

```python
class Solution:
    def subarrayBitwiseORs(self, A: List[int]) -> int:
        # Initialize a set to store all unique OR results
        result = set()
        # Initialize a set to store OR results for subarrays ending at the current element
        current = set()
        
        for a in A:
            # Start a new set for the current element
            new_current = {a}
            # Update the new_current set with OR results from the previous current set
            for x in current:
                new_current.add(x | a)
            # Update the current set to the new_current set
            current = new_current
            # Add all elements of the current set to the result set
            result.update(current)
        
        # Return the number of unique OR results
        return len(result)
```

This solution efficiently calculates the unique OR results by leveraging the properties of the OR operation and using sets to maintain uniqueness. The time complexity is manageable due to the limited number of unique OR results that can be generated from the given constraints.
INFO - [35m Rollout attempt 1/4[0m
INFO - [33m Retrieving 2 entries for db: episodic 
 [0m
INFO - Retrieved (score=0.4704):

[Task]:
    Given an array A of strings, find any smallest string that contains each string in A as a substring.
    We may assume that no string in A is substring of another string in A.
 

    Example 1:
    Input: ["alex","loves","leetcode"]
    Output: "alexlovesleetcode"
    Explanation: Al...


INFO - Retrieved (score=0.5041):

[Task]:
    This is the easy version of the problem. The difference between the versions is that the easy version has no swap operations. You can make hacks only if all versions of the problem are solved.

    Pikachu is a cute and friendly pokémon living in the wild pikachu herd.

    But it ha...


INFO - [33m Retrieving 2 entries for db: semantic 
 [0m
INFO - Retrieved (score=0.4977):
Chapter: Bit manipulation
Section: Bit optimizations
Part: 1/1
\section{Bit optimizations}

Many algorithms can be optimized using
bit operations.
Such optimizations do not change the
time complexity of the algorithm,
but they may have a large impact
on the actual running time of the code.
In thi...


INFO - Retrieved (score=0.5021):
Title: The Inclusion-Exclusion Principle
Part: 2/5
<div id="the-number-of-integer-solutions-to-the-equation"></div>
### Number of upper-bound integer sums {: #number-of-upper-bound-integer-sums }

Consider the following equation:

$$x_1 + x_2 + x_3 + x_4 + x_5 + x_6 = 20$$

where $0 \le x_i \le 8...


INFO - [33m Retrieving 2 entries for db: reflections 
 [0m
INFO - Retrieved (score=0.5088):
Reflecting on the problem-solving process and the official solution, here are some key insights and learnings:

### Key Insights

1. **Prefix Sum and Sorting**: The problem involves finding a subarray with a sum closest to zero. The use of prefix sums is crucial because it allows us to efficientl...


INFO - Retrieved (score=0.5140):
The problem was straightforward, and my solution was efficient and correct. However, reflecting on the official solution provides some insights:

1. **Efficiency**: The official solution uses a direct approach by iterating over the range specified in each query to calculate the sum. This approach...


INFO - [33m Retrieving 2 entries for db: summaries 
 [0m
INFO - Retrieved (score=0.4632):
### Summary of Attempts to Solve the Problem

#### Core Concepts and Patterns
The problem revolves around maximizing the alternating sum of a subsequence from a list of distinct integers. The alternating sum is calculated by adding the first element, subtracting the second, adding the third, and ...


INFO - Retrieved (score=0.5041):
In tackling the problem of finding the shortest superstring that contains each string in a given list as a substring, I employed a combination of greedy and dynamic programming techniques. The core concept was to maximize the overlap between strings to minimize the length of the resulting superst...


INFO - [33m Retrieving 2 entries for db: non_func 
 [0m
INFO - Retrieved (score=0.5695):

[description]
The function takes a list of strings and returns the shortest superstring that contains each string in the list as a substring. It first calculates the maximum overlap between each pair of strings. Then, it uses dynamic programming to build the shortest superstring by considering a...


INFO - Retrieved (score=0.5753):

[description]
The function calculates the maximum sum of non-adjacent slices that can be selected from a circular array of pizza slices, where the number of slices to be selected is one-third of the total number of slices. It uses dynamic programming to solve the problem by considering two scena...


INFO - Retrieved (score=0.4632): 
[Summary]:
    ### Summary of Attempts to Solve the Problem

    #### Core Concepts and Patterns
    The problem revolves around maximizing the alternating sum of a subsequence from a list of distinct integers. The alternating sum is calculated by adding the first element, subtracting the second...
INFO - Retrieved (score=0.4704): 
[Past Memory]:

    [Task]:
        Given an array A of strings, find any smallest string that contains each string in A as a substring.
        We may assume that no string in A is substring of another string in A.
 

        Example 1:
        Input: ["alex","loves","leetcode"]
        Output:...
INFO - LM call n parse attempt 1 / 3

INFO - [Task id] 217 [prompt] 
You are an expert programmer tasked with solving the problem below.

Follow the user's instructions to solve the problem.
The user can ask for analysis, code, or both.

## Instructions
When asked to output code,
- Make sure to wrap your code in '```python' and '```' Markdown delimiters, 
- include exactly one block of code with the entire solution
- No outside libraries are allowed. 
- Builtins are allowed.
- If the task specifies a function name to be used, follow it strictly (be case sensitive!) and declare the that function last (helper functions are declared first).
- DO NOT write any assert statements / tests.

## Problem
[BEGIN PROBLEM]
We have an array A of non-negative integers.
For every (contiguous) subarray B = [A[i], A[i+1], ..., A[j]] (with i <= j), we take the bitwise OR of all the elements in B, obtaining a result A[i] | A[i+1] | ... | A[j].
Return the number of possible results.  (Results that occur more than once are only counted once in the final answer.)
 

Example 1:
Input: [0]
Output: 1
Explanation: 
There is only one possible result: 0.


Example 2:
Input: [1,1,2]
Output: 3
Explanation: 
The possible subarrays are [1], [1], [2], [1, 1], [1, 2], [1, 1, 2].
These yield the results 1, 1, 2, 1, 3, 3.
There are 3 unique values, so the answer is 3.


Example 3:
Input: [1,2,4]
Output: 6
Explanation: 
The possible results are 1, 2, 3, 4, 6, and 7.




 
Note:

1 <= A.length <= 50000
0 <= A[i] <= 10^9

The output code needs to use the provided function signature

The final python function should begin with: 
```python

class Solution:
    def subarrayBitwiseORs(self, A: List[int]) -> int:
        
```

[END PROBLEM]

INFO - [Task id] 217 [prompt] 
## Instructions

Reason through the problem and:
1. Restate the problem in plain English
2. Conceptualize a solution first in plain English
3. Write a pseudocode solution
4. Output the final Python 3 solution with your solution steps in comments.

Make sure to wrap your code in '```python' and '```' Markdown delimiters, 
and include exactly one block of code with the entire solution.

No outside libraries are allowed.
Builtins are allowed.

INFO - [Task id] 217 [prompt] 
Also, here are some of your memories.
Feel free to use the given information to aid your problem solving process if necessary.
Do not confuse the memories with the problem statement.

## Memories

[Summary]:
    ### Summary of Attempts to Solve the Problem

    #### Core Concepts and Patterns
    The problem revolves around maximizing the alternating sum of a subsequence from a list of distinct integers. The alternating sum is calculated by adding the first element, subtracting the second, adding the third, and so on. The challenge is to select elements in such a way that this sum is maximized.

    #### Initial Strategy and Mistakes
    Initially, I attempted to maintain two variables (`max_odd` and `max_even`) to track the maximum alternating sum based on index parity. This approach was flawed because the problem is not about alternating indices but about forming a subsequence with an alternating sum. The strategy did not correctly capture the essence of maximizing the alternating sum by selectively picking elements.

    #### Correct Approach
    The correct approach involves:
    - Iterating through the list and starting a new subsequence with the largest possible element.
    - Alternating between adding and subtracting elements to maximize the sum.
    - Continuously updating the maximum sum found.

    #### Unexpected Errors and Fixes
    The main error was in misunderstanding the problem's requirements regarding the alternating sum. The solution needed to focus on maximizing the sum by considering the sign changes between consecutive elements, rather than focusing on index parity. The corrected approach involved iterating through the list, starting a new subsequence when necessary, and updating the maximum sum based on the current subsequence's alternating sum.

    #### Final Solution
    The final solution correctly computes the maximum alternating sum for each test case by iterating through the list of strengths and updating the maximum possible alternating sum. This approach ensures that the largest possible values are added and the smallest possible values are subtracted, maximizing the alternating sum.

    ```python
    def max_alternating_sum(strengths):
        max_sum = 0
        current_sum = 0
        n = len(strengths)
    
        i = 0
        while i < n:
            # Start a new subsequence with the current element
            current_sum = strengths[i]
            i += 1
        
            # Alternate between adding and subtracting
            while i < n and strengths[i] * strengths[i - 1] < 0:
                current_sum += strengths[i]
                i += 1
        
            # Update the maximum sum found
            max_sum = max(max_sum, current_sum)
    
        return max_sum

    def main():
        import sys
        input = sys.stdin.read
        data = input().split()
    
        index = 0
        t = int(data[index])
        index += 1
        results = []
    
        for _ in range(t):
            n = int(data[index])
            q = int(data[index + 1])  # q is always 0
            index += 2
        
            strengths = list(map(int, data[index:index + n]))
            index += n
        
            result = max_alternating_sum(strengths)
            results.append(result)
    
        for result in results:
            print(result)

    if __name__ == "__main__":
        main()
    ```

    This experience highlighted the importance of understanding the problem requirements and correctly interpreting the alternating sum concept to form an optimal solution.
[/Summary]


[Past Memory]:

    [Task]:
        Given an array A of strings, find any smallest string that contains each string in A as a substring.
        We may assume that no string in A is substring of another string in A.
 

        Example 1:
        Input: ["alex","loves","leetcode"]
        Output: "alexlovesleetcode"
        Explanation: All permutations of "alex","loves","leetcode" would also be accepted.


        Example 2:
        Input: ["catg","ctaagt","gcta","ttca","atgcatc"]
        Output: "gctaagttcatgcatc"
 


        Note:

        1 <= A.length <= 12
        1 <= A[i].length <= 20
    [/Task]

    [Previous Critique]:
        None
    [/Previous Critique]

    [Thought Process and Code]:
        ### Problem Restatement

        We are given an array of strings, and we need to find the smallest string that contains each string in the array as a substring. No string in the array is a substring of another string in the array. The task is to find any valid smallest superstring.

        ### Conceptual Solution

        To solve this problem, we can use a greedy approach combined with dynamic programming. The idea is to iteratively merge strings by maximizing the overlap between them until we form a single superstring. Here's a step-by-step breakdown:

        1. **Calculate Overlaps**: For each pair of strings, calculate the maximum overlap where the suffix of one string matches the prefix of another.

        2. **Dynamic Programming**: Use dynamic programming to find the shortest superstring. We can use a bitmask to represent the set of strings included in the current superstring and a DP table to store the shortest superstring for each combination of strings.

        3. **Reconstruct the Superstring**: Once the DP table is filled, backtrack to reconstruct the shortest superstring.

        ### Pseudocode

        1. **Initialize Overlap Table**: Create a table `overlap[i][j]` to store the maximum overlap between strings `A[i]` and `A[j]`.

        2. **Fill Overlap Table**: For each pair of strings `(i, j)`, calculate the maximum overlap by checking suffixes of `A[i]` and prefixes of `A[j]`.

        3. **Dynamic Programming Table**: Create a DP table `dp[mask][i]` where `mask` is a bitmask representing the set of strings included, and `i` is the last string in the superstring. Initialize `dp[1 << i][i]` with `A[i]`.

        4. **Fill DP Table**: For each `mask` and each `i`, update `dp[mask][i]` by considering adding a new string `j` to the superstring and using the overlap information.

        5. **Reconstruct the Superstring**: Start from the full mask and backtrack to reconstruct the shortest superstring.

        ### Final Python Solution

        ```python
        from typing import List

        class Solution:
            def shortestSuperstring(self, A: List[str]) -> str:
                n = len(A)
        
                # Step 1: Calculate the overlap between each pair of strings
                def calculate_overlap(s1, s2):
                    max_overlap = 0
                    for i in range(1, min(len(s1), len(s2)) + 1):
                        if s1[-i:] == s2[:i]:
                            max_overlap = i
                    return max_overlap
        
                overlap = [[0] * n for _ in range(n)]
                for i in range(n):
                    for j in range(n):
                        if i != j:
                            overlap[i][j] = calculate_overlap(A[i], A[j])
        
                # Step 2: Use dynamic programming to find the shortest superstring
                dp = [[''] * n for _ in range(1 << n)]
        
                for i in range(n):
                    dp[1 << i][i] = A[i]
        
                for mask in range(1 << n):
                    for i in range(n):
                        if not (mask & (1 << i)):
                            continue
                        for j in range(n):
                            if mask & (1 << j):
                                continue
                            new_mask = mask | (1 << j)
                            candidate = dp[mask][i] + A[j][overlap[i][j]:]
                            if dp[new_mask][j] == '' or len(candidate) < len(dp[new_mask][j]):
                                dp[new_mask][j] = candidate
        
                # Step 3: Find the shortest superstring from the dp table
                min_superstring = ''
                full_mask = (1 << n) - 1
                for i in range(n):
                    if min_superstring == '' or len(dp[full_mask][i]) < len(min_superstring):
                        min_superstring = dp[full_mask][i]
        
                return min_superstring
        ```

        ### Explanation of the Code

        - **Overlap Calculation**: We calculate the maximum overlap between each pair of strings to determine how much of one string can be appended to another without repeating characters.

        - **Dynamic Programming**: We use a bitmask to represent subsets of strings and a DP table to store the shortest superstring for each subset ending with a specific string.

        - **Reconstruction**: After filling the DP table, we find the shortest superstring by checking all possible endings and reconstructing the path that led to it.
    [/Thought Process and Code]

    [Environment Feedback]:
        Note: Inputs/outputs here are automatically extracted/truncated so formatting may be a bit off.
        Tests passed:

         Input: [['"alex"', '"loves"', '"leetcode"']] Output: "leetcode"loves"alex"

        Tests failed:
        None
    [/Environment Feedback]

    [Result]:
        Success
    [/Result]

[/Past Memory]


INFO - [Task id] 217 [generation text] ### Problem Restatement

We are given an array `A` of non-negative integers. For every contiguous subarray `B` of `A`, we compute the bitwise OR of all elements in `B`. We need to return the number of unique results obtained from these operations.

### Conceptual Solution

1. **Understanding Bitwise OR**: The bitwise OR operation between two numbers results in a number that has all the bits set that are set in either of the two numbers. This means that as we extend a subarray, the result of the OR operation can only stay the same or increase.

2. **Tracking Unique Results**: We need to track all unique results of the OR operations. Using a set is ideal for this purpose because it automatically handles duplicates.

3. **Iterative Approach**: 
   - Start with an empty set to store unique results.
   - For each element in the array, consider it as the starting point of a subarray.
   - For each starting point, extend the subarray one element at a time, computing the OR result and adding it to the set of unique results.
   - Use a temporary set to store results of the current subarray to avoid redundant calculations.

4. **Efficiency Considerations**: 
   - Instead of recalculating the OR for every possible subarray, maintain a set of OR results from the previous iteration and extend it with the current element.
   - This approach ensures that we only compute necessary OR operations, reducing redundant calculations.

### Pseudocode

1. Initialize a set `unique_results` to store unique OR results.
2. Initialize a set `current` to store OR results for the current subarray.
3. Iterate over each element `x` in the array `A`:
   - Update `current` to include `x` and all results from `current` OR `x`.
   - Add all elements of `current` to `unique_results`.
4. Return the size of `unique_results`.

### Final Python Solution

```python
from typing import List

class Solution:
    def subarrayBitwiseORs(self, A: List[int]) -> int:
        # Set to store all unique OR results
        unique_results = set()
        # Set to store OR results for the current subarray
        current = set()
        
        for x in A:
            # Update current set with new OR results including the current element
            current = {x | y for y in current} | {x}
            # Add all current results to the unique results set
            unique_results.update(current)
        
        # Return the number of unique results
        return len(unique_results)
```

### Explanation of the Code

- **Initialization**: We use two sets, `unique_results` to store all unique OR results and `current` to store OR results for the current subarray.
- **Iterating Over Elements**: For each element `x` in the array, we update the `current` set to include the OR of `x` with each element in `current`, as well as `x` itself.
- **Updating Unique Results**: We add all elements from `current` to `unique_results` to ensure all possible OR results are tracked.
- **Result**: Finally, we return the size of `unique_results`, which gives the count of unique OR results.
INFO - program_code:
 
from typing import List

class Solution:
    def subarrayBitwiseORs(self, A: List[int]) -> int:
        # Set to store all unique OR results
        unique_results = set()
        # Set to store OR results for the current subarray
        current = set()
        
        for x in A:
            # Update current set with new OR results including the current element
            current = {x | y for y in current} | {x}
            # Add all current results to the unique results set
            unique_results.update(current)
        
        # Return the number of unique results
        return len(unique_results)


INFO - program_name:
 

INFO - dependencies:
 []

INFO - raw_msg:
 ### Problem Restatement

We are given an array `A` of non-negative integers. For every contiguous subarray `B` of `A`, we compute the bitwise OR of all elements in `B`. We need to return the number of unique results obtained from these operations.

### Conceptual Solution

1. **Understanding Bitwise OR**: The bitwise OR operation between two numbers results in a number that has all the bits set that are set in either of the two numbers. This means that as we extend a subarray, the result of the OR operation can only stay the same or increase.

2. **Tracking Unique Results**: We need to track all unique results of the OR operations. Using a set is ideal for this purpose because it automatically handles duplicates.

3. **Iterative Approach**: 
   - Start with an empty set to store unique results.
   - For each element in the array, consider it as the starting point of a subarray.
   - For each starting point, extend the subarray one element at a time, computing the OR result and adding it to the set of unique results.
   - Use a temporary set to store results of the current subarray to avoid redundant calculations.

4. **Efficiency Considerations**: 
   - Instead of recalculating the OR for every possible subarray, maintain a set of OR results from the previous iteration and extend it with the current element.
   - This approach ensures that we only compute necessary OR operations, reducing redundant calculations.

### Pseudocode

1. Initialize a set `unique_results` to store unique OR results.
2. Initialize a set `current` to store OR results for the current subarray.
3. Iterate over each element `x` in the array `A`:
   - Update `current` to include `x` and all results from `current` OR `x`.
   - Add all elements of `current` to `unique_results`.
4. Return the size of `unique_results`.

### Final Python Solution

```python
from typing import List

class Solution:
    def subarrayBitwiseORs(self, A: List[int]) -> int:
        # Set to store all unique OR results
        unique_results = set()
        # Set to store OR results for the current subarray
        current = set()
        
        for x in A:
            # Update current set with new OR results including the current element
            current = {x | y for y in current} | {x}
            # Add all current results to the unique results set
            unique_results.update(current)
        
        # Return the number of unique results
        return len(unique_results)
```

### Explanation of the Code

- **Initialization**: We use two sets, `unique_results` to store all unique OR results and `current` to store OR results for the current subarray.
- **Iterating Over Elements**: For each element `x` in the array, we update the `current` set to include the OR of `x` with each element in `current`, as well as `x` itself.
- **Updating Unique Results**: We add all elements from `current` to `unique_results` to ensure all possible OR results are tracked.
- **Result**: Finally, we return the size of `unique_results`, which gives the count of unique OR results.

INFO - no_parent:
 False

INFO - full code to be executed: 
 
from typing import List

class Solution:
    def subarrayBitwiseORs(self, A: List[int]) -> int:
        # Set to store all unique OR results
        unique_results = set()
        # Set to store OR results for the current subarray
        current = set()
        
        for x in A:
            # Update current set with new OR results including the current element
            current = {x | y for y in current} | {x}
            # Add all current results to the unique results set
            unique_results.update(current)
        
        # Return the number of unique results
        return len(unique_results)


INFO - obs: Note: Inputs/outputs here are automatically extracted/truncated so formatting may be a bit off.
Tests passed:

 Input: [[0]] Output: 1

Tests failed:
None
reward: True
done: None
info: {'individual_results': [True]}
INFO - Updated entry: 
[Task]:
    We have an array A of non-negative integers.
    For every (contiguous) subarray B = [A[i], A[i+1], ..., A[j]] (with i <= j), we take the bitwise OR of all the elements in B, obtaining a result A[i] | A[i+1] | ... | A[j].
    Return the number of possible results.  (Results that occu...,

INFO - Metadata: {
    "raw_msg": "### Problem Restatement\n\nWe are given an array `A` of non-negative integers. For every contiguous subarray `B` of `A`, we compute the bitwise OR of all elements in `B`. We need to return the number of unique results obtained from these operations.\n\n### Conceptual Solution\n\...

INFO - LM call n parse attempt 1 / 3

INFO - [Task id] 217 [prompt] 
You are an expert programmer tasked with solving the problem below.

Follow the user's instructions to solve the problem.
The user can ask for analysis, code, or both.

## Instructions
When asked to output code,
- Make sure to wrap your code in '```python' and '```' Markdown delimiters, 
- include exactly one block of code with the entire solution
- No outside libraries are allowed. 
- Builtins are allowed.
- If the task specifies a function name to be used, follow it strictly (be case sensitive!) and declare the that function last (helper functions are declared first).
- DO NOT write any assert statements / tests.

## Problem
[BEGIN PROBLEM]
We have an array A of non-negative integers.
For every (contiguous) subarray B = [A[i], A[i+1], ..., A[j]] (with i <= j), we take the bitwise OR of all the elements in B, obtaining a result A[i] | A[i+1] | ... | A[j].
Return the number of possible results.  (Results that occur more than once are only counted once in the final answer.)
 

Example 1:
Input: [0]
Output: 1
Explanation: 
There is only one possible result: 0.


Example 2:
Input: [1,1,2]
Output: 3
Explanation: 
The possible subarrays are [1], [1], [2], [1, 1], [1, 2], [1, 1, 2].
These yield the results 1, 1, 2, 1, 3, 3.
There are 3 unique values, so the answer is 3.


Example 3:
Input: [1,2,4]
Output: 6
Explanation: 
The possible results are 1, 2, 3, 4, 6, and 7.




 
Note:

1 <= A.length <= 50000
0 <= A[i] <= 10^9

The output code needs to use the provided function signature

The final python function should begin with: 
```python

class Solution:
    def subarrayBitwiseORs(self, A: List[int]) -> int:
        
```

[END PROBLEM]

INFO - [Task id] 217 [prompt] 
## Instructions

Reason through the problem and:
1. Restate the problem in plain English
2. Conceptualize a solution first in plain English
3. Write a pseudocode solution
4. Output the final Python 3 solution with your solution steps in comments.

Make sure to wrap your code in '```python' and '```' Markdown delimiters, 
and include exactly one block of code with the entire solution.

No outside libraries are allowed.
Builtins are allowed.

INFO - [Task id] 217 [prompt] ### Problem Restatement

We are given an array `A` of non-negative integers. For every contiguous subarray `B` of `A`, we compute the bitwise OR of all elements in `B`. We need to return the number of unique results obtained from these operations.

### Conceptual Solution

1. **Understanding Bitwise OR**: The bitwise OR operation between two numbers results in a number that has all the bits set that are set in either of the two numbers. This means that as we extend a subarray, the result of the OR operation can only stay the same or increase.

2. **Tracking Unique Results**: We need to track all unique results of the OR operations. Using a set is ideal for this purpose because it automatically handles duplicates.

3. **Iterative Approach**: 
   - Start with an empty set to store unique results.
   - For each element in the array, consider it as the starting point of a subarray.
   - For each starting point, extend the subarray one element at a time, computing the OR result and adding it to the set of unique results.
   - Use a temporary set to store results of the current subarray to avoid redundant calculations.

4. **Efficiency Considerations**: 
   - Instead of recalculating the OR for every possible subarray, maintain a set of OR results from the previous iteration and extend it with the current element.
   - This approach ensures that we only compute necessary OR operations, reducing redundant calculations.

### Pseudocode

1. Initialize a set `unique_results` to store unique OR results.
2. Initialize a set `current` to store OR results for the current subarray.
3. Iterate over each element `x` in the array `A`:
   - Update `current` to include `x` and all results from `current` OR `x`.
   - Add all elements of `current` to `unique_results`.
4. Return the size of `unique_results`.

### Final Python Solution

```python
from typing import List

class Solution:
    def subarrayBitwiseORs(self, A: List[int]) -> int:
        # Set to store all unique OR results
        unique_results = set()
        # Set to store OR results for the current subarray
        current = set()
        
        for x in A:
            # Update current set with new OR results including the current element
            current = {x | y for y in current} | {x}
            # Add all current results to the unique results set
            unique_results.update(current)
        
        # Return the number of unique results
        return len(unique_results)
```

### Explanation of the Code

- **Initialization**: We use two sets, `unique_results` to store all unique OR results and `current` to store OR results for the current subarray.
- **Iterating Over Elements**: For each element `x` in the array, we update the `current` set to include the OR of `x` with each element in `current`, as well as `x` itself.
- **Updating Unique Results**: We add all elements from `current` to `unique_results` to ensure all possible OR results are tracked.
- **Result**: Finally, we return the size of `unique_results`, which gives the count of unique OR results.
INFO - [Task id] 217 [prompt] 
[Environment Feedback]:
    Note: Inputs/outputs here are automatically extracted/truncated so formatting may be a bit off.
    Tests passed:

     Input: [[0]] Output: 1

    Tests failed:
    None
[/Environment Feedback]

INFO - [Task id] 217 [prompt] 
## Instructions
Now, summarize your attempts as a **standalone** document for your own future reference. (can skip formalities, be concise)

- Only include the most relevant information and code snippets that could be useful in the future.
- If you did not learn much from the current experience (e.g. the problem was too easy), feel free to write less or nothing at all.
- Here are some ideas if the experience was useful:
    - Identifying the core concepts and patterns that problem appears to test for
    - Describing the strategies that seemed to work but did not, and vice versa
    - Describing unexpected errors and how they were fixed

Your summary should be at most a few paragraphs.

INFO - [Task id] 217 [generation text] In this problem, the goal was to determine the number of unique results obtained from the bitwise OR operation on all possible contiguous subarrays of a given array of non-negative integers. The key insight was understanding that the bitwise OR operation is cumulative in nature; as you extend a subarray, the OR result can only stay the same or increase.

The efficient solution involved using sets to track unique results. By iterating over each element in the array and maintaining a set of OR results for the current subarray, we could efficiently compute and store all possible OR results without recalculating from scratch for each subarray. This approach significantly reduced redundant calculations and leveraged the properties of sets to handle duplicates automatically.

The solution was implemented using two sets: `unique_results` to store all unique OR results and `current` to store OR results for the current subarray. For each element, we updated the `current` set with new OR results and added these to `unique_results`. The final answer was simply the size of `unique_results`.

This problem reinforced the importance of leveraging data structures like sets for handling uniqueness and demonstrated an efficient way to handle cumulative operations over subarrays. The solution passed all tests, confirming its correctness and efficiency.
INFO - LM call n parse attempt 1 / 3

INFO - [Task id] 217 [prompt] 
You are an expert programmer tasked with solving the problem below.

Follow the user's instructions to solve the problem.
The user can ask for analysis, code, or both.

## Instructions
When asked to output code,
- Make sure to wrap your code in '```python' and '```' Markdown delimiters, 
- include exactly one block of code with the entire solution
- No outside libraries are allowed. 
- Builtins are allowed.
- If the task specifies a function name to be used, follow it strictly (be case sensitive!) and declare the that function last (helper functions are declared first).
- DO NOT write any assert statements / tests.

## Problem
[BEGIN PROBLEM]
We have an array A of non-negative integers.
For every (contiguous) subarray B = [A[i], A[i+1], ..., A[j]] (with i <= j), we take the bitwise OR of all the elements in B, obtaining a result A[i] | A[i+1] | ... | A[j].
Return the number of possible results.  (Results that occur more than once are only counted once in the final answer.)
 

Example 1:
Input: [0]
Output: 1
Explanation: 
There is only one possible result: 0.


Example 2:
Input: [1,1,2]
Output: 3
Explanation: 
The possible subarrays are [1], [1], [2], [1, 1], [1, 2], [1, 1, 2].
These yield the results 1, 1, 2, 1, 3, 3.
There are 3 unique values, so the answer is 3.


Example 3:
Input: [1,2,4]
Output: 6
Explanation: 
The possible results are 1, 2, 3, 4, 6, and 7.




 
Note:

1 <= A.length <= 50000
0 <= A[i] <= 10^9

The output code needs to use the provided function signature

The final python function should begin with: 
```python

class Solution:
    def subarrayBitwiseORs(self, A: List[int]) -> int:
        
```

[END PROBLEM]

INFO - [Task id] 217 [prompt] 
## Instructions

Reason through the problem and:
1. Restate the problem in plain English
2. Conceptualize a solution first in plain English
3. Write a pseudocode solution
4. Output the final Python 3 solution with your solution steps in comments.

Make sure to wrap your code in '```python' and '```' Markdown delimiters, 
and include exactly one block of code with the entire solution.

No outside libraries are allowed.
Builtins are allowed.

INFO - [Task id] 217 [prompt] ### Problem Restatement

We are given an array `A` of non-negative integers. For every contiguous subarray `B` of `A`, we compute the bitwise OR of all elements in `B`. We need to return the number of unique results obtained from these operations.

### Conceptual Solution

1. **Understanding Bitwise OR**: The bitwise OR operation between two numbers results in a number that has all the bits set that are set in either of the two numbers. This means that as we extend a subarray, the result of the OR operation can only stay the same or increase.

2. **Tracking Unique Results**: We need to track all unique results of the OR operations. Using a set is ideal for this purpose because it automatically handles duplicates.

3. **Iterative Approach**: 
   - Start with an empty set to store unique results.
   - For each element in the array, consider it as the starting point of a subarray.
   - For each starting point, extend the subarray one element at a time, computing the OR result and adding it to the set of unique results.
   - Use a temporary set to store results of the current subarray to avoid redundant calculations.

4. **Efficiency Considerations**: 
   - Instead of recalculating the OR for every possible subarray, maintain a set of OR results from the previous iteration and extend it with the current element.
   - This approach ensures that we only compute necessary OR operations, reducing redundant calculations.

### Pseudocode

1. Initialize a set `unique_results` to store unique OR results.
2. Initialize a set `current` to store OR results for the current subarray.
3. Iterate over each element `x` in the array `A`:
   - Update `current` to include `x` and all results from `current` OR `x`.
   - Add all elements of `current` to `unique_results`.
4. Return the size of `unique_results`.

### Final Python Solution

```python
from typing import List

class Solution:
    def subarrayBitwiseORs(self, A: List[int]) -> int:
        # Set to store all unique OR results
        unique_results = set()
        # Set to store OR results for the current subarray
        current = set()
        
        for x in A:
            # Update current set with new OR results including the current element
            current = {x | y for y in current} | {x}
            # Add all current results to the unique results set
            unique_results.update(current)
        
        # Return the number of unique results
        return len(unique_results)
```

### Explanation of the Code

- **Initialization**: We use two sets, `unique_results` to store all unique OR results and `current` to store OR results for the current subarray.
- **Iterating Over Elements**: For each element `x` in the array, we update the `current` set to include the OR of `x` with each element in `current`, as well as `x` itself.
- **Updating Unique Results**: We add all elements from `current` to `unique_results` to ensure all possible OR results are tracked.
- **Result**: Finally, we return the size of `unique_results`, which gives the count of unique OR results.
INFO - [Task id] 217 [prompt] 
[Environment Feedback]:
    Note: Inputs/outputs here are automatically extracted/truncated so formatting may be a bit off.
    Tests passed:

     Input: [[0]] Output: 1

    Tests failed:
    None
[/Environment Feedback]

INFO - [Task id] 217 [prompt] 
Below is the official solution (do exercise discretion as official solutions can also have mistakes).

You will be reflecting on your attempts to solve the problem.
This will be a **standalone** document for your own future reference. (can skip formalities, be concise)

## Instructions
- Only include the most relevant insights and code snippets that could be useful in the future.
- If you did not learn much from the current experience (e.g. the problem was too easy / official solution was obvious), feel free to write less or nothing at all.
- Here are some ideas if the experience was useful:
    - If the official solution is insightful (e.g. better than yours in time and space complexity or more effective in breaking down the problem statement), distil the key approach of the official solution, step by step.
    - If your approach failed the test cases, reason why the official solution works but yours does not

Your reflection should be at most a few paragraphs.

## Official solution
class Solution:
    def subarrayBitwiseORs(self, A: List[int]) -> int:
        res = set()
        cur = set()
        for a in A:
            cur = {a | i for i in cur}
            cur |= {a}
            res |= cur
        return len(res)

INFO - [Task id] 217 [generation text] In this problem, both my solution and the official solution are quite similar in approach and implementation. The task was to find the number of unique results from the bitwise OR operation on all contiguous subarrays of a given list of non-negative integers. 

### Key Insights:

1. **Use of Sets**: Both solutions effectively use sets to track unique OR results. This is crucial because sets automatically handle duplicates, which simplifies the process of counting unique results.

2. **Iterative OR Calculation**: The approach involves iterating over each element in the array and updating a set of current OR results (`cur`) by including the OR of the current element with each element in the current set. This ensures that all possible OR results for subarrays ending at the current element are considered.

3. **Efficiency**: By maintaining a set of OR results from the previous iteration and extending it with the current element, the solution avoids redundant calculations and efficiently computes the necessary OR operations.

### Differences:

- The official solution uses the `|=` operator to update the `cur` and `res` sets, which is a concise way to add elements from one set to another. My solution used the `update()` method, which is functionally equivalent but slightly more verbose.

Overall, the problem was straightforward, and the official solution confirmed the effectiveness of the approach I used. The key takeaway is the use of sets to manage unique results and the iterative method to efficiently compute OR operations for subarrays.
INFO - Updated entry: In this problem, the goal was to determine the number of unique results obtained from the bitwise OR operation on all possible contiguous subarrays of a given array of non-negative integers. The key insight was understanding that the bitwise OR operation is cumulative in nature; as you extend a s...,

INFO - Metadata: {
    "task_id": 217
}

INFO - Updated entry: In this problem, both my solution and the official solution are quite similar in approach and implementation. The task was to find the number of unique results from the bitwise OR operation on all contiguous subarrays of a given list of non-negative integers. 

### Key Insights:

1. **Use of Sets...,

INFO - Metadata: {
    "task_id": 217
}

INFO - LM call n parse attempt 1 / 3

INFO - [Task id] 217 [prompt] 
You are a helpful assistant that writes a description of the given function written in the Python programming language.

1) Do not mention the function name.
2) Do not mention anything about helper functions.
3) There might be some helper functions before the main function, but you only need to describe the main function.
4) Try to summarize the function in no more than 6 sentences.
5) Your response should be a single line of text.

INFO - [Task id] 217 [prompt] 
from typing import List

class Solution:
    def subarrayBitwiseORs(self, A: List[int]) -> int:
        # Set to store all unique OR results
        unique_results = set()
        # Set to store OR results for the current subarray
        current = set()
        
        for x in A:
            # Update current set with new OR results including the current element
            current = {x | y for y in current} | {x}
            # Add all current results to the unique results set
            unique_results.update(current)
        
        # Return the number of unique results
        return len(unique_results)

INFO - [Task id] 217 [generation text] The function calculates the number of distinct bitwise OR results that can be obtained from all possible subarrays of a given list of integers. It iterates through each element in the list, updating a set of current OR results by combining the current element with each result from the previous iteration, as well as considering the element itself as a new subarray. These current results are then added to a set of unique results to ensure all distinct OR values are captured. Finally, the function returns the size of the set containing all unique OR results, which represents the count of distinct OR values from all subarrays.
INFO - LM call n parse attempt 1 / 3

INFO - [Task id] 217 [prompt] 
You are a helpful assistant that extracts important information from problems and solutions to aid in searchability and education.

## Instructions
- Read through the problem and solution carefully.
- Reason out, step by step, in what scenarios this knowledge would be useful.
- Focus on general patterns and situations to help connect this knowledge to new situations.
- Then, include a list of keywords that are useful for searching this problem/solution pair.

## Response format
Respond in JSON, and follow the keys and expected format of the values strictly.

The output should be formatted as a JSON instance that conforms to the JSON schema below.

As an example, for the schema {"properties": {"foo": {"title": "Foo", "description": "a list of strings", "type": "array", "items": {"type": "string"}}}, "required": ["foo"]}
the object {"foo": ["bar", "baz"]} is a well-formatted instance of the schema. The object {"properties": {"foo": ["bar", "baz"]}} is not well-formatted.

Here is the output schema:
```
{"properties": {"scenarios": {"description": "In what scenarios will this knowledge be useful? Answer in a paragraph.", "title": "Scenarios", "type": "string"}, "keywords": {"description": "List of keywords that are useful for searching this problem/solution pair", "items": {"type": "string"}, "title": "Keywords", "type": "array"}}, "required": ["scenarios", "keywords"]}
```

INFO - [Task id] 217 [prompt] 
[Problem]
    We have an array A of non-negative integers.
    For every (contiguous) subarray B = [A[i], A[i+1], ..., A[j]] (with i <= j), we take the bitwise OR of all the elements in B, obtaining a result A[i] | A[i+1] | ... | A[j].
    Return the number of possible results.  (Results that occur more than once are only counted once in the final answer.)
 

    Example 1:
    Input: [0]
    Output: 1
    Explanation: 
    There is only one possible result: 0.


    Example 2:
    Input: [1,1,2]
    Output: 3
    Explanation: 
    The possible subarrays are [1], [1], [2], [1, 1], [1, 2], [1, 1, 2].
    These yield the results 1, 1, 2, 1, 3, 3.
    There are 3 unique values, so the answer is 3.


    Example 3:
    Input: [1,2,4]
    Output: 6
    Explanation: 
    The possible results are 1, 2, 3, 4, 6, and 7.




 
    Note:

    1 <= A.length <= 50000
    0 <= A[i] <= 10^9
[/Problem]

[Solution]

    from typing import List

    class Solution:
        def subarrayBitwiseORs(self, A: List[int]) -> int:
            # Set to store all unique OR results
            unique_results = set()
            # Set to store OR results for the current subarray
            current = set()
        
            for x in A:
                # Update current set with new OR results including the current element
                current = {x | y for y in current} | {x}
                # Add all current results to the unique results set
                unique_results.update(current)
        
            # Return the number of unique results
            return len(unique_results)

[/Solution]

INFO - [Task id] 217 [generation text] 
INFO - {
    "scenarios": "This knowledge is useful in scenarios where you need to determine the number of unique results from bitwise operations on subarrays of an array. This can be applied in problems involving bitwise operations, optimization of subarray computations, or when dealing with large datasets where direct computation of all subarrays is inefficient. The solution leverages set operations to efficiently track unique results, which is a common technique in problems requiring deduplication of results from iterative processes. Understanding this approach can help in designing algorithms that need to handle large input sizes and require efficient computation of results from combinations of elements.",
    "keywords": [
        "bitwise OR",
        "subarray",
        "unique results",
        "set operations",
        "algorithm",
        "optimization",
        "non-negative integers",
        "contiguous subarray",
        "deduplication",
        "large datasets"
    ]
}
INFO - {
    "scenarios": "This knowledge is useful in scenarios where you need to determine the number of unique results from bitwise operations on subarrays of an array. This can be applied in problems involving bitwise operations, optimization of subarray computations, or when dealing with large datasets where direct computation of all subarrays is inefficient. The solution leverages set operations to efficiently track unique results, which is a common technique in problems requiring deduplication of results from iterative processes. Understanding this approach can help in designing algorithms that need to handle large input sizes and require efficient computation of results from combinations of elements.",
    "keywords": [
        "bitwise OR",
        "subarray",
        "unique results",
        "set operations",
        "algorithm",
        "optimization",
        "non-negative integers",
        "contiguous subarray",
        "deduplication",
        "large datasets"
    ]
}
INFO - Updated entry: 
[description]
The function calculates the number of distinct bitwise OR results that can be obtained from all possible subarrays of a given list of integers. It iterates through each element in the list, updating a set of current OR results by combining the current element with each result from ...,

INFO - Metadata: {
    "task": 217,
    "code": "\nfrom typing import List\n\nclass Solution:\n    def subarrayBitwiseORs(self, A: List[int]) -> int:\n        # Set to store all unique OR results\n        unique_results = set()\n        # Set to store OR results for the current subarray\n        current = set()\n...

