INFO - DB skill doc count: 0

INFO - DB non_func doc count: 57

INFO - DB semantic doc count: 429

INFO - DB summaries doc count: 73

INFO - DB reflections doc count: 73

INFO - DB episodic doc count: 0

INFO - [train iter]: 73/100 

INFO - The task prompt is The chef has one array of N natural numbers (might be in sorted order). Cheffina challenges chef to find the total number of inversions in the array.

-----Input:-----
- First-line will contain $T$, the number of test cases. Then the test cases follow. 
- Each test case contains two lines of inpu...

INFO - Attempting task_id 961
INFO - LM call n parse attempt 1 / 3

INFO - [Task id] 961 [prompt] 
You are an expert programmer tasked with solving the problem below.

Follow the user's instructions to solve the problem.
The user can ask for analysis, code, or both.

## Instructions
When asked to output code,
- Make sure to wrap your code in '```python' and '```' Markdown delimiters, 
- include exactly one block of code with the entire solution
- No outside libraries are allowed. 
- Builtins are allowed.
- If the task specifies a function name to be used, follow it strictly (be case sensitive!) and declare the that function last (helper functions are declared first).
- DO NOT write any assert statements / tests.

## Problem
[BEGIN PROBLEM]
The chef has one array of N natural numbers (might be in sorted order). Cheffina challenges chef to find the total number of inversions in the array.

-----Input:-----
- First-line will contain $T$, the number of test cases. Then the test cases follow. 
- Each test case contains two lines of input, $N$.
- N space-separated natural numbers. 

-----Output:-----
For each test case, output in a single line answer as the total number of inversions.

-----Constraints-----
- $1 \leq T \leq 10$
- $1 \leq N \leq 10^5$
- $1 \leq arr[i] \leq 10^5$

-----Sample Input:-----
1
5
5 4 1 3 2

-----Sample Output:-----
8

The output code needs to read from and write to standard IO


[END PROBLEM]

INFO - [Task id] 961 [prompt] 
## Instructions

Reason through the problem and:
1. Restate the problem in plain English
2. Conceptualize a solution first in plain English
3. Write a pseudocode solution
4. Output the final Python 3 solution with your solution steps in comments.

Make sure to wrap your code in '```python' and '```' Markdown delimiters, 
and include exactly one block of code with the entire solution.

No outside libraries are allowed.
Builtins are allowed.

INFO - [Task id] 961 [generation text] 1. **Restate the problem in plain English:**
   The problem requires us to count the number of inversions in an array of natural numbers for multiple test cases. An inversion is defined as a pair of indices (i, j) such that i < j and arr[i] > arr[j]. 

2. **Conceptualize a solution first in plain English:**
   To efficiently count the number of inversions, we can use a modified merge sort algorithm. The merge sort will help us sort the array while simultaneously counting the inversions. During the merge step, when we take an element from the right half before taking an element from the left half, it indicates that there are inversions equal to the number of remaining elements in the left half.

3. **Write a pseudocode solution:**
   ```
   function count_inversions(arr):
       if length of arr <= 1:
           return 0
       mid = length of arr // 2
       left = arr[0:mid]
       right = arr[mid:length of arr]
       
       inversions = count_inversions(left) + count_inversions(right)
       inversions += merge_and_count(arr, left, right)
       return inversions

   function merge_and_count(arr, left, right):
       i = 0, j = 0, k = 0
       inversions = 0
       while i < length of left and j < length of right:
           if left[i] <= right[j]:
               arr[k] = left[i]
               i += 1
           else:
               arr[k] = right[j]
               inversions += (length of left - i)  // Count inversions
               j += 1
           k += 1
       while i < length of left:
           arr[k] = left[i]
           i += 1
           k += 1
       while j < length of right:
           arr[k] = right[j]
           j += 1
           k += 1
       return inversions

   function main():
       read T
       for each test case:
           read N
           read array of N numbers
           result = count_inversions(array)
           print result
   ```

4. **Output the final Python 3 solution with your solution steps in comments:**
```python
def merge_and_count(arr, left, right):
    i = 0
    j = 0
    k = 0
    inversions = 0
    # Merging the two halves and counting inversions
    while i < len(left) and j < len(right):
        if left[i] <= right[j]:
            arr[k] = left[i]
            i += 1
        else:
            arr[k] = right[j]
            # Count inversions: all remaining elements in left are greater than right[j]
            inversions += (len(left) - i)
            j += 1
        k += 1
    # Copy remaining elements of left, if any
    while i < len(left):
        arr[k] = left[i]
        i += 1
        k += 1
    # Copy remaining elements of right, if any
    while j < len(right):
        arr[k] = right[j]
        j += 1
        k += 1
    return inversions

def count_inversions(arr):
    if len(arr) <= 1:
        return 0
    mid = len(arr) // 2
    left = arr[:mid]
    right = arr[mid:]
    
    inversions = count_inversions(left) + count_inversions(right)
    inversions += merge_and_count(arr, left, right)
    return inversions

def main():
    import sys
    input = sys.stdin.read
    data = input().splitlines()
    
    T = int(data[0])  # Read number of test cases
    index = 1
    results = []
    
    for _ in range(T):
        N = int(data[index])  # Read size of the array
        index += 1
        arr = list(map(int, data[index].split()))  # Read the array
        index += 1
        result = count_inversions(arr)  # Count inversions
        results.append(result)  # Store result
    
    for res in results:
        print(res)  # Print all results

```
INFO - [35m Rollout attempt 1/4[0m
INFO - [33m Retrieving 3 entries for db: semantic 
 [0m
INFO - Retrieved (score=0.4645):
Title: The Inclusion-Exclusion Principle
Part: 2/5
<div id="the-number-of-integer-solutions-to-the-equation"></div>
### Number of upper-bound integer sums {: #number-of-upper-bound-integer-sums }

Consider the following equation:

$$x_1 + x_2 + x_3 + x_4 + x_5 + x_6 = 20$$

where $0 \le x_i \le 8...


INFO - Retrieved (score=0.4755):
Title: The Inclusion-Exclusion Principle
Part: 3/5
```

Asymptotics of the solution is $O (\sqrt{n})$.

### The number of integers in a given interval which are multiple of at least one of the given numbers

Given $n$ numbers $a_i$ and number $r$. You want to count the number of integers in the i...


INFO - Retrieved (score=0.4873):
Chapter: Data structures
Section: Comparison to sorting
Part: 1/1
\section{Comparison to sorting}

It is often possible to solve a problem
using either data structures or sorting.
Sometimes there are remarkable differences
in the actual efficiency of these approaches,
which may be hidden in their...


INFO - [33m Retrieving 3 entries for db: reflections 
 [0m
INFO - Retrieved (score=0.4102):
In my attempts to solve the permutation problem, I learned several key insights about the approach and logic required to derive a valid permutation that meets the specified conditions. 

### Key Insights:
1. **Understanding the Function f(P)**: The function \( f(P) \) is defined as the sum of the...


INFO - Retrieved (score=0.4122):
The official solution is concise and effectively addresses the problem with minimal code. It follows a straightforward approach that aligns closely with my own solution, but it is more succinct. Here are the key insights from the official solution:

1. **Input Handling**: The official solution us...


INFO - Retrieved (score=0.4254):
In reflecting on my attempts to solve the problem, I gained several insights regarding the approach to counting subsets with specific conditions. The official solution provided a more efficient and straightforward method for calculating the required counts, which I can distill into key steps:

1....


INFO - [33m Retrieving 3 entries for db: summaries 
 [0m
INFO - Retrieved (score=0.2829):
In this problem, the goal was to count the number of subsets from a set of natural numbers {1, 2, ..., N} where a specific number I appears at a specific position K in the sorted order of the subset. The challenge was to efficiently handle multiple queries, especially given the constraints where ...


INFO - Retrieved (score=0.3294):
In this task, I implemented a solution to find the next permutation of a sequence of numbers in lexicographic order. The core concept involved identifying the rightmost ascent in the permutation, swapping elements, and reversing the suffix to generate the next permutation. This approach is effici...


INFO - Retrieved (score=0.3613):
In this task, the goal was to find the most frequently occurring largest prime factor from a list of integers across multiple test cases. The solution involved two main components: determining the largest prime factor for each number and counting the occurrences of these prime factors.

The appro...


INFO - [33m Retrieving 3 entries for db: non_func 
 [0m
INFO - Retrieved (score=0.4371):

[description for function: main]
This function reads the number of problems and subtasks, then processes each problem by reading scores and contestant counts. It pairs the scores with the corresponding contestants, sorts them, and counts the number of valid indices where the number of contestant...


INFO - Retrieved (score=0.4592):

[description for function: solve]
The function processes multiple queries to count the number of "exterminable" subarrays in given integer arrays. It reads input data, which includes the number of queries and the respective arrays. For each array, it calculates the count of subarrays that can be...


INFO - Retrieved (score=0.4624):

[description]
This function calculates the number of contiguous subarrays within a given list of integers that contain exactly a specified number of odd integers. It uses a two-pointer technique to maintain a sliding window, adjusting the left pointer when the count of odd integers exceeds the s...


INFO - Retrieved (score=0.2829): 
[Summary]:
    In this problem, the goal was to count the number of subsets from a set of natural numbers {1, 2, ..., N} where a specific number I appears at a specific position K in the sorted order of the subset. The challenge was to efficiently handle multiple queries, especially given the co...
INFO - Retrieved (score=0.3294): 
[Summary]:
    In this task, I implemented a solution to find the next permutation of a sequence of numbers in lexicographic order. The core concept involved identifying the rightmost ascent in the permutation, swapping elements, and reversing the suffix to generate the next permutation. This ap...
INFO - Retrieved (score=0.3613): 
[Summary]:
    In this task, the goal was to find the most frequently occurring largest prime factor from a list of integers across multiple test cases. The solution involved two main components: determining the largest prime factor for each number and counting the occurrences of these prime fac...
INFO - LM call n parse attempt 1 / 3

INFO - [Task id] 961 [prompt] 
You are an expert programmer tasked with solving the problem below.

Follow the user's instructions to solve the problem.
The user can ask for analysis, code, or both.

## Instructions
When asked to output code,
- Make sure to wrap your code in '```python' and '```' Markdown delimiters, 
- include exactly one block of code with the entire solution
- No outside libraries are allowed. 
- Builtins are allowed.
- If the task specifies a function name to be used, follow it strictly (be case sensitive!) and declare the that function last (helper functions are declared first).
- DO NOT write any assert statements / tests.

## Problem
[BEGIN PROBLEM]
The chef has one array of N natural numbers (might be in sorted order). Cheffina challenges chef to find the total number of inversions in the array.

-----Input:-----
- First-line will contain $T$, the number of test cases. Then the test cases follow. 
- Each test case contains two lines of input, $N$.
- N space-separated natural numbers. 

-----Output:-----
For each test case, output in a single line answer as the total number of inversions.

-----Constraints-----
- $1 \leq T \leq 10$
- $1 \leq N \leq 10^5$
- $1 \leq arr[i] \leq 10^5$

-----Sample Input:-----
1
5
5 4 1 3 2

-----Sample Output:-----
8

The output code needs to read from and write to standard IO


[END PROBLEM]

INFO - [Task id] 961 [prompt] 
## Instructions

Reason through the problem and:
1. Restate the problem in plain English
2. Conceptualize a solution first in plain English
3. Write a pseudocode solution
4. Output the final Python 3 solution with your solution steps in comments.

Make sure to wrap your code in '```python' and '```' Markdown delimiters, 
and include exactly one block of code with the entire solution.

No outside libraries are allowed.
Builtins are allowed.

INFO - [Task id] 961 [prompt] 
Also, here are some of your memories.
Feel free to use the given information to aid your problem solving process if necessary.
Do not confuse the memories with the problem statement.

## Memories

[Summary]:
    In this problem, the goal was to count the number of subsets from a set of natural numbers {1, 2, ..., N} where a specific number I appears at a specific position K in the sorted order of the subset. The challenge was to efficiently handle multiple queries, especially given the constraints where N can be as large as 4000 and the number of queries can reach up to 1,000,000.

    The initial attempts focused on calculating binomial coefficients to determine how many ways we could select elements from the set. However, the logic for combining these counts was flawed, particularly in how subsets were counted based on the position of I. The key realization was that for I to be at position K, we needed to choose K-1 elements from those less than I and any number of elements from those greater than I. This led to the use of the expression `2^right_count` to account for all possible subsets from the right side.

    The final solution involved a correct implementation of the binomial coefficient calculation and the use of bit shifting to efficiently compute powers of two. The code was structured to read input, process each query, and output results in a single operation to optimize performance.

    Here’s the final code snippet for reference:

    ```python
    def binomial_coefficient(n, k):
        if k > n or k < 0:
            return 0
        if k == 0 or k == n:
            return 1
        res = 1
        for i in range(1, k + 1):
            res = res * (n - i + 1) // i
        return res

    def solve():
        import sys
        input = sys.stdin.read
        data = input().splitlines()
    
        MOD = 10**9 + 7
        index = 0
        T = int(data[index])
        index += 1
        results = []
    
        for _ in range(T):
            N, Q = map(int, data[index].split())
            index += 1
        
            for __ in range(Q):
                I, K = map(int, data[index].split())
                index += 1
            
                if K > N or K < 1 or I < K:
                    results.append(0)
                    continue
            
                left_count = I - 1
                right_count = N - I
            
                total_subsets = (binomial_coefficient(left_count, K - 1) * (1 << right_count)) % MOD
                results.append(total_subsets)
    
        sys.stdout.write('\n'.join(map(str, results)) + '\n')

    solve()
    ```

    This experience reinforced the importance of carefully analyzing the requirements of combinatorial problems and ensuring that all conditions are accounted for in the calculations.
[/Summary]


[Summary]:
    In this task, I implemented a solution to find the next permutation of a sequence of numbers in lexicographic order. The core concept involved identifying the rightmost ascent in the permutation, swapping elements, and reversing the suffix to generate the next permutation. This approach is efficient and works well within the constraints provided.

    The implementation followed a clear structure: a helper function `next_permutation` to handle the permutation logic and a `main` function to manage input and output. The solution successfully handled multiple permutations as specified in the problem statement.

    One key takeaway is the importance of understanding the mechanics of generating permutations, particularly the lexicographic order. The solution was straightforward, and no unexpected errors occurred during the implementation. The code was tested against sample inputs, and it produced the expected outputs, confirming its correctness. 

    Here’s the essential code snippet for future reference:

    ```python
    def next_permutation(arr):
        i = len(arr) - 2
        while i >= 0 and arr[i] >= arr[i + 1]:
            i -= 1
        if i == -1:
            arr.reverse()
            return arr
        j = len(arr) - 1
        while arr[j] <= arr[i]:
            j -= 1
        arr[i], arr[j] = arr[j], arr[i]
        arr[i + 1:] = reversed(arr[i + 1:])
        return arr

    def main():
        N, K = map(int, input().split())
        results = []
        for _ in range(K):
            permutation = list(map(int, input().split()))
            next_perm = next_permutation(permutation)
            results.append(" ".join(map(str, next_perm)))
        print("\n".join(results))

    main()
    ``` 

    This summary encapsulates the problem-solving process and the solution's structure, which can be useful for similar tasks in the future.
[/Summary]


[Summary]:
    In this task, the goal was to find the most frequently occurring largest prime factor from a list of integers across multiple test cases. The solution involved two main components: determining the largest prime factor for each number and counting the occurrences of these prime factors.

    The approach I took was to implement a function `largest_prime_factor` that efficiently calculates the largest prime factor of a given number using trial division. This function checks for divisibility starting from the smallest prime (2) and continues with odd numbers up to the square root of the number. The main function `solve` reads input, processes each test case, and maintains a count of the largest prime factors using a dictionary.

    The solution was straightforward and worked as expected, passing the provided test cases. Key concepts included prime factorization and frequency counting, which are common in problems involving number theory. The implementation was efficient enough to handle the upper limits of the constraints without performance issues.

    Overall, the experience reinforced the importance of understanding prime factorization and efficient counting techniques in algorithm design. The final code snippet is as follows:

    ```python
    def largest_prime_factor(n):
        largest_prime = 1
        while n % 2 == 0:
            largest_prime = 2
            n //= 2
        for i in range(3, int(n**0.5) + 1, 2):
            while n % i == 0:
                largest_prime = i
                n //= i
        if n > 2:
            largest_prime = n
        return largest_prime

    def solve():
        import sys
        input = sys.stdin.read
        data = input().splitlines()
    
        T = int(data[0])
        results = []
    
        index = 1
        for _ in range(T):
            N = int(data[index])
            index += 1
            elements = list(map(int, data[index].split()))
            index += 1
        
            prime_count = {}
        
            for number in elements:
                largest_prime = largest_prime_factor(number)
                if largest_prime in prime_count:
                    prime_count[largest_prime] += 1
                else:
                    prime_count[largest_prime] = 1
        
            max_count = -1
            result_prime = -1
        
            for prime, count in prime_count.items():
                if count > max_count or (count == max_count and prime > result_prime):
                    max_count = count
                    result_prime = prime
        
            results.append(result_prime)
    
        for res in results:
            print(res)

    solve()
    ```
[/Summary]


INFO - [Task id] 961 [generation text] 1. **Restate the problem in plain English**: 
   The task is to count the number of inversions in an array of natural numbers for multiple test cases. An inversion is defined as a pair of indices (i, j) such that i < j and arr[i] > arr[j]. 

2. **Conceptualize a solution first in plain English**: 
   To efficiently count inversions, we can use a modified merge sort algorithm. This approach divides the array into two halves, counts inversions in each half recursively, and counts inversions that cross the halves while merging. The total number of inversions is the sum of the inversions found in the left half, the right half, and the cross inversions.

3. **Write a pseudocode solution**:
   ```
   function merge_and_count(arr, temp_arr, left, mid, right):
       i = left    // Starting index for left subarray
       j = mid + 1 // Starting index for right subarray
       k = left    // Starting index to be sorted
       inv_count = 0

       while i <= mid and j <= right:
           if arr[i] <= arr[j]:
               temp_arr[k] = arr[i]
               i += 1
           else:
               temp_arr[k] = arr[j]
               inv_count += (mid - i + 1) // Count inversions
               j += 1
           k += 1

       while i <= mid:
           temp_arr[k] = arr[i]
           i += 1
           k += 1

       while j <= right:
           temp_arr[k] = arr[j]
           j += 1
           k += 1

       for i in range(left, right + 1):
           arr[i] = temp_arr[i]

       return inv_count

   function merge_sort_and_count(arr, temp_arr, left, right):
       inv_count = 0
       if left < right:
           mid = (left + right) // 2
           inv_count += merge_sort_and_count(arr, temp_arr, left, mid)
           inv_count += merge_sort_and_count(arr, temp_arr, mid + 1, right)
           inv_count += merge_and_count(arr, temp_arr, left, mid, right)
       return inv_count

   function solve():
       read T
       for each test case:
           read N
           read array of N numbers
           create temp_arr of size N
           result = merge_sort_and_count(array, temp_arr, 0, N - 1)
           print result
   ```

4. **Output the final Python 3 solution with your solution steps in comments**:
```python
def merge_and_count(arr, temp_arr, left, mid, right):
    i = left    # Starting index for left subarray
    j = mid + 1 # Starting index for right subarray
    k = left    # Starting index to be sorted
    inv_count = 0

    # Conditions are checked to ensure that i doesn't exceed mid and j doesn't exceed right
    while i <= mid and j <= right:
        if arr[i] <= arr[j]:
            temp_arr[k] = arr[i]
            i += 1
        else:
            temp_arr[k] = arr[j]
            inv_count += (mid - i + 1)  # Count inversions
            j += 1
        k += 1

    # Copy the remaining elements of left subarray, if any
    while i <= mid:
        temp_arr[k] = arr[i]
        i += 1
        k += 1

    # Copy the remaining elements of right subarray, if any
    while j <= right:
        temp_arr[k] = arr[j]
        j += 1
        k += 1

    # Copy the sorted subarray into Original array
    for i in range(left, right + 1):
        arr[i] = temp_arr[i]

    return inv_count

def merge_sort_and_count(arr, temp_arr, left, right):
    inv_count = 0
    if left < right:
        mid = (left + right) // 2
        inv_count += merge_sort_and_count(arr, temp_arr, left, mid)
        inv_count += merge_sort_and_count(arr, temp_arr, mid + 1, right)
        inv_count += merge_and_count(arr, temp_arr, left, mid, right)
    return inv_count

def solve():
    import sys
    input = sys.stdin.read
    data = input().splitlines()
    
    T = int(data[0])  # Read number of test cases
    index = 1
    results = []
    
    for _ in range(T):
        N = int(data[index])  # Read size of array
        index += 1
        arr = list(map(int, data[index].split()))  # Read the array
        index += 1
        
        temp_arr = [0] * N  # Temporary array for merge sort
        result = merge_sort_and_count(arr, temp_arr, 0, N - 1)  # Count inversions
        results.append(result)  # Store result for this test case
    
    # Print all results for each test case
    for res in results:
        print(res)

solve()
```
INFO - program_code:
 
def merge_and_count(arr, temp_arr, left, mid, right):
    i = left    # Starting index for left subarray
    j = mid + 1 # Starting index for right subarray
    k = left    # Starting index to be sorted
    inv_count = 0

    # Conditions are checked to ensure that i doesn't exceed mid and j doesn't exceed right
    while i <= mid and j <= right:
        if arr[i] <= arr[j]:
            temp_arr[k] = arr[i]
            i += 1
        else:
            temp_arr[k] = arr[j]
            inv_count += (mid - i + 1)  # Count inversions
            j += 1
        k += 1

    # Copy the remaining elements of left subarray, if any
    while i <= mid:
        temp_arr[k] = arr[i]
        i += 1
        k += 1

    # Copy the remaining elements of right subarray, if any
    while j <= right:
        temp_arr[k] = arr[j]
        j += 1
        k += 1

    # Copy the sorted subarray into Original array
    for i in range(left, right + 1):
        arr[i] = temp_arr[i]

    return inv_count

def merge_sort_and_count(arr, temp_arr, left, right):
    inv_count = 0
    if left < right:
        mid = (left + right) // 2
        inv_count += merge_sort_and_count(arr, temp_arr, left, mid)
        inv_count += merge_sort_and_count(arr, temp_arr, mid + 1, right)
        inv_count += merge_and_count(arr, temp_arr, left, mid, right)
    return inv_count

def solve():
    import sys
    input = sys.stdin.read
    data = input().splitlines()
    
    T = int(data[0])  # Read number of test cases
    index = 1
    results = []
    
    for _ in range(T):
        N = int(data[index])  # Read size of array
        index += 1
        arr = list(map(int, data[index].split()))  # Read the array
        index += 1
        
        temp_arr = [0] * N  # Temporary array for merge sort
        result = merge_sort_and_count(arr, temp_arr, 0, N - 1)  # Count inversions
        results.append(result)  # Store result for this test case
    
    # Print all results for each test case
    for res in results:
        print(res)

solve()


INFO - program_name:
 solve

INFO - dependencies:
 []

INFO - raw_msg:
 1. **Restate the problem in plain English**: 
   The task is to count the number of inversions in an array of natural numbers for multiple test cases. An inversion is defined as a pair of indices (i, j) such that i < j and arr[i] > arr[j]. 

2. **Conceptualize a solution first in plain English**: 
   To efficiently count inversions, we can use a modified merge sort algorithm. This approach divides the array into two halves, counts inversions in each half recursively, and counts inversions that cross the halves while merging. The total number of inversions is the sum of the inversions found in the left half, the right half, and the cross inversions.

3. **Write a pseudocode solution**:
   ```
   function merge_and_count(arr, temp_arr, left, mid, right):
       i = left    // Starting index for left subarray
       j = mid + 1 // Starting index for right subarray
       k = left    // Starting index to be sorted
       inv_count = 0

       while i <= mid and j <= right:
           if arr[i] <= arr[j]:
               temp_arr[k] = arr[i]
               i += 1
           else:
               temp_arr[k] = arr[j]
               inv_count += (mid - i + 1) // Count inversions
               j += 1
           k += 1

       while i <= mid:
           temp_arr[k] = arr[i]
           i += 1
           k += 1

       while j <= right:
           temp_arr[k] = arr[j]
           j += 1
           k += 1

       for i in range(left, right + 1):
           arr[i] = temp_arr[i]

       return inv_count

   function merge_sort_and_count(arr, temp_arr, left, right):
       inv_count = 0
       if left < right:
           mid = (left + right) // 2
           inv_count += merge_sort_and_count(arr, temp_arr, left, mid)
           inv_count += merge_sort_and_count(arr, temp_arr, mid + 1, right)
           inv_count += merge_and_count(arr, temp_arr, left, mid, right)
       return inv_count

   function solve():
       read T
       for each test case:
           read N
           read array of N numbers
           create temp_arr of size N
           result = merge_sort_and_count(array, temp_arr, 0, N - 1)
           print result
   ```

4. **Output the final Python 3 solution with your solution steps in comments**:
```python
def merge_and_count(arr, temp_arr, left, mid, right):
    i = left    # Starting index for left subarray
    j = mid + 1 # Starting index for right subarray
    k = left    # Starting index to be sorted
    inv_count = 0

    # Conditions are checked to ensure that i doesn't exceed mid and j doesn't exceed right
    while i <= mid and j <= right:
        if arr[i] <= arr[j]:
            temp_arr[k] = arr[i]
            i += 1
        else:
            temp_arr[k] = arr[j]
            inv_count += (mid - i + 1)  # Count inversions
            j += 1
        k += 1

    # Copy the remaining elements of left subarray, if any
    while i <= mid:
        temp_arr[k] = arr[i]
        i += 1
        k += 1

    # Copy the remaining elements of right subarray, if any
    while j <= right:
        temp_arr[k] = arr[j]
        j += 1
        k += 1

    # Copy the sorted subarray into Original array
    for i in range(left, right + 1):
        arr[i] = temp_arr[i]

    return inv_count

def merge_sort_and_count(arr, temp_arr, left, right):
    inv_count = 0
    if left < right:
        mid = (left + right) // 2
        inv_count += merge_sort_and_count(arr, temp_arr, left, mid)
        inv_count += merge_sort_and_count(arr, temp_arr, mid + 1, right)
        inv_count += merge_and_count(arr, temp_arr, left, mid, right)
    return inv_count

def solve():
    import sys
    input = sys.stdin.read
    data = input().splitlines()
    
    T = int(data[0])  # Read number of test cases
    index = 1
    results = []
    
    for _ in range(T):
        N = int(data[index])  # Read size of array
        index += 1
        arr = list(map(int, data[index].split()))  # Read the array
        index += 1
        
        temp_arr = [0] * N  # Temporary array for merge sort
        result = merge_sort_and_count(arr, temp_arr, 0, N - 1)  # Count inversions
        results.append(result)  # Store result for this test case
    
    # Print all results for each test case
    for res in results:
        print(res)

solve()
```

INFO - no_parent:
 False

INFO - full code to be executed: 
 
def merge_and_count(arr, temp_arr, left, mid, right):
    i = left    # Starting index for left subarray
    j = mid + 1 # Starting index for right subarray
    k = left    # Starting index to be sorted
    inv_count = 0

    # Conditions are checked to ensure that i doesn't exceed mid and j doesn't exceed right
    while i <= mid and j <= right:
        if arr[i] <= arr[j]:
            temp_arr[k] = arr[i]
            i += 1
        else:
            temp_arr[k] = arr[j]
            inv_count += (mid - i + 1)  # Count inversions
            j += 1
        k += 1

    # Copy the remaining elements of left subarray, if any
    while i <= mid:
        temp_arr[k] = arr[i]
        i += 1
        k += 1

    # Copy the remaining elements of right subarray, if any
    while j <= right:
        temp_arr[k] = arr[j]
        j += 1
        k += 1

    # Copy the sorted subarray into Original array
    for i in range(left, right + 1):
        arr[i] = temp_arr[i]

    return inv_count

def merge_sort_and_count(arr, temp_arr, left, right):
    inv_count = 0
    if left < right:
        mid = (left + right) // 2
        inv_count += merge_sort_and_count(arr, temp_arr, left, mid)
        inv_count += merge_sort_and_count(arr, temp_arr, mid + 1, right)
        inv_count += merge_and_count(arr, temp_arr, left, mid, right)
    return inv_count

def solve():
    import sys
    input = sys.stdin.read
    data = input().splitlines()
    
    T = int(data[0])  # Read number of test cases
    index = 1
    results = []
    
    for _ in range(T):
        N = int(data[index])  # Read size of array
        index += 1
        arr = list(map(int, data[index].split()))  # Read the array
        index += 1
        
        temp_arr = [0] * N  # Temporary array for merge sort
        result = merge_sort_and_count(arr, temp_arr, 0, N - 1)  # Count inversions
        results.append(result)  # Store result for this test case
    
    # Print all results for each test case
    for res in results:
        print(res)

solve()


INFO - obs: Note: Inputs/outputs here are automatically extracted/truncated so formatting may be a bit off.
Tests passed:

 Input: ['1', '5', '5 4 1 3 2'] Output: 8

Tests failed:
None
reward: True
done: None
info: {'individual_results': [True]}
INFO - LM call n parse attempt 1 / 3

INFO - [Task id] 961 [prompt] 
You are an expert programmer tasked with solving the problem below.

Follow the user's instructions to solve the problem.
The user can ask for analysis, code, or both.

## Instructions
When asked to output code,
- Make sure to wrap your code in '```python' and '```' Markdown delimiters, 
- include exactly one block of code with the entire solution
- No outside libraries are allowed. 
- Builtins are allowed.
- If the task specifies a function name to be used, follow it strictly (be case sensitive!) and declare the that function last (helper functions are declared first).
- DO NOT write any assert statements / tests.

## Problem
[BEGIN PROBLEM]
The chef has one array of N natural numbers (might be in sorted order). Cheffina challenges chef to find the total number of inversions in the array.

-----Input:-----
- First-line will contain $T$, the number of test cases. Then the test cases follow. 
- Each test case contains two lines of input, $N$.
- N space-separated natural numbers. 

-----Output:-----
For each test case, output in a single line answer as the total number of inversions.

-----Constraints-----
- $1 \leq T \leq 10$
- $1 \leq N \leq 10^5$
- $1 \leq arr[i] \leq 10^5$

-----Sample Input:-----
1
5
5 4 1 3 2

-----Sample Output:-----
8

The output code needs to read from and write to standard IO


[END PROBLEM]

INFO - [Task id] 961 [prompt] 
## Instructions

Reason through the problem and:
1. Restate the problem in plain English
2. Conceptualize a solution first in plain English
3. Write a pseudocode solution
4. Output the final Python 3 solution with your solution steps in comments.

Make sure to wrap your code in '```python' and '```' Markdown delimiters, 
and include exactly one block of code with the entire solution.

No outside libraries are allowed.
Builtins are allowed.

INFO - [Task id] 961 [prompt] 1. **Restate the problem in plain English**: 
   The task is to count the number of inversions in an array of natural numbers for multiple test cases. An inversion is defined as a pair of indices (i, j) such that i < j and arr[i] > arr[j]. 

2. **Conceptualize a solution first in plain English**: 
   To efficiently count inversions, we can use a modified merge sort algorithm. This approach divides the array into two halves, counts inversions in each half recursively, and counts inversions that cross the halves while merging. The total number of inversions is the sum of the inversions found in the left half, the right half, and the cross inversions.

3. **Write a pseudocode solution**:
   ```
   function merge_and_count(arr, temp_arr, left, mid, right):
       i = left    // Starting index for left subarray
       j = mid + 1 // Starting index for right subarray
       k = left    // Starting index to be sorted
       inv_count = 0

       while i <= mid and j <= right:
           if arr[i] <= arr[j]:
               temp_arr[k] = arr[i]
               i += 1
           else:
               temp_arr[k] = arr[j]
               inv_count += (mid - i + 1) // Count inversions
               j += 1
           k += 1

       while i <= mid:
           temp_arr[k] = arr[i]
           i += 1
           k += 1

       while j <= right:
           temp_arr[k] = arr[j]
           j += 1
           k += 1

       for i in range(left, right + 1):
           arr[i] = temp_arr[i]

       return inv_count

   function merge_sort_and_count(arr, temp_arr, left, right):
       inv_count = 0
       if left < right:
           mid = (left + right) // 2
           inv_count += merge_sort_and_count(arr, temp_arr, left, mid)
           inv_count += merge_sort_and_count(arr, temp_arr, mid + 1, right)
           inv_count += merge_and_count(arr, temp_arr, left, mid, right)
       return inv_count

   function solve():
       read T
       for each test case:
           read N
           read array of N numbers
           create temp_arr of size N
           result = merge_sort_and_count(array, temp_arr, 0, N - 1)
           print result
   ```

4. **Output the final Python 3 solution with your solution steps in comments**:
```python
def merge_and_count(arr, temp_arr, left, mid, right):
    i = left    # Starting index for left subarray
    j = mid + 1 # Starting index for right subarray
    k = left    # Starting index to be sorted
    inv_count = 0

    # Conditions are checked to ensure that i doesn't exceed mid and j doesn't exceed right
    while i <= mid and j <= right:
        if arr[i] <= arr[j]:
            temp_arr[k] = arr[i]
            i += 1
        else:
            temp_arr[k] = arr[j]
            inv_count += (mid - i + 1)  # Count inversions
            j += 1
        k += 1

    # Copy the remaining elements of left subarray, if any
    while i <= mid:
        temp_arr[k] = arr[i]
        i += 1
        k += 1

    # Copy the remaining elements of right subarray, if any
    while j <= right:
        temp_arr[k] = arr[j]
        j += 1
        k += 1

    # Copy the sorted subarray into Original array
    for i in range(left, right + 1):
        arr[i] = temp_arr[i]

    return inv_count

def merge_sort_and_count(arr, temp_arr, left, right):
    inv_count = 0
    if left < right:
        mid = (left + right) // 2
        inv_count += merge_sort_and_count(arr, temp_arr, left, mid)
        inv_count += merge_sort_and_count(arr, temp_arr, mid + 1, right)
        inv_count += merge_and_count(arr, temp_arr, left, mid, right)
    return inv_count

def solve():
    import sys
    input = sys.stdin.read
    data = input().splitlines()
    
    T = int(data[0])  # Read number of test cases
    index = 1
    results = []
    
    for _ in range(T):
        N = int(data[index])  # Read size of array
        index += 1
        arr = list(map(int, data[index].split()))  # Read the array
        index += 1
        
        temp_arr = [0] * N  # Temporary array for merge sort
        result = merge_sort_and_count(arr, temp_arr, 0, N - 1)  # Count inversions
        results.append(result)  # Store result for this test case
    
    # Print all results for each test case
    for res in results:
        print(res)

solve()
```
INFO - [Task id] 961 [prompt] 
[Environment Feedback]:
    Note: Inputs/outputs here are automatically extracted/truncated so formatting may be a bit off.
    Tests passed:

     Input: ['1', '5', '5 4 1 3 2'] Output: 8

    Tests failed:
    None
[/Environment Feedback]

INFO - [Task id] 961 [prompt] 
## Instructions
Now, summarize your attempts as a **standalone** document for your own future reference. (can skip formalities, be concise)

- Only include the most relevant information and code snippets that could be useful in the future.
- If you did not learn much from the current experience (e.g. the problem was too easy), feel free to write less or nothing at all.
- Here are some ideas if the experience was useful:
    - Identifying the core concepts and patterns that problem appears to test for
    - Describing the strategies that seemed to work but did not, and vice versa
    - Describing unexpected errors and how they were fixed

Your summary should be at most a few paragraphs.

INFO - [Task id] 961 [generation text] In this task, the goal was to count the number of inversions in an array of natural numbers across multiple test cases. An inversion is defined as a pair of indices (i, j) such that i < j and arr[i] > arr[j]. The efficient approach to solve this problem is to use a modified merge sort algorithm, which allows counting inversions while sorting the array.

The core concept involved using a divide-and-conquer strategy. The array is recursively divided into two halves, and inversions are counted in each half as well as those that cross the halves during the merge process. This method is efficient with a time complexity of O(N log N), making it suitable for the input constraints.

The implementation involved defining helper functions for merging and counting inversions, and a main function to handle input and output. The solution was successfully tested with the provided sample input, yielding the correct output. No unexpected errors were encountered, and the approach proved effective for the problem at hand. 

Key code snippets include the `merge_and_count` function, which counts inversions during the merge step, and the `merge_sort_and_count` function, which orchestrates the recursive sorting and counting process. The final solution is structured to read from standard input and output the results for each test case.
INFO - LM call n parse attempt 1 / 3

INFO - [Task id] 961 [prompt] 
You are an expert programmer tasked with solving the problem below.

Follow the user's instructions to solve the problem.
The user can ask for analysis, code, or both.

## Instructions
When asked to output code,
- Make sure to wrap your code in '```python' and '```' Markdown delimiters, 
- include exactly one block of code with the entire solution
- No outside libraries are allowed. 
- Builtins are allowed.
- If the task specifies a function name to be used, follow it strictly (be case sensitive!) and declare the that function last (helper functions are declared first).
- DO NOT write any assert statements / tests.

## Problem
[BEGIN PROBLEM]
The chef has one array of N natural numbers (might be in sorted order). Cheffina challenges chef to find the total number of inversions in the array.

-----Input:-----
- First-line will contain $T$, the number of test cases. Then the test cases follow. 
- Each test case contains two lines of input, $N$.
- N space-separated natural numbers. 

-----Output:-----
For each test case, output in a single line answer as the total number of inversions.

-----Constraints-----
- $1 \leq T \leq 10$
- $1 \leq N \leq 10^5$
- $1 \leq arr[i] \leq 10^5$

-----Sample Input:-----
1
5
5 4 1 3 2

-----Sample Output:-----
8

The output code needs to read from and write to standard IO


[END PROBLEM]

INFO - [Task id] 961 [prompt] 
## Instructions

Reason through the problem and:
1. Restate the problem in plain English
2. Conceptualize a solution first in plain English
3. Write a pseudocode solution
4. Output the final Python 3 solution with your solution steps in comments.

Make sure to wrap your code in '```python' and '```' Markdown delimiters, 
and include exactly one block of code with the entire solution.

No outside libraries are allowed.
Builtins are allowed.

INFO - [Task id] 961 [prompt] 1. **Restate the problem in plain English**: 
   The task is to count the number of inversions in an array of natural numbers for multiple test cases. An inversion is defined as a pair of indices (i, j) such that i < j and arr[i] > arr[j]. 

2. **Conceptualize a solution first in plain English**: 
   To efficiently count inversions, we can use a modified merge sort algorithm. This approach divides the array into two halves, counts inversions in each half recursively, and counts inversions that cross the halves while merging. The total number of inversions is the sum of the inversions found in the left half, the right half, and the cross inversions.

3. **Write a pseudocode solution**:
   ```
   function merge_and_count(arr, temp_arr, left, mid, right):
       i = left    // Starting index for left subarray
       j = mid + 1 // Starting index for right subarray
       k = left    // Starting index to be sorted
       inv_count = 0

       while i <= mid and j <= right:
           if arr[i] <= arr[j]:
               temp_arr[k] = arr[i]
               i += 1
           else:
               temp_arr[k] = arr[j]
               inv_count += (mid - i + 1) // Count inversions
               j += 1
           k += 1

       while i <= mid:
           temp_arr[k] = arr[i]
           i += 1
           k += 1

       while j <= right:
           temp_arr[k] = arr[j]
           j += 1
           k += 1

       for i in range(left, right + 1):
           arr[i] = temp_arr[i]

       return inv_count

   function merge_sort_and_count(arr, temp_arr, left, right):
       inv_count = 0
       if left < right:
           mid = (left + right) // 2
           inv_count += merge_sort_and_count(arr, temp_arr, left, mid)
           inv_count += merge_sort_and_count(arr, temp_arr, mid + 1, right)
           inv_count += merge_and_count(arr, temp_arr, left, mid, right)
       return inv_count

   function solve():
       read T
       for each test case:
           read N
           read array of N numbers
           create temp_arr of size N
           result = merge_sort_and_count(array, temp_arr, 0, N - 1)
           print result
   ```

4. **Output the final Python 3 solution with your solution steps in comments**:
```python
def merge_and_count(arr, temp_arr, left, mid, right):
    i = left    # Starting index for left subarray
    j = mid + 1 # Starting index for right subarray
    k = left    # Starting index to be sorted
    inv_count = 0

    # Conditions are checked to ensure that i doesn't exceed mid and j doesn't exceed right
    while i <= mid and j <= right:
        if arr[i] <= arr[j]:
            temp_arr[k] = arr[i]
            i += 1
        else:
            temp_arr[k] = arr[j]
            inv_count += (mid - i + 1)  # Count inversions
            j += 1
        k += 1

    # Copy the remaining elements of left subarray, if any
    while i <= mid:
        temp_arr[k] = arr[i]
        i += 1
        k += 1

    # Copy the remaining elements of right subarray, if any
    while j <= right:
        temp_arr[k] = arr[j]
        j += 1
        k += 1

    # Copy the sorted subarray into Original array
    for i in range(left, right + 1):
        arr[i] = temp_arr[i]

    return inv_count

def merge_sort_and_count(arr, temp_arr, left, right):
    inv_count = 0
    if left < right:
        mid = (left + right) // 2
        inv_count += merge_sort_and_count(arr, temp_arr, left, mid)
        inv_count += merge_sort_and_count(arr, temp_arr, mid + 1, right)
        inv_count += merge_and_count(arr, temp_arr, left, mid, right)
    return inv_count

def solve():
    import sys
    input = sys.stdin.read
    data = input().splitlines()
    
    T = int(data[0])  # Read number of test cases
    index = 1
    results = []
    
    for _ in range(T):
        N = int(data[index])  # Read size of array
        index += 1
        arr = list(map(int, data[index].split()))  # Read the array
        index += 1
        
        temp_arr = [0] * N  # Temporary array for merge sort
        result = merge_sort_and_count(arr, temp_arr, 0, N - 1)  # Count inversions
        results.append(result)  # Store result for this test case
    
    # Print all results for each test case
    for res in results:
        print(res)

solve()
```
INFO - [Task id] 961 [prompt] 
[Environment Feedback]:
    Note: Inputs/outputs here are automatically extracted/truncated so formatting may be a bit off.
    Tests passed:

     Input: ['1', '5', '5 4 1 3 2'] Output: 8

    Tests failed:
    None
[/Environment Feedback]

INFO - [Task id] 961 [prompt] 
Below is the official solution (do exercise discretion as official solutions can also have mistakes).

You will be reflecting on your attempts to solve the problem.
This will be a **standalone** document for your own future reference. (can skip formalities, be concise)

## Instructions
- Only include the most relevant insights and code snippets that could be useful in the future.
- If you did not learn much from the current experience (e.g. the problem was too easy / official solution was obvious), feel free to write less or nothing at all.
- Here are some ideas if the experience was useful:
    - If the official solution is insightful (e.g. better than yours in time and space complexity or more effective in breaking down the problem statement), distil the key approach of the official solution, step by step.
    - If your approach failed the test cases, reason why the official solution works but yours does not

Your reflection should be at most a few paragraphs.

## Official solution
# cook your dish here
def mergeSort(arr, n): 
    # A temp_arr is created to store 
    # sorted array in merge function 
    temp_arr = [0]*n 
    return _mergeSort(arr, temp_arr, 0, n-1) 
  
# This Function will use MergeSort to count inversions 
  
def _mergeSort(arr, temp_arr, left, right): 
  
    # A variable inv_count is used to store 
    # inversion counts in each recursive call 
  
    inv_count = 0
  
    # We will make a recursive call if and only if 
    # we have more than one elements 
  
    if left < right: 
  
        # mid is calculated to divide the array into two subarrays 
        # Floor division is must in case of python 
  
        mid = (left + right)//2
  
        # It will calculate inversion  
        # counts in the left subarray 
  
        inv_count += _mergeSort(arr, temp_arr,  
                                    left, mid) 
  
        # It will calculate inversion  
        # counts in right subarray 
  
        inv_count += _mergeSort(arr, temp_arr,  
                                  mid + 1, right) 
  
        # It will merge two subarrays in  
        # a sorted subarray 
  
        inv_count += merge(arr, temp_arr, left, mid, right) 
    return inv_count 
  
# This function will merge two subarrays  
# in a single sorted subarray 
def merge(arr, temp_arr, left, mid, right): 
    i = left     # Starting index of left subarray 
    j = mid + 1 # Starting index of right subarray 
    k = left     # Starting index of to be sorted subarray 
    inv_count = 0
  
    # Conditions are checked to make sure that  
    # i and j don't exceed their 
    # subarray limits. 
  
    while i <= mid and j <= right: 
  
        # There will be no inversion if arr[i] <= arr[j] 
  
        if arr[i] <= arr[j]: 
            temp_arr[k] = arr[i] 
            k += 1
            i += 1
        else: 
            # Inversion will occur. 
            temp_arr[k] = arr[j] 
            inv_count += (mid-i + 1) 
            k += 1
            j += 1
  
    # Copy the remaining elements of left  
    # subarray into temporary array 
    while i <= mid: 
        temp_arr[k] = arr[i] 
        k += 1
        i += 1
  
    # Copy the remaining elements of right  
    # subarray into temporary array 
    while j <= right: 
        temp_arr[k] = arr[j] 
        k += 1
        j += 1
  
    # Copy the sorted subarray into Original array 
    for loop_var in range(left, right + 1): 
        arr[loop_var] = temp_arr[loop_var] 
          
    return inv_count 
    
for _ in range(int(input())):
    n = int(input())
    a = list(map(int,input().split()))
    print(mergeSort(a, n) )

INFO - [Task id] 961 [generation text] The official solution effectively implements a modified merge sort algorithm to count inversions in an array. The key insights from this solution include:

1. **Recursive Division**: The algorithm divides the array into two halves recursively until it reaches subarrays of size one. This is a standard approach in divide-and-conquer algorithms, allowing for efficient processing of the data.

2. **Counting Inversions During Merge**: The critical part of the solution is in the `merge` function, where it counts inversions while merging two sorted subarrays. When an element from the right subarray is smaller than an element from the left subarray, it indicates that all remaining elements in the left subarray (from the current index to the end) are greater than the current element from the right subarray. This is where the inversion count is updated.

3. **Efficiency**: The overall time complexity of the algorithm is O(N log N), which is efficient for the input constraints (up to 100,000 elements). This is significantly better than a naive O(N^2) approach that would involve checking every possible pair.

4. **Use of Temporary Array**: The solution uses a temporary array to facilitate the merging process, ensuring that the original array is updated correctly after counting inversions.

5. **Input Handling**: The solution reads multiple test cases in a straightforward manner, processing each case independently and printing the results.

In my own attempt, the structure was similar, but I could have emphasized the counting of inversions more clearly during the merge step. The official solution's clarity in separating the counting logic from the merging logic is a good practice that enhances readability and maintainability. Overall, the official solution serves as a solid reference for implementing inversion counting using merge sort.
INFO - Updated entry: In this task, the goal was to count the number of inversions in an array of natural numbers across multiple test cases. An inversion is defined as a pair of indices (i, j) such that i < j and arr[i] > arr[j]. The efficient approach to solve this problem is to use a modified merge sort algorithm, ...,

INFO - Metadata: {
    "task_id": 961
}

INFO - Updated entry: The official solution effectively implements a modified merge sort algorithm to count inversions in an array. The key insights from this solution include:

1. **Recursive Division**: The algorithm divides the array into two halves recursively until it reaches subarrays of size one. This is a stan...,

INFO - Metadata: {
    "task_id": 961
}

INFO - LM call n parse attempt 1 / 3

INFO - [Task id] 961 [prompt] 
You are a helpful assistant that writes a description of the given function written in the Python programming language.

1) Do not mention the function name.
2) Do not mention anything about helper functions.
3) There might be some helper functions before the main function, but you only need to describe the main function.
4) Try to summarize the function in no more than 6 sentences.
5) Your response should be a single line of text.

INFO - [Task id] 961 [prompt] 
def merge_and_count(arr, temp_arr, left, mid, right):
    i = left    # Starting index for left subarray
    j = mid + 1 # Starting index for right subarray
    k = left    # Starting index to be sorted
    inv_count = 0

    # Conditions are checked to ensure that i doesn't exceed mid and j doesn't exceed right
    while i <= mid and j <= right:
        if arr[i] <= arr[j]:
            temp_arr[k] = arr[i]
            i += 1
        else:
            temp_arr[k] = arr[j]
            inv_count += (mid - i + 1)  # Count inversions
            j += 1
        k += 1

    # Copy the remaining elements of left subarray, if any
    while i <= mid:
        temp_arr[k] = arr[i]
        i += 1
        k += 1

    # Copy the remaining elements of right subarray, if any
    while j <= right:
        temp_arr[k] = arr[j]
        j += 1
        k += 1

    # Copy the sorted subarray into Original array
    for i in range(left, right + 1):
        arr[i] = temp_arr[i]

    return inv_count

def merge_sort_and_count(arr, temp_arr, left, right):
    inv_count = 0
    if left < right:
        mid = (left + right) // 2
        inv_count += merge_sort_and_count(arr, temp_arr, left, mid)
        inv_count += merge_sort_and_count(arr, temp_arr, mid + 1, right)
        inv_count += merge_and_count(arr, temp_arr, left, mid, right)
    return inv_count

def solve():
    import sys
    input = sys.stdin.read
    data = input().splitlines()
    
    T = int(data[0])  # Read number of test cases
    index = 1
    results = []
    
    for _ in range(T):
        N = int(data[index])  # Read size of array
        index += 1
        arr = list(map(int, data[index].split()))  # Read the array
        index += 1
        
        temp_arr = [0] * N  # Temporary array for merge sort
        result = merge_sort_and_count(arr, temp_arr, 0, N - 1)  # Count inversions
        results.append(result)  # Store result for this test case
    
    # Print all results for each test case
    for res in results:
        print(res)

solve()


The main function is `solve`.
INFO - [Task id] 961 [generation text] This function reads multiple test cases from standard input, where each test case consists of an integer array. It initializes a temporary array for sorting and counts the number of inversions in the array using a merge sort algorithm. For each test case, it processes the array and appends the inversion count to a results list. Finally, it prints the inversion counts for all test cases. The function effectively combines input handling, sorting, and output in a structured manner. It ensures that the inversion counts are calculated efficiently for potentially large datasets.
INFO - LM call n parse attempt 1 / 3

INFO - [Task id] 961 [prompt] 
You are a helpful assistant that extracts important information from problems and solutions to aid in searchability and education.

## Instructions
- Read through the problem and solution carefully.
- Reason out, step by step, in what scenarios this knowledge would be useful.
- Focus on general patterns and situations to help connect this knowledge to new situations.
- Then, include a list of keywords that are useful for searching this problem/solution pair.

## Response format
Respond in JSON, and follow the keys and expected format of the values strictly.

The output should be formatted as a JSON instance that conforms to the JSON schema below.

As an example, for the schema {"properties": {"foo": {"title": "Foo", "description": "a list of strings", "type": "array", "items": {"type": "string"}}}, "required": ["foo"]}
the object {"foo": ["bar", "baz"]} is a well-formatted instance of the schema. The object {"properties": {"foo": ["bar", "baz"]}} is not well-formatted.

Here is the output schema:
```
{"properties": {"scenarios": {"description": "In what scenarios will this knowledge be useful? Answer in a paragraph.", "title": "Scenarios", "type": "string"}, "keywords": {"description": "List of keywords that are useful for searching this problem/solution pair", "items": {"type": "string"}, "title": "Keywords", "type": "array"}}, "required": ["scenarios", "keywords"]}
```

INFO - [Task id] 961 [prompt] 
[Problem]
    The chef has one array of N natural numbers (might be in sorted order). Cheffina challenges chef to find the total number of inversions in the array.

    -----Input:-----
    - First-line will contain $T$, the number of test cases. Then the test cases follow. 
    - Each test case contains two lines of input, $N$.
    - N space-separated natural numbers. 

    -----Output:-----
    For each test case, output in a single line answer as the total number of inversions.

    -----Constraints-----
    - $1 \leq T \leq 10$
    - $1 \leq N \leq 10^5$
    - $1 \leq arr[i] \leq 10^5$

    -----Sample Input:-----
    1
    5
    5 4 1 3 2

    -----Sample Output:-----
    8
[/Problem]

[Solution]

    def merge_and_count(arr, temp_arr, left, mid, right):
        i = left    # Starting index for left subarray
        j = mid + 1 # Starting index for right subarray
        k = left    # Starting index to be sorted
        inv_count = 0

        # Conditions are checked to ensure that i doesn't exceed mid and j doesn't exceed right
        while i <= mid and j <= right:
            if arr[i] <= arr[j]:
                temp_arr[k] = arr[i]
                i += 1
            else:
                temp_arr[k] = arr[j]
                inv_count += (mid - i + 1)  # Count inversions
                j += 1
            k += 1

        # Copy the remaining elements of left subarray, if any
        while i <= mid:
            temp_arr[k] = arr[i]
            i += 1
            k += 1

        # Copy the remaining elements of right subarray, if any
        while j <= right:
            temp_arr[k] = arr[j]
            j += 1
            k += 1

        # Copy the sorted subarray into Original array
        for i in range(left, right + 1):
            arr[i] = temp_arr[i]

        return inv_count

    def merge_sort_and_count(arr, temp_arr, left, right):
        inv_count = 0
        if left < right:
            mid = (left + right) // 2
            inv_count += merge_sort_and_count(arr, temp_arr, left, mid)
            inv_count += merge_sort_and_count(arr, temp_arr, mid + 1, right)
            inv_count += merge_and_count(arr, temp_arr, left, mid, right)
        return inv_count

    def solve():
        import sys
        input = sys.stdin.read
        data = input().splitlines()
    
        T = int(data[0])  # Read number of test cases
        index = 1
        results = []
    
        for _ in range(T):
            N = int(data[index])  # Read size of array
            index += 1
            arr = list(map(int, data[index].split()))  # Read the array
            index += 1
        
            temp_arr = [0] * N  # Temporary array for merge sort
            result = merge_sort_and_count(arr, temp_arr, 0, N - 1)  # Count inversions
            results.append(result)  # Store result for this test case
    
        # Print all results for each test case
        for res in results:
            print(res)

    solve()

[/Solution]

INFO - [Task id] 961 [generation text] 
INFO - {
    "scenarios": "This knowledge is useful in scenarios where one needs to analyze the order of elements in an array, particularly in sorting algorithms and data analysis. It can be applied in competitive programming, algorithm design, and optimization problems where understanding the number of inversions can help in determining the efficiency of sorting methods or in assessing the degree of disorder in a dataset. Additionally, it can be relevant in fields like computer science, statistics, and data science where inversion counts can indicate relationships between data points.",
    "keywords": [
        "inversions",
        "merge sort",
        "count inversions",
        "algorithm",
        "competitive programming",
        "sorting",
        "data analysis",
        "natural numbers",
        "array",
        "test cases"
    ]
}
INFO - {
    "scenarios": "This knowledge is useful in scenarios where one needs to analyze the order of elements in an array, particularly in sorting algorithms and data analysis. It can be applied in competitive programming, algorithm design, and optimization problems where understanding the number of inversions can help in determining the efficiency of sorting methods or in assessing the degree of disorder in a dataset. Additionally, it can be relevant in fields like computer science, statistics, and data science where inversion counts can indicate relationships between data points.",
    "keywords": [
        "inversions",
        "merge sort",
        "count inversions",
        "algorithm",
        "competitive programming",
        "sorting",
        "data analysis",
        "natural numbers",
        "array",
        "test cases"
    ]
}
INFO - Updated entry: 
[description for function: solve]
This function reads multiple test cases from standard input, where each test case consists of an integer array. It initializes a temporary array for sorting and counts the number of inversions in the array using a merge sort algorithm. For each test case, it pro...,

INFO - Metadata: {
    "task": 961,
    "code": "\ndef merge_and_count(arr, temp_arr, left, mid, right):\n    i = left    # Starting index for left subarray\n    j = mid + 1 # Starting index for right subarray\n    k = left    # Starting index to be sorted\n    inv_count = 0\n\n    # Conditions are checked to ens...

