INFO - DB skill doc count: 0

INFO - DB non_func doc count: 54

INFO - DB semantic doc count: 429

INFO - DB summaries doc count: 70

INFO - DB reflections doc count: 70

INFO - DB episodic doc count: 0

INFO - [train iter]: 70/100 

INFO - The task prompt is Given the array nums consisting of n positive integers. You computed the sum of all non-empty continous subarrays from the array and then sort them in non-decreasing order, creating a new array of n * (n + 1) / 2 numbers.
Return the sum of the numbers from index left to index right (indexed from ...

INFO - Attempting task_id 475
INFO - LM call n parse attempt 1 / 3

INFO - [Task id] 475 [prompt] 
You are an expert programmer tasked with solving the problem below.

Follow the user's instructions to solve the problem.
The user can ask for analysis, code, or both.

## Instructions
When asked to output code,
- Make sure to wrap your code in '```python' and '```' Markdown delimiters, 
- include exactly one block of code with the entire solution
- No outside libraries are allowed. 
- Builtins are allowed.
- If the task specifies a function name to be used, follow it strictly (be case sensitive!) and declare the that function last (helper functions are declared first).
- DO NOT write any assert statements / tests.

## Problem
[BEGIN PROBLEM]
Given the array nums consisting of n positive integers. You computed the sum of all non-empty continous subarrays from the array and then sort them in non-decreasing order, creating a new array of n * (n + 1) / 2 numbers.
Return the sum of the numbers from index left to index right (indexed from 1), inclusive, in the new array. Since the answer can be a huge number return it modulo 10^9 + 7.
 
Example 1:
Input: nums = [1,2,3,4], n = 4, left = 1, right = 5
Output: 13 
Explanation: All subarray sums are 1, 3, 6, 10, 2, 5, 9, 3, 7, 4. After sorting them in non-decreasing order we have the new array [1, 2, 3, 3, 4, 5, 6, 7, 9, 10]. The sum of the numbers from index le = 1 to ri = 5 is 1 + 2 + 3 + 3 + 4 = 13. 

Example 2:
Input: nums = [1,2,3,4], n = 4, left = 3, right = 4
Output: 6
Explanation: The given array is the same as example 1. We have the new array [1, 2, 3, 3, 4, 5, 6, 7, 9, 10]. The sum of the numbers from index le = 3 to ri = 4 is 3 + 3 = 6.

Example 3:
Input: nums = [1,2,3,4], n = 4, left = 1, right = 10
Output: 50

 
Constraints:

1 <= nums.length <= 10^3
nums.length == n
1 <= nums[i] <= 100
1 <= left <= right <= n * (n + 1) / 2

The output code needs to use the provided function signature

The final python function should begin with: 
```python

class Solution:
    def rangeSum(self, nums: List[int], n: int, left: int, right: int) -> int:
        
```

[END PROBLEM]

INFO - [Task id] 475 [prompt] 
## Instructions

Reason through the problem and:
1. Restate the problem in plain English
2. Conceptualize a solution first in plain English
3. Write a pseudocode solution
4. Output the final Python 3 solution with your solution steps in comments.

Make sure to wrap your code in '```python' and '```' Markdown delimiters, 
and include exactly one block of code with the entire solution.

No outside libraries are allowed.
Builtins are allowed.

INFO - [Task id] 475 [generation text] 1. **Restate the problem in plain English:**
   We have an array of positive integers, and we need to calculate the sums of all possible continuous subarrays. After calculating these sums, we will sort them in non-decreasing order. Finally, we need to return the sum of the elements in this sorted list from a specified starting index to an ending index, with the result given modulo \(10^9 + 7\).

2. **Conceptualize a solution first in plain English:**
   - First, we will generate all possible continuous subarrays from the input array and calculate their sums.
   - We will store these sums in a new list.
   - Next, we will sort this list of sums.
   - Finally, we will compute the sum of the elements in the sorted list from the specified left index to the right index and return this sum modulo \(10^9 + 7\).

3. **Write a pseudocode solution:**
   ```
   function rangeSum(nums, n, left, right):
       initialize an empty list called subarray_sums
       
       for i from 0 to n-1:
           current_sum = 0
           for j from i to n-1:
               current_sum += nums[j]
               append current_sum to subarray_sums
       
       sort subarray_sums
       
       result_sum = 0
       for k from left-1 to right-1:
           result_sum += subarray_sums[k]
       
       return result_sum modulo (10^9 + 7)
   ```

4. **Output the final Python 3 solution with your solution steps in comments:**
```python
class Solution:
    def rangeSum(self, nums: list[int], n: int, left: int, right: int) -> int:
        # Step 1: Initialize an empty list to store the sums of subarrays
        subarray_sums = []
        
        # Step 2: Calculate the sums of all continuous subarrays
        for i in range(n):
            current_sum = 0
            for j in range(i, n):
                current_sum += nums[j]
                subarray_sums.append(current_sum)
        
        # Step 3: Sort the list of subarray sums
        subarray_sums.sort()
        
        # Step 4: Calculate the sum from index left to right (1-based index)
        result_sum = 0
        for k in range(left - 1, right):
            result_sum += subarray_sums[k]
        
        # Step 5: Return the result modulo 10^9 + 7
        return result_sum % (10**9 + 7)
```
INFO - [35m Rollout attempt 1/4[0m
INFO - [33m Retrieving 3 entries for db: semantic 
 [0m
INFO - Retrieved (score=0.4037):
Title: Search the subarray with the maximum/minimum sum
Part: 1/2
# Search the subarray with the maximum/minimum sum

Here, we consider the problem of finding a subarray with maximum sum, as well as some of its variations (including the algorithm for solving this problem online).

## Problem stat...


INFO - Retrieved (score=0.4315):
Title: Josephus Problem
Part: 1/1
# Josephus Problem

## Statement

We are given the natural numbers $n$ and $k$.
All natural numbers from $1$ to $n$ are written in a circle. 
First, count the $k$-th number starting from the first one and delete it.
Then $k$ numbers are counted starting from the ...


INFO - Retrieved (score=0.4361):
Title: Continued fractions
Part: 12/12
```
    === "Python"
        ```py
        def solve(p, q, N):
            return p * N * (N + 1) // 2 - q * sum_floor(fraction(p, q), N)
        ``` 

!!! example "[Library Checker - Sum of Floor of Linear](https://judge.yosupo.jp/problem/sum_of_floor_of_li...


INFO - [33m Retrieving 3 entries for db: reflections 
 [0m
INFO - Retrieved (score=0.3732):
The official solution provided is concise and efficient, leveraging a mathematical approach to calculate the sum of multiples of 10. Here are the key insights from the official solution:

1. **Direct Calculation**: The official solution directly computes the largest multiple of 10 less than or eq...


INFO - Retrieved (score=0.4051):
The official solution employs a different approach that focuses on counting the lengths of even subarrays that are situated between odd numbers. This method is efficient and leverages combinatorial counting to derive the result, which is a key insight for solving this problem.

### Key Insights f...


INFO - Retrieved (score=0.4102):
The official solution employs a more efficient approach using a deque (double-ended queue) to maintain a list of cumulative sums and their corresponding indices. This allows for quick access to the smallest cumulative sum that can help determine the shortest subarray with a sum of at least \( K \...


INFO - [33m Retrieving 3 entries for db: summaries 
 [0m
INFO - Retrieved (score=0.3301):
In this task, the goal was to find the number of continuous subarrays containing exactly `k` odd numbers from a given list of integers. The solution utilized a sliding window approach, which is effective for problems involving subarrays and counts.

The core concept involved maintaining a count o...


INFO - Retrieved (score=0.3334):
In this task, the goal was to find the length of the shortest contiguous subarray with a sum at least \( K \). The solution involved using a sliding window technique combined with prefix sums to efficiently track the sums of subarrays.

The core concept was to maintain a running sum while iterati...


INFO - Retrieved (score=0.3466):
In this problem, the goal was to count the number of subsets from a set of natural numbers {1, 2, ..., N} where a specific number I appears at a specific position K in the sorted order of the subset. The challenge was to efficiently handle multiple queries, especially given the constraints where ...


INFO - [33m Retrieving 3 entries for db: non_func 
 [0m
INFO - Retrieved (score=0.4482):

[description]
This function finds the length of the shortest contiguous subarray within a given list of integers that has a sum of at least a specified value, K. It first calculates the prefix sums of the array to facilitate quick sum calculations of any subarray. Then, it uses a two-pointer tec...


INFO - Retrieved (score=0.4503):

[description for function: solve]
The function reads multiple test cases from standard input, where the first line indicates the number of cases. For each subsequent line, it retrieves an integer value and calculates the sum of all multiples of 10 that are less than or equal to that integer. The...


INFO - Retrieved (score=0.4562):

[description]
This function calculates the number of contiguous subarrays within a given list of integers that contain exactly a specified number of odd integers. It uses a two-pointer technique to maintain a sliding window, adjusting the left pointer when the count of odd integers exceeds the s...


INFO - Retrieved (score=0.3301): 
[Summary]:
    In this task, the goal was to find the number of continuous subarrays containing exactly `k` odd numbers from a given list of integers. The solution utilized a sliding window approach, which is effective for problems involving subarrays and counts.

    The core concept involved m...
INFO - Retrieved (score=0.3334): 
[Summary]:
    In this task, the goal was to find the length of the shortest contiguous subarray with a sum at least \( K \). The solution involved using a sliding window technique combined with prefix sums to efficiently track the sums of subarrays.

    The core concept was to maintain a runni...
INFO - Retrieved (score=0.3466): 
[Summary]:
    In this problem, the goal was to count the number of subsets from a set of natural numbers {1, 2, ..., N} where a specific number I appears at a specific position K in the sorted order of the subset. The challenge was to efficiently handle multiple queries, especially given the co...
INFO - LM call n parse attempt 1 / 3

INFO - [Task id] 475 [prompt] 
You are an expert programmer tasked with solving the problem below.

Follow the user's instructions to solve the problem.
The user can ask for analysis, code, or both.

## Instructions
When asked to output code,
- Make sure to wrap your code in '```python' and '```' Markdown delimiters, 
- include exactly one block of code with the entire solution
- No outside libraries are allowed. 
- Builtins are allowed.
- If the task specifies a function name to be used, follow it strictly (be case sensitive!) and declare the that function last (helper functions are declared first).
- DO NOT write any assert statements / tests.

## Problem
[BEGIN PROBLEM]
Given the array nums consisting of n positive integers. You computed the sum of all non-empty continous subarrays from the array and then sort them in non-decreasing order, creating a new array of n * (n + 1) / 2 numbers.
Return the sum of the numbers from index left to index right (indexed from 1), inclusive, in the new array. Since the answer can be a huge number return it modulo 10^9 + 7.
 
Example 1:
Input: nums = [1,2,3,4], n = 4, left = 1, right = 5
Output: 13 
Explanation: All subarray sums are 1, 3, 6, 10, 2, 5, 9, 3, 7, 4. After sorting them in non-decreasing order we have the new array [1, 2, 3, 3, 4, 5, 6, 7, 9, 10]. The sum of the numbers from index le = 1 to ri = 5 is 1 + 2 + 3 + 3 + 4 = 13. 

Example 2:
Input: nums = [1,2,3,4], n = 4, left = 3, right = 4
Output: 6
Explanation: The given array is the same as example 1. We have the new array [1, 2, 3, 3, 4, 5, 6, 7, 9, 10]. The sum of the numbers from index le = 3 to ri = 4 is 3 + 3 = 6.

Example 3:
Input: nums = [1,2,3,4], n = 4, left = 1, right = 10
Output: 50

 
Constraints:

1 <= nums.length <= 10^3
nums.length == n
1 <= nums[i] <= 100
1 <= left <= right <= n * (n + 1) / 2

The output code needs to use the provided function signature

The final python function should begin with: 
```python

class Solution:
    def rangeSum(self, nums: List[int], n: int, left: int, right: int) -> int:
        
```

[END PROBLEM]

INFO - [Task id] 475 [prompt] 
## Instructions

Reason through the problem and:
1. Restate the problem in plain English
2. Conceptualize a solution first in plain English
3. Write a pseudocode solution
4. Output the final Python 3 solution with your solution steps in comments.

Make sure to wrap your code in '```python' and '```' Markdown delimiters, 
and include exactly one block of code with the entire solution.

No outside libraries are allowed.
Builtins are allowed.

INFO - [Task id] 475 [prompt] 
Also, here are some of your memories.
Feel free to use the given information to aid your problem solving process if necessary.
Do not confuse the memories with the problem statement.

## Memories

[Summary]:
    In this task, the goal was to find the number of continuous subarrays containing exactly `k` odd numbers from a given list of integers. The solution utilized a sliding window approach, which is effective for problems involving subarrays and counts.

    The core concept involved maintaining a count of odd numbers within a window defined by two pointers (left and right). As the right pointer expanded the window, the odd count was updated. If the count exceeded `k`, the left pointer was incremented to reduce the count back to `k`. When the count matched `k`, the number of valid subarrays was calculated by counting the even numbers to the left of the current window.

    The implemented solution was efficient and passed the provided test cases, demonstrating that the sliding window technique is suitable for this type of problem. The key takeaway is the importance of managing two pointers to dynamically adjust the window size while keeping track of specific conditions (in this case, the count of odd numbers). 

    The final code snippet is as follows:

    ```python
    class Solution:
        def numberOfSubarrays(self, nums: list[int], k: int) -> int:
            result = 0
            left = 0
            odd_count = 0
        
            for right in range(len(nums)):
                if nums[right] % 2 == 1:
                    odd_count += 1
            
                while odd_count > k:
                    if nums[left] % 2 == 1:
                        odd_count -= 1
                    left += 1
            
                if odd_count == k:
                    temp_left = left
                    while temp_left < right and nums[temp_left] % 2 == 0:
                        temp_left += 1
                    result += (temp_left - left + 1)
        
            return result
    ``` 

    This approach effectively counts the desired subarrays while maintaining a linear time complexity, making it suitable for larger input sizes.
[/Summary]


[Summary]:
    In this task, the goal was to find the length of the shortest contiguous subarray with a sum at least \( K \). The solution involved using a sliding window technique combined with prefix sums to efficiently track the sums of subarrays.

    The core concept was to maintain a running sum while iterating through the array. By calculating prefix sums, we could quickly determine the sum of any subarray. The strategy involved expanding the right pointer to include more elements and contracting the left pointer to minimize the length of valid subarrays when the sum condition was met.

    The final implementation successfully handled the requirements and passed the provided test cases. The use of prefix sums allowed for efficient sum calculations, and the sliding window approach ensured that we explored all potential subarrays without unnecessary recalculations. This method proved effective for the problem constraints, demonstrating a clear pattern for solving similar problems involving subarray sums. 

    The final code snippet is as follows:

    ```python
    class Solution:
        def shortestSubarray(self, A: list[int], K: int) -> int:
            n = len(A)
            min_length = float('inf')  # Initialize minimum length as infinity
            current_sum = 0  # Initialize current sum
            left = 0  # Initialize left pointer
            prefix_sums = [0] * (n + 1)  # Create a prefix sum array

            # Calculate prefix sums
            for i in range(n):
                prefix_sums[i + 1] = prefix_sums[i] + A[i]

            # Iterate through the prefix sums
            for right in range(1, n + 1):
                current_sum = prefix_sums[right]  # Current sum is the prefix sum at right
            
                # Check if we can find a valid subarray
                while left < right and current_sum - prefix_sums[left] >= K:
                    min_length = min(min_length, right - left)  # Update minimum length
                    left += 1  # Move left pointer to the right

            # Return the result
            return min_length if min_length != float('inf') else -1
    ``` 

    This experience reinforced the importance of understanding prefix sums and sliding window techniques for efficiently solving subarray problems.
[/Summary]


[Summary]:
    In this problem, the goal was to count the number of subsets from a set of natural numbers {1, 2, ..., N} where a specific number I appears at a specific position K in the sorted order of the subset. The challenge was to efficiently handle multiple queries, especially given the constraints where N can be as large as 4000 and the number of queries can reach up to 1,000,000.

    The initial attempts focused on calculating binomial coefficients to determine how many ways we could select elements from the set. However, the logic for combining these counts was flawed, particularly in how subsets were counted based on the position of I. The key realization was that for I to be at position K, we needed to choose K-1 elements from those less than I and any number of elements from those greater than I. This led to the use of the expression `2^right_count` to account for all possible subsets from the right side.

    The final solution involved a correct implementation of the binomial coefficient calculation and the use of bit shifting to efficiently compute powers of two. The code was structured to read input, process each query, and output results in a single operation to optimize performance.

    Here’s the final code snippet for reference:

    ```python
    def binomial_coefficient(n, k):
        if k > n or k < 0:
            return 0
        if k == 0 or k == n:
            return 1
        res = 1
        for i in range(1, k + 1):
            res = res * (n - i + 1) // i
        return res

    def solve():
        import sys
        input = sys.stdin.read
        data = input().splitlines()
    
        MOD = 10**9 + 7
        index = 0
        T = int(data[index])
        index += 1
        results = []
    
        for _ in range(T):
            N, Q = map(int, data[index].split())
            index += 1
        
            for __ in range(Q):
                I, K = map(int, data[index].split())
                index += 1
            
                if K > N or K < 1 or I < K:
                    results.append(0)
                    continue
            
                left_count = I - 1
                right_count = N - I
            
                total_subsets = (binomial_coefficient(left_count, K - 1) * (1 << right_count)) % MOD
                results.append(total_subsets)
    
        sys.stdout.write('\n'.join(map(str, results)) + '\n')

    solve()
    ```

    This experience reinforced the importance of carefully analyzing the requirements of combinatorial problems and ensuring that all conditions are accounted for in the calculations.
[/Summary]


INFO - [Task id] 475 [generation text] 1. **Restate the problem in plain English**:
   The task is to find the sum of specific elements from a sorted list of all possible sums of continuous subarrays derived from a given list of positive integers. The indices of the elements to sum are provided, and the result should be returned modulo \(10^9 + 7\).

2. **Conceptualize a solution first in plain English**:
   - First, we need to generate all possible continuous subarrays from the input list and calculate their sums.
   - Once we have all the sums, we will sort them in non-decreasing order.
   - After sorting, we will extract the sums from the specified indices (given as `left` and `right`).
   - Finally, we will compute the total of these sums and return the result modulo \(10^9 + 7\).

3. **Write a pseudocode solution**:
   ```
   function rangeSum(nums, n, left, right):
       Initialize an empty list to store subarray sums
       for start from 0 to n-1:
           Initialize current_sum to 0
           for end from start to n-1:
               current_sum += nums[end]
               Append current_sum to subarray sums list
       
       Sort the subarray sums list
       Initialize total_sum to 0
       for index from left-1 to right-1:
           total_sum += sorted_subarray_sums[index]
       
       return total_sum % (10^9 + 7)
   ```

4. **Output the final Python 3 solution with your solution steps in comments**:
```python
class Solution:
    def rangeSum(self, nums: list[int], n: int, left: int, right: int) -> int:
        # Step 1: Initialize a list to store all subarray sums
        subarray_sums = []
        
        # Step 2: Generate all subarray sums
        for start in range(n):
            current_sum = 0
            for end in range(start, n):
                current_sum += nums[end]
                subarray_sums.append(current_sum)
        
        # Step 3: Sort the subarray sums
        subarray_sums.sort()
        
        # Step 4: Calculate the sum from index left to right
        total_sum = 0
        for index in range(left - 1, right):
            total_sum += subarray_sums[index]
        
        # Step 5: Return the result modulo 10^9 + 7
        return total_sum % (10**9 + 7)
```
INFO - program_code:
 
class Solution:
    def rangeSum(self, nums: list[int], n: int, left: int, right: int) -> int:
        # Step 1: Initialize a list to store all subarray sums
        subarray_sums = []
        
        # Step 2: Generate all subarray sums
        for start in range(n):
            current_sum = 0
            for end in range(start, n):
                current_sum += nums[end]
                subarray_sums.append(current_sum)
        
        # Step 3: Sort the subarray sums
        subarray_sums.sort()
        
        # Step 4: Calculate the sum from index left to right
        total_sum = 0
        for index in range(left - 1, right):
            total_sum += subarray_sums[index]
        
        # Step 5: Return the result modulo 10^9 + 7
        return total_sum % (10**9 + 7)


INFO - program_name:
 

INFO - dependencies:
 []

INFO - raw_msg:
 1. **Restate the problem in plain English**:
   The task is to find the sum of specific elements from a sorted list of all possible sums of continuous subarrays derived from a given list of positive integers. The indices of the elements to sum are provided, and the result should be returned modulo \(10^9 + 7\).

2. **Conceptualize a solution first in plain English**:
   - First, we need to generate all possible continuous subarrays from the input list and calculate their sums.
   - Once we have all the sums, we will sort them in non-decreasing order.
   - After sorting, we will extract the sums from the specified indices (given as `left` and `right`).
   - Finally, we will compute the total of these sums and return the result modulo \(10^9 + 7\).

3. **Write a pseudocode solution**:
   ```
   function rangeSum(nums, n, left, right):
       Initialize an empty list to store subarray sums
       for start from 0 to n-1:
           Initialize current_sum to 0
           for end from start to n-1:
               current_sum += nums[end]
               Append current_sum to subarray sums list
       
       Sort the subarray sums list
       Initialize total_sum to 0
       for index from left-1 to right-1:
           total_sum += sorted_subarray_sums[index]
       
       return total_sum % (10^9 + 7)
   ```

4. **Output the final Python 3 solution with your solution steps in comments**:
```python
class Solution:
    def rangeSum(self, nums: list[int], n: int, left: int, right: int) -> int:
        # Step 1: Initialize a list to store all subarray sums
        subarray_sums = []
        
        # Step 2: Generate all subarray sums
        for start in range(n):
            current_sum = 0
            for end in range(start, n):
                current_sum += nums[end]
                subarray_sums.append(current_sum)
        
        # Step 3: Sort the subarray sums
        subarray_sums.sort()
        
        # Step 4: Calculate the sum from index left to right
        total_sum = 0
        for index in range(left - 1, right):
            total_sum += subarray_sums[index]
        
        # Step 5: Return the result modulo 10^9 + 7
        return total_sum % (10**9 + 7)
```

INFO - no_parent:
 False

INFO - full code to be executed: 
 
class Solution:
    def rangeSum(self, nums: list[int], n: int, left: int, right: int) -> int:
        # Step 1: Initialize a list to store all subarray sums
        subarray_sums = []
        
        # Step 2: Generate all subarray sums
        for start in range(n):
            current_sum = 0
            for end in range(start, n):
                current_sum += nums[end]
                subarray_sums.append(current_sum)
        
        # Step 3: Sort the subarray sums
        subarray_sums.sort()
        
        # Step 4: Calculate the sum from index left to right
        total_sum = 0
        for index in range(left - 1, right):
            total_sum += subarray_sums[index]
        
        # Step 5: Return the result modulo 10^9 + 7
        return total_sum % (10**9 + 7)


INFO - obs: Note: Inputs/outputs here are automatically extracted/truncated so formatting may be a bit off.
Tests passed:

 Input: [[1, 2, 3, 4], 4, 1, 5] Output: 13

Tests failed:
None
reward: True
done: None
info: {'individual_results': [True]}
INFO - LM call n parse attempt 1 / 3

INFO - [Task id] 475 [prompt] 
You are an expert programmer tasked with solving the problem below.

Follow the user's instructions to solve the problem.
The user can ask for analysis, code, or both.

## Instructions
When asked to output code,
- Make sure to wrap your code in '```python' and '```' Markdown delimiters, 
- include exactly one block of code with the entire solution
- No outside libraries are allowed. 
- Builtins are allowed.
- If the task specifies a function name to be used, follow it strictly (be case sensitive!) and declare the that function last (helper functions are declared first).
- DO NOT write any assert statements / tests.

## Problem
[BEGIN PROBLEM]
Given the array nums consisting of n positive integers. You computed the sum of all non-empty continous subarrays from the array and then sort them in non-decreasing order, creating a new array of n * (n + 1) / 2 numbers.
Return the sum of the numbers from index left to index right (indexed from 1), inclusive, in the new array. Since the answer can be a huge number return it modulo 10^9 + 7.
 
Example 1:
Input: nums = [1,2,3,4], n = 4, left = 1, right = 5
Output: 13 
Explanation: All subarray sums are 1, 3, 6, 10, 2, 5, 9, 3, 7, 4. After sorting them in non-decreasing order we have the new array [1, 2, 3, 3, 4, 5, 6, 7, 9, 10]. The sum of the numbers from index le = 1 to ri = 5 is 1 + 2 + 3 + 3 + 4 = 13. 

Example 2:
Input: nums = [1,2,3,4], n = 4, left = 3, right = 4
Output: 6
Explanation: The given array is the same as example 1. We have the new array [1, 2, 3, 3, 4, 5, 6, 7, 9, 10]. The sum of the numbers from index le = 3 to ri = 4 is 3 + 3 = 6.

Example 3:
Input: nums = [1,2,3,4], n = 4, left = 1, right = 10
Output: 50

 
Constraints:

1 <= nums.length <= 10^3
nums.length == n
1 <= nums[i] <= 100
1 <= left <= right <= n * (n + 1) / 2

The output code needs to use the provided function signature

The final python function should begin with: 
```python

class Solution:
    def rangeSum(self, nums: List[int], n: int, left: int, right: int) -> int:
        
```

[END PROBLEM]

INFO - [Task id] 475 [prompt] 
## Instructions

Reason through the problem and:
1. Restate the problem in plain English
2. Conceptualize a solution first in plain English
3. Write a pseudocode solution
4. Output the final Python 3 solution with your solution steps in comments.

Make sure to wrap your code in '```python' and '```' Markdown delimiters, 
and include exactly one block of code with the entire solution.

No outside libraries are allowed.
Builtins are allowed.

INFO - [Task id] 475 [prompt] 1. **Restate the problem in plain English**:
   The task is to find the sum of specific elements from a sorted list of all possible sums of continuous subarrays derived from a given list of positive integers. The indices of the elements to sum are provided, and the result should be returned modulo \(10^9 + 7\).

2. **Conceptualize a solution first in plain English**:
   - First, we need to generate all possible continuous subarrays from the input list and calculate their sums.
   - Once we have all the sums, we will sort them in non-decreasing order.
   - After sorting, we will extract the sums from the specified indices (given as `left` and `right`).
   - Finally, we will compute the total of these sums and return the result modulo \(10^9 + 7\).

3. **Write a pseudocode solution**:
   ```
   function rangeSum(nums, n, left, right):
       Initialize an empty list to store subarray sums
       for start from 0 to n-1:
           Initialize current_sum to 0
           for end from start to n-1:
               current_sum += nums[end]
               Append current_sum to subarray sums list
       
       Sort the subarray sums list
       Initialize total_sum to 0
       for index from left-1 to right-1:
           total_sum += sorted_subarray_sums[index]
       
       return total_sum % (10^9 + 7)
   ```

4. **Output the final Python 3 solution with your solution steps in comments**:
```python
class Solution:
    def rangeSum(self, nums: list[int], n: int, left: int, right: int) -> int:
        # Step 1: Initialize a list to store all subarray sums
        subarray_sums = []
        
        # Step 2: Generate all subarray sums
        for start in range(n):
            current_sum = 0
            for end in range(start, n):
                current_sum += nums[end]
                subarray_sums.append(current_sum)
        
        # Step 3: Sort the subarray sums
        subarray_sums.sort()
        
        # Step 4: Calculate the sum from index left to right
        total_sum = 0
        for index in range(left - 1, right):
            total_sum += subarray_sums[index]
        
        # Step 5: Return the result modulo 10^9 + 7
        return total_sum % (10**9 + 7)
```
INFO - [Task id] 475 [prompt] 
[Environment Feedback]:
    Note: Inputs/outputs here are automatically extracted/truncated so formatting may be a bit off.
    Tests passed:

     Input: [[1, 2, 3, 4], 4, 1, 5] Output: 13

    Tests failed:
    None
[/Environment Feedback]

INFO - [Task id] 475 [prompt] 
## Instructions
Now, summarize your attempts as a **standalone** document for your own future reference. (can skip formalities, be concise)

- Only include the most relevant information and code snippets that could be useful in the future.
- If you did not learn much from the current experience (e.g. the problem was too easy), feel free to write less or nothing at all.
- Here are some ideas if the experience was useful:
    - Identifying the core concepts and patterns that problem appears to test for
    - Describing the strategies that seemed to work but did not, and vice versa
    - Describing unexpected errors and how they were fixed

Your summary should be at most a few paragraphs.

INFO - [Task id] 475 [generation text] The problem involved calculating the sum of specific elements from a sorted list of all possible sums of continuous subarrays derived from a given list of positive integers. The key steps included generating all subarray sums, sorting them, and then summing the elements between specified indices.

The solution effectively utilized nested loops to compute the subarray sums, which were then sorted. The final sum was calculated by iterating over the specified range of indices. The implementation was straightforward and adhered to the constraints provided, ensuring that the result was returned modulo \(10^9 + 7\).

One important takeaway is the efficiency of generating subarray sums using a cumulative approach, where the current sum is updated as we extend the subarray. This method avoids recalculating sums from scratch, making it more efficient. The solution passed all test cases, confirming its correctness. 

The final code snippet is as follows:

```python
class Solution:
    def rangeSum(self, nums: list[int], n: int, left: int, right: int) -> int:
        subarray_sums = []
        for start in range(n):
            current_sum = 0
            for end in range(start, n):
                current_sum += nums[end]
                subarray_sums.append(current_sum)
        subarray_sums.sort()
        total_sum = 0
        for index in range(left - 1, right):
            total_sum += subarray_sums[index]
        return total_sum % (10**9 + 7)
``` 

This experience reinforced the importance of understanding the problem requirements and efficiently managing data structures to achieve the desired results.
INFO - LM call n parse attempt 1 / 3

INFO - [Task id] 475 [prompt] 
You are an expert programmer tasked with solving the problem below.

Follow the user's instructions to solve the problem.
The user can ask for analysis, code, or both.

## Instructions
When asked to output code,
- Make sure to wrap your code in '```python' and '```' Markdown delimiters, 
- include exactly one block of code with the entire solution
- No outside libraries are allowed. 
- Builtins are allowed.
- If the task specifies a function name to be used, follow it strictly (be case sensitive!) and declare the that function last (helper functions are declared first).
- DO NOT write any assert statements / tests.

## Problem
[BEGIN PROBLEM]
Given the array nums consisting of n positive integers. You computed the sum of all non-empty continous subarrays from the array and then sort them in non-decreasing order, creating a new array of n * (n + 1) / 2 numbers.
Return the sum of the numbers from index left to index right (indexed from 1), inclusive, in the new array. Since the answer can be a huge number return it modulo 10^9 + 7.
 
Example 1:
Input: nums = [1,2,3,4], n = 4, left = 1, right = 5
Output: 13 
Explanation: All subarray sums are 1, 3, 6, 10, 2, 5, 9, 3, 7, 4. After sorting them in non-decreasing order we have the new array [1, 2, 3, 3, 4, 5, 6, 7, 9, 10]. The sum of the numbers from index le = 1 to ri = 5 is 1 + 2 + 3 + 3 + 4 = 13. 

Example 2:
Input: nums = [1,2,3,4], n = 4, left = 3, right = 4
Output: 6
Explanation: The given array is the same as example 1. We have the new array [1, 2, 3, 3, 4, 5, 6, 7, 9, 10]. The sum of the numbers from index le = 3 to ri = 4 is 3 + 3 = 6.

Example 3:
Input: nums = [1,2,3,4], n = 4, left = 1, right = 10
Output: 50

 
Constraints:

1 <= nums.length <= 10^3
nums.length == n
1 <= nums[i] <= 100
1 <= left <= right <= n * (n + 1) / 2

The output code needs to use the provided function signature

The final python function should begin with: 
```python

class Solution:
    def rangeSum(self, nums: List[int], n: int, left: int, right: int) -> int:
        
```

[END PROBLEM]

INFO - [Task id] 475 [prompt] 
## Instructions

Reason through the problem and:
1. Restate the problem in plain English
2. Conceptualize a solution first in plain English
3. Write a pseudocode solution
4. Output the final Python 3 solution with your solution steps in comments.

Make sure to wrap your code in '```python' and '```' Markdown delimiters, 
and include exactly one block of code with the entire solution.

No outside libraries are allowed.
Builtins are allowed.

INFO - [Task id] 475 [prompt] 1. **Restate the problem in plain English**:
   The task is to find the sum of specific elements from a sorted list of all possible sums of continuous subarrays derived from a given list of positive integers. The indices of the elements to sum are provided, and the result should be returned modulo \(10^9 + 7\).

2. **Conceptualize a solution first in plain English**:
   - First, we need to generate all possible continuous subarrays from the input list and calculate their sums.
   - Once we have all the sums, we will sort them in non-decreasing order.
   - After sorting, we will extract the sums from the specified indices (given as `left` and `right`).
   - Finally, we will compute the total of these sums and return the result modulo \(10^9 + 7\).

3. **Write a pseudocode solution**:
   ```
   function rangeSum(nums, n, left, right):
       Initialize an empty list to store subarray sums
       for start from 0 to n-1:
           Initialize current_sum to 0
           for end from start to n-1:
               current_sum += nums[end]
               Append current_sum to subarray sums list
       
       Sort the subarray sums list
       Initialize total_sum to 0
       for index from left-1 to right-1:
           total_sum += sorted_subarray_sums[index]
       
       return total_sum % (10^9 + 7)
   ```

4. **Output the final Python 3 solution with your solution steps in comments**:
```python
class Solution:
    def rangeSum(self, nums: list[int], n: int, left: int, right: int) -> int:
        # Step 1: Initialize a list to store all subarray sums
        subarray_sums = []
        
        # Step 2: Generate all subarray sums
        for start in range(n):
            current_sum = 0
            for end in range(start, n):
                current_sum += nums[end]
                subarray_sums.append(current_sum)
        
        # Step 3: Sort the subarray sums
        subarray_sums.sort()
        
        # Step 4: Calculate the sum from index left to right
        total_sum = 0
        for index in range(left - 1, right):
            total_sum += subarray_sums[index]
        
        # Step 5: Return the result modulo 10^9 + 7
        return total_sum % (10**9 + 7)
```
INFO - [Task id] 475 [prompt] 
[Environment Feedback]:
    Note: Inputs/outputs here are automatically extracted/truncated so formatting may be a bit off.
    Tests passed:

     Input: [[1, 2, 3, 4], 4, 1, 5] Output: 13

    Tests failed:
    None
[/Environment Feedback]

INFO - [Task id] 475 [prompt] 
Below is the official solution (do exercise discretion as official solutions can also have mistakes).

You will be reflecting on your attempts to solve the problem.
This will be a **standalone** document for your own future reference. (can skip formalities, be concise)

## Instructions
- Only include the most relevant insights and code snippets that could be useful in the future.
- If you did not learn much from the current experience (e.g. the problem was too easy / official solution was obvious), feel free to write less or nothing at all.
- Here are some ideas if the experience was useful:
    - If the official solution is insightful (e.g. better than yours in time and space complexity or more effective in breaking down the problem statement), distil the key approach of the official solution, step by step.
    - If your approach failed the test cases, reason why the official solution works but yours does not

Your reflection should be at most a few paragraphs.

## Official solution
class Solution:
    def rangeSum(self, nums: List[int], n: int, left: int, right: int) -> int:
        # B: partial sum of A
        # C: partial sum of B
        # Use prefix sum to precompute B and C
        A = nums
        B, C = [0] * (n + 1), [0] * (n + 1)
        for i in range(n):
            B[i + 1] = B[i] + A[i]
            C[i + 1] = C[i] + B[i + 1]

        # Use two pointer to
        # calculate the total number of cases if B[j] - B[i] <= score
        def count_sum_under(score):
            res = i = 0
            for j in range(n + 1):
                while B[j] - B[i] > score:
                    i += 1
                res += j - i
            return res

        # calculate the sum for all numbers whose indices are <= index k
        def sum_k_sums(k):
            score = kth_score(k)
            res = i = 0
            for j in range(n + 1):
                # Proceed until B[i] and B[j] are within score
                while B[j] - B[i] > score:
                    i += 1
                res += B[j] * (j - i + 1) - (C[j] - (C[i - 1] if i else 0))
            return res - (count_sum_under(score) - k) * score

        # use bisearch to find how many numbers ae below k
        def kth_score(k):
            l, r = 0, B[n]
            while l < r:
                m = (l + r) // 2
                if count_sum_under(m) < k:
                    l = m + 1
                else:
                    r = m
            return l

        # result between left and right can be converted to [0, right] - [0, left-1] (result below right - result below left-1)
        return (sum_k_sums(right) - sum_k_sums(left - 1))%(10**9 + 7)

INFO - [Task id] 475 [generation text] The official solution employs a more efficient approach using prefix sums and binary search, which significantly optimizes the process of calculating subarray sums compared to the brute-force method I initially implemented. Here are the key insights from the official solution:

1. **Prefix Sums**: The solution constructs two prefix sum arrays, `B` and `C`. The array `B` holds the cumulative sums of the original array `A`, while `C` holds the cumulative sums of `B`. This allows for quick calculations of subarray sums without needing to iterate through the array multiple times.

2. **Counting Subarray Sums**: The function `count_sum_under(score)` efficiently counts how many subarray sums are less than or equal to a given score using a two-pointer technique. This avoids the need to sort all subarray sums explicitly, which can be computationally expensive.

3. **Binary Search for K-th Score**: The function `kth_score(k)` uses binary search to find the k-th smallest subarray sum. This is a crucial optimization that allows the solution to avoid generating and sorting all subarray sums directly.

4. **Final Calculation**: The result is computed by finding the difference between the sums of subarray sums up to `right` and `left - 1`, which gives the sum of the desired range.

Overall, the official solution is more efficient in both time and space complexity, leveraging mathematical properties of prefix sums and binary search to reduce the problem's complexity. This experience highlights the importance of considering alternative approaches, especially for problems involving combinations and sums, where direct computation can lead to inefficiencies.
INFO - Updated entry: The problem involved calculating the sum of specific elements from a sorted list of all possible sums of continuous subarrays derived from a given list of positive integers. The key steps included generating all subarray sums, sorting them, and then summing the elements between specified indices....,

INFO - Metadata: {
    "task_id": 475
}

INFO - Updated entry: The official solution employs a more efficient approach using prefix sums and binary search, which significantly optimizes the process of calculating subarray sums compared to the brute-force method I initially implemented. Here are the key insights from the official solution:

1. **Prefix Sums**...,

INFO - Metadata: {
    "task_id": 475
}

INFO - LM call n parse attempt 1 / 3

INFO - [Task id] 475 [prompt] 
You are a helpful assistant that writes a description of the given function written in the Python programming language.

1) Do not mention the function name.
2) Do not mention anything about helper functions.
3) There might be some helper functions before the main function, but you only need to describe the main function.
4) Try to summarize the function in no more than 6 sentences.
5) Your response should be a single line of text.

INFO - [Task id] 475 [prompt] 
class Solution:
    def rangeSum(self, nums: list[int], n: int, left: int, right: int) -> int:
        # Step 1: Initialize a list to store all subarray sums
        subarray_sums = []
        
        # Step 2: Generate all subarray sums
        for start in range(n):
            current_sum = 0
            for end in range(start, n):
                current_sum += nums[end]
                subarray_sums.append(current_sum)
        
        # Step 3: Sort the subarray sums
        subarray_sums.sort()
        
        # Step 4: Calculate the sum from index left to right
        total_sum = 0
        for index in range(left - 1, right):
            total_sum += subarray_sums[index]
        
        # Step 5: Return the result modulo 10^9 + 7
        return total_sum % (10**9 + 7)

INFO - [Task id] 475 [generation text] This function calculates the sum of all subarray sums within a specified range from a given list of integers. It first generates all possible subarray sums and stores them in a list. After sorting this list of sums, it computes the total sum of the elements between the specified left and right indices. Finally, the result is returned modulo \(10^9 + 7\) to ensure it fits within standard numerical limits. The function efficiently handles the extraction and summation of subarray sums while adhering to the constraints provided.
INFO - LM call n parse attempt 1 / 3

INFO - [Task id] 475 [prompt] 
You are a helpful assistant that extracts important information from problems and solutions to aid in searchability and education.

## Instructions
- Read through the problem and solution carefully.
- Reason out, step by step, in what scenarios this knowledge would be useful.
- Focus on general patterns and situations to help connect this knowledge to new situations.
- Then, include a list of keywords that are useful for searching this problem/solution pair.

## Response format
Respond in JSON, and follow the keys and expected format of the values strictly.

The output should be formatted as a JSON instance that conforms to the JSON schema below.

As an example, for the schema {"properties": {"foo": {"title": "Foo", "description": "a list of strings", "type": "array", "items": {"type": "string"}}}, "required": ["foo"]}
the object {"foo": ["bar", "baz"]} is a well-formatted instance of the schema. The object {"properties": {"foo": ["bar", "baz"]}} is not well-formatted.

Here is the output schema:
```
{"properties": {"scenarios": {"description": "In what scenarios will this knowledge be useful? Answer in a paragraph.", "title": "Scenarios", "type": "string"}, "keywords": {"description": "List of keywords that are useful for searching this problem/solution pair", "items": {"type": "string"}, "title": "Keywords", "type": "array"}}, "required": ["scenarios", "keywords"]}
```

INFO - [Task id] 475 [prompt] 
[Problem]
    Given the array nums consisting of n positive integers. You computed the sum of all non-empty continous subarrays from the array and then sort them in non-decreasing order, creating a new array of n * (n + 1) / 2 numbers.
    Return the sum of the numbers from index left to index right (indexed from 1), inclusive, in the new array. Since the answer can be a huge number return it modulo 10^9 + 7.
 
    Example 1:
    Input: nums = [1,2,3,4], n = 4, left = 1, right = 5
    Output: 13 
    Explanation: All subarray sums are 1, 3, 6, 10, 2, 5, 9, 3, 7, 4. After sorting them in non-decreasing order we have the new array [1, 2, 3, 3, 4, 5, 6, 7, 9, 10]. The sum of the numbers from index le = 1 to ri = 5 is 1 + 2 + 3 + 3 + 4 = 13. 

    Example 2:
    Input: nums = [1,2,3,4], n = 4, left = 3, right = 4
    Output: 6
    Explanation: The given array is the same as example 1. We have the new array [1, 2, 3, 3, 4, 5, 6, 7, 9, 10]. The sum of the numbers from index le = 3 to ri = 4 is 3 + 3 = 6.

    Example 3:
    Input: nums = [1,2,3,4], n = 4, left = 1, right = 10
    Output: 50

 
    Constraints:

    1 <= nums.length <= 10^3
    nums.length == n
    1 <= nums[i] <= 100
    1 <= left <= right <= n * (n + 1) / 2
[/Problem]

[Solution]

    class Solution:
        def rangeSum(self, nums: list[int], n: int, left: int, right: int) -> int:
            # Step 1: Initialize a list to store all subarray sums
            subarray_sums = []
        
            # Step 2: Generate all subarray sums
            for start in range(n):
                current_sum = 0
                for end in range(start, n):
                    current_sum += nums[end]
                    subarray_sums.append(current_sum)
        
            # Step 3: Sort the subarray sums
            subarray_sums.sort()
        
            # Step 4: Calculate the sum from index left to right
            total_sum = 0
            for index in range(left - 1, right):
                total_sum += subarray_sums[index]
        
            # Step 5: Return the result modulo 10^9 + 7
            return total_sum % (10**9 + 7)

[/Solution]

INFO - [Task id] 475 [generation text] 
INFO - {
    "scenarios": "This knowledge is useful in scenarios where one needs to analyze subarray sums from a given array, particularly in competitive programming or algorithm design. It can be applied in problems involving range queries on subarrays, where the goal is to efficiently compute sums over specified ranges after generating all possible subarray sums. This approach can also be beneficial in data analysis tasks where understanding the distribution of sums is important, such as in financial data or statistical analysis.",
    "keywords": [
        "subarray sums",
        "range sum",
        "sorting",
        "modulo operation",
        "algorithm",
        "competitive programming",
        "data analysis",
        "Python"
    ]
}
INFO - {
    "scenarios": "This knowledge is useful in scenarios where one needs to analyze subarray sums from a given array, particularly in competitive programming or algorithm design. It can be applied in problems involving range queries on subarrays, where the goal is to efficiently compute sums over specified ranges after generating all possible subarray sums. This approach can also be beneficial in data analysis tasks where understanding the distribution of sums is important, such as in financial data or statistical analysis.",
    "keywords": [
        "subarray sums",
        "range sum",
        "sorting",
        "modulo operation",
        "algorithm",
        "competitive programming",
        "data analysis",
        "Python"
    ]
}
INFO - Updated entry: 
[description]
This function calculates the sum of all subarray sums within a specified range from a given list of integers. It first generates all possible subarray sums and stores them in a list. After sorting this list of sums, it computes the total sum of the elements between the specified le...,

INFO - Metadata: {
    "task": 475,
    "code": "\nclass Solution:\n    def rangeSum(self, nums: list[int], n: int, left: int, right: int) -> int:\n        # Step 1: Initialize a list to store all subarray sums\n        subarray_sums = []\n        \n        # Step 2: Generate all subarray sums\n        for start ...

