INFO - DB skill doc count: 0

INFO - DB non_func doc count: 47

INFO - DB semantic doc count: 429

INFO - DB summaries doc count: 60

INFO - DB reflections doc count: 60

INFO - DB episodic doc count: 113

INFO - [train iter]: 60/100 

INFO - The task prompt is Return the length of the shortest, non-empty, contiguous subarray of A with sum at least K.
If there is no non-empty subarray with sum at least K, return -1.
 



Example 1:
Input: A = [1], K = 1
Output: 1


Example 2:
Input: A = [1,2], K = 4
Output: -1


Example 3:
Input: A = [2,-1,2], K = 3
Out...

INFO - Attempting task_id 312
INFO - LM call n parse attempt 1 / 3

INFO - [Task id] 312 [prompt] 
You are an expert programmer tasked with solving the problem below.

Follow the user's instructions to solve the problem.
The user can ask for analysis, code, or both.

## Instructions
When asked to output code,
- Make sure to wrap your code in '```python' and '```' Markdown delimiters, 
- include exactly one block of code with the entire solution
- No outside libraries are allowed. 
- Builtins are allowed.
- If the task specifies a function name to be used, follow it strictly (be case sensitive!) and declare the that function last (helper functions are declared first).
- DO NOT write any assert statements / tests.

## Problem
[BEGIN PROBLEM]
Return the length of the shortest, non-empty, contiguous subarray of A with sum at least K.
If there is no non-empty subarray with sum at least K, return -1.
 



Example 1:
Input: A = [1], K = 1
Output: 1


Example 2:
Input: A = [1,2], K = 4
Output: -1


Example 3:
Input: A = [2,-1,2], K = 3
Output: 3

 
Note:

1 <= A.length <= 50000
-10 ^ 5 <= A[i] <= 10 ^ 5
1 <= K <= 10 ^ 9

The output code needs to use the provided function signature

The final python function should begin with: 
```python

class Solution:
    def shortestSubarray(self, A: List[int], K: int) -> int:
        
```

[END PROBLEM]

INFO - [Task id] 312 [prompt] 
## Instructions

Reason through the problem and:
1. Restate the problem in plain English
2. Conceptualize a solution first in plain English
3. Write a pseudocode solution
4. Output the final Python 3 solution with your solution steps in comments.

Make sure to wrap your code in '```python' and '```' Markdown delimiters, 
and include exactly one block of code with the entire solution.

No outside libraries are allowed.
Builtins are allowed.

INFO - [Task id] 312 [generation text] ## Problem Restatement

We need to find the length of the shortest contiguous subarray within a given array `A` such that the sum of the subarray is at least `K`. If no such subarray exists, we should return `-1`.

## Conceptual Solution

To solve this problem efficiently, we can use a sliding window approach with a deque to keep track of potential starting points of subarrays. The idea is to maintain a prefix sum array and use it to quickly calculate the sum of any subarray. The deque will help us efficiently find the shortest subarray with a sum at least `K`.

### Steps:
1. **Prefix Sum Array**: Compute a prefix sum array where each element at index `i` represents the sum of the array from the start up to index `i-1`.
2. **Deque for Indices**: Use a deque to store indices of the prefix sum array. This will help us efficiently find the shortest subarray.
3. **Iterate Over Prefix Sum**: For each element in the prefix sum array:
   - Check if the current prefix sum minus the prefix sum at the index stored at the front of the deque is at least `K`. If it is, update the minimum length and remove the index from the deque.
   - Maintain the deque in increasing order of prefix sums by removing indices from the back if the current prefix sum is less than or equal to the prefix sum at those indices.
   - Add the current index to the deque.
4. **Return Result**: If a valid subarray is found, return its length; otherwise, return `-1`.

## Pseudocode

```
function shortestSubarray(A, K):
    n = length of A
    prefix_sum = array of size n+1 initialized to 0
    for i from 0 to n:
        prefix_sum[i+1] = prefix_sum[i] + A[i]
    
    deque = empty deque
    min_length = infinity
    
    for i from 0 to n:
        while deque is not empty and prefix_sum[i] - prefix_sum[deque[0]] >= K:
            min_length = min(min_length, i - deque[0])
            remove front element from deque
        
        while deque is not empty and prefix_sum[i] <= prefix_sum[deque[-1]]:
            remove back element from deque
        
        add i to deque
    
    if min_length is infinity:
        return -1
    else:
        return min_length
```

## Final Python Solution

```python
from typing import List
from collections import deque

class Solution:
    def shortestSubarray(self, A: List[int], K: int) -> int:
        n = len(A)
        # Step 1: Compute the prefix sum array
        prefix_sum = [0] * (n + 1)
        for i in range(n):
            prefix_sum[i + 1] = prefix_sum[i] + A[i]
        
        # Step 2: Initialize a deque to store indices and a variable for the minimum length
        dq = deque()
        min_length = float('inf')
        
        # Step 3: Iterate over the prefix sum array
        for i in range(n + 1):
            # Check if we can form a valid subarray with sum at least K
            while dq and prefix_sum[i] - prefix_sum[dq[0]] >= K:
                min_length = min(min_length, i - dq.popleft())
            
            # Maintain the deque in increasing order of prefix sums
            while dq and prefix_sum[i] <= prefix_sum[dq[-1]]:
                dq.pop()
            
            # Add the current index to the deque
            dq.append(i)
        
        # Step 4: Return the result
        return min_length if min_length != float('inf') else -1
```

This solution efficiently finds the shortest subarray with a sum at least `K` using a combination of prefix sums and a deque to maintain potential starting indices. The time complexity is O(n) due to the linear traversal and deque operations.
INFO - [35m Rollout attempt 1/4[0m
INFO - [33m Retrieving 2 entries for db: episodic 
 [0m
INFO - Retrieved (score=0.3867):

[Task]:
    Given an unsorted array of integers, find the length of longest increasing subsequence.

    Example:


    Input: [10,9,2,5,3,7,101,18]
    Output: 4 
    Explanation: The longest increasing subsequence is [2,3,7,101], therefore the length is 4. 

    Note: 


           There may b...


INFO - Retrieved (score=0.3930):

[Task]:
    For a permutation P = (p1, p2, ..., pN) of numbers [1, 2, ..., N], we define the function f(P) = max(p1, p2) + max(p2, p3) + ... + max(pN-1, pN).
    You are given N and an integer K. Find and report a permutation P of [1, 2, ..., N] such that f(P) = K, if such a permutation exists.
...


INFO - [33m Retrieving 2 entries for db: semantic 
 [0m
INFO - Retrieved (score=0.4276):
Title: Search the subarray with the maximum/minimum sum
Part: 1/2
# Search the subarray with the maximum/minimum sum

Here, we consider the problem of finding a subarray with maximum sum, as well as some of its variations (including the algorithm for solving this problem online).

## Problem stat...


INFO - Retrieved (score=0.4569):
Title: Minimum stack / Minimum queue
Part: 1/1
# Minimum stack / Minimum queue

In this article we will consider three problems: 
first we will modify a stack in a way that allows us to find the smallest element of the stack in $O(1)$, then we will do the same thing with a queue, and finally we w...


INFO - [33m Retrieving 2 entries for db: reflections 
 [0m
INFO - Retrieved (score=0.4015):
Reflecting on the problem-solving process for this task, I gained several insights:

1. **Problem Understanding**: Initially, I misunderstood the problem as requiring the sum of all demands to equal `K`. However, the task was to find any subset of demands that sums to `K`. This is a classic subse...


INFO - Retrieved (score=0.4142):
The problem of finding subsets where a specific number `I` appears at position `K` in a sorted subset is a combinatorial challenge. The official solution provides a straightforward approach using factorials and combinatorial mathematics, which is similar to the approach I took, but with some diff...


INFO - [33m Retrieving 2 entries for db: summaries 
 [0m
INFO - Retrieved (score=0.3727):
### Summary of Attempts to Solve the Problem

The problem involves determining if a sequence of integers can be made to sum to zero by performing operations that decrease each element by its index. The key insight is that the sum of the sequence must be a multiple of the sum of indices for it to ...


INFO - Retrieved (score=0.3857):
### Summary of Attempts to Solve the Problem

#### Core Concepts and Patterns
The problem revolves around finding a contiguous subarray with a sum closest to zero. This is a classic problem that can be efficiently solved using prefix sums and sorting. The key idea is to leverage the prefix sum ar...


INFO - [33m Retrieving 2 entries for db: non_func 
 [0m
INFO - Retrieved (score=0.4138):

[description for function: main]
The function reads input from standard input, which includes a number of test cases, and for each test case, it reads two integers, N and K. It then calls another function to find a permutation of numbers from 1 to N such that a specific sum condition is met, or ...


INFO - Retrieved (score=0.4787):

[description]
The function calculates the length of the longest increasing subsequence in a given list of integers. It initializes a dynamic programming array where each element starts with a value of 1, representing the minimum subsequence length. The function iterates through the list, and for...


INFO - Retrieved (score=0.3727): 
[Summary]:
    ### Summary of Attempts to Solve the Problem

    The problem involves determining if a sequence of integers can be made to sum to zero by performing operations that decrease each element by its index. The key insight is that the sum of the sequence must be a multiple of the sum o...
INFO - Retrieved (score=0.3857): 
[Summary]:
    ### Summary of Attempts to Solve the Problem

    #### Core Concepts and Patterns
    The problem revolves around finding a contiguous subarray with a sum closest to zero. This is a classic problem that can be efficiently solved using prefix sums and sorting. The key idea is to le...
INFO - LM call n parse attempt 1 / 3

INFO - [Task id] 312 [prompt] 
You are an expert programmer tasked with solving the problem below.

Follow the user's instructions to solve the problem.
The user can ask for analysis, code, or both.

## Instructions
When asked to output code,
- Make sure to wrap your code in '```python' and '```' Markdown delimiters, 
- include exactly one block of code with the entire solution
- No outside libraries are allowed. 
- Builtins are allowed.
- If the task specifies a function name to be used, follow it strictly (be case sensitive!) and declare the that function last (helper functions are declared first).
- DO NOT write any assert statements / tests.

## Problem
[BEGIN PROBLEM]
Return the length of the shortest, non-empty, contiguous subarray of A with sum at least K.
If there is no non-empty subarray with sum at least K, return -1.
 



Example 1:
Input: A = [1], K = 1
Output: 1


Example 2:
Input: A = [1,2], K = 4
Output: -1


Example 3:
Input: A = [2,-1,2], K = 3
Output: 3

 
Note:

1 <= A.length <= 50000
-10 ^ 5 <= A[i] <= 10 ^ 5
1 <= K <= 10 ^ 9

The output code needs to use the provided function signature

The final python function should begin with: 
```python

class Solution:
    def shortestSubarray(self, A: List[int], K: int) -> int:
        
```

[END PROBLEM]

INFO - [Task id] 312 [prompt] 
## Instructions

Reason through the problem and:
1. Restate the problem in plain English
2. Conceptualize a solution first in plain English
3. Write a pseudocode solution
4. Output the final Python 3 solution with your solution steps in comments.

Make sure to wrap your code in '```python' and '```' Markdown delimiters, 
and include exactly one block of code with the entire solution.

No outside libraries are allowed.
Builtins are allowed.

INFO - [Task id] 312 [prompt] 
Also, here are some of your memories.
Feel free to use the given information to aid your problem solving process if necessary.
Do not confuse the memories with the problem statement.

## Memories

[Summary]:
    ### Summary of Attempts to Solve the Problem

    The problem involves determining if a sequence of integers can be made to sum to zero by performing operations that decrease each element by its index. The key insight is that the sum of the sequence must be a multiple of the sum of indices for it to be possible to adjust the sequence to zero.

    #### Core Concepts and Patterns

    1. **Operations and Indices**: The operation allows us to decrease each element by its index, which means the sum of the sequence can be adjusted by multiples of the sum of indices.

    2. **Feasibility Check**: The sum of the sequence must be a multiple of the sum of indices. Additionally, the number of operations (`k`) required to make the sequence zero must be feasible for each element, meaning no element should become negative after applying the operations.

    #### Strategies and Errors

    - **Initial Strategy**: The initial approach was to check if the sum of the sequence is a multiple of the sum of indices. This was a partial solution but did not account for the feasibility of operations on individual elements.

    - **Refined Strategy**: The refined approach involved checking if the sum of the sequence is a multiple of the sum of indices and ensuring that each element can be adjusted without becoming negative. This involved calculating `k` and verifying that `A[i] >= k * (i + 1)` for all elements.

    - **Unexpected Errors**: The main error was assuming that checking the divisibility of the sum was sufficient. The solution needed to ensure that the operations could be applied to each element without making any element negative.

    #### Final Solution

    The final solution correctly checks both the divisibility and feasibility of operations:

    ```python
    def is_good_sequence_possible():
        import sys
        input = sys.stdin.read
        data = input().split()
    
        index = 0
        T = int(data[index])
        index += 1
        results = []
    
        for _ in range(T):
            N = int(data[index])
            index += 1
            A = list(map(int, data[index:index + N]))
            index += N
        
            sum_A = sum(A)
            sum_indices = N * (N + 1) // 2  # Sum of first N natural numbers
        
            if sum_A % sum_indices == 0:
                k = sum_A // sum_indices
                possible = True
                for i in range(N):
                    if A[i] < k * (i + 1):
                        possible = False
                        break
                if possible:
                    results.append("YES")
                else:
                    results.append("NO")
            else:
                results.append("NO")
    
        for result in results:
            print(result)

    is_good_sequence_possible()
    ```

    This experience highlighted the importance of considering both global conditions (like divisibility) and local constraints (like non-negativity of elements) when solving problems involving operations on sequences.
[/Summary]


[Summary]:
    ### Summary of Attempts to Solve the Problem

    #### Core Concepts and Patterns
    The problem revolves around finding a contiguous subarray with a sum closest to zero. This is a classic problem that can be efficiently solved using prefix sums and sorting. The key idea is to leverage the prefix sum array to quickly compute the sum of any subarray and then find the smallest difference between any two prefix sums, which corresponds to the subarray with the sum closest to zero.

    #### Strategies and Challenges
    Initially, the approach involved calculating prefix sums and using a dictionary to track their indices. The idea was to find the smallest absolute difference between any two prefix sums. However, the solution failed to correctly output the actual subarray sum (which can be negative) and instead outputted its absolute value. This was a misunderstanding of the problem requirements.

    The correct strategy involved sorting the prefix sums along with their indices and iterating over them to find the smallest difference. The challenge was ensuring that the actual subarray sum was outputted, not its absolute value.

    #### Fixing Errors
    The main error was in the output of the subarray sum. The solution was adjusted to track the actual subarray sum and ensure it was printed correctly. Sorting the prefix sums allowed for an efficient comparison of consecutive sums to find the minimum difference.

    #### Final Solution
    The final solution involves:
    1. Calculating prefix sums.
    2. Sorting the prefix sums with their indices.
    3. Iterating over sorted prefix sums to find the smallest difference.
    4. Outputting the actual subarray sum and the correct segment indices.

    This approach ensures that the solution is both efficient and correct, handling large inputs within the constraints.
[/Summary]


INFO - [Task id] 312 [generation text] 1. **Restate the problem in plain English:**

   We need to find the length of the shortest contiguous subarray within a given list of integers `A` such that the sum of the subarray is at least `K`. If no such subarray exists, we should return `-1`.

2. **Conceptualize a solution in plain English:**

   To solve this problem efficiently, we can use a sliding window approach with a deque to maintain potential starting points of subarrays. We will use a prefix sum array to keep track of the cumulative sum of elements up to each index. The idea is to iterate through the array while maintaining a deque of indices that represent potential starting points of subarrays. For each index, we will check if the difference between the current prefix sum and the prefix sum at the front of the deque is at least `K`. If it is, we update the minimum length of the subarray. We will also ensure that the deque is maintained in a way that the prefix sums are in increasing order, which helps in efficiently finding the shortest subarray.

3. **Write a pseudocode solution:**

   ```
   Initialize a deque to store indices
   Initialize a variable min_length to infinity
   Initialize a prefix_sum array with an initial value of 0

   For each index i from 0 to length of A:
       Update prefix_sum[i+1] as prefix_sum[i] + A[i]

       While deque is not empty and prefix_sum[i+1] - prefix_sum[deque[0]] >= K:
           Update min_length as the minimum of min_length and i - deque[0]
           Remove the front element from the deque

       While deque is not empty and prefix_sum[i+1] <= prefix_sum[deque[-1]]:
           Remove the last element from the deque

       Add index i to the deque

   If min_length is still infinity, return -1
   Otherwise, return min_length
   ```

4. **Output the final Python 3 solution with comments:**

```python
from typing import List
from collections import deque

class Solution:
    def shortestSubarray(self, A: List[int], K: int) -> int:
        # Initialize a deque to store indices
        deq = deque()
        # Initialize min_length to a large number
        min_length = float('inf')
        # Initialize prefix_sum array with an initial value of 0
        prefix_sum = [0] * (len(A) + 1)
        
        # Calculate prefix sums
        for i in range(len(A)):
            prefix_sum[i + 1] = prefix_sum[i] + A[i]
        
        # Iterate over each index
        for i in range(len(prefix_sum)):
            # Check if we can form a valid subarray
            while deq and prefix_sum[i] - prefix_sum[deq[0]] >= K:
                min_length = min(min_length, i - deq.popleft())
            
            # Maintain the deque in increasing order of prefix sums
            while deq and prefix_sum[i] <= prefix_sum[deq[-1]]:
                deq.pop()
            
            # Add the current index to the deque
            deq.append(i)
        
        # If min_length is still infinity, no valid subarray was found
        return min_length if min_length != float('inf') else -1
```

This solution efficiently finds the shortest subarray with a sum of at least `K` using a sliding window approach with a deque, ensuring optimal performance for large input sizes.
INFO - program_code:
 
from typing import List
from collections import deque

class Solution:
    def shortestSubarray(self, A: List[int], K: int) -> int:
        # Initialize a deque to store indices
        deq = deque()
        # Initialize min_length to a large number
        min_length = float('inf')
        # Initialize prefix_sum array with an initial value of 0
        prefix_sum = [0] * (len(A) + 1)
        
        # Calculate prefix sums
        for i in range(len(A)):
            prefix_sum[i + 1] = prefix_sum[i] + A[i]
        
        # Iterate over each index
        for i in range(len(prefix_sum)):
            # Check if we can form a valid subarray
            while deq and prefix_sum[i] - prefix_sum[deq[0]] >= K:
                min_length = min(min_length, i - deq.popleft())
            
            # Maintain the deque in increasing order of prefix sums
            while deq and prefix_sum[i] <= prefix_sum[deq[-1]]:
                deq.pop()
            
            # Add the current index to the deque
            deq.append(i)
        
        # If min_length is still infinity, no valid subarray was found
        return min_length if min_length != float('inf') else -1


INFO - program_name:
 

INFO - dependencies:
 []

INFO - raw_msg:
 1. **Restate the problem in plain English:**

   We need to find the length of the shortest contiguous subarray within a given list of integers `A` such that the sum of the subarray is at least `K`. If no such subarray exists, we should return `-1`.

2. **Conceptualize a solution in plain English:**

   To solve this problem efficiently, we can use a sliding window approach with a deque to maintain potential starting points of subarrays. We will use a prefix sum array to keep track of the cumulative sum of elements up to each index. The idea is to iterate through the array while maintaining a deque of indices that represent potential starting points of subarrays. For each index, we will check if the difference between the current prefix sum and the prefix sum at the front of the deque is at least `K`. If it is, we update the minimum length of the subarray. We will also ensure that the deque is maintained in a way that the prefix sums are in increasing order, which helps in efficiently finding the shortest subarray.

3. **Write a pseudocode solution:**

   ```
   Initialize a deque to store indices
   Initialize a variable min_length to infinity
   Initialize a prefix_sum array with an initial value of 0

   For each index i from 0 to length of A:
       Update prefix_sum[i+1] as prefix_sum[i] + A[i]

       While deque is not empty and prefix_sum[i+1] - prefix_sum[deque[0]] >= K:
           Update min_length as the minimum of min_length and i - deque[0]
           Remove the front element from the deque

       While deque is not empty and prefix_sum[i+1] <= prefix_sum[deque[-1]]:
           Remove the last element from the deque

       Add index i to the deque

   If min_length is still infinity, return -1
   Otherwise, return min_length
   ```

4. **Output the final Python 3 solution with comments:**

```python
from typing import List
from collections import deque

class Solution:
    def shortestSubarray(self, A: List[int], K: int) -> int:
        # Initialize a deque to store indices
        deq = deque()
        # Initialize min_length to a large number
        min_length = float('inf')
        # Initialize prefix_sum array with an initial value of 0
        prefix_sum = [0] * (len(A) + 1)
        
        # Calculate prefix sums
        for i in range(len(A)):
            prefix_sum[i + 1] = prefix_sum[i] + A[i]
        
        # Iterate over each index
        for i in range(len(prefix_sum)):
            # Check if we can form a valid subarray
            while deq and prefix_sum[i] - prefix_sum[deq[0]] >= K:
                min_length = min(min_length, i - deq.popleft())
            
            # Maintain the deque in increasing order of prefix sums
            while deq and prefix_sum[i] <= prefix_sum[deq[-1]]:
                deq.pop()
            
            # Add the current index to the deque
            deq.append(i)
        
        # If min_length is still infinity, no valid subarray was found
        return min_length if min_length != float('inf') else -1
```

This solution efficiently finds the shortest subarray with a sum of at least `K` using a sliding window approach with a deque, ensuring optimal performance for large input sizes.

INFO - no_parent:
 False

INFO - full code to be executed: 
 
from typing import List
from collections import deque

class Solution:
    def shortestSubarray(self, A: List[int], K: int) -> int:
        # Initialize a deque to store indices
        deq = deque()
        # Initialize min_length to a large number
        min_length = float('inf')
        # Initialize prefix_sum array with an initial value of 0
        prefix_sum = [0] * (len(A) + 1)
        
        # Calculate prefix sums
        for i in range(len(A)):
            prefix_sum[i + 1] = prefix_sum[i] + A[i]
        
        # Iterate over each index
        for i in range(len(prefix_sum)):
            # Check if we can form a valid subarray
            while deq and prefix_sum[i] - prefix_sum[deq[0]] >= K:
                min_length = min(min_length, i - deq.popleft())
            
            # Maintain the deque in increasing order of prefix sums
            while deq and prefix_sum[i] <= prefix_sum[deq[-1]]:
                deq.pop()
            
            # Add the current index to the deque
            deq.append(i)
        
        # If min_length is still infinity, no valid subarray was found
        return min_length if min_length != float('inf') else -1


INFO - obs: Note: Inputs/outputs here are automatically extracted/truncated so formatting may be a bit off.
Tests passed:

 Input: [[1], 1] Output: 1

Tests failed:
None
reward: True
done: None
info: {'individual_results': [True]}
INFO - Updated entry: 
[Task]:
    Return the length of the shortest, non-empty, contiguous subarray of A with sum at least K.
    If there is no non-empty subarray with sum at least K, return -1.
 



    Example 1:
    Input: A = [1], K = 1
    Output: 1


    Example 2:
    Input: A = [1,2], K = 4
    Output: -1


...,

INFO - Metadata: {
    "raw_msg": "1. **Restate the problem in plain English:**\n\n   We need to find the length of the shortest contiguous subarray within a given list of integers `A` such that the sum of the subarray is at least `K`. If no such subarray exists, we should return `-1`.\n\n2. **Conceptualize a sol...

INFO - LM call n parse attempt 1 / 3

INFO - [Task id] 312 [prompt] 
You are an expert programmer tasked with solving the problem below.

Follow the user's instructions to solve the problem.
The user can ask for analysis, code, or both.

## Instructions
When asked to output code,
- Make sure to wrap your code in '```python' and '```' Markdown delimiters, 
- include exactly one block of code with the entire solution
- No outside libraries are allowed. 
- Builtins are allowed.
- If the task specifies a function name to be used, follow it strictly (be case sensitive!) and declare the that function last (helper functions are declared first).
- DO NOT write any assert statements / tests.

## Problem
[BEGIN PROBLEM]
Return the length of the shortest, non-empty, contiguous subarray of A with sum at least K.
If there is no non-empty subarray with sum at least K, return -1.
 



Example 1:
Input: A = [1], K = 1
Output: 1


Example 2:
Input: A = [1,2], K = 4
Output: -1


Example 3:
Input: A = [2,-1,2], K = 3
Output: 3

 
Note:

1 <= A.length <= 50000
-10 ^ 5 <= A[i] <= 10 ^ 5
1 <= K <= 10 ^ 9

The output code needs to use the provided function signature

The final python function should begin with: 
```python

class Solution:
    def shortestSubarray(self, A: List[int], K: int) -> int:
        
```

[END PROBLEM]

INFO - [Task id] 312 [prompt] 
## Instructions

Reason through the problem and:
1. Restate the problem in plain English
2. Conceptualize a solution first in plain English
3. Write a pseudocode solution
4. Output the final Python 3 solution with your solution steps in comments.

Make sure to wrap your code in '```python' and '```' Markdown delimiters, 
and include exactly one block of code with the entire solution.

No outside libraries are allowed.
Builtins are allowed.

INFO - [Task id] 312 [prompt] 1. **Restate the problem in plain English:**

   We need to find the length of the shortest contiguous subarray within a given list of integers `A` such that the sum of the subarray is at least `K`. If no such subarray exists, we should return `-1`.

2. **Conceptualize a solution in plain English:**

   To solve this problem efficiently, we can use a sliding window approach with a deque to maintain potential starting points of subarrays. We will use a prefix sum array to keep track of the cumulative sum of elements up to each index. The idea is to iterate through the array while maintaining a deque of indices that represent potential starting points of subarrays. For each index, we will check if the difference between the current prefix sum and the prefix sum at the front of the deque is at least `K`. If it is, we update the minimum length of the subarray. We will also ensure that the deque is maintained in a way that the prefix sums are in increasing order, which helps in efficiently finding the shortest subarray.

3. **Write a pseudocode solution:**

   ```
   Initialize a deque to store indices
   Initialize a variable min_length to infinity
   Initialize a prefix_sum array with an initial value of 0

   For each index i from 0 to length of A:
       Update prefix_sum[i+1] as prefix_sum[i] + A[i]

       While deque is not empty and prefix_sum[i+1] - prefix_sum[deque[0]] >= K:
           Update min_length as the minimum of min_length and i - deque[0]
           Remove the front element from the deque

       While deque is not empty and prefix_sum[i+1] <= prefix_sum[deque[-1]]:
           Remove the last element from the deque

       Add index i to the deque

   If min_length is still infinity, return -1
   Otherwise, return min_length
   ```

4. **Output the final Python 3 solution with comments:**

```python
from typing import List
from collections import deque

class Solution:
    def shortestSubarray(self, A: List[int], K: int) -> int:
        # Initialize a deque to store indices
        deq = deque()
        # Initialize min_length to a large number
        min_length = float('inf')
        # Initialize prefix_sum array with an initial value of 0
        prefix_sum = [0] * (len(A) + 1)
        
        # Calculate prefix sums
        for i in range(len(A)):
            prefix_sum[i + 1] = prefix_sum[i] + A[i]
        
        # Iterate over each index
        for i in range(len(prefix_sum)):
            # Check if we can form a valid subarray
            while deq and prefix_sum[i] - prefix_sum[deq[0]] >= K:
                min_length = min(min_length, i - deq.popleft())
            
            # Maintain the deque in increasing order of prefix sums
            while deq and prefix_sum[i] <= prefix_sum[deq[-1]]:
                deq.pop()
            
            # Add the current index to the deque
            deq.append(i)
        
        # If min_length is still infinity, no valid subarray was found
        return min_length if min_length != float('inf') else -1
```

This solution efficiently finds the shortest subarray with a sum of at least `K` using a sliding window approach with a deque, ensuring optimal performance for large input sizes.
INFO - [Task id] 312 [prompt] 
[Environment Feedback]:
    Note: Inputs/outputs here are automatically extracted/truncated so formatting may be a bit off.
    Tests passed:

     Input: [[1], 1] Output: 1

    Tests failed:
    None
[/Environment Feedback]

INFO - [Task id] 312 [prompt] 
## Instructions
Now, summarize your attempts as a **standalone** document for your own future reference. (can skip formalities, be concise)

- Only include the most relevant information and code snippets that could be useful in the future.
- If you did not learn much from the current experience (e.g. the problem was too easy), feel free to write less or nothing at all.
- Here are some ideas if the experience was useful:
    - Identifying the core concepts and patterns that problem appears to test for
    - Describing the strategies that seemed to work but did not, and vice versa
    - Describing unexpected errors and how they were fixed

Your summary should be at most a few paragraphs.

INFO - [Task id] 312 [generation text] In this problem, the goal was to find the length of the shortest contiguous subarray with a sum of at least `K`. The challenge was to do this efficiently given the constraints, where the length of the array could be up to 50,000.

The core concept used here was the sliding window technique combined with a deque to efficiently manage potential starting points of subarrays. The prefix sum array was crucial for quickly calculating the sum of any subarray. By maintaining a deque of indices where the prefix sums are in increasing order, we could efficiently determine the shortest subarray that meets the condition.

The strategy that worked involved iterating through the array while updating the prefix sum and using the deque to track indices. For each index, we checked if the current prefix sum minus the prefix sum at the front of the deque was at least `K`, which indicated a valid subarray. We then updated the minimum length accordingly. The deque was maintained to ensure that it only contained indices with increasing prefix sums, which allowed us to efficiently find the shortest subarray.

This approach was efficient and passed all test cases, demonstrating the effectiveness of combining prefix sums with a deque for problems involving subarray sums. This pattern is useful for similar problems where we need to find subarrays with specific sum properties.
INFO - LM call n parse attempt 1 / 3

INFO - [Task id] 312 [prompt] 
You are an expert programmer tasked with solving the problem below.

Follow the user's instructions to solve the problem.
The user can ask for analysis, code, or both.

## Instructions
When asked to output code,
- Make sure to wrap your code in '```python' and '```' Markdown delimiters, 
- include exactly one block of code with the entire solution
- No outside libraries are allowed. 
- Builtins are allowed.
- If the task specifies a function name to be used, follow it strictly (be case sensitive!) and declare the that function last (helper functions are declared first).
- DO NOT write any assert statements / tests.

## Problem
[BEGIN PROBLEM]
Return the length of the shortest, non-empty, contiguous subarray of A with sum at least K.
If there is no non-empty subarray with sum at least K, return -1.
 



Example 1:
Input: A = [1], K = 1
Output: 1


Example 2:
Input: A = [1,2], K = 4
Output: -1


Example 3:
Input: A = [2,-1,2], K = 3
Output: 3

 
Note:

1 <= A.length <= 50000
-10 ^ 5 <= A[i] <= 10 ^ 5
1 <= K <= 10 ^ 9

The output code needs to use the provided function signature

The final python function should begin with: 
```python

class Solution:
    def shortestSubarray(self, A: List[int], K: int) -> int:
        
```

[END PROBLEM]

INFO - [Task id] 312 [prompt] 
## Instructions

Reason through the problem and:
1. Restate the problem in plain English
2. Conceptualize a solution first in plain English
3. Write a pseudocode solution
4. Output the final Python 3 solution with your solution steps in comments.

Make sure to wrap your code in '```python' and '```' Markdown delimiters, 
and include exactly one block of code with the entire solution.

No outside libraries are allowed.
Builtins are allowed.

INFO - [Task id] 312 [prompt] 1. **Restate the problem in plain English:**

   We need to find the length of the shortest contiguous subarray within a given list of integers `A` such that the sum of the subarray is at least `K`. If no such subarray exists, we should return `-1`.

2. **Conceptualize a solution in plain English:**

   To solve this problem efficiently, we can use a sliding window approach with a deque to maintain potential starting points of subarrays. We will use a prefix sum array to keep track of the cumulative sum of elements up to each index. The idea is to iterate through the array while maintaining a deque of indices that represent potential starting points of subarrays. For each index, we will check if the difference between the current prefix sum and the prefix sum at the front of the deque is at least `K`. If it is, we update the minimum length of the subarray. We will also ensure that the deque is maintained in a way that the prefix sums are in increasing order, which helps in efficiently finding the shortest subarray.

3. **Write a pseudocode solution:**

   ```
   Initialize a deque to store indices
   Initialize a variable min_length to infinity
   Initialize a prefix_sum array with an initial value of 0

   For each index i from 0 to length of A:
       Update prefix_sum[i+1] as prefix_sum[i] + A[i]

       While deque is not empty and prefix_sum[i+1] - prefix_sum[deque[0]] >= K:
           Update min_length as the minimum of min_length and i - deque[0]
           Remove the front element from the deque

       While deque is not empty and prefix_sum[i+1] <= prefix_sum[deque[-1]]:
           Remove the last element from the deque

       Add index i to the deque

   If min_length is still infinity, return -1
   Otherwise, return min_length
   ```

4. **Output the final Python 3 solution with comments:**

```python
from typing import List
from collections import deque

class Solution:
    def shortestSubarray(self, A: List[int], K: int) -> int:
        # Initialize a deque to store indices
        deq = deque()
        # Initialize min_length to a large number
        min_length = float('inf')
        # Initialize prefix_sum array with an initial value of 0
        prefix_sum = [0] * (len(A) + 1)
        
        # Calculate prefix sums
        for i in range(len(A)):
            prefix_sum[i + 1] = prefix_sum[i] + A[i]
        
        # Iterate over each index
        for i in range(len(prefix_sum)):
            # Check if we can form a valid subarray
            while deq and prefix_sum[i] - prefix_sum[deq[0]] >= K:
                min_length = min(min_length, i - deq.popleft())
            
            # Maintain the deque in increasing order of prefix sums
            while deq and prefix_sum[i] <= prefix_sum[deq[-1]]:
                deq.pop()
            
            # Add the current index to the deque
            deq.append(i)
        
        # If min_length is still infinity, no valid subarray was found
        return min_length if min_length != float('inf') else -1
```

This solution efficiently finds the shortest subarray with a sum of at least `K` using a sliding window approach with a deque, ensuring optimal performance for large input sizes.
INFO - [Task id] 312 [prompt] 
[Environment Feedback]:
    Note: Inputs/outputs here are automatically extracted/truncated so formatting may be a bit off.
    Tests passed:

     Input: [[1], 1] Output: 1

    Tests failed:
    None
[/Environment Feedback]

INFO - [Task id] 312 [prompt] 
Below is the official solution (do exercise discretion as official solutions can also have mistakes).

You will be reflecting on your attempts to solve the problem.
This will be a **standalone** document for your own future reference. (can skip formalities, be concise)

## Instructions
- Only include the most relevant insights and code snippets that could be useful in the future.
- If you did not learn much from the current experience (e.g. the problem was too easy / official solution was obvious), feel free to write less or nothing at all.
- Here are some ideas if the experience was useful:
    - If the official solution is insightful (e.g. better than yours in time and space complexity or more effective in breaking down the problem statement), distil the key approach of the official solution, step by step.
    - If your approach failed the test cases, reason why the official solution works but yours does not

Your reflection should be at most a few paragraphs.

## Official solution
import collections

class Solution:
    def shortestSubarray(self, A: List[int], K: int) -> int:
        cum_sum = 0
        queue = collections.deque([(-1, 0)])
        result = len(A) + 1
        for i, v in enumerate(A):
            cum_sum += v    
            if v > 0:
                # find any matches and remove them, since will never have a better match
                while queue and cum_sum - queue[0][1] >= K:
                    e = queue.popleft()
                    #print('remove candidate from start:', e)
                    result = min(result, i - e[0])
            else:
                # for negative numbers pop off any greater cum sums, which will never be a better target
                while queue and cum_sum <= queue[-1][1]:
                    e = queue.pop()
                    #print('remove lesser from end:', e)
        
            queue.append((i, cum_sum))
            #print(queue)            
        return result if result <= len(A) else -1    

INFO - [Task id] 312 [generation text] Reflecting on the problem and the official solution, here are some key insights and takeaways:

1. **Sliding Window with Deque:**
   Both my solution and the official solution utilize a sliding window approach with a deque to efficiently find the shortest subarray with a sum of at least `K`. This approach is optimal for handling large input sizes due to its linear time complexity.

2. **Prefix Sum Calculation:**
   The use of prefix sums is crucial in this problem as it allows us to quickly calculate the sum of any subarray by subtracting two prefix sums. This reduces the need for nested loops and makes the solution efficient.

3. **Deque Maintenance:**
   The official solution and my solution both maintain the deque in a way that ensures the prefix sums are in increasing order. This is important because it allows us to efficiently find the shortest subarray by removing indices from the deque that cannot contribute to a shorter subarray.

4. **Handling Negative Numbers:**
   The official solution explicitly handles negative numbers by removing any greater cumulative sums from the end of the deque. This ensures that the deque only contains potential starting points for subarrays that could lead to a valid solution.

5. **Edge Cases:**
   Both solutions handle edge cases where no valid subarray exists by returning `-1`. This is done by checking if the minimum length found is still greater than the length of the array.

Overall, the official solution is quite similar to my approach, with slight differences in implementation details. The key takeaway is the effective use of prefix sums and a deque to maintain potential starting points for subarrays, which allows for an efficient solution to the problem.
INFO - Updated entry: In this problem, the goal was to find the length of the shortest contiguous subarray with a sum of at least `K`. The challenge was to do this efficiently given the constraints, where the length of the array could be up to 50,000.

The core concept used here was the sliding window technique combin...,

INFO - Metadata: {
    "task_id": 312
}

INFO - Updated entry: Reflecting on the problem and the official solution, here are some key insights and takeaways:

1. **Sliding Window with Deque:**
   Both my solution and the official solution utilize a sliding window approach with a deque to efficiently find the shortest subarray with a sum of at least `K`. This...,

INFO - Metadata: {
    "task_id": 312
}

INFO - LM call n parse attempt 1 / 3

INFO - [Task id] 312 [prompt] 
You are a helpful assistant that writes a description of the given function written in the Python programming language.

1) Do not mention the function name.
2) Do not mention anything about helper functions.
3) There might be some helper functions before the main function, but you only need to describe the main function.
4) Try to summarize the function in no more than 6 sentences.
5) Your response should be a single line of text.

INFO - [Task id] 312 [prompt] 
from typing import List
from collections import deque

class Solution:
    def shortestSubarray(self, A: List[int], K: int) -> int:
        # Initialize a deque to store indices
        deq = deque()
        # Initialize min_length to a large number
        min_length = float('inf')
        # Initialize prefix_sum array with an initial value of 0
        prefix_sum = [0] * (len(A) + 1)
        
        # Calculate prefix sums
        for i in range(len(A)):
            prefix_sum[i + 1] = prefix_sum[i] + A[i]
        
        # Iterate over each index
        for i in range(len(prefix_sum)):
            # Check if we can form a valid subarray
            while deq and prefix_sum[i] - prefix_sum[deq[0]] >= K:
                min_length = min(min_length, i - deq.popleft())
            
            # Maintain the deque in increasing order of prefix sums
            while deq and prefix_sum[i] <= prefix_sum[deq[-1]]:
                deq.pop()
            
            # Add the current index to the deque
            deq.append(i)
        
        # If min_length is still infinity, no valid subarray was found
        return min_length if min_length != float('inf') else -1

INFO - [Task id] 312 [generation text] The function finds the length of the shortest contiguous subarray whose sum is at least a given integer \( K \). It uses a prefix sum array to efficiently calculate subarray sums and a deque to maintain indices of the prefix sums in increasing order. As it iterates through the prefix sums, it checks if the current subarray sum (from the deque's front to the current index) meets or exceeds \( K \), updating the minimum length if it does. The deque is adjusted to ensure it only contains indices that could potentially form a valid subarray in the future. If no such subarray is found, the function returns -1; otherwise, it returns the length of the shortest subarray found.
INFO - LM call n parse attempt 1 / 3

INFO - [Task id] 312 [prompt] 
You are a helpful assistant that extracts important information from problems and solutions to aid in searchability and education.

## Instructions
- Read through the problem and solution carefully.
- Reason out, step by step, in what scenarios this knowledge would be useful.
- Focus on general patterns and situations to help connect this knowledge to new situations.
- Then, include a list of keywords that are useful for searching this problem/solution pair.

## Response format
Respond in JSON, and follow the keys and expected format of the values strictly.

The output should be formatted as a JSON instance that conforms to the JSON schema below.

As an example, for the schema {"properties": {"foo": {"title": "Foo", "description": "a list of strings", "type": "array", "items": {"type": "string"}}}, "required": ["foo"]}
the object {"foo": ["bar", "baz"]} is a well-formatted instance of the schema. The object {"properties": {"foo": ["bar", "baz"]}} is not well-formatted.

Here is the output schema:
```
{"properties": {"scenarios": {"description": "In what scenarios will this knowledge be useful? Answer in a paragraph.", "title": "Scenarios", "type": "string"}, "keywords": {"description": "List of keywords that are useful for searching this problem/solution pair", "items": {"type": "string"}, "title": "Keywords", "type": "array"}}, "required": ["scenarios", "keywords"]}
```

INFO - [Task id] 312 [prompt] 
[Problem]
    Return the length of the shortest, non-empty, contiguous subarray of A with sum at least K.
    If there is no non-empty subarray with sum at least K, return -1.
 



    Example 1:
    Input: A = [1], K = 1
    Output: 1


    Example 2:
    Input: A = [1,2], K = 4
    Output: -1


    Example 3:
    Input: A = [2,-1,2], K = 3
    Output: 3

 
    Note:

    1 <= A.length <= 50000
    -10 ^ 5 <= A[i] <= 10 ^ 5
    1 <= K <= 10 ^ 9
[/Problem]

[Solution]

    from typing import List
    from collections import deque

    class Solution:
        def shortestSubarray(self, A: List[int], K: int) -> int:
            # Initialize a deque to store indices
            deq = deque()
            # Initialize min_length to a large number
            min_length = float('inf')
            # Initialize prefix_sum array with an initial value of 0
            prefix_sum = [0] * (len(A) + 1)
        
            # Calculate prefix sums
            for i in range(len(A)):
                prefix_sum[i + 1] = prefix_sum[i] + A[i]
        
            # Iterate over each index
            for i in range(len(prefix_sum)):
                # Check if we can form a valid subarray
                while deq and prefix_sum[i] - prefix_sum[deq[0]] >= K:
                    min_length = min(min_length, i - deq.popleft())
            
                # Maintain the deque in increasing order of prefix sums
                while deq and prefix_sum[i] <= prefix_sum[deq[-1]]:
                    deq.pop()
            
                # Add the current index to the deque
                deq.append(i)
        
            # If min_length is still infinity, no valid subarray was found
            return min_length if min_length != float('inf') else -1

[/Solution]

INFO - [Task id] 312 [generation text] 
INFO - {
    "scenarios": "This knowledge is useful in scenarios where you need to find the shortest subarray with a sum constraint, which is a common problem in competitive programming and algorithm design. It is particularly relevant when dealing with large arrays where a brute force approach would be inefficient. The solution uses a sliding window technique with a deque to efficiently find the shortest subarray, which is a pattern that can be applied to other problems involving subarrays and prefix sums. This approach is also useful in financial analysis, signal processing, or any field where you need to analyze contiguous segments of data for specific properties.",
    "keywords": [
        "shortest subarray",
        "contiguous subarray",
        "prefix sum",
        "deque",
        "sliding window",
        "sum constraint",
        "algorithm",
        "competitive programming"
    ]
}
INFO - {
    "scenarios": "This knowledge is useful in scenarios where you need to find the shortest subarray with a sum constraint, which is a common problem in competitive programming and algorithm design. It is particularly relevant when dealing with large arrays where a brute force approach would be inefficient. The solution uses a sliding window technique with a deque to efficiently find the shortest subarray, which is a pattern that can be applied to other problems involving subarrays and prefix sums. This approach is also useful in financial analysis, signal processing, or any field where you need to analyze contiguous segments of data for specific properties.",
    "keywords": [
        "shortest subarray",
        "contiguous subarray",
        "prefix sum",
        "deque",
        "sliding window",
        "sum constraint",
        "algorithm",
        "competitive programming"
    ]
}
INFO - Updated entry: 
[description]
The function finds the length of the shortest contiguous subarray whose sum is at least a given integer \( K \). It uses a prefix sum array to efficiently calculate subarray sums and a deque to maintain indices of the prefix sums in increasing order. As it iterates through the pref...,

INFO - Metadata: {
    "task": 312,
    "code": "\nfrom typing import List\nfrom collections import deque\n\nclass Solution:\n    def shortestSubarray(self, A: List[int], K: int) -> int:\n        # Initialize a deque to store indices\n        deq = deque()\n        # Initialize min_length to a large number\n     ...

