INFO - DB skill doc count: 0

INFO - DB non_func doc count: 4

INFO - DB semantic doc count: 429

INFO - DB summaries doc count: 4

INFO - DB reflections doc count: 4

INFO - DB episodic doc count: 5

INFO - [train iter]: 4/100 

INFO - The task prompt is The chef is having one string of English lower case alphabets only. The chef wants to remove all "abc" special pairs where a,b,c are occurring consecutively. After removing the pair, create a new string and again remove "abc" special pair from a newly formed string. Repeate the process until no s...

INFO - Attempting task_id 1211
INFO - LM call n parse attempt 1 / 3

INFO - [Task id] 1211 [prompt] 
You are an expert programmer tasked with solving the problem below.

Follow the user's instructions to solve the problem.
The user can ask for analysis, code, or both.

## Instructions
When asked to output code,
- Make sure to wrap your code in '```python' and '```' Markdown delimiters, 
- include exactly one block of code with the entire solution
- No outside libraries are allowed. 
- Builtins are allowed.
- If the task specifies a function name to be used, follow it strictly (be case sensitive!) and declare the that function last (helper functions are declared first).
- DO NOT write any assert statements / tests.

## Problem
[BEGIN PROBLEM]
The chef is having one string of English lower case alphabets only. The chef wants to remove all "abc" special pairs where a,b,c are occurring consecutively. After removing the pair, create a new string and again remove "abc" special pair from a newly formed string. Repeate the process until no such pair remains in a string.

-----Input:-----
- First line will contain $T$, number of testcases. Then the testcases follow. 
- Each testcase contains of a single line of input, $String$. 

-----Output:-----
For each testcase, output in a single line answer, new String with no "abc" special pair.

-----Constraints:-----
$T \leq 2 $
$1 \leq String length \leq 1000 $

-----Sample Input:-----
2
aabcc
bababccc

-----Sample Output:-----
ac
bc

-----EXPLANATION:-----
For 1) after removing "abc" at middle we get a new string as ac.
For 2) string = bababccc
newString1 = babcc  // After removing middle "abc"
newString2 = bc   //After removing "abc"

The output code needs to read from and write to standard IO


[END PROBLEM]

INFO - [Task id] 1211 [prompt] 
## Instructions

Reason through the problem and:
1. Restate the problem in plain English
2. Conceptualize a solution first in plain English
3. Write a pseudocode solution
4. Output the final Python 3 solution with your solution steps in comments.

Make sure to wrap your code in '```python' and '```' Markdown delimiters, 
and include exactly one block of code with the entire solution.

No outside libraries are allowed.
Builtins are allowed.

INFO - [Task id] 1211 [generation text] ## Problem Restatement

We have a string consisting of lowercase English letters. The task is to repeatedly remove any occurrence of the substring "abc" from the string until no such substring remains. We need to perform this operation for multiple test cases and output the resulting string for each test case.

## Conceptual Solution

1. **Iterate through each test case**: For each test case, we will process the given string.
2. **Remove "abc" substrings**: Continuously search for the substring "abc" in the string. If found, remove it and check the string again.
3. **Repeat until no "abc" is found**: Continue the removal process until the string no longer contains the substring "abc".
4. **Output the final string**: Once no more "abc" substrings are present, output the resulting string for that test case.

## Pseudocode

```
function remove_abc_pairs(string):
    while "abc" is in string:
        remove the first occurrence of "abc" from string
    return string

function process_test_cases(test_cases):
    for each test_case in test_cases:
        result = remove_abc_pairs(test_case)
        print result

read number of test cases T
initialize an empty list test_cases
for i from 1 to T:
    read a string and append it to test_cases
process_test_cases(test_cases)
```

## Final Python Solution

```python
def remove_abc_pairs(s):
    # Continuously remove "abc" from the string
    while "abc" in s:
        s = s.replace("abc", "", 1)  # Remove the first occurrence of "abc"
    return s

def process_test_cases(test_cases):
    for test_case in test_cases:
        result = remove_abc_pairs(test_case)
        print(result)

# Read number of test cases
T = int(input().strip())
test_cases = []

# Read each test case
for _ in range(T):
    test_case = input().strip()
    test_cases.append(test_case)

# Process each test case
process_test_cases(test_cases)
```

### Explanation of the Code

- **remove_abc_pairs**: This function takes a string and repeatedly removes the first occurrence of "abc" until no such substring is found. It uses the `replace` method with a count of 1 to ensure only the first occurrence is removed in each iteration.
  
- **process_test_cases**: This function iterates over each test case, applies the `remove_abc_pairs` function, and prints the result.

- **Main Execution**: The program reads the number of test cases, collects each test case string, and then processes them using the defined functions.
INFO - [35m Rollout attempt 1/4[0m
INFO - [33m Retrieving 3 entries for db: episodic 
 [0m
INFO - Retrieved (score=0.4536):

[Task]:
    Given an array A of strings, find any smallest string that contains each string in A as a substring.
    We may assume that no string in A is substring of another string in A.
 

    Example 1:
    Input: ["alex","loves","leetcode"]
    Output: "alexlovesleetcode"
    Explanation: Al...


INFO - Retrieved (score=0.5772):

[Task]:
    Indraneel has to sort the books in his library. His library has one long shelf. His books are numbered $1$ through $N$ and he wants to rearrange the books so that they appear in the sequence $1,2, ..., N$.
    He intends to do this by a sequence of moves. In each move he can pick up ...


INFO - Retrieved (score=0.5787):

[Task]:
    Indraneel has to sort the books in his library. His library has one long shelf. His books are numbered $1$ through $N$ and he wants to rearrange the books so that they appear in the sequence $1,2, ..., N$.
    He intends to do this by a sequence of moves. In each move he can pick up ...


INFO - [33m Retrieving 3 entries for db: semantic 
 [0m
INFO - Retrieved (score=0.4880):
Title: Finding repetitions
Part: 1/2
# Finding repetitions

Given a string $s$ of length $n$.

A **repetition** is two occurrences of a string in a row.
In other words a repetition can be described by a pair of indices $i < j$ such that the substring $s[i \dots j]$ consists of two identical strin...


INFO - Retrieved (score=0.4913):
Title: Manacher's Algorithm - Finding all sub-palindromes in $O(N)$
Part: 1/2
# Manacher's Algorithm - Finding all sub-palindromes in $O(N)$

## Statement

Given string $s$ with length $n$. Find all the pairs $(i, j)$ such that substring $s[i\dots j]$ is a palindrome. String $t$ is a palindrome w...


INFO - Retrieved (score=0.5114):
Title: Prefix function. Knuth–Morris–Pratt algorithm
Part: 3/4
```

Here for each value of the prefix function we first count how many times it occurs in the array $\pi$, and then compute the final answers:
if we know that the length prefix $i$ appears exactly $\text{ans}[i]$ times, then this num...


INFO - [33m Retrieving 3 entries for db: reflections 
 [0m
INFO - Retrieved (score=0.4774):
Reflecting on the problem and the official solution, here are some key insights and takeaways:

1. **Problem Understanding**: The task is to find the shortest superstring that contains all given strings as substrings. The challenge is to maximize the overlap between strings to minimize the total ...


INFO - Retrieved (score=0.5069):
The problem of finding the smallest possible weight of the last stone after smashing them together is essentially a partition problem. The goal is to split the stones into two groups such that the difference in their total weights is minimized. My initial approach used a dynamic programming array...


INFO - Retrieved (score=0.5763):
### Reflection

The problem of sorting books with the minimum number of moves can be effectively solved by identifying the longest increasing subsequence (LIS) in the current arrangement. The official solution and my approach both leverage this concept, but they differ in implementation details.
...


INFO - [33m Retrieving 3 entries for db: summaries 
 [0m
INFO - Retrieved (score=0.4305):
In this problem, the goal was to find the shortest superstring that contains each string from a given list as a substring. The key challenge was to minimize the length of the superstring by maximizing the overlap between consecutive strings.

### Core Concepts and Patterns
The problem primarily t...


INFO - Retrieved (score=0.5082):
In this problem, the goal was to determine the minimum number of moves required to sort a sequence of books using the concept of the longest increasing subsequence (LIS). The key insight was that the books already in the correct order form the LIS, and the rest need to be moved. Thus, the minimum...


INFO - Retrieved (score=0.5496):
In this problem, the core concept revolves around minimizing the weight of the last remaining stone after repeatedly smashing pairs of stones. The challenge is akin to a partition problem where we aim to split the stones into two groups with the smallest possible difference in their total weights...


INFO - [33m Retrieving 3 entries for db: non_func 
 [0m
INFO - Retrieved (score=0.5837):

[description]
The function takes a list of strings and returns the shortest superstring that contains each string in the list as a substring. It first calculates the maximum overlap between each pair of strings and stores these values in a matrix. It then uses dynamic programming to find the sho...


INFO - Retrieved (score=0.6003):

[description for function: min_moves_to_sort_books]
The function reads a list of integers representing books from standard input, calculates the length of the longest increasing subsequence (LIS) using a binary search approach, and then determines the minimum number of moves required to sort the...


INFO - Retrieved (score=0.6278):

[description]
The function calculates the smallest possible weight of the last remaining stone after repeatedly smashing two stones together, where the stones are represented by a list of integers. It first computes the total weight of all stones and initializes a boolean array to track possible...


INFO - Retrieved (score=0.4305): 
[Summary]:
    In this problem, the goal was to find the shortest superstring that contains each string from a given list as a substring. The key challenge was to minimize the length of the superstring by maximizing the overlap between consecutive strings.

    ### Core Concepts and Patterns
   ...
INFO - Retrieved (score=0.4536): 
[Past Memory]:

    [Task]:
        Given an array A of strings, find any smallest string that contains each string in A as a substring.
        We may assume that no string in A is substring of another string in A.
 

        Example 1:
        Input: ["alex","loves","leetcode"]
        Output:...
INFO - Retrieved (score=0.4774): 
[Reflection]:
    Reflecting on the problem and the official solution, here are some key insights and takeaways:

    1. **Problem Understanding**: The task is to find the shortest superstring that contains all given strings as substrings. The challenge is to maximize the overlap between strings...
INFO - LM call n parse attempt 1 / 3

INFO - [Task id] 1211 [prompt] 
You are an expert programmer tasked with solving the problem below.

Follow the user's instructions to solve the problem.
The user can ask for analysis, code, or both.

## Instructions
When asked to output code,
- Make sure to wrap your code in '```python' and '```' Markdown delimiters, 
- include exactly one block of code with the entire solution
- No outside libraries are allowed. 
- Builtins are allowed.
- If the task specifies a function name to be used, follow it strictly (be case sensitive!) and declare the that function last (helper functions are declared first).
- DO NOT write any assert statements / tests.

## Problem
[BEGIN PROBLEM]
The chef is having one string of English lower case alphabets only. The chef wants to remove all "abc" special pairs where a,b,c are occurring consecutively. After removing the pair, create a new string and again remove "abc" special pair from a newly formed string. Repeate the process until no such pair remains in a string.

-----Input:-----
- First line will contain $T$, number of testcases. Then the testcases follow. 
- Each testcase contains of a single line of input, $String$. 

-----Output:-----
For each testcase, output in a single line answer, new String with no "abc" special pair.

-----Constraints:-----
$T \leq 2 $
$1 \leq String length \leq 1000 $

-----Sample Input:-----
2
aabcc
bababccc

-----Sample Output:-----
ac
bc

-----EXPLANATION:-----
For 1) after removing "abc" at middle we get a new string as ac.
For 2) string = bababccc
newString1 = babcc  // After removing middle "abc"
newString2 = bc   //After removing "abc"

The output code needs to read from and write to standard IO


[END PROBLEM]

INFO - [Task id] 1211 [prompt] 
## Instructions

Reason through the problem and:
1. Restate the problem in plain English
2. Conceptualize a solution first in plain English
3. Write a pseudocode solution
4. Output the final Python 3 solution with your solution steps in comments.

Make sure to wrap your code in '```python' and '```' Markdown delimiters, 
and include exactly one block of code with the entire solution.

No outside libraries are allowed.
Builtins are allowed.

INFO - [Task id] 1211 [prompt] 
Also, here are some of your memories.
Feel free to use the given information to aid your problem solving process if necessary.
Do not confuse the memories with the problem statement.

## Memories

[Summary]:
    In this problem, the goal was to find the shortest superstring that contains each string from a given list as a substring. The key challenge was to minimize the length of the superstring by maximizing the overlap between consecutive strings.

    ### Core Concepts and Patterns
    The problem primarily tested the ability to use dynamic programming to solve a combinatorial optimization problem. The core concept was to represent the problem as a graph where nodes are strings and edges represent the overlap between them. The task was to find a path through this graph that maximizes the total overlap, thereby minimizing the superstring length.

    ### Strategies
    The successful strategy involved:
    1. **Overlap Calculation**: Calculating the maximum overlap between every pair of strings.
    2. **Dynamic Programming**: Using a DP table to keep track of the shortest superstring length for each combination of strings, ending with a specific string.
    3. **Path Reconstruction**: Backtracking through the DP table to reconstruct the path that gives the shortest superstring.

    ### Unexpected Errors and Fixes
    Initially, there was a misunderstanding in the input format, which led to incorrect parsing of strings. The input strings were wrapped in additional quotes, which needed to be handled correctly. Once the input was correctly parsed, the solution worked as expected.

    ### Code Snippet
    The core of the solution involved calculating overlaps and using a DP table to find the optimal path:

    ```python
    def calculate_overlap(s1, s2):
        max_overlap = 0
        for i in range(1, min(len(s1), len(s2)) + 1):
            if s1[-i:] == s2[:i]:
                max_overlap = i
        return max_overlap

    # Dynamic programming to find the shortest superstring
    dp = [[float('inf')] * n for _ in range(1 << n)]
    parent = [[-1] * n for _ in range(1 << n)]

    # Initialize dp for single strings
    for i in range(n):
        dp[1 << i][i] = len(A[i])

    # Fill dp table
    for mask in range(1 << n):
        for i in range(n):
            if not (mask & (1 << i)):
                continue
            for j in range(n):
                if mask & (1 << j):
                    continue
                new_mask = mask | (1 << j)
                new_length = dp[mask][i] + len(A[j]) - overlap[i][j]
                if new_length < dp[new_mask][j]:
                    dp[new_mask][j] = new_length
                    parent[new_mask][j] = i
    ```

    This experience reinforced the importance of correctly parsing inputs and the effectiveness of dynamic programming in solving optimization problems involving permutations and combinations.
[/Summary]


[Past Memory]:

    [Task]:
        Given an array A of strings, find any smallest string that contains each string in A as a substring.
        We may assume that no string in A is substring of another string in A.
 

        Example 1:
        Input: ["alex","loves","leetcode"]
        Output: "alexlovesleetcode"
        Explanation: All permutations of "alex","loves","leetcode" would also be accepted.


        Example 2:
        Input: ["catg","ctaagt","gcta","ttca","atgcatc"]
        Output: "gctaagttcatgcatc"
 


        Note:

        1 <= A.length <= 12
        1 <= A[i].length <= 20
    [/Task]

    [Previous Critique]:
        None
    [/Previous Critique]

    [Thought Process and Code]:
        ### Problem Restatement

        We are given an array of strings, and we need to find the smallest string that contains each string in the array as a substring. No string in the array is a substring of another string in the array.

        ### Conceptual Solution

        To solve this problem, we need to construct a superstring that contains all the given strings as substrings. The challenge is to minimize the length of this superstring. The key idea is to overlap the strings as much as possible. 

        1. **Overlap Calculation**: For any two strings, calculate the maximum overlap where the suffix of one string matches the prefix of the other string.

        2. **Graph Representation**: Represent the problem as a graph where each string is a node. The edge weight between two nodes is the overlap length.

        3. **Find Optimal Path**: Use a dynamic programming approach to find the path that maximizes the total overlap, which will minimize the length of the resulting superstring.

        4. **Construct Superstring**: Once the optimal path is found, construct the superstring by concatenating the strings according to the path, using the calculated overlaps to avoid redundancy.

        ### Pseudocode

        1. Define a function `calculate_overlap(s1, s2)` that returns the maximum overlap length where the suffix of `s1` matches the prefix of `s2`.

        2. Create a 2D list `overlap` where `overlap[i][j]` stores the overlap length between `A[i]` and `A[j]`.

        3. Use dynamic programming to find the shortest superstring:
           - Define `dp[mask][i]` as the length of the shortest superstring that contains the strings represented by `mask` and ends with `A[i]`.
           - Initialize `dp[1 << i][i]` to the length of `A[i]` for all `i`.
           - For each `mask` and each `i`, update `dp[mask][i]` by considering all possible previous strings `j` that could lead to `i`.

        4. Reconstruct the path that gives the shortest superstring using the `dp` table.

        5. Construct the final superstring by concatenating the strings according to the path, using the overlaps to avoid redundancy.

        ### Final Python Solution

        ```python
        from typing import List

        class Solution:
            def calculate_overlap(self, s1: str, s2: str) -> int:
                max_overlap = 0
                for i in range(1, min(len(s1), len(s2)) + 1):
                    if s1[-i:] == s2[:i]:
                        max_overlap = i
                return max_overlap

            def shortestSuperstring(self, A: List[str]) -> str:
                n = len(A)
                overlap = [[0] * n for _ in range(n)]
        
                # Calculate overlap between each pair of strings
                for i in range(n):
                    for j in range(n):
                        if i != j:
                            overlap[i][j] = self.calculate_overlap(A[i], A[j])
        
                # dp[mask][i] will be the length of the shortest superstring that contains
                # the strings represented by mask and ends with A[i]
                dp = [[float('inf')] * n for _ in range(1 << n)]
                parent = [[-1] * n for _ in range(1 << n)]
        
                # Initialize dp for single strings
                for i in range(n):
                    dp[1 << i][i] = len(A[i])
        
                # Fill dp table
                for mask in range(1 << n):
                    for i in range(n):
                        if not (mask & (1 << i)):
                            continue
                        for j in range(n):
                            if mask & (1 << j):
                                continue
                            new_mask = mask | (1 << j)
                            new_length = dp[mask][i] + len(A[j]) - overlap[i][j]
                            if new_length < dp[new_mask][j]:
                                dp[new_mask][j] = new_length
                                parent[new_mask][j] = i
        
                # Find the end of the shortest superstring
                min_length = float('inf')
                last = -1
                final_mask = (1 << n) - 1
                for i in range(n):
                    if dp[final_mask][i] < min_length:
                        min_length = dp[final_mask][i]
                        last = i
        
                # Reconstruct the shortest superstring
                mask = final_mask
                path = []
                while last != -1:
                    path.append(last)
                    next_last = parent[mask][last]
                    mask ^= (1 << last)
                    last = next_last
        
                path.reverse()
        
                # Build the superstring using the path
                superstring = A[path[0]]
                for k in range(1, len(path)):
                    i, j = path[k-1], path[k]
                    superstring += A[j][overlap[i][j]:]
        
                return superstring
        ```

        This solution uses dynamic programming to efficiently find the shortest superstring by maximizing the overlap between strings. The `calculate_overlap` function computes the maximum overlap between two strings, which is used to build the `overlap` matrix. The `dp` table is then used to find the optimal path that results in the shortest superstring.
    [/Thought Process and Code]

    [Environment Feedback]:
        Note: Inputs/outputs here are automatically extracted/truncated so formatting may be a bit off.
        Tests passed:

         Input: [['"alex"', '"loves"', '"leetcode"']] Output: "leetcode"loves"alex"

        Tests failed:
        None
    [/Environment Feedback]

    [Result]:
        Success
    [/Result]

[/Past Memory]


[Reflection]:
    Reflecting on the problem and the official solution, here are some key insights and takeaways:

    1. **Problem Understanding**: The task is to find the shortest superstring that contains all given strings as substrings. The challenge is to maximize the overlap between strings to minimize the total length of the superstring.

    2. **Dynamic Programming with Memoization**: The official solution uses a dynamic programming approach with memoization to efficiently compute the shortest superstring. The `memo` decorator is used to cache results of the recursive function `find_short`, which helps in avoiding redundant calculations and speeds up the process.

    3. **Merge Function**: The `merge` function is crucial as it determines how two strings can be combined with maximum overlap. It checks for the longest suffix of the first string that matches the prefix of the second string and merges them accordingly.

    4. **Recursive Approach**: The `find_short` function is a recursive function that attempts to build the shortest superstring by considering all possible orders of strings. It uses the `merge` function to combine strings and memoization to store intermediate results.

    5. **Handling Substring Elimination**: The official solution starts by filtering out any strings that are substrings of others, which simplifies the problem and reduces unnecessary computations.

    6. **Efficiency**: The official solution is efficient given the constraints, as it leverages memoization to handle the exponential number of possible string orderings. This is crucial for handling the maximum input size effectively.

    In summary, the official solution is insightful in its use of dynamic programming and memoization to tackle the problem efficiently. The recursive approach combined with the `merge` function allows for a systematic exploration of all possible string combinations, ensuring the shortest superstring is found. This approach is both elegant and effective for the given problem constraints.
[/Reflection]


INFO - [Task id] 1211 [generation text] ### Problem Restatement

We are given a string consisting of lowercase English alphabets. The task is to repeatedly remove any occurrence of the substring "abc" from the string until no such substring remains. We need to perform this operation for multiple test cases and output the resulting string for each test case.

### Conceptual Solution

1. **Iterative Removal**: For each test case, we will iteratively search for the substring "abc" in the given string. If found, we will remove it and continue searching in the newly formed string.
2. **Repeat Until Stable**: We will repeat the process until the string no longer contains the substring "abc".
3. **Output the Result**: Once no more "abc" substrings can be removed, we will output the final string.

### Pseudocode

1. Read the number of test cases, `T`.
2. For each test case:
   - Initialize the string `s` with the input string.
   - While "abc" is found in `s`:
     - Remove the first occurrence of "abc" from `s`.
   - Output the resulting string `s`.

### Final Python Solution

```python
def remove_abc_pairs():
    import sys
    input = sys.stdin.read
    data = input().split()
    
    T = int(data[0])
    results = []
    
    for i in range(1, T + 1):
        s = data[i]
        while 'abc' in s:
            s = s.replace('abc', '', 1)
        results.append(s)
    
    for result in results:
        print(result)

```

### Explanation of the Code

- We read all input data at once and split it into a list `data`.
- The first element of `data` is the number of test cases `T`.
- For each test case, we initialize the string `s` with the corresponding input string.
- We use a `while` loop to repeatedly check for the presence of "abc" in `s`. If found, we remove the first occurrence using `s.replace('abc', '', 1)`.
- Once no more "abc" substrings are found, we append the resulting string to the `results` list.
- Finally, we print each result from the `results` list.
INFO - program_code:
 
def remove_abc_pairs():
    import sys
    input = sys.stdin.read
    data = input().split()
    
    T = int(data[0])
    results = []
    
    for i in range(1, T + 1):
        s = data[i]
        while 'abc' in s:
            s = s.replace('abc', '', 1)
        results.append(s)
    
    for result in results:
        print(result)



INFO - program_name:
 remove_abc_pairs

INFO - dependencies:
 []

INFO - raw_msg:
 ### Problem Restatement

We are given a string consisting of lowercase English alphabets. The task is to repeatedly remove any occurrence of the substring "abc" from the string until no such substring remains. We need to perform this operation for multiple test cases and output the resulting string for each test case.

### Conceptual Solution

1. **Iterative Removal**: For each test case, we will iteratively search for the substring "abc" in the given string. If found, we will remove it and continue searching in the newly formed string.
2. **Repeat Until Stable**: We will repeat the process until the string no longer contains the substring "abc".
3. **Output the Result**: Once no more "abc" substrings can be removed, we will output the final string.

### Pseudocode

1. Read the number of test cases, `T`.
2. For each test case:
   - Initialize the string `s` with the input string.
   - While "abc" is found in `s`:
     - Remove the first occurrence of "abc" from `s`.
   - Output the resulting string `s`.

### Final Python Solution

```python
def remove_abc_pairs():
    import sys
    input = sys.stdin.read
    data = input().split()
    
    T = int(data[0])
    results = []
    
    for i in range(1, T + 1):
        s = data[i]
        while 'abc' in s:
            s = s.replace('abc', '', 1)
        results.append(s)
    
    for result in results:
        print(result)

```

### Explanation of the Code

- We read all input data at once and split it into a list `data`.
- The first element of `data` is the number of test cases `T`.
- For each test case, we initialize the string `s` with the corresponding input string.
- We use a `while` loop to repeatedly check for the presence of "abc" in `s`. If found, we remove the first occurrence using `s.replace('abc', '', 1)`.
- Once no more "abc" substrings are found, we append the resulting string to the `results` list.
- Finally, we print each result from the `results` list.

INFO - no_parent:
 False

INFO - full code to be executed: 
 
def remove_abc_pairs():
    import sys
    input = sys.stdin.read
    data = input().split()
    
    T = int(data[0])
    results = []
    
    for i in range(1, T + 1):
        s = data[i]
        while 'abc' in s:
            s = s.replace('abc', '', 1)
        results.append(s)
    
    for result in results:
        print(result)



INFO - obs: Note: Inputs/outputs here are automatically extracted/truncated so formatting may be a bit off.
Tests passed:

None

Tests failed:
 Input: ['2', 'aabcc', 'bababccc'] Expected output: [{'ac'}, {'bc'}] # Execution output: []
No output detected. You might want to check the reading from / writing to standard IO.
A common mistake is to put the IO inside a function, but the function is not called.

reward: False
done: None
info: {'individual_results': [False]}
INFO - [35m Rollout attempt 2/4[0m
INFO - LM call n parse attempt 1 / 3

INFO - [Task id] 1211 [prompt] 
You are an expert programmer tasked with solving the problem below.

Follow the user's instructions to solve the problem.
The user can ask for analysis, code, or both.

## Instructions
When asked to output code,
- Make sure to wrap your code in '```python' and '```' Markdown delimiters, 
- include exactly one block of code with the entire solution
- No outside libraries are allowed. 
- Builtins are allowed.
- If the task specifies a function name to be used, follow it strictly (be case sensitive!) and declare the that function last (helper functions are declared first).
- DO NOT write any assert statements / tests.

## Problem
[BEGIN PROBLEM]
The chef is having one string of English lower case alphabets only. The chef wants to remove all "abc" special pairs where a,b,c are occurring consecutively. After removing the pair, create a new string and again remove "abc" special pair from a newly formed string. Repeate the process until no such pair remains in a string.

-----Input:-----
- First line will contain $T$, number of testcases. Then the testcases follow. 
- Each testcase contains of a single line of input, $String$. 

-----Output:-----
For each testcase, output in a single line answer, new String with no "abc" special pair.

-----Constraints:-----
$T \leq 2 $
$1 \leq String length \leq 1000 $

-----Sample Input:-----
2
aabcc
bababccc

-----Sample Output:-----
ac
bc

-----EXPLANATION:-----
For 1) after removing "abc" at middle we get a new string as ac.
For 2) string = bababccc
newString1 = babcc  // After removing middle "abc"
newString2 = bc   //After removing "abc"

The output code needs to read from and write to standard IO


[END PROBLEM]

INFO - [Task id] 1211 [prompt] 
## Instructions

Reason through the problem and:
1. Restate the problem in plain English
2. Conceptualize a solution first in plain English
3. Write a pseudocode solution
4. Output the final Python 3 solution with your solution steps in comments.

Make sure to wrap your code in '```python' and '```' Markdown delimiters, 
and include exactly one block of code with the entire solution.

No outside libraries are allowed.
Builtins are allowed.

INFO - [Task id] 1211 [prompt] ### Problem Restatement

We are given a string consisting of lowercase English alphabets. The task is to repeatedly remove any occurrence of the substring "abc" from the string until no such substring remains. We need to perform this operation for multiple test cases and output the resulting string for each test case.

### Conceptual Solution

1. **Iterative Removal**: For each test case, we will iteratively search for the substring "abc" in the given string. If found, we will remove it and continue searching in the newly formed string.
2. **Repeat Until Stable**: We will repeat the process until the string no longer contains the substring "abc".
3. **Output the Result**: Once no more "abc" substrings can be removed, we will output the final string.

### Pseudocode

1. Read the number of test cases, `T`.
2. For each test case:
   - Initialize the string `s` with the input string.
   - While "abc" is found in `s`:
     - Remove the first occurrence of "abc" from `s`.
   - Output the resulting string `s`.

### Final Python Solution

```python
def remove_abc_pairs():
    import sys
    input = sys.stdin.read
    data = input().split()
    
    T = int(data[0])
    results = []
    
    for i in range(1, T + 1):
        s = data[i]
        while 'abc' in s:
            s = s.replace('abc', '', 1)
        results.append(s)
    
    for result in results:
        print(result)

```

### Explanation of the Code

- We read all input data at once and split it into a list `data`.
- The first element of `data` is the number of test cases `T`.
- For each test case, we initialize the string `s` with the corresponding input string.
- We use a `while` loop to repeatedly check for the presence of "abc" in `s`. If found, we remove the first occurrence using `s.replace('abc', '', 1)`.
- Once no more "abc" substrings are found, we append the resulting string to the `results` list.
- Finally, we print each result from the `results` list.
INFO - [Task id] 1211 [prompt] 
[Environment Feedback]:
    Note: Inputs/outputs here are automatically extracted/truncated so formatting may be a bit off.
    Tests passed:

    None

    Tests failed:
     Input: ['2', 'aabcc', 'bababccc'] Expected output: [{'ac'}, {'bc'}] # Execution output: []
    No output detected. You might want to check the reading from / writing to standard IO.
    A common mistake is to put the IO inside a function, but the function is not called.

[/Environment Feedback]

INFO - [Task id] 1211 [prompt] 
The code doesn't pass all the tests.

## Instructions
- First, think step-by-step about why your code is wrong.
- Then, think step-by-step about where you went wrong in your latest solution.

INFO - [Task id] 1211 [generation text] ### Analysis of the Issue

The feedback indicates that the code did not produce any output. This suggests that the function `remove_abc_pairs()` was defined but never called. In Python, simply defining a function does not execute it; it must be explicitly called to run.

### Steps to Correct the Code

1. **Function Call**: Ensure that the function `remove_abc_pairs()` is called after its definition so that it executes and processes the input.
2. **Standard Input/Output**: Verify that the function correctly reads from standard input and writes to standard output, as required by the problem statement.

### Revised Solution

To fix the issue, we need to call the function after defining it. Here's the corrected code:

```python
def remove_abc_pairs():
    import sys
    input = sys.stdin.read
    data = input().split()
    
    T = int(data[0])
    results = []
    
    for i in range(1, T + 1):
        s = data[i]
        while 'abc' in s:
            s = s.replace('abc', '', 1)
        results.append(s)
    
    for result in results:
        print(result)

# Call the function to execute it
remove_abc_pairs()
```

### Explanation of the Correction

- **Function Call**: The function `remove_abc_pairs()` is now called at the end of the script. This ensures that the function is executed when the script runs.
- **Input Handling**: The function reads input using `sys.stdin.read()`, which is appropriate for competitive programming environments where input is provided all at once.
- **Output Handling**: The function prints each result line by line, which matches the expected output format. 

This should resolve the issue and produce the expected output for the given test cases.
INFO - [33m Retrieving 3 entries for db: episodic 
 [0m
INFO - Retrieved (score=0.5547):

[Task]:
    Indraneel has to sort the books in his library. His library has one long shelf. His books are numbered $1$ through $N$ and he wants to rearrange the books so that they appear in the sequence $1,2, ..., N$.
    He intends to do this by a sequence of moves. In each move he can pick up ...


INFO - Retrieved (score=0.5888):

[Task]:
    Indraneel has to sort the books in his library. His library has one long shelf. His books are numbered $1$ through $N$ and he wants to rearrange the books so that they appear in the sequence $1,2, ..., N$.
    He intends to do this by a sequence of moves. In each move he can pick up ...


INFO - Retrieved (score=0.6037):

[Task]:
    Given an array A of strings, find any smallest string that contains each string in A as a substring.
    We may assume that no string in A is substring of another string in A.
 

    Example 1:
    Input: ["alex","loves","leetcode"]
    Output: "alexlovesleetcode"
    Explanation: Al...


INFO - [33m Retrieving 3 entries for db: semantic 
 [0m
INFO - Retrieved (score=0.5929):
Title: Manacher's Algorithm - Finding all sub-palindromes in $O(N)$
Part: 1/2
# Manacher's Algorithm - Finding all sub-palindromes in $O(N)$

## Statement

Given string $s$ with length $n$. Find all the pairs $(i, j)$ such that substring $s[i\dots j]$ is a palindrome. String $t$ is a palindrome w...


INFO - Retrieved (score=0.5963):
Title: Prefix function. Knuth–Morris–Pratt algorithm
Part: 3/4
```

Here for each value of the prefix function we first count how many times it occurs in the array $\pi$, and then compute the final answers:
if we know that the length prefix $i$ appears exactly $\text{ans}[i]$ times, then this num...


INFO - Retrieved (score=0.6143):
Title: Search for a pair of intersecting segments
Part: 1/3
# Search for a pair of intersecting segments

Given $n$ line segments on the plane. It is required to check whether at least two of them intersect with each other.
If the answer is yes, then print this pair of intersecting segments; it i...


INFO - [33m Retrieving 3 entries for db: reflections 
 [0m
INFO - Retrieved (score=0.5346):
Reflecting on the problem and the official solution, here are some key insights and takeaways:

1. **Problem Understanding**: The task is to find the shortest superstring that contains all given strings as substrings. The challenge is to maximize the overlap between strings to minimize the total ...


INFO - Retrieved (score=0.5371):
The problem of finding the smallest possible weight of the last stone after smashing them together is essentially a partition problem. The goal is to split the stones into two groups such that the difference in their total weights is minimized. My initial approach used a dynamic programming array...


INFO - Retrieved (score=0.5992):
### Reflection

The problem of sorting books with the minimum number of moves can be effectively solved by identifying the longest increasing subsequence (LIS) in the current arrangement. The official solution and my approach both leverage this concept, but they differ in implementation details.
...


INFO - [33m Retrieving 3 entries for db: summaries 
 [0m
INFO - Retrieved (score=0.4996):
In this problem, the goal was to determine the minimum number of moves required to sort a sequence of books using the concept of the longest increasing subsequence (LIS). The key insight was that the books already in the correct order form the LIS, and the rest need to be moved. Thus, the minimum...


INFO - Retrieved (score=0.5108):
In this problem, the goal was to find the shortest superstring that contains each string from a given list as a substring. The key challenge was to minimize the length of the superstring by maximizing the overlap between consecutive strings.

### Core Concepts and Patterns
The problem primarily t...


INFO - Retrieved (score=0.5873):
In this problem, the core concept revolves around minimizing the weight of the last remaining stone after repeatedly smashing pairs of stones. The challenge is akin to a partition problem where we aim to split the stones into two groups with the smallest possible difference in their total weights...


INFO - [33m Retrieving 3 entries for db: non_func 
 [0m
INFO - Retrieved (score=0.6125):

[description for function: min_moves_to_sort_books]
The function reads a list of integers representing books from standard input, calculates the length of the longest increasing subsequence (LIS) using a binary search approach, and then determines the minimum number of moves required to sort the...


INFO - Retrieved (score=0.6520):

[description]
The function calculates the smallest possible weight of the last remaining stone after repeatedly smashing two stones together, where the stones are represented by a list of integers. It first computes the total weight of all stones and initializes a boolean array to track possible...


INFO - Retrieved (score=0.6532):

[description]
The function takes a list of strings and returns the shortest superstring that contains each string in the list as a substring. It first calculates the maximum overlap between each pair of strings and stores these values in a matrix. It then uses dynamic programming to find the sho...


INFO - Retrieved (score=0.4996): 
[Summary]:
    In this problem, the goal was to determine the minimum number of moves required to sort a sequence of books using the concept of the longest increasing subsequence (LIS). The key insight was that the books already in the correct order form the LIS, and the rest need to be moved. T...
INFO - Retrieved (score=0.5108): 
[Summary]:
    In this problem, the goal was to find the shortest superstring that contains each string from a given list as a substring. The key challenge was to minimize the length of the superstring by maximizing the overlap between consecutive strings.

    ### Core Concepts and Patterns
   ...
INFO - Retrieved (score=0.5346): 
[Reflection]:
    Reflecting on the problem and the official solution, here are some key insights and takeaways:

    1. **Problem Understanding**: The task is to find the shortest superstring that contains all given strings as substrings. The challenge is to maximize the overlap between strings...
INFO - LM call n parse attempt 1 / 3

INFO - [Task id] 1211 [prompt] 
You are an expert programmer tasked with solving the problem below.

Follow the user's instructions to solve the problem.
The user can ask for analysis, code, or both.

## Instructions
When asked to output code,
- Make sure to wrap your code in '```python' and '```' Markdown delimiters, 
- include exactly one block of code with the entire solution
- No outside libraries are allowed. 
- Builtins are allowed.
- If the task specifies a function name to be used, follow it strictly (be case sensitive!) and declare the that function last (helper functions are declared first).
- DO NOT write any assert statements / tests.

## Problem
[BEGIN PROBLEM]
The chef is having one string of English lower case alphabets only. The chef wants to remove all "abc" special pairs where a,b,c are occurring consecutively. After removing the pair, create a new string and again remove "abc" special pair from a newly formed string. Repeate the process until no such pair remains in a string.

-----Input:-----
- First line will contain $T$, number of testcases. Then the testcases follow. 
- Each testcase contains of a single line of input, $String$. 

-----Output:-----
For each testcase, output in a single line answer, new String with no "abc" special pair.

-----Constraints:-----
$T \leq 2 $
$1 \leq String length \leq 1000 $

-----Sample Input:-----
2
aabcc
bababccc

-----Sample Output:-----
ac
bc

-----EXPLANATION:-----
For 1) after removing "abc" at middle we get a new string as ac.
For 2) string = bababccc
newString1 = babcc  // After removing middle "abc"
newString2 = bc   //After removing "abc"

The output code needs to read from and write to standard IO


[END PROBLEM]

INFO - [Task id] 1211 [prompt] 
## Instructions

Reason through the problem and:
1. Restate the problem in plain English
2. Conceptualize a solution first in plain English
3. Write a pseudocode solution
4. Output the final Python 3 solution with your solution steps in comments.

Make sure to wrap your code in '```python' and '```' Markdown delimiters, 
and include exactly one block of code with the entire solution.

No outside libraries are allowed.
Builtins are allowed.

INFO - [Task id] 1211 [prompt] ### Problem Restatement

We are given a string consisting of lowercase English alphabets. The task is to repeatedly remove any occurrence of the substring "abc" from the string until no such substring remains. We need to perform this operation for multiple test cases and output the resulting string for each test case.

### Conceptual Solution

1. **Iterative Removal**: For each test case, we will iteratively search for the substring "abc" in the given string. If found, we will remove it and continue searching in the newly formed string.
2. **Repeat Until Stable**: We will repeat the process until the string no longer contains the substring "abc".
3. **Output the Result**: Once no more "abc" substrings can be removed, we will output the final string.

### Pseudocode

1. Read the number of test cases, `T`.
2. For each test case:
   - Initialize the string `s` with the input string.
   - While "abc" is found in `s`:
     - Remove the first occurrence of "abc" from `s`.
   - Output the resulting string `s`.

### Final Python Solution

```python
def remove_abc_pairs():
    import sys
    input = sys.stdin.read
    data = input().split()
    
    T = int(data[0])
    results = []
    
    for i in range(1, T + 1):
        s = data[i]
        while 'abc' in s:
            s = s.replace('abc', '', 1)
        results.append(s)
    
    for result in results:
        print(result)

```

### Explanation of the Code

- We read all input data at once and split it into a list `data`.
- The first element of `data` is the number of test cases `T`.
- For each test case, we initialize the string `s` with the corresponding input string.
- We use a `while` loop to repeatedly check for the presence of "abc" in `s`. If found, we remove the first occurrence using `s.replace('abc', '', 1)`.
- Once no more "abc" substrings are found, we append the resulting string to the `results` list.
- Finally, we print each result from the `results` list.
INFO - [Task id] 1211 [prompt] 
[Environment Feedback]:
    Note: Inputs/outputs here are automatically extracted/truncated so formatting may be a bit off.
    Tests passed:

    None

    Tests failed:
     Input: ['2', 'aabcc', 'bababccc'] Expected output: [{'ac'}, {'bc'}] # Execution output: []
    No output detected. You might want to check the reading from / writing to standard IO.
    A common mistake is to put the IO inside a function, but the function is not called.

[/Environment Feedback]

INFO - [Task id] 1211 [prompt] 
The code doesn't pass all the tests.

## Instructions
- First, think step-by-step about why your code is wrong.
- Then, think step-by-step about where you went wrong in your latest solution.

INFO - [Task id] 1211 [prompt] ### Analysis of the Issue

The feedback indicates that the code did not produce any output. This suggests that the function `remove_abc_pairs()` was defined but never called. In Python, simply defining a function does not execute it; it must be explicitly called to run.

### Steps to Correct the Code

1. **Function Call**: Ensure that the function `remove_abc_pairs()` is called after its definition so that it executes and processes the input.
2. **Standard Input/Output**: Verify that the function correctly reads from standard input and writes to standard output, as required by the problem statement.

### Revised Solution

To fix the issue, we need to call the function after defining it. Here's the corrected code:

```python
def remove_abc_pairs():
    import sys
    input = sys.stdin.read
    data = input().split()
    
    T = int(data[0])
    results = []
    
    for i in range(1, T + 1):
        s = data[i]
        while 'abc' in s:
            s = s.replace('abc', '', 1)
        results.append(s)
    
    for result in results:
        print(result)

# Call the function to execute it
remove_abc_pairs()
```

### Explanation of the Correction

- **Function Call**: The function `remove_abc_pairs()` is now called at the end of the script. This ensures that the function is executed when the script runs.
- **Input Handling**: The function reads input using `sys.stdin.read()`, which is appropriate for competitive programming environments where input is provided all at once.
- **Output Handling**: The function prints each result line by line, which matches the expected output format. 

This should resolve the issue and produce the expected output for the given test cases.
INFO - [Task id] 1211 [prompt] 
## Instructions
Now, given your insights, try to fix the solution. 
Output a block of correct python3 code to be executed and evaluated again. 

Make sure to wrap your code in '```python' and '```' Markdown delimiters.

INFO - [Task id] 1211 [prompt] 
Also, here are some of your memories.
Feel free to use the given information to aid your problem solving process if necessary.
Do not confuse the memories with the problem statement.

## Memories

[Summary]:
    In this problem, the goal was to determine the minimum number of moves required to sort a sequence of books using the concept of the longest increasing subsequence (LIS). The key insight was that the books already in the correct order form the LIS, and the rest need to be moved. Thus, the minimum moves required is the total number of books minus the length of the LIS.

    ### Core Concepts and Patterns
    - **Longest Increasing Subsequence (LIS)**: This problem leverages the LIS to identify the maximum subset of books that are already in the correct order. The length of the LIS helps determine how many books are already sorted.
    - **Binary Search**: To efficiently find the position to insert each book in the LIS, a binary search is used. This ensures that the solution is efficient even for large inputs.

    ### Strategies and Fixes
    - **Input/Output Handling**: Initially, the function was not called, which led to no output. Ensuring the function is executed by calling it at the end of the script fixed this issue.
    - **Efficient LIS Calculation**: Using a binary search to maintain the LIS allowed the solution to handle the upper constraint of 200,000 books efficiently.

    ### Code Snippet
    Here's the core logic for calculating the minimum moves using the LIS:

    ```python
    def min_moves_to_sort_books():
        import sys
        input = sys.stdin.read
        data = input().split()
    
        N = int(data[0])
        books = list(map(int, data[1:]))
    
        def binary_search_lis(lis, book):
            low, high = 0, len(lis)
            while low < high:
                mid = (low + high) // 2
                if lis[mid] < book:
                    low = mid + 1
                else:
                    high = mid
            return low
    
        lis = []
        for book in books:
            pos = binary_search_lis(lis, book)
            if pos == len(lis):
                lis.append(book)
            else:
                lis[pos] = book
    
        min_moves = N - len(lis)
        print(min_moves)

    min_moves_to_sort_books()
    ```

    This experience reinforced the importance of correctly handling input/output in competitive programming and the utility of the LIS in solving sorting-related problems efficiently.
[/Summary]


[Summary]:
    In this problem, the goal was to find the shortest superstring that contains each string from a given list as a substring. The key challenge was to minimize the length of the superstring by maximizing the overlap between consecutive strings.

    ### Core Concepts and Patterns
    The problem primarily tested the ability to use dynamic programming to solve a combinatorial optimization problem. The core concept was to represent the problem as a graph where nodes are strings and edges represent the overlap between them. The task was to find a path through this graph that maximizes the total overlap, thereby minimizing the superstring length.

    ### Strategies
    The successful strategy involved:
    1. **Overlap Calculation**: Calculating the maximum overlap between every pair of strings.
    2. **Dynamic Programming**: Using a DP table to keep track of the shortest superstring length for each combination of strings, ending with a specific string.
    3. **Path Reconstruction**: Backtracking through the DP table to reconstruct the path that gives the shortest superstring.

    ### Unexpected Errors and Fixes
    Initially, there was a misunderstanding in the input format, which led to incorrect parsing of strings. The input strings were wrapped in additional quotes, which needed to be handled correctly. Once the input was correctly parsed, the solution worked as expected.

    ### Code Snippet
    The core of the solution involved calculating overlaps and using a DP table to find the optimal path:

    ```python
    def calculate_overlap(s1, s2):
        max_overlap = 0
        for i in range(1, min(len(s1), len(s2)) + 1):
            if s1[-i:] == s2[:i]:
                max_overlap = i
        return max_overlap

    # Dynamic programming to find the shortest superstring
    dp = [[float('inf')] * n for _ in range(1 << n)]
    parent = [[-1] * n for _ in range(1 << n)]

    # Initialize dp for single strings
    for i in range(n):
        dp[1 << i][i] = len(A[i])

    # Fill dp table
    for mask in range(1 << n):
        for i in range(n):
            if not (mask & (1 << i)):
                continue
            for j in range(n):
                if mask & (1 << j):
                    continue
                new_mask = mask | (1 << j)
                new_length = dp[mask][i] + len(A[j]) - overlap[i][j]
                if new_length < dp[new_mask][j]:
                    dp[new_mask][j] = new_length
                    parent[new_mask][j] = i
    ```

    This experience reinforced the importance of correctly parsing inputs and the effectiveness of dynamic programming in solving optimization problems involving permutations and combinations.
[/Summary]


[Reflection]:
    Reflecting on the problem and the official solution, here are some key insights and takeaways:

    1. **Problem Understanding**: The task is to find the shortest superstring that contains all given strings as substrings. The challenge is to maximize the overlap between strings to minimize the total length of the superstring.

    2. **Dynamic Programming with Memoization**: The official solution uses a dynamic programming approach with memoization to efficiently compute the shortest superstring. The `memo` decorator is used to cache results of the recursive function `find_short`, which helps in avoiding redundant calculations and speeds up the process.

    3. **Merge Function**: The `merge` function is crucial as it determines how two strings can be combined with maximum overlap. It checks for the longest suffix of the first string that matches the prefix of the second string and merges them accordingly.

    4. **Recursive Approach**: The `find_short` function is a recursive function that attempts to build the shortest superstring by considering all possible orders of strings. It uses the `merge` function to combine strings and memoization to store intermediate results.

    5. **Handling Substring Elimination**: The official solution starts by filtering out any strings that are substrings of others, which simplifies the problem and reduces unnecessary computations.

    6. **Efficiency**: The official solution is efficient given the constraints, as it leverages memoization to handle the exponential number of possible string orderings. This is crucial for handling the maximum input size effectively.

    In summary, the official solution is insightful in its use of dynamic programming and memoization to tackle the problem efficiently. The recursive approach combined with the `merge` function allows for a systematic exploration of all possible string combinations, ensuring the shortest superstring is found. This approach is both elegant and effective for the given problem constraints.
[/Reflection]


INFO - [Task id] 1211 [generation text] ```python
def remove_abc_pairs():
    import sys
    input = sys.stdin.read
    data = input().split()
    
    T = int(data[0])
    results = []
    
    for i in range(1, T + 1):
        s = data[i]
        while 'abc' in s:
            s = s.replace('abc', '', 1)
        results.append(s)
    
    for result in results:
        print(result)

# Call the function to execute it
remove_abc_pairs()
```
INFO - program_code:
 
def remove_abc_pairs():
    import sys
    input = sys.stdin.read
    data = input().split()
    
    T = int(data[0])
    results = []
    
    for i in range(1, T + 1):
        s = data[i]
        while 'abc' in s:
            s = s.replace('abc', '', 1)
        results.append(s)
    
    for result in results:
        print(result)

# Call the function to execute it
remove_abc_pairs()


INFO - program_name:
 remove_abc_pairs

INFO - dependencies:
 []

INFO - raw_msg:
 ```python
def remove_abc_pairs():
    import sys
    input = sys.stdin.read
    data = input().split()
    
    T = int(data[0])
    results = []
    
    for i in range(1, T + 1):
        s = data[i]
        while 'abc' in s:
            s = s.replace('abc', '', 1)
        results.append(s)
    
    for result in results:
        print(result)

# Call the function to execute it
remove_abc_pairs()
```

INFO - no_parent:
 False

INFO - full code to be executed: 
 
def remove_abc_pairs():
    import sys
    input = sys.stdin.read
    data = input().split()
    
    T = int(data[0])
    results = []
    
    for i in range(1, T + 1):
        s = data[i]
        while 'abc' in s:
            s = s.replace('abc', '', 1)
        results.append(s)
    
    for result in results:
        print(result)

# Call the function to execute it
remove_abc_pairs()


INFO - obs: Note: Inputs/outputs here are automatically extracted/truncated so formatting may be a bit off.
Tests passed:

 Input: ['2', 'aabcc', 'bababccc'] Output: ac
bc

Tests failed:
None
reward: True
done: None
info: {'individual_results': [True]}
INFO - Updated entry: 
[Task]:
    The chef is having one string of English lower case alphabets only. The chef wants to remove all "abc" special pairs where a,b,c are occurring consecutively. After removing the pair, create a new string and again remove "abc" special pair from a newly formed string. Repeate the proce...,

INFO - Metadata: {
    "raw_msg": "### Problem Restatement\n\nWe are given a string consisting of lowercase English alphabets. The task is to repeatedly remove any occurrence of the substring \"abc\" from the string until no such substring remains. We need to perform this operation for multiple test cases and out...

INFO - Updated entry: 
[Task]:
    The chef is having one string of English lower case alphabets only. The chef wants to remove all "abc" special pairs where a,b,c are occurring consecutively. After removing the pair, create a new string and again remove "abc" special pair from a newly formed string. Repeate the proce...,

INFO - Metadata: {
    "critique": "### Analysis of the Issue\n\nThe feedback indicates that the code did not produce any output. This suggests that the function `remove_abc_pairs()` was defined but never called. In Python, simply defining a function does not execute it; it must be explicitly called to run.\n\n##...

INFO - LM call n parse attempt 1 / 3

INFO - [Task id] 1211 [prompt] 
You are an expert programmer tasked with solving the problem below.

Follow the user's instructions to solve the problem.
The user can ask for analysis, code, or both.

## Instructions
When asked to output code,
- Make sure to wrap your code in '```python' and '```' Markdown delimiters, 
- include exactly one block of code with the entire solution
- No outside libraries are allowed. 
- Builtins are allowed.
- If the task specifies a function name to be used, follow it strictly (be case sensitive!) and declare the that function last (helper functions are declared first).
- DO NOT write any assert statements / tests.

## Problem
[BEGIN PROBLEM]
The chef is having one string of English lower case alphabets only. The chef wants to remove all "abc" special pairs where a,b,c are occurring consecutively. After removing the pair, create a new string and again remove "abc" special pair from a newly formed string. Repeate the process until no such pair remains in a string.

-----Input:-----
- First line will contain $T$, number of testcases. Then the testcases follow. 
- Each testcase contains of a single line of input, $String$. 

-----Output:-----
For each testcase, output in a single line answer, new String with no "abc" special pair.

-----Constraints:-----
$T \leq 2 $
$1 \leq String length \leq 1000 $

-----Sample Input:-----
2
aabcc
bababccc

-----Sample Output:-----
ac
bc

-----EXPLANATION:-----
For 1) after removing "abc" at middle we get a new string as ac.
For 2) string = bababccc
newString1 = babcc  // After removing middle "abc"
newString2 = bc   //After removing "abc"

The output code needs to read from and write to standard IO


[END PROBLEM]

INFO - [Task id] 1211 [prompt] 
## Instructions

Reason through the problem and:
1. Restate the problem in plain English
2. Conceptualize a solution first in plain English
3. Write a pseudocode solution
4. Output the final Python 3 solution with your solution steps in comments.

Make sure to wrap your code in '```python' and '```' Markdown delimiters, 
and include exactly one block of code with the entire solution.

No outside libraries are allowed.
Builtins are allowed.

INFO - [Task id] 1211 [prompt] ### Problem Restatement

We are given a string consisting of lowercase English alphabets. The task is to repeatedly remove any occurrence of the substring "abc" from the string until no such substring remains. We need to perform this operation for multiple test cases and output the resulting string for each test case.

### Conceptual Solution

1. **Iterative Removal**: For each test case, we will iteratively search for the substring "abc" in the given string. If found, we will remove it and continue searching in the newly formed string.
2. **Repeat Until Stable**: We will repeat the process until the string no longer contains the substring "abc".
3. **Output the Result**: Once no more "abc" substrings can be removed, we will output the final string.

### Pseudocode

1. Read the number of test cases, `T`.
2. For each test case:
   - Initialize the string `s` with the input string.
   - While "abc" is found in `s`:
     - Remove the first occurrence of "abc" from `s`.
   - Output the resulting string `s`.

### Final Python Solution

```python
def remove_abc_pairs():
    import sys
    input = sys.stdin.read
    data = input().split()
    
    T = int(data[0])
    results = []
    
    for i in range(1, T + 1):
        s = data[i]
        while 'abc' in s:
            s = s.replace('abc', '', 1)
        results.append(s)
    
    for result in results:
        print(result)

```

### Explanation of the Code

- We read all input data at once and split it into a list `data`.
- The first element of `data` is the number of test cases `T`.
- For each test case, we initialize the string `s` with the corresponding input string.
- We use a `while` loop to repeatedly check for the presence of "abc" in `s`. If found, we remove the first occurrence using `s.replace('abc', '', 1)`.
- Once no more "abc" substrings are found, we append the resulting string to the `results` list.
- Finally, we print each result from the `results` list.
INFO - [Task id] 1211 [prompt] 
[Environment Feedback]:
    Note: Inputs/outputs here are automatically extracted/truncated so formatting may be a bit off.
    Tests passed:

    None

    Tests failed:
     Input: ['2', 'aabcc', 'bababccc'] Expected output: [{'ac'}, {'bc'}] # Execution output: []
    No output detected. You might want to check the reading from / writing to standard IO.
    A common mistake is to put the IO inside a function, but the function is not called.

[/Environment Feedback]

INFO - [Task id] 1211 [prompt] 
The code doesn't pass all the tests.

## Instructions
- First, think step-by-step about why your code is wrong.
- Then, think step-by-step about where you went wrong in your latest solution.

INFO - [Task id] 1211 [prompt] ### Analysis of the Issue

The feedback indicates that the code did not produce any output. This suggests that the function `remove_abc_pairs()` was defined but never called. In Python, simply defining a function does not execute it; it must be explicitly called to run.

### Steps to Correct the Code

1. **Function Call**: Ensure that the function `remove_abc_pairs()` is called after its definition so that it executes and processes the input.
2. **Standard Input/Output**: Verify that the function correctly reads from standard input and writes to standard output, as required by the problem statement.

### Revised Solution

To fix the issue, we need to call the function after defining it. Here's the corrected code:

```python
def remove_abc_pairs():
    import sys
    input = sys.stdin.read
    data = input().split()
    
    T = int(data[0])
    results = []
    
    for i in range(1, T + 1):
        s = data[i]
        while 'abc' in s:
            s = s.replace('abc', '', 1)
        results.append(s)
    
    for result in results:
        print(result)

# Call the function to execute it
remove_abc_pairs()
```

### Explanation of the Correction

- **Function Call**: The function `remove_abc_pairs()` is now called at the end of the script. This ensures that the function is executed when the script runs.
- **Input Handling**: The function reads input using `sys.stdin.read()`, which is appropriate for competitive programming environments where input is provided all at once.
- **Output Handling**: The function prints each result line by line, which matches the expected output format. 

This should resolve the issue and produce the expected output for the given test cases.
INFO - [Task id] 1211 [prompt] 
## Instructions
Now, given your insights, try to fix the solution. 
Output a block of correct python3 code to be executed and evaluated again. 

Make sure to wrap your code in '```python' and '```' Markdown delimiters.

INFO - [Task id] 1211 [prompt] ```python
def remove_abc_pairs():
    import sys
    input = sys.stdin.read
    data = input().split()
    
    T = int(data[0])
    results = []
    
    for i in range(1, T + 1):
        s = data[i]
        while 'abc' in s:
            s = s.replace('abc', '', 1)
        results.append(s)
    
    for result in results:
        print(result)

# Call the function to execute it
remove_abc_pairs()
```
INFO - [Task id] 1211 [prompt] 
[Environment Feedback]:
    Note: Inputs/outputs here are automatically extracted/truncated so formatting may be a bit off.
    Tests passed:

     Input: ['2', 'aabcc', 'bababccc'] Output: ac
    bc

    Tests failed:
    None
[/Environment Feedback]

INFO - [Task id] 1211 [prompt] 
## Instructions
Now, summarize your attempts as a **standalone** document for your own future reference. (can skip formalities, be concise)

- Only include the most relevant information and code snippets that could be useful in the future.
- If you did not learn much from the current experience (e.g. the problem was too easy), feel free to write less or nothing at all.
- Here are some ideas if the experience was useful:
    - Identifying the core concepts and patterns that problem appears to test for
    - Describing the strategies that seemed to work but did not, and vice versa
    - Describing unexpected errors and how they were fixed

Your summary should be at most a few paragraphs.

INFO - [Task id] 1211 [generation text] In this problem, the task was to iteratively remove the substring "abc" from a given string until no such substring remains, and to do this for multiple test cases. The core concept here was to use a loop to repeatedly search and remove the substring "abc" from the string.

Initially, the function was defined correctly but was not called, which led to no output being produced. This highlighted the importance of ensuring that functions are executed by explicitly calling them, especially in a script that relies on standard input and output.

The solution involved reading all input at once using `sys.stdin.read()`, which is suitable for competitive programming environments. The `replace` method was used to remove the first occurrence of "abc" in each iteration, and the process was repeated until the string was stable (i.e., no more "abc" substrings were found).

The key takeaway from this exercise is the importance of function calls in script execution and the effective use of string manipulation methods to solve iterative removal problems. This approach can be applied to similar problems where a specific pattern needs to be removed from a string repeatedly.
INFO - LM call n parse attempt 1 / 3

INFO - [Task id] 1211 [prompt] 
You are an expert programmer tasked with solving the problem below.

Follow the user's instructions to solve the problem.
The user can ask for analysis, code, or both.

## Instructions
When asked to output code,
- Make sure to wrap your code in '```python' and '```' Markdown delimiters, 
- include exactly one block of code with the entire solution
- No outside libraries are allowed. 
- Builtins are allowed.
- If the task specifies a function name to be used, follow it strictly (be case sensitive!) and declare the that function last (helper functions are declared first).
- DO NOT write any assert statements / tests.

## Problem
[BEGIN PROBLEM]
The chef is having one string of English lower case alphabets only. The chef wants to remove all "abc" special pairs where a,b,c are occurring consecutively. After removing the pair, create a new string and again remove "abc" special pair from a newly formed string. Repeate the process until no such pair remains in a string.

-----Input:-----
- First line will contain $T$, number of testcases. Then the testcases follow. 
- Each testcase contains of a single line of input, $String$. 

-----Output:-----
For each testcase, output in a single line answer, new String with no "abc" special pair.

-----Constraints:-----
$T \leq 2 $
$1 \leq String length \leq 1000 $

-----Sample Input:-----
2
aabcc
bababccc

-----Sample Output:-----
ac
bc

-----EXPLANATION:-----
For 1) after removing "abc" at middle we get a new string as ac.
For 2) string = bababccc
newString1 = babcc  // After removing middle "abc"
newString2 = bc   //After removing "abc"

The output code needs to read from and write to standard IO


[END PROBLEM]

INFO - [Task id] 1211 [prompt] 
## Instructions

Reason through the problem and:
1. Restate the problem in plain English
2. Conceptualize a solution first in plain English
3. Write a pseudocode solution
4. Output the final Python 3 solution with your solution steps in comments.

Make sure to wrap your code in '```python' and '```' Markdown delimiters, 
and include exactly one block of code with the entire solution.

No outside libraries are allowed.
Builtins are allowed.

INFO - [Task id] 1211 [prompt] ### Problem Restatement

We are given a string consisting of lowercase English alphabets. The task is to repeatedly remove any occurrence of the substring "abc" from the string until no such substring remains. We need to perform this operation for multiple test cases and output the resulting string for each test case.

### Conceptual Solution

1. **Iterative Removal**: For each test case, we will iteratively search for the substring "abc" in the given string. If found, we will remove it and continue searching in the newly formed string.
2. **Repeat Until Stable**: We will repeat the process until the string no longer contains the substring "abc".
3. **Output the Result**: Once no more "abc" substrings can be removed, we will output the final string.

### Pseudocode

1. Read the number of test cases, `T`.
2. For each test case:
   - Initialize the string `s` with the input string.
   - While "abc" is found in `s`:
     - Remove the first occurrence of "abc" from `s`.
   - Output the resulting string `s`.

### Final Python Solution

```python
def remove_abc_pairs():
    import sys
    input = sys.stdin.read
    data = input().split()
    
    T = int(data[0])
    results = []
    
    for i in range(1, T + 1):
        s = data[i]
        while 'abc' in s:
            s = s.replace('abc', '', 1)
        results.append(s)
    
    for result in results:
        print(result)

```

### Explanation of the Code

- We read all input data at once and split it into a list `data`.
- The first element of `data` is the number of test cases `T`.
- For each test case, we initialize the string `s` with the corresponding input string.
- We use a `while` loop to repeatedly check for the presence of "abc" in `s`. If found, we remove the first occurrence using `s.replace('abc', '', 1)`.
- Once no more "abc" substrings are found, we append the resulting string to the `results` list.
- Finally, we print each result from the `results` list.
INFO - [Task id] 1211 [prompt] 
[Environment Feedback]:
    Note: Inputs/outputs here are automatically extracted/truncated so formatting may be a bit off.
    Tests passed:

    None

    Tests failed:
     Input: ['2', 'aabcc', 'bababccc'] Expected output: [{'ac'}, {'bc'}] # Execution output: []
    No output detected. You might want to check the reading from / writing to standard IO.
    A common mistake is to put the IO inside a function, but the function is not called.

[/Environment Feedback]

INFO - [Task id] 1211 [prompt] 
The code doesn't pass all the tests.

## Instructions
- First, think step-by-step about why your code is wrong.
- Then, think step-by-step about where you went wrong in your latest solution.

INFO - [Task id] 1211 [prompt] ### Analysis of the Issue

The feedback indicates that the code did not produce any output. This suggests that the function `remove_abc_pairs()` was defined but never called. In Python, simply defining a function does not execute it; it must be explicitly called to run.

### Steps to Correct the Code

1. **Function Call**: Ensure that the function `remove_abc_pairs()` is called after its definition so that it executes and processes the input.
2. **Standard Input/Output**: Verify that the function correctly reads from standard input and writes to standard output, as required by the problem statement.

### Revised Solution

To fix the issue, we need to call the function after defining it. Here's the corrected code:

```python
def remove_abc_pairs():
    import sys
    input = sys.stdin.read
    data = input().split()
    
    T = int(data[0])
    results = []
    
    for i in range(1, T + 1):
        s = data[i]
        while 'abc' in s:
            s = s.replace('abc', '', 1)
        results.append(s)
    
    for result in results:
        print(result)

# Call the function to execute it
remove_abc_pairs()
```

### Explanation of the Correction

- **Function Call**: The function `remove_abc_pairs()` is now called at the end of the script. This ensures that the function is executed when the script runs.
- **Input Handling**: The function reads input using `sys.stdin.read()`, which is appropriate for competitive programming environments where input is provided all at once.
- **Output Handling**: The function prints each result line by line, which matches the expected output format. 

This should resolve the issue and produce the expected output for the given test cases.
INFO - [Task id] 1211 [prompt] 
## Instructions
Now, given your insights, try to fix the solution. 
Output a block of correct python3 code to be executed and evaluated again. 

Make sure to wrap your code in '```python' and '```' Markdown delimiters.

INFO - [Task id] 1211 [prompt] ```python
def remove_abc_pairs():
    import sys
    input = sys.stdin.read
    data = input().split()
    
    T = int(data[0])
    results = []
    
    for i in range(1, T + 1):
        s = data[i]
        while 'abc' in s:
            s = s.replace('abc', '', 1)
        results.append(s)
    
    for result in results:
        print(result)

# Call the function to execute it
remove_abc_pairs()
```
INFO - [Task id] 1211 [prompt] 
[Environment Feedback]:
    Note: Inputs/outputs here are automatically extracted/truncated so formatting may be a bit off.
    Tests passed:

     Input: ['2', 'aabcc', 'bababccc'] Output: ac
    bc

    Tests failed:
    None
[/Environment Feedback]

INFO - [Task id] 1211 [prompt] 
Below is the official solution (do exercise discretion as official solutions can also have mistakes).

You will be reflecting on your attempts to solve the problem.
This will be a **standalone** document for your own future reference. (can skip formalities, be concise)

## Instructions
- Only include the most relevant insights and code snippets that could be useful in the future.
- If you did not learn much from the current experience (e.g. the problem was too easy / official solution was obvious), feel free to write less or nothing at all.
- Here are some ideas if the experience was useful:
    - If the official solution is insightful (e.g. better than yours in time and space complexity or more effective in breaking down the problem statement), distil the key approach of the official solution, step by step.
    - If your approach failed the test cases, reason why the official solution works but yours does not

Your reflection should be at most a few paragraphs.

## Official solution
# cook your dish here
for _ in range(int(input())):
    s=input()
    while(s.count("abc")!=0):
        s=s.replace("abc","")
    print(s)    


INFO - [Task id] 1211 [generation text] In this problem, the task was to iteratively remove occurrences of the substring "abc" from a given string until no such substring remains. The solution I provided was functionally correct, but I initially forgot to call the function, which led to no output being produced. This oversight highlighted the importance of ensuring that functions are executed, especially in competitive programming environments where input and output are handled through standard I/O.

The official solution uses a similar approach to mine, employing a `while` loop to repeatedly remove "abc" from the string using the `replace` method. The key difference is that the official solution uses `s.count("abc") != 0` to check for the presence of "abc", while my solution used `'abc' in s`. Both methods are effective, but using `count` explicitly checks for the number of occurrences, which can be slightly more informative if needed.

Overall, the problem was straightforward, and both solutions effectively addressed the task. The main takeaway is the importance of ensuring that the function is called and that input/output handling is correctly implemented in a script. This experience reinforces the need for attention to detail in coding, especially in environments where the execution flow is not immediately visible.
INFO - Updated entry: In this problem, the task was to iteratively remove the substring "abc" from a given string until no such substring remains, and to do this for multiple test cases. The core concept here was to use a loop to repeatedly search and remove the substring "abc" from the string.

Initially, the functio...,

INFO - Metadata: {
    "task_id": 1211
}

INFO - Updated entry: In this problem, the task was to iteratively remove occurrences of the substring "abc" from a given string until no such substring remains. The solution I provided was functionally correct, but I initially forgot to call the function, which led to no output being produced. This oversight highligh...,

INFO - Metadata: {
    "task_id": 1211
}

INFO - LM call n parse attempt 1 / 3

INFO - [Task id] 1211 [prompt] 
You are a helpful assistant that writes a description of the given function written in the Python programming language.

1) Do not mention the function name.
2) Do not mention anything about helper functions.
3) There might be some helper functions before the main function, but you only need to describe the main function.
4) Try to summarize the function in no more than 6 sentences.
5) Your response should be a single line of text.

INFO - [Task id] 1211 [prompt] 
def remove_abc_pairs():
    import sys
    input = sys.stdin.read
    data = input().split()
    
    T = int(data[0])
    results = []
    
    for i in range(1, T + 1):
        s = data[i]
        while 'abc' in s:
            s = s.replace('abc', '', 1)
        results.append(s)
    
    for result in results:
        print(result)

# Call the function to execute it
remove_abc_pairs()


The main function is `remove_abc_pairs`.
INFO - [Task id] 1211 [generation text] The function reads input from standard input, where the first line contains an integer T representing the number of test cases, followed by T strings. For each string, it repeatedly removes the first occurrence of the substring 'abc' until it no longer exists in the string. The modified strings are collected into a list. Finally, the function prints each modified string on a new line.
INFO - LM call n parse attempt 1 / 3

INFO - [Task id] 1211 [prompt] 
You are a helpful assistant that extracts important information from problems and solutions to aid in searchability and education.

## Instructions
- Read through the problem and solution carefully.
- Reason out, step by step, in what scenarios this knowledge would be useful.
- Focus on general patterns and situations to help connect this knowledge to new situations.
- Then, include a list of keywords that are useful for searching this problem/solution pair.

## Response format
Respond in JSON, and follow the keys and expected format of the values strictly.

The output should be formatted as a JSON instance that conforms to the JSON schema below.

As an example, for the schema {"properties": {"foo": {"title": "Foo", "description": "a list of strings", "type": "array", "items": {"type": "string"}}}, "required": ["foo"]}
the object {"foo": ["bar", "baz"]} is a well-formatted instance of the schema. The object {"properties": {"foo": ["bar", "baz"]}} is not well-formatted.

Here is the output schema:
```
{"properties": {"scenarios": {"description": "In what scenarios will this knowledge be useful? Answer in a paragraph.", "title": "Scenarios", "type": "string"}, "keywords": {"description": "List of keywords that are useful for searching this problem/solution pair", "items": {"type": "string"}, "title": "Keywords", "type": "array"}}, "required": ["scenarios", "keywords"]}
```

INFO - [Task id] 1211 [prompt] 
[Problem]
    The chef is having one string of English lower case alphabets only. The chef wants to remove all "abc" special pairs where a,b,c are occurring consecutively. After removing the pair, create a new string and again remove "abc" special pair from a newly formed string. Repeate the process until no such pair remains in a string.

    -----Input:-----
    - First line will contain $T$, number of testcases. Then the testcases follow. 
    - Each testcase contains of a single line of input, $String$. 

    -----Output:-----
    For each testcase, output in a single line answer, new String with no "abc" special pair.

    -----Constraints:-----
    $T \leq 2 $
    $1 \leq String length \leq 1000 $

    -----Sample Input:-----
    2
    aabcc
    bababccc

    -----Sample Output:-----
    ac
    bc

    -----EXPLANATION:-----
    For 1) after removing "abc" at middle we get a new string as ac.
    For 2) string = bababccc
    newString1 = babcc  // After removing middle "abc"
    newString2 = bc   //After removing "abc"
[/Problem]

[Solution]

    def remove_abc_pairs():
        import sys
        input = sys.stdin.read
        data = input().split()
    
        T = int(data[0])
        results = []
    
        for i in range(1, T + 1):
            s = data[i]
            while 'abc' in s:
                s = s.replace('abc', '', 1)
            results.append(s)
    
        for result in results:
            print(result)

    # Call the function to execute it
    remove_abc_pairs()

[/Solution]

INFO - [Task id] 1211 [generation text] 
INFO - {
    "scenarios": "This knowledge is useful in scenarios where you need to iteratively remove specific patterns from a string until no such patterns remain. This is common in text processing tasks, such as cleaning up data, parsing structured text, or implementing custom compression algorithms. The problem demonstrates a pattern removal technique that can be applied to any situation where a specific sequence of characters needs to be identified and removed repeatedly from a string. It is also relevant in competitive programming and algorithm design, where efficient string manipulation is often required.",
    "keywords": [
        "string manipulation",
        "pattern removal",
        "iterative process",
        "text processing",
        "algorithm design",
        "competitive programming",
        "abc removal",
        "consecutive characters",
        "string replacement"
    ]
}
INFO - {
    "scenarios": "This knowledge is useful in scenarios where you need to iteratively remove specific patterns from a string until no such patterns remain. This is common in text processing tasks, such as cleaning up data, parsing structured text, or implementing custom compression algorithms. The problem demonstrates a pattern removal technique that can be applied to any situation where a specific sequence of characters needs to be identified and removed repeatedly from a string. It is also relevant in competitive programming and algorithm design, where efficient string manipulation is often required.",
    "keywords": [
        "string manipulation",
        "pattern removal",
        "iterative process",
        "text processing",
        "algorithm design",
        "competitive programming",
        "abc removal",
        "consecutive characters",
        "string replacement"
    ]
}
INFO - Updated entry: 
[description for function: remove_abc_pairs]
The function reads input from standard input, where the first line contains an integer T representing the number of test cases, followed by T strings. For each string, it repeatedly removes the first occurrence of the substring 'abc' until it no longe...,

INFO - Metadata: {
    "task": 1211,
    "code": "\ndef remove_abc_pairs():\n    import sys\n    input = sys.stdin.read\n    data = input().split()\n    \n    T = int(data[0])\n    results = []\n    \n    for i in range(1, T + 1):\n        s = data[i]\n        while 'abc' in s:\n            s = s.replace('abc', '...

