INFO - DB skill doc count: 0

INFO - DB non_func doc count: 2

INFO - DB semantic doc count: 429

INFO - DB summaries doc count: 2

INFO - DB reflections doc count: 2

INFO - DB episodic doc count: 0

INFO - [train iter]: 2/100 

INFO - The task prompt is Given an array A of strings, find any smallest string that contains each string in A as a substring.
We may assume that no string in A is substring of another string in A.
 

Example 1:
Input: ["alex","loves","leetcode"]
Output: "alexlovesleetcode"
Explanation: All permutations of "alex","loves",...

INFO - Attempting task_id 374
INFO - LM call n parse attempt 1 / 3

INFO - [Task id] 374 [prompt] 
You are an expert programmer tasked with solving the problem below.

Follow the user's instructions to solve the problem.
The user can ask for analysis, code, or both.

## Instructions
When asked to output code,
- Make sure to wrap your code in '```python' and '```' Markdown delimiters, 
- include exactly one block of code with the entire solution
- No outside libraries are allowed. 
- Builtins are allowed.
- If the task specifies a function name to be used, follow it strictly (be case sensitive!) and declare the that function last (helper functions are declared first).
- DO NOT write any assert statements / tests.

## Problem
[BEGIN PROBLEM]
Given an array A of strings, find any smallest string that contains each string in A as a substring.
We may assume that no string in A is substring of another string in A.
 

Example 1:
Input: ["alex","loves","leetcode"]
Output: "alexlovesleetcode"
Explanation: All permutations of "alex","loves","leetcode" would also be accepted.


Example 2:
Input: ["catg","ctaagt","gcta","ttca","atgcatc"]
Output: "gctaagttcatgcatc"
 


Note:

1 <= A.length <= 12
1 <= A[i].length <= 20

The output code needs to use the provided function signature

The final python function should begin with: 
```python

class Solution:
    def shortestSuperstring(self, A: List[str]) -> str:
        
```

[END PROBLEM]

INFO - [Task id] 374 [prompt] 
## Instructions

Reason through the problem and:
1. Restate the problem in plain English
2. Conceptualize a solution first in plain English
3. Write a pseudocode solution
4. Output the final Python 3 solution with your solution steps in comments.

Make sure to wrap your code in '```python' and '```' Markdown delimiters, 
and include exactly one block of code with the entire solution.

No outside libraries are allowed.
Builtins are allowed.

INFO - [Task id] 374 [generation text] ## Problem Restatement

We are given a list of strings, and we need to find the shortest string that contains each of the given strings as a substring. Importantly, no string in the list is a substring of another string in the list. The order of the strings in the final result does not matter as long as all strings are included as substrings.

## Conceptual Solution

1. **Understand the Overlap**: For each pair of strings, determine the maximum overlap where the suffix of one string matches the prefix of another. This overlap will help in minimizing the length of the final superstring.

2. **Graph Representation**: Represent the problem as a graph where each string is a node. The edge weight between two nodes (strings) is the overlap length. The goal is to find a path that visits all nodes (strings) and minimizes the total length of the superstring.

3. **Dynamic Programming with Bitmasking**: Use dynamic programming to explore all possible combinations of strings. Use a bitmask to represent the set of strings included in the current superstring. For each state, keep track of the last string added to the superstring and the current length of the superstring.

4. **Reconstruct the Solution**: Once the optimal path is found using dynamic programming, reconstruct the superstring by backtracking through the states.

## Pseudocode

1. **Calculate Overlaps**:
   - For each pair of strings `(i, j)`, calculate the maximum overlap where the suffix of `A[i]` matches the prefix of `A[j]`.

2. **Dynamic Programming Setup**:
   - Let `dp[mask][i]` be the minimum length of a superstring that contains the set of strings represented by `mask` and ends with the string `A[i]`.
   - Initialize `dp[1 << i][i]` to the length of `A[i]` for each string `i`.

3. **DP Transition**:
   - For each `mask` and each string `i` in `mask`, try to extend the superstring by adding another string `j` not in `mask`.
   - Update `dp[mask | (1 << j)][j]` using the overlap between `A[i]` and `A[j]`.

4. **Reconstruct the Superstring**:
   - Start from the state with all strings included and backtrack to reconstruct the shortest superstring.

5. **Return the Result**:
   - Return the reconstructed superstring.

## Final Python Solution

```python
from typing import List

class Solution:
    def shortestSuperstring(self, A: List[str]) -> str:
        n = len(A)
        
        # Calculate the overlap between each pair of strings
        def calculate_overlap(s1, s2):
            max_overlap = 0
            for i in range(1, min(len(s1), len(s2)) + 1):
                if s1[-i:] == s2[:i]:
                    max_overlap = i
            return max_overlap
        
        # Precompute the overlap between each pair of strings
        overlap = [[0] * n for _ in range(n)]
        for i in range(n):
            for j in range(n):
                if i != j:
                    overlap[i][j] = calculate_overlap(A[i], A[j])
        
        # dp[mask][i] will store the minimum length of superstring ending with A[i]
        dp = [[float('inf')] * n for _ in range(1 << n)]
        parent = [[-1] * n for _ in range(1 << n)]
        
        # Initialize the dp array
        for i in range(n):
            dp[1 << i][i] = len(A[i])
        
        # Fill the dp table
        for mask in range(1 << n):
            for i in range(n):
                if mask & (1 << i) == 0:
                    continue
                for j in range(n):
                    if mask & (1 << j) != 0:
                        continue
                    new_mask = mask | (1 << j)
                    new_length = dp[mask][i] + len(A[j]) - overlap[i][j]
                    if new_length < dp[new_mask][j]:
                        dp[new_mask][j] = new_length
                        parent[new_mask][j] = i
        
        # Find the minimum length superstring
        min_length = float('inf')
        last = -1
        final_mask = (1 << n) - 1
        for i in range(n):
            if dp[final_mask][i] < min_length:
                min_length = dp[final_mask][i]
                last = i
        
        # Reconstruct the shortest superstring
        mask = final_mask
        order = []
        while last != -1:
            order.append(last)
            next_last = parent[mask][last]
            mask ^= (1 << last)
            last = next_last
        
        order.reverse()
        
        # Build the final superstring
        superstring = A[order[0]]
        for k in range(1, len(order)):
            i, j = order[k-1], order[k]
            superstring += A[j][overlap[i][j]:]
        
        return superstring
```

This solution uses dynamic programming with bitmasking to efficiently find the shortest superstring that contains all the given strings as substrings.
INFO - [35m Rollout attempt 1/4[0m
INFO - [33m Retrieving 1 entries for db: semantic 
 [0m
INFO - Retrieved (score=0.4477):
Title: Suffix Automaton
Part: 7/7
```

### Shortest non-appearing string

Given a string $S$ and a certain alphabet.
We have to find a string of smallest length, that doesn't appear in $S$.

We will apply dynamic programming on the suffix automaton built for the string $S$.

Let $d[v]$ be the ans...


INFO - [33m Retrieving 1 entries for db: reflections 
 [0m
INFO - Retrieved (score=0.4786):
Reflecting on the problem-solving process for the "Last Stone Weight II" problem, the official solution provides an insightful approach using a set to track achievable sums, which is both elegant and efficient.

### Key Insights from the Official Solution:

1. **Set-Based Dynamic Programming:**
 ...


INFO - [33m Retrieving 1 entries for db: summaries 
 [0m
INFO - Retrieved (score=0.4850):
In this problem, the goal was to find the smallest possible weight of the last remaining stone after repeatedly smashing pairs of stones together. The core concept here is similar to the subset sum problem, where we aim to partition the stones into two groups with minimal weight difference. This ...


INFO - [33m Retrieving 1 entries for db: non_func 
 [0m
INFO - Retrieved (score=0.5285):

[description]
The function calculates the smallest possible weight of the last remaining stone when a list of stones is smashed together according to specific rules. It first computes the total weight of all stones and sets a target as half of this total weight. It uses a dynamic programming app...


INFO - Retrieved (score=0.4477): 
[Textbook Reference Material]:
    Title: Suffix Automaton
    Part: 7/7
    ```

    ### Shortest non-appearing string

    Given a string $S$ and a certain alphabet.
    We have to find a string of smallest length, that doesn't appear in $S$.

    We will apply dynamic programming on the suffi...
INFO - LM call n parse attempt 1 / 3

INFO - [Task id] 374 [prompt] 
You are an expert programmer tasked with solving the problem below.

Follow the user's instructions to solve the problem.
The user can ask for analysis, code, or both.

## Instructions
When asked to output code,
- Make sure to wrap your code in '```python' and '```' Markdown delimiters, 
- include exactly one block of code with the entire solution
- No outside libraries are allowed. 
- Builtins are allowed.
- If the task specifies a function name to be used, follow it strictly (be case sensitive!) and declare the that function last (helper functions are declared first).
- DO NOT write any assert statements / tests.

## Problem
[BEGIN PROBLEM]
Given an array A of strings, find any smallest string that contains each string in A as a substring.
We may assume that no string in A is substring of another string in A.
 

Example 1:
Input: ["alex","loves","leetcode"]
Output: "alexlovesleetcode"
Explanation: All permutations of "alex","loves","leetcode" would also be accepted.


Example 2:
Input: ["catg","ctaagt","gcta","ttca","atgcatc"]
Output: "gctaagttcatgcatc"
 


Note:

1 <= A.length <= 12
1 <= A[i].length <= 20

The output code needs to use the provided function signature

The final python function should begin with: 
```python

class Solution:
    def shortestSuperstring(self, A: List[str]) -> str:
        
```

[END PROBLEM]

INFO - [Task id] 374 [prompt] 
## Instructions

Reason through the problem and:
1. Restate the problem in plain English
2. Conceptualize a solution first in plain English
3. Write a pseudocode solution
4. Output the final Python 3 solution with your solution steps in comments.

Make sure to wrap your code in '```python' and '```' Markdown delimiters, 
and include exactly one block of code with the entire solution.

No outside libraries are allowed.
Builtins are allowed.

INFO - [Task id] 374 [prompt] 
Also, here are some of your memories.
Feel free to use the given information to aid your problem solving process if necessary.
Do not confuse the memories with the problem statement.

## Memories

[Textbook Reference Material]:
    Title: Suffix Automaton
    Part: 7/7
    ```

    ### Shortest non-appearing string

    Given a string $S$ and a certain alphabet.
    We have to find a string of smallest length, that doesn't appear in $S$.

    We will apply dynamic programming on the suffix automaton built for the string $S$.

    Let $d[v]$ be the answer for the node $v$, i.e. we already processed part of the substring, are currently in the state $v$, and want to find the smallest number of characters that have to be added to find a non-existent transition.
    Computing $d[v]$ is very simple.
    If there is not transition using at least one character of the alphabet, then $d[v] = 1$.
    Otherwise one character is not enough, and so we need to take the minimum of all answers of all transitions:

    $$d[v] = 1 + \min_{w:(v,w,c) \in SA} d[w].$$

    The answer to the problem will be $d[t_0]$, and the actual string can be restored using the computed array $d[]$.

    ### Longest common substring of two strings

    Given two strings $S$ and $T$.
    We have to find the longest common substring, i.e. such a string $X$ that appears as substring in $S$ and also in $T$.

    We construct a suffix automaton for the string $S$.

    We will now take the string $T$, and for each prefix look for the longest suffix of this prefix in $S$.
    In other words, for each position in the string $T$, we want to find the longest common substring of $S$ and $T$ ending in that position.

    For this we will use two variables, the **current state** $v$, and the **current length** $l$.
    These two variables will describe the current matching part: its length and the state that corresponds to it.

    Initially $v = t_0$ and $l = 0$, i.e. the match is empty.

    Now let us describe how we can add a character $T[i]$ and recalculate the answer for it.

      - If there is a transition from $v$ with the character $T[i]$, then we simply follow the transition and increase $l$ by one.
      - If there is no such transition, we have to shorten the current matching part, which means that we need to follow the suffix link: $v = link(v)$.
        At the same time, the current length has to be shortened.
        Obviously we need to assign $l = len(v)$, since after passing through the suffix link we end up in state whose corresponding longest string is a substring.
      - If there is still no transition using the required character, we repeat and again go through the suffix link and decrease $l$, until we find a transition or we reach the fictional state $-1$ (which means that the symbol $T[i]$ doesn't appear at all in $S$, so we assign $v = l = 0$).

    The answer to the task will be the maximum of all the values $l$.

    The complexity of this part is $O(length(T))$, since in one move we can either increase $l$ by one, or make several passes through the suffix links, each one ends up reducing the value $l$.

    Implementation:

    ```cpp
    string lcs (string S, string T) {
        sa_init();
        for (int i = 0; i < S.size(); i++)
            sa_extend(S[i]);
 
        int v = 0, l = 0, best = 0, bestpos = 0;
        for (int i = 0; i < T.size(); i++) {
            while (v && !st[v].next.count(T[i])) {
                v = st[v].link ;
                l = st[v].len;
            }
            if (st[v].next.count(T[i])) {
                v = st [v].next[T[i]];
                l++;
            }
            if (l > best) {
                best = l;
                bestpos = i;
            }
        }
        return T.substr(bestpos - best + 1, best);
    } 
    ```

    ### Largest common substring of multiple strings

    There are $k$ strings $S_i$ given.
    We have to find the longest common substring, i.e. such a string $X$ that appears as substring in each string $S_i$.

    We join all strings into one large string $T$, separating the strings by a special characters $D_i$ (one for each string):

    $$T = S_1 + D_1 + S_2 + D_2 + \dots + S_k + D_k.$$

    Then we construct the suffix automaton for the string $T$.

    Now we need to find a string in the machine, which is contained in all the strings $S_i$, and this can be done by using the special added characters.
    Note that if a substring is included in some string $S_j$, then in the suffix automaton exists a path starting from this substring containing the character $D_j$ and not containing the other characters $D_1, \dots, D_{j-1}, D_{j+1}, \dots, D_k$.

    Thus we need to calculate the attainability, which tells us for each state of the machine and each symbol $D_i$ if there exists such a path.
    This can easily be computed by DFS or BFS and dynamic programming.
    After that, the answer to the problem will be the string $longest(v)$ for the state $v$, from which the paths were exists for all special characters.
[/Textbook Reference Material]


INFO - [Task id] 374 [generation text] 1. **Restate the problem in plain English:**

   We are given a list of strings, and we need to find the shortest string that contains each of the given strings as a substring. None of the strings in the list is a substring of another. The solution should be able to handle up to 12 strings, each with a length of up to 20 characters.

2. **Conceptualize a solution in plain English:**

   To solve this problem, we can use a greedy approach combined with dynamic programming. The idea is to iteratively merge strings by overlapping them as much as possible. We can calculate the overlap between two strings and use this information to build the shortest superstring. We will use a dynamic programming table to store the shortest superstring that can be formed using a subset of the strings, and we will update this table as we consider each string.

3. **Write a pseudocode solution:**

   ```
   Define a function to calculate the overlap between two strings.
   Initialize a DP table to store the shortest superstring for each subset of strings.
   Initialize a table to store the path to reconstruct the superstring.
   For each subset of strings:
       For each string in the subset:
           Calculate the shortest superstring by considering the overlap with other strings.
           Update the DP table with the shortest superstring length.
           Update the path table to keep track of the order of strings.
   Reconstruct the shortest superstring using the path table.
   Return the shortest superstring.
   ```

4. **Output the final Python 3 solution with your solution steps in comments:**

```python
from typing import List

class Solution:
    def shortestSuperstring(self, A: List[str]) -> str:
        # Helper function to calculate the overlap between two strings
        def overlap(s1, s2):
            max_overlap = 0
            # Check all possible overlaps
            for i in range(1, min(len(s1), len(s2)) + 1):
                if s1[-i:] == s2[:i]:
                    max_overlap = i
            return max_overlap

        n = len(A)
        # DP table to store the shortest superstring length for each subset
        dp = [[0] * n for _ in range(1 << n)]
        # Path table to reconstruct the superstring
        path = [[-1] * n for _ in range(1 << n)]

        # Fill the DP table
        for mask in range(1, 1 << n):
            for i in range(n):
                if not (mask & (1 << i)):
                    continue
                prev_mask = mask ^ (1 << i)
                if prev_mask == 0:
                    continue
                for j in range(n):
                    if not (prev_mask & (1 << j)):
                        continue
                    # Calculate overlap between A[j] and A[i]
                    o = overlap(A[j], A[i])
                    # Update DP table if a shorter superstring is found
                    if dp[mask][i] < dp[prev_mask][j] + o:
                        dp[mask][i] = dp[prev_mask][j] + o
                        path[mask][i] = j

        # Find the end of the shortest superstring
        max_len = -1
        last = -1
        full_mask = (1 << n) - 1
        for i in range(n):
            if dp[full_mask][i] > max_len:
                max_len = dp[full_mask][i]
                last = i

        # Reconstruct the shortest superstring
        superstring = []
        mask = full_mask
        while last != -1:
            superstring.append(last)
            next_last = path[mask][last]
            mask ^= (1 << last)
            last = next_last

        # Build the final superstring
        superstring.reverse()
        result = A[superstring[0]]
        for k in range(1, len(superstring)):
            i, j = superstring[k-1], superstring[k]
            o = overlap(A[i], A[j])
            result += A[j][o:]

        return result
```

This solution uses dynamic programming to efficiently find the shortest superstring by considering all possible overlaps between the strings. The `overlap` function calculates the maximum overlap between two strings, which is used to update the DP table. The `path` table helps reconstruct the order of strings in the final superstring.
INFO - program_code:
 
from typing import List

class Solution:
    def shortestSuperstring(self, A: List[str]) -> str:
        # Helper function to calculate the overlap between two strings
        def overlap(s1, s2):
            max_overlap = 0
            # Check all possible overlaps
            for i in range(1, min(len(s1), len(s2)) + 1):
                if s1[-i:] == s2[:i]:
                    max_overlap = i
            return max_overlap

        n = len(A)
        # DP table to store the shortest superstring length for each subset
        dp = [[0] * n for _ in range(1 << n)]
        # Path table to reconstruct the superstring
        path = [[-1] * n for _ in range(1 << n)]

        # Fill the DP table
        for mask in range(1, 1 << n):
            for i in range(n):
                if not (mask & (1 << i)):
                    continue
                prev_mask = mask ^ (1 << i)
                if prev_mask == 0:
                    continue
                for j in range(n):
                    if not (prev_mask & (1 << j)):
                        continue
                    # Calculate overlap between A[j] and A[i]
                    o = overlap(A[j], A[i])
                    # Update DP table if a shorter superstring is found
                    if dp[mask][i] < dp[prev_mask][j] + o:
                        dp[mask][i] = dp[prev_mask][j] + o
                        path[mask][i] = j

        # Find the end of the shortest superstring
        max_len = -1
        last = -1
        full_mask = (1 << n) - 1
        for i in range(n):
            if dp[full_mask][i] > max_len:
                max_len = dp[full_mask][i]
                last = i

        # Reconstruct the shortest superstring
        superstring = []
        mask = full_mask
        while last != -1:
            superstring.append(last)
            next_last = path[mask][last]
            mask ^= (1 << last)
            last = next_last

        # Build the final superstring
        superstring.reverse()
        result = A[superstring[0]]
        for k in range(1, len(superstring)):
            i, j = superstring[k-1], superstring[k]
            o = overlap(A[i], A[j])
            result += A[j][o:]

        return result


INFO - program_name:
 

INFO - dependencies:
 []

INFO - raw_msg:
 1. **Restate the problem in plain English:**

   We are given a list of strings, and we need to find the shortest string that contains each of the given strings as a substring. None of the strings in the list is a substring of another. The solution should be able to handle up to 12 strings, each with a length of up to 20 characters.

2. **Conceptualize a solution in plain English:**

   To solve this problem, we can use a greedy approach combined with dynamic programming. The idea is to iteratively merge strings by overlapping them as much as possible. We can calculate the overlap between two strings and use this information to build the shortest superstring. We will use a dynamic programming table to store the shortest superstring that can be formed using a subset of the strings, and we will update this table as we consider each string.

3. **Write a pseudocode solution:**

   ```
   Define a function to calculate the overlap between two strings.
   Initialize a DP table to store the shortest superstring for each subset of strings.
   Initialize a table to store the path to reconstruct the superstring.
   For each subset of strings:
       For each string in the subset:
           Calculate the shortest superstring by considering the overlap with other strings.
           Update the DP table with the shortest superstring length.
           Update the path table to keep track of the order of strings.
   Reconstruct the shortest superstring using the path table.
   Return the shortest superstring.
   ```

4. **Output the final Python 3 solution with your solution steps in comments:**

```python
from typing import List

class Solution:
    def shortestSuperstring(self, A: List[str]) -> str:
        # Helper function to calculate the overlap between two strings
        def overlap(s1, s2):
            max_overlap = 0
            # Check all possible overlaps
            for i in range(1, min(len(s1), len(s2)) + 1):
                if s1[-i:] == s2[:i]:
                    max_overlap = i
            return max_overlap

        n = len(A)
        # DP table to store the shortest superstring length for each subset
        dp = [[0] * n for _ in range(1 << n)]
        # Path table to reconstruct the superstring
        path = [[-1] * n for _ in range(1 << n)]

        # Fill the DP table
        for mask in range(1, 1 << n):
            for i in range(n):
                if not (mask & (1 << i)):
                    continue
                prev_mask = mask ^ (1 << i)
                if prev_mask == 0:
                    continue
                for j in range(n):
                    if not (prev_mask & (1 << j)):
                        continue
                    # Calculate overlap between A[j] and A[i]
                    o = overlap(A[j], A[i])
                    # Update DP table if a shorter superstring is found
                    if dp[mask][i] < dp[prev_mask][j] + o:
                        dp[mask][i] = dp[prev_mask][j] + o
                        path[mask][i] = j

        # Find the end of the shortest superstring
        max_len = -1
        last = -1
        full_mask = (1 << n) - 1
        for i in range(n):
            if dp[full_mask][i] > max_len:
                max_len = dp[full_mask][i]
                last = i

        # Reconstruct the shortest superstring
        superstring = []
        mask = full_mask
        while last != -1:
            superstring.append(last)
            next_last = path[mask][last]
            mask ^= (1 << last)
            last = next_last

        # Build the final superstring
        superstring.reverse()
        result = A[superstring[0]]
        for k in range(1, len(superstring)):
            i, j = superstring[k-1], superstring[k]
            o = overlap(A[i], A[j])
            result += A[j][o:]

        return result
```

This solution uses dynamic programming to efficiently find the shortest superstring by considering all possible overlaps between the strings. The `overlap` function calculates the maximum overlap between two strings, which is used to update the DP table. The `path` table helps reconstruct the order of strings in the final superstring.

INFO - no_parent:
 False

INFO - full code to be executed: 
 
from typing import List

class Solution:
    def shortestSuperstring(self, A: List[str]) -> str:
        # Helper function to calculate the overlap between two strings
        def overlap(s1, s2):
            max_overlap = 0
            # Check all possible overlaps
            for i in range(1, min(len(s1), len(s2)) + 1):
                if s1[-i:] == s2[:i]:
                    max_overlap = i
            return max_overlap

        n = len(A)
        # DP table to store the shortest superstring length for each subset
        dp = [[0] * n for _ in range(1 << n)]
        # Path table to reconstruct the superstring
        path = [[-1] * n for _ in range(1 << n)]

        # Fill the DP table
        for mask in range(1, 1 << n):
            for i in range(n):
                if not (mask & (1 << i)):
                    continue
                prev_mask = mask ^ (1 << i)
                if prev_mask == 0:
                    continue
                for j in range(n):
                    if not (prev_mask & (1 << j)):
                        continue
                    # Calculate overlap between A[j] and A[i]
                    o = overlap(A[j], A[i])
                    # Update DP table if a shorter superstring is found
                    if dp[mask][i] < dp[prev_mask][j] + o:
                        dp[mask][i] = dp[prev_mask][j] + o
                        path[mask][i] = j

        # Find the end of the shortest superstring
        max_len = -1
        last = -1
        full_mask = (1 << n) - 1
        for i in range(n):
            if dp[full_mask][i] > max_len:
                max_len = dp[full_mask][i]
                last = i

        # Reconstruct the shortest superstring
        superstring = []
        mask = full_mask
        while last != -1:
            superstring.append(last)
            next_last = path[mask][last]
            mask ^= (1 << last)
            last = next_last

        # Build the final superstring
        superstring.reverse()
        result = A[superstring[0]]
        for k in range(1, len(superstring)):
            i, j = superstring[k-1], superstring[k]
            o = overlap(A[i], A[j])
            result += A[j][o:]

        return result


INFO - obs: Note: Inputs/outputs here are automatically extracted/truncated so formatting may be a bit off.
Tests passed:

 Input: [['"alex"', '"loves"', '"leetcode"']] Output: "leetcode"loves"alex"

Tests failed:
None
reward: True
done: None
info: {'individual_results': [True]}
INFO - LM call n parse attempt 1 / 3

INFO - [Task id] 374 [prompt] 
You are an expert programmer tasked with solving the problem below.

Follow the user's instructions to solve the problem.
The user can ask for analysis, code, or both.

## Instructions
When asked to output code,
- Make sure to wrap your code in '```python' and '```' Markdown delimiters, 
- include exactly one block of code with the entire solution
- No outside libraries are allowed. 
- Builtins are allowed.
- If the task specifies a function name to be used, follow it strictly (be case sensitive!) and declare the that function last (helper functions are declared first).
- DO NOT write any assert statements / tests.

## Problem
[BEGIN PROBLEM]
Given an array A of strings, find any smallest string that contains each string in A as a substring.
We may assume that no string in A is substring of another string in A.
 

Example 1:
Input: ["alex","loves","leetcode"]
Output: "alexlovesleetcode"
Explanation: All permutations of "alex","loves","leetcode" would also be accepted.


Example 2:
Input: ["catg","ctaagt","gcta","ttca","atgcatc"]
Output: "gctaagttcatgcatc"
 


Note:

1 <= A.length <= 12
1 <= A[i].length <= 20

The output code needs to use the provided function signature

The final python function should begin with: 
```python

class Solution:
    def shortestSuperstring(self, A: List[str]) -> str:
        
```

[END PROBLEM]

INFO - [Task id] 374 [prompt] 
## Instructions

Reason through the problem and:
1. Restate the problem in plain English
2. Conceptualize a solution first in plain English
3. Write a pseudocode solution
4. Output the final Python 3 solution with your solution steps in comments.

Make sure to wrap your code in '```python' and '```' Markdown delimiters, 
and include exactly one block of code with the entire solution.

No outside libraries are allowed.
Builtins are allowed.

INFO - [Task id] 374 [prompt] 1. **Restate the problem in plain English:**

   We are given a list of strings, and we need to find the shortest string that contains each of the given strings as a substring. None of the strings in the list is a substring of another. The solution should be able to handle up to 12 strings, each with a length of up to 20 characters.

2. **Conceptualize a solution in plain English:**

   To solve this problem, we can use a greedy approach combined with dynamic programming. The idea is to iteratively merge strings by overlapping them as much as possible. We can calculate the overlap between two strings and use this information to build the shortest superstring. We will use a dynamic programming table to store the shortest superstring that can be formed using a subset of the strings, and we will update this table as we consider each string.

3. **Write a pseudocode solution:**

   ```
   Define a function to calculate the overlap between two strings.
   Initialize a DP table to store the shortest superstring for each subset of strings.
   Initialize a table to store the path to reconstruct the superstring.
   For each subset of strings:
       For each string in the subset:
           Calculate the shortest superstring by considering the overlap with other strings.
           Update the DP table with the shortest superstring length.
           Update the path table to keep track of the order of strings.
   Reconstruct the shortest superstring using the path table.
   Return the shortest superstring.
   ```

4. **Output the final Python 3 solution with your solution steps in comments:**

```python
from typing import List

class Solution:
    def shortestSuperstring(self, A: List[str]) -> str:
        # Helper function to calculate the overlap between two strings
        def overlap(s1, s2):
            max_overlap = 0
            # Check all possible overlaps
            for i in range(1, min(len(s1), len(s2)) + 1):
                if s1[-i:] == s2[:i]:
                    max_overlap = i
            return max_overlap

        n = len(A)
        # DP table to store the shortest superstring length for each subset
        dp = [[0] * n for _ in range(1 << n)]
        # Path table to reconstruct the superstring
        path = [[-1] * n for _ in range(1 << n)]

        # Fill the DP table
        for mask in range(1, 1 << n):
            for i in range(n):
                if not (mask & (1 << i)):
                    continue
                prev_mask = mask ^ (1 << i)
                if prev_mask == 0:
                    continue
                for j in range(n):
                    if not (prev_mask & (1 << j)):
                        continue
                    # Calculate overlap between A[j] and A[i]
                    o = overlap(A[j], A[i])
                    # Update DP table if a shorter superstring is found
                    if dp[mask][i] < dp[prev_mask][j] + o:
                        dp[mask][i] = dp[prev_mask][j] + o
                        path[mask][i] = j

        # Find the end of the shortest superstring
        max_len = -1
        last = -1
        full_mask = (1 << n) - 1
        for i in range(n):
            if dp[full_mask][i] > max_len:
                max_len = dp[full_mask][i]
                last = i

        # Reconstruct the shortest superstring
        superstring = []
        mask = full_mask
        while last != -1:
            superstring.append(last)
            next_last = path[mask][last]
            mask ^= (1 << last)
            last = next_last

        # Build the final superstring
        superstring.reverse()
        result = A[superstring[0]]
        for k in range(1, len(superstring)):
            i, j = superstring[k-1], superstring[k]
            o = overlap(A[i], A[j])
            result += A[j][o:]

        return result
```

This solution uses dynamic programming to efficiently find the shortest superstring by considering all possible overlaps between the strings. The `overlap` function calculates the maximum overlap between two strings, which is used to update the DP table. The `path` table helps reconstruct the order of strings in the final superstring.
INFO - [Task id] 374 [prompt] 
[Environment Feedback]:
    Note: Inputs/outputs here are automatically extracted/truncated so formatting may be a bit off.
    Tests passed:

     Input: [['"alex"', '"loves"', '"leetcode"']] Output: "leetcode"loves"alex"

    Tests failed:
    None
[/Environment Feedback]

INFO - [Task id] 374 [prompt] 
## Instructions
Now, summarize your attempts as a **standalone** document for your own future reference. (can skip formalities, be concise)

- Only include the most relevant information and code snippets that could be useful in the future.
- If you did not learn much from the current experience (e.g. the problem was too easy), feel free to write less or nothing at all.
- Here are some ideas if the experience was useful:
    - Identifying the core concepts and patterns that problem appears to test for
    - Describing the strategies that seemed to work but did not, and vice versa
    - Describing unexpected errors and how they were fixed

Your summary should be at most a few paragraphs.

INFO - [Task id] 374 [generation text] In tackling the problem of finding the shortest superstring that contains each string in a given list as a substring, I employed a dynamic programming approach combined with a greedy strategy to maximize overlaps between strings. The core concept was to iteratively merge strings by calculating the maximum overlap between pairs of strings and using this information to build the shortest possible superstring.

The solution involved setting up a dynamic programming (DP) table to store the length of the shortest superstring for each subset of strings, and a path table to track the order of strings for reconstructing the superstring. The overlap function was crucial in determining how much of one string could be appended to another without redundancy.

One key insight was the use of bitmasking to efficiently represent subsets of strings, which allowed for a compact and efficient DP solution. The challenge was ensuring that the DP table was correctly updated with the maximum overlap values, which required careful iteration over all possible subsets and string pairs.

The solution was successful, passing all test cases, and demonstrated the power of combining dynamic programming with greedy strategies for optimization problems involving string manipulation. This approach is particularly useful in problems where the goal is to minimize or maximize a certain property (like length) while satisfying a set of constraints (like containing all substrings).
INFO - LM call n parse attempt 1 / 3

INFO - [Task id] 374 [prompt] 
You are an expert programmer tasked with solving the problem below.

Follow the user's instructions to solve the problem.
The user can ask for analysis, code, or both.

## Instructions
When asked to output code,
- Make sure to wrap your code in '```python' and '```' Markdown delimiters, 
- include exactly one block of code with the entire solution
- No outside libraries are allowed. 
- Builtins are allowed.
- If the task specifies a function name to be used, follow it strictly (be case sensitive!) and declare the that function last (helper functions are declared first).
- DO NOT write any assert statements / tests.

## Problem
[BEGIN PROBLEM]
Given an array A of strings, find any smallest string that contains each string in A as a substring.
We may assume that no string in A is substring of another string in A.
 

Example 1:
Input: ["alex","loves","leetcode"]
Output: "alexlovesleetcode"
Explanation: All permutations of "alex","loves","leetcode" would also be accepted.


Example 2:
Input: ["catg","ctaagt","gcta","ttca","atgcatc"]
Output: "gctaagttcatgcatc"
 


Note:

1 <= A.length <= 12
1 <= A[i].length <= 20

The output code needs to use the provided function signature

The final python function should begin with: 
```python

class Solution:
    def shortestSuperstring(self, A: List[str]) -> str:
        
```

[END PROBLEM]

INFO - [Task id] 374 [prompt] 
## Instructions

Reason through the problem and:
1. Restate the problem in plain English
2. Conceptualize a solution first in plain English
3. Write a pseudocode solution
4. Output the final Python 3 solution with your solution steps in comments.

Make sure to wrap your code in '```python' and '```' Markdown delimiters, 
and include exactly one block of code with the entire solution.

No outside libraries are allowed.
Builtins are allowed.

INFO - [Task id] 374 [prompt] 1. **Restate the problem in plain English:**

   We are given a list of strings, and we need to find the shortest string that contains each of the given strings as a substring. None of the strings in the list is a substring of another. The solution should be able to handle up to 12 strings, each with a length of up to 20 characters.

2. **Conceptualize a solution in plain English:**

   To solve this problem, we can use a greedy approach combined with dynamic programming. The idea is to iteratively merge strings by overlapping them as much as possible. We can calculate the overlap between two strings and use this information to build the shortest superstring. We will use a dynamic programming table to store the shortest superstring that can be formed using a subset of the strings, and we will update this table as we consider each string.

3. **Write a pseudocode solution:**

   ```
   Define a function to calculate the overlap between two strings.
   Initialize a DP table to store the shortest superstring for each subset of strings.
   Initialize a table to store the path to reconstruct the superstring.
   For each subset of strings:
       For each string in the subset:
           Calculate the shortest superstring by considering the overlap with other strings.
           Update the DP table with the shortest superstring length.
           Update the path table to keep track of the order of strings.
   Reconstruct the shortest superstring using the path table.
   Return the shortest superstring.
   ```

4. **Output the final Python 3 solution with your solution steps in comments:**

```python
from typing import List

class Solution:
    def shortestSuperstring(self, A: List[str]) -> str:
        # Helper function to calculate the overlap between two strings
        def overlap(s1, s2):
            max_overlap = 0
            # Check all possible overlaps
            for i in range(1, min(len(s1), len(s2)) + 1):
                if s1[-i:] == s2[:i]:
                    max_overlap = i
            return max_overlap

        n = len(A)
        # DP table to store the shortest superstring length for each subset
        dp = [[0] * n for _ in range(1 << n)]
        # Path table to reconstruct the superstring
        path = [[-1] * n for _ in range(1 << n)]

        # Fill the DP table
        for mask in range(1, 1 << n):
            for i in range(n):
                if not (mask & (1 << i)):
                    continue
                prev_mask = mask ^ (1 << i)
                if prev_mask == 0:
                    continue
                for j in range(n):
                    if not (prev_mask & (1 << j)):
                        continue
                    # Calculate overlap between A[j] and A[i]
                    o = overlap(A[j], A[i])
                    # Update DP table if a shorter superstring is found
                    if dp[mask][i] < dp[prev_mask][j] + o:
                        dp[mask][i] = dp[prev_mask][j] + o
                        path[mask][i] = j

        # Find the end of the shortest superstring
        max_len = -1
        last = -1
        full_mask = (1 << n) - 1
        for i in range(n):
            if dp[full_mask][i] > max_len:
                max_len = dp[full_mask][i]
                last = i

        # Reconstruct the shortest superstring
        superstring = []
        mask = full_mask
        while last != -1:
            superstring.append(last)
            next_last = path[mask][last]
            mask ^= (1 << last)
            last = next_last

        # Build the final superstring
        superstring.reverse()
        result = A[superstring[0]]
        for k in range(1, len(superstring)):
            i, j = superstring[k-1], superstring[k]
            o = overlap(A[i], A[j])
            result += A[j][o:]

        return result
```

This solution uses dynamic programming to efficiently find the shortest superstring by considering all possible overlaps between the strings. The `overlap` function calculates the maximum overlap between two strings, which is used to update the DP table. The `path` table helps reconstruct the order of strings in the final superstring.
INFO - [Task id] 374 [prompt] 
[Environment Feedback]:
    Note: Inputs/outputs here are automatically extracted/truncated so formatting may be a bit off.
    Tests passed:

     Input: [['"alex"', '"loves"', '"leetcode"']] Output: "leetcode"loves"alex"

    Tests failed:
    None
[/Environment Feedback]

INFO - [Task id] 374 [prompt] 
Below is the official solution (do exercise discretion as official solutions can also have mistakes).

You will be reflecting on your attempts to solve the problem.
This will be a **standalone** document for your own future reference. (can skip formalities, be concise)

## Instructions
- Only include the most relevant insights and code snippets that could be useful in the future.
- If you did not learn much from the current experience (e.g. the problem was too easy / official solution was obvious), feel free to write less or nothing at all.
- Here are some ideas if the experience was useful:
    - If the official solution is insightful (e.g. better than yours in time and space complexity or more effective in breaking down the problem statement), distil the key approach of the official solution, step by step.
    - If your approach failed the test cases, reason why the official solution works but yours does not

Your reflection should be at most a few paragraphs.

## Official solution
class Solution:
    def shortestSuperstring(self, A: List[str]) -> str:
        A = [a for i, a in enumerate(A) if all(a not in b for j, b in enumerate(A) if i != j)]

        def memo(f):
            dic = {}

            def f_alt(*args):
                if args not in dic:
                    dic[args] = f(*args)
                return dic[args]
            return f_alt

        def merge(w1, w2):
            for k in range(len(w2), -1, -1):
                if w1.endswith(w2[:k]):
                    return w1+w2[k:]

        @memo
        def find_short(tup, last):
            if len(tup) == 1:
                return A[tup[0]]
            mtup = tuple(t for t in tup if t != last)
            return min((merge(find_short(mtup, t), A[last]) for t in mtup), key=len)

        tup = tuple(range(len(A)))

        return min((find_short(tup, i) for i in range(len(A))), key=len)


INFO - [Task id] 374 [generation text] Reflecting on the problem and the official solution, here are some key insights and takeaways:

1. **Problem Understanding and Approach:**
   - The problem requires finding the shortest superstring that contains all given strings as substrings. The challenge is to efficiently merge strings by maximizing overlaps.
   - My initial approach used dynamic programming to track overlaps and reconstruct the superstring, which is a valid strategy but can be complex to implement correctly.

2. **Official Solution Insights:**
   - The official solution uses a memoization technique to optimize the recursive calculation of the shortest superstring. This is a powerful approach to avoid redundant calculations and improve efficiency.
   - The `merge` function is used to concatenate two strings with the maximum possible overlap, which is a crucial step in minimizing the length of the superstring.
   - The `find_short` function recursively finds the shortest superstring for a given subset of strings, using memoization to store and reuse results.

3. **Key Differences and Improvements:**
   - The official solution simplifies the problem by using a recursive approach with memoization, which can be more intuitive and easier to manage than a full dynamic programming table.
   - The use of a decorator for memoization (`@memo`) is a neat way to cache results of recursive calls, reducing the need for manual management of a DP table.
   - The solution also includes a preprocessing step to remove any string that is a substring of another, which simplifies the problem space.

4. **Learning Points:**
   - Memoization can be a powerful tool in recursive solutions, especially when dealing with overlapping subproblems.
   - Simplifying the problem space by removing unnecessary elements (e.g., substrings) can lead to more efficient solutions.
   - The official solution's use of Python's functional programming features (like decorators) can lead to cleaner and more maintainable code.

Overall, the official solution provides a more elegant and efficient approach to solving the problem, leveraging memoization and recursive strategies effectively. This experience highlights the importance of considering different algorithmic techniques and the potential benefits of simplifying the problem space before diving into complex implementations.
INFO - Updated entry: In tackling the problem of finding the shortest superstring that contains each string in a given list as a substring, I employed a dynamic programming approach combined with a greedy strategy to maximize overlaps between strings. The core concept was to iteratively merge strings by calculating th...,

INFO - Metadata: {
    "task_id": 374
}

INFO - Updated entry: Reflecting on the problem and the official solution, here are some key insights and takeaways:

1. **Problem Understanding and Approach:**
   - The problem requires finding the shortest superstring that contains all given strings as substrings. The challenge is to efficiently merge strings by max...,

INFO - Metadata: {
    "task_id": 374
}

INFO - LM call n parse attempt 1 / 3

INFO - [Task id] 374 [prompt] 
You are a helpful assistant that writes a description of the given function written in the Python programming language.

1) Do not mention the function name.
2) Do not mention anything about helper functions.
3) There might be some helper functions before the main function, but you only need to describe the main function.
4) Try to summarize the function in no more than 6 sentences.
5) Your response should be a single line of text.

INFO - [Task id] 374 [prompt] 
from typing import List

class Solution:
    def shortestSuperstring(self, A: List[str]) -> str:
        # Helper function to calculate the overlap between two strings
        def overlap(s1, s2):
            max_overlap = 0
            # Check all possible overlaps
            for i in range(1, min(len(s1), len(s2)) + 1):
                if s1[-i:] == s2[:i]:
                    max_overlap = i
            return max_overlap

        n = len(A)
        # DP table to store the shortest superstring length for each subset
        dp = [[0] * n for _ in range(1 << n)]
        # Path table to reconstruct the superstring
        path = [[-1] * n for _ in range(1 << n)]

        # Fill the DP table
        for mask in range(1, 1 << n):
            for i in range(n):
                if not (mask & (1 << i)):
                    continue
                prev_mask = mask ^ (1 << i)
                if prev_mask == 0:
                    continue
                for j in range(n):
                    if not (prev_mask & (1 << j)):
                        continue
                    # Calculate overlap between A[j] and A[i]
                    o = overlap(A[j], A[i])
                    # Update DP table if a shorter superstring is found
                    if dp[mask][i] < dp[prev_mask][j] + o:
                        dp[mask][i] = dp[prev_mask][j] + o
                        path[mask][i] = j

        # Find the end of the shortest superstring
        max_len = -1
        last = -1
        full_mask = (1 << n) - 1
        for i in range(n):
            if dp[full_mask][i] > max_len:
                max_len = dp[full_mask][i]
                last = i

        # Reconstruct the shortest superstring
        superstring = []
        mask = full_mask
        while last != -1:
            superstring.append(last)
            next_last = path[mask][last]
            mask ^= (1 << last)
            last = next_last

        # Build the final superstring
        superstring.reverse()
        result = A[superstring[0]]
        for k in range(1, len(superstring)):
            i, j = superstring[k-1], superstring[k]
            o = overlap(A[i], A[j])
            result += A[j][o:]

        return result

INFO - [Task id] 374 [generation text] The function takes a list of strings and returns the shortest superstring that contains each string in the list as a substring. It uses dynamic programming to calculate the maximum overlap between pairs of strings and stores these overlaps in a DP table. The function iterates over all subsets of the input strings, updating the DP table to find the maximum overlap for each subset. It then reconstructs the shortest superstring by tracing back through a path table that records the sequence of strings leading to the optimal solution. The final superstring is built by concatenating the strings in the order determined by the path, using the calculated overlaps to minimize the total length. The result is the shortest possible superstring that includes all input strings.
INFO - LM call n parse attempt 1 / 3

INFO - [Task id] 374 [prompt] 
You are a helpful assistant that extracts important information from problems and solutions to aid in searchability and education.

## Instructions
- Read through the problem and solution carefully.
- Reason out, step by step, in what scenarios this knowledge would be useful.
- Focus on general patterns and situations to help connect this knowledge to new situations.
- Then, include a list of keywords that are useful for searching this problem/solution pair.

## Response format
Respond in JSON, and follow the keys and expected format of the values strictly.

The output should be formatted as a JSON instance that conforms to the JSON schema below.

As an example, for the schema {"properties": {"foo": {"title": "Foo", "description": "a list of strings", "type": "array", "items": {"type": "string"}}}, "required": ["foo"]}
the object {"foo": ["bar", "baz"]} is a well-formatted instance of the schema. The object {"properties": {"foo": ["bar", "baz"]}} is not well-formatted.

Here is the output schema:
```
{"properties": {"scenarios": {"description": "In what scenarios will this knowledge be useful? Answer in a paragraph.", "title": "Scenarios", "type": "string"}, "keywords": {"description": "List of keywords that are useful for searching this problem/solution pair", "items": {"type": "string"}, "title": "Keywords", "type": "array"}}, "required": ["scenarios", "keywords"]}
```

INFO - [Task id] 374 [prompt] 
[Problem]
    Given an array A of strings, find any smallest string that contains each string in A as a substring.
    We may assume that no string in A is substring of another string in A.
 

    Example 1:
    Input: ["alex","loves","leetcode"]
    Output: "alexlovesleetcode"
    Explanation: All permutations of "alex","loves","leetcode" would also be accepted.


    Example 2:
    Input: ["catg","ctaagt","gcta","ttca","atgcatc"]
    Output: "gctaagttcatgcatc"
 


    Note:

    1 <= A.length <= 12
    1 <= A[i].length <= 20
[/Problem]

[Solution]

    from typing import List

    class Solution:
        def shortestSuperstring(self, A: List[str]) -> str:
            # Helper function to calculate the overlap between two strings
            def overlap(s1, s2):
                max_overlap = 0
                # Check all possible overlaps
                for i in range(1, min(len(s1), len(s2)) + 1):
                    if s1[-i:] == s2[:i]:
                        max_overlap = i
                return max_overlap

            n = len(A)
            # DP table to store the shortest superstring length for each subset
            dp = [[0] * n for _ in range(1 << n)]
            # Path table to reconstruct the superstring
            path = [[-1] * n for _ in range(1 << n)]

            # Fill the DP table
            for mask in range(1, 1 << n):
                for i in range(n):
                    if not (mask & (1 << i)):
                        continue
                    prev_mask = mask ^ (1 << i)
                    if prev_mask == 0:
                        continue
                    for j in range(n):
                        if not (prev_mask & (1 << j)):
                            continue
                        # Calculate overlap between A[j] and A[i]
                        o = overlap(A[j], A[i])
                        # Update DP table if a shorter superstring is found
                        if dp[mask][i] < dp[prev_mask][j] + o:
                            dp[mask][i] = dp[prev_mask][j] + o
                            path[mask][i] = j

            # Find the end of the shortest superstring
            max_len = -1
            last = -1
            full_mask = (1 << n) - 1
            for i in range(n):
                if dp[full_mask][i] > max_len:
                    max_len = dp[full_mask][i]
                    last = i

            # Reconstruct the shortest superstring
            superstring = []
            mask = full_mask
            while last != -1:
                superstring.append(last)
                next_last = path[mask][last]
                mask ^= (1 << last)
                last = next_last

            # Build the final superstring
            superstring.reverse()
            result = A[superstring[0]]
            for k in range(1, len(superstring)):
                i, j = superstring[k-1], superstring[k]
                o = overlap(A[i], A[j])
                result += A[j][o:]

            return result

[/Solution]

INFO - [Task id] 374 [generation text] 
INFO - {
    "scenarios": "This knowledge is useful in scenarios where you need to find the shortest possible string that contains a set of given strings as substrings. This is a common problem in bioinformatics, particularly in DNA sequencing, where you need to assemble short DNA reads into a longer sequence. It is also applicable in data compression, where you want to minimize the length of a string that contains all given patterns. The solution involves dynamic programming and bit manipulation, which are useful techniques in solving optimization problems involving subsets and overlaps.",
    "keywords": [
        "shortest superstring",
        "dynamic programming",
        "string overlap",
        "substring",
        "bit manipulation",
        "optimization",
        "bioinformatics",
        "DNA sequencing",
        "data compression"
    ]
}
INFO - {
    "scenarios": "This knowledge is useful in scenarios where you need to find the shortest possible string that contains a set of given strings as substrings. This is a common problem in bioinformatics, particularly in DNA sequencing, where you need to assemble short DNA reads into a longer sequence. It is also applicable in data compression, where you want to minimize the length of a string that contains all given patterns. The solution involves dynamic programming and bit manipulation, which are useful techniques in solving optimization problems involving subsets and overlaps.",
    "keywords": [
        "shortest superstring",
        "dynamic programming",
        "string overlap",
        "substring",
        "bit manipulation",
        "optimization",
        "bioinformatics",
        "DNA sequencing",
        "data compression"
    ]
}
INFO - Updated entry: 
[description]
The function takes a list of strings and returns the shortest superstring that contains each string in the list as a substring. It uses dynamic programming to calculate the maximum overlap between pairs of strings and stores these overlaps in a DP table. The function iterates over ...,

INFO - Metadata: {
    "task": 374,
    "code": "\nfrom typing import List\n\nclass Solution:\n    def shortestSuperstring(self, A: List[str]) -> str:\n        # Helper function to calculate the overlap between two strings\n        def overlap(s1, s2):\n            max_overlap = 0\n            # Check all possibl...

