INFO - DB skill doc count: 0

INFO - DB non_func doc count: 31

INFO - DB semantic doc count: 429

INFO - DB summaries doc count: 38

INFO - DB reflections doc count: 38

INFO - DB episodic doc count: 72

INFO - [train iter]: 38/100 

INFO - The task prompt is Given an array of integers nums and an integer k. A continuous subarray is called nice if there are k odd numbers on it.
Return the number of nice sub-arrays.
 
Example 1:
Input: nums = [1,1,2,1,1], k = 3
Output: 2
Explanation: The only sub-arrays with 3 odd numbers are [1,1,2,1] and [1,2,1,1].

...

INFO - Attempting task_id 346
INFO - LM call n parse attempt 1 / 3

INFO - [Task id] 346 [prompt] 
You are an expert programmer tasked with solving the problem below.

Follow the user's instructions to solve the problem.
The user can ask for analysis, code, or both.

## Instructions
When asked to output code,
- Make sure to wrap your code in '```python' and '```' Markdown delimiters, 
- include exactly one block of code with the entire solution
- No outside libraries are allowed. 
- Builtins are allowed.
- If the task specifies a function name to be used, follow it strictly (be case sensitive!) and declare the that function last (helper functions are declared first).
- DO NOT write any assert statements / tests.

## Problem
[BEGIN PROBLEM]
Given an array of integers nums and an integer k. A continuous subarray is called nice if there are k odd numbers on it.
Return the number of nice sub-arrays.
 
Example 1:
Input: nums = [1,1,2,1,1], k = 3
Output: 2
Explanation: The only sub-arrays with 3 odd numbers are [1,1,2,1] and [1,2,1,1].

Example 2:
Input: nums = [2,4,6], k = 1
Output: 0
Explanation: There is no odd numbers in the array.

Example 3:
Input: nums = [2,2,2,1,2,2,1,2,2,2], k = 2
Output: 16

 
Constraints:

1 <= nums.length <= 50000
1 <= nums[i] <= 10^5
1 <= k <= nums.length

The output code needs to use the provided function signature

The final python function should begin with: 
```python

class Solution:
    def numberOfSubarrays(self, nums: List[int], k: int) -> int:
        
```

[END PROBLEM]

INFO - [Task id] 346 [prompt] 
## Instructions

Reason through the problem and:
1. Restate the problem in plain English
2. Conceptualize a solution first in plain English
3. Write a pseudocode solution
4. Output the final Python 3 solution with your solution steps in comments.

Make sure to wrap your code in '```python' and '```' Markdown delimiters, 
and include exactly one block of code with the entire solution.

No outside libraries are allowed.
Builtins are allowed.

INFO - [Task id] 346 [generation text] ## Problem Restatement

1. **Restate the problem in plain English:**

   We are given an array of integers `nums` and an integer `k`. We need to find the number of continuous subarrays within `nums` that contain exactly `k` odd numbers.

## Conceptualize a Solution

2. **Conceptualize a solution in plain English:**

   - First, identify the positions of all odd numbers in the array.
   - Use these positions to determine the subarrays that contain exactly `k` odd numbers.
   - For each subarray with exactly `k` odd numbers, calculate the number of possible subarrays by considering the number of even numbers before the first odd number and after the last odd number in the subarray.
   - Use a sliding window approach to efficiently count these subarrays.

## Pseudocode Solution

3. **Write a pseudocode solution:**

   ```
   Initialize a list `odd_indices` to store indices of odd numbers in `nums`.
   Iterate over `nums` and populate `odd_indices` with indices of odd numbers.
   
   Initialize `count` to 0 to keep track of the number of nice subarrays.
   
   Iterate over `odd_indices` with a window of size `k`:
       - For each window, calculate the number of even numbers before the first odd number in the window.
       - Calculate the number of even numbers after the last odd number in the window.
       - The number of nice subarrays for this window is the product of the two calculated numbers.
       - Add this product to `count`.
   
   Return `count`.
   ```

## Final Python Solution

4. **Output the final Python 3 solution with your solution steps in comments:**

```python
class Solution:
    def numberOfSubarrays(self, nums: List[int], k: int) -> int:
        # Step 1: Find all indices of odd numbers in the array
        odd_indices = []
        for i, num in enumerate(nums):
            if num % 2 == 1:
                odd_indices.append(i)
        
        # Step 2: Initialize the count of nice subarrays
        count = 0
        
        # Step 3: Iterate over the odd indices with a window of size k
        for i in range(len(odd_indices) - k + 1):
            # Start and end of the current window of k odd numbers
            start = odd_indices[i]
            end = odd_indices[i + k - 1]
            
            # Calculate the number of even numbers before the first odd number in the window
            if i == 0:
                left_even_count = start + 1
            else:
                left_even_count = start - odd_indices[i - 1]
            
            # Calculate the number of even numbers after the last odd number in the window
            if i + k == len(odd_indices):
                right_even_count = len(nums) - end
            else:
                right_even_count = odd_indices[i + k] - end
            
            # Add the number of nice subarrays for this window to the count
            count += left_even_count * right_even_count
        
        # Step 4: Return the total count of nice subarrays
        return count
```

This solution efficiently counts the number of subarrays with exactly `k` odd numbers by leveraging the positions of odd numbers and calculating possible subarrays using a sliding window approach.
INFO - [35m Rollout attempt 1/4[0m
INFO - [33m Retrieving 1 entries for db: episodic 
 [0m
INFO - Retrieved (score=0.3958):

[Task]:
    Given a set of  N  natural numbers 1,2,3........N and Q query.For each query you have to calculate the total number of subset in which  Ith.
    number of set come at Kth postion.Elements of every subset should be in sorted order.
    The answer could  be very large so you have to pr...


INFO - [33m Retrieving 1 entries for db: semantic 
 [0m
INFO - Retrieved (score=0.4216):
Title: Josephus Problem
Part: 1/1
# Josephus Problem

## Statement

We are given the natural numbers $n$ and $k$.
All natural numbers from $1$ to $n$ are written in a circle. 
First, count the $k$-th number starting from the first one and delete it.
Then $k$ numbers are counted starting from the ...


INFO - [33m Retrieving 1 entries for db: reflections 
 [0m
INFO - Retrieved (score=0.4350):
Reflecting on the problem-solving process and comparing it with the official solution, here are some key insights and takeaways:

1. **Understanding the Problem**: The problem involves combinatorial counting, specifically determining how many subsets of a set have a particular element at a specif...


INFO - [33m Retrieving 1 entries for db: summaries 
 [0m
INFO - Retrieved (score=0.4000):
In this problem, the task was to find the number of unique results from bitwise OR operations on all contiguous subarrays of a given array of non-negative integers. The core concept here is understanding how the bitwise OR operation works and how it can be efficiently computed over subarrays.

##...


INFO - [33m Retrieving 1 entries for db: non_func 
 [0m
INFO - Retrieved (score=0.4907):

[description]
The function takes a list of integers and calculates the number of distinct values that can be obtained by performing bitwise OR operations on all possible subarrays of the list. It initializes a set to store unique OR results and iterates through each element in the list, maintain...


INFO - Retrieved (score=0.3958): 
[Past Memory]:

    [Task]:
        Given a set of  N  natural numbers 1,2,3........N and Q query.For each query you have to calculate the total number of subset in which  Ith.
        number of set come at Kth postion.Elements of every subset should be in sorted order.
        The answer could ...
INFO - LM call n parse attempt 1 / 3

INFO - [Task id] 346 [prompt] 
You are an expert programmer tasked with solving the problem below.

Follow the user's instructions to solve the problem.
The user can ask for analysis, code, or both.

## Instructions
When asked to output code,
- Make sure to wrap your code in '```python' and '```' Markdown delimiters, 
- include exactly one block of code with the entire solution
- No outside libraries are allowed. 
- Builtins are allowed.
- If the task specifies a function name to be used, follow it strictly (be case sensitive!) and declare the that function last (helper functions are declared first).
- DO NOT write any assert statements / tests.

## Problem
[BEGIN PROBLEM]
Given an array of integers nums and an integer k. A continuous subarray is called nice if there are k odd numbers on it.
Return the number of nice sub-arrays.
 
Example 1:
Input: nums = [1,1,2,1,1], k = 3
Output: 2
Explanation: The only sub-arrays with 3 odd numbers are [1,1,2,1] and [1,2,1,1].

Example 2:
Input: nums = [2,4,6], k = 1
Output: 0
Explanation: There is no odd numbers in the array.

Example 3:
Input: nums = [2,2,2,1,2,2,1,2,2,2], k = 2
Output: 16

 
Constraints:

1 <= nums.length <= 50000
1 <= nums[i] <= 10^5
1 <= k <= nums.length

The output code needs to use the provided function signature

The final python function should begin with: 
```python

class Solution:
    def numberOfSubarrays(self, nums: List[int], k: int) -> int:
        
```

[END PROBLEM]

INFO - [Task id] 346 [prompt] 
## Instructions

Reason through the problem and:
1. Restate the problem in plain English
2. Conceptualize a solution first in plain English
3. Write a pseudocode solution
4. Output the final Python 3 solution with your solution steps in comments.

Make sure to wrap your code in '```python' and '```' Markdown delimiters, 
and include exactly one block of code with the entire solution.

No outside libraries are allowed.
Builtins are allowed.

INFO - [Task id] 346 [prompt] 
Also, here are some of your memories.
Feel free to use the given information to aid your problem solving process if necessary.
Do not confuse the memories with the problem statement.

## Memories

[Past Memory]:

    [Task]:
        Given a set of  N  natural numbers 1,2,3........N and Q query.For each query you have to calculate the total number of subset in which  Ith.
        number of set come at Kth postion.Elements of every subset should be in sorted order.
        The answer could  be very large so you have to print answer modulo 1e9+7.


        -----Input:-----
        - The first line of input cotains a single integer T denoting the number of test cases.
        - For every test case it contains two number N and Q.
        - Next Q line contains two number I and K.

        -----Output:-----
        For each test case print required answer.

        -----Constraints and Subtasks:-----
        - 1<=T<=5
        - 1<=N, K<=4000
        - 1<=Q<=1000000
        Subtask 3: 5 points
        - 1<=T<=5
        - 1<=N, K<=16
        - 1<=Q<=1000
        Subtask 1: 25 points
        - T=1
        - 1<=N, K<=4000
        - 1<=Q<=100000
        Subtask 2: 70 points
        - Original Constraints.

        -----Example:-----
        Input:

        1

        3 3

        1 2

        2 1

        3 2

        Output:

        0

        2

        2

        -----Explanation:-----
        For N=3

        total subsets are:

        {1}

        {2}

        {3}

        {1,2}

        {1,3}

        {2,3}

        {1,2,3}

        Now we can see that for I=1 and K=2 there is no subset in which 1 come at 2nd position so the answer is Zero for that query.

        For 2nd query I=2 and K=1 there are two subset i.e {2,3} and {2} in which 2 come at 1st position.

        Same for 3rd querry there is two subset i.e{1,3} and {2,3}.
    [/Task]

    [Previous Critique]:
        None
    [/Previous Critique]

    [Thought Process and Code]:
        ## Problem Restatement

        We are given a set of natural numbers from 1 to N and a number of queries Q. For each query, we need to determine the number of subsets in which the Ith number appears at the Kth position when the subset is sorted. The result should be given modulo \(10^9 + 7\).

        ## Conceptual Solution

        1. **Understanding Subsets**: For a number I to be at the Kth position in a subset, there must be exactly \(K-1\) numbers smaller than I in the subset. This means we need to choose \(K-1\) numbers from the set \(\{1, 2, \ldots, I-1\}\).

        2. **Combinatorial Counting**: The number of ways to choose \(K-1\) numbers from \(I-1\) numbers is given by the binomial coefficient \(\binom{I-1}{K-1}\).

        3. **Remaining Elements**: After placing I at the Kth position, the remaining elements of the subset can be any subset of the numbers greater than I, i.e., from the set \(\{I+1, I+2, \ldots, N\}\). There are \(2^{N-I}\) such subsets.

        4. **Modulo Arithmetic**: Since the result can be large, we need to compute the result modulo \(10^9 + 7\).

        5. **Precomputation**: To efficiently compute binomial coefficients and powers of 2, we can precompute factorials and their modular inverses up to the maximum possible N.

        ## Pseudocode

        1. Precompute factorials and their inverses modulo \(10^9 + 7\) up to the maximum N.
        2. For each test case:
           - For each query (I, K):
             - If \(K > I\), output 0 (impossible to have I at Kth position).
             - Otherwise, compute the number of subsets using the formula:
               \[
               \text{result} = \binom{I-1}{K-1} \times 2^{N-I} \mod (10^9 + 7)
               \]
        3. Output the result for each query.

        ## Final Python Solution

        ```python
        MOD = 10**9 + 7

        def precompute_factorials_and_inverses(max_n):
            factorial = [1] * (max_n + 1)
            inverse_factorial = [1] * (max_n + 1)
    
            for i in range(2, max_n + 1):
                factorial[i] = factorial[i - 1] * i % MOD
    
            inverse_factorial[max_n] = pow(factorial[max_n], MOD - 2, MOD)
            for i in range(max_n - 1, 0, -1):
                inverse_factorial[i] = inverse_factorial[i + 1] * (i + 1) % MOD
    
            return factorial, inverse_factorial

        def binomial_coefficient(n, k, factorial, inverse_factorial):
            if k > n or k < 0:
                return 0
            return factorial[n] * inverse_factorial[k] % MOD * inverse_factorial[n - k] % MOD

        def solve():
            import sys
            input = sys.stdin.read
            data = input().split()
    
            index = 0
            T = int(data[index])
            index += 1
    
            max_n = 4000
            factorial, inverse_factorial = precompute_factorials_and_inverses(max_n)
    
            results = []
    
            for _ in range(T):
                N = int(data[index])
                Q = int(data[index + 1])
                index += 2
        
                for _ in range(Q):
                    I = int(data[index])
                    K = int(data[index + 1])
                    index += 2
            
                    if K > I:
                        results.append(0)
                    else:
                        binom = binomial_coefficient(I - 1, K - 1, factorial, inverse_factorial)
                        power_of_two = pow(2, N - I, MOD)
                        result = binom * power_of_two % MOD
                        results.append(result)
    
            sys.stdout.write('\n'.join(map(str, results)) + '\n')

        ```
    [/Thought Process and Code]

    [Environment Feedback]:
        Note: Inputs/outputs here are automatically extracted/truncated so formatting may be a bit off.
        Tests passed:

        None

        Tests failed:
         Input: ['1', '3 3', '1 2', '2 1', '3 2'] Expected output: [{'0'}, {'2'}, {'2'}] # Execution output: []
        No output detected. You might want to check the reading from / writing to standard IO.
        A common mistake is to put the IO inside a function, but the function is not called.

    [/Environment Feedback]

    [Result]:
        Failure
    [/Result]

[/Past Memory]


INFO - [Task id] 346 [generation text] ## Problem Restatement

We are given an array of integers `nums` and an integer `k`. We need to find the number of continuous subarrays (subsequences of consecutive elements) in `nums` that contain exactly `k` odd numbers. 

## Conceptual Solution

1. **Identify Odd Numbers**: First, we need to identify the positions of odd numbers in the array. This will help us in determining the subarrays that contain exactly `k` odd numbers.

2. **Use Two Pointers**: We can use a two-pointer technique to efficiently find subarrays with exactly `k` odd numbers. The idea is to maintain a window that contains exactly `k` odd numbers and count the number of such windows.

3. **Count Subarrays**: For each valid window (subarray) that contains exactly `k` odd numbers, we can extend the window to the left and right to count all possible subarrays that still contain exactly `k` odd numbers.

4. **Iterate and Count**: Iterate through the array, adjusting the window size using the two pointers, and count the number of valid subarrays.

## Pseudocode

1. Initialize two pointers `left` and `right` to the start of the array.
2. Initialize a counter `odd_count` to count the number of odd numbers in the current window.
3. Initialize a variable `result` to store the number of nice subarrays.
4. Iterate `right` over the array:
   - If `nums[right]` is odd, increment `odd_count`.
   - While `odd_count` is greater than `k`, increment `left` and decrement `odd_count` if `nums[left]` is odd.
   - If `odd_count` equals `k`, count the number of subarrays ending at `right` with exactly `k` odd numbers.
5. Return `result`.

## Final Python Solution

```python
class Solution:
    def numberOfSubarrays(self, nums: List[int], k: int) -> int:
        def count_at_most_k_odd(nums, k):
            left = 0
            odd_count = 0
            result = 0
            for right in range(len(nums)):
                if nums[right] % 2 == 1:
                    odd_count += 1
                while odd_count > k:
                    if nums[left] % 2 == 1:
                        odd_count -= 1
                    left += 1
                result += right - left + 1
            return result
        
        # The number of subarrays with exactly k odd numbers is the difference
        # between the number of subarrays with at most k odd numbers and the
        # number of subarrays with at most k-1 odd numbers.
        return count_at_most_k_odd(nums, k) - count_at_most_k_odd(nums, k - 1)
```

### Explanation of the Code

- The function `count_at_most_k_odd` calculates the number of subarrays with at most `k` odd numbers using a sliding window approach.
- The main function `numberOfSubarrays` calculates the number of subarrays with exactly `k` odd numbers by subtracting the number of subarrays with at most `k-1` odd numbers from the number of subarrays with at most `k` odd numbers. This is based on the principle that the difference gives us the exact count of subarrays with exactly `k` odd numbers.
INFO - program_code:
 
class Solution:
    def numberOfSubarrays(self, nums: List[int], k: int) -> int:
        def count_at_most_k_odd(nums, k):
            left = 0
            odd_count = 0
            result = 0
            for right in range(len(nums)):
                if nums[right] % 2 == 1:
                    odd_count += 1
                while odd_count > k:
                    if nums[left] % 2 == 1:
                        odd_count -= 1
                    left += 1
                result += right - left + 1
            return result
        
        # The number of subarrays with exactly k odd numbers is the difference
        # between the number of subarrays with at most k odd numbers and the
        # number of subarrays with at most k-1 odd numbers.
        return count_at_most_k_odd(nums, k) - count_at_most_k_odd(nums, k - 1)


INFO - program_name:
 

INFO - dependencies:
 []

INFO - raw_msg:
 ## Problem Restatement

We are given an array of integers `nums` and an integer `k`. We need to find the number of continuous subarrays (subsequences of consecutive elements) in `nums` that contain exactly `k` odd numbers. 

## Conceptual Solution

1. **Identify Odd Numbers**: First, we need to identify the positions of odd numbers in the array. This will help us in determining the subarrays that contain exactly `k` odd numbers.

2. **Use Two Pointers**: We can use a two-pointer technique to efficiently find subarrays with exactly `k` odd numbers. The idea is to maintain a window that contains exactly `k` odd numbers and count the number of such windows.

3. **Count Subarrays**: For each valid window (subarray) that contains exactly `k` odd numbers, we can extend the window to the left and right to count all possible subarrays that still contain exactly `k` odd numbers.

4. **Iterate and Count**: Iterate through the array, adjusting the window size using the two pointers, and count the number of valid subarrays.

## Pseudocode

1. Initialize two pointers `left` and `right` to the start of the array.
2. Initialize a counter `odd_count` to count the number of odd numbers in the current window.
3. Initialize a variable `result` to store the number of nice subarrays.
4. Iterate `right` over the array:
   - If `nums[right]` is odd, increment `odd_count`.
   - While `odd_count` is greater than `k`, increment `left` and decrement `odd_count` if `nums[left]` is odd.
   - If `odd_count` equals `k`, count the number of subarrays ending at `right` with exactly `k` odd numbers.
5. Return `result`.

## Final Python Solution

```python
class Solution:
    def numberOfSubarrays(self, nums: List[int], k: int) -> int:
        def count_at_most_k_odd(nums, k):
            left = 0
            odd_count = 0
            result = 0
            for right in range(len(nums)):
                if nums[right] % 2 == 1:
                    odd_count += 1
                while odd_count > k:
                    if nums[left] % 2 == 1:
                        odd_count -= 1
                    left += 1
                result += right - left + 1
            return result
        
        # The number of subarrays with exactly k odd numbers is the difference
        # between the number of subarrays with at most k odd numbers and the
        # number of subarrays with at most k-1 odd numbers.
        return count_at_most_k_odd(nums, k) - count_at_most_k_odd(nums, k - 1)
```

### Explanation of the Code

- The function `count_at_most_k_odd` calculates the number of subarrays with at most `k` odd numbers using a sliding window approach.
- The main function `numberOfSubarrays` calculates the number of subarrays with exactly `k` odd numbers by subtracting the number of subarrays with at most `k-1` odd numbers from the number of subarrays with at most `k` odd numbers. This is based on the principle that the difference gives us the exact count of subarrays with exactly `k` odd numbers.

INFO - no_parent:
 False

INFO - full code to be executed: 
 
class Solution:
    def numberOfSubarrays(self, nums: List[int], k: int) -> int:
        def count_at_most_k_odd(nums, k):
            left = 0
            odd_count = 0
            result = 0
            for right in range(len(nums)):
                if nums[right] % 2 == 1:
                    odd_count += 1
                while odd_count > k:
                    if nums[left] % 2 == 1:
                        odd_count -= 1
                    left += 1
                result += right - left + 1
            return result
        
        # The number of subarrays with exactly k odd numbers is the difference
        # between the number of subarrays with at most k odd numbers and the
        # number of subarrays with at most k-1 odd numbers.
        return count_at_most_k_odd(nums, k) - count_at_most_k_odd(nums, k - 1)


INFO - obs: Note: Inputs/outputs here are automatically extracted/truncated so formatting may be a bit off.
Tests passed:

 Input: [[1, 1, 2, 1, 1], 3] Output: 2

Tests failed:
None
reward: True
done: None
info: {'individual_results': [True]}
INFO - Updated entry: 
[Task]:
    Given an array of integers nums and an integer k. A continuous subarray is called nice if there are k odd numbers on it.
    Return the number of nice sub-arrays.
 
    Example 1:
    Input: nums = [1,1,2,1,1], k = 3
    Output: 2
    Explanation: The only sub-arrays with 3 odd numbe...,

INFO - Metadata: {
    "raw_msg": "## Problem Restatement\n\nWe are given an array of integers `nums` and an integer `k`. We need to find the number of continuous subarrays (subsequences of consecutive elements) in `nums` that contain exactly `k` odd numbers. \n\n## Conceptual Solution\n\n1. **Identify Odd Number...

INFO - LM call n parse attempt 1 / 3

INFO - [Task id] 346 [prompt] 
You are an expert programmer tasked with solving the problem below.

Follow the user's instructions to solve the problem.
The user can ask for analysis, code, or both.

## Instructions
When asked to output code,
- Make sure to wrap your code in '```python' and '```' Markdown delimiters, 
- include exactly one block of code with the entire solution
- No outside libraries are allowed. 
- Builtins are allowed.
- If the task specifies a function name to be used, follow it strictly (be case sensitive!) and declare the that function last (helper functions are declared first).
- DO NOT write any assert statements / tests.

## Problem
[BEGIN PROBLEM]
Given an array of integers nums and an integer k. A continuous subarray is called nice if there are k odd numbers on it.
Return the number of nice sub-arrays.
 
Example 1:
Input: nums = [1,1,2,1,1], k = 3
Output: 2
Explanation: The only sub-arrays with 3 odd numbers are [1,1,2,1] and [1,2,1,1].

Example 2:
Input: nums = [2,4,6], k = 1
Output: 0
Explanation: There is no odd numbers in the array.

Example 3:
Input: nums = [2,2,2,1,2,2,1,2,2,2], k = 2
Output: 16

 
Constraints:

1 <= nums.length <= 50000
1 <= nums[i] <= 10^5
1 <= k <= nums.length

The output code needs to use the provided function signature

The final python function should begin with: 
```python

class Solution:
    def numberOfSubarrays(self, nums: List[int], k: int) -> int:
        
```

[END PROBLEM]

INFO - [Task id] 346 [prompt] 
## Instructions

Reason through the problem and:
1. Restate the problem in plain English
2. Conceptualize a solution first in plain English
3. Write a pseudocode solution
4. Output the final Python 3 solution with your solution steps in comments.

Make sure to wrap your code in '```python' and '```' Markdown delimiters, 
and include exactly one block of code with the entire solution.

No outside libraries are allowed.
Builtins are allowed.

INFO - [Task id] 346 [prompt] ## Problem Restatement

We are given an array of integers `nums` and an integer `k`. We need to find the number of continuous subarrays (subsequences of consecutive elements) in `nums` that contain exactly `k` odd numbers. 

## Conceptual Solution

1. **Identify Odd Numbers**: First, we need to identify the positions of odd numbers in the array. This will help us in determining the subarrays that contain exactly `k` odd numbers.

2. **Use Two Pointers**: We can use a two-pointer technique to efficiently find subarrays with exactly `k` odd numbers. The idea is to maintain a window that contains exactly `k` odd numbers and count the number of such windows.

3. **Count Subarrays**: For each valid window (subarray) that contains exactly `k` odd numbers, we can extend the window to the left and right to count all possible subarrays that still contain exactly `k` odd numbers.

4. **Iterate and Count**: Iterate through the array, adjusting the window size using the two pointers, and count the number of valid subarrays.

## Pseudocode

1. Initialize two pointers `left` and `right` to the start of the array.
2. Initialize a counter `odd_count` to count the number of odd numbers in the current window.
3. Initialize a variable `result` to store the number of nice subarrays.
4. Iterate `right` over the array:
   - If `nums[right]` is odd, increment `odd_count`.
   - While `odd_count` is greater than `k`, increment `left` and decrement `odd_count` if `nums[left]` is odd.
   - If `odd_count` equals `k`, count the number of subarrays ending at `right` with exactly `k` odd numbers.
5. Return `result`.

## Final Python Solution

```python
class Solution:
    def numberOfSubarrays(self, nums: List[int], k: int) -> int:
        def count_at_most_k_odd(nums, k):
            left = 0
            odd_count = 0
            result = 0
            for right in range(len(nums)):
                if nums[right] % 2 == 1:
                    odd_count += 1
                while odd_count > k:
                    if nums[left] % 2 == 1:
                        odd_count -= 1
                    left += 1
                result += right - left + 1
            return result
        
        # The number of subarrays with exactly k odd numbers is the difference
        # between the number of subarrays with at most k odd numbers and the
        # number of subarrays with at most k-1 odd numbers.
        return count_at_most_k_odd(nums, k) - count_at_most_k_odd(nums, k - 1)
```

### Explanation of the Code

- The function `count_at_most_k_odd` calculates the number of subarrays with at most `k` odd numbers using a sliding window approach.
- The main function `numberOfSubarrays` calculates the number of subarrays with exactly `k` odd numbers by subtracting the number of subarrays with at most `k-1` odd numbers from the number of subarrays with at most `k` odd numbers. This is based on the principle that the difference gives us the exact count of subarrays with exactly `k` odd numbers.
INFO - [Task id] 346 [prompt] 
[Environment Feedback]:
    Note: Inputs/outputs here are automatically extracted/truncated so formatting may be a bit off.
    Tests passed:

     Input: [[1, 1, 2, 1, 1], 3] Output: 2

    Tests failed:
    None
[/Environment Feedback]

INFO - [Task id] 346 [prompt] 
## Instructions
Now, summarize your attempts as a **standalone** document for your own future reference. (can skip formalities, be concise)

- Only include the most relevant information and code snippets that could be useful in the future.
- If you did not learn much from the current experience (e.g. the problem was too easy), feel free to write less or nothing at all.
- Here are some ideas if the experience was useful:
    - Identifying the core concepts and patterns that problem appears to test for
    - Describing the strategies that seemed to work but did not, and vice versa
    - Describing unexpected errors and how they were fixed

Your summary should be at most a few paragraphs.

INFO - [Task id] 346 [generation text] In this problem, the goal was to find the number of continuous subarrays in a given list of integers that contain exactly `k` odd numbers. The core concept here was to efficiently count subarrays using a sliding window technique, which is well-suited for problems involving contiguous subarrays with specific properties.

The key strategy was to use a helper function to count subarrays with at most `k` odd numbers and then use this to derive the count of subarrays with exactly `k` odd numbers. This was achieved by calculating the difference between the number of subarrays with at most `k` odd numbers and those with at most `k-1` odd numbers. This approach leverages the inclusion-exclusion principle to isolate the exact count of subarrays with `k` odd numbers.

The sliding window technique was implemented using two pointers (`left` and `right`) to maintain a window of elements in the array. As the `right` pointer traverses the array, the `left` pointer adjusts to ensure the window contains at most `k` odd numbers. This method efficiently counts valid subarrays by considering all possible subarrays ending at each position.

This problem reinforced the utility of the sliding window technique for problems involving contiguous subarrays and specific counting conditions. It also highlighted the importance of breaking down complex counting problems into simpler subproblems that can be solved using efficient algorithms.
INFO - LM call n parse attempt 1 / 3

INFO - [Task id] 346 [prompt] 
You are an expert programmer tasked with solving the problem below.

Follow the user's instructions to solve the problem.
The user can ask for analysis, code, or both.

## Instructions
When asked to output code,
- Make sure to wrap your code in '```python' and '```' Markdown delimiters, 
- include exactly one block of code with the entire solution
- No outside libraries are allowed. 
- Builtins are allowed.
- If the task specifies a function name to be used, follow it strictly (be case sensitive!) and declare the that function last (helper functions are declared first).
- DO NOT write any assert statements / tests.

## Problem
[BEGIN PROBLEM]
Given an array of integers nums and an integer k. A continuous subarray is called nice if there are k odd numbers on it.
Return the number of nice sub-arrays.
 
Example 1:
Input: nums = [1,1,2,1,1], k = 3
Output: 2
Explanation: The only sub-arrays with 3 odd numbers are [1,1,2,1] and [1,2,1,1].

Example 2:
Input: nums = [2,4,6], k = 1
Output: 0
Explanation: There is no odd numbers in the array.

Example 3:
Input: nums = [2,2,2,1,2,2,1,2,2,2], k = 2
Output: 16

 
Constraints:

1 <= nums.length <= 50000
1 <= nums[i] <= 10^5
1 <= k <= nums.length

The output code needs to use the provided function signature

The final python function should begin with: 
```python

class Solution:
    def numberOfSubarrays(self, nums: List[int], k: int) -> int:
        
```

[END PROBLEM]

INFO - [Task id] 346 [prompt] 
## Instructions

Reason through the problem and:
1. Restate the problem in plain English
2. Conceptualize a solution first in plain English
3. Write a pseudocode solution
4. Output the final Python 3 solution with your solution steps in comments.

Make sure to wrap your code in '```python' and '```' Markdown delimiters, 
and include exactly one block of code with the entire solution.

No outside libraries are allowed.
Builtins are allowed.

INFO - [Task id] 346 [prompt] ## Problem Restatement

We are given an array of integers `nums` and an integer `k`. We need to find the number of continuous subarrays (subsequences of consecutive elements) in `nums` that contain exactly `k` odd numbers. 

## Conceptual Solution

1. **Identify Odd Numbers**: First, we need to identify the positions of odd numbers in the array. This will help us in determining the subarrays that contain exactly `k` odd numbers.

2. **Use Two Pointers**: We can use a two-pointer technique to efficiently find subarrays with exactly `k` odd numbers. The idea is to maintain a window that contains exactly `k` odd numbers and count the number of such windows.

3. **Count Subarrays**: For each valid window (subarray) that contains exactly `k` odd numbers, we can extend the window to the left and right to count all possible subarrays that still contain exactly `k` odd numbers.

4. **Iterate and Count**: Iterate through the array, adjusting the window size using the two pointers, and count the number of valid subarrays.

## Pseudocode

1. Initialize two pointers `left` and `right` to the start of the array.
2. Initialize a counter `odd_count` to count the number of odd numbers in the current window.
3. Initialize a variable `result` to store the number of nice subarrays.
4. Iterate `right` over the array:
   - If `nums[right]` is odd, increment `odd_count`.
   - While `odd_count` is greater than `k`, increment `left` and decrement `odd_count` if `nums[left]` is odd.
   - If `odd_count` equals `k`, count the number of subarrays ending at `right` with exactly `k` odd numbers.
5. Return `result`.

## Final Python Solution

```python
class Solution:
    def numberOfSubarrays(self, nums: List[int], k: int) -> int:
        def count_at_most_k_odd(nums, k):
            left = 0
            odd_count = 0
            result = 0
            for right in range(len(nums)):
                if nums[right] % 2 == 1:
                    odd_count += 1
                while odd_count > k:
                    if nums[left] % 2 == 1:
                        odd_count -= 1
                    left += 1
                result += right - left + 1
            return result
        
        # The number of subarrays with exactly k odd numbers is the difference
        # between the number of subarrays with at most k odd numbers and the
        # number of subarrays with at most k-1 odd numbers.
        return count_at_most_k_odd(nums, k) - count_at_most_k_odd(nums, k - 1)
```

### Explanation of the Code

- The function `count_at_most_k_odd` calculates the number of subarrays with at most `k` odd numbers using a sliding window approach.
- The main function `numberOfSubarrays` calculates the number of subarrays with exactly `k` odd numbers by subtracting the number of subarrays with at most `k-1` odd numbers from the number of subarrays with at most `k` odd numbers. This is based on the principle that the difference gives us the exact count of subarrays with exactly `k` odd numbers.
INFO - [Task id] 346 [prompt] 
[Environment Feedback]:
    Note: Inputs/outputs here are automatically extracted/truncated so formatting may be a bit off.
    Tests passed:

     Input: [[1, 1, 2, 1, 1], 3] Output: 2

    Tests failed:
    None
[/Environment Feedback]

INFO - [Task id] 346 [prompt] 
Below is the official solution (do exercise discretion as official solutions can also have mistakes).

You will be reflecting on your attempts to solve the problem.
This will be a **standalone** document for your own future reference. (can skip formalities, be concise)

## Instructions
- Only include the most relevant insights and code snippets that could be useful in the future.
- If you did not learn much from the current experience (e.g. the problem was too easy / official solution was obvious), feel free to write less or nothing at all.
- Here are some ideas if the experience was useful:
    - If the official solution is insightful (e.g. better than yours in time and space complexity or more effective in breaking down the problem statement), distil the key approach of the official solution, step by step.
    - If your approach failed the test cases, reason why the official solution works but yours does not

Your reflection should be at most a few paragraphs.

## Official solution
class Solution:
    def numberOfSubarrays(self, nums: List[int], k: int) -> int:
        # save all even subarray's length which between odds
        edge = []
        res = 0
        count = 0
        for i in nums:
            # odd
            if i % 2:
                # +1 because range from 0 to count when doing combination
                edge.append(count+1)
                count = 0
            # even
            else:
                count += 1
        edge.append(count+1)
        # no enough odd
        if len(edge)-1 < k:
            return 0
        else:
            # combination
            for i in range(len(edge)-k):
                res += edge[i] * edge[i+k]
            return res

INFO - [Task id] 346 [generation text] The official solution provides an insightful approach to solving the problem by focusing on the gaps between odd numbers. Here's a breakdown of the key steps:

1. **Identify Gaps Between Odds**: The solution first identifies the lengths of contiguous even numbers between odd numbers. This is done by iterating through the array and counting the number of even numbers until an odd number is encountered. Each time an odd number is found, the count of even numbers (plus one) is stored in a list called `edge`.

2. **Handle Edge Cases**: If the number of odd numbers in the array is less than `k`, the function immediately returns 0, as it's impossible to have a subarray with `k` odd numbers.

3. **Calculate Subarrays**: For each possible starting position of a subarray with exactly `k` odd numbers, the solution calculates the number of valid subarrays by multiplying the number of ways to choose the starting even numbers and the ending even numbers. This is done using the `edge` list, where `edge[i]` represents the number of ways to extend the subarray to the left, and `edge[i+k]` represents the number of ways to extend it to the right.

This approach is efficient because it reduces the problem to counting combinations of even numbers around odd numbers, rather than explicitly iterating over all possible subarrays. It leverages the fact that the number of ways to form a subarray with `k` odd numbers is determined by the even numbers surrounding those odd numbers. This method is both time-efficient and easy to understand once the concept of counting even-number gaps is clear.
INFO - Updated entry: In this problem, the goal was to find the number of continuous subarrays in a given list of integers that contain exactly `k` odd numbers. The core concept here was to efficiently count subarrays using a sliding window technique, which is well-suited for problems involving contiguous subarrays wi...,

INFO - Metadata: {
    "task_id": 346
}

INFO - Updated entry: The official solution provides an insightful approach to solving the problem by focusing on the gaps between odd numbers. Here's a breakdown of the key steps:

1. **Identify Gaps Between Odds**: The solution first identifies the lengths of contiguous even numbers between odd numbers. This is done...,

INFO - Metadata: {
    "task_id": 346
}

INFO - LM call n parse attempt 1 / 3

INFO - [Task id] 346 [prompt] 
You are a helpful assistant that writes a description of the given function written in the Python programming language.

1) Do not mention the function name.
2) Do not mention anything about helper functions.
3) There might be some helper functions before the main function, but you only need to describe the main function.
4) Try to summarize the function in no more than 6 sentences.
5) Your response should be a single line of text.

INFO - [Task id] 346 [prompt] 
class Solution:
    def numberOfSubarrays(self, nums: List[int], k: int) -> int:
        def count_at_most_k_odd(nums, k):
            left = 0
            odd_count = 0
            result = 0
            for right in range(len(nums)):
                if nums[right] % 2 == 1:
                    odd_count += 1
                while odd_count > k:
                    if nums[left] % 2 == 1:
                        odd_count -= 1
                    left += 1
                result += right - left + 1
            return result
        
        # The number of subarrays with exactly k odd numbers is the difference
        # between the number of subarrays with at most k odd numbers and the
        # number of subarrays with at most k-1 odd numbers.
        return count_at_most_k_odd(nums, k) - count_at_most_k_odd(nums, k - 1)

INFO - [Task id] 346 [generation text] The function calculates the number of contiguous subarrays within a given list of integers that contain exactly `k` odd numbers. It does this by determining the difference between the number of subarrays with at most `k` odd numbers and the number of subarrays with at most `k-1` odd numbers. This approach leverages a sliding window technique to efficiently count subarrays with a bounded number of odd numbers. The function iterates through the list, adjusting the window size to maintain the desired count of odd numbers, and accumulates the count of valid subarrays. The result is returned as the total number of subarrays that meet the exact condition of having `k` odd numbers.
INFO - LM call n parse attempt 1 / 3

INFO - [Task id] 346 [prompt] 
You are a helpful assistant that extracts important information from problems and solutions to aid in searchability and education.

## Instructions
- Read through the problem and solution carefully.
- Reason out, step by step, in what scenarios this knowledge would be useful.
- Focus on general patterns and situations to help connect this knowledge to new situations.
- Then, include a list of keywords that are useful for searching this problem/solution pair.

## Response format
Respond in JSON, and follow the keys and expected format of the values strictly.

The output should be formatted as a JSON instance that conforms to the JSON schema below.

As an example, for the schema {"properties": {"foo": {"title": "Foo", "description": "a list of strings", "type": "array", "items": {"type": "string"}}}, "required": ["foo"]}
the object {"foo": ["bar", "baz"]} is a well-formatted instance of the schema. The object {"properties": {"foo": ["bar", "baz"]}} is not well-formatted.

Here is the output schema:
```
{"properties": {"scenarios": {"description": "In what scenarios will this knowledge be useful? Answer in a paragraph.", "title": "Scenarios", "type": "string"}, "keywords": {"description": "List of keywords that are useful for searching this problem/solution pair", "items": {"type": "string"}, "title": "Keywords", "type": "array"}}, "required": ["scenarios", "keywords"]}
```

INFO - [Task id] 346 [prompt] 
[Problem]
    Given an array of integers nums and an integer k. A continuous subarray is called nice if there are k odd numbers on it.
    Return the number of nice sub-arrays.
 
    Example 1:
    Input: nums = [1,1,2,1,1], k = 3
    Output: 2
    Explanation: The only sub-arrays with 3 odd numbers are [1,1,2,1] and [1,2,1,1].

    Example 2:
    Input: nums = [2,4,6], k = 1
    Output: 0
    Explanation: There is no odd numbers in the array.

    Example 3:
    Input: nums = [2,2,2,1,2,2,1,2,2,2], k = 2
    Output: 16

 
    Constraints:

    1 <= nums.length <= 50000
    1 <= nums[i] <= 10^5
    1 <= k <= nums.length
[/Problem]

[Solution]

    class Solution:
        def numberOfSubarrays(self, nums: List[int], k: int) -> int:
            def count_at_most_k_odd(nums, k):
                left = 0
                odd_count = 0
                result = 0
                for right in range(len(nums)):
                    if nums[right] % 2 == 1:
                        odd_count += 1
                    while odd_count > k:
                        if nums[left] % 2 == 1:
                            odd_count -= 1
                        left += 1
                    result += right - left + 1
                return result
        
            # The number of subarrays with exactly k odd numbers is the difference
            # between the number of subarrays with at most k odd numbers and the
            # number of subarrays with at most k-1 odd numbers.
            return count_at_most_k_odd(nums, k) - count_at_most_k_odd(nums, k - 1)

[/Solution]

INFO - [Task id] 346 [generation text] 
INFO - {
    "scenarios": "This knowledge is useful in scenarios where one needs to find subarrays with specific properties, such as a certain number of odd numbers, within a larger array. This problem is a common type of sliding window problem, which is a technique often used in competitive programming and algorithm design to efficiently solve problems involving subarrays or substrings. The solution involves counting subarrays with at most a certain number of odd numbers and using this to find the exact count of subarrays with exactly that number of odd numbers. This approach can be adapted to other problems where the goal is to count subarrays with a specific characteristic, such as a sum or product constraint, by modifying the condition checked within the sliding window.",
    "keywords": [
        "subarray",
        "nice subarray",
        "odd numbers",
        "sliding window",
        "count subarrays",
        "algorithm",
        "competitive programming",
        "array problem",
        "k odd numbers"
    ]
}
INFO - {
    "scenarios": "This knowledge is useful in scenarios where one needs to find subarrays with specific properties, such as a certain number of odd numbers, within a larger array. This problem is a common type of sliding window problem, which is a technique often used in competitive programming and algorithm design to efficiently solve problems involving subarrays or substrings. The solution involves counting subarrays with at most a certain number of odd numbers and using this to find the exact count of subarrays with exactly that number of odd numbers. This approach can be adapted to other problems where the goal is to count subarrays with a specific characteristic, such as a sum or product constraint, by modifying the condition checked within the sliding window.",
    "keywords": [
        "subarray",
        "nice subarray",
        "odd numbers",
        "sliding window",
        "count subarrays",
        "algorithm",
        "competitive programming",
        "array problem",
        "k odd numbers"
    ]
}
INFO - Updated entry: 
[description]
The function calculates the number of contiguous subarrays within a given list of integers that contain exactly `k` odd numbers. It does this by determining the difference between the number of subarrays with at most `k` odd numbers and the number of subarrays with at most `k-1` od...,

INFO - Metadata: {
    "task": 346,
    "code": "\nclass Solution:\n    def numberOfSubarrays(self, nums: List[int], k: int) -> int:\n        def count_at_most_k_odd(nums, k):\n            left = 0\n            odd_count = 0\n            result = 0\n            for right in range(len(nums)):\n                if n...

