INFO - DB skill doc count: 0

INFO - DB non_func doc count: 50

INFO - DB semantic doc count: 429

INFO - DB summaries doc count: 64

INFO - DB reflections doc count: 64

INFO - DB episodic doc count: 0

INFO - [train iter]: 64/100 

INFO - The task prompt is The game of billiards involves two players knocking 3 balls around
on a green baize table. Well, there is more to it, but for our
purposes this is sufficient.
The game consists of several rounds and in each round both players
obtain a score, based on how well they played. Once all the rounds
have...

INFO - Attempting task_id 996
INFO - LM call n parse attempt 1 / 3

INFO - [Task id] 996 [prompt] 
You are an expert programmer tasked with solving the problem below.

Follow the user's instructions to solve the problem.
The user can ask for analysis, code, or both.

## Instructions
When asked to output code,
- Make sure to wrap your code in '```python' and '```' Markdown delimiters, 
- include exactly one block of code with the entire solution
- No outside libraries are allowed. 
- Builtins are allowed.
- If the task specifies a function name to be used, follow it strictly (be case sensitive!) and declare the that function last (helper functions are declared first).
- DO NOT write any assert statements / tests.

## Problem
[BEGIN PROBLEM]
The game of billiards involves two players knocking 3 balls around
on a green baize table. Well, there is more to it, but for our
purposes this is sufficient.
The game consists of several rounds and in each round both players
obtain a score, based on how well they played. Once all the rounds
have been played, the total score of each player is determined by
adding up the scores in all the rounds and the player with the higher
total score is declared the winner.
The Siruseri Sports Club organises an annual billiards game where
the top two players of Siruseri play against each other. The Manager
of Siruseri Sports Club decided to add his own twist to the game by
changing the rules for determining the winner. In his version, at the
end of each round, the cumulative score for each player is calculated, and the leader and her current lead are found. Once
all the rounds are over the player who had the maximum lead at the
end of any round in the game is declared the winner.

Consider the following score sheet for a game with 5 rounds:
RoundPlayer 1Player 2114082289134390110411210658890

The total scores of both players, the leader and the lead after
each round for this game is given below:RoundPlayer 1Player 2LeaderLead114082Player 1582229216Player 1133319326Player 274431432Player 215519522Player 23
Note that the above table contains the cumulative scores.
The winner of this game is Player 1 as he had the maximum lead (58
at the end of round 1) during the game.
Your task is to help the Manager find the winner and the winning
lead. You may assume that the scores will be such that there will
always be a single winner.  That is, there are no ties.
Input
The first line of the input will contain a single integer N (N
≤ 10000) indicating the number of rounds in the game.  Lines
2,3,...,N+1 describe the scores of the two players in the N rounds.
Line i+1 contains two integer Si and Ti, the scores of the Player 1
and 2 respectively, in round i.  You may assume that 1 ≤ Si ≤
1000 and 1 ≤ Ti ≤ 1000.  
Output
Your output must consist of a single line containing two integers
W and L, where W is 1 or 2 and indicates the winner and L is the
maximum lead attained by the winner.
Example
Input:
5
140 82
89 134
90 110
112 106
88 90

Output:
1 58

The output code needs to read from and write to standard IO


[END PROBLEM]

INFO - [Task id] 996 [prompt] 
## Instructions

Reason through the problem and:
1. Restate the problem in plain English
2. Conceptualize a solution first in plain English
3. Write a pseudocode solution
4. Output the final Python 3 solution with your solution steps in comments.

Make sure to wrap your code in '```python' and '```' Markdown delimiters, 
and include exactly one block of code with the entire solution.

No outside libraries are allowed.
Builtins are allowed.

INFO - [Task id] 996 [generation text] ### Problem Restatement

We have a game of billiards with two players, and the game consists of multiple rounds. In each round, both players score some points. We need to determine the winner based on a special rule: after each round, we calculate the cumulative scores of both players and determine the leader and the lead (the difference between the leader's score and the other player's score). The winner is the player who had the maximum lead at the end of any round. We need to output the winner and the maximum lead.

### Conceptual Solution

1. **Initialize Variables**: Start by initializing cumulative scores for both players and variables to track the maximum lead and the winner.
2. **Iterate Through Rounds**: For each round, update the cumulative scores for both players.
3. **Calculate Lead**: Determine the current lead and the leader after each round.
4. **Update Maximum Lead**: If the current lead is greater than the maximum lead recorded so far, update the maximum lead and record the current leader as the winner.
5. **Output the Result**: After processing all rounds, output the winner and the maximum lead.

### Pseudocode

```
function find_winner_and_lead(N, scores):
    initialize player1_cumulative_score to 0
    initialize player2_cumulative_score to 0
    initialize max_lead to 0
    initialize winner to 0

    for each round in scores:
        update player1_cumulative_score with player1's score for the round
        update player2_cumulative_score with player2's score for the round

        if player1_cumulative_score > player2_cumulative_score:
            current_lead = player1_cumulative_score - player2_cumulative_score
            current_leader = 1
        else:
            current_lead = player2_cumulative_score - player1_cumulative_score
            current_leader = 2

        if current_lead > max_lead:
            max_lead = current_lead
            winner = current_leader

    return winner, max_lead
```

### Final Python Solution

```python
def find_winner_and_lead(N, scores):
    # Initialize cumulative scores and tracking variables
    player1_cumulative_score = 0
    player2_cumulative_score = 0
    max_lead = 0
    winner = 0

    # Iterate through each round
    for score in scores:
        # Update cumulative scores
        player1_cumulative_score += score[0]
        player2_cumulative_score += score[1]

        # Determine current lead and leader
        if player1_cumulative_score > player2_cumulative_score:
            current_lead = player1_cumulative_score - player2_cumulative_score
            current_leader = 1
        else:
            current_lead = player2_cumulative_score - player1_cumulative_score
            current_leader = 2

        # Update maximum lead and winner if current lead is greater
        if current_lead > max_lead:
            max_lead = current_lead
            winner = current_leader

    # Output the winner and the maximum lead
    print(winner, max_lead)

# Example usage:
# N = 5
# scores = [(140, 82), (89, 134), (90, 110), (112, 106), (88, 90)]
# find_winner_and_lead(N, scores)
```

This code reads the number of rounds and the scores for each round, calculates the cumulative scores, determines the leader and lead after each round, and finally outputs the winner and the maximum lead.
INFO - [35m Rollout attempt 1/4[0m
INFO - [33m Retrieving 1 entries for db: semantic 
 [0m
INFO - Retrieved (score=0.4974):
Title: Continued fractions
Part: 11/12
```
    === "Python"
        ```py
        # returns [ah, ph, qh] such that points r[i]=(ph[i], qh[i]) constitute upper convex hull
        # of lattice points on 0 <= x <= N and 0 <= y <= r * x, where r = [a0; a1, a2, ...]
        # and there are ah[i]-1 in...


INFO - [33m Retrieving 1 entries for db: reflections 
 [0m
INFO - Retrieved (score=0.4663):
### Reflection

The problem involved updating scores for a range of students based on the complexity of questions and then calculating the mean of these scores. My initial approach was correct in terms of logic, but I missed calling the `main()` function, which led to no output being produced. Th...


INFO - [33m Retrieving 1 entries for db: summaries 
 [0m
INFO - Retrieved (score=0.4082):
In this problem, the task was to find a permutation of numbers from 1 to N such that the sum of the maximum of each pair of consecutive elements equals a given integer K. The core concept was understanding the function f(P) and the constraints on its possible values.

### Key Concepts:
- **Functi...


INFO - [33m Retrieving 1 entries for db: non_func 
 [0m
INFO - Retrieved (score=0.4789):

[description for function: main]
The function reads multiple test cases from standard input, where each test case consists of a single integer, and determines the winner of a game for each integer. It first reads the number of test cases, T, and then iterates over each test case to determine the...


INFO - Retrieved (score=0.4082): 
[Summary]:
    In this problem, the task was to find a permutation of numbers from 1 to N such that the sum of the maximum of each pair of consecutive elements equals a given integer K. The core concept was understanding the function f(P) and the constraints on its possible values.

    ### Key ...
INFO - LM call n parse attempt 1 / 3

INFO - [Task id] 996 [prompt] 
You are an expert programmer tasked with solving the problem below.

Follow the user's instructions to solve the problem.
The user can ask for analysis, code, or both.

## Instructions
When asked to output code,
- Make sure to wrap your code in '```python' and '```' Markdown delimiters, 
- include exactly one block of code with the entire solution
- No outside libraries are allowed. 
- Builtins are allowed.
- If the task specifies a function name to be used, follow it strictly (be case sensitive!) and declare the that function last (helper functions are declared first).
- DO NOT write any assert statements / tests.

## Problem
[BEGIN PROBLEM]
The game of billiards involves two players knocking 3 balls around
on a green baize table. Well, there is more to it, but for our
purposes this is sufficient.
The game consists of several rounds and in each round both players
obtain a score, based on how well they played. Once all the rounds
have been played, the total score of each player is determined by
adding up the scores in all the rounds and the player with the higher
total score is declared the winner.
The Siruseri Sports Club organises an annual billiards game where
the top two players of Siruseri play against each other. The Manager
of Siruseri Sports Club decided to add his own twist to the game by
changing the rules for determining the winner. In his version, at the
end of each round, the cumulative score for each player is calculated, and the leader and her current lead are found. Once
all the rounds are over the player who had the maximum lead at the
end of any round in the game is declared the winner.

Consider the following score sheet for a game with 5 rounds:
RoundPlayer 1Player 2114082289134390110411210658890

The total scores of both players, the leader and the lead after
each round for this game is given below:RoundPlayer 1Player 2LeaderLead114082Player 1582229216Player 1133319326Player 274431432Player 215519522Player 23
Note that the above table contains the cumulative scores.
The winner of this game is Player 1 as he had the maximum lead (58
at the end of round 1) during the game.
Your task is to help the Manager find the winner and the winning
lead. You may assume that the scores will be such that there will
always be a single winner.  That is, there are no ties.
Input
The first line of the input will contain a single integer N (N
≤ 10000) indicating the number of rounds in the game.  Lines
2,3,...,N+1 describe the scores of the two players in the N rounds.
Line i+1 contains two integer Si and Ti, the scores of the Player 1
and 2 respectively, in round i.  You may assume that 1 ≤ Si ≤
1000 and 1 ≤ Ti ≤ 1000.  
Output
Your output must consist of a single line containing two integers
W and L, where W is 1 or 2 and indicates the winner and L is the
maximum lead attained by the winner.
Example
Input:
5
140 82
89 134
90 110
112 106
88 90

Output:
1 58

The output code needs to read from and write to standard IO


[END PROBLEM]

INFO - [Task id] 996 [prompt] 
## Instructions

Reason through the problem and:
1. Restate the problem in plain English
2. Conceptualize a solution first in plain English
3. Write a pseudocode solution
4. Output the final Python 3 solution with your solution steps in comments.

Make sure to wrap your code in '```python' and '```' Markdown delimiters, 
and include exactly one block of code with the entire solution.

No outside libraries are allowed.
Builtins are allowed.

INFO - [Task id] 996 [prompt] 
Also, here are some of your memories.
Feel free to use the given information to aid your problem solving process if necessary.
Do not confuse the memories with the problem statement.

## Memories

[Summary]:
    In this problem, the task was to find a permutation of numbers from 1 to N such that the sum of the maximum of each pair of consecutive elements equals a given integer K. The core concept was understanding the function f(P) and the constraints on its possible values.

    ### Key Concepts:
    - **Function f(P):** This function calculates the sum of the maximum of each pair of consecutive elements in a permutation.
    - **Constraints:** The minimum value of f(P) is N-1, and the maximum is the sum of the largest N-1 numbers (from N to 2).

    ### Strategies:
    - **Initial Approach:** Start with the permutation in decreasing order to achieve the maximum f(P) and adjust it to reach the desired K.
    - **Adjustment Logic:** Swap elements to decrease f(P) until it matches K, ensuring the swaps are valid and maintain the permutation's integrity.

    ### Challenges and Fixes:
    - **Function Call:** Initially, the `main()` function was not called, leading to no output. Ensuring the function is called fixed this issue.
    - **Permutation Adjustment:** The logic needed careful handling to ensure the permutation was adjusted correctly without overshooting the desired K.

    ### Code Snippet:
    ```python
    def find_permutation(N, K):
        max_f = sum(range(2, N + 1))
        min_f = N - 1
        if K < min_f or K > max_f:
            return -1
        permutation = list(range(N, 0, -1))
        current_f = max_f
        for i in range(N - 1):
            if current_f == K:
                break
            decrease = permutation[i] - permutation[i + 1]
            if current_f - decrease >= K:
                current_f -= decrease
                permutation[i], permutation[i + 1] = permutation[i + 1], permutation[i]
        return permutation

    def main():
        import sys
        input = sys.stdin.read
        data = input().split()
        T = int(data[0])
        index = 1
        results = []
        for _ in range(T):
            N = int(data[index])
            K = int(data[index + 1])
            index += 2
            result = find_permutation(N, K)
            if result == -1:
                results.append("-1")
            else:
                results.append(" ".join(map(str, result)))
        sys.stdout.write("\n".join(results) + "\n")

    main()
    ```

    This experience reinforced the importance of understanding problem constraints and ensuring that all parts of the solution, including function calls and input/output handling, are correctly implemented.
[/Summary]


INFO - [Task id] 996 [generation text] 1. **Restate the problem in plain English:**

   We have a game of billiards with two players, and the game consists of several rounds. In each round, both players score some points. We need to determine the winner based on the maximum lead one player had over the other at the end of any round. The winner is the player who had the maximum lead, and we need to output the winner's number (1 or 2) and the maximum lead.

2. **Conceptualize a solution in plain English:**

   - Start by reading the number of rounds.
   - Initialize cumulative scores for both players to zero.
   - For each round, update the cumulative scores of both players.
   - Calculate the lead for the current round by finding the absolute difference between the two cumulative scores.
   - Track the maximum lead and the player who had this lead.
   - After processing all rounds, output the player with the maximum lead and the value of that lead.

3. **Pseudocode solution:**

   ```
   Read the number of rounds N
   Initialize cumulative_score_player1 and cumulative_score_player2 to 0
   Initialize max_lead to 0
   Initialize winner to 0

   For each round from 1 to N:
       Read scores Si and Ti for player 1 and player 2
       Update cumulative_score_player1 by adding Si
       Update cumulative_score_player2 by adding Ti
       Calculate current_lead as the absolute difference between cumulative_score_player1 and cumulative_score_player2
       Determine the current leader based on which cumulative score is higher
       If current_lead is greater than max_lead:
           Update max_lead to current_lead
           Update winner to the current leader

   Output winner and max_lead
   ```

4. **Output the final Python 3 solution with comments:**

```python
def find_winner_and_lead():
    import sys
    input = sys.stdin.read
    data = input().split()
    
    # Read the number of rounds
    N = int(data[0])
    
    # Initialize cumulative scores and tracking variables
    cumulative_score_player1 = 0
    cumulative_score_player2 = 0
    max_lead = 0
    winner = 0
    
    # Process each round
    index = 1
    for _ in range(N):
        # Read scores for player 1 and player 2
        Si = int(data[index])
        Ti = int(data[index + 1])
        index += 2
        
        # Update cumulative scores
        cumulative_score_player1 += Si
        cumulative_score_player2 += Ti
        
        # Calculate current lead and determine the leader
        if cumulative_score_player1 > cumulative_score_player2:
            current_lead = cumulative_score_player1 - cumulative_score_player2
            current_leader = 1
        else:
            current_lead = cumulative_score_player2 - cumulative_score_player1
            current_leader = 2
        
        # Update max lead and winner if current lead is greater
        if current_lead > max_lead:
            max_lead = current_lead
            winner = current_leader
    
    # Output the winner and the maximum lead
    print(winner, max_lead)

```
INFO - program_code:
 
def find_winner_and_lead():
    import sys
    input = sys.stdin.read
    data = input().split()
    
    # Read the number of rounds
    N = int(data[0])
    
    # Initialize cumulative scores and tracking variables
    cumulative_score_player1 = 0
    cumulative_score_player2 = 0
    max_lead = 0
    winner = 0
    
    # Process each round
    index = 1
    for _ in range(N):
        # Read scores for player 1 and player 2
        Si = int(data[index])
        Ti = int(data[index + 1])
        index += 2
        
        # Update cumulative scores
        cumulative_score_player1 += Si
        cumulative_score_player2 += Ti
        
        # Calculate current lead and determine the leader
        if cumulative_score_player1 > cumulative_score_player2:
            current_lead = cumulative_score_player1 - cumulative_score_player2
            current_leader = 1
        else:
            current_lead = cumulative_score_player2 - cumulative_score_player1
            current_leader = 2
        
        # Update max lead and winner if current lead is greater
        if current_lead > max_lead:
            max_lead = current_lead
            winner = current_leader
    
    # Output the winner and the maximum lead
    print(winner, max_lead)



INFO - program_name:
 find_winner_and_lead

INFO - dependencies:
 []

INFO - raw_msg:
 1. **Restate the problem in plain English:**

   We have a game of billiards with two players, and the game consists of several rounds. In each round, both players score some points. We need to determine the winner based on the maximum lead one player had over the other at the end of any round. The winner is the player who had the maximum lead, and we need to output the winner's number (1 or 2) and the maximum lead.

2. **Conceptualize a solution in plain English:**

   - Start by reading the number of rounds.
   - Initialize cumulative scores for both players to zero.
   - For each round, update the cumulative scores of both players.
   - Calculate the lead for the current round by finding the absolute difference between the two cumulative scores.
   - Track the maximum lead and the player who had this lead.
   - After processing all rounds, output the player with the maximum lead and the value of that lead.

3. **Pseudocode solution:**

   ```
   Read the number of rounds N
   Initialize cumulative_score_player1 and cumulative_score_player2 to 0
   Initialize max_lead to 0
   Initialize winner to 0

   For each round from 1 to N:
       Read scores Si and Ti for player 1 and player 2
       Update cumulative_score_player1 by adding Si
       Update cumulative_score_player2 by adding Ti
       Calculate current_lead as the absolute difference between cumulative_score_player1 and cumulative_score_player2
       Determine the current leader based on which cumulative score is higher
       If current_lead is greater than max_lead:
           Update max_lead to current_lead
           Update winner to the current leader

   Output winner and max_lead
   ```

4. **Output the final Python 3 solution with comments:**

```python
def find_winner_and_lead():
    import sys
    input = sys.stdin.read
    data = input().split()
    
    # Read the number of rounds
    N = int(data[0])
    
    # Initialize cumulative scores and tracking variables
    cumulative_score_player1 = 0
    cumulative_score_player2 = 0
    max_lead = 0
    winner = 0
    
    # Process each round
    index = 1
    for _ in range(N):
        # Read scores for player 1 and player 2
        Si = int(data[index])
        Ti = int(data[index + 1])
        index += 2
        
        # Update cumulative scores
        cumulative_score_player1 += Si
        cumulative_score_player2 += Ti
        
        # Calculate current lead and determine the leader
        if cumulative_score_player1 > cumulative_score_player2:
            current_lead = cumulative_score_player1 - cumulative_score_player2
            current_leader = 1
        else:
            current_lead = cumulative_score_player2 - cumulative_score_player1
            current_leader = 2
        
        # Update max lead and winner if current lead is greater
        if current_lead > max_lead:
            max_lead = current_lead
            winner = current_leader
    
    # Output the winner and the maximum lead
    print(winner, max_lead)

```

INFO - no_parent:
 False

INFO - full code to be executed: 
 
def find_winner_and_lead():
    import sys
    input = sys.stdin.read
    data = input().split()
    
    # Read the number of rounds
    N = int(data[0])
    
    # Initialize cumulative scores and tracking variables
    cumulative_score_player1 = 0
    cumulative_score_player2 = 0
    max_lead = 0
    winner = 0
    
    # Process each round
    index = 1
    for _ in range(N):
        # Read scores for player 1 and player 2
        Si = int(data[index])
        Ti = int(data[index + 1])
        index += 2
        
        # Update cumulative scores
        cumulative_score_player1 += Si
        cumulative_score_player2 += Ti
        
        # Calculate current lead and determine the leader
        if cumulative_score_player1 > cumulative_score_player2:
            current_lead = cumulative_score_player1 - cumulative_score_player2
            current_leader = 1
        else:
            current_lead = cumulative_score_player2 - cumulative_score_player1
            current_leader = 2
        
        # Update max lead and winner if current lead is greater
        if current_lead > max_lead:
            max_lead = current_lead
            winner = current_leader
    
    # Output the winner and the maximum lead
    print(winner, max_lead)



INFO - obs: Note: Inputs/outputs here are automatically extracted/truncated so formatting may be a bit off.
Tests passed:

None

Tests failed:
 Input: ['5', '140 82', '89 134', '90 110', '112 106', '88 90'] Expected output: [{'58', '1'}] # Execution output: []
No output detected. You might want to check the reading from / writing to standard IO.
A common mistake is to put the IO inside a function, but the function is not called.

reward: False
done: None
info: {'individual_results': [False]}
INFO - [35m Rollout attempt 2/4[0m
INFO - LM call n parse attempt 1 / 3

INFO - [Task id] 996 [prompt] 
You are an expert programmer tasked with solving the problem below.

Follow the user's instructions to solve the problem.
The user can ask for analysis, code, or both.

## Instructions
When asked to output code,
- Make sure to wrap your code in '```python' and '```' Markdown delimiters, 
- include exactly one block of code with the entire solution
- No outside libraries are allowed. 
- Builtins are allowed.
- If the task specifies a function name to be used, follow it strictly (be case sensitive!) and declare the that function last (helper functions are declared first).
- DO NOT write any assert statements / tests.

## Problem
[BEGIN PROBLEM]
The game of billiards involves two players knocking 3 balls around
on a green baize table. Well, there is more to it, but for our
purposes this is sufficient.
The game consists of several rounds and in each round both players
obtain a score, based on how well they played. Once all the rounds
have been played, the total score of each player is determined by
adding up the scores in all the rounds and the player with the higher
total score is declared the winner.
The Siruseri Sports Club organises an annual billiards game where
the top two players of Siruseri play against each other. The Manager
of Siruseri Sports Club decided to add his own twist to the game by
changing the rules for determining the winner. In his version, at the
end of each round, the cumulative score for each player is calculated, and the leader and her current lead are found. Once
all the rounds are over the player who had the maximum lead at the
end of any round in the game is declared the winner.

Consider the following score sheet for a game with 5 rounds:
RoundPlayer 1Player 2114082289134390110411210658890

The total scores of both players, the leader and the lead after
each round for this game is given below:RoundPlayer 1Player 2LeaderLead114082Player 1582229216Player 1133319326Player 274431432Player 215519522Player 23
Note that the above table contains the cumulative scores.
The winner of this game is Player 1 as he had the maximum lead (58
at the end of round 1) during the game.
Your task is to help the Manager find the winner and the winning
lead. You may assume that the scores will be such that there will
always be a single winner.  That is, there are no ties.
Input
The first line of the input will contain a single integer N (N
≤ 10000) indicating the number of rounds in the game.  Lines
2,3,...,N+1 describe the scores of the two players in the N rounds.
Line i+1 contains two integer Si and Ti, the scores of the Player 1
and 2 respectively, in round i.  You may assume that 1 ≤ Si ≤
1000 and 1 ≤ Ti ≤ 1000.  
Output
Your output must consist of a single line containing two integers
W and L, where W is 1 or 2 and indicates the winner and L is the
maximum lead attained by the winner.
Example
Input:
5
140 82
89 134
90 110
112 106
88 90

Output:
1 58

The output code needs to read from and write to standard IO


[END PROBLEM]

INFO - [Task id] 996 [prompt] 
## Instructions

Reason through the problem and:
1. Restate the problem in plain English
2. Conceptualize a solution first in plain English
3. Write a pseudocode solution
4. Output the final Python 3 solution with your solution steps in comments.

Make sure to wrap your code in '```python' and '```' Markdown delimiters, 
and include exactly one block of code with the entire solution.

No outside libraries are allowed.
Builtins are allowed.

INFO - [Task id] 996 [prompt] 1. **Restate the problem in plain English:**

   We have a game of billiards with two players, and the game consists of several rounds. In each round, both players score some points. We need to determine the winner based on the maximum lead one player had over the other at the end of any round. The winner is the player who had the maximum lead, and we need to output the winner's number (1 or 2) and the maximum lead.

2. **Conceptualize a solution in plain English:**

   - Start by reading the number of rounds.
   - Initialize cumulative scores for both players to zero.
   - For each round, update the cumulative scores of both players.
   - Calculate the lead for the current round by finding the absolute difference between the two cumulative scores.
   - Track the maximum lead and the player who had this lead.
   - After processing all rounds, output the player with the maximum lead and the value of that lead.

3. **Pseudocode solution:**

   ```
   Read the number of rounds N
   Initialize cumulative_score_player1 and cumulative_score_player2 to 0
   Initialize max_lead to 0
   Initialize winner to 0

   For each round from 1 to N:
       Read scores Si and Ti for player 1 and player 2
       Update cumulative_score_player1 by adding Si
       Update cumulative_score_player2 by adding Ti
       Calculate current_lead as the absolute difference between cumulative_score_player1 and cumulative_score_player2
       Determine the current leader based on which cumulative score is higher
       If current_lead is greater than max_lead:
           Update max_lead to current_lead
           Update winner to the current leader

   Output winner and max_lead
   ```

4. **Output the final Python 3 solution with comments:**

```python
def find_winner_and_lead():
    import sys
    input = sys.stdin.read
    data = input().split()
    
    # Read the number of rounds
    N = int(data[0])
    
    # Initialize cumulative scores and tracking variables
    cumulative_score_player1 = 0
    cumulative_score_player2 = 0
    max_lead = 0
    winner = 0
    
    # Process each round
    index = 1
    for _ in range(N):
        # Read scores for player 1 and player 2
        Si = int(data[index])
        Ti = int(data[index + 1])
        index += 2
        
        # Update cumulative scores
        cumulative_score_player1 += Si
        cumulative_score_player2 += Ti
        
        # Calculate current lead and determine the leader
        if cumulative_score_player1 > cumulative_score_player2:
            current_lead = cumulative_score_player1 - cumulative_score_player2
            current_leader = 1
        else:
            current_lead = cumulative_score_player2 - cumulative_score_player1
            current_leader = 2
        
        # Update max lead and winner if current lead is greater
        if current_lead > max_lead:
            max_lead = current_lead
            winner = current_leader
    
    # Output the winner and the maximum lead
    print(winner, max_lead)

```
INFO - [Task id] 996 [prompt] 
[Environment Feedback]:
    Note: Inputs/outputs here are automatically extracted/truncated so formatting may be a bit off.
    Tests passed:

    None

    Tests failed:
     Input: ['5', '140 82', '89 134', '90 110', '112 106', '88 90'] Expected output: [{'58', '1'}] # Execution output: []
    No output detected. You might want to check the reading from / writing to standard IO.
    A common mistake is to put the IO inside a function, but the function is not called.

[/Environment Feedback]

INFO - [Task id] 996 [prompt] 
The code doesn't pass all the tests.

## Instructions
- First, think step-by-step about why your code is wrong.
- Then, think step-by-step about where you went wrong in your latest solution.

INFO - [Task id] 996 [generation text] Let's analyze the problem with the current solution:

1. **Function Call**: The function `find_winner_and_lead()` is defined but never called. This is a common issue when the function is defined but not executed, especially in environments where the function needs to be explicitly invoked.

2. **Input Handling**: The code uses `sys.stdin.read()` to read input, which is appropriate for competitive programming environments. However, if the function is not called, this input reading will not be executed.

3. **Output**: The function is designed to print the result, but since it's not called, no output is generated.

**Steps to fix the code:**

1. **Call the Function**: Ensure that the function `find_winner_and_lead()` is called so that the input is read and processed, and the output is generated.

2. **Verify Input/Output**: Ensure that the input is being read correctly and the output is being printed as expected.

Let's update the code to address these issues:

```python
def find_winner_and_lead():
    import sys
    input = sys.stdin.read
    data = input().split()
    
    # Read the number of rounds
    N = int(data[0])
    
    # Initialize cumulative scores and tracking variables
    cumulative_score_player1 = 0
    cumulative_score_player2 = 0
    max_lead = 0
    winner = 0
    
    # Process each round
    index = 1
    for _ in range(N):
        # Read scores for player 1 and player 2
        Si = int(data[index])
        Ti = int(data[index + 1])
        index += 2
        
        # Update cumulative scores
        cumulative_score_player1 += Si
        cumulative_score_player2 += Ti
        
        # Calculate current lead and determine the leader
        if cumulative_score_player1 > cumulative_score_player2:
            current_lead = cumulative_score_player1 - cumulative_score_player2
            current_leader = 1
        else:
            current_lead = cumulative_score_player2 - cumulative_score_player1
            current_leader = 2
        
        # Update max lead and winner if current lead is greater
        if current_lead > max_lead:
            max_lead = current_lead
            winner = current_leader
    
    # Output the winner and the maximum lead
    print(winner, max_lead)

# Call the function to execute the solution
find_winner_and_lead()
```

By calling the function at the end of the script, we ensure that the input is processed and the output is generated as expected. This should resolve the issue of no output being detected.
INFO - [33m Retrieving 1 entries for db: semantic 
 [0m
INFO - Retrieved (score=0.5334):
Title: Games on arbitrary graphs
Part: 2/2
```

## Example: "Policeman and thief"

Here is a concrete example of such a game.

There is $m \times n$ board.
Some of the cells cannot be entered.
The initial coordinates of the police officer and of the thief are known.
One of the cells is the exit.
...


INFO - [33m Retrieving 1 entries for db: reflections 
 [0m
INFO - Retrieved (score=0.4160):
In this problem, the task was to determine the maximum number of Division-3 contests that Chef can host given a set of constraints. The solution required calculating the total number of problems available, determining how many contests could be formed, and then limiting this by the number of days...


INFO - [33m Retrieving 1 entries for db: summaries 
 [0m
INFO - Retrieved (score=0.3571):
In this problem, the task was to find a permutation of numbers from 1 to N such that the sum of the maximum of each pair of consecutive elements equals a given integer K. The core concept was understanding the function f(P) and the constraints on its possible values.

### Key Concepts:
- **Functi...


INFO - [33m Retrieving 1 entries for db: non_func 
 [0m
INFO - Retrieved (score=0.3830):

[description for function: main]
The function reads multiple test cases from standard input, where each test case consists of a single integer, and determines the winner of a game for each integer. It first reads the number of test cases, T, and then iterates over each test case to determine the...


INFO - Retrieved (score=0.3571): 
[Summary]:
    In this problem, the task was to find a permutation of numbers from 1 to N such that the sum of the maximum of each pair of consecutive elements equals a given integer K. The core concept was understanding the function f(P) and the constraints on its possible values.

    ### Key ...
INFO - LM call n parse attempt 1 / 3

INFO - [Task id] 996 [prompt] 
You are an expert programmer tasked with solving the problem below.

Follow the user's instructions to solve the problem.
The user can ask for analysis, code, or both.

## Instructions
When asked to output code,
- Make sure to wrap your code in '```python' and '```' Markdown delimiters, 
- include exactly one block of code with the entire solution
- No outside libraries are allowed. 
- Builtins are allowed.
- If the task specifies a function name to be used, follow it strictly (be case sensitive!) and declare the that function last (helper functions are declared first).
- DO NOT write any assert statements / tests.

## Problem
[BEGIN PROBLEM]
The game of billiards involves two players knocking 3 balls around
on a green baize table. Well, there is more to it, but for our
purposes this is sufficient.
The game consists of several rounds and in each round both players
obtain a score, based on how well they played. Once all the rounds
have been played, the total score of each player is determined by
adding up the scores in all the rounds and the player with the higher
total score is declared the winner.
The Siruseri Sports Club organises an annual billiards game where
the top two players of Siruseri play against each other. The Manager
of Siruseri Sports Club decided to add his own twist to the game by
changing the rules for determining the winner. In his version, at the
end of each round, the cumulative score for each player is calculated, and the leader and her current lead are found. Once
all the rounds are over the player who had the maximum lead at the
end of any round in the game is declared the winner.

Consider the following score sheet for a game with 5 rounds:
RoundPlayer 1Player 2114082289134390110411210658890

The total scores of both players, the leader and the lead after
each round for this game is given below:RoundPlayer 1Player 2LeaderLead114082Player 1582229216Player 1133319326Player 274431432Player 215519522Player 23
Note that the above table contains the cumulative scores.
The winner of this game is Player 1 as he had the maximum lead (58
at the end of round 1) during the game.
Your task is to help the Manager find the winner and the winning
lead. You may assume that the scores will be such that there will
always be a single winner.  That is, there are no ties.
Input
The first line of the input will contain a single integer N (N
≤ 10000) indicating the number of rounds in the game.  Lines
2,3,...,N+1 describe the scores of the two players in the N rounds.
Line i+1 contains two integer Si and Ti, the scores of the Player 1
and 2 respectively, in round i.  You may assume that 1 ≤ Si ≤
1000 and 1 ≤ Ti ≤ 1000.  
Output
Your output must consist of a single line containing two integers
W and L, where W is 1 or 2 and indicates the winner and L is the
maximum lead attained by the winner.
Example
Input:
5
140 82
89 134
90 110
112 106
88 90

Output:
1 58

The output code needs to read from and write to standard IO


[END PROBLEM]

INFO - [Task id] 996 [prompt] 
## Instructions

Reason through the problem and:
1. Restate the problem in plain English
2. Conceptualize a solution first in plain English
3. Write a pseudocode solution
4. Output the final Python 3 solution with your solution steps in comments.

Make sure to wrap your code in '```python' and '```' Markdown delimiters, 
and include exactly one block of code with the entire solution.

No outside libraries are allowed.
Builtins are allowed.

INFO - [Task id] 996 [prompt] 1. **Restate the problem in plain English:**

   We have a game of billiards with two players, and the game consists of several rounds. In each round, both players score some points. We need to determine the winner based on the maximum lead one player had over the other at the end of any round. The winner is the player who had the maximum lead, and we need to output the winner's number (1 or 2) and the maximum lead.

2. **Conceptualize a solution in plain English:**

   - Start by reading the number of rounds.
   - Initialize cumulative scores for both players to zero.
   - For each round, update the cumulative scores of both players.
   - Calculate the lead for the current round by finding the absolute difference between the two cumulative scores.
   - Track the maximum lead and the player who had this lead.
   - After processing all rounds, output the player with the maximum lead and the value of that lead.

3. **Pseudocode solution:**

   ```
   Read the number of rounds N
   Initialize cumulative_score_player1 and cumulative_score_player2 to 0
   Initialize max_lead to 0
   Initialize winner to 0

   For each round from 1 to N:
       Read scores Si and Ti for player 1 and player 2
       Update cumulative_score_player1 by adding Si
       Update cumulative_score_player2 by adding Ti
       Calculate current_lead as the absolute difference between cumulative_score_player1 and cumulative_score_player2
       Determine the current leader based on which cumulative score is higher
       If current_lead is greater than max_lead:
           Update max_lead to current_lead
           Update winner to the current leader

   Output winner and max_lead
   ```

4. **Output the final Python 3 solution with comments:**

```python
def find_winner_and_lead():
    import sys
    input = sys.stdin.read
    data = input().split()
    
    # Read the number of rounds
    N = int(data[0])
    
    # Initialize cumulative scores and tracking variables
    cumulative_score_player1 = 0
    cumulative_score_player2 = 0
    max_lead = 0
    winner = 0
    
    # Process each round
    index = 1
    for _ in range(N):
        # Read scores for player 1 and player 2
        Si = int(data[index])
        Ti = int(data[index + 1])
        index += 2
        
        # Update cumulative scores
        cumulative_score_player1 += Si
        cumulative_score_player2 += Ti
        
        # Calculate current lead and determine the leader
        if cumulative_score_player1 > cumulative_score_player2:
            current_lead = cumulative_score_player1 - cumulative_score_player2
            current_leader = 1
        else:
            current_lead = cumulative_score_player2 - cumulative_score_player1
            current_leader = 2
        
        # Update max lead and winner if current lead is greater
        if current_lead > max_lead:
            max_lead = current_lead
            winner = current_leader
    
    # Output the winner and the maximum lead
    print(winner, max_lead)

```
INFO - [Task id] 996 [prompt] 
[Environment Feedback]:
    Note: Inputs/outputs here are automatically extracted/truncated so formatting may be a bit off.
    Tests passed:

    None

    Tests failed:
     Input: ['5', '140 82', '89 134', '90 110', '112 106', '88 90'] Expected output: [{'58', '1'}] # Execution output: []
    No output detected. You might want to check the reading from / writing to standard IO.
    A common mistake is to put the IO inside a function, but the function is not called.

[/Environment Feedback]

INFO - [Task id] 996 [prompt] 
The code doesn't pass all the tests.

## Instructions
- First, think step-by-step about why your code is wrong.
- Then, think step-by-step about where you went wrong in your latest solution.

INFO - [Task id] 996 [prompt] Let's analyze the problem with the current solution:

1. **Function Call**: The function `find_winner_and_lead()` is defined but never called. This is a common issue when the function is defined but not executed, especially in environments where the function needs to be explicitly invoked.

2. **Input Handling**: The code uses `sys.stdin.read()` to read input, which is appropriate for competitive programming environments. However, if the function is not called, this input reading will not be executed.

3. **Output**: The function is designed to print the result, but since it's not called, no output is generated.

**Steps to fix the code:**

1. **Call the Function**: Ensure that the function `find_winner_and_lead()` is called so that the input is read and processed, and the output is generated.

2. **Verify Input/Output**: Ensure that the input is being read correctly and the output is being printed as expected.

Let's update the code to address these issues:

```python
def find_winner_and_lead():
    import sys
    input = sys.stdin.read
    data = input().split()
    
    # Read the number of rounds
    N = int(data[0])
    
    # Initialize cumulative scores and tracking variables
    cumulative_score_player1 = 0
    cumulative_score_player2 = 0
    max_lead = 0
    winner = 0
    
    # Process each round
    index = 1
    for _ in range(N):
        # Read scores for player 1 and player 2
        Si = int(data[index])
        Ti = int(data[index + 1])
        index += 2
        
        # Update cumulative scores
        cumulative_score_player1 += Si
        cumulative_score_player2 += Ti
        
        # Calculate current lead and determine the leader
        if cumulative_score_player1 > cumulative_score_player2:
            current_lead = cumulative_score_player1 - cumulative_score_player2
            current_leader = 1
        else:
            current_lead = cumulative_score_player2 - cumulative_score_player1
            current_leader = 2
        
        # Update max lead and winner if current lead is greater
        if current_lead > max_lead:
            max_lead = current_lead
            winner = current_leader
    
    # Output the winner and the maximum lead
    print(winner, max_lead)

# Call the function to execute the solution
find_winner_and_lead()
```

By calling the function at the end of the script, we ensure that the input is processed and the output is generated as expected. This should resolve the issue of no output being detected.
INFO - [Task id] 996 [prompt] 
## Instructions
Now, given your insights, try to fix the solution. 
Output a block of correct python3 code to be executed and evaluated again. 

Make sure to wrap your code in '```python' and '```' Markdown delimiters.

INFO - [Task id] 996 [prompt] 
Also, here are some of your memories.
Feel free to use the given information to aid your problem solving process if necessary.
Do not confuse the memories with the problem statement.

## Memories

[Summary]:
    In this problem, the task was to find a permutation of numbers from 1 to N such that the sum of the maximum of each pair of consecutive elements equals a given integer K. The core concept was understanding the function f(P) and the constraints on its possible values.

    ### Key Concepts:
    - **Function f(P):** This function calculates the sum of the maximum of each pair of consecutive elements in a permutation.
    - **Constraints:** The minimum value of f(P) is N-1, and the maximum is the sum of the largest N-1 numbers (from N to 2).

    ### Strategies:
    - **Initial Approach:** Start with the permutation in decreasing order to achieve the maximum f(P) and adjust it to reach the desired K.
    - **Adjustment Logic:** Swap elements to decrease f(P) until it matches K, ensuring the swaps are valid and maintain the permutation's integrity.

    ### Challenges and Fixes:
    - **Function Call:** Initially, the `main()` function was not called, leading to no output. Ensuring the function is called fixed this issue.
    - **Permutation Adjustment:** The logic needed careful handling to ensure the permutation was adjusted correctly without overshooting the desired K.

    ### Code Snippet:
    ```python
    def find_permutation(N, K):
        max_f = sum(range(2, N + 1))
        min_f = N - 1
        if K < min_f or K > max_f:
            return -1
        permutation = list(range(N, 0, -1))
        current_f = max_f
        for i in range(N - 1):
            if current_f == K:
                break
            decrease = permutation[i] - permutation[i + 1]
            if current_f - decrease >= K:
                current_f -= decrease
                permutation[i], permutation[i + 1] = permutation[i + 1], permutation[i]
        return permutation

    def main():
        import sys
        input = sys.stdin.read
        data = input().split()
        T = int(data[0])
        index = 1
        results = []
        for _ in range(T):
            N = int(data[index])
            K = int(data[index + 1])
            index += 2
            result = find_permutation(N, K)
            if result == -1:
                results.append("-1")
            else:
                results.append(" ".join(map(str, result)))
        sys.stdout.write("\n".join(results) + "\n")

    main()
    ```

    This experience reinforced the importance of understanding problem constraints and ensuring that all parts of the solution, including function calls and input/output handling, are correctly implemented.
[/Summary]


INFO - [Task id] 996 [generation text] Let's fix the solution by ensuring the function is called so that the input is processed and the output is generated correctly. Here's the corrected Python code:

```python
def find_winner_and_lead():
    import sys
    input = sys.stdin.read
    data = input().split()
    
    # Read the number of rounds
    N = int(data[0])
    
    # Initialize cumulative scores and tracking variables
    cumulative_score_player1 = 0
    cumulative_score_player2 = 0
    max_lead = 0
    winner = 0
    
    # Process each round
    index = 1
    for _ in range(N):
        # Read scores for player 1 and player 2
        Si = int(data[index])
        Ti = int(data[index + 1])
        index += 2
        
        # Update cumulative scores
        cumulative_score_player1 += Si
        cumulative_score_player2 += Ti
        
        # Calculate current lead and determine the leader
        if cumulative_score_player1 > cumulative_score_player2:
            current_lead = cumulative_score_player1 - cumulative_score_player2
            current_leader = 1
        else:
            current_lead = cumulative_score_player2 - cumulative_score_player1
            current_leader = 2
        
        # Update max lead and winner if current lead is greater
        if current_lead > max_lead:
            max_lead = current_lead
            winner = current_leader
    
    # Output the winner and the maximum lead
    print(winner, max_lead)

# Call the function to execute the solution
find_winner_and_lead()
```

This code will correctly read the input, process the scores for each round, and output the player with the maximum lead and the value of that lead. The function `find_winner_and_lead()` is now called at the end of the script, ensuring that the input is processed and the output is generated.
INFO - program_code:
 
def find_winner_and_lead():
    import sys
    input = sys.stdin.read
    data = input().split()
    
    # Read the number of rounds
    N = int(data[0])
    
    # Initialize cumulative scores and tracking variables
    cumulative_score_player1 = 0
    cumulative_score_player2 = 0
    max_lead = 0
    winner = 0
    
    # Process each round
    index = 1
    for _ in range(N):
        # Read scores for player 1 and player 2
        Si = int(data[index])
        Ti = int(data[index + 1])
        index += 2
        
        # Update cumulative scores
        cumulative_score_player1 += Si
        cumulative_score_player2 += Ti
        
        # Calculate current lead and determine the leader
        if cumulative_score_player1 > cumulative_score_player2:
            current_lead = cumulative_score_player1 - cumulative_score_player2
            current_leader = 1
        else:
            current_lead = cumulative_score_player2 - cumulative_score_player1
            current_leader = 2
        
        # Update max lead and winner if current lead is greater
        if current_lead > max_lead:
            max_lead = current_lead
            winner = current_leader
    
    # Output the winner and the maximum lead
    print(winner, max_lead)

# Call the function to execute the solution
find_winner_and_lead()


INFO - program_name:
 find_winner_and_lead

INFO - dependencies:
 []

INFO - raw_msg:
 Let's fix the solution by ensuring the function is called so that the input is processed and the output is generated correctly. Here's the corrected Python code:

```python
def find_winner_and_lead():
    import sys
    input = sys.stdin.read
    data = input().split()
    
    # Read the number of rounds
    N = int(data[0])
    
    # Initialize cumulative scores and tracking variables
    cumulative_score_player1 = 0
    cumulative_score_player2 = 0
    max_lead = 0
    winner = 0
    
    # Process each round
    index = 1
    for _ in range(N):
        # Read scores for player 1 and player 2
        Si = int(data[index])
        Ti = int(data[index + 1])
        index += 2
        
        # Update cumulative scores
        cumulative_score_player1 += Si
        cumulative_score_player2 += Ti
        
        # Calculate current lead and determine the leader
        if cumulative_score_player1 > cumulative_score_player2:
            current_lead = cumulative_score_player1 - cumulative_score_player2
            current_leader = 1
        else:
            current_lead = cumulative_score_player2 - cumulative_score_player1
            current_leader = 2
        
        # Update max lead and winner if current lead is greater
        if current_lead > max_lead:
            max_lead = current_lead
            winner = current_leader
    
    # Output the winner and the maximum lead
    print(winner, max_lead)

# Call the function to execute the solution
find_winner_and_lead()
```

This code will correctly read the input, process the scores for each round, and output the player with the maximum lead and the value of that lead. The function `find_winner_and_lead()` is now called at the end of the script, ensuring that the input is processed and the output is generated.

INFO - no_parent:
 False

INFO - full code to be executed: 
 
def find_winner_and_lead():
    import sys
    input = sys.stdin.read
    data = input().split()
    
    # Read the number of rounds
    N = int(data[0])
    
    # Initialize cumulative scores and tracking variables
    cumulative_score_player1 = 0
    cumulative_score_player2 = 0
    max_lead = 0
    winner = 0
    
    # Process each round
    index = 1
    for _ in range(N):
        # Read scores for player 1 and player 2
        Si = int(data[index])
        Ti = int(data[index + 1])
        index += 2
        
        # Update cumulative scores
        cumulative_score_player1 += Si
        cumulative_score_player2 += Ti
        
        # Calculate current lead and determine the leader
        if cumulative_score_player1 > cumulative_score_player2:
            current_lead = cumulative_score_player1 - cumulative_score_player2
            current_leader = 1
        else:
            current_lead = cumulative_score_player2 - cumulative_score_player1
            current_leader = 2
        
        # Update max lead and winner if current lead is greater
        if current_lead > max_lead:
            max_lead = current_lead
            winner = current_leader
    
    # Output the winner and the maximum lead
    print(winner, max_lead)

# Call the function to execute the solution
find_winner_and_lead()


INFO - obs: Note: Inputs/outputs here are automatically extracted/truncated so formatting may be a bit off.
Tests passed:

 Input: ['5', '140 82', '89 134', '90 110', '112 106', '88 90'] Output: 1 58

Tests failed:
None
reward: True
done: None
info: {'individual_results': [True]}
INFO - LM call n parse attempt 1 / 3

INFO - [Task id] 996 [prompt] 
You are an expert programmer tasked with solving the problem below.

Follow the user's instructions to solve the problem.
The user can ask for analysis, code, or both.

## Instructions
When asked to output code,
- Make sure to wrap your code in '```python' and '```' Markdown delimiters, 
- include exactly one block of code with the entire solution
- No outside libraries are allowed. 
- Builtins are allowed.
- If the task specifies a function name to be used, follow it strictly (be case sensitive!) and declare the that function last (helper functions are declared first).
- DO NOT write any assert statements / tests.

## Problem
[BEGIN PROBLEM]
The game of billiards involves two players knocking 3 balls around
on a green baize table. Well, there is more to it, but for our
purposes this is sufficient.
The game consists of several rounds and in each round both players
obtain a score, based on how well they played. Once all the rounds
have been played, the total score of each player is determined by
adding up the scores in all the rounds and the player with the higher
total score is declared the winner.
The Siruseri Sports Club organises an annual billiards game where
the top two players of Siruseri play against each other. The Manager
of Siruseri Sports Club decided to add his own twist to the game by
changing the rules for determining the winner. In his version, at the
end of each round, the cumulative score for each player is calculated, and the leader and her current lead are found. Once
all the rounds are over the player who had the maximum lead at the
end of any round in the game is declared the winner.

Consider the following score sheet for a game with 5 rounds:
RoundPlayer 1Player 2114082289134390110411210658890

The total scores of both players, the leader and the lead after
each round for this game is given below:RoundPlayer 1Player 2LeaderLead114082Player 1582229216Player 1133319326Player 274431432Player 215519522Player 23
Note that the above table contains the cumulative scores.
The winner of this game is Player 1 as he had the maximum lead (58
at the end of round 1) during the game.
Your task is to help the Manager find the winner and the winning
lead. You may assume that the scores will be such that there will
always be a single winner.  That is, there are no ties.
Input
The first line of the input will contain a single integer N (N
≤ 10000) indicating the number of rounds in the game.  Lines
2,3,...,N+1 describe the scores of the two players in the N rounds.
Line i+1 contains two integer Si and Ti, the scores of the Player 1
and 2 respectively, in round i.  You may assume that 1 ≤ Si ≤
1000 and 1 ≤ Ti ≤ 1000.  
Output
Your output must consist of a single line containing two integers
W and L, where W is 1 or 2 and indicates the winner and L is the
maximum lead attained by the winner.
Example
Input:
5
140 82
89 134
90 110
112 106
88 90

Output:
1 58

The output code needs to read from and write to standard IO


[END PROBLEM]

INFO - [Task id] 996 [prompt] 
## Instructions

Reason through the problem and:
1. Restate the problem in plain English
2. Conceptualize a solution first in plain English
3. Write a pseudocode solution
4. Output the final Python 3 solution with your solution steps in comments.

Make sure to wrap your code in '```python' and '```' Markdown delimiters, 
and include exactly one block of code with the entire solution.

No outside libraries are allowed.
Builtins are allowed.

INFO - [Task id] 996 [prompt] 1. **Restate the problem in plain English:**

   We have a game of billiards with two players, and the game consists of several rounds. In each round, both players score some points. We need to determine the winner based on the maximum lead one player had over the other at the end of any round. The winner is the player who had the maximum lead, and we need to output the winner's number (1 or 2) and the maximum lead.

2. **Conceptualize a solution in plain English:**

   - Start by reading the number of rounds.
   - Initialize cumulative scores for both players to zero.
   - For each round, update the cumulative scores of both players.
   - Calculate the lead for the current round by finding the absolute difference between the two cumulative scores.
   - Track the maximum lead and the player who had this lead.
   - After processing all rounds, output the player with the maximum lead and the value of that lead.

3. **Pseudocode solution:**

   ```
   Read the number of rounds N
   Initialize cumulative_score_player1 and cumulative_score_player2 to 0
   Initialize max_lead to 0
   Initialize winner to 0

   For each round from 1 to N:
       Read scores Si and Ti for player 1 and player 2
       Update cumulative_score_player1 by adding Si
       Update cumulative_score_player2 by adding Ti
       Calculate current_lead as the absolute difference between cumulative_score_player1 and cumulative_score_player2
       Determine the current leader based on which cumulative score is higher
       If current_lead is greater than max_lead:
           Update max_lead to current_lead
           Update winner to the current leader

   Output winner and max_lead
   ```

4. **Output the final Python 3 solution with comments:**

```python
def find_winner_and_lead():
    import sys
    input = sys.stdin.read
    data = input().split()
    
    # Read the number of rounds
    N = int(data[0])
    
    # Initialize cumulative scores and tracking variables
    cumulative_score_player1 = 0
    cumulative_score_player2 = 0
    max_lead = 0
    winner = 0
    
    # Process each round
    index = 1
    for _ in range(N):
        # Read scores for player 1 and player 2
        Si = int(data[index])
        Ti = int(data[index + 1])
        index += 2
        
        # Update cumulative scores
        cumulative_score_player1 += Si
        cumulative_score_player2 += Ti
        
        # Calculate current lead and determine the leader
        if cumulative_score_player1 > cumulative_score_player2:
            current_lead = cumulative_score_player1 - cumulative_score_player2
            current_leader = 1
        else:
            current_lead = cumulative_score_player2 - cumulative_score_player1
            current_leader = 2
        
        # Update max lead and winner if current lead is greater
        if current_lead > max_lead:
            max_lead = current_lead
            winner = current_leader
    
    # Output the winner and the maximum lead
    print(winner, max_lead)

```
INFO - [Task id] 996 [prompt] 
[Environment Feedback]:
    Note: Inputs/outputs here are automatically extracted/truncated so formatting may be a bit off.
    Tests passed:

    None

    Tests failed:
     Input: ['5', '140 82', '89 134', '90 110', '112 106', '88 90'] Expected output: [{'58', '1'}] # Execution output: []
    No output detected. You might want to check the reading from / writing to standard IO.
    A common mistake is to put the IO inside a function, but the function is not called.

[/Environment Feedback]

INFO - [Task id] 996 [prompt] 
The code doesn't pass all the tests.

## Instructions
- First, think step-by-step about why your code is wrong.
- Then, think step-by-step about where you went wrong in your latest solution.

INFO - [Task id] 996 [prompt] Let's analyze the problem with the current solution:

1. **Function Call**: The function `find_winner_and_lead()` is defined but never called. This is a common issue when the function is defined but not executed, especially in environments where the function needs to be explicitly invoked.

2. **Input Handling**: The code uses `sys.stdin.read()` to read input, which is appropriate for competitive programming environments. However, if the function is not called, this input reading will not be executed.

3. **Output**: The function is designed to print the result, but since it's not called, no output is generated.

**Steps to fix the code:**

1. **Call the Function**: Ensure that the function `find_winner_and_lead()` is called so that the input is read and processed, and the output is generated.

2. **Verify Input/Output**: Ensure that the input is being read correctly and the output is being printed as expected.

Let's update the code to address these issues:

```python
def find_winner_and_lead():
    import sys
    input = sys.stdin.read
    data = input().split()
    
    # Read the number of rounds
    N = int(data[0])
    
    # Initialize cumulative scores and tracking variables
    cumulative_score_player1 = 0
    cumulative_score_player2 = 0
    max_lead = 0
    winner = 0
    
    # Process each round
    index = 1
    for _ in range(N):
        # Read scores for player 1 and player 2
        Si = int(data[index])
        Ti = int(data[index + 1])
        index += 2
        
        # Update cumulative scores
        cumulative_score_player1 += Si
        cumulative_score_player2 += Ti
        
        # Calculate current lead and determine the leader
        if cumulative_score_player1 > cumulative_score_player2:
            current_lead = cumulative_score_player1 - cumulative_score_player2
            current_leader = 1
        else:
            current_lead = cumulative_score_player2 - cumulative_score_player1
            current_leader = 2
        
        # Update max lead and winner if current lead is greater
        if current_lead > max_lead:
            max_lead = current_lead
            winner = current_leader
    
    # Output the winner and the maximum lead
    print(winner, max_lead)

# Call the function to execute the solution
find_winner_and_lead()
```

By calling the function at the end of the script, we ensure that the input is processed and the output is generated as expected. This should resolve the issue of no output being detected.
INFO - [Task id] 996 [prompt] 
## Instructions
Now, given your insights, try to fix the solution. 
Output a block of correct python3 code to be executed and evaluated again. 

Make sure to wrap your code in '```python' and '```' Markdown delimiters.

INFO - [Task id] 996 [prompt] Let's fix the solution by ensuring the function is called so that the input is processed and the output is generated correctly. Here's the corrected Python code:

```python
def find_winner_and_lead():
    import sys
    input = sys.stdin.read
    data = input().split()
    
    # Read the number of rounds
    N = int(data[0])
    
    # Initialize cumulative scores and tracking variables
    cumulative_score_player1 = 0
    cumulative_score_player2 = 0
    max_lead = 0
    winner = 0
    
    # Process each round
    index = 1
    for _ in range(N):
        # Read scores for player 1 and player 2
        Si = int(data[index])
        Ti = int(data[index + 1])
        index += 2
        
        # Update cumulative scores
        cumulative_score_player1 += Si
        cumulative_score_player2 += Ti
        
        # Calculate current lead and determine the leader
        if cumulative_score_player1 > cumulative_score_player2:
            current_lead = cumulative_score_player1 - cumulative_score_player2
            current_leader = 1
        else:
            current_lead = cumulative_score_player2 - cumulative_score_player1
            current_leader = 2
        
        # Update max lead and winner if current lead is greater
        if current_lead > max_lead:
            max_lead = current_lead
            winner = current_leader
    
    # Output the winner and the maximum lead
    print(winner, max_lead)

# Call the function to execute the solution
find_winner_and_lead()
```

This code will correctly read the input, process the scores for each round, and output the player with the maximum lead and the value of that lead. The function `find_winner_and_lead()` is now called at the end of the script, ensuring that the input is processed and the output is generated.
INFO - [Task id] 996 [prompt] 
[Environment Feedback]:
    Note: Inputs/outputs here are automatically extracted/truncated so formatting may be a bit off.
    Tests passed:

     Input: ['5', '140 82', '89 134', '90 110', '112 106', '88 90'] Output: 1 58

    Tests failed:
    None
[/Environment Feedback]

INFO - [Task id] 996 [prompt] 
## Instructions
Now, summarize your attempts as a **standalone** document for your own future reference. (can skip formalities, be concise)

- Only include the most relevant information and code snippets that could be useful in the future.
- If you did not learn much from the current experience (e.g. the problem was too easy), feel free to write less or nothing at all.
- Here are some ideas if the experience was useful:
    - Identifying the core concepts and patterns that problem appears to test for
    - Describing the strategies that seemed to work but did not, and vice versa
    - Describing unexpected errors and how they were fixed

Your summary should be at most a few paragraphs.

INFO - [Task id] 996 [generation text] In this problem, the task was to determine the winner of a billiards game based on the maximum lead one player had over the other at the end of any round. The solution involved calculating cumulative scores for each player after each round and tracking the maximum lead and the player who achieved it.

**Core Concepts:**
- Cumulative scoring: Continuously updating scores for each player as the rounds progress.
- Lead calculation: Determining the difference between the two players' scores to find the lead.
- Maximum tracking: Keeping track of the maximum lead encountered and the player associated with it.

**Strategies and Fixes:**
- Initially, the function was defined but not called, which led to no output being generated. This was a key oversight that was corrected by explicitly calling the function at the end of the script.
- The input was read using `sys.stdin.read()`, which is suitable for competitive programming environments where input is provided in bulk. This approach worked well once the function was properly invoked.

**Code Snippet:**
```python
def find_winner_and_lead():
    import sys
    input = sys.stdin.read
    data = input().split()
    
    N = int(data[0])
    cumulative_score_player1 = 0
    cumulative_score_player2 = 0
    max_lead = 0
    winner = 0
    
    index = 1
    for _ in range(N):
        Si = int(data[index])
        Ti = int(data[index + 1])
        index += 2
        
        cumulative_score_player1 += Si
        cumulative_score_player2 += Ti
        
        if cumulative_score_player1 > cumulative_score_player2:
            current_lead = cumulative_score_player1 - cumulative_score_player2
            current_leader = 1
        else:
            current_lead = cumulative_score_player2 - cumulative_score_player1
            current_leader = 2
        
        if current_lead > max_lead:
            max_lead = current_lead
            winner = current_leader
    
    print(winner, max_lead)

find_winner_and_lead()
```

This experience reinforced the importance of ensuring that functions are called in scripts and highlighted the utility of cumulative calculations and lead tracking in competitive programming problems.
INFO - LM call n parse attempt 1 / 3

INFO - [Task id] 996 [prompt] 
You are an expert programmer tasked with solving the problem below.

Follow the user's instructions to solve the problem.
The user can ask for analysis, code, or both.

## Instructions
When asked to output code,
- Make sure to wrap your code in '```python' and '```' Markdown delimiters, 
- include exactly one block of code with the entire solution
- No outside libraries are allowed. 
- Builtins are allowed.
- If the task specifies a function name to be used, follow it strictly (be case sensitive!) and declare the that function last (helper functions are declared first).
- DO NOT write any assert statements / tests.

## Problem
[BEGIN PROBLEM]
The game of billiards involves two players knocking 3 balls around
on a green baize table. Well, there is more to it, but for our
purposes this is sufficient.
The game consists of several rounds and in each round both players
obtain a score, based on how well they played. Once all the rounds
have been played, the total score of each player is determined by
adding up the scores in all the rounds and the player with the higher
total score is declared the winner.
The Siruseri Sports Club organises an annual billiards game where
the top two players of Siruseri play against each other. The Manager
of Siruseri Sports Club decided to add his own twist to the game by
changing the rules for determining the winner. In his version, at the
end of each round, the cumulative score for each player is calculated, and the leader and her current lead are found. Once
all the rounds are over the player who had the maximum lead at the
end of any round in the game is declared the winner.

Consider the following score sheet for a game with 5 rounds:
RoundPlayer 1Player 2114082289134390110411210658890

The total scores of both players, the leader and the lead after
each round for this game is given below:RoundPlayer 1Player 2LeaderLead114082Player 1582229216Player 1133319326Player 274431432Player 215519522Player 23
Note that the above table contains the cumulative scores.
The winner of this game is Player 1 as he had the maximum lead (58
at the end of round 1) during the game.
Your task is to help the Manager find the winner and the winning
lead. You may assume that the scores will be such that there will
always be a single winner.  That is, there are no ties.
Input
The first line of the input will contain a single integer N (N
≤ 10000) indicating the number of rounds in the game.  Lines
2,3,...,N+1 describe the scores of the two players in the N rounds.
Line i+1 contains two integer Si and Ti, the scores of the Player 1
and 2 respectively, in round i.  You may assume that 1 ≤ Si ≤
1000 and 1 ≤ Ti ≤ 1000.  
Output
Your output must consist of a single line containing two integers
W and L, where W is 1 or 2 and indicates the winner and L is the
maximum lead attained by the winner.
Example
Input:
5
140 82
89 134
90 110
112 106
88 90

Output:
1 58

The output code needs to read from and write to standard IO


[END PROBLEM]

INFO - [Task id] 996 [prompt] 
## Instructions

Reason through the problem and:
1. Restate the problem in plain English
2. Conceptualize a solution first in plain English
3. Write a pseudocode solution
4. Output the final Python 3 solution with your solution steps in comments.

Make sure to wrap your code in '```python' and '```' Markdown delimiters, 
and include exactly one block of code with the entire solution.

No outside libraries are allowed.
Builtins are allowed.

INFO - [Task id] 996 [prompt] 1. **Restate the problem in plain English:**

   We have a game of billiards with two players, and the game consists of several rounds. In each round, both players score some points. We need to determine the winner based on the maximum lead one player had over the other at the end of any round. The winner is the player who had the maximum lead, and we need to output the winner's number (1 or 2) and the maximum lead.

2. **Conceptualize a solution in plain English:**

   - Start by reading the number of rounds.
   - Initialize cumulative scores for both players to zero.
   - For each round, update the cumulative scores of both players.
   - Calculate the lead for the current round by finding the absolute difference between the two cumulative scores.
   - Track the maximum lead and the player who had this lead.
   - After processing all rounds, output the player with the maximum lead and the value of that lead.

3. **Pseudocode solution:**

   ```
   Read the number of rounds N
   Initialize cumulative_score_player1 and cumulative_score_player2 to 0
   Initialize max_lead to 0
   Initialize winner to 0

   For each round from 1 to N:
       Read scores Si and Ti for player 1 and player 2
       Update cumulative_score_player1 by adding Si
       Update cumulative_score_player2 by adding Ti
       Calculate current_lead as the absolute difference between cumulative_score_player1 and cumulative_score_player2
       Determine the current leader based on which cumulative score is higher
       If current_lead is greater than max_lead:
           Update max_lead to current_lead
           Update winner to the current leader

   Output winner and max_lead
   ```

4. **Output the final Python 3 solution with comments:**

```python
def find_winner_and_lead():
    import sys
    input = sys.stdin.read
    data = input().split()
    
    # Read the number of rounds
    N = int(data[0])
    
    # Initialize cumulative scores and tracking variables
    cumulative_score_player1 = 0
    cumulative_score_player2 = 0
    max_lead = 0
    winner = 0
    
    # Process each round
    index = 1
    for _ in range(N):
        # Read scores for player 1 and player 2
        Si = int(data[index])
        Ti = int(data[index + 1])
        index += 2
        
        # Update cumulative scores
        cumulative_score_player1 += Si
        cumulative_score_player2 += Ti
        
        # Calculate current lead and determine the leader
        if cumulative_score_player1 > cumulative_score_player2:
            current_lead = cumulative_score_player1 - cumulative_score_player2
            current_leader = 1
        else:
            current_lead = cumulative_score_player2 - cumulative_score_player1
            current_leader = 2
        
        # Update max lead and winner if current lead is greater
        if current_lead > max_lead:
            max_lead = current_lead
            winner = current_leader
    
    # Output the winner and the maximum lead
    print(winner, max_lead)

```
INFO - [Task id] 996 [prompt] 
[Environment Feedback]:
    Note: Inputs/outputs here are automatically extracted/truncated so formatting may be a bit off.
    Tests passed:

    None

    Tests failed:
     Input: ['5', '140 82', '89 134', '90 110', '112 106', '88 90'] Expected output: [{'58', '1'}] # Execution output: []
    No output detected. You might want to check the reading from / writing to standard IO.
    A common mistake is to put the IO inside a function, but the function is not called.

[/Environment Feedback]

INFO - [Task id] 996 [prompt] 
The code doesn't pass all the tests.

## Instructions
- First, think step-by-step about why your code is wrong.
- Then, think step-by-step about where you went wrong in your latest solution.

INFO - [Task id] 996 [prompt] Let's analyze the problem with the current solution:

1. **Function Call**: The function `find_winner_and_lead()` is defined but never called. This is a common issue when the function is defined but not executed, especially in environments where the function needs to be explicitly invoked.

2. **Input Handling**: The code uses `sys.stdin.read()` to read input, which is appropriate for competitive programming environments. However, if the function is not called, this input reading will not be executed.

3. **Output**: The function is designed to print the result, but since it's not called, no output is generated.

**Steps to fix the code:**

1. **Call the Function**: Ensure that the function `find_winner_and_lead()` is called so that the input is read and processed, and the output is generated.

2. **Verify Input/Output**: Ensure that the input is being read correctly and the output is being printed as expected.

Let's update the code to address these issues:

```python
def find_winner_and_lead():
    import sys
    input = sys.stdin.read
    data = input().split()
    
    # Read the number of rounds
    N = int(data[0])
    
    # Initialize cumulative scores and tracking variables
    cumulative_score_player1 = 0
    cumulative_score_player2 = 0
    max_lead = 0
    winner = 0
    
    # Process each round
    index = 1
    for _ in range(N):
        # Read scores for player 1 and player 2
        Si = int(data[index])
        Ti = int(data[index + 1])
        index += 2
        
        # Update cumulative scores
        cumulative_score_player1 += Si
        cumulative_score_player2 += Ti
        
        # Calculate current lead and determine the leader
        if cumulative_score_player1 > cumulative_score_player2:
            current_lead = cumulative_score_player1 - cumulative_score_player2
            current_leader = 1
        else:
            current_lead = cumulative_score_player2 - cumulative_score_player1
            current_leader = 2
        
        # Update max lead and winner if current lead is greater
        if current_lead > max_lead:
            max_lead = current_lead
            winner = current_leader
    
    # Output the winner and the maximum lead
    print(winner, max_lead)

# Call the function to execute the solution
find_winner_and_lead()
```

By calling the function at the end of the script, we ensure that the input is processed and the output is generated as expected. This should resolve the issue of no output being detected.
INFO - [Task id] 996 [prompt] 
## Instructions
Now, given your insights, try to fix the solution. 
Output a block of correct python3 code to be executed and evaluated again. 

Make sure to wrap your code in '```python' and '```' Markdown delimiters.

INFO - [Task id] 996 [prompt] Let's fix the solution by ensuring the function is called so that the input is processed and the output is generated correctly. Here's the corrected Python code:

```python
def find_winner_and_lead():
    import sys
    input = sys.stdin.read
    data = input().split()
    
    # Read the number of rounds
    N = int(data[0])
    
    # Initialize cumulative scores and tracking variables
    cumulative_score_player1 = 0
    cumulative_score_player2 = 0
    max_lead = 0
    winner = 0
    
    # Process each round
    index = 1
    for _ in range(N):
        # Read scores for player 1 and player 2
        Si = int(data[index])
        Ti = int(data[index + 1])
        index += 2
        
        # Update cumulative scores
        cumulative_score_player1 += Si
        cumulative_score_player2 += Ti
        
        # Calculate current lead and determine the leader
        if cumulative_score_player1 > cumulative_score_player2:
            current_lead = cumulative_score_player1 - cumulative_score_player2
            current_leader = 1
        else:
            current_lead = cumulative_score_player2 - cumulative_score_player1
            current_leader = 2
        
        # Update max lead and winner if current lead is greater
        if current_lead > max_lead:
            max_lead = current_lead
            winner = current_leader
    
    # Output the winner and the maximum lead
    print(winner, max_lead)

# Call the function to execute the solution
find_winner_and_lead()
```

This code will correctly read the input, process the scores for each round, and output the player with the maximum lead and the value of that lead. The function `find_winner_and_lead()` is now called at the end of the script, ensuring that the input is processed and the output is generated.
INFO - [Task id] 996 [prompt] 
[Environment Feedback]:
    Note: Inputs/outputs here are automatically extracted/truncated so formatting may be a bit off.
    Tests passed:

     Input: ['5', '140 82', '89 134', '90 110', '112 106', '88 90'] Output: 1 58

    Tests failed:
    None
[/Environment Feedback]

INFO - [Task id] 996 [prompt] 
Below is the official solution (do exercise discretion as official solutions can also have mistakes).

You will be reflecting on your attempts to solve the problem.
This will be a **standalone** document for your own future reference. (can skip formalities, be concise)

## Instructions
- Only include the most relevant insights and code snippets that could be useful in the future.
- If you did not learn much from the current experience (e.g. the problem was too easy / official solution was obvious), feel free to write less or nothing at all.
- Here are some ideas if the experience was useful:
    - If the official solution is insightful (e.g. better than yours in time and space complexity or more effective in breaking down the problem statement), distil the key approach of the official solution, step by step.
    - If your approach failed the test cases, reason why the official solution works but yours does not

Your reflection should be at most a few paragraphs.

## Official solution
s1=s2=lead=0
mlead1=mlead2=0
for _ in range(int(input())):
    x, y= list(map(int, input().split()))
    s1, s2= s1+x, s2+y
    if(s1>s2):
        lead=(s1-s2)
        mlead1= max(mlead1, lead)
    else:
        lead=(s2-s1)
        mlead2= max(mlead2, lead)
if(mlead1<(mlead2)):
    print('2', mlead2)
else:
    print('1', mlead1)



INFO - [Task id] 996 [generation text] Reflecting on the problem-solving process and comparing it with the official solution, here are some key insights:

1. **Function Call**: One of the initial issues in my solution was not calling the function, which led to no output being generated. This highlights the importance of ensuring that functions are executed, especially in environments where input and output are handled through standard I/O.

2. **Input Handling**: Both my solution and the official solution effectively handle input using standard input reading methods. The official solution uses a loop directly with `input()`, which is straightforward and works well for competitive programming.

3. **Cumulative Score Calculation**: Both solutions maintain cumulative scores for each player and calculate the lead after each round. This is a crucial step in determining the winner based on the maximum lead.

4. **Tracking Maximum Lead**: The official solution uses two separate variables (`mlead1` and `mlead2`) to track the maximum lead for each player, which simplifies the final decision on who the winner is. This approach is slightly different from my single `max_lead` and `winner` tracking, but both achieve the same result.

5. **Efficiency and Simplicity**: The official solution is concise and efficient, using a single loop to process input, update scores, and determine the maximum lead. This simplicity is beneficial in competitive programming for reducing potential errors and improving readability.

Overall, the experience reinforced the importance of ensuring function execution and provided a slightly different perspective on tracking maximum leads, which can be useful in similar problems in the future.
INFO - Updated entry: In this problem, the task was to determine the winner of a billiards game based on the maximum lead one player had over the other at the end of any round. The solution involved calculating cumulative scores for each player after each round and tracking the maximum lead and the player who achieved...,

INFO - Metadata: {
    "task_id": 996
}

INFO - Updated entry: Reflecting on the problem-solving process and comparing it with the official solution, here are some key insights:

1. **Function Call**: One of the initial issues in my solution was not calling the function, which led to no output being generated. This highlights the importance of ensuring that ...,

INFO - Metadata: {
    "task_id": 996
}

INFO - LM call n parse attempt 1 / 3

INFO - [Task id] 996 [prompt] 
You are a helpful assistant that writes a description of the given function written in the Python programming language.

1) Do not mention the function name.
2) Do not mention anything about helper functions.
3) There might be some helper functions before the main function, but you only need to describe the main function.
4) Try to summarize the function in no more than 6 sentences.
5) Your response should be a single line of text.

INFO - [Task id] 996 [prompt] 
def find_winner_and_lead():
    import sys
    input = sys.stdin.read
    data = input().split()
    
    # Read the number of rounds
    N = int(data[0])
    
    # Initialize cumulative scores and tracking variables
    cumulative_score_player1 = 0
    cumulative_score_player2 = 0
    max_lead = 0
    winner = 0
    
    # Process each round
    index = 1
    for _ in range(N):
        # Read scores for player 1 and player 2
        Si = int(data[index])
        Ti = int(data[index + 1])
        index += 2
        
        # Update cumulative scores
        cumulative_score_player1 += Si
        cumulative_score_player2 += Ti
        
        # Calculate current lead and determine the leader
        if cumulative_score_player1 > cumulative_score_player2:
            current_lead = cumulative_score_player1 - cumulative_score_player2
            current_leader = 1
        else:
            current_lead = cumulative_score_player2 - cumulative_score_player1
            current_leader = 2
        
        # Update max lead and winner if current lead is greater
        if current_lead > max_lead:
            max_lead = current_lead
            winner = current_leader
    
    # Output the winner and the maximum lead
    print(winner, max_lead)

# Call the function to execute the solution
find_winner_and_lead()


The main function is `find_winner_and_lead`.
INFO - [Task id] 996 [generation text] The function reads input data to determine the number of rounds in a game and the scores of two players for each round. It calculates the cumulative scores for both players and determines the current leader and lead after each round. It keeps track of the maximum lead observed and the player who had that lead. After processing all rounds, it outputs the player with the maximum lead and the value of that lead.
INFO - LM call n parse attempt 1 / 3

INFO - [Task id] 996 [prompt] 
You are a helpful assistant that extracts important information from problems and solutions to aid in searchability and education.

## Instructions
- Read through the problem and solution carefully.
- Reason out, step by step, in what scenarios this knowledge would be useful.
- Focus on general patterns and situations to help connect this knowledge to new situations.
- Then, include a list of keywords that are useful for searching this problem/solution pair.

## Response format
Respond in JSON, and follow the keys and expected format of the values strictly.

The output should be formatted as a JSON instance that conforms to the JSON schema below.

As an example, for the schema {"properties": {"foo": {"title": "Foo", "description": "a list of strings", "type": "array", "items": {"type": "string"}}}, "required": ["foo"]}
the object {"foo": ["bar", "baz"]} is a well-formatted instance of the schema. The object {"properties": {"foo": ["bar", "baz"]}} is not well-formatted.

Here is the output schema:
```
{"properties": {"scenarios": {"description": "In what scenarios will this knowledge be useful? Answer in a paragraph.", "title": "Scenarios", "type": "string"}, "keywords": {"description": "List of keywords that are useful for searching this problem/solution pair", "items": {"type": "string"}, "title": "Keywords", "type": "array"}}, "required": ["scenarios", "keywords"]}
```

INFO - [Task id] 996 [prompt] 
[Problem]
    The game of billiards involves two players knocking 3 balls around
    on a green baize table. Well, there is more to it, but for our
    purposes this is sufficient.
    The game consists of several rounds and in each round both players
    obtain a score, based on how well they played. Once all the rounds
    have been played, the total score of each player is determined by
    adding up the scores in all the rounds and the player with the higher
    total score is declared the winner.
    The Siruseri Sports Club organises an annual billiards game where
    the top two players of Siruseri play against each other. The Manager
    of Siruseri Sports Club decided to add his own twist to the game by
    changing the rules for determining the winner. In his version, at the
    end of each round, the cumulative score for each player is calculated, and the leader and her current lead are found. Once
    all the rounds are over the player who had the maximum lead at the
    end of any round in the game is declared the winner.

    Consider the following score sheet for a game with 5 rounds:
    RoundPlayer 1Player 2114082289134390110411210658890

    The total scores of both players, the leader and the lead after
    each round for this game is given below:RoundPlayer 1Player 2LeaderLead114082Player 1582229216Player 1133319326Player 274431432Player 215519522Player 23
    Note that the above table contains the cumulative scores.
    The winner of this game is Player 1 as he had the maximum lead (58
    at the end of round 1) during the game.
    Your task is to help the Manager find the winner and the winning
    lead. You may assume that the scores will be such that there will
    always be a single winner.  That is, there are no ties.
    Input
    The first line of the input will contain a single integer N (N
    ≤ 10000) indicating the number of rounds in the game.  Lines
    2,3,...,N+1 describe the scores of the two players in the N rounds.
    Line i+1 contains two integer Si and Ti, the scores of the Player 1
    and 2 respectively, in round i.  You may assume that 1 ≤ Si ≤
    1000 and 1 ≤ Ti ≤ 1000.  
    Output
    Your output must consist of a single line containing two integers
    W and L, where W is 1 or 2 and indicates the winner and L is the
    maximum lead attained by the winner.
    Example
    Input:
    5
    140 82
    89 134
    90 110
    112 106
    88 90

    Output:
    1 58
[/Problem]

[Solution]

    def find_winner_and_lead():
        import sys
        input = sys.stdin.read
        data = input().split()
    
        # Read the number of rounds
        N = int(data[0])
    
        # Initialize cumulative scores and tracking variables
        cumulative_score_player1 = 0
        cumulative_score_player2 = 0
        max_lead = 0
        winner = 0
    
        # Process each round
        index = 1
        for _ in range(N):
            # Read scores for player 1 and player 2
            Si = int(data[index])
            Ti = int(data[index + 1])
            index += 2
        
            # Update cumulative scores
            cumulative_score_player1 += Si
            cumulative_score_player2 += Ti
        
            # Calculate current lead and determine the leader
            if cumulative_score_player1 > cumulative_score_player2:
                current_lead = cumulative_score_player1 - cumulative_score_player2
                current_leader = 1
            else:
                current_lead = cumulative_score_player2 - cumulative_score_player1
                current_leader = 2
        
            # Update max lead and winner if current lead is greater
            if current_lead > max_lead:
                max_lead = current_lead
                winner = current_leader
    
        # Output the winner and the maximum lead
        print(winner, max_lead)

    # Call the function to execute the solution
    find_winner_and_lead()

[/Solution]

INFO - [Task id] 996 [generation text] 
INFO - {
    "scenarios": "This knowledge is useful in scenarios where you need to determine a winner based on cumulative performance over multiple rounds, rather than just the final score. This is applicable in sports tournaments, competitive games, or any situation where the lead at any point in time is more significant than the final outcome. It can also be applied in business or project management contexts where interim performance metrics are crucial for decision-making. Understanding how to track cumulative scores and determine the maximum lead can help in designing systems that require real-time leaderboards or performance tracking.",
    "keywords": [
        "billiards",
        "cumulative score",
        "maximum lead",
        "winner determination",
        "sports competition",
        "round-based scoring",
        "game theory",
        "algorithm",
        "lead tracking"
    ]
}
INFO - {
    "scenarios": "This knowledge is useful in scenarios where you need to determine a winner based on cumulative performance over multiple rounds, rather than just the final score. This is applicable in sports tournaments, competitive games, or any situation where the lead at any point in time is more significant than the final outcome. It can also be applied in business or project management contexts where interim performance metrics are crucial for decision-making. Understanding how to track cumulative scores and determine the maximum lead can help in designing systems that require real-time leaderboards or performance tracking.",
    "keywords": [
        "billiards",
        "cumulative score",
        "maximum lead",
        "winner determination",
        "sports competition",
        "round-based scoring",
        "game theory",
        "algorithm",
        "lead tracking"
    ]
}
INFO - Updated entry: 
[description for function: find_winner_and_lead]
The function reads input data to determine the number of rounds in a game and the scores of two players for each round. It calculates the cumulative scores for both players and determines the current leader and lead after each round. It keeps trac...,

INFO - Metadata: {
    "task": 996,
    "code": "\ndef find_winner_and_lead():\n    import sys\n    input = sys.stdin.read\n    data = input().split()\n    \n    # Read the number of rounds\n    N = int(data[0])\n    \n    # Initialize cumulative scores and tracking variables\n    cumulative_score_player1 = 0\n  ...

