INFO - DB skill doc count: 0

INFO - DB non_func doc count: 12

INFO - DB semantic doc count: 429

INFO - DB summaries doc count: 14

INFO - DB reflections doc count: 14

INFO - DB episodic doc count: 24

INFO - [train iter]: 14/100 

INFO - The task prompt is The Chef has prepared the appetizers in the shapes of letters to spell a special message for the guests. There are n appetizers numbered from 0 to n-1 such that if the appetizers are arrayed in this order, they will display the message. The Chef plans to display them in this order on a table that...

INFO - Attempting task_id 626
INFO - LM call n parse attempt 1 / 3

INFO - [Task id] 626 [prompt] 
You are an expert programmer tasked with solving the problem below.

Follow the user's instructions to solve the problem.
The user can ask for analysis, code, or both.

## Instructions
When asked to output code,
- Make sure to wrap your code in '```python' and '```' Markdown delimiters, 
- include exactly one block of code with the entire solution
- No outside libraries are allowed. 
- Builtins are allowed.
- If the task specifies a function name to be used, follow it strictly (be case sensitive!) and declare the that function last (helper functions are declared first).
- DO NOT write any assert statements / tests.

## Problem
[BEGIN PROBLEM]
The Chef has prepared the appetizers in the shapes of letters to spell a special message for the guests. There are n appetizers numbered from 0 to n-1 such that if the appetizers are arrayed in this order, they will display the message. The Chef plans to display them in this order on a table that can be viewed by all guests as they enter. The appetizers will only be served once all guests are seated.

The appetizers are not necessarily finished in the same order as they are numbered. So, when an appetizer is finished the Chef will write the number on a piece of paper and place it beside the appetizer on a counter between the kitchen and the restaurant. A server will retrieve this appetizer and place it in the proper location according to the number written beside it.

The Chef has a penchant for binary numbers. The number of appetizers created is a power of 2, say n = 2k. Furthermore, he has written the number of the appetizer in binary with exactly k bits. That is, binary numbers with fewer than k bits are padded on the left with zeros so they are written with exactly k bits.

Unfortunately, this has unforseen complications. A binary number still "looks" binary when it is written upside down. For example, the binary number "0101" looks like "1010" when read upside down and the binary number "110" looks like "011" (the Chef uses simple vertical lines to denote a 1 bit). The Chef didn't realize that the servers would read the numbers upside down so he doesn't rotate the paper when he places it on the counter. Thus, when the server picks up an appetizer they place it the location indexed by the binary number when it is read upside down.

You are given the message the chef intended to display and you are to display the message that will be displayed after the servers move all appetizers to their locations based on the binary numbers they read.

-----Input-----

The first line consists of a single integer T ≤ 25 indicating the number of test cases to follow. Each test case consists of a single line beginning with an integer 1 ≤ k ≤ 16 followed by a string of precisely 2k characters. The integer and the string are separated by a single space. The string has no spaces and is composed only of lower case letters from `a` to `z`.


-----Output-----

For each test case you are to output the scrambled message on a single line.


-----Example-----
Input:
2
2 chef
4 enjoyourapplepie

Output:
cehf
eayejpuinpopolre

The output code needs to read from and write to standard IO


[END PROBLEM]

INFO - [Task id] 626 [prompt] 
## Instructions

Reason through the problem and:
1. Restate the problem in plain English
2. Conceptualize a solution first in plain English
3. Write a pseudocode solution
4. Output the final Python 3 solution with your solution steps in comments.

Make sure to wrap your code in '```python' and '```' Markdown delimiters, 
and include exactly one block of code with the entire solution.

No outside libraries are allowed.
Builtins are allowed.

INFO - [Task id] 626 [generation text] ## Problem Restatement

1. **Restate the problem in plain English:**

   We have a series of test cases. Each test case provides a number `k` and a string of length `2^k`. The string represents a message that the chef intended to display using appetizers. Each appetizer is labeled with a binary number of `k` bits. However, the servers mistakenly read these binary numbers upside down. We need to determine the message that will actually be displayed when the servers place the appetizers according to the upside-down binary numbers.

2. **Conceptualize a solution first in plain English:**

   - For each test case, we need to:
     - Read the integer `k` and the string.
     - For each index from `0` to `2^k - 1`, convert the index to a binary string of length `k`.
     - Reverse the binary string to simulate reading it upside down.
     - Convert the reversed binary string back to an integer to get the new index.
     - Place the character from the original string at this new index in the result string.
   - Output the scrambled message for each test case.

3. **Write a pseudocode solution:**

   ```
   For each test case:
       Read k and the message
       Initialize an empty list for the scrambled message of length 2^k
       For each index i from 0 to 2^k - 1:
           Convert i to a binary string of length k
           Reverse the binary string
           Convert the reversed binary string back to an integer (new_index)
           Place the character at index i of the message into the scrambled message at new_index
       Join the scrambled message list into a string
       Print the scrambled message
   ```

4. **Output the final Python 3 solution with your solution steps in comments:**

```python
def solve():
    import sys
    input = sys.stdin.read
    data = input().strip().split('\n')
    
    T = int(data[0])  # Number of test cases
    
    results = []
    
    for case in range(1, T + 1):
        # Read each test case
        line = data[case]
        k, message = line.split()
        k = int(k)
        
        n = 2 ** k  # Calculate the number of appetizers
        scrambled_message = [''] * n  # Initialize the scrambled message list
        
        for i in range(n):
            # Convert i to a binary string of length k
            binary_str = format(i, f'0{k}b')
            # Reverse the binary string
            reversed_binary_str = binary_str[::-1]
            # Convert the reversed binary string back to an integer
            new_index = int(reversed_binary_str, 2)
            # Place the character in the scrambled message
            scrambled_message[new_index] = message[i]
        
        # Join the scrambled message list into a string
        results.append(''.join(scrambled_message))
    
    # Print all results, one per line
    for result in results:
        print(result)

```
INFO - [35m Rollout attempt 1/4[0m
INFO - [33m Retrieving 1 entries for db: episodic 
 [0m
INFO - Retrieved (score=0.4458):

[Task]:
    This is the easy version of the problem. The difference between the versions is that the easy version has no swap operations. You can make hacks only if all versions of the problem are solved.

    Pikachu is a cute and friendly pokémon living in the wild pikachu herd.

    But it ha...


INFO - [33m Retrieving 1 entries for db: semantic 
 [0m
INFO - Retrieved (score=0.4656):
Title: Josephus Problem
Part: 1/1
# Josephus Problem

## Statement

We are given the natural numbers $n$ and $k$.
All natural numbers from $1$ to $n$ are written in a circle. 
First, count the $k$-th number starting from the first one and delete it.
Then $k$ numbers are counted starting from the ...


INFO - [33m Retrieving 1 entries for db: reflections 
 [0m
INFO - Retrieved (score=0.4503):
Reflecting on the problem-solving process for this permutation problem, there are several key insights and lessons learned:

1. **Understanding the Problem Constraints**: The problem involves finding a permutation of numbers that satisfies a specific sum condition. The constraints on the sum, der...


INFO - [33m Retrieving 1 entries for db: summaries 
 [0m
INFO - Retrieved (score=0.4471):
In this problem, the task was to find a permutation of numbers from 1 to N such that a specific function f(P) equals a given integer K. The function f(P) is defined as the sum of the maximum of each pair of consecutive elements in the permutation. The challenge was to determine if such a permutat...


INFO - [33m Retrieving 1 entries for db: non_func 
 [0m
INFO - Retrieved (score=0.4567):

[description for function: find_permutation]
The function reads input data to determine the number of test cases, and for each test case, it reads two integers, N and K. It calculates the maximum and minimum possible sums of a permutation of numbers from 1 to N. If K is outside this range, it ap...


INFO - Retrieved (score=0.4458): 
[Past Memory]:

    [Task]:
        This is the easy version of the problem. The difference between the versions is that the easy version has no swap operations. You can make hacks only if all versions of the problem are solved.

        Pikachu is a cute and friendly pokémon living in the wild ...
INFO - LM call n parse attempt 1 / 3

INFO - [Task id] 626 [prompt] 
You are an expert programmer tasked with solving the problem below.

Follow the user's instructions to solve the problem.
The user can ask for analysis, code, or both.

## Instructions
When asked to output code,
- Make sure to wrap your code in '```python' and '```' Markdown delimiters, 
- include exactly one block of code with the entire solution
- No outside libraries are allowed. 
- Builtins are allowed.
- If the task specifies a function name to be used, follow it strictly (be case sensitive!) and declare the that function last (helper functions are declared first).
- DO NOT write any assert statements / tests.

## Problem
[BEGIN PROBLEM]
The Chef has prepared the appetizers in the shapes of letters to spell a special message for the guests. There are n appetizers numbered from 0 to n-1 such that if the appetizers are arrayed in this order, they will display the message. The Chef plans to display them in this order on a table that can be viewed by all guests as they enter. The appetizers will only be served once all guests are seated.

The appetizers are not necessarily finished in the same order as they are numbered. So, when an appetizer is finished the Chef will write the number on a piece of paper and place it beside the appetizer on a counter between the kitchen and the restaurant. A server will retrieve this appetizer and place it in the proper location according to the number written beside it.

The Chef has a penchant for binary numbers. The number of appetizers created is a power of 2, say n = 2k. Furthermore, he has written the number of the appetizer in binary with exactly k bits. That is, binary numbers with fewer than k bits are padded on the left with zeros so they are written with exactly k bits.

Unfortunately, this has unforseen complications. A binary number still "looks" binary when it is written upside down. For example, the binary number "0101" looks like "1010" when read upside down and the binary number "110" looks like "011" (the Chef uses simple vertical lines to denote a 1 bit). The Chef didn't realize that the servers would read the numbers upside down so he doesn't rotate the paper when he places it on the counter. Thus, when the server picks up an appetizer they place it the location indexed by the binary number when it is read upside down.

You are given the message the chef intended to display and you are to display the message that will be displayed after the servers move all appetizers to their locations based on the binary numbers they read.

-----Input-----

The first line consists of a single integer T ≤ 25 indicating the number of test cases to follow. Each test case consists of a single line beginning with an integer 1 ≤ k ≤ 16 followed by a string of precisely 2k characters. The integer and the string are separated by a single space. The string has no spaces and is composed only of lower case letters from `a` to `z`.


-----Output-----

For each test case you are to output the scrambled message on a single line.


-----Example-----
Input:
2
2 chef
4 enjoyourapplepie

Output:
cehf
eayejpuinpopolre

The output code needs to read from and write to standard IO


[END PROBLEM]

INFO - [Task id] 626 [prompt] 
## Instructions

Reason through the problem and:
1. Restate the problem in plain English
2. Conceptualize a solution first in plain English
3. Write a pseudocode solution
4. Output the final Python 3 solution with your solution steps in comments.

Make sure to wrap your code in '```python' and '```' Markdown delimiters, 
and include exactly one block of code with the entire solution.

No outside libraries are allowed.
Builtins are allowed.

INFO - [Task id] 626 [prompt] 
Also, here are some of your memories.
Feel free to use the given information to aid your problem solving process if necessary.
Do not confuse the memories with the problem statement.

## Memories

[Past Memory]:

    [Task]:
        This is the easy version of the problem. The difference between the versions is that the easy version has no swap operations. You can make hacks only if all versions of the problem are solved.

        Pikachu is a cute and friendly pokémon living in the wild pikachu herd.

        But it has become known recently that infamous team R wanted to steal all these pokémon! Pokémon trainer Andrew decided to help Pikachu to build a pokémon army to resist.

        First, Andrew counted all the pokémon — there were exactly $n$ pikachu. The strength of the $i$-th pokémon is equal to $a_i$, and all these numbers are distinct.

        As an army, Andrew can choose any non-empty subsequence of pokemons. In other words, Andrew chooses some array $b$ from $k$ indices such that $1 \le b_1 < b_2 < \dots < b_k \le n$, and his army will consist of pokémons with forces $a_{b_1}, a_{b_2}, \dots, a_{b_k}$.

        The strength of the army is equal to the alternating sum of elements of the subsequence; that is, $a_{b_1} - a_{b_2} + a_{b_3} - a_{b_4} + \dots$.

        Andrew is experimenting with pokémon order. He performs $q$ operations. In $i$-th operation Andrew swaps $l_i$-th and $r_i$-th pokémon.

        Note: $q=0$ in this version of the task.

        Andrew wants to know the maximal stregth of the army he can achieve with the initial pokémon placement. He also needs to know the maximal strength after each operation.

        Help Andrew and the pokémon, or team R will realize their tricky plan!


        -----Input-----

        Each test contains multiple test cases.

        The first line contains one positive integer $t$ ($1 \le t \le 10^3$) denoting the number of test cases. Description of the test cases follows.

        The first line of each test case contains two integers $n$ and $q$ ($1 \le n \le 3 \cdot 10^5, q = 0$) denoting the number of pokémon and number of operations respectively.

        The second line contains $n$ distinct positive integers $a_1, a_2, \dots, a_n$ ($1 \le a_i \le n$) denoting the strengths of the pokémon.

        $i$-th of the last $q$ lines contains two positive integers $l_i$ and $r_i$ ($1 \le l_i \le r_i \le n$) denoting the indices of pokémon that were swapped in the $i$-th operation.

        It is guaranteed that the sum of $n$ over all test cases does not exceed $3 \cdot 10^5$, and the sum of $q$ over all test cases does not exceed $3 \cdot 10^5$. 


        -----Output-----

        For each test case, print $q+1$ integers: the maximal strength of army before the swaps and after each swap.


        -----Example-----
        Input
        3
        3 0
        1 3 2
        2 0
        1 2
        7 0
        1 2 5 4 3 6 7

        Output
        3
        2
        9



        -----Note-----

        In third test case we can build an army in such way: [1 2 5 4 3 6 7], its strength will be $5−3+7=9$.
    [/Task]

    [Previous Critique]:
        Let's carefully analyze the problem and the solution to identify where the mistake might be.

        ### Problem Analysis

        1. **Alternating Sum**: The goal is to maximize the alternating sum of a subsequence. The alternating sum is calculated as: add the first element, subtract the second, add the third, and so on.

        2. **Strategy**: To maximize the alternating sum, we should:
           - Sort the array in descending order.
           - Add the largest elements and subtract the smaller ones in an alternating fashion.

        ### Mistake Analysis

        1. **Sorting**: The code correctly sorts the array in descending order.

        2. **Alternating Sum Calculation**: The code iterates over the sorted array and alternates between adding and subtracting elements based on their index. However, the logic for determining which elements to include in the subsequence might be flawed.

        3. **Subsequence Selection**: The problem allows us to choose any subsequence, not necessarily all elements. The current solution assumes that we must use all elements, which is incorrect. We should only include elements that contribute positively to the alternating sum.

        ### Corrected Strategy

        1. **Sort the Array**: Sort the array in descending order.

        2. **Calculate Alternating Sum**:
           - Start with the first element (largest) and add it to the sum.
           - Continue adding elements to the sum as long as they contribute positively to the alternating sum.
           - Stop when adding another element would decrease the sum.

        ### Corrected Pseudocode

        ```
        function calculate_max_strength(t, test_cases):
            for each test_case in test_cases:
                n, strengths = test_case
                sort strengths in descending order
                max_strength = 0
                for i in range(n):
                    if i is even:
                        max_strength += strengths[i]
                    else:
                        max_strength -= strengths[i]
                    if max_strength < 0:
                        break
                print max_strength
        ```

        ### Corrected Python Code

        ```python
        def calculate_max_strength(t, test_cases):
            results = []
            for test_case in test_cases:
                n, strengths = test_case
                # Sort the strengths in descending order
                strengths.sort(reverse=True)
                max_strength = 0
                # Calculate the alternating sum
                for i in range(n):
                    if i % 2 == 0:
                        max_strength += strengths[i]
                    else:
                        max_strength -= strengths[i]
                # Store the result for this test case
                results.append(max_strength)
    
            # Print all results
            for result in results:
                print(result)

        # Read input
        import sys
        input = sys.stdin.read
        data = input().split()

        # Parse input
        index = 0
        t = int(data[index])
        index += 1
        test_cases = []
        for _ in range(t):
            n = int(data[index])
            q = int(data[index + 1])  # q is always 0 in this version
            index += 2
            strengths = list(map(int, data[index:index + n]))
            index += n
            test_cases.append((n, strengths))

        # Calculate and print the results
        calculate_max_strength(t, test_cases)
        ```

        This code reads input, processes each test case by sorting the strengths in descending order, calculates the maximal alternating sum by including elements in an alternating fashion, and outputs the result for each test case. The logic now correctly handles the selection of elements to maximize the alternating sum.
    [/Previous Critique]

    [Thought Process and Code]:
        Let's address the issue with the solution by revisiting the problem requirements and ensuring the logic aligns with the intended strategy. The key mistake was assuming that we must use all elements in the alternating sum, which is not necessary. We should only include elements that contribute positively to the alternating sum.

        Here's the corrected Python code:

        ```python
        def calculate_max_strength(t, test_cases):
            results = []
            for test_case in test_cases:
                n, strengths = test_case
                # Sort the strengths in descending order
                strengths.sort(reverse=True)
                max_strength = 0
                # Calculate the alternating sum
                for i in range(n):
                    if i % 2 == 0:
                        max_strength += strengths[i]
                    else:
                        max_strength -= strengths[i]
                # Store the result for this test case
                results.append(max_strength)
    
            # Print all results
            for result in results:
                print(result)

        # Read input
        import sys
        input = sys.stdin.read
        data = input().split()

        # Parse input
        index = 0
        t = int(data[index])
        index += 1
        test_cases = []
        for _ in range(t):
            n = int(data[index])
            q = int(data[index + 1])  # q is always 0 in this version
            index += 2
            strengths = list(map(int, data[index:index + n]))
            index += n
            test_cases.append((n, strengths))

        # Calculate and print the results
        calculate_max_strength(t, test_cases)
        ```

        ### Explanation of the Code

        1. **Input Parsing**: The code reads all input at once and splits it into manageable parts. It then parses the number of test cases and the strengths of Pokémon for each test case.

        2. **Sorting**: For each test case, the strengths are sorted in descending order to maximize the alternating sum.

        3. **Alternating Sum Calculation**: The code iterates over the sorted strengths, adding and subtracting them in an alternating fashion to calculate the maximal alternating sum.

        4. **Output**: The results for each test case are stored and printed at the end.

        This solution should correctly calculate the maximal alternating sum for each test case by considering only the elements that contribute positively to the sum.
    [/Thought Process and Code]

    [Environment Feedback]:
        Note: Inputs/outputs here are automatically extracted/truncated so formatting may be a bit off.
        Tests passed:

        None

        Tests failed:
         Input: 3
        3 0
        1 3 2
        2 0
        1 2
        7 0
        1 2 5 4 3 6 7
         Expected output: [{'3'}, {'2'}, {'9'}] # Execution output: ['2', '1', '4']
    [/Environment Feedback]

    [Result]:
        Failure
    [/Result]

[/Past Memory]


INFO - [Task id] 626 [generation text] ## Problem Restatement

The problem involves rearranging a message composed of appetizers, each represented by a letter. The appetizers are numbered in binary, and the number of appetizers is a power of 2, denoted as \( n = 2^k \). The Chef writes the numbers in binary with exactly \( k \) bits. However, the servers mistakenly read these numbers upside down, leading to a scrambled message. Our task is to determine the scrambled message for each test case.

## Conceptual Solution

1. **Understand the Upside-Down Reading**: When a binary number is read upside down, it effectively becomes reversed. For example, "0101" becomes "1010".

2. **Rearrange the Message**: For each test case, we need to:
   - Convert each index from its binary representation to its upside-down (reversed) binary representation.
   - Use this new index to rearrange the message.

3. **Output the Result**: For each test case, output the rearranged message.

## Pseudocode

```
function reverse_binary_index(index, k):
    binary_str = convert index to binary with k bits
    reversed_str = reverse the binary_str
    return convert reversed_str to decimal

function solve_scrambled_message(test_cases):
    for each test_case in test_cases:
        k, message = test_case
        n = 2^k
        scrambled_message = empty list of size n
        for i from 0 to n-1:
            new_index = reverse_binary_index(i, k)
            scrambled_message[new_index] = message[i]
        print scrambled_message as a string
```

## Final Python Solution

```python
def reverse_binary_index(index, k):
    # Convert index to binary with k bits, pad with zeros if necessary
    binary_str = format(index, f'0{k}b')
    # Reverse the binary string
    reversed_str = binary_str[::-1]
    # Convert the reversed binary string back to a decimal number
    return int(reversed_str, 2)

def solve_scrambled_message(test_cases):
    results = []
    for k, message in test_cases:
        n = 2 ** k
        scrambled_message = [''] * n
        for i in range(n):
            new_index = reverse_binary_index(i, k)
            scrambled_message[new_index] = message[i]
        results.append(''.join(scrambled_message))
    for result in results:
        print(result)

# Read input
import sys
input = sys.stdin.read
data = input().split()

# Parse input
index = 0
T = int(data[index])
index += 1
test_cases = []
for _ in range(T):
    k = int(data[index])
    message = data[index + 1]
    index += 2
    test_cases.append((k, message))

# Solve the problem
solve_scrambled_message(test_cases)
```

### Explanation

- **reverse_binary_index**: This function takes an index and the number of bits \( k \), converts the index to a binary string of length \( k \), reverses it, and converts it back to a decimal number.
- **solve_scrambled_message**: This function processes each test case, rearranges the message based on the reversed binary indices, and prints the scrambled message.
INFO - program_code:
 
def reverse_binary_index(index, k):
    # Convert index to binary with k bits, pad with zeros if necessary
    binary_str = format(index, f'0{k}b')
    # Reverse the binary string
    reversed_str = binary_str[::-1]
    # Convert the reversed binary string back to a decimal number
    return int(reversed_str, 2)

def solve_scrambled_message(test_cases):
    results = []
    for k, message in test_cases:
        n = 2 ** k
        scrambled_message = [''] * n
        for i in range(n):
            new_index = reverse_binary_index(i, k)
            scrambled_message[new_index] = message[i]
        results.append(''.join(scrambled_message))
    for result in results:
        print(result)

# Read input
import sys
input = sys.stdin.read
data = input().split()

# Parse input
index = 0
T = int(data[index])
index += 1
test_cases = []
for _ in range(T):
    k = int(data[index])
    message = data[index + 1]
    index += 2
    test_cases.append((k, message))

# Solve the problem
solve_scrambled_message(test_cases)


INFO - program_name:
 solve_scrambled_message

INFO - dependencies:
 []

INFO - raw_msg:
 ## Problem Restatement

The problem involves rearranging a message composed of appetizers, each represented by a letter. The appetizers are numbered in binary, and the number of appetizers is a power of 2, denoted as \( n = 2^k \). The Chef writes the numbers in binary with exactly \( k \) bits. However, the servers mistakenly read these numbers upside down, leading to a scrambled message. Our task is to determine the scrambled message for each test case.

## Conceptual Solution

1. **Understand the Upside-Down Reading**: When a binary number is read upside down, it effectively becomes reversed. For example, "0101" becomes "1010".

2. **Rearrange the Message**: For each test case, we need to:
   - Convert each index from its binary representation to its upside-down (reversed) binary representation.
   - Use this new index to rearrange the message.

3. **Output the Result**: For each test case, output the rearranged message.

## Pseudocode

```
function reverse_binary_index(index, k):
    binary_str = convert index to binary with k bits
    reversed_str = reverse the binary_str
    return convert reversed_str to decimal

function solve_scrambled_message(test_cases):
    for each test_case in test_cases:
        k, message = test_case
        n = 2^k
        scrambled_message = empty list of size n
        for i from 0 to n-1:
            new_index = reverse_binary_index(i, k)
            scrambled_message[new_index] = message[i]
        print scrambled_message as a string
```

## Final Python Solution

```python
def reverse_binary_index(index, k):
    # Convert index to binary with k bits, pad with zeros if necessary
    binary_str = format(index, f'0{k}b')
    # Reverse the binary string
    reversed_str = binary_str[::-1]
    # Convert the reversed binary string back to a decimal number
    return int(reversed_str, 2)

def solve_scrambled_message(test_cases):
    results = []
    for k, message in test_cases:
        n = 2 ** k
        scrambled_message = [''] * n
        for i in range(n):
            new_index = reverse_binary_index(i, k)
            scrambled_message[new_index] = message[i]
        results.append(''.join(scrambled_message))
    for result in results:
        print(result)

# Read input
import sys
input = sys.stdin.read
data = input().split()

# Parse input
index = 0
T = int(data[index])
index += 1
test_cases = []
for _ in range(T):
    k = int(data[index])
    message = data[index + 1]
    index += 2
    test_cases.append((k, message))

# Solve the problem
solve_scrambled_message(test_cases)
```

### Explanation

- **reverse_binary_index**: This function takes an index and the number of bits \( k \), converts the index to a binary string of length \( k \), reverses it, and converts it back to a decimal number.
- **solve_scrambled_message**: This function processes each test case, rearranges the message based on the reversed binary indices, and prints the scrambled message.

INFO - no_parent:
 False

INFO - full code to be executed: 
 
def reverse_binary_index(index, k):
    # Convert index to binary with k bits, pad with zeros if necessary
    binary_str = format(index, f'0{k}b')
    # Reverse the binary string
    reversed_str = binary_str[::-1]
    # Convert the reversed binary string back to a decimal number
    return int(reversed_str, 2)

def solve_scrambled_message(test_cases):
    results = []
    for k, message in test_cases:
        n = 2 ** k
        scrambled_message = [''] * n
        for i in range(n):
            new_index = reverse_binary_index(i, k)
            scrambled_message[new_index] = message[i]
        results.append(''.join(scrambled_message))
    for result in results:
        print(result)

# Read input
import sys
input = sys.stdin.read
data = input().split()

# Parse input
index = 0
T = int(data[index])
index += 1
test_cases = []
for _ in range(T):
    k = int(data[index])
    message = data[index + 1]
    index += 2
    test_cases.append((k, message))

# Solve the problem
solve_scrambled_message(test_cases)


INFO - obs: Note: Inputs/outputs here are automatically extracted/truncated so formatting may be a bit off.
Tests passed:

 Input: ['2', '2 chef', '4 enjoyourapplepie', '', ''] Output: cehf
eayejpuinpopolre

Tests failed:
None
reward: True
done: None
info: {'individual_results': [True]}
INFO - Updated entry: 
[Task]:
    The Chef has prepared the appetizers in the shapes of letters to spell a special message for the guests. There are n appetizers numbered from 0 to n-1 such that if the appetizers are arrayed in this order, they will display the message. The Chef plans to display them in this order on...,

INFO - Metadata: {
    "raw_msg": "## Problem Restatement\n\nThe problem involves rearranging a message composed of appetizers, each represented by a letter. The appetizers are numbered in binary, and the number of appetizers is a power of 2, denoted as \\( n = 2^k \\). The Chef writes the numbers in binary with ...

INFO - LM call n parse attempt 1 / 3

INFO - [Task id] 626 [prompt] 
You are an expert programmer tasked with solving the problem below.

Follow the user's instructions to solve the problem.
The user can ask for analysis, code, or both.

## Instructions
When asked to output code,
- Make sure to wrap your code in '```python' and '```' Markdown delimiters, 
- include exactly one block of code with the entire solution
- No outside libraries are allowed. 
- Builtins are allowed.
- If the task specifies a function name to be used, follow it strictly (be case sensitive!) and declare the that function last (helper functions are declared first).
- DO NOT write any assert statements / tests.

## Problem
[BEGIN PROBLEM]
The Chef has prepared the appetizers in the shapes of letters to spell a special message for the guests. There are n appetizers numbered from 0 to n-1 such that if the appetizers are arrayed in this order, they will display the message. The Chef plans to display them in this order on a table that can be viewed by all guests as they enter. The appetizers will only be served once all guests are seated.

The appetizers are not necessarily finished in the same order as they are numbered. So, when an appetizer is finished the Chef will write the number on a piece of paper and place it beside the appetizer on a counter between the kitchen and the restaurant. A server will retrieve this appetizer and place it in the proper location according to the number written beside it.

The Chef has a penchant for binary numbers. The number of appetizers created is a power of 2, say n = 2k. Furthermore, he has written the number of the appetizer in binary with exactly k bits. That is, binary numbers with fewer than k bits are padded on the left with zeros so they are written with exactly k bits.

Unfortunately, this has unforseen complications. A binary number still "looks" binary when it is written upside down. For example, the binary number "0101" looks like "1010" when read upside down and the binary number "110" looks like "011" (the Chef uses simple vertical lines to denote a 1 bit). The Chef didn't realize that the servers would read the numbers upside down so he doesn't rotate the paper when he places it on the counter. Thus, when the server picks up an appetizer they place it the location indexed by the binary number when it is read upside down.

You are given the message the chef intended to display and you are to display the message that will be displayed after the servers move all appetizers to their locations based on the binary numbers they read.

-----Input-----

The first line consists of a single integer T ≤ 25 indicating the number of test cases to follow. Each test case consists of a single line beginning with an integer 1 ≤ k ≤ 16 followed by a string of precisely 2k characters. The integer and the string are separated by a single space. The string has no spaces and is composed only of lower case letters from `a` to `z`.


-----Output-----

For each test case you are to output the scrambled message on a single line.


-----Example-----
Input:
2
2 chef
4 enjoyourapplepie

Output:
cehf
eayejpuinpopolre

The output code needs to read from and write to standard IO


[END PROBLEM]

INFO - [Task id] 626 [prompt] 
## Instructions

Reason through the problem and:
1. Restate the problem in plain English
2. Conceptualize a solution first in plain English
3. Write a pseudocode solution
4. Output the final Python 3 solution with your solution steps in comments.

Make sure to wrap your code in '```python' and '```' Markdown delimiters, 
and include exactly one block of code with the entire solution.

No outside libraries are allowed.
Builtins are allowed.

INFO - [Task id] 626 [prompt] ## Problem Restatement

The problem involves rearranging a message composed of appetizers, each represented by a letter. The appetizers are numbered in binary, and the number of appetizers is a power of 2, denoted as \( n = 2^k \). The Chef writes the numbers in binary with exactly \( k \) bits. However, the servers mistakenly read these numbers upside down, leading to a scrambled message. Our task is to determine the scrambled message for each test case.

## Conceptual Solution

1. **Understand the Upside-Down Reading**: When a binary number is read upside down, it effectively becomes reversed. For example, "0101" becomes "1010".

2. **Rearrange the Message**: For each test case, we need to:
   - Convert each index from its binary representation to its upside-down (reversed) binary representation.
   - Use this new index to rearrange the message.

3. **Output the Result**: For each test case, output the rearranged message.

## Pseudocode

```
function reverse_binary_index(index, k):
    binary_str = convert index to binary with k bits
    reversed_str = reverse the binary_str
    return convert reversed_str to decimal

function solve_scrambled_message(test_cases):
    for each test_case in test_cases:
        k, message = test_case
        n = 2^k
        scrambled_message = empty list of size n
        for i from 0 to n-1:
            new_index = reverse_binary_index(i, k)
            scrambled_message[new_index] = message[i]
        print scrambled_message as a string
```

## Final Python Solution

```python
def reverse_binary_index(index, k):
    # Convert index to binary with k bits, pad with zeros if necessary
    binary_str = format(index, f'0{k}b')
    # Reverse the binary string
    reversed_str = binary_str[::-1]
    # Convert the reversed binary string back to a decimal number
    return int(reversed_str, 2)

def solve_scrambled_message(test_cases):
    results = []
    for k, message in test_cases:
        n = 2 ** k
        scrambled_message = [''] * n
        for i in range(n):
            new_index = reverse_binary_index(i, k)
            scrambled_message[new_index] = message[i]
        results.append(''.join(scrambled_message))
    for result in results:
        print(result)

# Read input
import sys
input = sys.stdin.read
data = input().split()

# Parse input
index = 0
T = int(data[index])
index += 1
test_cases = []
for _ in range(T):
    k = int(data[index])
    message = data[index + 1]
    index += 2
    test_cases.append((k, message))

# Solve the problem
solve_scrambled_message(test_cases)
```

### Explanation

- **reverse_binary_index**: This function takes an index and the number of bits \( k \), converts the index to a binary string of length \( k \), reverses it, and converts it back to a decimal number.
- **solve_scrambled_message**: This function processes each test case, rearranges the message based on the reversed binary indices, and prints the scrambled message.
INFO - [Task id] 626 [prompt] 
[Environment Feedback]:
    Note: Inputs/outputs here are automatically extracted/truncated so formatting may be a bit off.
    Tests passed:

     Input: ['2', '2 chef', '4 enjoyourapplepie', '', ''] Output: cehf
    eayejpuinpopolre

    Tests failed:
    None
[/Environment Feedback]

INFO - [Task id] 626 [prompt] 
## Instructions
Now, summarize your attempts as a **standalone** document for your own future reference. (can skip formalities, be concise)

- Only include the most relevant information and code snippets that could be useful in the future.
- If you did not learn much from the current experience (e.g. the problem was too easy), feel free to write less or nothing at all.
- Here are some ideas if the experience was useful:
    - Identifying the core concepts and patterns that problem appears to test for
    - Describing the strategies that seemed to work but did not, and vice versa
    - Describing unexpected errors and how they were fixed

Your summary should be at most a few paragraphs.

INFO - [Task id] 626 [generation text] In this problem, the core concept was understanding how binary numbers can be misinterpreted when read upside down, which effectively means reversing the binary string. The task was to rearrange a message based on these reversed binary indices.

The key steps involved:
1. **Binary Conversion and Reversal**: For each index, convert it to a binary string of a fixed length \( k \), reverse this string, and convert it back to a decimal to get the new index.
2. **Rearranging the Message**: Use the new indices to rearrange the characters in the message.

The solution was straightforward once the concept of reversing the binary string was clear. The function `reverse_binary_index` was crucial for converting and reversing the binary representation. The main function `solve_scrambled_message` handled reading input, processing each test case, and outputting the results.

This problem reinforced the importance of understanding binary operations and string manipulations, which are common in algorithmic challenges. The solution was efficient and passed all test cases without any issues.
INFO - LM call n parse attempt 1 / 3

INFO - [Task id] 626 [prompt] 
You are an expert programmer tasked with solving the problem below.

Follow the user's instructions to solve the problem.
The user can ask for analysis, code, or both.

## Instructions
When asked to output code,
- Make sure to wrap your code in '```python' and '```' Markdown delimiters, 
- include exactly one block of code with the entire solution
- No outside libraries are allowed. 
- Builtins are allowed.
- If the task specifies a function name to be used, follow it strictly (be case sensitive!) and declare the that function last (helper functions are declared first).
- DO NOT write any assert statements / tests.

## Problem
[BEGIN PROBLEM]
The Chef has prepared the appetizers in the shapes of letters to spell a special message for the guests. There are n appetizers numbered from 0 to n-1 such that if the appetizers are arrayed in this order, they will display the message. The Chef plans to display them in this order on a table that can be viewed by all guests as they enter. The appetizers will only be served once all guests are seated.

The appetizers are not necessarily finished in the same order as they are numbered. So, when an appetizer is finished the Chef will write the number on a piece of paper and place it beside the appetizer on a counter between the kitchen and the restaurant. A server will retrieve this appetizer and place it in the proper location according to the number written beside it.

The Chef has a penchant for binary numbers. The number of appetizers created is a power of 2, say n = 2k. Furthermore, he has written the number of the appetizer in binary with exactly k bits. That is, binary numbers with fewer than k bits are padded on the left with zeros so they are written with exactly k bits.

Unfortunately, this has unforseen complications. A binary number still "looks" binary when it is written upside down. For example, the binary number "0101" looks like "1010" when read upside down and the binary number "110" looks like "011" (the Chef uses simple vertical lines to denote a 1 bit). The Chef didn't realize that the servers would read the numbers upside down so he doesn't rotate the paper when he places it on the counter. Thus, when the server picks up an appetizer they place it the location indexed by the binary number when it is read upside down.

You are given the message the chef intended to display and you are to display the message that will be displayed after the servers move all appetizers to their locations based on the binary numbers they read.

-----Input-----

The first line consists of a single integer T ≤ 25 indicating the number of test cases to follow. Each test case consists of a single line beginning with an integer 1 ≤ k ≤ 16 followed by a string of precisely 2k characters. The integer and the string are separated by a single space. The string has no spaces and is composed only of lower case letters from `a` to `z`.


-----Output-----

For each test case you are to output the scrambled message on a single line.


-----Example-----
Input:
2
2 chef
4 enjoyourapplepie

Output:
cehf
eayejpuinpopolre

The output code needs to read from and write to standard IO


[END PROBLEM]

INFO - [Task id] 626 [prompt] 
## Instructions

Reason through the problem and:
1. Restate the problem in plain English
2. Conceptualize a solution first in plain English
3. Write a pseudocode solution
4. Output the final Python 3 solution with your solution steps in comments.

Make sure to wrap your code in '```python' and '```' Markdown delimiters, 
and include exactly one block of code with the entire solution.

No outside libraries are allowed.
Builtins are allowed.

INFO - [Task id] 626 [prompt] ## Problem Restatement

The problem involves rearranging a message composed of appetizers, each represented by a letter. The appetizers are numbered in binary, and the number of appetizers is a power of 2, denoted as \( n = 2^k \). The Chef writes the numbers in binary with exactly \( k \) bits. However, the servers mistakenly read these numbers upside down, leading to a scrambled message. Our task is to determine the scrambled message for each test case.

## Conceptual Solution

1. **Understand the Upside-Down Reading**: When a binary number is read upside down, it effectively becomes reversed. For example, "0101" becomes "1010".

2. **Rearrange the Message**: For each test case, we need to:
   - Convert each index from its binary representation to its upside-down (reversed) binary representation.
   - Use this new index to rearrange the message.

3. **Output the Result**: For each test case, output the rearranged message.

## Pseudocode

```
function reverse_binary_index(index, k):
    binary_str = convert index to binary with k bits
    reversed_str = reverse the binary_str
    return convert reversed_str to decimal

function solve_scrambled_message(test_cases):
    for each test_case in test_cases:
        k, message = test_case
        n = 2^k
        scrambled_message = empty list of size n
        for i from 0 to n-1:
            new_index = reverse_binary_index(i, k)
            scrambled_message[new_index] = message[i]
        print scrambled_message as a string
```

## Final Python Solution

```python
def reverse_binary_index(index, k):
    # Convert index to binary with k bits, pad with zeros if necessary
    binary_str = format(index, f'0{k}b')
    # Reverse the binary string
    reversed_str = binary_str[::-1]
    # Convert the reversed binary string back to a decimal number
    return int(reversed_str, 2)

def solve_scrambled_message(test_cases):
    results = []
    for k, message in test_cases:
        n = 2 ** k
        scrambled_message = [''] * n
        for i in range(n):
            new_index = reverse_binary_index(i, k)
            scrambled_message[new_index] = message[i]
        results.append(''.join(scrambled_message))
    for result in results:
        print(result)

# Read input
import sys
input = sys.stdin.read
data = input().split()

# Parse input
index = 0
T = int(data[index])
index += 1
test_cases = []
for _ in range(T):
    k = int(data[index])
    message = data[index + 1]
    index += 2
    test_cases.append((k, message))

# Solve the problem
solve_scrambled_message(test_cases)
```

### Explanation

- **reverse_binary_index**: This function takes an index and the number of bits \( k \), converts the index to a binary string of length \( k \), reverses it, and converts it back to a decimal number.
- **solve_scrambled_message**: This function processes each test case, rearranges the message based on the reversed binary indices, and prints the scrambled message.
INFO - [Task id] 626 [prompt] 
[Environment Feedback]:
    Note: Inputs/outputs here are automatically extracted/truncated so formatting may be a bit off.
    Tests passed:

     Input: ['2', '2 chef', '4 enjoyourapplepie', '', ''] Output: cehf
    eayejpuinpopolre

    Tests failed:
    None
[/Environment Feedback]

INFO - [Task id] 626 [prompt] 
Below is the official solution (do exercise discretion as official solutions can also have mistakes).

You will be reflecting on your attempts to solve the problem.
This will be a **standalone** document for your own future reference. (can skip formalities, be concise)

## Instructions
- Only include the most relevant insights and code snippets that could be useful in the future.
- If you did not learn much from the current experience (e.g. the problem was too easy / official solution was obvious), feel free to write less or nothing at all.
- Here are some ideas if the experience was useful:
    - If the official solution is insightful (e.g. better than yours in time and space complexity or more effective in breaking down the problem statement), distil the key approach of the official solution, step by step.
    - If your approach failed the test cases, reason why the official solution works but yours does not

Your reflection should be at most a few paragraphs.

## Official solution
t=int(input())
def reversebinary(bits,n):
    bStr=''
    for i in range(bits):
        if n>0:
            bStr=bStr+str(n%2)
        else:
            bStr=bStr+'0'
        n=n>>1
    return int(bStr,2)
        
for i in range(t):
    k,msg=input().split()
    k=int(k)
    newmsg=[]
    for j in msg:
        newmsg.append(j)
    for j in range(len(msg)):
        newmsg[reversebinary(k,j)]=msg[j]
    print(''.join(newmsg))
        
    


INFO - [Task id] 626 [generation text] Reflecting on the problem-solving process and comparing it with the official solution, here are some key insights:

1. **Binary Reversal Logic**: Both my solution and the official solution correctly identified the need to reverse the binary representation of indices. The official solution uses a loop to construct the reversed binary string, which is a straightforward approach. My solution used Python's string manipulation capabilities to achieve the same result, which is more concise.

2. **Index Conversion**: The official solution directly constructs the reversed binary string and converts it back to an integer. This is similar to my approach, where I used Python's `format` and slicing to reverse the binary string. Both methods are effective, but the official solution's loop-based approach might be more intuitive for those less familiar with Python's string manipulation functions.

3. **Message Rearrangement**: Both solutions correctly rearrange the message based on the reversed indices. The official solution uses a list to store the rearranged message, which is then joined into a string for output. This is similar to my approach, where I also used a list to build the scrambled message.

4. **Efficiency and Clarity**: The official solution is efficient and clear, using basic operations to achieve the desired result. My solution is also efficient, leveraging Python's built-in functions for binary conversion and string manipulation. Both solutions have similar time complexity, as they both iterate over the message and perform constant-time operations for each character.

Overall, the problem was straightforward, and both solutions effectively addressed the task. The key takeaway is the importance of understanding binary manipulation and how reversing binary strings can be used to solve indexing problems.
INFO - Updated entry: In this problem, the core concept was understanding how binary numbers can be misinterpreted when read upside down, which effectively means reversing the binary string. The task was to rearrange a message based on these reversed binary indices.

The key steps involved:
1. **Binary Conversion and ...,

INFO - Metadata: {
    "task_id": 626
}

INFO - Updated entry: Reflecting on the problem-solving process and comparing it with the official solution, here are some key insights:

1. **Binary Reversal Logic**: Both my solution and the official solution correctly identified the need to reverse the binary representation of indices. The official solution uses a ...,

INFO - Metadata: {
    "task_id": 626
}

INFO - LM call n parse attempt 1 / 3

INFO - [Task id] 626 [prompt] 
You are a helpful assistant that writes a description of the given function written in the Python programming language.

1) Do not mention the function name.
2) Do not mention anything about helper functions.
3) There might be some helper functions before the main function, but you only need to describe the main function.
4) Try to summarize the function in no more than 6 sentences.
5) Your response should be a single line of text.

INFO - [Task id] 626 [prompt] 
def reverse_binary_index(index, k):
    # Convert index to binary with k bits, pad with zeros if necessary
    binary_str = format(index, f'0{k}b')
    # Reverse the binary string
    reversed_str = binary_str[::-1]
    # Convert the reversed binary string back to a decimal number
    return int(reversed_str, 2)

def solve_scrambled_message(test_cases):
    results = []
    for k, message in test_cases:
        n = 2 ** k
        scrambled_message = [''] * n
        for i in range(n):
            new_index = reverse_binary_index(i, k)
            scrambled_message[new_index] = message[i]
        results.append(''.join(scrambled_message))
    for result in results:
        print(result)

# Read input
import sys
input = sys.stdin.read
data = input().split()

# Parse input
index = 0
T = int(data[index])
index += 1
test_cases = []
for _ in range(T):
    k = int(data[index])
    message = data[index + 1]
    index += 2
    test_cases.append((k, message))

# Solve the problem
solve_scrambled_message(test_cases)


The main function is `solve_scrambled_message`.
INFO - [Task id] 626 [generation text] The function processes a list of test cases, where each test case consists of an integer `k` and a scrambled message. For each test case, it calculates `n` as `2^k` and initializes an empty list `scrambled_message` of length `n`. It iterates over each index `i` from `0` to `n-1`, computes a new index by reversing the binary representation of `i` with `k` bits, and places the character from the original message at index `i` into the new index in `scrambled_message`. After processing all indices, it joins the characters in `scrambled_message` to form the unscrambled message and appends it to the results list. Finally, it prints each unscrambled message from the results list.
INFO - LM call n parse attempt 1 / 3

INFO - [Task id] 626 [prompt] 
You are a helpful assistant that extracts important information from problems and solutions to aid in searchability and education.

## Instructions
- Read through the problem and solution carefully.
- Reason out, step by step, in what scenarios this knowledge would be useful.
- Focus on general patterns and situations to help connect this knowledge to new situations.
- Then, include a list of keywords that are useful for searching this problem/solution pair.

## Response format
Respond in JSON, and follow the keys and expected format of the values strictly.

The output should be formatted as a JSON instance that conforms to the JSON schema below.

As an example, for the schema {"properties": {"foo": {"title": "Foo", "description": "a list of strings", "type": "array", "items": {"type": "string"}}}, "required": ["foo"]}
the object {"foo": ["bar", "baz"]} is a well-formatted instance of the schema. The object {"properties": {"foo": ["bar", "baz"]}} is not well-formatted.

Here is the output schema:
```
{"properties": {"scenarios": {"description": "In what scenarios will this knowledge be useful? Answer in a paragraph.", "title": "Scenarios", "type": "string"}, "keywords": {"description": "List of keywords that are useful for searching this problem/solution pair", "items": {"type": "string"}, "title": "Keywords", "type": "array"}}, "required": ["scenarios", "keywords"]}
```

INFO - [Task id] 626 [prompt] 
[Problem]
    The Chef has prepared the appetizers in the shapes of letters to spell a special message for the guests. There are n appetizers numbered from 0 to n-1 such that if the appetizers are arrayed in this order, they will display the message. The Chef plans to display them in this order on a table that can be viewed by all guests as they enter. The appetizers will only be served once all guests are seated.

    The appetizers are not necessarily finished in the same order as they are numbered. So, when an appetizer is finished the Chef will write the number on a piece of paper and place it beside the appetizer on a counter between the kitchen and the restaurant. A server will retrieve this appetizer and place it in the proper location according to the number written beside it.

    The Chef has a penchant for binary numbers. The number of appetizers created is a power of 2, say n = 2k. Furthermore, he has written the number of the appetizer in binary with exactly k bits. That is, binary numbers with fewer than k bits are padded on the left with zeros so they are written with exactly k bits.

    Unfortunately, this has unforseen complications. A binary number still "looks" binary when it is written upside down. For example, the binary number "0101" looks like "1010" when read upside down and the binary number "110" looks like "011" (the Chef uses simple vertical lines to denote a 1 bit). The Chef didn't realize that the servers would read the numbers upside down so he doesn't rotate the paper when he places it on the counter. Thus, when the server picks up an appetizer they place it the location indexed by the binary number when it is read upside down.

    You are given the message the chef intended to display and you are to display the message that will be displayed after the servers move all appetizers to their locations based on the binary numbers they read.

    -----Input-----

    The first line consists of a single integer T ≤ 25 indicating the number of test cases to follow. Each test case consists of a single line beginning with an integer 1 ≤ k ≤ 16 followed by a string of precisely 2k characters. The integer and the string are separated by a single space. The string has no spaces and is composed only of lower case letters from `a` to `z`.


    -----Output-----

    For each test case you are to output the scrambled message on a single line.


    -----Example-----
    Input:
    2
    2 chef
    4 enjoyourapplepie

    Output:
    cehf
    eayejpuinpopolre
[/Problem]

[Solution]

    def reverse_binary_index(index, k):
        # Convert index to binary with k bits, pad with zeros if necessary
        binary_str = format(index, f'0{k}b')
        # Reverse the binary string
        reversed_str = binary_str[::-1]
        # Convert the reversed binary string back to a decimal number
        return int(reversed_str, 2)

    def solve_scrambled_message(test_cases):
        results = []
        for k, message in test_cases:
            n = 2 ** k
            scrambled_message = [''] * n
            for i in range(n):
                new_index = reverse_binary_index(i, k)
                scrambled_message[new_index] = message[i]
            results.append(''.join(scrambled_message))
        for result in results:
            print(result)

    # Read input
    import sys
    input = sys.stdin.read
    data = input().split()

    # Parse input
    index = 0
    T = int(data[index])
    index += 1
    test_cases = []
    for _ in range(T):
        k = int(data[index])
        message = data[index + 1]
        index += 2
        test_cases.append((k, message))

    # Solve the problem
    solve_scrambled_message(test_cases)

[/Solution]

INFO - [Task id] 626 [generation text] 
INFO - {
    "scenarios": "This knowledge is useful in scenarios where data needs to be rearranged based on a transformation of indices, particularly when dealing with binary representations. It is applicable in computer science problems involving bit manipulation, data encoding, and decoding, as well as in situations where data is misinterpreted due to orientation or perspective changes, such as reading upside down. This problem also highlights the importance of understanding how data is indexed and accessed, which is crucial in fields like data structures, algorithms, and systems programming. Additionally, it can be useful in cryptography and error correction where data needs to be transformed or scrambled in a controlled manner.",
    "keywords": [
        "binary numbers",
        "bit manipulation",
        "index transformation",
        "data scrambling",
        "reversing binary",
        "string manipulation",
        "algorithm",
        "computer science",
        "data structures",
        "encoding",
        "decoding"
    ]
}
INFO - {
    "scenarios": "This knowledge is useful in scenarios where data needs to be rearranged based on a transformation of indices, particularly when dealing with binary representations. It is applicable in computer science problems involving bit manipulation, data encoding, and decoding, as well as in situations where data is misinterpreted due to orientation or perspective changes, such as reading upside down. This problem also highlights the importance of understanding how data is indexed and accessed, which is crucial in fields like data structures, algorithms, and systems programming. Additionally, it can be useful in cryptography and error correction where data needs to be transformed or scrambled in a controlled manner.",
    "keywords": [
        "binary numbers",
        "bit manipulation",
        "index transformation",
        "data scrambling",
        "reversing binary",
        "string manipulation",
        "algorithm",
        "computer science",
        "data structures",
        "encoding",
        "decoding"
    ]
}
INFO - Updated entry: 
[description for function: solve_scrambled_message]
The function processes a list of test cases, where each test case consists of an integer `k` and a scrambled message. For each test case, it calculates `n` as `2^k` and initializes an empty list `scrambled_message` of length `n`. It iterates ov...,

INFO - Metadata: {
    "task": 626,
    "code": "\ndef reverse_binary_index(index, k):\n    # Convert index to binary with k bits, pad with zeros if necessary\n    binary_str = format(index, f'0{k}b')\n    # Reverse the binary string\n    reversed_str = binary_str[::-1]\n    # Convert the reversed binary string b...

