INFO - DB skill doc count: 0

INFO - DB non_func doc count: 13

INFO - DB semantic doc count: 429

INFO - DB summaries doc count: 17

INFO - DB reflections doc count: 17

INFO - DB episodic doc count: 0

INFO - [train iter]: 17/100 

INFO - The task prompt is There is a pizza with 3n slices of varying size, you and your friends will take slices of pizza as follows:

You will pick any pizza slice.
Your friend Alice will pick next slice in anti clockwise direction of your pick. 
Your friend Bob will pick next slice in clockwise direction of your pick.
R...

INFO - Attempting task_id 318
INFO - LM call n parse attempt 1 / 3

INFO - [Task id] 318 [prompt] 
You are an expert programmer tasked with solving the problem below.

Follow the user's instructions to solve the problem.
The user can ask for analysis, code, or both.

## Instructions
When asked to output code,
- Make sure to wrap your code in '```python' and '```' Markdown delimiters, 
- include exactly one block of code with the entire solution
- No outside libraries are allowed. 
- Builtins are allowed.
- If the task specifies a function name to be used, follow it strictly (be case sensitive!) and declare the that function last (helper functions are declared first).
- DO NOT write any assert statements / tests.

## Problem
[BEGIN PROBLEM]
There is a pizza with 3n slices of varying size, you and your friends will take slices of pizza as follows:

You will pick any pizza slice.
Your friend Alice will pick next slice in anti clockwise direction of your pick. 
Your friend Bob will pick next slice in clockwise direction of your pick.
Repeat until there are no more slices of pizzas.

Sizes of Pizza slices is represented by circular array slices in clockwise direction.
Return the maximum possible sum of slice sizes which you can have.
 
Example 1:

Input: slices = [1,2,3,4,5,6]
Output: 10
Explanation: Pick pizza slice of size 4, Alice and Bob will pick slices with size 3 and 5 respectively. Then Pick slices with size 6, finally Alice and Bob will pick slice of size 2 and 1 respectively. Total = 4 + 6.

Example 2:

Input: slices = [8,9,8,6,1,1]
Output: 16
Output: Pick pizza slice of size 8 in each turn. If you pick slice with size 9 your partners will pick slices of size 8.

Example 3:
Input: slices = [4,1,2,5,8,3,1,9,7]
Output: 21

Example 4:
Input: slices = [3,1,2]
Output: 3

 
Constraints:

1 <= slices.length <= 500
slices.length % 3 == 0
1 <= slices[i] <= 1000

The output code needs to use the provided function signature

The final python function should begin with: 
```python

class Solution:
    def maxSizeSlices(self, slices: List[int]) -> int:
        
```

[END PROBLEM]

INFO - [Task id] 318 [prompt] 
## Instructions

Reason through the problem and:
1. Restate the problem in plain English
2. Conceptualize a solution first in plain English
3. Write a pseudocode solution
4. Output the final Python 3 solution with your solution steps in comments.

Make sure to wrap your code in '```python' and '```' Markdown delimiters, 
and include exactly one block of code with the entire solution.

No outside libraries are allowed.
Builtins are allowed.

INFO - [Task id] 318 [generation text] 1. **Restate the problem in plain English:**
   We have a circular array representing pizza slices, where each slice has a certain size. You and two friends will take turns picking slices. You can pick any slice first, then your friend Alice will pick the next slice in the anti-clockwise direction, and Bob will pick the next slice in the clockwise direction. This continues until all slices are taken. The goal is to maximize the total size of the slices you pick.

2. **Conceptualize a solution first in plain English:**
   To solve this problem, we need to consider the circular nature of the array. We can break the problem into two cases: one where we include the first slice and one where we exclude it. For each case, we can use dynamic programming to keep track of the maximum sum of slices we can collect. We will iterate through the slices, updating our maximum sums based on the choices made by Alice and Bob.

3. **Write a pseudocode solution:**
   ```
   function maxSizeSlices(slices):
       n = length of slices / 3
       max_sum = 0
       
       for i from 0 to 2:
           if i == 0:
               # Case 1: Include the first slice
               dp = array of size (n+1) x (length of slices - 1)
               for j from 0 to length of slices - 2:
                   update dp based on choices
           else:
               # Case 2: Exclude the first slice
               dp = array of size (n+1) x (length of slices - 1)
               for j from 1 to length of slices - 1:
                   update dp based on choices
       
       return max of the two cases
   ```

4. **Output the final Python 3 solution with your solution steps in comments:**
```python
class Solution:
    def maxSizeSlices(self, slices: List[int]) -> int:
        n = len(slices) // 3  # Number of slices to take
        
        # Function to calculate the maximum sum of slices
        def calculate_max_sum(slices):
            m = len(slices)
            dp = [[0] * (n + 1) for _ in range(m + 1)]
            
            for i in range(1, m + 1):
                for j in range(1, min(i, n) + 1):
                    # Choose the current slice or not
                    dp[i][j] = max(dp[i - 1][j], dp[i - 2][j - 1] + slices[i - 1])
                    
            return dp[m][n]
        
        # Case 1: Include the first slice
        case1 = calculate_max_sum(slices[:-1])
        # Case 2: Exclude the first slice
        case2 = calculate_max_sum(slices[1:])
        
        # Return the maximum of both cases
        return max(case1, case2)
```
INFO - [35m Rollout attempt 1/4[0m
INFO - [33m Retrieving 3 entries for db: semantic 
 [0m
INFO - Retrieved (score=0.4450):
Chapter: Time complexity
Section: Maximum subarray sum
Part: 1/1
\section{Maximum subarray sum}

\index{maximum subarray sum}

There are often several possible algorithms
for solving a problem such that their
time complexities are different.
This section discusses a classic problem that
has a str...


INFO - Retrieved (score=0.4456):
Title: Search the subarray with the maximum/minimum sum
Part: 1/2
# Search the subarray with the maximum/minimum sum

Here, we consider the problem of finding a subarray with maximum sum, as well as some of its variations (including the algorithm for solving this problem online).

## Problem stat...


INFO - Retrieved (score=0.4460):
Title: Longest increasing subsequence
Part: 1/3
# Longest increasing subsequence

We are given an array with $n$ numbers: $a[0 \dots n-1]$.
The task is to find the longest, strictly increasing, subsequence in $a$.

Formally we look for the longest sequence of indices $i_1, \dots i_k$ such that

$...


INFO - [33m Retrieving 3 entries for db: reflections 
 [0m
INFO - Retrieved (score=0.4194):
In reflecting on my attempts to solve the problem, I recognize several key insights that differentiate my approach from the official solution.

### Key Insights from the Official Solution:
1. **Dynamic Programming Approach:** The official solution employs a dynamic programming (DP) strategy to ke...


INFO - Retrieved (score=0.4197):
In my attempts to solve the permutation problem, I learned several key insights about the approach and logic required to derive a valid permutation that meets the specified conditions. 

### Key Insights:
1. **Understanding the Function f(P)**: The function \( f(P) \) is defined as the sum of the...


INFO - Retrieved (score=0.4314):
The official solution employs a set-based dynamic programming approach to solve the problem of minimizing the weight of the last remaining stone. The key insights from this solution are as follows:

1. **Set for Dynamic Programming**: Instead of using a boolean array to track achievable weights, ...


INFO - [33m Retrieving 3 entries for db: summaries 
 [0m
INFO - Retrieved (score=0.3780):
In solving the problem of determining the smallest possible weight of the last remaining rock after a series of smashes, I identified that the core concept revolves around partitioning the weights of the rocks. The goal is to minimize the difference between two groups of weights, which can be app...


INFO - Retrieved (score=0.4099):
In this problem, the goal was to compute the maximum strength of an army formed from a list of distinct Pokémon strengths using an alternating sum. The alternating sum is defined as \( a[b_1] - a[b_2] + a[b_3] - a[b_4] + \ldots \). The challenge was to maximize this sum based on the strengths pro...


INFO - Retrieved (score=0.4126):
In solving the problem of finding the maximum number of indices that can be visited in an array by jumping according to specific rules, I initially implemented a depth-first search (DFS) approach. The main challenge was ensuring that the jump validity checks were correctly implemented, particular...


INFO - [33m Retrieving 3 entries for db: non_func 
 [0m
INFO - Retrieved (score=0.4677):

[description]
This function calculates the minimum possible weight of the last remaining stone after performing a series of operations on a list of stones. It first computes the total weight of all stones and determines a target weight, which is half of the total. A dynamic programming array is ...


INFO - Retrieved (score=0.4888):

[description]
The function calculates the maximum number of jumps that can be made in an array, where each jump can only be made to a lower value within a specified distance. It uses depth-first search (DFS) to explore all possible jumps from each index, while employing memoization to store prev...


INFO - Retrieved (score=0.5249):

[description for function: solve]
This function reads multiple test cases from standard input, where each test case consists of a list of bills and a series of queries. It first constructs a prefix sum array to efficiently calculate the sum of bills between specified indices for each query. For ...


INFO - Retrieved (score=0.3780): 
[Summary]:
    In solving the problem of determining the smallest possible weight of the last remaining rock after a series of smashes, I identified that the core concept revolves around partitioning the weights of the rocks. The goal is to minimize the difference between two groups of weights, ...
INFO - Retrieved (score=0.4099): 
[Summary]:
    In this problem, the goal was to compute the maximum strength of an army formed from a list of distinct Pokémon strengths using an alternating sum. The alternating sum is defined as \( a[b_1] - a[b_2] + a[b_3] - a[b_4] + \ldots \). The challenge was to maximize this sum based on t...
INFO - Retrieved (score=0.4126): 
[Summary]:
    In solving the problem of finding the maximum number of indices that can be visited in an array by jumping according to specific rules, I initially implemented a depth-first search (DFS) approach. The main challenge was ensuring that the jump validity checks were correctly impleme...
INFO - LM call n parse attempt 1 / 3

INFO - [Task id] 318 [prompt] 
You are an expert programmer tasked with solving the problem below.

Follow the user's instructions to solve the problem.
The user can ask for analysis, code, or both.

## Instructions
When asked to output code,
- Make sure to wrap your code in '```python' and '```' Markdown delimiters, 
- include exactly one block of code with the entire solution
- No outside libraries are allowed. 
- Builtins are allowed.
- If the task specifies a function name to be used, follow it strictly (be case sensitive!) and declare the that function last (helper functions are declared first).
- DO NOT write any assert statements / tests.

## Problem
[BEGIN PROBLEM]
There is a pizza with 3n slices of varying size, you and your friends will take slices of pizza as follows:

You will pick any pizza slice.
Your friend Alice will pick next slice in anti clockwise direction of your pick. 
Your friend Bob will pick next slice in clockwise direction of your pick.
Repeat until there are no more slices of pizzas.

Sizes of Pizza slices is represented by circular array slices in clockwise direction.
Return the maximum possible sum of slice sizes which you can have.
 
Example 1:

Input: slices = [1,2,3,4,5,6]
Output: 10
Explanation: Pick pizza slice of size 4, Alice and Bob will pick slices with size 3 and 5 respectively. Then Pick slices with size 6, finally Alice and Bob will pick slice of size 2 and 1 respectively. Total = 4 + 6.

Example 2:

Input: slices = [8,9,8,6,1,1]
Output: 16
Output: Pick pizza slice of size 8 in each turn. If you pick slice with size 9 your partners will pick slices of size 8.

Example 3:
Input: slices = [4,1,2,5,8,3,1,9,7]
Output: 21

Example 4:
Input: slices = [3,1,2]
Output: 3

 
Constraints:

1 <= slices.length <= 500
slices.length % 3 == 0
1 <= slices[i] <= 1000

The output code needs to use the provided function signature

The final python function should begin with: 
```python

class Solution:
    def maxSizeSlices(self, slices: List[int]) -> int:
        
```

[END PROBLEM]

INFO - [Task id] 318 [prompt] 
## Instructions

Reason through the problem and:
1. Restate the problem in plain English
2. Conceptualize a solution first in plain English
3. Write a pseudocode solution
4. Output the final Python 3 solution with your solution steps in comments.

Make sure to wrap your code in '```python' and '```' Markdown delimiters, 
and include exactly one block of code with the entire solution.

No outside libraries are allowed.
Builtins are allowed.

INFO - [Task id] 318 [prompt] 
Also, here are some of your memories.
Feel free to use the given information to aid your problem solving process if necessary.
Do not confuse the memories with the problem statement.

## Memories

[Summary]:
    In solving the problem of determining the smallest possible weight of the last remaining rock after a series of smashes, I identified that the core concept revolves around partitioning the weights of the rocks. The goal is to minimize the difference between two groups of weights, which can be approached using dynamic programming.

    The strategy involved calculating the total weight of the rocks and then using a dynamic programming array to track achievable sums up to half of the total weight. By iterating through each rock and updating the DP array, I was able to determine the largest sum that could be formed without exceeding the target. The final result is derived from the total weight minus twice this sum.

    The implemented solution was efficient and passed all test cases, demonstrating that the approach of using dynamic programming to solve a subset sum-like problem was effective. The final code snippet is as follows:

    ```python
    class Solution:
        def lastStoneWeightII(self, stones: List[int]) -> int:
            total_weight = sum(stones)
            target = total_weight // 2
            dp = [False] * (target + 1)
            dp[0] = True

            for stone in stones:
                for j in range(target, stone - 1, -1):
                    dp[j] = dp[j] or dp[j - stone]

            for j in range(target, -1, -1):
                if dp[j]:
                    return total_weight - 2 * j
    ```

    This experience reinforced the importance of recognizing patterns in problems and applying dynamic programming techniques to optimize solutions.
[/Summary]


[Summary]:
    In this problem, the goal was to compute the maximum strength of an army formed from a list of distinct Pokémon strengths using an alternating sum. The alternating sum is defined as \( a[b_1] - a[b_2] + a[b_3] - a[b_4] + \ldots \). The challenge was to maximize this sum based on the strengths provided.

    Initially, I attempted to sort the strengths in descending order and calculate the alternating sum by adding strengths at even indices and subtracting those at odd indices. However, this approach did not yield the correct results, as it failed to account for the optimal selection of strengths that would maximize the alternating sum.

    The key insight was that the maximum strength can be achieved by carefully selecting the largest strengths for positive contributions and the next largest for negative contributions. The correct approach involves sorting the strengths and then calculating the alternating sum based on their sorted order.

    Despite multiple attempts to fix the code, the output consistently failed to match the expected results. The final code structure was as follows:

    ```python
    def max_strength(test_cases):
        results = []
        for _ in range(test_cases):
            n, q = map(int, input().split())
            strengths = list(map(int, input().split()))
        
            strengths.sort(reverse=True)
        
            max_strength = 0
            for i in range(n):
                if i % 2 == 0:
                    max_strength += strengths[i]
                else:
                    max_strength -= strengths[i]
        
            results.append(max_strength)
    
        for result in results:
            print(result)

    t = int(input())
    max_strength(t)
    ```

    This experience highlighted the importance of understanding the problem requirements thoroughly and ensuring that the logic aligns with the goal of maximizing the alternating sum. The errors encountered were primarily due to miscalculating the contributions of strengths based on their order.
[/Summary]


[Summary]:
    In solving the problem of finding the maximum number of indices that can be visited in an array by jumping according to specific rules, I initially implemented a depth-first search (DFS) approach. The main challenge was ensuring that the jump validity checks were correctly implemented, particularly the requirement that all intermediate values between the starting and destination indices must be less than the value at the starting index.

    Initially, the code failed to account for all valid paths due to incorrect jump validity checks and an inefficient counting mechanism. The use of a visited set was appropriate to prevent revisiting indices, but it led to missed paths when not managed correctly.

    The successful strategy involved implementing memoization to store results for previously computed indices, which significantly improved efficiency and ensured that all valid paths were explored. The final implementation correctly checks both left and right jumps within the allowed distance and verifies that all intermediate values meet the required conditions.

    The final code snippet is as follows:

    ```python
    class Solution:
        def maxJumps(self, arr: list[int], d: int) -> int:
            memo = {}
        
            def dfs(index):
                if index in memo:
                    return memo[index]
            
                max_count = 1
            
                for x in range(1, d + 1):
                    if index + x < len(arr) and arr[index] > arr[index + x]:
                        if all(arr[index] > arr[i] for i in range(index + 1, index + x + 1)):
                            max_count = max(max_count, 1 + dfs(index + x))
            
                for x in range(1, d + 1):
                    if index - x >= 0 and arr[index] > arr[index - x]:
                        if all(arr[index] > arr[i] for i in range(index - 1, index - x - 1, -1)):
                            max_count = max(max_count, 1 + dfs(index - x))
            
                memo[index] = max_count
                return max_count

            max_jumps = 0
            for index in range(len(arr)):
                max_jumps = max(max_jumps, dfs(index))
            return max_jumps
    ```

    This experience reinforced the importance of carefully managing state in recursive functions and the benefits of memoization in optimizing performance.
[/Summary]


INFO - [Task id] 318 [generation text] 1. **Restate the problem in plain English**:
   The problem involves a circular array of pizza slices, where you and two friends (Alice and Bob) take turns picking slices. You want to maximize the total size of the slices you can eat. When you pick a slice, Alice picks the next slice in the anti-clockwise direction, and Bob picks the next slice in the clockwise direction. This continues until all slices are taken. The goal is to determine the maximum sum of slice sizes you can achieve.

2. **Conceptualize a solution first in plain English**:
   To solve this problem, we can use dynamic programming. The idea is to consider two scenarios: one where we include the first slice and one where we exclude it. Since the slices are arranged in a circle, if we include the first slice, we cannot include the last slice. Conversely, if we exclude the first slice, we can include the last slice. We will calculate the maximum sum of slices for both scenarios and return the maximum of the two.

3. **Write a pseudocode solution**:
   ```
   function maxSizeSlices(slices):
       n = length of slices
       k = n / 3  // number of slices you can take
       
       // Helper function to calculate max sum of slices
       function calculateMaxSum(slices, start, end, k):
           dp = array of size (k+1) x (end-start+1) initialized to 0
           for i from start to end:
               for j from min(i, k) down to 1:
                   dp[j][i] = max(dp[j][i-1], dp[j-1][i-2] + slices[i])
           return dp[k][end-start]

       // Case 1: Include the first slice, exclude the last slice
       max1 = calculateMaxSum(slices, 0, n-2, k)
       // Case 2: Exclude the first slice, include the last slice
       max2 = calculateMaxSum(slices, 1, n-1, k)

       return max(max1, max2)
   ```

4. **Output the final Python 3 solution with your solution steps in comments**:
```python
class Solution:
    def maxSizeSlices(self, slices: list[int]) -> int:
        n = len(slices)
        k = n // 3  # number of slices you can take
        
        # Helper function to calculate max sum of slices
        def calculateMaxSum(slices, start, end, k):
            dp = [[0] * (end - start + 1) for _ in range(k + 1)]
            for i in range(start, end + 1):
                for j in range(min(i - start + 1, k), 0, -1):
                    dp[j][i - start] = max(dp[j][i - start - 1], 
                                           dp[j - 1][i - start - 2] + slices[i])
            return dp[k][end - start]

        # Case 1: Include the first slice, exclude the last slice
        max1 = calculateMaxSum(slices, 0, n - 2, k)
        # Case 2: Exclude the first slice, include the last slice
        max2 = calculateMaxSum(slices, 1, n - 1, k)

        return max(max1, max2)
```
INFO - program_code:
 
class Solution:
    def maxSizeSlices(self, slices: list[int]) -> int:
        n = len(slices)
        k = n // 3  # number of slices you can take
        
        # Helper function to calculate max sum of slices
        def calculateMaxSum(slices, start, end, k):
            dp = [[0] * (end - start + 1) for _ in range(k + 1)]
            for i in range(start, end + 1):
                for j in range(min(i - start + 1, k), 0, -1):
                    dp[j][i - start] = max(dp[j][i - start - 1], 
                                           dp[j - 1][i - start - 2] + slices[i])
            return dp[k][end - start]

        # Case 1: Include the first slice, exclude the last slice
        max1 = calculateMaxSum(slices, 0, n - 2, k)
        # Case 2: Exclude the first slice, include the last slice
        max2 = calculateMaxSum(slices, 1, n - 1, k)

        return max(max1, max2)


INFO - program_name:
 

INFO - dependencies:
 []

INFO - raw_msg:
 1. **Restate the problem in plain English**:
   The problem involves a circular array of pizza slices, where you and two friends (Alice and Bob) take turns picking slices. You want to maximize the total size of the slices you can eat. When you pick a slice, Alice picks the next slice in the anti-clockwise direction, and Bob picks the next slice in the clockwise direction. This continues until all slices are taken. The goal is to determine the maximum sum of slice sizes you can achieve.

2. **Conceptualize a solution first in plain English**:
   To solve this problem, we can use dynamic programming. The idea is to consider two scenarios: one where we include the first slice and one where we exclude it. Since the slices are arranged in a circle, if we include the first slice, we cannot include the last slice. Conversely, if we exclude the first slice, we can include the last slice. We will calculate the maximum sum of slices for both scenarios and return the maximum of the two.

3. **Write a pseudocode solution**:
   ```
   function maxSizeSlices(slices):
       n = length of slices
       k = n / 3  // number of slices you can take
       
       // Helper function to calculate max sum of slices
       function calculateMaxSum(slices, start, end, k):
           dp = array of size (k+1) x (end-start+1) initialized to 0
           for i from start to end:
               for j from min(i, k) down to 1:
                   dp[j][i] = max(dp[j][i-1], dp[j-1][i-2] + slices[i])
           return dp[k][end-start]

       // Case 1: Include the first slice, exclude the last slice
       max1 = calculateMaxSum(slices, 0, n-2, k)
       // Case 2: Exclude the first slice, include the last slice
       max2 = calculateMaxSum(slices, 1, n-1, k)

       return max(max1, max2)
   ```

4. **Output the final Python 3 solution with your solution steps in comments**:
```python
class Solution:
    def maxSizeSlices(self, slices: list[int]) -> int:
        n = len(slices)
        k = n // 3  # number of slices you can take
        
        # Helper function to calculate max sum of slices
        def calculateMaxSum(slices, start, end, k):
            dp = [[0] * (end - start + 1) for _ in range(k + 1)]
            for i in range(start, end + 1):
                for j in range(min(i - start + 1, k), 0, -1):
                    dp[j][i - start] = max(dp[j][i - start - 1], 
                                           dp[j - 1][i - start - 2] + slices[i])
            return dp[k][end - start]

        # Case 1: Include the first slice, exclude the last slice
        max1 = calculateMaxSum(slices, 0, n - 2, k)
        # Case 2: Exclude the first slice, include the last slice
        max2 = calculateMaxSum(slices, 1, n - 1, k)

        return max(max1, max2)
```

INFO - no_parent:
 False

INFO - full code to be executed: 
 
class Solution:
    def maxSizeSlices(self, slices: list[int]) -> int:
        n = len(slices)
        k = n // 3  # number of slices you can take
        
        # Helper function to calculate max sum of slices
        def calculateMaxSum(slices, start, end, k):
            dp = [[0] * (end - start + 1) for _ in range(k + 1)]
            for i in range(start, end + 1):
                for j in range(min(i - start + 1, k), 0, -1):
                    dp[j][i - start] = max(dp[j][i - start - 1], 
                                           dp[j - 1][i - start - 2] + slices[i])
            return dp[k][end - start]

        # Case 1: Include the first slice, exclude the last slice
        max1 = calculateMaxSum(slices, 0, n - 2, k)
        # Case 2: Exclude the first slice, include the last slice
        max2 = calculateMaxSum(slices, 1, n - 1, k)

        return max(max1, max2)


INFO - obs: Note: Inputs/outputs here are automatically extracted/truncated so formatting may be a bit off.
Tests passed:

 Input: [[1, 2, 3, 4, 5, 6]] Output: 10

Tests failed:
None
reward: True
done: None
info: {'individual_results': [True]}
INFO - LM call n parse attempt 1 / 3

INFO - [Task id] 318 [prompt] 
You are an expert programmer tasked with solving the problem below.

Follow the user's instructions to solve the problem.
The user can ask for analysis, code, or both.

## Instructions
When asked to output code,
- Make sure to wrap your code in '```python' and '```' Markdown delimiters, 
- include exactly one block of code with the entire solution
- No outside libraries are allowed. 
- Builtins are allowed.
- If the task specifies a function name to be used, follow it strictly (be case sensitive!) and declare the that function last (helper functions are declared first).
- DO NOT write any assert statements / tests.

## Problem
[BEGIN PROBLEM]
There is a pizza with 3n slices of varying size, you and your friends will take slices of pizza as follows:

You will pick any pizza slice.
Your friend Alice will pick next slice in anti clockwise direction of your pick. 
Your friend Bob will pick next slice in clockwise direction of your pick.
Repeat until there are no more slices of pizzas.

Sizes of Pizza slices is represented by circular array slices in clockwise direction.
Return the maximum possible sum of slice sizes which you can have.
 
Example 1:

Input: slices = [1,2,3,4,5,6]
Output: 10
Explanation: Pick pizza slice of size 4, Alice and Bob will pick slices with size 3 and 5 respectively. Then Pick slices with size 6, finally Alice and Bob will pick slice of size 2 and 1 respectively. Total = 4 + 6.

Example 2:

Input: slices = [8,9,8,6,1,1]
Output: 16
Output: Pick pizza slice of size 8 in each turn. If you pick slice with size 9 your partners will pick slices of size 8.

Example 3:
Input: slices = [4,1,2,5,8,3,1,9,7]
Output: 21

Example 4:
Input: slices = [3,1,2]
Output: 3

 
Constraints:

1 <= slices.length <= 500
slices.length % 3 == 0
1 <= slices[i] <= 1000

The output code needs to use the provided function signature

The final python function should begin with: 
```python

class Solution:
    def maxSizeSlices(self, slices: List[int]) -> int:
        
```

[END PROBLEM]

INFO - [Task id] 318 [prompt] 
## Instructions

Reason through the problem and:
1. Restate the problem in plain English
2. Conceptualize a solution first in plain English
3. Write a pseudocode solution
4. Output the final Python 3 solution with your solution steps in comments.

Make sure to wrap your code in '```python' and '```' Markdown delimiters, 
and include exactly one block of code with the entire solution.

No outside libraries are allowed.
Builtins are allowed.

INFO - [Task id] 318 [prompt] 1. **Restate the problem in plain English**:
   The problem involves a circular array of pizza slices, where you and two friends (Alice and Bob) take turns picking slices. You want to maximize the total size of the slices you can eat. When you pick a slice, Alice picks the next slice in the anti-clockwise direction, and Bob picks the next slice in the clockwise direction. This continues until all slices are taken. The goal is to determine the maximum sum of slice sizes you can achieve.

2. **Conceptualize a solution first in plain English**:
   To solve this problem, we can use dynamic programming. The idea is to consider two scenarios: one where we include the first slice and one where we exclude it. Since the slices are arranged in a circle, if we include the first slice, we cannot include the last slice. Conversely, if we exclude the first slice, we can include the last slice. We will calculate the maximum sum of slices for both scenarios and return the maximum of the two.

3. **Write a pseudocode solution**:
   ```
   function maxSizeSlices(slices):
       n = length of slices
       k = n / 3  // number of slices you can take
       
       // Helper function to calculate max sum of slices
       function calculateMaxSum(slices, start, end, k):
           dp = array of size (k+1) x (end-start+1) initialized to 0
           for i from start to end:
               for j from min(i, k) down to 1:
                   dp[j][i] = max(dp[j][i-1], dp[j-1][i-2] + slices[i])
           return dp[k][end-start]

       // Case 1: Include the first slice, exclude the last slice
       max1 = calculateMaxSum(slices, 0, n-2, k)
       // Case 2: Exclude the first slice, include the last slice
       max2 = calculateMaxSum(slices, 1, n-1, k)

       return max(max1, max2)
   ```

4. **Output the final Python 3 solution with your solution steps in comments**:
```python
class Solution:
    def maxSizeSlices(self, slices: list[int]) -> int:
        n = len(slices)
        k = n // 3  # number of slices you can take
        
        # Helper function to calculate max sum of slices
        def calculateMaxSum(slices, start, end, k):
            dp = [[0] * (end - start + 1) for _ in range(k + 1)]
            for i in range(start, end + 1):
                for j in range(min(i - start + 1, k), 0, -1):
                    dp[j][i - start] = max(dp[j][i - start - 1], 
                                           dp[j - 1][i - start - 2] + slices[i])
            return dp[k][end - start]

        # Case 1: Include the first slice, exclude the last slice
        max1 = calculateMaxSum(slices, 0, n - 2, k)
        # Case 2: Exclude the first slice, include the last slice
        max2 = calculateMaxSum(slices, 1, n - 1, k)

        return max(max1, max2)
```
INFO - [Task id] 318 [prompt] 
[Environment Feedback]:
    Note: Inputs/outputs here are automatically extracted/truncated so formatting may be a bit off.
    Tests passed:

     Input: [[1, 2, 3, 4, 5, 6]] Output: 10

    Tests failed:
    None
[/Environment Feedback]

INFO - [Task id] 318 [prompt] 
## Instructions
Now, summarize your attempts as a **standalone** document for your own future reference. (can skip formalities, be concise)

- Only include the most relevant information and code snippets that could be useful in the future.
- If you did not learn much from the current experience (e.g. the problem was too easy), feel free to write less or nothing at all.
- Here are some ideas if the experience was useful:
    - Identifying the core concepts and patterns that problem appears to test for
    - Describing the strategies that seemed to work but did not, and vice versa
    - Describing unexpected errors and how they were fixed

Your summary should be at most a few paragraphs.

INFO - [Task id] 318 [generation text] The problem involved maximizing the sum of pizza slice sizes taken from a circular array, where the picking order was constrained by the actions of two friends. The key insight was to use dynamic programming to handle the circular nature of the problem by considering two cases: one where the first slice is included and the last slice is excluded, and another where the first slice is excluded and the last slice is included.

The solution utilized a helper function to compute the maximum sum of slices that could be taken given a specific range and the number of slices allowed. The dynamic programming table was structured to keep track of the maximum sums possible for each number of slices taken.

The final implementation successfully passed the provided test case, demonstrating that the approach was effective. The core concepts involved were dynamic programming and handling circular arrays, which are common in optimization problems. The solution was straightforward and did not encounter unexpected errors, indicating a solid understanding of the problem requirements and constraints. 

Key code snippet:
```python
def calculateMaxSum(slices, start, end, k):
    dp = [[0] * (end - start + 1) for _ in range(k + 1)]
    for i in range(start, end + 1):
        for j in range(min(i - start + 1, k), 0, -1):
            dp[j][i - start] = max(dp[j][i - start - 1], 
                                   dp[j - 1][i - start - 2] + slices[i])
    return dp[k][end - start]
```
INFO - LM call n parse attempt 1 / 3

INFO - [Task id] 318 [prompt] 
You are an expert programmer tasked with solving the problem below.

Follow the user's instructions to solve the problem.
The user can ask for analysis, code, or both.

## Instructions
When asked to output code,
- Make sure to wrap your code in '```python' and '```' Markdown delimiters, 
- include exactly one block of code with the entire solution
- No outside libraries are allowed. 
- Builtins are allowed.
- If the task specifies a function name to be used, follow it strictly (be case sensitive!) and declare the that function last (helper functions are declared first).
- DO NOT write any assert statements / tests.

## Problem
[BEGIN PROBLEM]
There is a pizza with 3n slices of varying size, you and your friends will take slices of pizza as follows:

You will pick any pizza slice.
Your friend Alice will pick next slice in anti clockwise direction of your pick. 
Your friend Bob will pick next slice in clockwise direction of your pick.
Repeat until there are no more slices of pizzas.

Sizes of Pizza slices is represented by circular array slices in clockwise direction.
Return the maximum possible sum of slice sizes which you can have.
 
Example 1:

Input: slices = [1,2,3,4,5,6]
Output: 10
Explanation: Pick pizza slice of size 4, Alice and Bob will pick slices with size 3 and 5 respectively. Then Pick slices with size 6, finally Alice and Bob will pick slice of size 2 and 1 respectively. Total = 4 + 6.

Example 2:

Input: slices = [8,9,8,6,1,1]
Output: 16
Output: Pick pizza slice of size 8 in each turn. If you pick slice with size 9 your partners will pick slices of size 8.

Example 3:
Input: slices = [4,1,2,5,8,3,1,9,7]
Output: 21

Example 4:
Input: slices = [3,1,2]
Output: 3

 
Constraints:

1 <= slices.length <= 500
slices.length % 3 == 0
1 <= slices[i] <= 1000

The output code needs to use the provided function signature

The final python function should begin with: 
```python

class Solution:
    def maxSizeSlices(self, slices: List[int]) -> int:
        
```

[END PROBLEM]

INFO - [Task id] 318 [prompt] 
## Instructions

Reason through the problem and:
1. Restate the problem in plain English
2. Conceptualize a solution first in plain English
3. Write a pseudocode solution
4. Output the final Python 3 solution with your solution steps in comments.

Make sure to wrap your code in '```python' and '```' Markdown delimiters, 
and include exactly one block of code with the entire solution.

No outside libraries are allowed.
Builtins are allowed.

INFO - [Task id] 318 [prompt] 1. **Restate the problem in plain English**:
   The problem involves a circular array of pizza slices, where you and two friends (Alice and Bob) take turns picking slices. You want to maximize the total size of the slices you can eat. When you pick a slice, Alice picks the next slice in the anti-clockwise direction, and Bob picks the next slice in the clockwise direction. This continues until all slices are taken. The goal is to determine the maximum sum of slice sizes you can achieve.

2. **Conceptualize a solution first in plain English**:
   To solve this problem, we can use dynamic programming. The idea is to consider two scenarios: one where we include the first slice and one where we exclude it. Since the slices are arranged in a circle, if we include the first slice, we cannot include the last slice. Conversely, if we exclude the first slice, we can include the last slice. We will calculate the maximum sum of slices for both scenarios and return the maximum of the two.

3. **Write a pseudocode solution**:
   ```
   function maxSizeSlices(slices):
       n = length of slices
       k = n / 3  // number of slices you can take
       
       // Helper function to calculate max sum of slices
       function calculateMaxSum(slices, start, end, k):
           dp = array of size (k+1) x (end-start+1) initialized to 0
           for i from start to end:
               for j from min(i, k) down to 1:
                   dp[j][i] = max(dp[j][i-1], dp[j-1][i-2] + slices[i])
           return dp[k][end-start]

       // Case 1: Include the first slice, exclude the last slice
       max1 = calculateMaxSum(slices, 0, n-2, k)
       // Case 2: Exclude the first slice, include the last slice
       max2 = calculateMaxSum(slices, 1, n-1, k)

       return max(max1, max2)
   ```

4. **Output the final Python 3 solution with your solution steps in comments**:
```python
class Solution:
    def maxSizeSlices(self, slices: list[int]) -> int:
        n = len(slices)
        k = n // 3  # number of slices you can take
        
        # Helper function to calculate max sum of slices
        def calculateMaxSum(slices, start, end, k):
            dp = [[0] * (end - start + 1) for _ in range(k + 1)]
            for i in range(start, end + 1):
                for j in range(min(i - start + 1, k), 0, -1):
                    dp[j][i - start] = max(dp[j][i - start - 1], 
                                           dp[j - 1][i - start - 2] + slices[i])
            return dp[k][end - start]

        # Case 1: Include the first slice, exclude the last slice
        max1 = calculateMaxSum(slices, 0, n - 2, k)
        # Case 2: Exclude the first slice, include the last slice
        max2 = calculateMaxSum(slices, 1, n - 1, k)

        return max(max1, max2)
```
INFO - [Task id] 318 [prompt] 
[Environment Feedback]:
    Note: Inputs/outputs here are automatically extracted/truncated so formatting may be a bit off.
    Tests passed:

     Input: [[1, 2, 3, 4, 5, 6]] Output: 10

    Tests failed:
    None
[/Environment Feedback]

INFO - [Task id] 318 [prompt] 
Below is the official solution (do exercise discretion as official solutions can also have mistakes).

You will be reflecting on your attempts to solve the problem.
This will be a **standalone** document for your own future reference. (can skip formalities, be concise)

## Instructions
- Only include the most relevant insights and code snippets that could be useful in the future.
- If you did not learn much from the current experience (e.g. the problem was too easy / official solution was obvious), feel free to write less or nothing at all.
- Here are some ideas if the experience was useful:
    - If the official solution is insightful (e.g. better than yours in time and space complexity or more effective in breaking down the problem statement), distil the key approach of the official solution, step by step.
    - If your approach failed the test cases, reason why the official solution works but yours does not

Your reflection should be at most a few paragraphs.

## Official solution
class Solution:
    def maxSizeSlices(self, slices: List[int]) -> int:
        a,b,n=[slices[0]],[0],len(slices)
        for i in range(1,n):
            a.append(max(a[-1],slices[i]))
            b.append(max(b[-1],slices[i]))
        for i in range(2,2*n//3,2):
            aa,bb=[0]*(n-1),[0]*n
            for j in range(i,n-1): aa[j]=max(aa[j-1],a[j-2]+slices[j])
            for j in range(i+1,n): bb[j]=max(bb[j-1],b[j-2]+slices[j])
            a,b=aa,bb
        return max(a[-1],b[-1])

INFO - [Task id] 318 [generation text] The official solution employs a dynamic programming approach that efficiently calculates the maximum sum of pizza slices while considering the constraints of the problem. Here are the key insights and steps from the official solution:

1. **Initialization**: Two lists, `a` and `b`, are initialized. `a` keeps track of the maximum sums when considering slices starting from the first slice, while `b` does the same for slices starting from the second slice.

2. **First Pass**: The first loop iterates through the slices, updating `a` and `b` to store the maximum values encountered so far. This ensures that at any index, we have the best possible sum of slices up to that point.

3. **Dynamic Programming Update**: The second loop iterates through possible slice counts (up to `2*n/3`), updating the `aa` and `bb` arrays. These arrays are used to calculate the maximum sums for the current configuration of slices, ensuring that the constraints of picking slices in a circular manner are respected.

4. **Final Calculation**: The maximum value from the last elements of `a` and `b` is returned, which represents the best possible sum of slices that can be achieved.

The official solution is more concise and effectively handles the circular nature of the problem by maintaining two separate states (`a` and `b`). My initial approach was more verbose and did not optimize the handling of the circular array as effectively. The official solution's use of two lists to track maximum sums from different starting points is a crucial insight that improves both clarity and efficiency. 

In future implementations, I should consider using similar state-tracking techniques to simplify the logic and enhance performance, especially in problems involving circular arrays or sequences with constraints.
INFO - Updated entry: The problem involved maximizing the sum of pizza slice sizes taken from a circular array, where the picking order was constrained by the actions of two friends. The key insight was to use dynamic programming to handle the circular nature of the problem by considering two cases: one where the firs...,

INFO - Metadata: {
    "task_id": 318
}

INFO - Updated entry: The official solution employs a dynamic programming approach that efficiently calculates the maximum sum of pizza slices while considering the constraints of the problem. Here are the key insights and steps from the official solution:

1. **Initialization**: Two lists, `a` and `b`, are initialize...,

INFO - Metadata: {
    "task_id": 318
}

INFO - LM call n parse attempt 1 / 3

INFO - [Task id] 318 [prompt] 
You are a helpful assistant that writes a description of the given function written in the Python programming language.

1) Do not mention the function name.
2) Do not mention anything about helper functions.
3) There might be some helper functions before the main function, but you only need to describe the main function.
4) Try to summarize the function in no more than 6 sentences.
5) Your response should be a single line of text.

INFO - [Task id] 318 [prompt] 
class Solution:
    def maxSizeSlices(self, slices: list[int]) -> int:
        n = len(slices)
        k = n // 3  # number of slices you can take
        
        # Helper function to calculate max sum of slices
        def calculateMaxSum(slices, start, end, k):
            dp = [[0] * (end - start + 1) for _ in range(k + 1)]
            for i in range(start, end + 1):
                for j in range(min(i - start + 1, k), 0, -1):
                    dp[j][i - start] = max(dp[j][i - start - 1], 
                                           dp[j - 1][i - start - 2] + slices[i])
            return dp[k][end - start]

        # Case 1: Include the first slice, exclude the last slice
        max1 = calculateMaxSum(slices, 0, n - 2, k)
        # Case 2: Exclude the first slice, include the last slice
        max2 = calculateMaxSum(slices, 1, n - 1, k)

        return max(max1, max2)

INFO - [Task id] 318 [generation text] This function calculates the maximum sum of pizza slices that can be taken, given a list of slice values. It determines the number of slices that can be selected based on the total number of slices available. The function evaluates two scenarios: one where the first slice is included and the last slice is excluded, and another where the first slice is excluded and the last slice is included. It uses dynamic programming to compute the maximum sum of slices for each scenario. Finally, it returns the greater of the two computed sums.
INFO - LM call n parse attempt 1 / 3

INFO - [Task id] 318 [prompt] 
You are a helpful assistant that extracts important information from problems and solutions to aid in searchability and education.

## Instructions
- Read through the problem and solution carefully.
- Reason out, step by step, in what scenarios this knowledge would be useful.
- Focus on general patterns and situations to help connect this knowledge to new situations.
- Then, include a list of keywords that are useful for searching this problem/solution pair.

## Response format
Respond in JSON, and follow the keys and expected format of the values strictly.

The output should be formatted as a JSON instance that conforms to the JSON schema below.

As an example, for the schema {"properties": {"foo": {"title": "Foo", "description": "a list of strings", "type": "array", "items": {"type": "string"}}}, "required": ["foo"]}
the object {"foo": ["bar", "baz"]} is a well-formatted instance of the schema. The object {"properties": {"foo": ["bar", "baz"]}} is not well-formatted.

Here is the output schema:
```
{"properties": {"scenarios": {"description": "In what scenarios will this knowledge be useful? Answer in a paragraph.", "title": "Scenarios", "type": "string"}, "keywords": {"description": "List of keywords that are useful for searching this problem/solution pair", "items": {"type": "string"}, "title": "Keywords", "type": "array"}}, "required": ["scenarios", "keywords"]}
```

INFO - [Task id] 318 [prompt] 
[Problem]
    There is a pizza with 3n slices of varying size, you and your friends will take slices of pizza as follows:

    You will pick any pizza slice.
    Your friend Alice will pick next slice in anti clockwise direction of your pick. 
    Your friend Bob will pick next slice in clockwise direction of your pick.
    Repeat until there are no more slices of pizzas.

    Sizes of Pizza slices is represented by circular array slices in clockwise direction.
    Return the maximum possible sum of slice sizes which you can have.
 
    Example 1:

    Input: slices = [1,2,3,4,5,6]
    Output: 10
    Explanation: Pick pizza slice of size 4, Alice and Bob will pick slices with size 3 and 5 respectively. Then Pick slices with size 6, finally Alice and Bob will pick slice of size 2 and 1 respectively. Total = 4 + 6.

    Example 2:

    Input: slices = [8,9,8,6,1,1]
    Output: 16
    Output: Pick pizza slice of size 8 in each turn. If you pick slice with size 9 your partners will pick slices of size 8.

    Example 3:
    Input: slices = [4,1,2,5,8,3,1,9,7]
    Output: 21

    Example 4:
    Input: slices = [3,1,2]
    Output: 3

 
    Constraints:

    1 <= slices.length <= 500
    slices.length % 3 == 0
    1 <= slices[i] <= 1000
[/Problem]

[Solution]

    class Solution:
        def maxSizeSlices(self, slices: list[int]) -> int:
            n = len(slices)
            k = n // 3  # number of slices you can take
        
            # Helper function to calculate max sum of slices
            def calculateMaxSum(slices, start, end, k):
                dp = [[0] * (end - start + 1) for _ in range(k + 1)]
                for i in range(start, end + 1):
                    for j in range(min(i - start + 1, k), 0, -1):
                        dp[j][i - start] = max(dp[j][i - start - 1], 
                                               dp[j - 1][i - start - 2] + slices[i])
                return dp[k][end - start]

            # Case 1: Include the first slice, exclude the last slice
            max1 = calculateMaxSum(slices, 0, n - 2, k)
            # Case 2: Exclude the first slice, include the last slice
            max2 = calculateMaxSum(slices, 1, n - 1, k)

            return max(max1, max2)

[/Solution]

INFO - [Task id] 318 [generation text] 
INFO - {
    "scenarios": "This knowledge is useful in scenarios where you need to optimize selections from a circular array with constraints on how selections are made. It can be applied in game theory, resource allocation problems, and any situation where you need to maximize a sum while considering the impact of choices made by others. This could also be relevant in competitive programming and algorithm design, particularly in dynamic programming contexts where you need to manage overlapping subproblems and constraints.",
    "keywords": [
        "pizza slices",
        "dynamic programming",
        "circular array",
        "optimization",
        "game theory",
        "maximum sum",
        "resource allocation",
        "competitive programming"
    ]
}
INFO - {
    "scenarios": "This knowledge is useful in scenarios where you need to optimize selections from a circular array with constraints on how selections are made. It can be applied in game theory, resource allocation problems, and any situation where you need to maximize a sum while considering the impact of choices made by others. This could also be relevant in competitive programming and algorithm design, particularly in dynamic programming contexts where you need to manage overlapping subproblems and constraints.",
    "keywords": [
        "pizza slices",
        "dynamic programming",
        "circular array",
        "optimization",
        "game theory",
        "maximum sum",
        "resource allocation",
        "competitive programming"
    ]
}
INFO - Updated entry: 
[description]
This function calculates the maximum sum of pizza slices that can be taken, given a list of slice values. It determines the number of slices that can be selected based on the total number of slices available. The function evaluates two scenarios: one where the first slice is includ...,

INFO - Metadata: {
    "task": 318,
    "code": "\nclass Solution:\n    def maxSizeSlices(self, slices: list[int]) -> int:\n        n = len(slices)\n        k = n // 3  # number of slices you can take\n        \n        # Helper function to calculate max sum of slices\n        def calculateMaxSum(slices, start, e...

