INFO - DB skill doc count: 1

INFO - DB non_func doc count: 71

INFO - DB semantic doc count: 429

INFO - DB summaries doc count: 91

INFO - DB reflections doc count: 91

INFO - DB episodic doc count: 0

INFO - [train iter]: 91/100 

INFO - The task prompt is There is crazy man named P29892P. He always tries to do crazy things as he thinks. One day he invented a machine and named it as ANGEN. The ANGEN is used to perform range operations. The range operation means performing operations on range values from {L..R}. At any time it performs operations on...

INFO - Attempting task_id 692
INFO - LM call n parse attempt 1 / 3

INFO - [Task id] 692 [prompt] 
You are an expert programmer tasked with solving the problem below.

Follow the user's instructions to solve the problem.
The user can ask for analysis, code, or both.

## Instructions
When asked to output code,
- Make sure to wrap your code in '```python' and '```' Markdown delimiters, 
- include exactly one block of code with the entire solution
- No outside libraries are allowed. 
- Builtins are allowed.
- If the task specifies a function name to be used, follow it strictly (be case sensitive!) and declare the that function last (helper functions are declared first).
- DO NOT write any assert statements / tests.

## Problem
[BEGIN PROBLEM]
There is crazy man named P29892P. He always tries to do crazy things as he thinks. One day he invented a machine and named it as ANGEN. The ANGEN is used to perform range operations. The range operation means performing operations on range values from {L..R}. At any time it performs operations on values in between L to R.
ANGEN can perform following operations
U I V - Update the value present at I  with value V
A L R - Find the sum between range L and R
M L R - Find the maximum number between L and R
m L R - Find the minimum number between L and R
S L R - Find second maximum value in between L and R
s L R - Find second mimimum value in between L and R
If it is not possible perform operation ANGEN returns “NA” with out quotes.
For Invalid operations ANGEN returns “!!!” with out quotes.
Now P29892P challenging his friends and you too, to build his invention with yourown code. So it's your time to defeat P29892P by implementing his invention with your own ability. Let's go and solve the problem.

-----Input-----
Input description.
- The first line of the input contains an integer N denoting the number of integers. 
- The next line contains N space separated integers."
- The next line contains a single integer Q denoting the number of Questions.
-  The next Q lines contains T Question type , L and R.

-----Output-----
Print output for each question in separate line.

-----Constraints-----
Should contain all the constraints on the input data that you may have. Format it like:
- 1 ≤ N ≤ 100000
- 1 ≤ values[i] ≤ 1000000000
- 1 ≤ Q ≤ 10000
- T in { A..Z, a..z }
- 1 ≤ L ≤ R ≤ N

-----Example-----
Input:
6
1 2 5 3 10 6
6
A 1 5
M 1 3
m 5 6
s 3 6
U 1 7
S 1 2

Output:
21
5
6
5
2

-----Explanation-----
...

The output code needs to read from and write to standard IO


[END PROBLEM]

INFO - [Task id] 692 [prompt] 
## Instructions

Reason through the problem and:
1. Restate the problem in plain English
2. Conceptualize a solution first in plain English
3. Write a pseudocode solution
4. Output the final Python 3 solution with your solution steps in comments.

Make sure to wrap your code in '```python' and '```' Markdown delimiters, 
and include exactly one block of code with the entire solution.

No outside libraries are allowed.
Builtins are allowed.

INFO - [Task id] 692 [generation text] ## Problem Restatement

We need to implement a system that can perform various operations on a list of integers. The operations include updating a specific index, finding the sum, maximum, minimum, second maximum, and second minimum within a specified range. If an operation cannot be performed, we return "NA". If the operation type is invalid, we return "!!!".

## Conceptual Solution

1. **Data Structure**: Use a list to store the integers. This allows for efficient access and updates.
2. **Operations**:
   - **Update (U I V)**: Directly update the value at index `I` with `V`.
   - **Sum (A L R)**: Calculate the sum of elements from index `L` to `R`.
   - **Maximum (M L R)**: Find the maximum value from index `L` to `R`.
   - **Minimum (m L R)**: Find the minimum value from index `L` to `R`.
   - **Second Maximum (S L R)**: Find the second largest value from index `L` to `R`. If not possible, return "NA".
   - **Second Minimum (s L R)**: Find the second smallest value from index `L` to `R`. If not possible, return "NA".
3. **Invalid Operations**: If the operation type is not recognized, return "!!!".

## Pseudocode

```
function process_operations(N, values, Q, queries):
    for each query in queries:
        parse the query into operation type T, L, R
        if T is 'U':
            update values[L-1] to R
        else if T is 'A':
            calculate sum of values from L-1 to R-1
            print the sum
        else if T is 'M':
            find max of values from L-1 to R-1
            print the max
        else if T is 'm':
            find min of values from L-1 to R-1
            print the min
        else if T is 'S':
            find second max of values from L-1 to R-1
            if not possible, print "NA"
            else print the second max
        else if T is 's':
            find second min of values from L-1 to R-1
            if not possible, print "NA"
            else print the second min
        else:
            print "!!!"
```

## Final Python Solution

```python
def process_operations(N, values, Q, queries):
    for query in queries:
        parts = query.split()
        T = parts[0]
        L = int(parts[1])
        R = int(parts[2])
        
        if T == 'U':
            # Update operation
            values[L-1] = R
        elif T == 'A':
            # Sum operation
            result = sum(values[L-1:R])
            print(result)
        elif T == 'M':
            # Maximum operation
            result = max(values[L-1:R])
            print(result)
        elif T == 'm':
            # Minimum operation
            result = min(values[L-1:R])
            print(result)
        elif T == 'S':
            # Second maximum operation
            subrange = values[L-1:R]
            unique_values = list(set(subrange))
            if len(unique_values) < 2:
                print("NA")
            else:
                unique_values.sort(reverse=True)
                print(unique_values[1])
        elif T == 's':
            # Second minimum operation
            subrange = values[L-1:R]
            unique_values = list(set(subrange))
            if len(unique_values) < 2:
                print("NA")
            else:
                unique_values.sort()
                print(unique_values[1])
        else:
            # Invalid operation
            print("!!!")

# Example usage:
# Read input
import sys
input = sys.stdin.read
data = input().splitlines()

N = int(data[0])
values = list(map(int, data[1].split()))
Q = int(data[2])
queries = data[3:3+Q]

process_operations(N, values, Q, queries)
```

This code reads from standard input, processes each query according to the specified operations, and outputs the results. Each operation is handled in a straightforward manner, using Python's built-in list operations and functions.
INFO - [35m Rollout attempt 1/4[0m
INFO - [33m Retrieving 1 entries for db: semantic 
 [0m
INFO - Retrieved (score=0.4534):
Title: Range Minimum Query
Part: 1/1
# Range Minimum Query

You are given an array $A[1..N]$.
You have to answer incoming queries of the form $(L, R)$, which ask to find the minimum element in array $A$ between positions $L$ and $R$ inclusive.

RMQ can appear in problems directly or can be applie...


INFO - [33m Retrieving 1 entries for db: reflections 
 [0m
INFO - Retrieved (score=0.3995):
Reflecting on the problem-solving process for this task, there are several insights and takeaways:

1. **Prefix Sum Efficiency**: My approach utilized a prefix sum array to efficiently compute the sum of subarrays in constant time. This is a common technique in competitive programming to handle r...


INFO - [33m Retrieving 1 entries for db: summaries 
 [0m
INFO - Retrieved (score=0.3452):
In this problem, the task was to find a permutation of numbers from 1 to N such that the sum of the maximum of each pair of consecutive elements equals a given integer K. The core concept was understanding the function f(P) and the constraints on its possible values.

### Key Concepts:
- **Functi...


INFO - [33m Retrieving 1 entries for db: skill 
 [0m
INFO - Retrieved (score=0.6807):

[description for function: count_col_triang]
The function takes a list of points, each associated with a color, and categorizes them by color. It then counts the number of non-collinear triangles that can be formed from points of the same color. For each color, it calculates the number of such t...


INFO - [33m Retrieving 1 entries for db: non_func 
 [0m
INFO - Retrieved (score=0.4118):

[description for function: main]
The function reads input data, including the number of hills and operations, and processes these operations on a list of hill heights. It first parses the input to extract the number of hills, the number of operations, the initial heights of the hills, and the li...


INFO - Retrieved (score=0.3452): 
[Summary]:
    In this problem, the task was to find a permutation of numbers from 1 to N such that the sum of the maximum of each pair of consecutive elements equals a given integer K. The core concept was understanding the function f(P) and the constraints on its possible values.

    ### Key ...
INFO - LM call n parse attempt 1 / 3

INFO - [Task id] 692 [prompt] 
You are an expert programmer tasked with solving the problem below.

Follow the user's instructions to solve the problem.
The user can ask for analysis, code, or both.

## Instructions
When asked to output code,
- Make sure to wrap your code in '```python' and '```' Markdown delimiters, 
- include exactly one block of code with the entire solution
- No outside libraries are allowed. 
- Builtins are allowed.
- If the task specifies a function name to be used, follow it strictly (be case sensitive!) and declare the that function last (helper functions are declared first).
- DO NOT write any assert statements / tests.

## Problem
[BEGIN PROBLEM]
There is crazy man named P29892P. He always tries to do crazy things as he thinks. One day he invented a machine and named it as ANGEN. The ANGEN is used to perform range operations. The range operation means performing operations on range values from {L..R}. At any time it performs operations on values in between L to R.
ANGEN can perform following operations
U I V - Update the value present at I  with value V
A L R - Find the sum between range L and R
M L R - Find the maximum number between L and R
m L R - Find the minimum number between L and R
S L R - Find second maximum value in between L and R
s L R - Find second mimimum value in between L and R
If it is not possible perform operation ANGEN returns “NA” with out quotes.
For Invalid operations ANGEN returns “!!!” with out quotes.
Now P29892P challenging his friends and you too, to build his invention with yourown code. So it's your time to defeat P29892P by implementing his invention with your own ability. Let's go and solve the problem.

-----Input-----
Input description.
- The first line of the input contains an integer N denoting the number of integers. 
- The next line contains N space separated integers."
- The next line contains a single integer Q denoting the number of Questions.
-  The next Q lines contains T Question type , L and R.

-----Output-----
Print output for each question in separate line.

-----Constraints-----
Should contain all the constraints on the input data that you may have. Format it like:
- 1 ≤ N ≤ 100000
- 1 ≤ values[i] ≤ 1000000000
- 1 ≤ Q ≤ 10000
- T in { A..Z, a..z }
- 1 ≤ L ≤ R ≤ N

-----Example-----
Input:
6
1 2 5 3 10 6
6
A 1 5
M 1 3
m 5 6
s 3 6
U 1 7
S 1 2

Output:
21
5
6
5
2

-----Explanation-----
...

The output code needs to read from and write to standard IO


[END PROBLEM]

INFO - [Task id] 692 [prompt] 
## Instructions

Reason through the problem and:
1. Restate the problem in plain English
2. Conceptualize a solution first in plain English
3. Write a pseudocode solution
4. Output the final Python 3 solution with your solution steps in comments.

Make sure to wrap your code in '```python' and '```' Markdown delimiters, 
and include exactly one block of code with the entire solution.

No outside libraries are allowed.
Builtins are allowed.

INFO - [Task id] 692 [prompt] 
Also, here are some of your memories.
Feel free to use the given information to aid your problem solving process if necessary.
Do not confuse the memories with the problem statement.

## Memories

[Summary]:
    In this problem, the task was to find a permutation of numbers from 1 to N such that the sum of the maximum of each pair of consecutive elements equals a given integer K. The core concept was understanding the function f(P) and the constraints on its possible values.

    ### Key Concepts:
    - **Function f(P):** This function calculates the sum of the maximum of each pair of consecutive elements in a permutation.
    - **Constraints:** The minimum value of f(P) is N-1, and the maximum is the sum of the largest N-1 numbers (from N to 2).

    ### Strategies:
    - **Initial Approach:** Start with the permutation in decreasing order to achieve the maximum f(P) and adjust it to reach the desired K.
    - **Adjustment Logic:** Swap elements to decrease f(P) until it matches K, ensuring the swaps are valid and maintain the permutation's integrity.

    ### Challenges and Fixes:
    - **Function Call:** Initially, the `main()` function was not called, leading to no output. Ensuring the function is called fixed this issue.
    - **Permutation Adjustment:** The logic needed careful handling to ensure the permutation was adjusted correctly without overshooting the desired K.

    ### Code Snippet:
    ```python
    def find_permutation(N, K):
        max_f = sum(range(2, N + 1))
        min_f = N - 1
        if K < min_f or K > max_f:
            return -1
        permutation = list(range(N, 0, -1))
        current_f = max_f
        for i in range(N - 1):
            if current_f == K:
                break
            decrease = permutation[i] - permutation[i + 1]
            if current_f - decrease >= K:
                current_f -= decrease
                permutation[i], permutation[i + 1] = permutation[i + 1], permutation[i]
        return permutation

    def main():
        import sys
        input = sys.stdin.read
        data = input().split()
        T = int(data[0])
        index = 1
        results = []
        for _ in range(T):
            N = int(data[index])
            K = int(data[index + 1])
            index += 2
            result = find_permutation(N, K)
            if result == -1:
                results.append("-1")
            else:
                results.append(" ".join(map(str, result)))
        sys.stdout.write("\n".join(results) + "\n")

    main()
    ```

    This experience reinforced the importance of understanding problem constraints and ensuring that all parts of the solution, including function calls and input/output handling, are correctly implemented.
[/Summary]


INFO - [Task id] 692 [generation text] ## Problem Restatement

We need to implement a system called ANGEN that can perform various operations on a list of integers. The operations include updating a value at a specific index, finding the sum, maximum, minimum, second maximum, and second minimum within a specified range. If an operation cannot be performed, it should return "NA", and for invalid operations, it should return "!!!".

## Conceptual Solution

1. **Data Structure**: Use a list to store the integers. This allows for easy access and modification of elements.

2. **Operations**:
   - **Update (U I V)**: Directly update the value at index I with V.
   - **Sum (A L R)**: Calculate the sum of elements from index L to R.
   - **Maximum (M L R)**: Find the maximum value in the range L to R.
   - **Minimum (m L R)**: Find the minimum value in the range L to R.
   - **Second Maximum (S L R)**: Find the second largest value in the range L to R. If not possible, return "NA".
   - **Second Minimum (s L R)**: Find the second smallest value in the range L to R. If not possible, return "NA".

3. **Invalid Operations**: If the operation type is not recognized, return "!!!".

## Pseudocode

```
function process_operations(N, values, Q, queries):
    for each query in queries:
        parse the operation type and parameters
        if operation is 'U':
            update the value at index I with V
        else if operation is 'A':
            calculate and print the sum from L to R
        else if operation is 'M':
            find and print the maximum from L to R
        else if operation is 'm':
            find and print the minimum from L to R
        else if operation is 'S':
            find and print the second maximum from L to R
        else if operation is 's':
            find and print the second minimum from L to R
        else:
            print "!!!" for invalid operation
```

## Final Python Solution

```python
def process_operations(N, values, Q, queries):
    for query in queries:
        parts = query.split()
        op = parts[0]
        L = int(parts[1]) - 1
        R = int(parts[2]) - 1
        
        if op == 'U':
            I = L
            V = R + 1
            values[I] = V
        elif op == 'A':
            print(sum(values[L:R+1]))
        elif op == 'M':
            print(max(values[L:R+1]))
        elif op == 'm':
            print(min(values[L:R+1]))
        elif op == 'S':
            subrange = values[L:R+1]
            unique_values = list(set(subrange))
            if len(unique_values) < 2:
                print("NA")
            else:
                unique_values.sort(reverse=True)
                print(unique_values[1])
        elif op == 's':
            subrange = values[L:R+1]
            unique_values = list(set(subrange))
            if len(unique_values) < 2:
                print("NA")
            else:
                unique_values.sort()
                print(unique_values[1])
        else:
            print("!!!")

# Example usage:
# N = 6
# values = [1, 2, 5, 3, 10, 6]
# Q = 6
# queries = ["A 1 5", "M 1 3", "m 5 6", "s 3 6", "U 1 7", "S 1 2"]
# process_operations(N, values, Q, queries)
```

This solution reads the input, processes each query according to the specified operation, and outputs the result. It handles updates, range queries, and checks for invalid operations.
INFO - program_code:
 
def process_operations(N, values, Q, queries):
    for query in queries:
        parts = query.split()
        op = parts[0]
        L = int(parts[1]) - 1
        R = int(parts[2]) - 1
        
        if op == 'U':
            I = L
            V = R + 1
            values[I] = V
        elif op == 'A':
            print(sum(values[L:R+1]))
        elif op == 'M':
            print(max(values[L:R+1]))
        elif op == 'm':
            print(min(values[L:R+1]))
        elif op == 'S':
            subrange = values[L:R+1]
            unique_values = list(set(subrange))
            if len(unique_values) < 2:
                print("NA")
            else:
                unique_values.sort(reverse=True)
                print(unique_values[1])
        elif op == 's':
            subrange = values[L:R+1]
            unique_values = list(set(subrange))
            if len(unique_values) < 2:
                print("NA")
            else:
                unique_values.sort()
                print(unique_values[1])
        else:
            print("!!!")

# Example usage:
# N = 6
# values = [1, 2, 5, 3, 10, 6]
# Q = 6
# queries = ["A 1 5", "M 1 3", "m 5 6", "s 3 6", "U 1 7", "S 1 2"]
# process_operations(N, values, Q, queries)


INFO - program_name:
 process_operations

INFO - dependencies:
 []

INFO - raw_msg:
 ## Problem Restatement

We need to implement a system called ANGEN that can perform various operations on a list of integers. The operations include updating a value at a specific index, finding the sum, maximum, minimum, second maximum, and second minimum within a specified range. If an operation cannot be performed, it should return "NA", and for invalid operations, it should return "!!!".

## Conceptual Solution

1. **Data Structure**: Use a list to store the integers. This allows for easy access and modification of elements.

2. **Operations**:
   - **Update (U I V)**: Directly update the value at index I with V.
   - **Sum (A L R)**: Calculate the sum of elements from index L to R.
   - **Maximum (M L R)**: Find the maximum value in the range L to R.
   - **Minimum (m L R)**: Find the minimum value in the range L to R.
   - **Second Maximum (S L R)**: Find the second largest value in the range L to R. If not possible, return "NA".
   - **Second Minimum (s L R)**: Find the second smallest value in the range L to R. If not possible, return "NA".

3. **Invalid Operations**: If the operation type is not recognized, return "!!!".

## Pseudocode

```
function process_operations(N, values, Q, queries):
    for each query in queries:
        parse the operation type and parameters
        if operation is 'U':
            update the value at index I with V
        else if operation is 'A':
            calculate and print the sum from L to R
        else if operation is 'M':
            find and print the maximum from L to R
        else if operation is 'm':
            find and print the minimum from L to R
        else if operation is 'S':
            find and print the second maximum from L to R
        else if operation is 's':
            find and print the second minimum from L to R
        else:
            print "!!!" for invalid operation
```

## Final Python Solution

```python
def process_operations(N, values, Q, queries):
    for query in queries:
        parts = query.split()
        op = parts[0]
        L = int(parts[1]) - 1
        R = int(parts[2]) - 1
        
        if op == 'U':
            I = L
            V = R + 1
            values[I] = V
        elif op == 'A':
            print(sum(values[L:R+1]))
        elif op == 'M':
            print(max(values[L:R+1]))
        elif op == 'm':
            print(min(values[L:R+1]))
        elif op == 'S':
            subrange = values[L:R+1]
            unique_values = list(set(subrange))
            if len(unique_values) < 2:
                print("NA")
            else:
                unique_values.sort(reverse=True)
                print(unique_values[1])
        elif op == 's':
            subrange = values[L:R+1]
            unique_values = list(set(subrange))
            if len(unique_values) < 2:
                print("NA")
            else:
                unique_values.sort()
                print(unique_values[1])
        else:
            print("!!!")

# Example usage:
# N = 6
# values = [1, 2, 5, 3, 10, 6]
# Q = 6
# queries = ["A 1 5", "M 1 3", "m 5 6", "s 3 6", "U 1 7", "S 1 2"]
# process_operations(N, values, Q, queries)
```

This solution reads the input, processes each query according to the specified operation, and outputs the result. It handles updates, range queries, and checks for invalid operations.

INFO - no_parent:
 False

INFO - full code to be executed: 
 
def process_operations(N, values, Q, queries):
    for query in queries:
        parts = query.split()
        op = parts[0]
        L = int(parts[1]) - 1
        R = int(parts[2]) - 1
        
        if op == 'U':
            I = L
            V = R + 1
            values[I] = V
        elif op == 'A':
            print(sum(values[L:R+1]))
        elif op == 'M':
            print(max(values[L:R+1]))
        elif op == 'm':
            print(min(values[L:R+1]))
        elif op == 'S':
            subrange = values[L:R+1]
            unique_values = list(set(subrange))
            if len(unique_values) < 2:
                print("NA")
            else:
                unique_values.sort(reverse=True)
                print(unique_values[1])
        elif op == 's':
            subrange = values[L:R+1]
            unique_values = list(set(subrange))
            if len(unique_values) < 2:
                print("NA")
            else:
                unique_values.sort()
                print(unique_values[1])
        else:
            print("!!!")

# Example usage:
# N = 6
# values = [1, 2, 5, 3, 10, 6]
# Q = 6
# queries = ["A 1 5", "M 1 3", "m 5 6", "s 3 6", "U 1 7", "S 1 2"]
# process_operations(N, values, Q, queries)


INFO - obs: Note: Inputs/outputs here are automatically extracted/truncated so formatting may be a bit off.
Tests passed:

None

Tests failed:
 Input: ['6', '1 2 5 3 10 6', '6', 'A 1 5', 'M 1 3', 'm 5 6', 's 3 6', 'U 1 7', 'S 1 2'] Expected output: [{'21'}, {'5'}, {'6'}, {'5'}, {'2'}] # Execution output: []
No output detected. You might want to check the reading from / writing to standard IO.
A common mistake is to put the IO inside a function, but the function is not called.

reward: False
done: None
info: {'individual_results': [False]}
INFO - [35m Rollout attempt 2/4[0m
INFO - LM call n parse attempt 1 / 3

INFO - [Task id] 692 [prompt] 
You are an expert programmer tasked with solving the problem below.

Follow the user's instructions to solve the problem.
The user can ask for analysis, code, or both.

## Instructions
When asked to output code,
- Make sure to wrap your code in '```python' and '```' Markdown delimiters, 
- include exactly one block of code with the entire solution
- No outside libraries are allowed. 
- Builtins are allowed.
- If the task specifies a function name to be used, follow it strictly (be case sensitive!) and declare the that function last (helper functions are declared first).
- DO NOT write any assert statements / tests.

## Problem
[BEGIN PROBLEM]
There is crazy man named P29892P. He always tries to do crazy things as he thinks. One day he invented a machine and named it as ANGEN. The ANGEN is used to perform range operations. The range operation means performing operations on range values from {L..R}. At any time it performs operations on values in between L to R.
ANGEN can perform following operations
U I V - Update the value present at I  with value V
A L R - Find the sum between range L and R
M L R - Find the maximum number between L and R
m L R - Find the minimum number between L and R
S L R - Find second maximum value in between L and R
s L R - Find second mimimum value in between L and R
If it is not possible perform operation ANGEN returns “NA” with out quotes.
For Invalid operations ANGEN returns “!!!” with out quotes.
Now P29892P challenging his friends and you too, to build his invention with yourown code. So it's your time to defeat P29892P by implementing his invention with your own ability. Let's go and solve the problem.

-----Input-----
Input description.
- The first line of the input contains an integer N denoting the number of integers. 
- The next line contains N space separated integers."
- The next line contains a single integer Q denoting the number of Questions.
-  The next Q lines contains T Question type , L and R.

-----Output-----
Print output for each question in separate line.

-----Constraints-----
Should contain all the constraints on the input data that you may have. Format it like:
- 1 ≤ N ≤ 100000
- 1 ≤ values[i] ≤ 1000000000
- 1 ≤ Q ≤ 10000
- T in { A..Z, a..z }
- 1 ≤ L ≤ R ≤ N

-----Example-----
Input:
6
1 2 5 3 10 6
6
A 1 5
M 1 3
m 5 6
s 3 6
U 1 7
S 1 2

Output:
21
5
6
5
2

-----Explanation-----
...

The output code needs to read from and write to standard IO


[END PROBLEM]

INFO - [Task id] 692 [prompt] 
## Instructions

Reason through the problem and:
1. Restate the problem in plain English
2. Conceptualize a solution first in plain English
3. Write a pseudocode solution
4. Output the final Python 3 solution with your solution steps in comments.

Make sure to wrap your code in '```python' and '```' Markdown delimiters, 
and include exactly one block of code with the entire solution.

No outside libraries are allowed.
Builtins are allowed.

INFO - [Task id] 692 [prompt] ## Problem Restatement

We need to implement a system called ANGEN that can perform various operations on a list of integers. The operations include updating a value at a specific index, finding the sum, maximum, minimum, second maximum, and second minimum within a specified range. If an operation cannot be performed, it should return "NA", and for invalid operations, it should return "!!!".

## Conceptual Solution

1. **Data Structure**: Use a list to store the integers. This allows for easy access and modification of elements.

2. **Operations**:
   - **Update (U I V)**: Directly update the value at index I with V.
   - **Sum (A L R)**: Calculate the sum of elements from index L to R.
   - **Maximum (M L R)**: Find the maximum value in the range L to R.
   - **Minimum (m L R)**: Find the minimum value in the range L to R.
   - **Second Maximum (S L R)**: Find the second largest value in the range L to R. If not possible, return "NA".
   - **Second Minimum (s L R)**: Find the second smallest value in the range L to R. If not possible, return "NA".

3. **Invalid Operations**: If the operation type is not recognized, return "!!!".

## Pseudocode

```
function process_operations(N, values, Q, queries):
    for each query in queries:
        parse the operation type and parameters
        if operation is 'U':
            update the value at index I with V
        else if operation is 'A':
            calculate and print the sum from L to R
        else if operation is 'M':
            find and print the maximum from L to R
        else if operation is 'm':
            find and print the minimum from L to R
        else if operation is 'S':
            find and print the second maximum from L to R
        else if operation is 's':
            find and print the second minimum from L to R
        else:
            print "!!!" for invalid operation
```

## Final Python Solution

```python
def process_operations(N, values, Q, queries):
    for query in queries:
        parts = query.split()
        op = parts[0]
        L = int(parts[1]) - 1
        R = int(parts[2]) - 1
        
        if op == 'U':
            I = L
            V = R + 1
            values[I] = V
        elif op == 'A':
            print(sum(values[L:R+1]))
        elif op == 'M':
            print(max(values[L:R+1]))
        elif op == 'm':
            print(min(values[L:R+1]))
        elif op == 'S':
            subrange = values[L:R+1]
            unique_values = list(set(subrange))
            if len(unique_values) < 2:
                print("NA")
            else:
                unique_values.sort(reverse=True)
                print(unique_values[1])
        elif op == 's':
            subrange = values[L:R+1]
            unique_values = list(set(subrange))
            if len(unique_values) < 2:
                print("NA")
            else:
                unique_values.sort()
                print(unique_values[1])
        else:
            print("!!!")

# Example usage:
# N = 6
# values = [1, 2, 5, 3, 10, 6]
# Q = 6
# queries = ["A 1 5", "M 1 3", "m 5 6", "s 3 6", "U 1 7", "S 1 2"]
# process_operations(N, values, Q, queries)
```

This solution reads the input, processes each query according to the specified operation, and outputs the result. It handles updates, range queries, and checks for invalid operations.
INFO - [Task id] 692 [prompt] 
[Environment Feedback]:
    Note: Inputs/outputs here are automatically extracted/truncated so formatting may be a bit off.
    Tests passed:

    None

    Tests failed:
     Input: ['6', '1 2 5 3 10 6', '6', 'A 1 5', 'M 1 3', 'm 5 6', 's 3 6', 'U 1 7', 'S 1 2'] Expected output: [{'21'}, {'5'}, {'6'}, {'5'}, {'2'}] # Execution output: []
    No output detected. You might want to check the reading from / writing to standard IO.
    A common mistake is to put the IO inside a function, but the function is not called.

[/Environment Feedback]

INFO - [Task id] 692 [prompt] 
The code doesn't pass all the tests.

## Instructions
- First, think step-by-step about why your code is wrong.
- Then, think step-by-step about where you went wrong in your latest solution.

INFO - [Task id] 692 [generation text] ## Analysis of the Problem

The issue with the current solution is that it doesn't handle input and output correctly for the environment where the code is executed. The function `process_operations` is defined but not called, and the input is not being read from standard input, which is required for the environment to test the solution.

## Steps to Correct the Solution

1. **Reading Input**: We need to read the input directly from standard input using `input()` or `sys.stdin.read()` to handle multiple lines of input.

2. **Calling the Function**: Ensure that the function `process_operations` is called with the correct parameters after reading the input.

3. **Output**: Ensure that the output is printed directly to standard output.

## Revised Solution

Here's the corrected solution with the necessary changes:

```python
def process_operations(N, values, Q, queries):
    for query in queries:
        parts = query.split()
        op = parts[0]
        L = int(parts[1]) - 1
        R = int(parts[2]) - 1
        
        if op == 'U':
            I = L
            V = R + 1
            values[I] = V
        elif op == 'A':
            print(sum(values[L:R+1]))
        elif op == 'M':
            print(max(values[L:R+1]))
        elif op == 'm':
            print(min(values[L:R+1]))
        elif op == 'S':
            subrange = values[L:R+1]
            unique_values = list(set(subrange))
            if len(unique_values) < 2:
                print("NA")
            else:
                unique_values.sort(reverse=True)
                print(unique_values[1])
        elif op == 's':
            subrange = values[L:R+1]
            unique_values = list(set(subrange))
            if len(unique_values) < 2:
                print("NA")
            else:
                unique_values.sort()
                print(unique_values[1])
        else:
            print("!!!")

import sys

def main():
    input = sys.stdin.read
    data = input().splitlines()
    
    N = int(data[0])
    values = list(map(int, data[1].split()))
    Q = int(data[2])
    queries = data[3:3+Q]
    
    process_operations(N, values, Q, queries)

main()
```

### Explanation

- **Input Handling**: The `main()` function reads all input at once using `sys.stdin.read()` and splits it into lines. This is necessary for environments where input is provided as a block.
- **Function Call**: The `process_operations` function is called with the parsed input data.
- **Output**: The results of each query are printed directly within the `process_operations` function. 

This solution should now correctly handle input and output in the expected format for the testing environment.
INFO - [33m Retrieving 1 entries for db: semantic 
 [0m
INFO - Retrieved (score=0.5195):
Title: Continued fractions
Part: 12/12
```
    === "Python"
        ```py
        def solve(p, q, N):
            return p * N * (N + 1) // 2 - q * sum_floor(fraction(p, q), N)
        ``` 

!!! example "[Library Checker - Sum of Floor of Linear](https://judge.yosupo.jp/problem/sum_of_floor_of_li...


INFO - [33m Retrieving 1 entries for db: reflections 
 [0m
INFO - Retrieved (score=0.3787):
Reflecting on the problem-solving process for this task, there are several insights and takeaways:

1. **Prefix Sum Efficiency**: My approach utilized a prefix sum array to efficiently compute the sum of subarrays in constant time. This is a common technique in competitive programming to handle r...


INFO - [33m Retrieving 1 entries for db: summaries 
 [0m
INFO - Retrieved (score=0.3486):
In this problem, the task was to find a permutation of numbers from 1 to N such that the sum of the maximum of each pair of consecutive elements equals a given integer K. The core concept was understanding the function f(P) and the constraints on its possible values.

### Key Concepts:
- **Functi...


INFO - [33m Retrieving 1 entries for db: skill 
 [0m
INFO - Retrieved (score=0.7312):

[description for function: count_col_triang]
The function takes a list of points, each associated with a color, and categorizes them by color. It then counts the number of non-collinear triangles that can be formed from points of the same color. For each color, it calculates the number of such t...


INFO - [33m Retrieving 1 entries for db: non_func 
 [0m
INFO - Retrieved (score=0.4198):

[description for function: main]
The function reads input data from standard input, which includes the number of test cases and for each test case, two integers N and K. It then processes each test case by calling another function to find a permutation of numbers from 1 to N such that a specific...


INFO - Retrieved (score=0.3486): 
[Summary]:
    In this problem, the task was to find a permutation of numbers from 1 to N such that the sum of the maximum of each pair of consecutive elements equals a given integer K. The core concept was understanding the function f(P) and the constraints on its possible values.

    ### Key ...
INFO - LM call n parse attempt 1 / 3

INFO - [Task id] 692 [prompt] 
You are an expert programmer tasked with solving the problem below.

Follow the user's instructions to solve the problem.
The user can ask for analysis, code, or both.

## Instructions
When asked to output code,
- Make sure to wrap your code in '```python' and '```' Markdown delimiters, 
- include exactly one block of code with the entire solution
- No outside libraries are allowed. 
- Builtins are allowed.
- If the task specifies a function name to be used, follow it strictly (be case sensitive!) and declare the that function last (helper functions are declared first).
- DO NOT write any assert statements / tests.

## Problem
[BEGIN PROBLEM]
There is crazy man named P29892P. He always tries to do crazy things as he thinks. One day he invented a machine and named it as ANGEN. The ANGEN is used to perform range operations. The range operation means performing operations on range values from {L..R}. At any time it performs operations on values in between L to R.
ANGEN can perform following operations
U I V - Update the value present at I  with value V
A L R - Find the sum between range L and R
M L R - Find the maximum number between L and R
m L R - Find the minimum number between L and R
S L R - Find second maximum value in between L and R
s L R - Find second mimimum value in between L and R
If it is not possible perform operation ANGEN returns “NA” with out quotes.
For Invalid operations ANGEN returns “!!!” with out quotes.
Now P29892P challenging his friends and you too, to build his invention with yourown code. So it's your time to defeat P29892P by implementing his invention with your own ability. Let's go and solve the problem.

-----Input-----
Input description.
- The first line of the input contains an integer N denoting the number of integers. 
- The next line contains N space separated integers."
- The next line contains a single integer Q denoting the number of Questions.
-  The next Q lines contains T Question type , L and R.

-----Output-----
Print output for each question in separate line.

-----Constraints-----
Should contain all the constraints on the input data that you may have. Format it like:
- 1 ≤ N ≤ 100000
- 1 ≤ values[i] ≤ 1000000000
- 1 ≤ Q ≤ 10000
- T in { A..Z, a..z }
- 1 ≤ L ≤ R ≤ N

-----Example-----
Input:
6
1 2 5 3 10 6
6
A 1 5
M 1 3
m 5 6
s 3 6
U 1 7
S 1 2

Output:
21
5
6
5
2

-----Explanation-----
...

The output code needs to read from and write to standard IO


[END PROBLEM]

INFO - [Task id] 692 [prompt] 
## Instructions

Reason through the problem and:
1. Restate the problem in plain English
2. Conceptualize a solution first in plain English
3. Write a pseudocode solution
4. Output the final Python 3 solution with your solution steps in comments.

Make sure to wrap your code in '```python' and '```' Markdown delimiters, 
and include exactly one block of code with the entire solution.

No outside libraries are allowed.
Builtins are allowed.

INFO - [Task id] 692 [prompt] ## Problem Restatement

We need to implement a system called ANGEN that can perform various operations on a list of integers. The operations include updating a value at a specific index, finding the sum, maximum, minimum, second maximum, and second minimum within a specified range. If an operation cannot be performed, it should return "NA", and for invalid operations, it should return "!!!".

## Conceptual Solution

1. **Data Structure**: Use a list to store the integers. This allows for easy access and modification of elements.

2. **Operations**:
   - **Update (U I V)**: Directly update the value at index I with V.
   - **Sum (A L R)**: Calculate the sum of elements from index L to R.
   - **Maximum (M L R)**: Find the maximum value in the range L to R.
   - **Minimum (m L R)**: Find the minimum value in the range L to R.
   - **Second Maximum (S L R)**: Find the second largest value in the range L to R. If not possible, return "NA".
   - **Second Minimum (s L R)**: Find the second smallest value in the range L to R. If not possible, return "NA".

3. **Invalid Operations**: If the operation type is not recognized, return "!!!".

## Pseudocode

```
function process_operations(N, values, Q, queries):
    for each query in queries:
        parse the operation type and parameters
        if operation is 'U':
            update the value at index I with V
        else if operation is 'A':
            calculate and print the sum from L to R
        else if operation is 'M':
            find and print the maximum from L to R
        else if operation is 'm':
            find and print the minimum from L to R
        else if operation is 'S':
            find and print the second maximum from L to R
        else if operation is 's':
            find and print the second minimum from L to R
        else:
            print "!!!" for invalid operation
```

## Final Python Solution

```python
def process_operations(N, values, Q, queries):
    for query in queries:
        parts = query.split()
        op = parts[0]
        L = int(parts[1]) - 1
        R = int(parts[2]) - 1
        
        if op == 'U':
            I = L
            V = R + 1
            values[I] = V
        elif op == 'A':
            print(sum(values[L:R+1]))
        elif op == 'M':
            print(max(values[L:R+1]))
        elif op == 'm':
            print(min(values[L:R+1]))
        elif op == 'S':
            subrange = values[L:R+1]
            unique_values = list(set(subrange))
            if len(unique_values) < 2:
                print("NA")
            else:
                unique_values.sort(reverse=True)
                print(unique_values[1])
        elif op == 's':
            subrange = values[L:R+1]
            unique_values = list(set(subrange))
            if len(unique_values) < 2:
                print("NA")
            else:
                unique_values.sort()
                print(unique_values[1])
        else:
            print("!!!")

# Example usage:
# N = 6
# values = [1, 2, 5, 3, 10, 6]
# Q = 6
# queries = ["A 1 5", "M 1 3", "m 5 6", "s 3 6", "U 1 7", "S 1 2"]
# process_operations(N, values, Q, queries)
```

This solution reads the input, processes each query according to the specified operation, and outputs the result. It handles updates, range queries, and checks for invalid operations.
INFO - [Task id] 692 [prompt] 
[Environment Feedback]:
    Note: Inputs/outputs here are automatically extracted/truncated so formatting may be a bit off.
    Tests passed:

    None

    Tests failed:
     Input: ['6', '1 2 5 3 10 6', '6', 'A 1 5', 'M 1 3', 'm 5 6', 's 3 6', 'U 1 7', 'S 1 2'] Expected output: [{'21'}, {'5'}, {'6'}, {'5'}, {'2'}] # Execution output: []
    No output detected. You might want to check the reading from / writing to standard IO.
    A common mistake is to put the IO inside a function, but the function is not called.

[/Environment Feedback]

INFO - [Task id] 692 [prompt] 
The code doesn't pass all the tests.

## Instructions
- First, think step-by-step about why your code is wrong.
- Then, think step-by-step about where you went wrong in your latest solution.

INFO - [Task id] 692 [prompt] ## Analysis of the Problem

The issue with the current solution is that it doesn't handle input and output correctly for the environment where the code is executed. The function `process_operations` is defined but not called, and the input is not being read from standard input, which is required for the environment to test the solution.

## Steps to Correct the Solution

1. **Reading Input**: We need to read the input directly from standard input using `input()` or `sys.stdin.read()` to handle multiple lines of input.

2. **Calling the Function**: Ensure that the function `process_operations` is called with the correct parameters after reading the input.

3. **Output**: Ensure that the output is printed directly to standard output.

## Revised Solution

Here's the corrected solution with the necessary changes:

```python
def process_operations(N, values, Q, queries):
    for query in queries:
        parts = query.split()
        op = parts[0]
        L = int(parts[1]) - 1
        R = int(parts[2]) - 1
        
        if op == 'U':
            I = L
            V = R + 1
            values[I] = V
        elif op == 'A':
            print(sum(values[L:R+1]))
        elif op == 'M':
            print(max(values[L:R+1]))
        elif op == 'm':
            print(min(values[L:R+1]))
        elif op == 'S':
            subrange = values[L:R+1]
            unique_values = list(set(subrange))
            if len(unique_values) < 2:
                print("NA")
            else:
                unique_values.sort(reverse=True)
                print(unique_values[1])
        elif op == 's':
            subrange = values[L:R+1]
            unique_values = list(set(subrange))
            if len(unique_values) < 2:
                print("NA")
            else:
                unique_values.sort()
                print(unique_values[1])
        else:
            print("!!!")

import sys

def main():
    input = sys.stdin.read
    data = input().splitlines()
    
    N = int(data[0])
    values = list(map(int, data[1].split()))
    Q = int(data[2])
    queries = data[3:3+Q]
    
    process_operations(N, values, Q, queries)

main()
```

### Explanation

- **Input Handling**: The `main()` function reads all input at once using `sys.stdin.read()` and splits it into lines. This is necessary for environments where input is provided as a block.
- **Function Call**: The `process_operations` function is called with the parsed input data.
- **Output**: The results of each query are printed directly within the `process_operations` function. 

This solution should now correctly handle input and output in the expected format for the testing environment.
INFO - [Task id] 692 [prompt] 
## Instructions
Now, given your insights, try to fix the solution. 
Output a block of correct python3 code to be executed and evaluated again. 

Make sure to wrap your code in '```python' and '```' Markdown delimiters.

INFO - [Task id] 692 [prompt] 
Also, here are some of your memories.
Feel free to use the given information to aid your problem solving process if necessary.
Do not confuse the memories with the problem statement.

## Memories

[Summary]:
    In this problem, the task was to find a permutation of numbers from 1 to N such that the sum of the maximum of each pair of consecutive elements equals a given integer K. The core concept was understanding the function f(P) and the constraints on its possible values.

    ### Key Concepts:
    - **Function f(P):** This function calculates the sum of the maximum of each pair of consecutive elements in a permutation.
    - **Constraints:** The minimum value of f(P) is N-1, and the maximum is the sum of the largest N-1 numbers (from N to 2).

    ### Strategies:
    - **Initial Approach:** Start with the permutation in decreasing order to achieve the maximum f(P) and adjust it to reach the desired K.
    - **Adjustment Logic:** Swap elements to decrease f(P) until it matches K, ensuring the swaps are valid and maintain the permutation's integrity.

    ### Challenges and Fixes:
    - **Function Call:** Initially, the `main()` function was not called, leading to no output. Ensuring the function is called fixed this issue.
    - **Permutation Adjustment:** The logic needed careful handling to ensure the permutation was adjusted correctly without overshooting the desired K.

    ### Code Snippet:
    ```python
    def find_permutation(N, K):
        max_f = sum(range(2, N + 1))
        min_f = N - 1
        if K < min_f or K > max_f:
            return -1
        permutation = list(range(N, 0, -1))
        current_f = max_f
        for i in range(N - 1):
            if current_f == K:
                break
            decrease = permutation[i] - permutation[i + 1]
            if current_f - decrease >= K:
                current_f -= decrease
                permutation[i], permutation[i + 1] = permutation[i + 1], permutation[i]
        return permutation

    def main():
        import sys
        input = sys.stdin.read
        data = input().split()
        T = int(data[0])
        index = 1
        results = []
        for _ in range(T):
            N = int(data[index])
            K = int(data[index + 1])
            index += 2
            result = find_permutation(N, K)
            if result == -1:
                results.append("-1")
            else:
                results.append(" ".join(map(str, result)))
        sys.stdout.write("\n".join(results) + "\n")

    main()
    ```

    This experience reinforced the importance of understanding problem constraints and ensuring that all parts of the solution, including function calls and input/output handling, are correctly implemented.
[/Summary]


INFO - [Task id] 692 [generation text] ```python
def process_operations(N, values, Q, queries):
    for query in queries:
        parts = query.split()
        op = parts[0]
        L = int(parts[1]) - 1
        R = int(parts[2]) - 1
        
        if op == 'U':
            I = L
            V = R + 1
            values[I] = V
        elif op == 'A':
            print(sum(values[L:R+1]))
        elif op == 'M':
            print(max(values[L:R+1]))
        elif op == 'm':
            print(min(values[L:R+1]))
        elif op == 'S':
            subrange = values[L:R+1]
            unique_values = list(set(subrange))
            if len(unique_values) < 2:
                print("NA")
            else:
                unique_values.sort(reverse=True)
                print(unique_values[1])
        elif op == 's':
            subrange = values[L:R+1]
            unique_values = list(set(subrange))
            if len(unique_values) < 2:
                print("NA")
            else:
                unique_values.sort()
                print(unique_values[1])
        else:
            print("!!!")

import sys

def main():
    input = sys.stdin.read
    data = input().splitlines()
    
    N = int(data[0])
    values = list(map(int, data[1].split()))
    Q = int(data[2])
    queries = data[3:3+Q]
    
    process_operations(N, values, Q, queries)

main()
```

### Explanation

- **Input Handling**: The `main()` function reads all input at once using `sys.stdin.read()` and splits it into lines. This is necessary for environments where input is provided as a block.
- **Function Call**: The `process_operations` function is called with the parsed input data.
- **Output**: The results of each query are printed directly within the `process_operations` function. 

This solution should now correctly handle input and output in the expected format for the testing environment.
INFO - program_code:
 
def process_operations(N, values, Q, queries):
    for query in queries:
        parts = query.split()
        op = parts[0]
        L = int(parts[1]) - 1
        R = int(parts[2]) - 1
        
        if op == 'U':
            I = L
            V = R + 1
            values[I] = V
        elif op == 'A':
            print(sum(values[L:R+1]))
        elif op == 'M':
            print(max(values[L:R+1]))
        elif op == 'm':
            print(min(values[L:R+1]))
        elif op == 'S':
            subrange = values[L:R+1]
            unique_values = list(set(subrange))
            if len(unique_values) < 2:
                print("NA")
            else:
                unique_values.sort(reverse=True)
                print(unique_values[1])
        elif op == 's':
            subrange = values[L:R+1]
            unique_values = list(set(subrange))
            if len(unique_values) < 2:
                print("NA")
            else:
                unique_values.sort()
                print(unique_values[1])
        else:
            print("!!!")

import sys

def main():
    input = sys.stdin.read
    data = input().splitlines()
    
    N = int(data[0])
    values = list(map(int, data[1].split()))
    Q = int(data[2])
    queries = data[3:3+Q]
    
    process_operations(N, values, Q, queries)

main()


INFO - program_name:
 main

INFO - dependencies:
 []

INFO - raw_msg:
 ```python
def process_operations(N, values, Q, queries):
    for query in queries:
        parts = query.split()
        op = parts[0]
        L = int(parts[1]) - 1
        R = int(parts[2]) - 1
        
        if op == 'U':
            I = L
            V = R + 1
            values[I] = V
        elif op == 'A':
            print(sum(values[L:R+1]))
        elif op == 'M':
            print(max(values[L:R+1]))
        elif op == 'm':
            print(min(values[L:R+1]))
        elif op == 'S':
            subrange = values[L:R+1]
            unique_values = list(set(subrange))
            if len(unique_values) < 2:
                print("NA")
            else:
                unique_values.sort(reverse=True)
                print(unique_values[1])
        elif op == 's':
            subrange = values[L:R+1]
            unique_values = list(set(subrange))
            if len(unique_values) < 2:
                print("NA")
            else:
                unique_values.sort()
                print(unique_values[1])
        else:
            print("!!!")

import sys

def main():
    input = sys.stdin.read
    data = input().splitlines()
    
    N = int(data[0])
    values = list(map(int, data[1].split()))
    Q = int(data[2])
    queries = data[3:3+Q]
    
    process_operations(N, values, Q, queries)

main()
```

### Explanation

- **Input Handling**: The `main()` function reads all input at once using `sys.stdin.read()` and splits it into lines. This is necessary for environments where input is provided as a block.
- **Function Call**: The `process_operations` function is called with the parsed input data.
- **Output**: The results of each query are printed directly within the `process_operations` function. 

This solution should now correctly handle input and output in the expected format for the testing environment.

INFO - no_parent:
 False

INFO - full code to be executed: 
 
def process_operations(N, values, Q, queries):
    for query in queries:
        parts = query.split()
        op = parts[0]
        L = int(parts[1]) - 1
        R = int(parts[2]) - 1
        
        if op == 'U':
            I = L
            V = R + 1
            values[I] = V
        elif op == 'A':
            print(sum(values[L:R+1]))
        elif op == 'M':
            print(max(values[L:R+1]))
        elif op == 'm':
            print(min(values[L:R+1]))
        elif op == 'S':
            subrange = values[L:R+1]
            unique_values = list(set(subrange))
            if len(unique_values) < 2:
                print("NA")
            else:
                unique_values.sort(reverse=True)
                print(unique_values[1])
        elif op == 's':
            subrange = values[L:R+1]
            unique_values = list(set(subrange))
            if len(unique_values) < 2:
                print("NA")
            else:
                unique_values.sort()
                print(unique_values[1])
        else:
            print("!!!")

import sys

def main():
    input = sys.stdin.read
    data = input().splitlines()
    
    N = int(data[0])
    values = list(map(int, data[1].split()))
    Q = int(data[2])
    queries = data[3:3+Q]
    
    process_operations(N, values, Q, queries)

main()


INFO - obs: Note: Inputs/outputs here are automatically extracted/truncated so formatting may be a bit off.
Tests passed:

 Input: ['6', '1 2 5 3 10 6', '6', 'A 1 5', 'M 1 3', 'm 5 6', 's 3 6', 'U 1 7', 'S 1 2'] Output: 21
5
6
5
2

Tests failed:
None
reward: True
done: None
info: {'individual_results': [True]}
INFO - LM call n parse attempt 1 / 3

INFO - [Task id] 692 [prompt] 
You are an expert programmer tasked with solving the problem below.

Follow the user's instructions to solve the problem.
The user can ask for analysis, code, or both.

## Instructions
When asked to output code,
- Make sure to wrap your code in '```python' and '```' Markdown delimiters, 
- include exactly one block of code with the entire solution
- No outside libraries are allowed. 
- Builtins are allowed.
- If the task specifies a function name to be used, follow it strictly (be case sensitive!) and declare the that function last (helper functions are declared first).
- DO NOT write any assert statements / tests.

## Problem
[BEGIN PROBLEM]
There is crazy man named P29892P. He always tries to do crazy things as he thinks. One day he invented a machine and named it as ANGEN. The ANGEN is used to perform range operations. The range operation means performing operations on range values from {L..R}. At any time it performs operations on values in between L to R.
ANGEN can perform following operations
U I V - Update the value present at I  with value V
A L R - Find the sum between range L and R
M L R - Find the maximum number between L and R
m L R - Find the minimum number between L and R
S L R - Find second maximum value in between L and R
s L R - Find second mimimum value in between L and R
If it is not possible perform operation ANGEN returns “NA” with out quotes.
For Invalid operations ANGEN returns “!!!” with out quotes.
Now P29892P challenging his friends and you too, to build his invention with yourown code. So it's your time to defeat P29892P by implementing his invention with your own ability. Let's go and solve the problem.

-----Input-----
Input description.
- The first line of the input contains an integer N denoting the number of integers. 
- The next line contains N space separated integers."
- The next line contains a single integer Q denoting the number of Questions.
-  The next Q lines contains T Question type , L and R.

-----Output-----
Print output for each question in separate line.

-----Constraints-----
Should contain all the constraints on the input data that you may have. Format it like:
- 1 ≤ N ≤ 100000
- 1 ≤ values[i] ≤ 1000000000
- 1 ≤ Q ≤ 10000
- T in { A..Z, a..z }
- 1 ≤ L ≤ R ≤ N

-----Example-----
Input:
6
1 2 5 3 10 6
6
A 1 5
M 1 3
m 5 6
s 3 6
U 1 7
S 1 2

Output:
21
5
6
5
2

-----Explanation-----
...

The output code needs to read from and write to standard IO


[END PROBLEM]

INFO - [Task id] 692 [prompt] 
## Instructions

Reason through the problem and:
1. Restate the problem in plain English
2. Conceptualize a solution first in plain English
3. Write a pseudocode solution
4. Output the final Python 3 solution with your solution steps in comments.

Make sure to wrap your code in '```python' and '```' Markdown delimiters, 
and include exactly one block of code with the entire solution.

No outside libraries are allowed.
Builtins are allowed.

INFO - [Task id] 692 [prompt] ## Problem Restatement

We need to implement a system called ANGEN that can perform various operations on a list of integers. The operations include updating a value at a specific index, finding the sum, maximum, minimum, second maximum, and second minimum within a specified range. If an operation cannot be performed, it should return "NA", and for invalid operations, it should return "!!!".

## Conceptual Solution

1. **Data Structure**: Use a list to store the integers. This allows for easy access and modification of elements.

2. **Operations**:
   - **Update (U I V)**: Directly update the value at index I with V.
   - **Sum (A L R)**: Calculate the sum of elements from index L to R.
   - **Maximum (M L R)**: Find the maximum value in the range L to R.
   - **Minimum (m L R)**: Find the minimum value in the range L to R.
   - **Second Maximum (S L R)**: Find the second largest value in the range L to R. If not possible, return "NA".
   - **Second Minimum (s L R)**: Find the second smallest value in the range L to R. If not possible, return "NA".

3. **Invalid Operations**: If the operation type is not recognized, return "!!!".

## Pseudocode

```
function process_operations(N, values, Q, queries):
    for each query in queries:
        parse the operation type and parameters
        if operation is 'U':
            update the value at index I with V
        else if operation is 'A':
            calculate and print the sum from L to R
        else if operation is 'M':
            find and print the maximum from L to R
        else if operation is 'm':
            find and print the minimum from L to R
        else if operation is 'S':
            find and print the second maximum from L to R
        else if operation is 's':
            find and print the second minimum from L to R
        else:
            print "!!!" for invalid operation
```

## Final Python Solution

```python
def process_operations(N, values, Q, queries):
    for query in queries:
        parts = query.split()
        op = parts[0]
        L = int(parts[1]) - 1
        R = int(parts[2]) - 1
        
        if op == 'U':
            I = L
            V = R + 1
            values[I] = V
        elif op == 'A':
            print(sum(values[L:R+1]))
        elif op == 'M':
            print(max(values[L:R+1]))
        elif op == 'm':
            print(min(values[L:R+1]))
        elif op == 'S':
            subrange = values[L:R+1]
            unique_values = list(set(subrange))
            if len(unique_values) < 2:
                print("NA")
            else:
                unique_values.sort(reverse=True)
                print(unique_values[1])
        elif op == 's':
            subrange = values[L:R+1]
            unique_values = list(set(subrange))
            if len(unique_values) < 2:
                print("NA")
            else:
                unique_values.sort()
                print(unique_values[1])
        else:
            print("!!!")

# Example usage:
# N = 6
# values = [1, 2, 5, 3, 10, 6]
# Q = 6
# queries = ["A 1 5", "M 1 3", "m 5 6", "s 3 6", "U 1 7", "S 1 2"]
# process_operations(N, values, Q, queries)
```

This solution reads the input, processes each query according to the specified operation, and outputs the result. It handles updates, range queries, and checks for invalid operations.
INFO - [Task id] 692 [prompt] 
[Environment Feedback]:
    Note: Inputs/outputs here are automatically extracted/truncated so formatting may be a bit off.
    Tests passed:

    None

    Tests failed:
     Input: ['6', '1 2 5 3 10 6', '6', 'A 1 5', 'M 1 3', 'm 5 6', 's 3 6', 'U 1 7', 'S 1 2'] Expected output: [{'21'}, {'5'}, {'6'}, {'5'}, {'2'}] # Execution output: []
    No output detected. You might want to check the reading from / writing to standard IO.
    A common mistake is to put the IO inside a function, but the function is not called.

[/Environment Feedback]

INFO - [Task id] 692 [prompt] 
The code doesn't pass all the tests.

## Instructions
- First, think step-by-step about why your code is wrong.
- Then, think step-by-step about where you went wrong in your latest solution.

INFO - [Task id] 692 [prompt] ## Analysis of the Problem

The issue with the current solution is that it doesn't handle input and output correctly for the environment where the code is executed. The function `process_operations` is defined but not called, and the input is not being read from standard input, which is required for the environment to test the solution.

## Steps to Correct the Solution

1. **Reading Input**: We need to read the input directly from standard input using `input()` or `sys.stdin.read()` to handle multiple lines of input.

2. **Calling the Function**: Ensure that the function `process_operations` is called with the correct parameters after reading the input.

3. **Output**: Ensure that the output is printed directly to standard output.

## Revised Solution

Here's the corrected solution with the necessary changes:

```python
def process_operations(N, values, Q, queries):
    for query in queries:
        parts = query.split()
        op = parts[0]
        L = int(parts[1]) - 1
        R = int(parts[2]) - 1
        
        if op == 'U':
            I = L
            V = R + 1
            values[I] = V
        elif op == 'A':
            print(sum(values[L:R+1]))
        elif op == 'M':
            print(max(values[L:R+1]))
        elif op == 'm':
            print(min(values[L:R+1]))
        elif op == 'S':
            subrange = values[L:R+1]
            unique_values = list(set(subrange))
            if len(unique_values) < 2:
                print("NA")
            else:
                unique_values.sort(reverse=True)
                print(unique_values[1])
        elif op == 's':
            subrange = values[L:R+1]
            unique_values = list(set(subrange))
            if len(unique_values) < 2:
                print("NA")
            else:
                unique_values.sort()
                print(unique_values[1])
        else:
            print("!!!")

import sys

def main():
    input = sys.stdin.read
    data = input().splitlines()
    
    N = int(data[0])
    values = list(map(int, data[1].split()))
    Q = int(data[2])
    queries = data[3:3+Q]
    
    process_operations(N, values, Q, queries)

main()
```

### Explanation

- **Input Handling**: The `main()` function reads all input at once using `sys.stdin.read()` and splits it into lines. This is necessary for environments where input is provided as a block.
- **Function Call**: The `process_operations` function is called with the parsed input data.
- **Output**: The results of each query are printed directly within the `process_operations` function. 

This solution should now correctly handle input and output in the expected format for the testing environment.
INFO - [Task id] 692 [prompt] 
## Instructions
Now, given your insights, try to fix the solution. 
Output a block of correct python3 code to be executed and evaluated again. 

Make sure to wrap your code in '```python' and '```' Markdown delimiters.

INFO - [Task id] 692 [prompt] ```python
def process_operations(N, values, Q, queries):
    for query in queries:
        parts = query.split()
        op = parts[0]
        L = int(parts[1]) - 1
        R = int(parts[2]) - 1
        
        if op == 'U':
            I = L
            V = R + 1
            values[I] = V
        elif op == 'A':
            print(sum(values[L:R+1]))
        elif op == 'M':
            print(max(values[L:R+1]))
        elif op == 'm':
            print(min(values[L:R+1]))
        elif op == 'S':
            subrange = values[L:R+1]
            unique_values = list(set(subrange))
            if len(unique_values) < 2:
                print("NA")
            else:
                unique_values.sort(reverse=True)
                print(unique_values[1])
        elif op == 's':
            subrange = values[L:R+1]
            unique_values = list(set(subrange))
            if len(unique_values) < 2:
                print("NA")
            else:
                unique_values.sort()
                print(unique_values[1])
        else:
            print("!!!")

import sys

def main():
    input = sys.stdin.read
    data = input().splitlines()
    
    N = int(data[0])
    values = list(map(int, data[1].split()))
    Q = int(data[2])
    queries = data[3:3+Q]
    
    process_operations(N, values, Q, queries)

main()
```

### Explanation

- **Input Handling**: The `main()` function reads all input at once using `sys.stdin.read()` and splits it into lines. This is necessary for environments where input is provided as a block.
- **Function Call**: The `process_operations` function is called with the parsed input data.
- **Output**: The results of each query are printed directly within the `process_operations` function. 

This solution should now correctly handle input and output in the expected format for the testing environment.
INFO - [Task id] 692 [prompt] 
[Environment Feedback]:
    Note: Inputs/outputs here are automatically extracted/truncated so formatting may be a bit off.
    Tests passed:

     Input: ['6', '1 2 5 3 10 6', '6', 'A 1 5', 'M 1 3', 'm 5 6', 's 3 6', 'U 1 7', 'S 1 2'] Output: 21
    5
    6
    5
    2

    Tests failed:
    None
[/Environment Feedback]

INFO - [Task id] 692 [prompt] 
## Instructions
Now, summarize your attempts as a **standalone** document for your own future reference. (can skip formalities, be concise)

- Only include the most relevant information and code snippets that could be useful in the future.
- If you did not learn much from the current experience (e.g. the problem was too easy), feel free to write less or nothing at all.
- Here are some ideas if the experience was useful:
    - Identifying the core concepts and patterns that problem appears to test for
    - Describing the strategies that seemed to work but did not, and vice versa
    - Describing unexpected errors and how they were fixed

Your summary should be at most a few paragraphs.

INFO - [Task id] 692 [generation text] In this task, I implemented a system called ANGEN to perform various operations on a list of integers. The operations included updating a value at a specific index, finding the sum, maximum, minimum, second maximum, and second minimum within a specified range. The challenge was to handle input and output correctly in a competitive programming environment.

### Key Concepts and Patterns:
- **Range Queries**: Efficiently accessing and manipulating subarrays using slicing.
- **Handling Edge Cases**: For operations like finding the second maximum or minimum, handling cases where there are not enough unique elements.
- **Input/Output Management**: Reading from standard input and writing to standard output, which is crucial in competitive programming.

### Strategies:
- **Direct List Manipulation**: Using Python's list slicing and built-in functions like `sum()`, `max()`, and `min()` to perform operations efficiently.
- **Set for Uniqueness**: Using a set to find unique elements in a subarray, which is useful for finding second maximum/minimum values.

### Fixes and Learnings:
- Initially, the function was defined but not called, and input was not read from standard input, leading to no output. This was fixed by using `sys.stdin.read()` to handle input and ensuring the function was called with the correct parameters.
- The solution was adjusted to handle the environment's input/output requirements, which is a common issue in competitive programming settings.

This experience reinforced the importance of understanding the input/output requirements of the environment and efficiently handling range-based operations on arrays.
INFO - LM call n parse attempt 1 / 3

INFO - [Task id] 692 [prompt] 
You are an expert programmer tasked with solving the problem below.

Follow the user's instructions to solve the problem.
The user can ask for analysis, code, or both.

## Instructions
When asked to output code,
- Make sure to wrap your code in '```python' and '```' Markdown delimiters, 
- include exactly one block of code with the entire solution
- No outside libraries are allowed. 
- Builtins are allowed.
- If the task specifies a function name to be used, follow it strictly (be case sensitive!) and declare the that function last (helper functions are declared first).
- DO NOT write any assert statements / tests.

## Problem
[BEGIN PROBLEM]
There is crazy man named P29892P. He always tries to do crazy things as he thinks. One day he invented a machine and named it as ANGEN. The ANGEN is used to perform range operations. The range operation means performing operations on range values from {L..R}. At any time it performs operations on values in between L to R.
ANGEN can perform following operations
U I V - Update the value present at I  with value V
A L R - Find the sum between range L and R
M L R - Find the maximum number between L and R
m L R - Find the minimum number between L and R
S L R - Find second maximum value in between L and R
s L R - Find second mimimum value in between L and R
If it is not possible perform operation ANGEN returns “NA” with out quotes.
For Invalid operations ANGEN returns “!!!” with out quotes.
Now P29892P challenging his friends and you too, to build his invention with yourown code. So it's your time to defeat P29892P by implementing his invention with your own ability. Let's go and solve the problem.

-----Input-----
Input description.
- The first line of the input contains an integer N denoting the number of integers. 
- The next line contains N space separated integers."
- The next line contains a single integer Q denoting the number of Questions.
-  The next Q lines contains T Question type , L and R.

-----Output-----
Print output for each question in separate line.

-----Constraints-----
Should contain all the constraints on the input data that you may have. Format it like:
- 1 ≤ N ≤ 100000
- 1 ≤ values[i] ≤ 1000000000
- 1 ≤ Q ≤ 10000
- T in { A..Z, a..z }
- 1 ≤ L ≤ R ≤ N

-----Example-----
Input:
6
1 2 5 3 10 6
6
A 1 5
M 1 3
m 5 6
s 3 6
U 1 7
S 1 2

Output:
21
5
6
5
2

-----Explanation-----
...

The output code needs to read from and write to standard IO


[END PROBLEM]

INFO - [Task id] 692 [prompt] 
## Instructions

Reason through the problem and:
1. Restate the problem in plain English
2. Conceptualize a solution first in plain English
3. Write a pseudocode solution
4. Output the final Python 3 solution with your solution steps in comments.

Make sure to wrap your code in '```python' and '```' Markdown delimiters, 
and include exactly one block of code with the entire solution.

No outside libraries are allowed.
Builtins are allowed.

INFO - [Task id] 692 [prompt] ## Problem Restatement

We need to implement a system called ANGEN that can perform various operations on a list of integers. The operations include updating a value at a specific index, finding the sum, maximum, minimum, second maximum, and second minimum within a specified range. If an operation cannot be performed, it should return "NA", and for invalid operations, it should return "!!!".

## Conceptual Solution

1. **Data Structure**: Use a list to store the integers. This allows for easy access and modification of elements.

2. **Operations**:
   - **Update (U I V)**: Directly update the value at index I with V.
   - **Sum (A L R)**: Calculate the sum of elements from index L to R.
   - **Maximum (M L R)**: Find the maximum value in the range L to R.
   - **Minimum (m L R)**: Find the minimum value in the range L to R.
   - **Second Maximum (S L R)**: Find the second largest value in the range L to R. If not possible, return "NA".
   - **Second Minimum (s L R)**: Find the second smallest value in the range L to R. If not possible, return "NA".

3. **Invalid Operations**: If the operation type is not recognized, return "!!!".

## Pseudocode

```
function process_operations(N, values, Q, queries):
    for each query in queries:
        parse the operation type and parameters
        if operation is 'U':
            update the value at index I with V
        else if operation is 'A':
            calculate and print the sum from L to R
        else if operation is 'M':
            find and print the maximum from L to R
        else if operation is 'm':
            find and print the minimum from L to R
        else if operation is 'S':
            find and print the second maximum from L to R
        else if operation is 's':
            find and print the second minimum from L to R
        else:
            print "!!!" for invalid operation
```

## Final Python Solution

```python
def process_operations(N, values, Q, queries):
    for query in queries:
        parts = query.split()
        op = parts[0]
        L = int(parts[1]) - 1
        R = int(parts[2]) - 1
        
        if op == 'U':
            I = L
            V = R + 1
            values[I] = V
        elif op == 'A':
            print(sum(values[L:R+1]))
        elif op == 'M':
            print(max(values[L:R+1]))
        elif op == 'm':
            print(min(values[L:R+1]))
        elif op == 'S':
            subrange = values[L:R+1]
            unique_values = list(set(subrange))
            if len(unique_values) < 2:
                print("NA")
            else:
                unique_values.sort(reverse=True)
                print(unique_values[1])
        elif op == 's':
            subrange = values[L:R+1]
            unique_values = list(set(subrange))
            if len(unique_values) < 2:
                print("NA")
            else:
                unique_values.sort()
                print(unique_values[1])
        else:
            print("!!!")

# Example usage:
# N = 6
# values = [1, 2, 5, 3, 10, 6]
# Q = 6
# queries = ["A 1 5", "M 1 3", "m 5 6", "s 3 6", "U 1 7", "S 1 2"]
# process_operations(N, values, Q, queries)
```

This solution reads the input, processes each query according to the specified operation, and outputs the result. It handles updates, range queries, and checks for invalid operations.
INFO - [Task id] 692 [prompt] 
[Environment Feedback]:
    Note: Inputs/outputs here are automatically extracted/truncated so formatting may be a bit off.
    Tests passed:

    None

    Tests failed:
     Input: ['6', '1 2 5 3 10 6', '6', 'A 1 5', 'M 1 3', 'm 5 6', 's 3 6', 'U 1 7', 'S 1 2'] Expected output: [{'21'}, {'5'}, {'6'}, {'5'}, {'2'}] # Execution output: []
    No output detected. You might want to check the reading from / writing to standard IO.
    A common mistake is to put the IO inside a function, but the function is not called.

[/Environment Feedback]

INFO - [Task id] 692 [prompt] 
The code doesn't pass all the tests.

## Instructions
- First, think step-by-step about why your code is wrong.
- Then, think step-by-step about where you went wrong in your latest solution.

INFO - [Task id] 692 [prompt] ## Analysis of the Problem

The issue with the current solution is that it doesn't handle input and output correctly for the environment where the code is executed. The function `process_operations` is defined but not called, and the input is not being read from standard input, which is required for the environment to test the solution.

## Steps to Correct the Solution

1. **Reading Input**: We need to read the input directly from standard input using `input()` or `sys.stdin.read()` to handle multiple lines of input.

2. **Calling the Function**: Ensure that the function `process_operations` is called with the correct parameters after reading the input.

3. **Output**: Ensure that the output is printed directly to standard output.

## Revised Solution

Here's the corrected solution with the necessary changes:

```python
def process_operations(N, values, Q, queries):
    for query in queries:
        parts = query.split()
        op = parts[0]
        L = int(parts[1]) - 1
        R = int(parts[2]) - 1
        
        if op == 'U':
            I = L
            V = R + 1
            values[I] = V
        elif op == 'A':
            print(sum(values[L:R+1]))
        elif op == 'M':
            print(max(values[L:R+1]))
        elif op == 'm':
            print(min(values[L:R+1]))
        elif op == 'S':
            subrange = values[L:R+1]
            unique_values = list(set(subrange))
            if len(unique_values) < 2:
                print("NA")
            else:
                unique_values.sort(reverse=True)
                print(unique_values[1])
        elif op == 's':
            subrange = values[L:R+1]
            unique_values = list(set(subrange))
            if len(unique_values) < 2:
                print("NA")
            else:
                unique_values.sort()
                print(unique_values[1])
        else:
            print("!!!")

import sys

def main():
    input = sys.stdin.read
    data = input().splitlines()
    
    N = int(data[0])
    values = list(map(int, data[1].split()))
    Q = int(data[2])
    queries = data[3:3+Q]
    
    process_operations(N, values, Q, queries)

main()
```

### Explanation

- **Input Handling**: The `main()` function reads all input at once using `sys.stdin.read()` and splits it into lines. This is necessary for environments where input is provided as a block.
- **Function Call**: The `process_operations` function is called with the parsed input data.
- **Output**: The results of each query are printed directly within the `process_operations` function. 

This solution should now correctly handle input and output in the expected format for the testing environment.
INFO - [Task id] 692 [prompt] 
## Instructions
Now, given your insights, try to fix the solution. 
Output a block of correct python3 code to be executed and evaluated again. 

Make sure to wrap your code in '```python' and '```' Markdown delimiters.

INFO - [Task id] 692 [prompt] ```python
def process_operations(N, values, Q, queries):
    for query in queries:
        parts = query.split()
        op = parts[0]
        L = int(parts[1]) - 1
        R = int(parts[2]) - 1
        
        if op == 'U':
            I = L
            V = R + 1
            values[I] = V
        elif op == 'A':
            print(sum(values[L:R+1]))
        elif op == 'M':
            print(max(values[L:R+1]))
        elif op == 'm':
            print(min(values[L:R+1]))
        elif op == 'S':
            subrange = values[L:R+1]
            unique_values = list(set(subrange))
            if len(unique_values) < 2:
                print("NA")
            else:
                unique_values.sort(reverse=True)
                print(unique_values[1])
        elif op == 's':
            subrange = values[L:R+1]
            unique_values = list(set(subrange))
            if len(unique_values) < 2:
                print("NA")
            else:
                unique_values.sort()
                print(unique_values[1])
        else:
            print("!!!")

import sys

def main():
    input = sys.stdin.read
    data = input().splitlines()
    
    N = int(data[0])
    values = list(map(int, data[1].split()))
    Q = int(data[2])
    queries = data[3:3+Q]
    
    process_operations(N, values, Q, queries)

main()
```

### Explanation

- **Input Handling**: The `main()` function reads all input at once using `sys.stdin.read()` and splits it into lines. This is necessary for environments where input is provided as a block.
- **Function Call**: The `process_operations` function is called with the parsed input data.
- **Output**: The results of each query are printed directly within the `process_operations` function. 

This solution should now correctly handle input and output in the expected format for the testing environment.
INFO - [Task id] 692 [prompt] 
[Environment Feedback]:
    Note: Inputs/outputs here are automatically extracted/truncated so formatting may be a bit off.
    Tests passed:

     Input: ['6', '1 2 5 3 10 6', '6', 'A 1 5', 'M 1 3', 'm 5 6', 's 3 6', 'U 1 7', 'S 1 2'] Output: 21
    5
    6
    5
    2

    Tests failed:
    None
[/Environment Feedback]

INFO - [Task id] 692 [prompt] 
Below is the official solution (do exercise discretion as official solutions can also have mistakes).

You will be reflecting on your attempts to solve the problem.
This will be a **standalone** document for your own future reference. (can skip formalities, be concise)

## Instructions
- Only include the most relevant insights and code snippets that could be useful in the future.
- If you did not learn much from the current experience (e.g. the problem was too easy / official solution was obvious), feel free to write less or nothing at all.
- Here are some ideas if the experience was useful:
    - If the official solution is insightful (e.g. better than yours in time and space complexity or more effective in breaking down the problem statement), distil the key approach of the official solution, step by step.
    - If your approach failed the test cases, reason why the official solution works but yours does not

Your reflection should be at most a few paragraphs.

## Official solution
VQ = "UAMmSs"
n = int(input())
a = list(map(int, input().split()))
for _ in range(int(input())):
 q, x, y = input().split()
 if q not in VQ:
  print("!!!")
  continue
 if q == "U":
  a[int(x) - 1] = int(y)
  continue
 l = int(x) - 1
 r = int(y)
 if q == "A":
  print(sum(a[l:r]))
  continue
 if q == "M":
  print(max(a[l:r]))
  continue
 if q == "m":
  print(min(a[l:r]))
  continue
 s = sorted(set(a[l:r]))
 if len(s) < 2:
  print("NA")
 else:
  print(s[1] if q == "s" else s[-2])


INFO - [Task id] 692 [generation text] Reflecting on the problem-solving process for implementing the ANGEN system, there are several key insights and lessons learned:

1. **Input and Output Handling**: One of the main challenges was ensuring that the input and output were handled correctly for the environment. The official solution uses a straightforward approach by reading input directly and processing it line by line, which is efficient and avoids the pitfalls of function encapsulation without execution.

2. **Operation Implementation**: The official solution efficiently implements each operation using simple list operations and Python's built-in functions. For example, it uses slicing and built-in functions like `sum()`, `max()`, and `min()` to handle range queries, which is both concise and efficient.

3. **Handling Edge Cases**: The official solution effectively handles edge cases, such as when there are not enough unique elements to find a second maximum or minimum, by checking the length of the set of elements in the range. This ensures that the solution is robust and can handle all specified operations correctly.

4. **Code Simplicity and Efficiency**: The official solution is concise and avoids unnecessary complexity. It uses a single loop to process all queries and leverages Python's capabilities to handle operations efficiently. This simplicity makes the code easy to understand and maintain.

Overall, the experience highlighted the importance of correctly handling input/output in competitive programming environments and the value of leveraging Python's built-in functions for efficient data manipulation. The official solution serves as a good example of how to implement a range of operations concisely and effectively.
INFO - Updated entry: In this task, I implemented a system called ANGEN to perform various operations on a list of integers. The operations included updating a value at a specific index, finding the sum, maximum, minimum, second maximum, and second minimum within a specified range. The challenge was to handle input an...,

INFO - Metadata: {
    "task_id": 692
}

INFO - Updated entry: Reflecting on the problem-solving process for implementing the ANGEN system, there are several key insights and lessons learned:

1. **Input and Output Handling**: One of the main challenges was ensuring that the input and output were handled correctly for the environment. The official solution u...,

INFO - Metadata: {
    "task_id": 692
}

INFO - LM call n parse attempt 1 / 3

INFO - [Task id] 692 [prompt] 
You are a helpful assistant that writes a description of the given function written in the Python programming language.

1) Do not mention the function name.
2) Do not mention anything about helper functions.
3) There might be some helper functions before the main function, but you only need to describe the main function.
4) Try to summarize the function in no more than 6 sentences.
5) Your response should be a single line of text.

INFO - [Task id] 692 [prompt] 
def process_operations(N, values, Q, queries):
    for query in queries:
        parts = query.split()
        op = parts[0]
        L = int(parts[1]) - 1
        R = int(parts[2]) - 1
        
        if op == 'U':
            I = L
            V = R + 1
            values[I] = V
        elif op == 'A':
            print(sum(values[L:R+1]))
        elif op == 'M':
            print(max(values[L:R+1]))
        elif op == 'm':
            print(min(values[L:R+1]))
        elif op == 'S':
            subrange = values[L:R+1]
            unique_values = list(set(subrange))
            if len(unique_values) < 2:
                print("NA")
            else:
                unique_values.sort(reverse=True)
                print(unique_values[1])
        elif op == 's':
            subrange = values[L:R+1]
            unique_values = list(set(subrange))
            if len(unique_values) < 2:
                print("NA")
            else:
                unique_values.sort()
                print(unique_values[1])
        else:
            print("!!!")

import sys

def main():
    input = sys.stdin.read
    data = input().splitlines()
    
    N = int(data[0])
    values = list(map(int, data[1].split()))
    Q = int(data[2])
    queries = data[3:3+Q]
    
    process_operations(N, values, Q, queries)

main()


The main function is `main`.
INFO - [Task id] 692 [generation text] The function reads input data from standard input, which includes an integer N, a list of N integers, an integer Q, and Q queries. It then processes each query by calling another function to perform operations on the list of integers. The operations include updating a value at a specific index, calculating the sum, maximum, or minimum of a subrange, and finding the second largest or smallest unique value in a subrange. The results of these operations are printed to the standard output.
INFO - LM call n parse attempt 1 / 3

INFO - [Task id] 692 [prompt] 
You are a helpful assistant that extracts important information from problems and solutions to aid in searchability and education.

## Instructions
- Read through the problem and solution carefully.
- Reason out, step by step, in what scenarios this knowledge would be useful.
- Focus on general patterns and situations to help connect this knowledge to new situations.
- Then, include a list of keywords that are useful for searching this problem/solution pair.

## Response format
Respond in JSON, and follow the keys and expected format of the values strictly.

The output should be formatted as a JSON instance that conforms to the JSON schema below.

As an example, for the schema {"properties": {"foo": {"title": "Foo", "description": "a list of strings", "type": "array", "items": {"type": "string"}}}, "required": ["foo"]}
the object {"foo": ["bar", "baz"]} is a well-formatted instance of the schema. The object {"properties": {"foo": ["bar", "baz"]}} is not well-formatted.

Here is the output schema:
```
{"properties": {"scenarios": {"description": "In what scenarios will this knowledge be useful? Answer in a paragraph.", "title": "Scenarios", "type": "string"}, "keywords": {"description": "List of keywords that are useful for searching this problem/solution pair", "items": {"type": "string"}, "title": "Keywords", "type": "array"}}, "required": ["scenarios", "keywords"]}
```

INFO - [Task id] 692 [prompt] 
[Problem]
    There is crazy man named P29892P. He always tries to do crazy things as he thinks. One day he invented a machine and named it as ANGEN. The ANGEN is used to perform range operations. The range operation means performing operations on range values from {L..R}. At any time it performs operations on values in between L to R.
    ANGEN can perform following operations
    U I V - Update the value present at I  with value V
    A L R - Find the sum between range L and R
    M L R - Find the maximum number between L and R
    m L R - Find the minimum number between L and R
    S L R - Find second maximum value in between L and R
    s L R - Find second mimimum value in between L and R
    If it is not possible perform operation ANGEN returns “NA” with out quotes.
    For Invalid operations ANGEN returns “!!!” with out quotes.
    Now P29892P challenging his friends and you too, to build his invention with yourown code. So it's your time to defeat P29892P by implementing his invention with your own ability. Let's go and solve the problem.

    -----Input-----
    Input description.
    - The first line of the input contains an integer N denoting the number of integers. 
    - The next line contains N space separated integers."
    - The next line contains a single integer Q denoting the number of Questions.
    -  The next Q lines contains T Question type , L and R.

    -----Output-----
    Print output for each question in separate line.

    -----Constraints-----
    Should contain all the constraints on the input data that you may have. Format it like:
    - 1 ≤ N ≤ 100000
    - 1 ≤ values[i] ≤ 1000000000
    - 1 ≤ Q ≤ 10000
    - T in { A..Z, a..z }
    - 1 ≤ L ≤ R ≤ N

    -----Example-----
    Input:
    6
    1 2 5 3 10 6
    6
    A 1 5
    M 1 3
    m 5 6
    s 3 6
    U 1 7
    S 1 2

    Output:
    21
    5
    6
    5
    2

    -----Explanation-----
    ...
[/Problem]

[Solution]

    def process_operations(N, values, Q, queries):
        for query in queries:
            parts = query.split()
            op = parts[0]
            L = int(parts[1]) - 1
            R = int(parts[2]) - 1
        
            if op == 'U':
                I = L
                V = R + 1
                values[I] = V
            elif op == 'A':
                print(sum(values[L:R+1]))
            elif op == 'M':
                print(max(values[L:R+1]))
            elif op == 'm':
                print(min(values[L:R+1]))
            elif op == 'S':
                subrange = values[L:R+1]
                unique_values = list(set(subrange))
                if len(unique_values) < 2:
                    print("NA")
                else:
                    unique_values.sort(reverse=True)
                    print(unique_values[1])
            elif op == 's':
                subrange = values[L:R+1]
                unique_values = list(set(subrange))
                if len(unique_values) < 2:
                    print("NA")
                else:
                    unique_values.sort()
                    print(unique_values[1])
            else:
                print("!!!")

    import sys

    def main():
        input = sys.stdin.read
        data = input().splitlines()
    
        N = int(data[0])
        values = list(map(int, data[1].split()))
        Q = int(data[2])
        queries = data[3:3+Q]
    
        process_operations(N, values, Q, queries)

    main()

[/Solution]

INFO - [Task id] 692 [generation text] 
INFO - {
    "scenarios": "This knowledge is useful in scenarios where you need to perform multiple types of range queries on an array of numbers efficiently. Such scenarios are common in competitive programming, data analysis, and software applications that require dynamic data manipulation and querying, such as databases or real-time data processing systems. Understanding how to implement operations like sum, maximum, minimum, and finding second maximum or minimum within a range can help in optimizing algorithms for performance-critical applications. Additionally, handling invalid operations gracefully is a crucial aspect of robust software development.",
    "keywords": [
        "range operations",
        "update array",
        "sum in range",
        "maximum in range",
        "minimum in range",
        "second maximum",
        "second minimum",
        "invalid operations",
        "competitive programming",
        "data manipulation"
    ]
}
INFO - {
    "scenarios": "This knowledge is useful in scenarios where you need to perform multiple types of range queries on an array of numbers efficiently. Such scenarios are common in competitive programming, data analysis, and software applications that require dynamic data manipulation and querying, such as databases or real-time data processing systems. Understanding how to implement operations like sum, maximum, minimum, and finding second maximum or minimum within a range can help in optimizing algorithms for performance-critical applications. Additionally, handling invalid operations gracefully is a crucial aspect of robust software development.",
    "keywords": [
        "range operations",
        "update array",
        "sum in range",
        "maximum in range",
        "minimum in range",
        "second maximum",
        "second minimum",
        "invalid operations",
        "competitive programming",
        "data manipulation"
    ]
}
INFO - Updated entry: 
[description for function: main]
The function reads input data from standard input, which includes an integer N, a list of N integers, an integer Q, and Q queries. It then processes each query by calling another function to perform operations on the list of integers. The operations include updat...,

INFO - Metadata: {
    "task": 692,
    "code": "\ndef process_operations(N, values, Q, queries):\n    for query in queries:\n        parts = query.split()\n        op = parts[0]\n        L = int(parts[1]) - 1\n        R = int(parts[2]) - 1\n        \n        if op == 'U':\n            I = L\n            V = R + ...

