INFO - DB skill doc count: 0

INFO - DB non_func doc count: 41

INFO - DB semantic doc count: 429

INFO - DB summaries doc count: 52

INFO - DB reflections doc count: 52

INFO - DB episodic doc count: 97

INFO - [train iter]: 52/100 

INFO - The task prompt is Ram and Shyam are sitting next to each other, hoping to cheat on an exam. However, the examination board has prepared $p$ different sets of questions (numbered $0$ through $p-1$), which will be distributed to the students in the following way:
- The students are assigned roll numbers — pairwise d...

INFO - Attempting task_id 1395
INFO - LM call n parse attempt 1 / 3

INFO - [Task id] 1395 [prompt] 
You are an expert programmer tasked with solving the problem below.

Follow the user's instructions to solve the problem.
The user can ask for analysis, code, or both.

## Instructions
When asked to output code,
- Make sure to wrap your code in '```python' and '```' Markdown delimiters, 
- include exactly one block of code with the entire solution
- No outside libraries are allowed. 
- Builtins are allowed.
- If the task specifies a function name to be used, follow it strictly (be case sensitive!) and declare the that function last (helper functions are declared first).
- DO NOT write any assert statements / tests.

## Problem
[BEGIN PROBLEM]
Ram and Shyam are sitting next to each other, hoping to cheat on an exam. However, the examination board has prepared $p$ different sets of questions (numbered $0$ through $p-1$), which will be distributed to the students in the following way:
- The students are assigned roll numbers — pairwise distinct positive integers.
- If a student's roll number is $r$, this student gets the $((r-1)\%p)$-th set of questions.
Obviously, Ram and Shyam can cheat only if they get the same set of questions.
You are given the roll numbers of Ram and Shyam: $A$ and $B$ respectively. Find the number of values of $p$ for which they can cheat, or determine that there is an infinite number of such values.

-----Input-----
- The first line of the input contains a single integer $T$ denoting the number of test cases. The description of $T$ test cases follows.
- The first and only line of each test case contains two space-separated integers $A$ and $B$.

-----Output-----
For each test case, print a single line — the number of values of $p$ for which Ram and Shyam can cheat, or $-1$ if there is an infinite number of such values.

-----Constraints-----
- $1 \le T \le 100$
- $1 \le A, B \le 10^8$

-----Example Input-----
1
2 6

-----Example Output-----
3

-----Explanation-----
Example case 1: They can cheat for $p = 1$, $p = 2$ or $p = 4$.

The output code needs to read from and write to standard IO


[END PROBLEM]

INFO - [Task id] 1395 [prompt] 
## Instructions

Reason through the problem and:
1. Restate the problem in plain English
2. Conceptualize a solution first in plain English
3. Write a pseudocode solution
4. Output the final Python 3 solution with your solution steps in comments.

Make sure to wrap your code in '```python' and '```' Markdown delimiters, 
and include exactly one block of code with the entire solution.

No outside libraries are allowed.
Builtins are allowed.

INFO - [Task id] 1395 [generation text] ## Problem Restatement

We have two students, Ram and Shyam, with roll numbers `A` and `B`. They can only cheat if they receive the same set of questions. The sets of questions are distributed based on the roll number modulo `p`, where `p` is the number of different sets. We need to determine how many values of `p` allow Ram and Shyam to receive the same set of questions. If there are infinitely many such values, we should return `-1`.

## Conceptual Solution

1. **Understanding the Condition**: Ram and Shyam can cheat if `(A-1) % p == (B-1) % p`. This implies that `A-1` and `B-1` must have the same remainder when divided by `p`.

2. **Simplifying the Condition**: The condition can be rewritten as `(A-1) % p == (B-1) % p` which implies `(A-1) - (B-1) = k * p` for some integer `k`. This simplifies to `A - B = k * p`.

3. **Finding Valid `p` Values**: The above equation implies that `p` must be a divisor of `|A - B|`. Therefore, the number of valid `p` values is the number of divisors of `|A - B|`.

4. **Special Case**: If `A == B`, then `A - B = 0`, and any positive integer `p` will satisfy the condition, leading to an infinite number of solutions. In this case, we return `-1`.

5. **Iterating Over Test Cases**: For each test case, compute `|A - B|` and count its divisors to determine the number of valid `p` values.

## Pseudocode

```
function count_divisors(n):
    if n == 0:
        return -1
    count = 0
    for i from 1 to sqrt(n):
        if n % i == 0:
            count += 1
            if i != n // i:
                count += 1
    return count

function solve(T, test_cases):
    for each (A, B) in test_cases:
        diff = abs(A - B)
        result = count_divisors(diff)
        print(result)
```

## Final Python Solution

```python
def count_divisors(n):
    # If n is zero, it means A and B are equal, leading to infinite solutions
    if n == 0:
        return -1
    count = 0
    # Check divisors up to the square root of n
    for i in range(1, int(n**0.5) + 1):
        if n % i == 0:
            count += 1
            # If i is not the square root of n, count the complement divisor
            if i != n // i:
                count += 1
    return count

def solve():
    import sys
    input = sys.stdin.read
    data = input().split()
    
    T = int(data[0])
    index = 1
    results = []
    
    for _ in range(T):
        A = int(data[index])
        B = int(data[index + 1])
        index += 2
        
        diff = abs(A - B)
        result = count_divisors(diff)
        results.append(result)
    
    for res in results:
        print(res)

```

This solution reads input from standard input, processes each test case, and outputs the number of valid `p` values for each case. If `A` equals `B`, it outputs `-1` to indicate infinite solutions.
INFO - [35m Rollout attempt 1/4[0m
INFO - [33m Retrieving 2 entries for db: episodic 
 [0m
INFO - Retrieved (score=0.3578):

[Task]:
    The MarkiT online virtual market startup wants to organize its grand opening in NIT Patna.
    but they want maximum crowd for their inauguration. So the manager told  this  to Praveen a student in NITP who suggested them:
    The first-year students come to campus  every x hour,
   ...


INFO - Retrieved (score=0.3738):

[Task]:
    Given a set of  N  natural numbers 1,2,3........N and Q query.For each query you have to calculate the total number of subset in which  Ith.
    number of set come at Kth postion.Elements of every subset should be in sorted order.
    The answer could  be very large so you have to pr...


INFO - [33m Retrieving 2 entries for db: semantic 
 [0m
INFO - Retrieved (score=0.3853):
Title: Continued fractions
Part: 12/12
```
    === "Python"
        ```py
        def solve(p, q, N):
            return p * N * (N + 1) // 2 - q * sum_floor(fraction(p, q), N)
        ``` 

!!! example "[Library Checker - Sum of Floor of Linear](https://judge.yosupo.jp/problem/sum_of_floor_of_li...


INFO - Retrieved (score=0.3874):
Title: The Inclusion-Exclusion Principle
Part: 2/5
<div id="the-number-of-integer-solutions-to-the-equation"></div>
### Number of upper-bound integer sums {: #number-of-upper-bound-integer-sums }

Consider the following equation:

$$x_1 + x_2 + x_3 + x_4 + x_5 + x_6 = 20$$

where $0 \le x_i \le 8...


INFO - [33m Retrieving 2 entries for db: reflections 
 [0m
INFO - Retrieved (score=0.3681):
In this problem, both my solution and the official solution follow a similar approach, which is straightforward given the problem constraints. The task is to determine the maximum number of Division-3 contests that can be hosted given a set of problems and a limit on the number of days.

Key insi...


INFO - Retrieved (score=0.3832):
In this problem, the task was to determine how many rooms can be completely tiled using tiles from boxes, with the constraint that each room in one house must be paired with a room in the other house, and both must be tiled using the same number of tiles from a single box. The key insight is that...


INFO - [33m Retrieving 2 entries for db: summaries 
 [0m
INFO - Retrieved (score=0.3503):
### Summary of Attempts to Solve the Problem

The problem involves determining if a sequence of integers can be made to sum to zero by performing operations that decrease each element by its index. The key insight is that the sum of the sequence must be a multiple of the sum of indices for it to ...


INFO - Retrieved (score=0.3528):
In this problem, the main task was to find a pair of integers (A, B) for a given integer N such that \(A \oplus B = N\) and \(1 \leq A \leq B \leq N\). The challenge was to efficiently compute the sum of the B values for a range of numbers [L, R] across multiple test cases.

### Core Concepts:
- ...


INFO - [33m Retrieving 2 entries for db: non_func 
 [0m
INFO - Retrieved (score=0.4196):

[description for function: main]
The function reads input from standard input, which includes a number of test cases, and for each test case, it reads two integers, N and K. It then calls another function to find a permutation of numbers from 1 to N such that a specific sum condition is met, or ...


INFO - Retrieved (score=0.4373):

[description for function: main]
The function reads input data, which includes multiple test cases, each specifying a number \( N \) and a number of queries \( Q \). For each query, it reads two integers \( I \) and \( K \) and calculates the number of subsets of size \( K \) that can be formed ...


INFO - Retrieved (score=0.3503): 
[Summary]:
    ### Summary of Attempts to Solve the Problem

    The problem involves determining if a sequence of integers can be made to sum to zero by performing operations that decrease each element by its index. The key insight is that the sum of the sequence must be a multiple of the sum o...
INFO - Retrieved (score=0.3528): 
[Summary]:
    In this problem, the main task was to find a pair of integers (A, B) for a given integer N such that \(A \oplus B = N\) and \(1 \leq A \leq B \leq N\). The challenge was to efficiently compute the sum of the B values for a range of numbers [L, R] across multiple test cases.

    #...
INFO - LM call n parse attempt 1 / 3

INFO - [Task id] 1395 [prompt] 
You are an expert programmer tasked with solving the problem below.

Follow the user's instructions to solve the problem.
The user can ask for analysis, code, or both.

## Instructions
When asked to output code,
- Make sure to wrap your code in '```python' and '```' Markdown delimiters, 
- include exactly one block of code with the entire solution
- No outside libraries are allowed. 
- Builtins are allowed.
- If the task specifies a function name to be used, follow it strictly (be case sensitive!) and declare the that function last (helper functions are declared first).
- DO NOT write any assert statements / tests.

## Problem
[BEGIN PROBLEM]
Ram and Shyam are sitting next to each other, hoping to cheat on an exam. However, the examination board has prepared $p$ different sets of questions (numbered $0$ through $p-1$), which will be distributed to the students in the following way:
- The students are assigned roll numbers — pairwise distinct positive integers.
- If a student's roll number is $r$, this student gets the $((r-1)\%p)$-th set of questions.
Obviously, Ram and Shyam can cheat only if they get the same set of questions.
You are given the roll numbers of Ram and Shyam: $A$ and $B$ respectively. Find the number of values of $p$ for which they can cheat, or determine that there is an infinite number of such values.

-----Input-----
- The first line of the input contains a single integer $T$ denoting the number of test cases. The description of $T$ test cases follows.
- The first and only line of each test case contains two space-separated integers $A$ and $B$.

-----Output-----
For each test case, print a single line — the number of values of $p$ for which Ram and Shyam can cheat, or $-1$ if there is an infinite number of such values.

-----Constraints-----
- $1 \le T \le 100$
- $1 \le A, B \le 10^8$

-----Example Input-----
1
2 6

-----Example Output-----
3

-----Explanation-----
Example case 1: They can cheat for $p = 1$, $p = 2$ or $p = 4$.

The output code needs to read from and write to standard IO


[END PROBLEM]

INFO - [Task id] 1395 [prompt] 
## Instructions

Reason through the problem and:
1. Restate the problem in plain English
2. Conceptualize a solution first in plain English
3. Write a pseudocode solution
4. Output the final Python 3 solution with your solution steps in comments.

Make sure to wrap your code in '```python' and '```' Markdown delimiters, 
and include exactly one block of code with the entire solution.

No outside libraries are allowed.
Builtins are allowed.

INFO - [Task id] 1395 [prompt] 
Also, here are some of your memories.
Feel free to use the given information to aid your problem solving process if necessary.
Do not confuse the memories with the problem statement.

## Memories

[Summary]:
    ### Summary of Attempts to Solve the Problem

    The problem involves determining if a sequence of integers can be made to sum to zero by performing operations that decrease each element by its index. The key insight is that the sum of the sequence must be a multiple of the sum of indices for it to be possible to adjust the sequence to zero.

    #### Core Concepts and Patterns

    1. **Operations and Indices**: The operation allows us to decrease each element by its index, which means the sum of the sequence can be adjusted by multiples of the sum of indices.

    2. **Feasibility Check**: The sum of the sequence must be a multiple of the sum of indices. Additionally, the number of operations (`k`) required to make the sequence zero must be feasible for each element, meaning no element should become negative after applying the operations.

    #### Strategies and Errors

    - **Initial Strategy**: The initial approach was to check if the sum of the sequence is a multiple of the sum of indices. This was a partial solution but did not account for the feasibility of operations on individual elements.

    - **Refined Strategy**: The refined approach involved checking if the sum of the sequence is a multiple of the sum of indices and ensuring that each element can be adjusted without becoming negative. This involved calculating `k` and verifying that `A[i] >= k * (i + 1)` for all elements.

    - **Unexpected Errors**: The main error was assuming that checking the divisibility of the sum was sufficient. The solution needed to ensure that the operations could be applied to each element without making any element negative.

    #### Final Solution

    The final solution correctly checks both the divisibility and feasibility of operations:

    ```python
    def is_good_sequence_possible():
        import sys
        input = sys.stdin.read
        data = input().split()
    
        index = 0
        T = int(data[index])
        index += 1
        results = []
    
        for _ in range(T):
            N = int(data[index])
            index += 1
            A = list(map(int, data[index:index + N]))
            index += N
        
            sum_A = sum(A)
            sum_indices = N * (N + 1) // 2  # Sum of first N natural numbers
        
            if sum_A % sum_indices == 0:
                k = sum_A // sum_indices
                possible = True
                for i in range(N):
                    if A[i] < k * (i + 1):
                        possible = False
                        break
                if possible:
                    results.append("YES")
                else:
                    results.append("NO")
            else:
                results.append("NO")
    
        for result in results:
            print(result)

    is_good_sequence_possible()
    ```

    This experience highlighted the importance of considering both global conditions (like divisibility) and local constraints (like non-negativity of elements) when solving problems involving operations on sequences.
[/Summary]


[Summary]:
    In this problem, the main task was to find a pair of integers (A, B) for a given integer N such that \(A \oplus B = N\) and \(1 \leq A \leq B \leq N\). The challenge was to efficiently compute the sum of the B values for a range of numbers [L, R] across multiple test cases.

    ### Core Concepts:
    - **XOR Operation**: Understanding how the XOR operation works was crucial. For each bit in the binary representation of N, A and B must differ if the bit is 1, and be the same if the bit is 0.
    - **Iterative Search**: The solution involved iterating over possible values of A and computing B as \(A \oplus N\). The condition \(A \leq B \leq N\) was checked to ensure a valid pair.

    ### Strategies:
    - **Brute Force with Constraints**: Although the problem could potentially involve a large number of computations, the constraints allowed for a straightforward brute force approach within the range [1, N] for each N.
    - **Efficient Input Handling**: Given the large number of test cases, reading input efficiently and processing each test case in a loop was necessary.

    ### Code Snippet:
    ```python
    def F(N):
        for A in range(1, N + 1):
            B = A ^ N
            if A <= B <= N:
                return B
        return -1

    def G(L, R):
        total = 0
        for i in range(L, R + 1):
            total += F(i)
        return total

    def main():
        import sys
        input = sys.stdin.read
        data = input().split()
    
        index = 0
        T = int(data[index])
        index += 1
        results = []
    
        for _ in range(T):
            L = int(data[index])
            R = int(data[index + 1])
            index += 2
            result = G(L, R)
            results.append(result)
    
        for res in results:
            print(res)

    if __name__ == "__main__":
        main()
    ```

    This problem reinforced the importance of understanding bitwise operations and efficiently handling large input sizes. The solution was straightforward once the XOR properties were clear, and the iterative approach was sufficient given the constraints.
[/Summary]


INFO - [Task id] 1395 [generation text] ### Problem Restatement

Ram and Shyam want to cheat on an exam by getting the same set of questions. The exam board has `p` different sets of questions, and each student gets a set based on their roll number `r` using the formula `((r-1) % p)`. Given the roll numbers `A` and `B` for Ram and Shyam, we need to determine how many values of `p` allow them to get the same set of questions. If there are infinitely many such values, we should return `-1`.

### Conceptual Solution

1. **Understanding the Condition**: For Ram and Shyam to get the same set, the condition `((A-1) % p) == ((B-1) % p)` must hold. This implies that `(A-1) % p` and `(B-1) % p` must be equal.

2. **Simplifying the Condition**: The condition can be rewritten as `(A-1) % p == (B-1) % p`, which implies `(A-1) - (B-1) = k * p` for some integer `k`. This simplifies to `(A-B) % p == 0`.

3. **Finding Valid `p` Values**: The number of valid `p` values is the number of divisors of `|A-B|`. If `A == B`, then `|A-B| = 0`, and any positive integer `p` will satisfy the condition, leading to infinitely many solutions.

4. **Algorithm**:
   - For each test case, calculate `|A-B|`.
   - If `A == B`, output `-1` (infinite solutions).
   - Otherwise, count the divisors of `|A-B|` to determine the number of valid `p` values.

### Pseudocode

```
function countDivisors(n):
    if n == 0:
        return -1
    count = 0
    for i from 1 to sqrt(n):
        if n % i == 0:
            count += 1
            if i != n // i:
                count += 1
    return count

function solve(T, test_cases):
    results = []
    for each (A, B) in test_cases:
        diff = abs(A - B)
        if diff == 0:
            results.append(-1)
        else:
            results.append(countDivisors(diff))
    return results
```

### Final Python Solution

```python
def countDivisors(n):
    if n == 0:
        return -1
    count = 0
    i = 1
    while i * i <= n:
        if n % i == 0:
            count += 1
            if i != n // i:
                count += 1
        i += 1
    return count

def solve(T, test_cases):
    results = []
    for A, B in test_cases:
        diff = abs(A - B)
        if diff == 0:
            results.append(-1)
        else:
            results.append(countDivisors(diff))
    return results

# Reading input and outputting results
import sys
input = sys.stdin.read
data = input().split()

T = int(data[0])
test_cases = []
index = 1
for _ in range(T):
    A = int(data[index])
    B = int(data[index + 1])
    test_cases.append((A, B))
    index += 2

results = solve(T, test_cases)
for result in results:
    print(result)
```

This solution reads the input, processes each test case to determine the number of valid `p` values, and outputs the result for each test case.
INFO - program_code:
 
def countDivisors(n):
    if n == 0:
        return -1
    count = 0
    i = 1
    while i * i <= n:
        if n % i == 0:
            count += 1
            if i != n // i:
                count += 1
        i += 1
    return count

def solve(T, test_cases):
    results = []
    for A, B in test_cases:
        diff = abs(A - B)
        if diff == 0:
            results.append(-1)
        else:
            results.append(countDivisors(diff))
    return results

# Reading input and outputting results
import sys
input = sys.stdin.read
data = input().split()

T = int(data[0])
test_cases = []
index = 1
for _ in range(T):
    A = int(data[index])
    B = int(data[index + 1])
    test_cases.append((A, B))
    index += 2

results = solve(T, test_cases)
for result in results:
    print(result)


INFO - program_name:
 solve

INFO - dependencies:
 []

INFO - raw_msg:
 ### Problem Restatement

Ram and Shyam want to cheat on an exam by getting the same set of questions. The exam board has `p` different sets of questions, and each student gets a set based on their roll number `r` using the formula `((r-1) % p)`. Given the roll numbers `A` and `B` for Ram and Shyam, we need to determine how many values of `p` allow them to get the same set of questions. If there are infinitely many such values, we should return `-1`.

### Conceptual Solution

1. **Understanding the Condition**: For Ram and Shyam to get the same set, the condition `((A-1) % p) == ((B-1) % p)` must hold. This implies that `(A-1) % p` and `(B-1) % p` must be equal.

2. **Simplifying the Condition**: The condition can be rewritten as `(A-1) % p == (B-1) % p`, which implies `(A-1) - (B-1) = k * p` for some integer `k`. This simplifies to `(A-B) % p == 0`.

3. **Finding Valid `p` Values**: The number of valid `p` values is the number of divisors of `|A-B|`. If `A == B`, then `|A-B| = 0`, and any positive integer `p` will satisfy the condition, leading to infinitely many solutions.

4. **Algorithm**:
   - For each test case, calculate `|A-B|`.
   - If `A == B`, output `-1` (infinite solutions).
   - Otherwise, count the divisors of `|A-B|` to determine the number of valid `p` values.

### Pseudocode

```
function countDivisors(n):
    if n == 0:
        return -1
    count = 0
    for i from 1 to sqrt(n):
        if n % i == 0:
            count += 1
            if i != n // i:
                count += 1
    return count

function solve(T, test_cases):
    results = []
    for each (A, B) in test_cases:
        diff = abs(A - B)
        if diff == 0:
            results.append(-1)
        else:
            results.append(countDivisors(diff))
    return results
```

### Final Python Solution

```python
def countDivisors(n):
    if n == 0:
        return -1
    count = 0
    i = 1
    while i * i <= n:
        if n % i == 0:
            count += 1
            if i != n // i:
                count += 1
        i += 1
    return count

def solve(T, test_cases):
    results = []
    for A, B in test_cases:
        diff = abs(A - B)
        if diff == 0:
            results.append(-1)
        else:
            results.append(countDivisors(diff))
    return results

# Reading input and outputting results
import sys
input = sys.stdin.read
data = input().split()

T = int(data[0])
test_cases = []
index = 1
for _ in range(T):
    A = int(data[index])
    B = int(data[index + 1])
    test_cases.append((A, B))
    index += 2

results = solve(T, test_cases)
for result in results:
    print(result)
```

This solution reads the input, processes each test case to determine the number of valid `p` values, and outputs the result for each test case.

INFO - no_parent:
 False

INFO - full code to be executed: 
 
def countDivisors(n):
    if n == 0:
        return -1
    count = 0
    i = 1
    while i * i <= n:
        if n % i == 0:
            count += 1
            if i != n // i:
                count += 1
        i += 1
    return count

def solve(T, test_cases):
    results = []
    for A, B in test_cases:
        diff = abs(A - B)
        if diff == 0:
            results.append(-1)
        else:
            results.append(countDivisors(diff))
    return results

# Reading input and outputting results
import sys
input = sys.stdin.read
data = input().split()

T = int(data[0])
test_cases = []
index = 1
for _ in range(T):
    A = int(data[index])
    B = int(data[index + 1])
    test_cases.append((A, B))
    index += 2

results = solve(T, test_cases)
for result in results:
    print(result)


INFO - obs: Note: Inputs/outputs here are automatically extracted/truncated so formatting may be a bit off.
Tests passed:

 Input: ['1', '2 6'] Output: 3

Tests failed:
None
reward: True
done: None
info: {'individual_results': [True]}
INFO - Updated entry: 
[Task]:
    Ram and Shyam are sitting next to each other, hoping to cheat on an exam. However, the examination board has prepared $p$ different sets of questions (numbered $0$ through $p-1$), which will be distributed to the students in the following way:
    - The students are assigned roll num...,

INFO - Metadata: {
    "raw_msg": "### Problem Restatement\n\nRam and Shyam want to cheat on an exam by getting the same set of questions. The exam board has `p` different sets of questions, and each student gets a set based on their roll number `r` using the formula `((r-1) % p)`. Given the roll numbers `A` and ...

INFO - LM call n parse attempt 1 / 3

INFO - [Task id] 1395 [prompt] 
You are an expert programmer tasked with solving the problem below.

Follow the user's instructions to solve the problem.
The user can ask for analysis, code, or both.

## Instructions
When asked to output code,
- Make sure to wrap your code in '```python' and '```' Markdown delimiters, 
- include exactly one block of code with the entire solution
- No outside libraries are allowed. 
- Builtins are allowed.
- If the task specifies a function name to be used, follow it strictly (be case sensitive!) and declare the that function last (helper functions are declared first).
- DO NOT write any assert statements / tests.

## Problem
[BEGIN PROBLEM]
Ram and Shyam are sitting next to each other, hoping to cheat on an exam. However, the examination board has prepared $p$ different sets of questions (numbered $0$ through $p-1$), which will be distributed to the students in the following way:
- The students are assigned roll numbers — pairwise distinct positive integers.
- If a student's roll number is $r$, this student gets the $((r-1)\%p)$-th set of questions.
Obviously, Ram and Shyam can cheat only if they get the same set of questions.
You are given the roll numbers of Ram and Shyam: $A$ and $B$ respectively. Find the number of values of $p$ for which they can cheat, or determine that there is an infinite number of such values.

-----Input-----
- The first line of the input contains a single integer $T$ denoting the number of test cases. The description of $T$ test cases follows.
- The first and only line of each test case contains two space-separated integers $A$ and $B$.

-----Output-----
For each test case, print a single line — the number of values of $p$ for which Ram and Shyam can cheat, or $-1$ if there is an infinite number of such values.

-----Constraints-----
- $1 \le T \le 100$
- $1 \le A, B \le 10^8$

-----Example Input-----
1
2 6

-----Example Output-----
3

-----Explanation-----
Example case 1: They can cheat for $p = 1$, $p = 2$ or $p = 4$.

The output code needs to read from and write to standard IO


[END PROBLEM]

INFO - [Task id] 1395 [prompt] 
## Instructions

Reason through the problem and:
1. Restate the problem in plain English
2. Conceptualize a solution first in plain English
3. Write a pseudocode solution
4. Output the final Python 3 solution with your solution steps in comments.

Make sure to wrap your code in '```python' and '```' Markdown delimiters, 
and include exactly one block of code with the entire solution.

No outside libraries are allowed.
Builtins are allowed.

INFO - [Task id] 1395 [prompt] ### Problem Restatement

Ram and Shyam want to cheat on an exam by getting the same set of questions. The exam board has `p` different sets of questions, and each student gets a set based on their roll number `r` using the formula `((r-1) % p)`. Given the roll numbers `A` and `B` for Ram and Shyam, we need to determine how many values of `p` allow them to get the same set of questions. If there are infinitely many such values, we should return `-1`.

### Conceptual Solution

1. **Understanding the Condition**: For Ram and Shyam to get the same set, the condition `((A-1) % p) == ((B-1) % p)` must hold. This implies that `(A-1) % p` and `(B-1) % p` must be equal.

2. **Simplifying the Condition**: The condition can be rewritten as `(A-1) % p == (B-1) % p`, which implies `(A-1) - (B-1) = k * p` for some integer `k`. This simplifies to `(A-B) % p == 0`.

3. **Finding Valid `p` Values**: The number of valid `p` values is the number of divisors of `|A-B|`. If `A == B`, then `|A-B| = 0`, and any positive integer `p` will satisfy the condition, leading to infinitely many solutions.

4. **Algorithm**:
   - For each test case, calculate `|A-B|`.
   - If `A == B`, output `-1` (infinite solutions).
   - Otherwise, count the divisors of `|A-B|` to determine the number of valid `p` values.

### Pseudocode

```
function countDivisors(n):
    if n == 0:
        return -1
    count = 0
    for i from 1 to sqrt(n):
        if n % i == 0:
            count += 1
            if i != n // i:
                count += 1
    return count

function solve(T, test_cases):
    results = []
    for each (A, B) in test_cases:
        diff = abs(A - B)
        if diff == 0:
            results.append(-1)
        else:
            results.append(countDivisors(diff))
    return results
```

### Final Python Solution

```python
def countDivisors(n):
    if n == 0:
        return -1
    count = 0
    i = 1
    while i * i <= n:
        if n % i == 0:
            count += 1
            if i != n // i:
                count += 1
        i += 1
    return count

def solve(T, test_cases):
    results = []
    for A, B in test_cases:
        diff = abs(A - B)
        if diff == 0:
            results.append(-1)
        else:
            results.append(countDivisors(diff))
    return results

# Reading input and outputting results
import sys
input = sys.stdin.read
data = input().split()

T = int(data[0])
test_cases = []
index = 1
for _ in range(T):
    A = int(data[index])
    B = int(data[index + 1])
    test_cases.append((A, B))
    index += 2

results = solve(T, test_cases)
for result in results:
    print(result)
```

This solution reads the input, processes each test case to determine the number of valid `p` values, and outputs the result for each test case.
INFO - [Task id] 1395 [prompt] 
[Environment Feedback]:
    Note: Inputs/outputs here are automatically extracted/truncated so formatting may be a bit off.
    Tests passed:

     Input: ['1', '2 6'] Output: 3

    Tests failed:
    None
[/Environment Feedback]

INFO - [Task id] 1395 [prompt] 
## Instructions
Now, summarize your attempts as a **standalone** document for your own future reference. (can skip formalities, be concise)

- Only include the most relevant information and code snippets that could be useful in the future.
- If you did not learn much from the current experience (e.g. the problem was too easy), feel free to write less or nothing at all.
- Here are some ideas if the experience was useful:
    - Identifying the core concepts and patterns that problem appears to test for
    - Describing the strategies that seemed to work but did not, and vice versa
    - Describing unexpected errors and how they were fixed

Your summary should be at most a few paragraphs.

INFO - [Task id] 1395 [generation text] In this problem, the core concept was understanding how to determine when two students, Ram and Shyam, would receive the same set of exam questions based on their roll numbers and the number of question sets `p`. The key insight was recognizing that the condition for them to receive the same set is that the difference between their roll numbers, `|A-B|`, must be divisible by `p`. This led to the realization that the number of valid `p` values is equivalent to the number of divisors of `|A-B|`.

The solution involved:
1. Calculating the absolute difference `|A-B|`.
2. If `A` equals `B`, the result is `-1` because any `p` would work, indicating infinite solutions.
3. Otherwise, counting the divisors of `|A-B|` to determine the number of valid `p` values.

The implementation used a helper function `countDivisors` to efficiently count the divisors of a number by iterating up to its square root. This approach ensures that the solution is efficient even for large values of `A` and `B`.

This problem reinforced the importance of understanding modular arithmetic and divisors in solving problems related to periodicity and equivalence classes. The solution was straightforward once the mathematical relationship was identified, and the implementation was efficient and passed all test cases.
INFO - LM call n parse attempt 1 / 3

INFO - [Task id] 1395 [prompt] 
You are an expert programmer tasked with solving the problem below.

Follow the user's instructions to solve the problem.
The user can ask for analysis, code, or both.

## Instructions
When asked to output code,
- Make sure to wrap your code in '```python' and '```' Markdown delimiters, 
- include exactly one block of code with the entire solution
- No outside libraries are allowed. 
- Builtins are allowed.
- If the task specifies a function name to be used, follow it strictly (be case sensitive!) and declare the that function last (helper functions are declared first).
- DO NOT write any assert statements / tests.

## Problem
[BEGIN PROBLEM]
Ram and Shyam are sitting next to each other, hoping to cheat on an exam. However, the examination board has prepared $p$ different sets of questions (numbered $0$ through $p-1$), which will be distributed to the students in the following way:
- The students are assigned roll numbers — pairwise distinct positive integers.
- If a student's roll number is $r$, this student gets the $((r-1)\%p)$-th set of questions.
Obviously, Ram and Shyam can cheat only if they get the same set of questions.
You are given the roll numbers of Ram and Shyam: $A$ and $B$ respectively. Find the number of values of $p$ for which they can cheat, or determine that there is an infinite number of such values.

-----Input-----
- The first line of the input contains a single integer $T$ denoting the number of test cases. The description of $T$ test cases follows.
- The first and only line of each test case contains two space-separated integers $A$ and $B$.

-----Output-----
For each test case, print a single line — the number of values of $p$ for which Ram and Shyam can cheat, or $-1$ if there is an infinite number of such values.

-----Constraints-----
- $1 \le T \le 100$
- $1 \le A, B \le 10^8$

-----Example Input-----
1
2 6

-----Example Output-----
3

-----Explanation-----
Example case 1: They can cheat for $p = 1$, $p = 2$ or $p = 4$.

The output code needs to read from and write to standard IO


[END PROBLEM]

INFO - [Task id] 1395 [prompt] 
## Instructions

Reason through the problem and:
1. Restate the problem in plain English
2. Conceptualize a solution first in plain English
3. Write a pseudocode solution
4. Output the final Python 3 solution with your solution steps in comments.

Make sure to wrap your code in '```python' and '```' Markdown delimiters, 
and include exactly one block of code with the entire solution.

No outside libraries are allowed.
Builtins are allowed.

INFO - [Task id] 1395 [prompt] ### Problem Restatement

Ram and Shyam want to cheat on an exam by getting the same set of questions. The exam board has `p` different sets of questions, and each student gets a set based on their roll number `r` using the formula `((r-1) % p)`. Given the roll numbers `A` and `B` for Ram and Shyam, we need to determine how many values of `p` allow them to get the same set of questions. If there are infinitely many such values, we should return `-1`.

### Conceptual Solution

1. **Understanding the Condition**: For Ram and Shyam to get the same set, the condition `((A-1) % p) == ((B-1) % p)` must hold. This implies that `(A-1) % p` and `(B-1) % p` must be equal.

2. **Simplifying the Condition**: The condition can be rewritten as `(A-1) % p == (B-1) % p`, which implies `(A-1) - (B-1) = k * p` for some integer `k`. This simplifies to `(A-B) % p == 0`.

3. **Finding Valid `p` Values**: The number of valid `p` values is the number of divisors of `|A-B|`. If `A == B`, then `|A-B| = 0`, and any positive integer `p` will satisfy the condition, leading to infinitely many solutions.

4. **Algorithm**:
   - For each test case, calculate `|A-B|`.
   - If `A == B`, output `-1` (infinite solutions).
   - Otherwise, count the divisors of `|A-B|` to determine the number of valid `p` values.

### Pseudocode

```
function countDivisors(n):
    if n == 0:
        return -1
    count = 0
    for i from 1 to sqrt(n):
        if n % i == 0:
            count += 1
            if i != n // i:
                count += 1
    return count

function solve(T, test_cases):
    results = []
    for each (A, B) in test_cases:
        diff = abs(A - B)
        if diff == 0:
            results.append(-1)
        else:
            results.append(countDivisors(diff))
    return results
```

### Final Python Solution

```python
def countDivisors(n):
    if n == 0:
        return -1
    count = 0
    i = 1
    while i * i <= n:
        if n % i == 0:
            count += 1
            if i != n // i:
                count += 1
        i += 1
    return count

def solve(T, test_cases):
    results = []
    for A, B in test_cases:
        diff = abs(A - B)
        if diff == 0:
            results.append(-1)
        else:
            results.append(countDivisors(diff))
    return results

# Reading input and outputting results
import sys
input = sys.stdin.read
data = input().split()

T = int(data[0])
test_cases = []
index = 1
for _ in range(T):
    A = int(data[index])
    B = int(data[index + 1])
    test_cases.append((A, B))
    index += 2

results = solve(T, test_cases)
for result in results:
    print(result)
```

This solution reads the input, processes each test case to determine the number of valid `p` values, and outputs the result for each test case.
INFO - [Task id] 1395 [prompt] 
[Environment Feedback]:
    Note: Inputs/outputs here are automatically extracted/truncated so formatting may be a bit off.
    Tests passed:

     Input: ['1', '2 6'] Output: 3

    Tests failed:
    None
[/Environment Feedback]

INFO - [Task id] 1395 [prompt] 
Below is the official solution (do exercise discretion as official solutions can also have mistakes).

You will be reflecting on your attempts to solve the problem.
This will be a **standalone** document for your own future reference. (can skip formalities, be concise)

## Instructions
- Only include the most relevant insights and code snippets that could be useful in the future.
- If you did not learn much from the current experience (e.g. the problem was too easy / official solution was obvious), feel free to write less or nothing at all.
- Here are some ideas if the experience was useful:
    - If the official solution is insightful (e.g. better than yours in time and space complexity or more effective in breaking down the problem statement), distil the key approach of the official solution, step by step.
    - If your approach failed the test cases, reason why the official solution works but yours does not

Your reflection should be at most a few paragraphs.

## Official solution
# cook your dish here
for test in range(0,int(input())):
 A,B = map(int,input().split())
 diff = abs(A-B)
 count=0
 if not(A^B):
  print(-1)
 else:
  for i in range(1,int(diff**(1/2))+1):
   if diff%i==0:
    if diff/i==i:
     count+=1 
    else:
     count+=2
  print(count)

INFO - [Task id] 1395 [generation text] The problem was straightforward, and my solution aligned well with the official solution. Both approaches focused on determining the number of divisors of the absolute difference `|A-B|` to find the number of valid `p` values. The key insight was recognizing that if `A == B`, there are infinitely many solutions, which is handled by checking if the difference is zero.

### Key Insights:
- **Condition Simplification**: The condition for Ram and Shyam to cheat boils down to finding divisors of `|A-B|`. This is because the condition `(A-1) % p == (B-1) % p` simplifies to `(A-B) % p == 0`.
- **Handling Infinite Solutions**: If `A == B`, the difference is zero, leading to infinitely many valid `p` values. This is efficiently handled by checking if `A` and `B` are equal and returning `-1` in such cases.
- **Efficient Divisor Counting**: Both solutions use a loop up to the square root of the difference to count divisors efficiently, which is crucial for handling large numbers up to `10^8`.

### Code Snippet:
The core logic for counting divisors is similar in both solutions:
```python
def countDivisors(n):
    if n == 0:
        return -1
    count = 0
    i = 1
    while i * i <= n:
        if n % i == 0:
            count += 1
            if i != n // i:
                count += 1
        i += 1
    return count
```

Overall, the problem reinforced the importance of simplifying conditions and efficiently counting divisors, which are common techniques in competitive programming.
INFO - Updated entry: In this problem, the core concept was understanding how to determine when two students, Ram and Shyam, would receive the same set of exam questions based on their roll numbers and the number of question sets `p`. The key insight was recognizing that the condition for them to receive the same set ...,

INFO - Metadata: {
    "task_id": 1395
}

INFO - Updated entry: The problem was straightforward, and my solution aligned well with the official solution. Both approaches focused on determining the number of divisors of the absolute difference `|A-B|` to find the number of valid `p` values. The key insight was recognizing that if `A == B`, there are infinitely...,

INFO - Metadata: {
    "task_id": 1395
}

INFO - LM call n parse attempt 1 / 3

INFO - [Task id] 1395 [prompt] 
You are a helpful assistant that writes a description of the given function written in the Python programming language.

1) Do not mention the function name.
2) Do not mention anything about helper functions.
3) There might be some helper functions before the main function, but you only need to describe the main function.
4) Try to summarize the function in no more than 6 sentences.
5) Your response should be a single line of text.

INFO - [Task id] 1395 [prompt] 
def countDivisors(n):
    if n == 0:
        return -1
    count = 0
    i = 1
    while i * i <= n:
        if n % i == 0:
            count += 1
            if i != n // i:
                count += 1
        i += 1
    return count

def solve(T, test_cases):
    results = []
    for A, B in test_cases:
        diff = abs(A - B)
        if diff == 0:
            results.append(-1)
        else:
            results.append(countDivisors(diff))
    return results

# Reading input and outputting results
import sys
input = sys.stdin.read
data = input().split()

T = int(data[0])
test_cases = []
index = 1
for _ in range(T):
    A = int(data[index])
    B = int(data[index + 1])
    test_cases.append((A, B))
    index += 2

results = solve(T, test_cases)
for result in results:
    print(result)


The main function is `solve`.
INFO - [Task id] 1395 [generation text] The function takes an integer T and a list of T pairs of integers as input, representing test cases. For each pair (A, B), it calculates the absolute difference between A and B. If the difference is zero, it appends -1 to the results list; otherwise, it appends the number of divisors of the difference. The function returns a list of results, where each result corresponds to a test case.
INFO - LM call n parse attempt 1 / 3

INFO - [Task id] 1395 [prompt] 
You are a helpful assistant that extracts important information from problems and solutions to aid in searchability and education.

## Instructions
- Read through the problem and solution carefully.
- Reason out, step by step, in what scenarios this knowledge would be useful.
- Focus on general patterns and situations to help connect this knowledge to new situations.
- Then, include a list of keywords that are useful for searching this problem/solution pair.

## Response format
Respond in JSON, and follow the keys and expected format of the values strictly.

The output should be formatted as a JSON instance that conforms to the JSON schema below.

As an example, for the schema {"properties": {"foo": {"title": "Foo", "description": "a list of strings", "type": "array", "items": {"type": "string"}}}, "required": ["foo"]}
the object {"foo": ["bar", "baz"]} is a well-formatted instance of the schema. The object {"properties": {"foo": ["bar", "baz"]}} is not well-formatted.

Here is the output schema:
```
{"properties": {"scenarios": {"description": "In what scenarios will this knowledge be useful? Answer in a paragraph.", "title": "Scenarios", "type": "string"}, "keywords": {"description": "List of keywords that are useful for searching this problem/solution pair", "items": {"type": "string"}, "title": "Keywords", "type": "array"}}, "required": ["scenarios", "keywords"]}
```

INFO - [Task id] 1395 [prompt] 
[Problem]
    Ram and Shyam are sitting next to each other, hoping to cheat on an exam. However, the examination board has prepared $p$ different sets of questions (numbered $0$ through $p-1$), which will be distributed to the students in the following way:
    - The students are assigned roll numbers — pairwise distinct positive integers.
    - If a student's roll number is $r$, this student gets the $((r-1)\%p)$-th set of questions.
    Obviously, Ram and Shyam can cheat only if they get the same set of questions.
    You are given the roll numbers of Ram and Shyam: $A$ and $B$ respectively. Find the number of values of $p$ for which they can cheat, or determine that there is an infinite number of such values.

    -----Input-----
    - The first line of the input contains a single integer $T$ denoting the number of test cases. The description of $T$ test cases follows.
    - The first and only line of each test case contains two space-separated integers $A$ and $B$.

    -----Output-----
    For each test case, print a single line — the number of values of $p$ for which Ram and Shyam can cheat, or $-1$ if there is an infinite number of such values.

    -----Constraints-----
    - $1 \le T \le 100$
    - $1 \le A, B \le 10^8$

    -----Example Input-----
    1
    2 6

    -----Example Output-----
    3

    -----Explanation-----
    Example case 1: They can cheat for $p = 1$, $p = 2$ or $p = 4$.
[/Problem]

[Solution]

    def countDivisors(n):
        if n == 0:
            return -1
        count = 0
        i = 1
        while i * i <= n:
            if n % i == 0:
                count += 1
                if i != n // i:
                    count += 1
            i += 1
        return count

    def solve(T, test_cases):
        results = []
        for A, B in test_cases:
            diff = abs(A - B)
            if diff == 0:
                results.append(-1)
            else:
                results.append(countDivisors(diff))
        return results

    # Reading input and outputting results
    import sys
    input = sys.stdin.read
    data = input().split()

    T = int(data[0])
    test_cases = []
    index = 1
    for _ in range(T):
        A = int(data[index])
        B = int(data[index + 1])
        test_cases.append((A, B))
        index += 2

    results = solve(T, test_cases)
    for result in results:
        print(result)

[/Solution]

INFO - [Task id] 1395 [generation text] 
INFO - {
    "scenarios": "This knowledge is useful in scenarios where two entities need to have the same outcome based on a modular arithmetic distribution, such as distributing different sets of questions or tasks based on unique identifiers. The problem highlights the importance of understanding how differences in identifiers (like roll numbers) can affect the distribution of tasks or resources. It also demonstrates the use of finding divisors of a number to determine possible configurations or setups that meet a specific condition. This can be applied in scheduling, resource allocation, and cryptography where modular arithmetic plays a crucial role.",
    "keywords": [
        "modular arithmetic",
        "divisors",
        "cheating",
        "exam",
        "roll numbers",
        "distribution",
        "infinite solutions",
        "task allocation",
        "resource distribution",
        "unique identifiers"
    ]
}
INFO - {
    "scenarios": "This knowledge is useful in scenarios where two entities need to have the same outcome based on a modular arithmetic distribution, such as distributing different sets of questions or tasks based on unique identifiers. The problem highlights the importance of understanding how differences in identifiers (like roll numbers) can affect the distribution of tasks or resources. It also demonstrates the use of finding divisors of a number to determine possible configurations or setups that meet a specific condition. This can be applied in scheduling, resource allocation, and cryptography where modular arithmetic plays a crucial role.",
    "keywords": [
        "modular arithmetic",
        "divisors",
        "cheating",
        "exam",
        "roll numbers",
        "distribution",
        "infinite solutions",
        "task allocation",
        "resource distribution",
        "unique identifiers"
    ]
}
INFO - Updated entry: 
[description for function: solve]
The function takes an integer T and a list of T pairs of integers as input, representing test cases. For each pair (A, B), it calculates the absolute difference between A and B. If the difference is zero, it appends -1 to the results list; otherwise, it appends ...,

INFO - Metadata: {
    "task": 1395,
    "code": "\ndef countDivisors(n):\n    if n == 0:\n        return -1\n    count = 0\n    i = 1\n    while i * i <= n:\n        if n % i == 0:\n            count += 1\n            if i != n // i:\n                count += 1\n        i += 1\n    return count\n\ndef solve(T, t...

