INFO - DB skill doc count: 0

INFO - DB non_func doc count: 49

INFO - DB semantic doc count: 429

INFO - DB summaries doc count: 62

INFO - DB reflections doc count: 62

INFO - DB episodic doc count: 0

INFO - [train iter]: 62/100 

INFO - The task prompt is Gildong owns a bulgogi restaurant. The restaurant has a lot of customers, so many of them like to make a reservation before visiting it.

Gildong tries so hard to satisfy the customers that he even memorized all customers' preferred temperature ranges! Looking through the reservation list, he wan...

INFO - Attempting task_id 20
INFO - LM call n parse attempt 1 / 3

INFO - [Task id] 20 [prompt] 
You are an expert programmer tasked with solving the problem below.

Follow the user's instructions to solve the problem.
The user can ask for analysis, code, or both.

## Instructions
When asked to output code,
- Make sure to wrap your code in '```python' and '```' Markdown delimiters, 
- include exactly one block of code with the entire solution
- No outside libraries are allowed. 
- Builtins are allowed.
- If the task specifies a function name to be used, follow it strictly (be case sensitive!) and declare the that function last (helper functions are declared first).
- DO NOT write any assert statements / tests.

## Problem
[BEGIN PROBLEM]
Gildong owns a bulgogi restaurant. The restaurant has a lot of customers, so many of them like to make a reservation before visiting it.

Gildong tries so hard to satisfy the customers that he even memorized all customers' preferred temperature ranges! Looking through the reservation list, he wants to satisfy all customers by controlling the temperature of the restaurant.

The restaurant has an air conditioner that has 3 states: off, heating, and cooling. When it's off, the restaurant's temperature remains the same. When it's heating, the temperature increases by 1 in one minute. Lastly, when it's cooling, the temperature decreases by 1 in one minute. Gildong can change the state as many times as he wants, at any integer minutes. The air conditioner is off initially.

Each customer is characterized by three values: $t_i$ — the time (in minutes) when the $i$-th customer visits the restaurant, $l_i$ — the lower bound of their preferred temperature range, and $h_i$ — the upper bound of their preferred temperature range.

A customer is satisfied if the temperature is within the preferred range at the instant they visit the restaurant. Formally, the $i$-th customer is satisfied if and only if the temperature is between $l_i$ and $h_i$ (inclusive) in the $t_i$-th minute.

Given the initial temperature, the list of reserved customers' visit times and their preferred temperature ranges, you're going to help him find if it's possible to satisfy all customers.


-----Input-----

Each test contains one or more test cases. The first line contains the number of test cases $q$ ($1 \le q \le 500$). Description of the test cases follows.

The first line of each test case contains two integers $n$ and $m$ ($1 \le n \le 100$, $-10^9 \le m \le 10^9$), where $n$ is the number of reserved customers and $m$ is the initial temperature of the restaurant.

Next, $n$ lines follow. The $i$-th line of them contains three integers $t_i$, $l_i$, and $h_i$ ($1 \le t_i \le 10^9$, $-10^9 \le l_i \le h_i \le 10^9$), where $t_i$ is the time when the $i$-th customer visits, $l_i$ is the lower bound of their preferred temperature range, and $h_i$ is the upper bound of their preferred temperature range. The preferred temperature ranges are inclusive.

The customers are given in non-decreasing order of their visit time, and the current time is $0$.


-----Output-----

For each test case, print "YES" if it is possible to satisfy all customers. Otherwise, print "NO".

You can print each letter in any case (upper or lower).


-----Example-----
Input
4
3 0
5 1 2
7 3 5
10 -1 0
2 12
5 7 10
10 16 20
3 -100
100 0 0
100 -50 50
200 100 100
1 100
99 -100 0

Output
YES
NO
YES
NO



-----Note-----

In the first case, Gildong can control the air conditioner to satisfy all customers in the following way:  At $0$-th minute, change the state to heating (the temperature is 0).  At $2$-nd minute, change the state to off (the temperature is 2).  At $5$-th minute, change the state to heating (the temperature is 2, the $1$-st customer is satisfied).  At $6$-th minute, change the state to off (the temperature is 3).  At $7$-th minute, change the state to cooling (the temperature is 3, the $2$-nd customer is satisfied).  At $10$-th minute, the temperature will be 0, which satisfies the last customer. 

In the third case, Gildong can change the state to heating at $0$-th minute and leave it be. Then all customers will be satisfied. Note that the $1$-st customer's visit time equals the $2$-nd customer's visit time.

In the second and the fourth case, Gildong has to make at least one customer unsatisfied.

The output code needs to read from and write to standard IO


[END PROBLEM]

INFO - [Task id] 20 [prompt] 
## Instructions

Reason through the problem and:
1. Restate the problem in plain English
2. Conceptualize a solution first in plain English
3. Write a pseudocode solution
4. Output the final Python 3 solution with your solution steps in comments.

Make sure to wrap your code in '```python' and '```' Markdown delimiters, 
and include exactly one block of code with the entire solution.

No outside libraries are allowed.
Builtins are allowed.

INFO - [Task id] 20 [generation text] ## Problem Restatement

We need to determine if it's possible to adjust the temperature of a restaurant to satisfy all customers based on their preferred temperature ranges at specific times. The restaurant's air conditioner can heat, cool, or remain off, and it starts off. Each customer has a specific time they visit and a temperature range they prefer. We need to check if we can adjust the temperature to be within each customer's preferred range at their visit time.

## Conceptual Solution

1. **Initial Setup**: Start with the initial temperature and time at 0.
2. **Iterate Over Customers**: For each customer, calculate the time difference from the previous customer (or from time 0 for the first customer).
3. **Temperature Range Calculation**: Determine the possible temperature range at the customer's visit time by considering the time difference and the ability to change the temperature by 1 degree per minute.
4. **Check Satisfaction**: For each customer, check if their preferred temperature range overlaps with the possible temperature range at their visit time.
5. **Update Temperature Range**: Adjust the possible temperature range for the next customer based on the current customer's constraints.
6. **Output Result**: If all customers can be satisfied, output "YES", otherwise "NO".

## Pseudocode

```
function can_satisfy_all_customers(test_cases):
    for each test_case in test_cases:
        read n, m
        current_time = 0
        min_temp = max_temp = m
        
        for each customer:
            read t_i, l_i, h_i
            time_diff = t_i - current_time
            
            # Update possible temperature range
            min_temp -= time_diff
            max_temp += time_diff
            
            # Check if the customer's range is satisfiable
            if max_temp < l_i or min_temp > h_i:
                print "NO"
                break
            
            # Update the possible range for the next customer
            min_temp = max(min_temp, l_i)
            max_temp = min(max_temp, h_i)
            
            # Update current time
            current_time = t_i
        else:
            print "YES"
```

## Final Python Solution

```python
def can_satisfy_all_customers(test_cases):
    results = []
    for test_case in test_cases:
        n, m = test_case[0]
        customers = test_case[1]
        
        current_time = 0
        min_temp = max_temp = m
        
        possible = True
        for t_i, l_i, h_i in customers:
            time_diff = t_i - current_time
            
            # Update possible temperature range
            min_temp -= time_diff
            max_temp += time_diff
            
            # Check if the customer's range is satisfiable
            if max_temp < l_i or min_temp > h_i:
                possible = False
                break
            
            # Update the possible range for the next customer
            min_temp = max(min_temp, l_i)
            max_temp = min(max_temp, h_i)
            
            # Update current time
            current_time = t_i
        
        if possible:
            results.append("YES")
        else:
            results.append("NO")
    
    return results

# Example usage:
# Read input
import sys
input = sys.stdin.read
data = input().split()

# Parse input
index = 0
q = int(data[index])
index += 1
test_cases = []

for _ in range(q):
    n, m = int(data[index]), int(data[index + 1])
    index += 2
    customers = []
    for _ in range(n):
        t_i, l_i, h_i = int(data[index]), int(data[index + 1]), int(data[index + 2])
        index += 3
        customers.append((t_i, l_i, h_i))
    test_cases.append(((n, m), customers))

# Get results
results = can_satisfy_all_customers(test_cases)

# Print results
for result in results:
    print(result)
```

This solution reads input, processes each test case, and checks if all customers can be satisfied by adjusting the temperature within their preferred ranges. It outputs "YES" or "NO" for each test case.
INFO - [35m Rollout attempt 1/4[0m
INFO - [33m Retrieving 1 entries for db: semantic 
 [0m
INFO - Retrieved (score=0.5441):
Title: 2-SAT
Part: 1/2
# 2-SAT 

SAT (Boolean satisfiability problem) is the problem of assigning Boolean values to variables to satisfy a given Boolean formula.
The Boolean formula will usually be given in CNF (conjunctive normal form), which is a conjunction of multiple clauses, where each clau...


INFO - [33m Retrieving 1 entries for db: reflections 
 [0m
INFO - Retrieved (score=0.4380):
In this problem, the task was to determine the maximum number of Division-3 contests that Chef can host given a set of constraints. The solution required calculating the total number of problems available, determining how many contests could be formed, and then limiting this by the number of days...


INFO - [33m Retrieving 1 entries for db: summaries 
 [0m
INFO - Retrieved (score=0.4443):
In this problem, the task was to determine the maximum number of Division-3 contests that Chef can host given a set of constraints. The core concept involved calculating the total number of problems available and determining how many full contests could be formed, while also considering the limit...


INFO - [33m Retrieving 1 entries for db: non_func 
 [0m
INFO - Retrieved (score=0.4192):

[description for function: main]
The function reads input data from standard input, which includes the number of test cases and for each test case, a sequence length and the sequence itself. It processes each test case to determine if the sum of the sequence is within a specific range defined by...


INFO - Retrieved (score=0.4192): 
[Reference Code (Not callable)]:

    [description for function: main]
    The function reads input data from standard input, which includes the number of test cases and for each test case, a sequence length and the sequence itself. It processes each test case to determine if the sum of the sequ...
INFO - LM call n parse attempt 1 / 3

INFO - [Task id] 20 [prompt] 
You are an expert programmer tasked with solving the problem below.

Follow the user's instructions to solve the problem.
The user can ask for analysis, code, or both.

## Instructions
When asked to output code,
- Make sure to wrap your code in '```python' and '```' Markdown delimiters, 
- include exactly one block of code with the entire solution
- No outside libraries are allowed. 
- Builtins are allowed.
- If the task specifies a function name to be used, follow it strictly (be case sensitive!) and declare the that function last (helper functions are declared first).
- DO NOT write any assert statements / tests.

## Problem
[BEGIN PROBLEM]
Gildong owns a bulgogi restaurant. The restaurant has a lot of customers, so many of them like to make a reservation before visiting it.

Gildong tries so hard to satisfy the customers that he even memorized all customers' preferred temperature ranges! Looking through the reservation list, he wants to satisfy all customers by controlling the temperature of the restaurant.

The restaurant has an air conditioner that has 3 states: off, heating, and cooling. When it's off, the restaurant's temperature remains the same. When it's heating, the temperature increases by 1 in one minute. Lastly, when it's cooling, the temperature decreases by 1 in one minute. Gildong can change the state as many times as he wants, at any integer minutes. The air conditioner is off initially.

Each customer is characterized by three values: $t_i$ — the time (in minutes) when the $i$-th customer visits the restaurant, $l_i$ — the lower bound of their preferred temperature range, and $h_i$ — the upper bound of their preferred temperature range.

A customer is satisfied if the temperature is within the preferred range at the instant they visit the restaurant. Formally, the $i$-th customer is satisfied if and only if the temperature is between $l_i$ and $h_i$ (inclusive) in the $t_i$-th minute.

Given the initial temperature, the list of reserved customers' visit times and their preferred temperature ranges, you're going to help him find if it's possible to satisfy all customers.


-----Input-----

Each test contains one or more test cases. The first line contains the number of test cases $q$ ($1 \le q \le 500$). Description of the test cases follows.

The first line of each test case contains two integers $n$ and $m$ ($1 \le n \le 100$, $-10^9 \le m \le 10^9$), where $n$ is the number of reserved customers and $m$ is the initial temperature of the restaurant.

Next, $n$ lines follow. The $i$-th line of them contains three integers $t_i$, $l_i$, and $h_i$ ($1 \le t_i \le 10^9$, $-10^9 \le l_i \le h_i \le 10^9$), where $t_i$ is the time when the $i$-th customer visits, $l_i$ is the lower bound of their preferred temperature range, and $h_i$ is the upper bound of their preferred temperature range. The preferred temperature ranges are inclusive.

The customers are given in non-decreasing order of their visit time, and the current time is $0$.


-----Output-----

For each test case, print "YES" if it is possible to satisfy all customers. Otherwise, print "NO".

You can print each letter in any case (upper or lower).


-----Example-----
Input
4
3 0
5 1 2
7 3 5
10 -1 0
2 12
5 7 10
10 16 20
3 -100
100 0 0
100 -50 50
200 100 100
1 100
99 -100 0

Output
YES
NO
YES
NO



-----Note-----

In the first case, Gildong can control the air conditioner to satisfy all customers in the following way:  At $0$-th minute, change the state to heating (the temperature is 0).  At $2$-nd minute, change the state to off (the temperature is 2).  At $5$-th minute, change the state to heating (the temperature is 2, the $1$-st customer is satisfied).  At $6$-th minute, change the state to off (the temperature is 3).  At $7$-th minute, change the state to cooling (the temperature is 3, the $2$-nd customer is satisfied).  At $10$-th minute, the temperature will be 0, which satisfies the last customer. 

In the third case, Gildong can change the state to heating at $0$-th minute and leave it be. Then all customers will be satisfied. Note that the $1$-st customer's visit time equals the $2$-nd customer's visit time.

In the second and the fourth case, Gildong has to make at least one customer unsatisfied.

The output code needs to read from and write to standard IO


[END PROBLEM]

INFO - [Task id] 20 [prompt] 
## Instructions

Reason through the problem and:
1. Restate the problem in plain English
2. Conceptualize a solution first in plain English
3. Write a pseudocode solution
4. Output the final Python 3 solution with your solution steps in comments.

Make sure to wrap your code in '```python' and '```' Markdown delimiters, 
and include exactly one block of code with the entire solution.

No outside libraries are allowed.
Builtins are allowed.

INFO - [Task id] 20 [prompt] 
Also, here are some of your memories.
Feel free to use the given information to aid your problem solving process if necessary.
Do not confuse the memories with the problem statement.

## Memories

[Reference Code (Not callable)]:

    [description for function: main]
    The function reads input data from standard input, which includes the number of test cases and for each test case, a sequence length and the sequence itself. It processes each test case to determine if the sum of the sequence is within a specific range defined by the sequence length. For each test case, it checks if the sum of the sequence is between 0 and the maximum possible reduction, calculated as the sum of the first N natural numbers. It stores "YES" if the sum is within this range and "NO" otherwise. Finally, it prints the results for each test case.

    [end of description]
    This knowledge is useful in scenarios where you need to determine if a sequence of integers can be transformed into a sequence with a specific property, such as having a sum of zero, through a series of allowed operations. The problem involves understanding how to manipulate sequences using index-based operations, which is a common theme in algorithmic challenges. This can be applied in competitive programming, algorithm design, and problem-solving where constraints and operations need to be carefully considered to achieve a desired outcome. The solution involves calculating the sum of the sequence and comparing it to the maximum possible reduction achievable through the operations, which is a useful technique in optimization problems.


    def canMakeSequenceGood(T, test_cases):
        results = []
        for test_case in test_cases:
            N = test_case[0]
            A = test_case[1]
            S = sum(A)
            max_reduction = N * (N + 1) // 2
            if 0 <= S <= max_reduction:
                results.append("YES")
            else:
                results.append("NO")
        return results

    def main():
        import sys
        input = sys.stdin.read
        data = input().split()
    
        T = int(data[0])
        index = 1
        test_cases = []
    
        for _ in range(T):
            N = int(data[index])
            A = list(map(int, data[index + 1:index + 1 + N]))
            test_cases.append((N, A))
            index += 1 + N
    
        results = canMakeSequenceGood(T, test_cases)
        for result in results:
            print(result)

    main()

[/Reference Code (Not callable)]


INFO - [Task id] 20 [generation text] ## Problem Restatement

Gildong owns a restaurant and wants to ensure that the temperature is comfortable for all customers who have made reservations. Each customer has a preferred temperature range and a specific time they will arrive. The restaurant's air conditioner can heat, cool, or remain off, and it starts off. We need to determine if it's possible to adjust the temperature to satisfy all customers at their respective arrival times.

## Conceptual Solution

1. **Initial Setup**: Start with the initial temperature and the air conditioner off.
2. **Iterate Over Customers**: For each customer, calculate the time difference from the previous customer (or from time 0 for the first customer).
3. **Temperature Range Calculation**: Determine the possible temperature range at the current customer's arrival time by considering the time difference and the air conditioner's ability to change the temperature by 1 degree per minute.
4. **Check Satisfaction**: Ensure that the customer's preferred temperature range overlaps with the possible temperature range. If it does, update the possible temperature range for the next iteration.
5. **Output Result**: If all customers can be satisfied, output "YES". Otherwise, output "NO".

## Pseudocode

```
function canSatisfyAllCustomers(test_cases):
    for each test_case in test_cases:
        read n, m
        initialize current_temp_range as (m, m)
        initialize current_time as 0
        satisfied = True
        
        for each customer in test_case:
            read t_i, l_i, h_i
            time_diff = t_i - current_time
            min_temp, max_temp = current_temp_range
            
            # Calculate possible temperature range at t_i
            min_possible_temp = min_temp - time_diff
            max_possible_temp = max_temp + time_diff
            
            # Update the possible temperature range to satisfy the current customer
            new_min_temp = max(min_possible_temp, l_i)
            new_max_temp = min(max_possible_temp, h_i)
            
            if new_min_temp > new_max_temp:
                satisfied = False
                break
            
            # Update for the next customer
            current_temp_range = (new_min_temp, new_max_temp)
            current_time = t_i
        
        if satisfied:
            print "YES"
        else:
            print "NO"
```

## Final Python Solution

```python
def canSatisfyAllCustomers(test_cases):
    results = []
    for test_case in test_cases:
        n, m = test_case[0]
        customers = test_case[1]
        
        current_temp_range = (m, m)
        current_time = 0
        satisfied = True
        
        for customer in customers:
            t_i, l_i, h_i = customer
            time_diff = t_i - current_time
            min_temp, max_temp = current_temp_range
            
            # Calculate possible temperature range at t_i
            min_possible_temp = min_temp - time_diff
            max_possible_temp = max_temp + time_diff
            
            # Update the possible temperature range to satisfy the current customer
            new_min_temp = max(min_possible_temp, l_i)
            new_max_temp = min(max_possible_temp, h_i)
            
            if new_min_temp > new_max_temp:
                satisfied = False
                break
            
            # Update for the next customer
            current_temp_range = (new_min_temp, new_max_temp)
            current_time = t_i
        
        if satisfied:
            results.append("YES")
        else:
            results.append("NO")
    
    return results

def main():
    import sys
    input = sys.stdin.read
    data = input().split()
    
    q = int(data[0])
    index = 1
    test_cases = []
    
    for _ in range(q):
        n = int(data[index])
        m = int(data[index + 1])
        customers = []
        index += 2
        for _ in range(n):
            t_i = int(data[index])
            l_i = int(data[index + 1])
            h_i = int(data[index + 2])
            customers.append((t_i, l_i, h_i))
            index += 3
        test_cases.append(((n, m), customers))
    
    results = canSatisfyAllCustomers(test_cases)
    for result in results:
        print(result)

main()
```

This solution reads input, processes each test case to determine if all customers can be satisfied, and outputs the result for each test case.
INFO - program_code:
 
def canSatisfyAllCustomers(test_cases):
    results = []
    for test_case in test_cases:
        n, m = test_case[0]
        customers = test_case[1]
        
        current_temp_range = (m, m)
        current_time = 0
        satisfied = True
        
        for customer in customers:
            t_i, l_i, h_i = customer
            time_diff = t_i - current_time
            min_temp, max_temp = current_temp_range
            
            # Calculate possible temperature range at t_i
            min_possible_temp = min_temp - time_diff
            max_possible_temp = max_temp + time_diff
            
            # Update the possible temperature range to satisfy the current customer
            new_min_temp = max(min_possible_temp, l_i)
            new_max_temp = min(max_possible_temp, h_i)
            
            if new_min_temp > new_max_temp:
                satisfied = False
                break
            
            # Update for the next customer
            current_temp_range = (new_min_temp, new_max_temp)
            current_time = t_i
        
        if satisfied:
            results.append("YES")
        else:
            results.append("NO")
    
    return results

def main():
    import sys
    input = sys.stdin.read
    data = input().split()
    
    q = int(data[0])
    index = 1
    test_cases = []
    
    for _ in range(q):
        n = int(data[index])
        m = int(data[index + 1])
        customers = []
        index += 2
        for _ in range(n):
            t_i = int(data[index])
            l_i = int(data[index + 1])
            h_i = int(data[index + 2])
            customers.append((t_i, l_i, h_i))
            index += 3
        test_cases.append(((n, m), customers))
    
    results = canSatisfyAllCustomers(test_cases)
    for result in results:
        print(result)

main()


INFO - program_name:
 main

INFO - dependencies:
 []

INFO - raw_msg:
 ## Problem Restatement

Gildong owns a restaurant and wants to ensure that the temperature is comfortable for all customers who have made reservations. Each customer has a preferred temperature range and a specific time they will arrive. The restaurant's air conditioner can heat, cool, or remain off, and it starts off. We need to determine if it's possible to adjust the temperature to satisfy all customers at their respective arrival times.

## Conceptual Solution

1. **Initial Setup**: Start with the initial temperature and the air conditioner off.
2. **Iterate Over Customers**: For each customer, calculate the time difference from the previous customer (or from time 0 for the first customer).
3. **Temperature Range Calculation**: Determine the possible temperature range at the current customer's arrival time by considering the time difference and the air conditioner's ability to change the temperature by 1 degree per minute.
4. **Check Satisfaction**: Ensure that the customer's preferred temperature range overlaps with the possible temperature range. If it does, update the possible temperature range for the next iteration.
5. **Output Result**: If all customers can be satisfied, output "YES". Otherwise, output "NO".

## Pseudocode

```
function canSatisfyAllCustomers(test_cases):
    for each test_case in test_cases:
        read n, m
        initialize current_temp_range as (m, m)
        initialize current_time as 0
        satisfied = True
        
        for each customer in test_case:
            read t_i, l_i, h_i
            time_diff = t_i - current_time
            min_temp, max_temp = current_temp_range
            
            # Calculate possible temperature range at t_i
            min_possible_temp = min_temp - time_diff
            max_possible_temp = max_temp + time_diff
            
            # Update the possible temperature range to satisfy the current customer
            new_min_temp = max(min_possible_temp, l_i)
            new_max_temp = min(max_possible_temp, h_i)
            
            if new_min_temp > new_max_temp:
                satisfied = False
                break
            
            # Update for the next customer
            current_temp_range = (new_min_temp, new_max_temp)
            current_time = t_i
        
        if satisfied:
            print "YES"
        else:
            print "NO"
```

## Final Python Solution

```python
def canSatisfyAllCustomers(test_cases):
    results = []
    for test_case in test_cases:
        n, m = test_case[0]
        customers = test_case[1]
        
        current_temp_range = (m, m)
        current_time = 0
        satisfied = True
        
        for customer in customers:
            t_i, l_i, h_i = customer
            time_diff = t_i - current_time
            min_temp, max_temp = current_temp_range
            
            # Calculate possible temperature range at t_i
            min_possible_temp = min_temp - time_diff
            max_possible_temp = max_temp + time_diff
            
            # Update the possible temperature range to satisfy the current customer
            new_min_temp = max(min_possible_temp, l_i)
            new_max_temp = min(max_possible_temp, h_i)
            
            if new_min_temp > new_max_temp:
                satisfied = False
                break
            
            # Update for the next customer
            current_temp_range = (new_min_temp, new_max_temp)
            current_time = t_i
        
        if satisfied:
            results.append("YES")
        else:
            results.append("NO")
    
    return results

def main():
    import sys
    input = sys.stdin.read
    data = input().split()
    
    q = int(data[0])
    index = 1
    test_cases = []
    
    for _ in range(q):
        n = int(data[index])
        m = int(data[index + 1])
        customers = []
        index += 2
        for _ in range(n):
            t_i = int(data[index])
            l_i = int(data[index + 1])
            h_i = int(data[index + 2])
            customers.append((t_i, l_i, h_i))
            index += 3
        test_cases.append(((n, m), customers))
    
    results = canSatisfyAllCustomers(test_cases)
    for result in results:
        print(result)

main()
```

This solution reads input, processes each test case to determine if all customers can be satisfied, and outputs the result for each test case.

INFO - no_parent:
 False

INFO - full code to be executed: 
 
def canSatisfyAllCustomers(test_cases):
    results = []
    for test_case in test_cases:
        n, m = test_case[0]
        customers = test_case[1]
        
        current_temp_range = (m, m)
        current_time = 0
        satisfied = True
        
        for customer in customers:
            t_i, l_i, h_i = customer
            time_diff = t_i - current_time
            min_temp, max_temp = current_temp_range
            
            # Calculate possible temperature range at t_i
            min_possible_temp = min_temp - time_diff
            max_possible_temp = max_temp + time_diff
            
            # Update the possible temperature range to satisfy the current customer
            new_min_temp = max(min_possible_temp, l_i)
            new_max_temp = min(max_possible_temp, h_i)
            
            if new_min_temp > new_max_temp:
                satisfied = False
                break
            
            # Update for the next customer
            current_temp_range = (new_min_temp, new_max_temp)
            current_time = t_i
        
        if satisfied:
            results.append("YES")
        else:
            results.append("NO")
    
    return results

def main():
    import sys
    input = sys.stdin.read
    data = input().split()
    
    q = int(data[0])
    index = 1
    test_cases = []
    
    for _ in range(q):
        n = int(data[index])
        m = int(data[index + 1])
        customers = []
        index += 2
        for _ in range(n):
            t_i = int(data[index])
            l_i = int(data[index + 1])
            h_i = int(data[index + 2])
            customers.append((t_i, l_i, h_i))
            index += 3
        test_cases.append(((n, m), customers))
    
    results = canSatisfyAllCustomers(test_cases)
    for result in results:
        print(result)

main()


INFO - obs: Note: Inputs/outputs here are automatically extracted/truncated so formatting may be a bit off.
Tests passed:

 Input: 4
3 0
5 1 2
7 3 5
10 -1 0
2 12
5 7 10
10 16 20
3 -100
100 0 0
100 -50 50
200 100 100
1 100
99 -100 0
 Output: YES
NO
YES
NO


Tests failed:
None
reward: True
done: None
info: {'individual_results': [True]}
INFO - LM call n parse attempt 1 / 3

INFO - [Task id] 20 [prompt] 
You are an expert programmer tasked with solving the problem below.

Follow the user's instructions to solve the problem.
The user can ask for analysis, code, or both.

## Instructions
When asked to output code,
- Make sure to wrap your code in '```python' and '```' Markdown delimiters, 
- include exactly one block of code with the entire solution
- No outside libraries are allowed. 
- Builtins are allowed.
- If the task specifies a function name to be used, follow it strictly (be case sensitive!) and declare the that function last (helper functions are declared first).
- DO NOT write any assert statements / tests.

## Problem
[BEGIN PROBLEM]
Gildong owns a bulgogi restaurant. The restaurant has a lot of customers, so many of them like to make a reservation before visiting it.

Gildong tries so hard to satisfy the customers that he even memorized all customers' preferred temperature ranges! Looking through the reservation list, he wants to satisfy all customers by controlling the temperature of the restaurant.

The restaurant has an air conditioner that has 3 states: off, heating, and cooling. When it's off, the restaurant's temperature remains the same. When it's heating, the temperature increases by 1 in one minute. Lastly, when it's cooling, the temperature decreases by 1 in one minute. Gildong can change the state as many times as he wants, at any integer minutes. The air conditioner is off initially.

Each customer is characterized by three values: $t_i$ — the time (in minutes) when the $i$-th customer visits the restaurant, $l_i$ — the lower bound of their preferred temperature range, and $h_i$ — the upper bound of their preferred temperature range.

A customer is satisfied if the temperature is within the preferred range at the instant they visit the restaurant. Formally, the $i$-th customer is satisfied if and only if the temperature is between $l_i$ and $h_i$ (inclusive) in the $t_i$-th minute.

Given the initial temperature, the list of reserved customers' visit times and their preferred temperature ranges, you're going to help him find if it's possible to satisfy all customers.


-----Input-----

Each test contains one or more test cases. The first line contains the number of test cases $q$ ($1 \le q \le 500$). Description of the test cases follows.

The first line of each test case contains two integers $n$ and $m$ ($1 \le n \le 100$, $-10^9 \le m \le 10^9$), where $n$ is the number of reserved customers and $m$ is the initial temperature of the restaurant.

Next, $n$ lines follow. The $i$-th line of them contains three integers $t_i$, $l_i$, and $h_i$ ($1 \le t_i \le 10^9$, $-10^9 \le l_i \le h_i \le 10^9$), where $t_i$ is the time when the $i$-th customer visits, $l_i$ is the lower bound of their preferred temperature range, and $h_i$ is the upper bound of their preferred temperature range. The preferred temperature ranges are inclusive.

The customers are given in non-decreasing order of their visit time, and the current time is $0$.


-----Output-----

For each test case, print "YES" if it is possible to satisfy all customers. Otherwise, print "NO".

You can print each letter in any case (upper or lower).


-----Example-----
Input
4
3 0
5 1 2
7 3 5
10 -1 0
2 12
5 7 10
10 16 20
3 -100
100 0 0
100 -50 50
200 100 100
1 100
99 -100 0

Output
YES
NO
YES
NO



-----Note-----

In the first case, Gildong can control the air conditioner to satisfy all customers in the following way:  At $0$-th minute, change the state to heating (the temperature is 0).  At $2$-nd minute, change the state to off (the temperature is 2).  At $5$-th minute, change the state to heating (the temperature is 2, the $1$-st customer is satisfied).  At $6$-th minute, change the state to off (the temperature is 3).  At $7$-th minute, change the state to cooling (the temperature is 3, the $2$-nd customer is satisfied).  At $10$-th minute, the temperature will be 0, which satisfies the last customer. 

In the third case, Gildong can change the state to heating at $0$-th minute and leave it be. Then all customers will be satisfied. Note that the $1$-st customer's visit time equals the $2$-nd customer's visit time.

In the second and the fourth case, Gildong has to make at least one customer unsatisfied.

The output code needs to read from and write to standard IO


[END PROBLEM]

INFO - [Task id] 20 [prompt] 
## Instructions

Reason through the problem and:
1. Restate the problem in plain English
2. Conceptualize a solution first in plain English
3. Write a pseudocode solution
4. Output the final Python 3 solution with your solution steps in comments.

Make sure to wrap your code in '```python' and '```' Markdown delimiters, 
and include exactly one block of code with the entire solution.

No outside libraries are allowed.
Builtins are allowed.

INFO - [Task id] 20 [prompt] ## Problem Restatement

Gildong owns a restaurant and wants to ensure that the temperature is comfortable for all customers who have made reservations. Each customer has a preferred temperature range and a specific time they will arrive. The restaurant's air conditioner can heat, cool, or remain off, and it starts off. We need to determine if it's possible to adjust the temperature to satisfy all customers at their respective arrival times.

## Conceptual Solution

1. **Initial Setup**: Start with the initial temperature and the air conditioner off.
2. **Iterate Over Customers**: For each customer, calculate the time difference from the previous customer (or from time 0 for the first customer).
3. **Temperature Range Calculation**: Determine the possible temperature range at the current customer's arrival time by considering the time difference and the air conditioner's ability to change the temperature by 1 degree per minute.
4. **Check Satisfaction**: Ensure that the customer's preferred temperature range overlaps with the possible temperature range. If it does, update the possible temperature range for the next iteration.
5. **Output Result**: If all customers can be satisfied, output "YES". Otherwise, output "NO".

## Pseudocode

```
function canSatisfyAllCustomers(test_cases):
    for each test_case in test_cases:
        read n, m
        initialize current_temp_range as (m, m)
        initialize current_time as 0
        satisfied = True
        
        for each customer in test_case:
            read t_i, l_i, h_i
            time_diff = t_i - current_time
            min_temp, max_temp = current_temp_range
            
            # Calculate possible temperature range at t_i
            min_possible_temp = min_temp - time_diff
            max_possible_temp = max_temp + time_diff
            
            # Update the possible temperature range to satisfy the current customer
            new_min_temp = max(min_possible_temp, l_i)
            new_max_temp = min(max_possible_temp, h_i)
            
            if new_min_temp > new_max_temp:
                satisfied = False
                break
            
            # Update for the next customer
            current_temp_range = (new_min_temp, new_max_temp)
            current_time = t_i
        
        if satisfied:
            print "YES"
        else:
            print "NO"
```

## Final Python Solution

```python
def canSatisfyAllCustomers(test_cases):
    results = []
    for test_case in test_cases:
        n, m = test_case[0]
        customers = test_case[1]
        
        current_temp_range = (m, m)
        current_time = 0
        satisfied = True
        
        for customer in customers:
            t_i, l_i, h_i = customer
            time_diff = t_i - current_time
            min_temp, max_temp = current_temp_range
            
            # Calculate possible temperature range at t_i
            min_possible_temp = min_temp - time_diff
            max_possible_temp = max_temp + time_diff
            
            # Update the possible temperature range to satisfy the current customer
            new_min_temp = max(min_possible_temp, l_i)
            new_max_temp = min(max_possible_temp, h_i)
            
            if new_min_temp > new_max_temp:
                satisfied = False
                break
            
            # Update for the next customer
            current_temp_range = (new_min_temp, new_max_temp)
            current_time = t_i
        
        if satisfied:
            results.append("YES")
        else:
            results.append("NO")
    
    return results

def main():
    import sys
    input = sys.stdin.read
    data = input().split()
    
    q = int(data[0])
    index = 1
    test_cases = []
    
    for _ in range(q):
        n = int(data[index])
        m = int(data[index + 1])
        customers = []
        index += 2
        for _ in range(n):
            t_i = int(data[index])
            l_i = int(data[index + 1])
            h_i = int(data[index + 2])
            customers.append((t_i, l_i, h_i))
            index += 3
        test_cases.append(((n, m), customers))
    
    results = canSatisfyAllCustomers(test_cases)
    for result in results:
        print(result)

main()
```

This solution reads input, processes each test case to determine if all customers can be satisfied, and outputs the result for each test case.
INFO - [Task id] 20 [prompt] 
[Environment Feedback]:
    Note: Inputs/outputs here are automatically extracted/truncated so formatting may be a bit off.
    Tests passed:

     Input: 4
    3 0
    5 1 2
    7 3 5
    10 -1 0
    2 12
    5 7 10
    10 16 20
    3 -100
    100 0 0
    100 -50 50
    200 100 100
    1 100
    99 -100 0
     Output: YES
    NO
    YES
    NO


    Tests failed:
    None
[/Environment Feedback]

INFO - [Task id] 20 [prompt] 
## Instructions
Now, summarize your attempts as a **standalone** document for your own future reference. (can skip formalities, be concise)

- Only include the most relevant information and code snippets that could be useful in the future.
- If you did not learn much from the current experience (e.g. the problem was too easy), feel free to write less or nothing at all.
- Here are some ideas if the experience was useful:
    - Identifying the core concepts and patterns that problem appears to test for
    - Describing the strategies that seemed to work but did not, and vice versa
    - Describing unexpected errors and how they were fixed

Your summary should be at most a few paragraphs.

INFO - [Task id] 20 [generation text] In this problem, the core concept was to manage a dynamic temperature range to satisfy multiple customers with specific temperature preferences at given times. The challenge was to ensure that the temperature could be adjusted within the constraints of the air conditioner's capabilities (heating or cooling by 1 degree per minute) to meet each customer's requirements at their arrival time.

The successful strategy involved iterating over each customer and calculating the possible temperature range at their arrival time. This was done by considering the time elapsed since the last customer and adjusting the current temperature range accordingly. The key was to ensure that the customer's preferred temperature range overlapped with the possible temperature range. If it did, the range was updated for the next customer; if not, it was impossible to satisfy all customers, and the result was "NO" for that test case.

The solution was implemented efficiently by maintaining a running range of possible temperatures and updating it as each customer was processed. This approach ensured that the solution was both time-efficient and easy to understand. The problem reinforced the importance of managing state and constraints dynamically in algorithmic problems.
INFO - LM call n parse attempt 1 / 3

INFO - [Task id] 20 [prompt] 
You are an expert programmer tasked with solving the problem below.

Follow the user's instructions to solve the problem.
The user can ask for analysis, code, or both.

## Instructions
When asked to output code,
- Make sure to wrap your code in '```python' and '```' Markdown delimiters, 
- include exactly one block of code with the entire solution
- No outside libraries are allowed. 
- Builtins are allowed.
- If the task specifies a function name to be used, follow it strictly (be case sensitive!) and declare the that function last (helper functions are declared first).
- DO NOT write any assert statements / tests.

## Problem
[BEGIN PROBLEM]
Gildong owns a bulgogi restaurant. The restaurant has a lot of customers, so many of them like to make a reservation before visiting it.

Gildong tries so hard to satisfy the customers that he even memorized all customers' preferred temperature ranges! Looking through the reservation list, he wants to satisfy all customers by controlling the temperature of the restaurant.

The restaurant has an air conditioner that has 3 states: off, heating, and cooling. When it's off, the restaurant's temperature remains the same. When it's heating, the temperature increases by 1 in one minute. Lastly, when it's cooling, the temperature decreases by 1 in one minute. Gildong can change the state as many times as he wants, at any integer minutes. The air conditioner is off initially.

Each customer is characterized by three values: $t_i$ — the time (in minutes) when the $i$-th customer visits the restaurant, $l_i$ — the lower bound of their preferred temperature range, and $h_i$ — the upper bound of their preferred temperature range.

A customer is satisfied if the temperature is within the preferred range at the instant they visit the restaurant. Formally, the $i$-th customer is satisfied if and only if the temperature is between $l_i$ and $h_i$ (inclusive) in the $t_i$-th minute.

Given the initial temperature, the list of reserved customers' visit times and their preferred temperature ranges, you're going to help him find if it's possible to satisfy all customers.


-----Input-----

Each test contains one or more test cases. The first line contains the number of test cases $q$ ($1 \le q \le 500$). Description of the test cases follows.

The first line of each test case contains two integers $n$ and $m$ ($1 \le n \le 100$, $-10^9 \le m \le 10^9$), where $n$ is the number of reserved customers and $m$ is the initial temperature of the restaurant.

Next, $n$ lines follow. The $i$-th line of them contains three integers $t_i$, $l_i$, and $h_i$ ($1 \le t_i \le 10^9$, $-10^9 \le l_i \le h_i \le 10^9$), where $t_i$ is the time when the $i$-th customer visits, $l_i$ is the lower bound of their preferred temperature range, and $h_i$ is the upper bound of their preferred temperature range. The preferred temperature ranges are inclusive.

The customers are given in non-decreasing order of their visit time, and the current time is $0$.


-----Output-----

For each test case, print "YES" if it is possible to satisfy all customers. Otherwise, print "NO".

You can print each letter in any case (upper or lower).


-----Example-----
Input
4
3 0
5 1 2
7 3 5
10 -1 0
2 12
5 7 10
10 16 20
3 -100
100 0 0
100 -50 50
200 100 100
1 100
99 -100 0

Output
YES
NO
YES
NO



-----Note-----

In the first case, Gildong can control the air conditioner to satisfy all customers in the following way:  At $0$-th minute, change the state to heating (the temperature is 0).  At $2$-nd minute, change the state to off (the temperature is 2).  At $5$-th minute, change the state to heating (the temperature is 2, the $1$-st customer is satisfied).  At $6$-th minute, change the state to off (the temperature is 3).  At $7$-th minute, change the state to cooling (the temperature is 3, the $2$-nd customer is satisfied).  At $10$-th minute, the temperature will be 0, which satisfies the last customer. 

In the third case, Gildong can change the state to heating at $0$-th minute and leave it be. Then all customers will be satisfied. Note that the $1$-st customer's visit time equals the $2$-nd customer's visit time.

In the second and the fourth case, Gildong has to make at least one customer unsatisfied.

The output code needs to read from and write to standard IO


[END PROBLEM]

INFO - [Task id] 20 [prompt] 
## Instructions

Reason through the problem and:
1. Restate the problem in plain English
2. Conceptualize a solution first in plain English
3. Write a pseudocode solution
4. Output the final Python 3 solution with your solution steps in comments.

Make sure to wrap your code in '```python' and '```' Markdown delimiters, 
and include exactly one block of code with the entire solution.

No outside libraries are allowed.
Builtins are allowed.

INFO - [Task id] 20 [prompt] ## Problem Restatement

Gildong owns a restaurant and wants to ensure that the temperature is comfortable for all customers who have made reservations. Each customer has a preferred temperature range and a specific time they will arrive. The restaurant's air conditioner can heat, cool, or remain off, and it starts off. We need to determine if it's possible to adjust the temperature to satisfy all customers at their respective arrival times.

## Conceptual Solution

1. **Initial Setup**: Start with the initial temperature and the air conditioner off.
2. **Iterate Over Customers**: For each customer, calculate the time difference from the previous customer (or from time 0 for the first customer).
3. **Temperature Range Calculation**: Determine the possible temperature range at the current customer's arrival time by considering the time difference and the air conditioner's ability to change the temperature by 1 degree per minute.
4. **Check Satisfaction**: Ensure that the customer's preferred temperature range overlaps with the possible temperature range. If it does, update the possible temperature range for the next iteration.
5. **Output Result**: If all customers can be satisfied, output "YES". Otherwise, output "NO".

## Pseudocode

```
function canSatisfyAllCustomers(test_cases):
    for each test_case in test_cases:
        read n, m
        initialize current_temp_range as (m, m)
        initialize current_time as 0
        satisfied = True
        
        for each customer in test_case:
            read t_i, l_i, h_i
            time_diff = t_i - current_time
            min_temp, max_temp = current_temp_range
            
            # Calculate possible temperature range at t_i
            min_possible_temp = min_temp - time_diff
            max_possible_temp = max_temp + time_diff
            
            # Update the possible temperature range to satisfy the current customer
            new_min_temp = max(min_possible_temp, l_i)
            new_max_temp = min(max_possible_temp, h_i)
            
            if new_min_temp > new_max_temp:
                satisfied = False
                break
            
            # Update for the next customer
            current_temp_range = (new_min_temp, new_max_temp)
            current_time = t_i
        
        if satisfied:
            print "YES"
        else:
            print "NO"
```

## Final Python Solution

```python
def canSatisfyAllCustomers(test_cases):
    results = []
    for test_case in test_cases:
        n, m = test_case[0]
        customers = test_case[1]
        
        current_temp_range = (m, m)
        current_time = 0
        satisfied = True
        
        for customer in customers:
            t_i, l_i, h_i = customer
            time_diff = t_i - current_time
            min_temp, max_temp = current_temp_range
            
            # Calculate possible temperature range at t_i
            min_possible_temp = min_temp - time_diff
            max_possible_temp = max_temp + time_diff
            
            # Update the possible temperature range to satisfy the current customer
            new_min_temp = max(min_possible_temp, l_i)
            new_max_temp = min(max_possible_temp, h_i)
            
            if new_min_temp > new_max_temp:
                satisfied = False
                break
            
            # Update for the next customer
            current_temp_range = (new_min_temp, new_max_temp)
            current_time = t_i
        
        if satisfied:
            results.append("YES")
        else:
            results.append("NO")
    
    return results

def main():
    import sys
    input = sys.stdin.read
    data = input().split()
    
    q = int(data[0])
    index = 1
    test_cases = []
    
    for _ in range(q):
        n = int(data[index])
        m = int(data[index + 1])
        customers = []
        index += 2
        for _ in range(n):
            t_i = int(data[index])
            l_i = int(data[index + 1])
            h_i = int(data[index + 2])
            customers.append((t_i, l_i, h_i))
            index += 3
        test_cases.append(((n, m), customers))
    
    results = canSatisfyAllCustomers(test_cases)
    for result in results:
        print(result)

main()
```

This solution reads input, processes each test case to determine if all customers can be satisfied, and outputs the result for each test case.
INFO - [Task id] 20 [prompt] 
[Environment Feedback]:
    Note: Inputs/outputs here are automatically extracted/truncated so formatting may be a bit off.
    Tests passed:

     Input: 4
    3 0
    5 1 2
    7 3 5
    10 -1 0
    2 12
    5 7 10
    10 16 20
    3 -100
    100 0 0
    100 -50 50
    200 100 100
    1 100
    99 -100 0
     Output: YES
    NO
    YES
    NO


    Tests failed:
    None
[/Environment Feedback]

INFO - [Task id] 20 [prompt] 
Below is the official solution (do exercise discretion as official solutions can also have mistakes).

You will be reflecting on your attempts to solve the problem.
This will be a **standalone** document for your own future reference. (can skip formalities, be concise)

## Instructions
- Only include the most relevant insights and code snippets that could be useful in the future.
- If you did not learn much from the current experience (e.g. the problem was too easy / official solution was obvious), feel free to write less or nothing at all.
- Here are some ideas if the experience was useful:
    - If the official solution is insightful (e.g. better than yours in time and space complexity or more effective in breaking down the problem statement), distil the key approach of the official solution, step by step.
    - If your approach failed the test cases, reason why the official solution works but yours does not

Your reflection should be at most a few paragraphs.

## Official solution
q = int(input())
for _ in range(q):
    n, m = list(map(int, input().split()))
    info = [list(map(int, input().split())) for i in range(n)]
    info = sorted(info)
    now =(m, m)
    time = 0
    flag = True
    for i in range(n):
        t, l, h = info[i]
        l_now = now[0] - (t - time)
        h_now = now[1] + (t - time)
        time = t
        if h < l_now or h_now < l:
            flag = False
        else:
            l_now = max(l_now, l)
            h_now = min(h_now, h)
            now = (l_now, h_now)
    if flag:
        print("YES")
    else:
        print("NO")

INFO - [Task id] 20 [generation text] The problem was straightforward, and my solution closely mirrored the official solution. Both approaches involved iterating over each customer, calculating the possible temperature range at their arrival time, and checking if it overlaps with their preferred range. If all customers can be satisfied, we output "YES"; otherwise, "NO".

Key insights from the official solution:
- The official solution uses a similar approach to calculate the possible temperature range at each customer's arrival time by considering the time difference and adjusting the range accordingly.
- It uses a flag to determine if all customers can be satisfied, which is a simple and effective way to handle the logic.
- The solution sorts the customer information, although the problem guarantees that the input is already sorted by time. This step is redundant but does not affect the correctness.

Overall, the problem reinforced the importance of carefully managing state changes over time and ensuring that constraints are met at each step. The solution is efficient, with a time complexity of O(n) per test case, which is optimal given the constraints.
INFO - Updated entry: In this problem, the core concept was to manage a dynamic temperature range to satisfy multiple customers with specific temperature preferences at given times. The challenge was to ensure that the temperature could be adjusted within the constraints of the air conditioner's capabilities (heating ...,

INFO - Metadata: {
    "task_id": 20
}

INFO - Updated entry: The problem was straightforward, and my solution closely mirrored the official solution. Both approaches involved iterating over each customer, calculating the possible temperature range at their arrival time, and checking if it overlaps with their preferred range. If all customers can be satisfi...,

INFO - Metadata: {
    "task_id": 20
}

INFO - LM call n parse attempt 1 / 3

INFO - [Task id] 20 [prompt] 
You are a helpful assistant that writes a description of the given function written in the Python programming language.

1) Do not mention the function name.
2) Do not mention anything about helper functions.
3) There might be some helper functions before the main function, but you only need to describe the main function.
4) Try to summarize the function in no more than 6 sentences.
5) Your response should be a single line of text.

INFO - [Task id] 20 [prompt] 
def canSatisfyAllCustomers(test_cases):
    results = []
    for test_case in test_cases:
        n, m = test_case[0]
        customers = test_case[1]
        
        current_temp_range = (m, m)
        current_time = 0
        satisfied = True
        
        for customer in customers:
            t_i, l_i, h_i = customer
            time_diff = t_i - current_time
            min_temp, max_temp = current_temp_range
            
            # Calculate possible temperature range at t_i
            min_possible_temp = min_temp - time_diff
            max_possible_temp = max_temp + time_diff
            
            # Update the possible temperature range to satisfy the current customer
            new_min_temp = max(min_possible_temp, l_i)
            new_max_temp = min(max_possible_temp, h_i)
            
            if new_min_temp > new_max_temp:
                satisfied = False
                break
            
            # Update for the next customer
            current_temp_range = (new_min_temp, new_max_temp)
            current_time = t_i
        
        if satisfied:
            results.append("YES")
        else:
            results.append("NO")
    
    return results

def main():
    import sys
    input = sys.stdin.read
    data = input().split()
    
    q = int(data[0])
    index = 1
    test_cases = []
    
    for _ in range(q):
        n = int(data[index])
        m = int(data[index + 1])
        customers = []
        index += 2
        for _ in range(n):
            t_i = int(data[index])
            l_i = int(data[index + 1])
            h_i = int(data[index + 2])
            customers.append((t_i, l_i, h_i))
            index += 3
        test_cases.append(((n, m), customers))
    
    results = canSatisfyAllCustomers(test_cases)
    for result in results:
        print(result)

main()


The main function is `main`.
INFO - [Task id] 20 [generation text] The function reads input data from standard input, which includes multiple test cases, each specifying a number of customers and an initial temperature. For each test case, it processes the list of customers, each with a time and a temperature range they require. It checks if it's possible to adjust the temperature over time to satisfy all customers' requirements by maintaining a feasible temperature range at each customer's specified time. If all customers in a test case can be satisfied, it appends "YES" to the results; otherwise, it appends "NO". Finally, it prints the results for each test case.
INFO - LM call n parse attempt 1 / 3

INFO - [Task id] 20 [prompt] 
You are a helpful assistant that extracts important information from problems and solutions to aid in searchability and education.

## Instructions
- Read through the problem and solution carefully.
- Reason out, step by step, in what scenarios this knowledge would be useful.
- Focus on general patterns and situations to help connect this knowledge to new situations.
- Then, include a list of keywords that are useful for searching this problem/solution pair.

## Response format
Respond in JSON, and follow the keys and expected format of the values strictly.

The output should be formatted as a JSON instance that conforms to the JSON schema below.

As an example, for the schema {"properties": {"foo": {"title": "Foo", "description": "a list of strings", "type": "array", "items": {"type": "string"}}}, "required": ["foo"]}
the object {"foo": ["bar", "baz"]} is a well-formatted instance of the schema. The object {"properties": {"foo": ["bar", "baz"]}} is not well-formatted.

Here is the output schema:
```
{"properties": {"scenarios": {"description": "In what scenarios will this knowledge be useful? Answer in a paragraph.", "title": "Scenarios", "type": "string"}, "keywords": {"description": "List of keywords that are useful for searching this problem/solution pair", "items": {"type": "string"}, "title": "Keywords", "type": "array"}}, "required": ["scenarios", "keywords"]}
```

INFO - [Task id] 20 [prompt] 
[Problem]
    Gildong owns a bulgogi restaurant. The restaurant has a lot of customers, so many of them like to make a reservation before visiting it.

    Gildong tries so hard to satisfy the customers that he even memorized all customers' preferred temperature ranges! Looking through the reservation list, he wants to satisfy all customers by controlling the temperature of the restaurant.

    The restaurant has an air conditioner that has 3 states: off, heating, and cooling. When it's off, the restaurant's temperature remains the same. When it's heating, the temperature increases by 1 in one minute. Lastly, when it's cooling, the temperature decreases by 1 in one minute. Gildong can change the state as many times as he wants, at any integer minutes. The air conditioner is off initially.

    Each customer is characterized by three values: $t_i$ — the time (in minutes) when the $i$-th customer visits the restaurant, $l_i$ — the lower bound of their preferred temperature range, and $h_i$ — the upper bound of their preferred temperature range.

    A customer is satisfied if the temperature is within the preferred range at the instant they visit the restaurant. Formally, the $i$-th customer is satisfied if and only if the temperature is between $l_i$ and $h_i$ (inclusive) in the $t_i$-th minute.

    Given the initial temperature, the list of reserved customers' visit times and their preferred temperature ranges, you're going to help him find if it's possible to satisfy all customers.


    -----Input-----

    Each test contains one or more test cases. The first line contains the number of test cases $q$ ($1 \le q \le 500$). Description of the test cases follows.

    The first line of each test case contains two integers $n$ and $m$ ($1 \le n \le 100$, $-10^9 \le m \le 10^9$), where $n$ is the number of reserved customers and $m$ is the initial temperature of the restaurant.

    Next, $n$ lines follow. The $i$-th line of them contains three integers $t_i$, $l_i$, and $h_i$ ($1 \le t_i \le 10^9$, $-10^9 \le l_i \le h_i \le 10^9$), where $t_i$ is the time when the $i$-th customer visits, $l_i$ is the lower bound of their preferred temperature range, and $h_i$ is the upper bound of their preferred temperature range. The preferred temperature ranges are inclusive.

    The customers are given in non-decreasing order of their visit time, and the current time is $0$.


    -----Output-----

    For each test case, print "YES" if it is possible to satisfy all customers. Otherwise, print "NO".

    You can print each letter in any case (upper or lower).


    -----Example-----
    Input
    4
    3 0
    5 1 2
    7 3 5
    10 -1 0
    2 12
    5 7 10
    10 16 20
    3 -100
    100 0 0
    100 -50 50
    200 100 100
    1 100
    99 -100 0

    Output
    YES
    NO
    YES
    NO



    -----Note-----

    In the first case, Gildong can control the air conditioner to satisfy all customers in the following way:  At $0$-th minute, change the state to heating (the temperature is 0).  At $2$-nd minute, change the state to off (the temperature is 2).  At $5$-th minute, change the state to heating (the temperature is 2, the $1$-st customer is satisfied).  At $6$-th minute, change the state to off (the temperature is 3).  At $7$-th minute, change the state to cooling (the temperature is 3, the $2$-nd customer is satisfied).  At $10$-th minute, the temperature will be 0, which satisfies the last customer. 

    In the third case, Gildong can change the state to heating at $0$-th minute and leave it be. Then all customers will be satisfied. Note that the $1$-st customer's visit time equals the $2$-nd customer's visit time.

    In the second and the fourth case, Gildong has to make at least one customer unsatisfied.
[/Problem]

[Solution]

    def canSatisfyAllCustomers(test_cases):
        results = []
        for test_case in test_cases:
            n, m = test_case[0]
            customers = test_case[1]
        
            current_temp_range = (m, m)
            current_time = 0
            satisfied = True
        
            for customer in customers:
                t_i, l_i, h_i = customer
                time_diff = t_i - current_time
                min_temp, max_temp = current_temp_range
            
                # Calculate possible temperature range at t_i
                min_possible_temp = min_temp - time_diff
                max_possible_temp = max_temp + time_diff
            
                # Update the possible temperature range to satisfy the current customer
                new_min_temp = max(min_possible_temp, l_i)
                new_max_temp = min(max_possible_temp, h_i)
            
                if new_min_temp > new_max_temp:
                    satisfied = False
                    break
            
                # Update for the next customer
                current_temp_range = (new_min_temp, new_max_temp)
                current_time = t_i
        
            if satisfied:
                results.append("YES")
            else:
                results.append("NO")
    
        return results

    def main():
        import sys
        input = sys.stdin.read
        data = input().split()
    
        q = int(data[0])
        index = 1
        test_cases = []
    
        for _ in range(q):
            n = int(data[index])
            m = int(data[index + 1])
            customers = []
            index += 2
            for _ in range(n):
                t_i = int(data[index])
                l_i = int(data[index + 1])
                h_i = int(data[index + 2])
                customers.append((t_i, l_i, h_i))
                index += 3
            test_cases.append(((n, m), customers))
    
        results = canSatisfyAllCustomers(test_cases)
        for result in results:
            print(result)

    main()

[/Solution]

INFO - [Task id] 20 [generation text] 
INFO - {
    "scenarios": "This knowledge is useful in scenarios where you need to manage a system with constraints over time, such as temperature control in a restaurant or any environment where conditions must be adjusted to meet specific requirements at different times. It is particularly relevant in scheduling problems where resources (like an air conditioner) must be managed to satisfy a series of conditions or preferences. This problem also illustrates how to handle ranges and constraints dynamically, which is applicable in optimization problems, resource allocation, and real-time systems where conditions change over time and must be met at specific intervals.",
    "keywords": [
        "temperature control",
        "scheduling",
        "constraints",
        "optimization",
        "resource allocation",
        "real-time systems",
        "dynamic range handling",
        "customer satisfaction",
        "air conditioner states",
        "time management"
    ]
}
INFO - {
    "scenarios": "This knowledge is useful in scenarios where you need to manage a system with constraints over time, such as temperature control in a restaurant or any environment where conditions must be adjusted to meet specific requirements at different times. It is particularly relevant in scheduling problems where resources (like an air conditioner) must be managed to satisfy a series of conditions or preferences. This problem also illustrates how to handle ranges and constraints dynamically, which is applicable in optimization problems, resource allocation, and real-time systems where conditions change over time and must be met at specific intervals.",
    "keywords": [
        "temperature control",
        "scheduling",
        "constraints",
        "optimization",
        "resource allocation",
        "real-time systems",
        "dynamic range handling",
        "customer satisfaction",
        "air conditioner states",
        "time management"
    ]
}
INFO - Updated entry: 
[description for function: main]
The function reads input data from standard input, which includes multiple test cases, each specifying a number of customers and an initial temperature. For each test case, it processes the list of customers, each with a time and a temperature range they require....,

INFO - Metadata: {
    "task": 20,
    "code": "\ndef canSatisfyAllCustomers(test_cases):\n    results = []\n    for test_case in test_cases:\n        n, m = test_case[0]\n        customers = test_case[1]\n        \n        current_temp_range = (m, m)\n        current_time = 0\n        satisfied = True\n        \...

