INFO - DB skill doc count: 0

INFO - DB non_func doc count: 41

INFO - DB semantic doc count: 429

INFO - DB summaries doc count: 60

INFO - DB reflections doc count: 60

INFO - DB episodic doc count: 134

INFO - [train iter]: 60/100 

INFO - The task prompt is Return the length of the shortest, non-empty, contiguous subarray of A with sum at least K.
If there is no non-empty subarray with sum at least K, return -1.
 



Example 1:
Input: A = [1], K = 1
Output: 1


Example 2:
Input: A = [1,2], K = 4
Output: -1


Example 3:
Input: A = [2,-1,2], K = 3
Out...

INFO - Attempting task_id 312
INFO - LM call n parse attempt 1 / 3

INFO - [Task id] 312 [prompt] 
You are an expert programmer tasked with solving the problem below.

Follow the user's instructions to solve the problem.
The user can ask for analysis, code, or both.

## Instructions
When asked to output code,
- Make sure to wrap your code in '```python' and '```' Markdown delimiters, 
- include exactly one block of code with the entire solution
- No outside libraries are allowed. 
- Builtins are allowed.
- If the task specifies a function name to be used, follow it strictly (be case sensitive!) and declare the that function last (helper functions are declared first).
- DO NOT write any assert statements / tests.

## Problem
[BEGIN PROBLEM]
Return the length of the shortest, non-empty, contiguous subarray of A with sum at least K.
If there is no non-empty subarray with sum at least K, return -1.
 



Example 1:
Input: A = [1], K = 1
Output: 1


Example 2:
Input: A = [1,2], K = 4
Output: -1


Example 3:
Input: A = [2,-1,2], K = 3
Output: 3

 
Note:

1 <= A.length <= 50000
-10 ^ 5 <= A[i] <= 10 ^ 5
1 <= K <= 10 ^ 9

The output code needs to use the provided function signature

The final python function should begin with: 
```python

class Solution:
    def shortestSubarray(self, A: List[int], K: int) -> int:
        
```

[END PROBLEM]

INFO - [Task id] 312 [prompt] 
## Instructions

Reason through the problem and:
1. Restate the problem in plain English
2. Conceptualize a solution first in plain English
3. Write a pseudocode solution
4. Output the final Python 3 solution with your solution steps in comments.

Make sure to wrap your code in '```python' and '```' Markdown delimiters, 
and include exactly one block of code with the entire solution.

No outside libraries are allowed.
Builtins are allowed.

INFO - [Task id] 312 [generation text] ## Problem Restatement

We need to find the length of the shortest contiguous subarray within a given array `A` such that the sum of the subarray is at least `K`. If no such subarray exists, we should return `-1`.

## Conceptual Solution

To solve this problem efficiently, we can use a sliding window approach with a deque to keep track of potential starting points of subarrays. The idea is to maintain a prefix sum array and use it to quickly calculate the sum of any subarray. The deque will help us efficiently find the shortest subarray with a sum at least `K`.

### Steps:
1. **Prefix Sum Array**: Compute a prefix sum array where each element at index `i` represents the sum of the array from the start up to index `i-1`.
2. **Deque for Indices**: Use a deque to store indices of the prefix sum array. This will help us efficiently find the shortest subarray.
3. **Iterate Over Prefix Sum**: For each element in the prefix sum array:
   - Check if the current prefix sum minus the prefix sum at the index stored at the front of the deque is at least `K`. If it is, update the minimum length and remove the index from the deque.
   - Maintain the deque in increasing order of prefix sums by removing indices from the back if the current prefix sum is less than or equal to the prefix sum at those indices.
   - Add the current index to the deque.
4. **Return Result**: If a valid subarray is found, return its length; otherwise, return `-1`.

## Pseudocode

```
function shortestSubarray(A, K):
    n = length of A
    prefix_sum = array of size n+1 initialized to 0
    for i from 0 to n:
        prefix_sum[i+1] = prefix_sum[i] + A[i]
    
    deque = empty deque
    min_length = infinity
    
    for i from 0 to n:
        while deque is not empty and prefix_sum[i] - prefix_sum[deque[0]] >= K:
            min_length = min(min_length, i - deque[0])
            remove front element from deque
        
        while deque is not empty and prefix_sum[i] <= prefix_sum[deque[-1]]:
            remove back element from deque
        
        add i to deque
    
    if min_length is infinity:
        return -1
    else:
        return min_length
```

## Final Python Solution

```python
from typing import List
from collections import deque

class Solution:
    def shortestSubarray(self, A: List[int], K: int) -> int:
        n = len(A)
        # Step 1: Compute the prefix sum array
        prefix_sum = [0] * (n + 1)
        for i in range(n):
            prefix_sum[i + 1] = prefix_sum[i] + A[i]
        
        # Step 2: Initialize a deque to store indices and a variable for the minimum length
        dq = deque()
        min_length = float('inf')
        
        # Step 3: Iterate over the prefix sum array
        for i in range(n + 1):
            # Check if we can form a valid subarray with sum at least K
            while dq and prefix_sum[i] - prefix_sum[dq[0]] >= K:
                min_length = min(min_length, i - dq.popleft())
            
            # Maintain the deque in increasing order of prefix sums
            while dq and prefix_sum[i] <= prefix_sum[dq[-1]]:
                dq.pop()
            
            # Add the current index to the deque
            dq.append(i)
        
        # Step 4: Return the result
        return min_length if min_length != float('inf') else -1
```

This solution efficiently finds the shortest subarray with a sum at least `K` using a combination of prefix sums and a deque to maintain potential starting indices. The time complexity is O(n) due to the linear traversal and deque operations.
INFO - [35m Rollout attempt 1/4[0m
INFO - [33m Retrieving 3 entries for db: episodic 
 [0m
INFO - Retrieved (score=0.3842):

[Task]:
    Given an unsorted array of integers, find the length of longest increasing subsequence.

    Example:


    Input: [10,9,2,5,3,7,101,18]
    Output: 4 
    Explanation: The longest increasing subsequence is [2,3,7,101], therefore the length is 4. 

    Note: 


           There may b...


INFO - Retrieved (score=0.3889):

[Task]:
    Given an array of integers nums and an integer k. A continuous subarray is called nice if there are k odd numbers on it.
    Return the number of nice sub-arrays.
 
    Example 1:
    Input: nums = [1,1,2,1,1], k = 3
    Output: 2
    Explanation: The only sub-arrays with 3 odd numbe...


INFO - Retrieved (score=0.4091):

[Task]:
    For a permutation P = (p1, p2, ..., pN) of numbers [1, 2, ..., N], we define the function f(P) = max(p1, p2) + max(p2, p3) + ... + max(pN-1, pN).
    You are given N and an integer K. Find and report a permutation P of [1, 2, ..., N] such that f(P) = K, if such a permutation exists.
...


INFO - [33m Retrieving 3 entries for db: semantic 
 [0m
INFO - Retrieved (score=0.4276):
Title: Search the subarray with the maximum/minimum sum
Part: 1/2
# Search the subarray with the maximum/minimum sum

Here, we consider the problem of finding a subarray with maximum sum, as well as some of its variations (including the algorithm for solving this problem online).

## Problem stat...


INFO - Retrieved (score=0.4569):
Title: Minimum stack / Minimum queue
Part: 1/1
# Minimum stack / Minimum queue

In this article we will consider three problems: 
first we will modify a stack in a way that allows us to find the smallest element of the stack in $O(1)$, then we will do the same thing with a queue, and finally we w...


INFO - Retrieved (score=0.4585):
Title: Search the subarray with the maximum/minimum sum
Part: 2/2
```

## Related tasks

### Finding the maximum/minimum subarray with constraints

If the problem condition imposes additional restrictions on the required segment $[l, r]$ (for example, that the length $r-l+1$ of the segment must b...


INFO - [33m Retrieving 3 entries for db: reflections 
 [0m
INFO - Retrieved (score=0.4185):
### Reflection

The problem of finding the longest subarray with a sum closest to zero is a classic example of using prefix sums and efficient data structures to manage subarray calculations. Here's a breakdown of the insights gained from the official solution:

1. **Prefix Sum and Binary Search*...


INFO - Retrieved (score=0.4313):
Reflecting on the problem-solving process for this permutation problem, there are several key insights and lessons learned:

1. **Understanding the Problem Constraints**: The problem required constructing a permutation such that the sum of the maximums of consecutive pairs equals a given integer ...


INFO - Retrieved (score=0.4326):
Reflecting on the problem of finding the number of "nice" subarrays with exactly `k` odd numbers, both my solution and the official solution effectively solve the problem, but they approach it differently.

### Key Insights from the Official Solution:
1. **Edge Array**: The official solution uses...


INFO - [33m Retrieving 3 entries for db: summaries 
 [0m
INFO - Retrieved (score=0.3857):
In this problem, I tackled the task of finding the length of the longest increasing subsequence (LIS) in an unsorted list of integers. The core concept here is dynamic programming, which is a common approach for solving problems involving subsequences or subarrays.

The strategy that worked invol...


INFO - Retrieved (score=0.3984):
In tackling the problem of finding a permutation of numbers from 1 to N such that the sum of the maximum of each consecutive pair equals a given integer K, I learned several key concepts and strategies:

### Core Concepts
- **Permutation and Sum Calculation**: Understanding how to calculate the s...


INFO - Retrieved (score=0.4042):
In solving the problem of finding the number of "nice" subarrays with exactly `k` odd numbers, I utilized a sliding window approach combined with a prefix sum strategy. The core concept was to efficiently count subarrays by tracking the number of odd numbers encountered as we iterate through the ...


INFO - [33m Retrieving 3 entries for db: non_func 
 [0m
INFO - Retrieved (score=0.4392):

[description for function: find_permutation]
The function reads input data to determine the number of test cases and for each test case, it reads two integers, N and K. It calculates the minimum and maximum possible values of a function f(P) for a permutation of numbers from 1 to N. If K is outs...


INFO - Retrieved (score=0.4465):

[description]
The function calculates the number of contiguous subarrays within a given list of integers that contain exactly `k` odd numbers. It uses a dictionary to keep track of the frequency of prefix sums of odd numbers encountered so far. As it iterates through the list, it increments a co...


INFO - Retrieved (score=0.4797):

[description]
The function calculates the length of the longest increasing subsequence in a given list of integers. It first checks if the list is empty and returns 0 if so. It initializes a dynamic programming array with 1s, representing the minimum subsequence length for each element. The func...


INFO - Retrieved (score=0.3842): 
[Past Memory]:

    [Task]:
        Given an unsorted array of integers, find the length of longest increasing subsequence.

        Example:


        Input: [10,9,2,5,3,7,101,18]
        Output: 4 
        Explanation: The longest increasing subsequence is [2,3,7,101], therefore the length is ...
INFO - Retrieved (score=0.3857): 
[Summary]:
    In this problem, I tackled the task of finding the length of the longest increasing subsequence (LIS) in an unsorted list of integers. The core concept here is dynamic programming, which is a common approach for solving problems involving subsequences or subarrays.

    The strate...
INFO - Retrieved (score=0.3889): 
[Past Memory]:

    [Task]:
        Given an array of integers nums and an integer k. A continuous subarray is called nice if there are k odd numbers on it.
        Return the number of nice sub-arrays.
 
        Example 1:
        Input: nums = [1,1,2,1,1], k = 3
        Output: 2
        Expla...
INFO - LM call n parse attempt 1 / 3

INFO - [Task id] 312 [prompt] 
You are an expert programmer tasked with solving the problem below.

Follow the user's instructions to solve the problem.
The user can ask for analysis, code, or both.

## Instructions
When asked to output code,
- Make sure to wrap your code in '```python' and '```' Markdown delimiters, 
- include exactly one block of code with the entire solution
- No outside libraries are allowed. 
- Builtins are allowed.
- If the task specifies a function name to be used, follow it strictly (be case sensitive!) and declare the that function last (helper functions are declared first).
- DO NOT write any assert statements / tests.

## Problem
[BEGIN PROBLEM]
Return the length of the shortest, non-empty, contiguous subarray of A with sum at least K.
If there is no non-empty subarray with sum at least K, return -1.
 



Example 1:
Input: A = [1], K = 1
Output: 1


Example 2:
Input: A = [1,2], K = 4
Output: -1


Example 3:
Input: A = [2,-1,2], K = 3
Output: 3

 
Note:

1 <= A.length <= 50000
-10 ^ 5 <= A[i] <= 10 ^ 5
1 <= K <= 10 ^ 9

The output code needs to use the provided function signature

The final python function should begin with: 
```python

class Solution:
    def shortestSubarray(self, A: List[int], K: int) -> int:
        
```

[END PROBLEM]

INFO - [Task id] 312 [prompt] 
## Instructions

Reason through the problem and:
1. Restate the problem in plain English
2. Conceptualize a solution first in plain English
3. Write a pseudocode solution
4. Output the final Python 3 solution with your solution steps in comments.

Make sure to wrap your code in '```python' and '```' Markdown delimiters, 
and include exactly one block of code with the entire solution.

No outside libraries are allowed.
Builtins are allowed.

INFO - [Task id] 312 [prompt] 
Also, here are some of your memories.
Feel free to use the given information to aid your problem solving process if necessary.
Do not confuse the memories with the problem statement.

## Memories

[Past Memory]:

    [Task]:
        Given an unsorted array of integers, find the length of longest increasing subsequence.

        Example:


        Input: [10,9,2,5,3,7,101,18]
        Output: 4 
        Explanation: The longest increasing subsequence is [2,3,7,101], therefore the length is 4. 

        Note: 


               There may be more than one LIS combination, it is only necessary for you to return the length.
               Your algorithm should run in O(n2) complexity.


        Follow up: Could you improve it to O(n log n) time complexity?
    [/Task]

    [Previous Critique]:
        None
    [/Previous Critique]

    [Thought Process and Code]:
        1. **Restate the problem in plain English:**

           We are given an unsorted list of integers and need to find the length of the longest subsequence where each number is greater than the previous one. The subsequence does not need to be contiguous, and we are only interested in the length of this subsequence.

        2. **Conceptualize a solution in plain English:**

           We can solve this problem using dynamic programming. We'll maintain an array `d` where `d[i]` represents the length of the longest increasing subsequence that ends with the element at index `i`. We initialize each `d[i]` to 1 because the smallest subsequence ending at any element is the element itself. For each element, we check all previous elements to see if they can be part of an increasing subsequence ending at the current element. If a previous element is smaller, we update `d[i]` to be the maximum of its current value and `d[j] + 1`, where `j` is the index of the previous element. Finally, the length of the longest increasing subsequence is the maximum value in the `d` array.

        3. **Write a pseudocode solution:**

           ```
           function lengthOfLIS(nums):
               if nums is empty:
                   return 0
       
               n = length of nums
               d = array of size n, initialized to 1
       
               for i from 1 to n-1:
                   for j from 0 to i-1:
                       if nums[j] < nums[i]:
                           d[i] = max(d[i], d[j] + 1)
       
               return max value in d
           ```

        4. **Output the final Python 3 solution with your solution steps in comments:**

        ```python
        class Solution:
            def lengthOfLIS(self, nums: List[int]) -> int:
                # If the input list is empty, the longest increasing subsequence is 0
                if not nums:
                    return 0
        
                # Initialize the dynamic programming array with 1s
                # Each element is at least an increasing subsequence of length 1 (itself)
                n = len(nums)
                d = [1] * n
        
                # Iterate over each element in the list
                for i in range(1, n):
                    # Check all previous elements to see if they can form an increasing subsequence
                    for j in range(i):
                        # If the current element is greater than a previous element
                        if nums[j] < nums[i]:
                            # Update the dp array to reflect the longest subsequence ending at i
                            d[i] = max(d[i], d[j] + 1)
        
                # The length of the longest increasing subsequence is the maximum value in the dp array
                return max(d)
        ```

        This solution uses dynamic programming to achieve an O(n^2) time complexity, which is suitable for the problem constraints.
    [/Thought Process and Code]

    [Environment Feedback]:
        Note: Inputs/outputs here are automatically extracted/truncated so formatting may be a bit off.
        Tests passed:

         Input: [[10, 9, 2, 5, 3, 7, 101, 18]] Output: 4

        Tests failed:
        None
    [/Environment Feedback]

    [Result]:
        Success
    [/Result]

[/Past Memory]


[Summary]:
    In this problem, I tackled the task of finding the length of the longest increasing subsequence (LIS) in an unsorted list of integers. The core concept here is dynamic programming, which is a common approach for solving problems involving subsequences or subarrays.

    The strategy that worked involved maintaining a dynamic programming array `d`, where each element `d[i]` represents the length of the longest increasing subsequence ending at index `i`. The key insight is to iterate over each element and check all previous elements to see if they can form an increasing subsequence with the current element. If a previous element is smaller, we update `d[i]` to be the maximum of its current value and `d[j] + 1`, where `j` is the index of the previous element.

    This approach efficiently computes the LIS length in O(n^2) time complexity, which is suitable given the problem constraints. The solution passed all test cases, confirming its correctness.

    Here's the final code snippet for future reference:

    ```python
    class Solution:
        def lengthOfLIS(self, nums: List[int]) -> int:
            if not nums:
                return 0
        
            n = len(nums)
            d = [1] * n
        
            for i in range(1, n):
                for j in range(i):
                    if nums[j] < nums[i]:
                        d[i] = max(d[i], d[j] + 1)
        
            return max(d)
    ```

    This problem reinforced the importance of dynamic programming in solving subsequence problems and provided a clear example of how to implement it effectively.
[/Summary]


[Past Memory]:

    [Task]:
        Given an array of integers nums and an integer k. A continuous subarray is called nice if there are k odd numbers on it.
        Return the number of nice sub-arrays.
 
        Example 1:
        Input: nums = [1,1,2,1,1], k = 3
        Output: 2
        Explanation: The only sub-arrays with 3 odd numbers are [1,1,2,1] and [1,2,1,1].

        Example 2:
        Input: nums = [2,4,6], k = 1
        Output: 0
        Explanation: There is no odd numbers in the array.

        Example 3:
        Input: nums = [2,2,2,1,2,2,1,2,2,2], k = 2
        Output: 16

 
        Constraints:

        1 <= nums.length <= 50000
        1 <= nums[i] <= 10^5
        1 <= k <= nums.length
    [/Task]

    [Previous Critique]:
        None
    [/Previous Critique]

    [Thought Process and Code]:
        To solve the problem of finding the number of "nice" subarrays with exactly `k` odd numbers, we can use a sliding window approach with a hash map to efficiently count the subarrays. Here's how we can break down the problem and solution:

        ### 1. Restate the Problem
        We need to find the number of contiguous subarrays within a given array `nums` that contain exactly `k` odd numbers.

        ### 2. Conceptualize a Solution
        - **Identify Odd Numbers**: First, we need to identify which numbers in the array are odd.
        - **Use a Prefix Sum Approach**: We can use a prefix sum approach to keep track of the number of odd numbers encountered so far as we iterate through the array.
        - **Count Subarrays with Exactly `k` Odd Numbers**: For each position in the array, we can determine how many subarrays end at that position and contain exactly `k` odd numbers by using a hash map to store the count of prefix sums.

        ### 3. Pseudocode Solution
        1. Initialize a hash map `count` to store the frequency of prefix sums, starting with `count[0] = 1` to handle the case where a subarray starts from the beginning.
        2. Initialize `odd_count` to 0 to keep track of the number of odd numbers encountered so far.
        3. Initialize `result` to 0 to store the number of nice subarrays.
        4. Iterate over each number in `nums`:
           - If the number is odd, increment `odd_count`.
           - If `odd_count - k` exists in `count`, it means there are subarrays ending at the current position with exactly `k` odd numbers. Add the frequency of `odd_count - k` to `result`.
           - Update the frequency of `odd_count` in `count`.
        5. Return `result`.

        ### 4. Final Python Solution
        ```python
        from typing import List
        from collections import defaultdict

        class Solution:
            def numberOfSubarrays(self, nums: List[int], k: int) -> int:
                # Dictionary to store the frequency of prefix sums
                count = defaultdict(int)
                count[0] = 1  # To handle the case where a subarray starts from the beginning
        
                odd_count = 0  # To keep track of the number of odd numbers encountered
                result = 0  # To store the number of nice subarrays
        
                for num in nums:
                    # Increment odd_count if the current number is odd
                    if num % 2 == 1:
                        odd_count += 1
            
                    # If there exists a prefix with odd_count - k, it means there are subarrays
                    # ending at the current position with exactly k odd numbers
                    if odd_count - k in count:
                        result += count[odd_count - k]
            
                    # Update the frequency of the current odd_count
                    count[odd_count] += 1
        
                return result
        ```

        ### Explanation of the Code
        - We use a hash map `count` to store the frequency of each prefix sum of odd numbers.
        - `odd_count` keeps track of the number of odd numbers encountered so far.
        - For each number in `nums`, we update `odd_count` and check if there is a prefix sum that would result in exactly `k` odd numbers in the current subarray.
        - The solution efficiently counts the number of subarrays with exactly `k` odd numbers using a single pass through the array, resulting in an O(n) time complexity.
    [/Thought Process and Code]

    [Environment Feedback]:
        Note: Inputs/outputs here are automatically extracted/truncated so formatting may be a bit off.
        Tests passed:

         Input: [[1, 1, 2, 1, 1], 3] Output: 2

        Tests failed:
        None
    [/Environment Feedback]

    [Result]:
        Success
    [/Result]

[/Past Memory]


INFO - [Task id] 312 [generation text] ### 1. Restate the Problem in Plain English

We need to find the length of the shortest contiguous subarray within a given array `A` such that the sum of its elements is at least `K`. If no such subarray exists, we should return `-1`.

### 2. Conceptualize a Solution in Plain English

To solve this problem efficiently, we can use a sliding window approach with a deque to maintain potential starting indices of subarrays. The idea is to keep track of prefix sums and use the deque to find the shortest subarray with a sum at least `K`.

- **Prefix Sum**: Calculate the prefix sum for each element in the array. The prefix sum at index `i` is the sum of all elements from the start of the array up to index `i`.
- **Deque for Indices**: Use a deque to store indices of the prefix sums in increasing order. This helps in efficiently finding the shortest subarray with a sum at least `K`.
- **Sliding Window**: As we iterate through the array, we maintain a window of indices in the deque. For each new prefix sum, we check if the difference between the current prefix sum and the prefix sum at the front of the deque is at least `K`. If it is, we update the minimum length of the subarray and remove the front index from the deque.
- **Maintain Order**: Ensure that the prefix sums in the deque are in increasing order by removing indices from the back of the deque if the current prefix sum is less than or equal to the prefix sum at those indices.

### 3. Pseudocode Solution

```
function shortestSubarray(A, K):
    n = length of A
    prefix_sum = array of size n+1, initialized to 0
    for i from 0 to n-1:
        prefix_sum[i+1] = prefix_sum[i] + A[i]
    
    deque = empty deque
    min_length = infinity

    for i from 0 to n:
        while deque is not empty and prefix_sum[i] - prefix_sum[deque[0]] >= K:
            min_length = min(min_length, i - deque[0])
            remove front element from deque
        
        while deque is not empty and prefix_sum[i] <= prefix_sum[deque[-1]]:
            remove back element from deque
        
        add i to back of deque
    
    if min_length is infinity:
        return -1
    else:
        return min_length
```

### 4. Output the Final Python 3 Solution with Comments

```python
from typing import List
from collections import deque

class Solution:
    def shortestSubarray(self, A: List[int], K: int) -> int:
        # Calculate prefix sums
        n = len(A)
        prefix_sum = [0] * (n + 1)
        for i in range(n):
            prefix_sum[i + 1] = prefix_sum[i] + A[i]
        
        # Initialize deque and minimum length
        dq = deque()
        min_length = float('inf')
        
        # Iterate over each prefix sum
        for i in range(n + 1):
            # Check if we can form a valid subarray
            while dq and prefix_sum[i] - prefix_sum[dq[0]] >= K:
                min_length = min(min_length, i - dq.popleft())
            
            # Maintain increasing order in deque
            while dq and prefix_sum[i] <= prefix_sum[dq[-1]]:
                dq.pop()
            
            # Add current index to deque
            dq.append(i)
        
        # Return the result
        return min_length if min_length != float('inf') else -1
```

This solution efficiently finds the shortest subarray with a sum at least `K` using a sliding window approach with a deque, achieving a time complexity of O(n).
INFO - program_code:
 
from typing import List
from collections import deque

class Solution:
    def shortestSubarray(self, A: List[int], K: int) -> int:
        # Calculate prefix sums
        n = len(A)
        prefix_sum = [0] * (n + 1)
        for i in range(n):
            prefix_sum[i + 1] = prefix_sum[i] + A[i]
        
        # Initialize deque and minimum length
        dq = deque()
        min_length = float('inf')
        
        # Iterate over each prefix sum
        for i in range(n + 1):
            # Check if we can form a valid subarray
            while dq and prefix_sum[i] - prefix_sum[dq[0]] >= K:
                min_length = min(min_length, i - dq.popleft())
            
            # Maintain increasing order in deque
            while dq and prefix_sum[i] <= prefix_sum[dq[-1]]:
                dq.pop()
            
            # Add current index to deque
            dq.append(i)
        
        # Return the result
        return min_length if min_length != float('inf') else -1


INFO - program_name:
 

INFO - dependencies:
 []

INFO - raw_msg:
 ### 1. Restate the Problem in Plain English

We need to find the length of the shortest contiguous subarray within a given array `A` such that the sum of its elements is at least `K`. If no such subarray exists, we should return `-1`.

### 2. Conceptualize a Solution in Plain English

To solve this problem efficiently, we can use a sliding window approach with a deque to maintain potential starting indices of subarrays. The idea is to keep track of prefix sums and use the deque to find the shortest subarray with a sum at least `K`.

- **Prefix Sum**: Calculate the prefix sum for each element in the array. The prefix sum at index `i` is the sum of all elements from the start of the array up to index `i`.
- **Deque for Indices**: Use a deque to store indices of the prefix sums in increasing order. This helps in efficiently finding the shortest subarray with a sum at least `K`.
- **Sliding Window**: As we iterate through the array, we maintain a window of indices in the deque. For each new prefix sum, we check if the difference between the current prefix sum and the prefix sum at the front of the deque is at least `K`. If it is, we update the minimum length of the subarray and remove the front index from the deque.
- **Maintain Order**: Ensure that the prefix sums in the deque are in increasing order by removing indices from the back of the deque if the current prefix sum is less than or equal to the prefix sum at those indices.

### 3. Pseudocode Solution

```
function shortestSubarray(A, K):
    n = length of A
    prefix_sum = array of size n+1, initialized to 0
    for i from 0 to n-1:
        prefix_sum[i+1] = prefix_sum[i] + A[i]
    
    deque = empty deque
    min_length = infinity

    for i from 0 to n:
        while deque is not empty and prefix_sum[i] - prefix_sum[deque[0]] >= K:
            min_length = min(min_length, i - deque[0])
            remove front element from deque
        
        while deque is not empty and prefix_sum[i] <= prefix_sum[deque[-1]]:
            remove back element from deque
        
        add i to back of deque
    
    if min_length is infinity:
        return -1
    else:
        return min_length
```

### 4. Output the Final Python 3 Solution with Comments

```python
from typing import List
from collections import deque

class Solution:
    def shortestSubarray(self, A: List[int], K: int) -> int:
        # Calculate prefix sums
        n = len(A)
        prefix_sum = [0] * (n + 1)
        for i in range(n):
            prefix_sum[i + 1] = prefix_sum[i] + A[i]
        
        # Initialize deque and minimum length
        dq = deque()
        min_length = float('inf')
        
        # Iterate over each prefix sum
        for i in range(n + 1):
            # Check if we can form a valid subarray
            while dq and prefix_sum[i] - prefix_sum[dq[0]] >= K:
                min_length = min(min_length, i - dq.popleft())
            
            # Maintain increasing order in deque
            while dq and prefix_sum[i] <= prefix_sum[dq[-1]]:
                dq.pop()
            
            # Add current index to deque
            dq.append(i)
        
        # Return the result
        return min_length if min_length != float('inf') else -1
```

This solution efficiently finds the shortest subarray with a sum at least `K` using a sliding window approach with a deque, achieving a time complexity of O(n).

INFO - no_parent:
 False

INFO - full code to be executed: 
 
from typing import List
from collections import deque

class Solution:
    def shortestSubarray(self, A: List[int], K: int) -> int:
        # Calculate prefix sums
        n = len(A)
        prefix_sum = [0] * (n + 1)
        for i in range(n):
            prefix_sum[i + 1] = prefix_sum[i] + A[i]
        
        # Initialize deque and minimum length
        dq = deque()
        min_length = float('inf')
        
        # Iterate over each prefix sum
        for i in range(n + 1):
            # Check if we can form a valid subarray
            while dq and prefix_sum[i] - prefix_sum[dq[0]] >= K:
                min_length = min(min_length, i - dq.popleft())
            
            # Maintain increasing order in deque
            while dq and prefix_sum[i] <= prefix_sum[dq[-1]]:
                dq.pop()
            
            # Add current index to deque
            dq.append(i)
        
        # Return the result
        return min_length if min_length != float('inf') else -1


INFO - obs: Note: Inputs/outputs here are automatically extracted/truncated so formatting may be a bit off.
Tests passed:

 Input: [[1], 1] Output: 1

Tests failed:
None
reward: True
done: None
info: {'individual_results': [True]}
INFO - Updated entry: 
[Task]:
    Return the length of the shortest, non-empty, contiguous subarray of A with sum at least K.
    If there is no non-empty subarray with sum at least K, return -1.
 



    Example 1:
    Input: A = [1], K = 1
    Output: 1


    Example 2:
    Input: A = [1,2], K = 4
    Output: -1


...,

INFO - Metadata: {
    "raw_msg": "### 1. Restate the Problem in Plain English\n\nWe need to find the length of the shortest contiguous subarray within a given array `A` such that the sum of its elements is at least `K`. If no such subarray exists, we should return `-1`.\n\n### 2. Conceptualize a Solution in Plai...

INFO - LM call n parse attempt 1 / 3

INFO - [Task id] 312 [prompt] 
You are an expert programmer tasked with solving the problem below.

Follow the user's instructions to solve the problem.
The user can ask for analysis, code, or both.

## Instructions
When asked to output code,
- Make sure to wrap your code in '```python' and '```' Markdown delimiters, 
- include exactly one block of code with the entire solution
- No outside libraries are allowed. 
- Builtins are allowed.
- If the task specifies a function name to be used, follow it strictly (be case sensitive!) and declare the that function last (helper functions are declared first).
- DO NOT write any assert statements / tests.

## Problem
[BEGIN PROBLEM]
Return the length of the shortest, non-empty, contiguous subarray of A with sum at least K.
If there is no non-empty subarray with sum at least K, return -1.
 



Example 1:
Input: A = [1], K = 1
Output: 1


Example 2:
Input: A = [1,2], K = 4
Output: -1


Example 3:
Input: A = [2,-1,2], K = 3
Output: 3

 
Note:

1 <= A.length <= 50000
-10 ^ 5 <= A[i] <= 10 ^ 5
1 <= K <= 10 ^ 9

The output code needs to use the provided function signature

The final python function should begin with: 
```python

class Solution:
    def shortestSubarray(self, A: List[int], K: int) -> int:
        
```

[END PROBLEM]

INFO - [Task id] 312 [prompt] 
## Instructions

Reason through the problem and:
1. Restate the problem in plain English
2. Conceptualize a solution first in plain English
3. Write a pseudocode solution
4. Output the final Python 3 solution with your solution steps in comments.

Make sure to wrap your code in '```python' and '```' Markdown delimiters, 
and include exactly one block of code with the entire solution.

No outside libraries are allowed.
Builtins are allowed.

INFO - [Task id] 312 [prompt] ### 1. Restate the Problem in Plain English

We need to find the length of the shortest contiguous subarray within a given array `A` such that the sum of its elements is at least `K`. If no such subarray exists, we should return `-1`.

### 2. Conceptualize a Solution in Plain English

To solve this problem efficiently, we can use a sliding window approach with a deque to maintain potential starting indices of subarrays. The idea is to keep track of prefix sums and use the deque to find the shortest subarray with a sum at least `K`.

- **Prefix Sum**: Calculate the prefix sum for each element in the array. The prefix sum at index `i` is the sum of all elements from the start of the array up to index `i`.
- **Deque for Indices**: Use a deque to store indices of the prefix sums in increasing order. This helps in efficiently finding the shortest subarray with a sum at least `K`.
- **Sliding Window**: As we iterate through the array, we maintain a window of indices in the deque. For each new prefix sum, we check if the difference between the current prefix sum and the prefix sum at the front of the deque is at least `K`. If it is, we update the minimum length of the subarray and remove the front index from the deque.
- **Maintain Order**: Ensure that the prefix sums in the deque are in increasing order by removing indices from the back of the deque if the current prefix sum is less than or equal to the prefix sum at those indices.

### 3. Pseudocode Solution

```
function shortestSubarray(A, K):
    n = length of A
    prefix_sum = array of size n+1, initialized to 0
    for i from 0 to n-1:
        prefix_sum[i+1] = prefix_sum[i] + A[i]
    
    deque = empty deque
    min_length = infinity

    for i from 0 to n:
        while deque is not empty and prefix_sum[i] - prefix_sum[deque[0]] >= K:
            min_length = min(min_length, i - deque[0])
            remove front element from deque
        
        while deque is not empty and prefix_sum[i] <= prefix_sum[deque[-1]]:
            remove back element from deque
        
        add i to back of deque
    
    if min_length is infinity:
        return -1
    else:
        return min_length
```

### 4. Output the Final Python 3 Solution with Comments

```python
from typing import List
from collections import deque

class Solution:
    def shortestSubarray(self, A: List[int], K: int) -> int:
        # Calculate prefix sums
        n = len(A)
        prefix_sum = [0] * (n + 1)
        for i in range(n):
            prefix_sum[i + 1] = prefix_sum[i] + A[i]
        
        # Initialize deque and minimum length
        dq = deque()
        min_length = float('inf')
        
        # Iterate over each prefix sum
        for i in range(n + 1):
            # Check if we can form a valid subarray
            while dq and prefix_sum[i] - prefix_sum[dq[0]] >= K:
                min_length = min(min_length, i - dq.popleft())
            
            # Maintain increasing order in deque
            while dq and prefix_sum[i] <= prefix_sum[dq[-1]]:
                dq.pop()
            
            # Add current index to deque
            dq.append(i)
        
        # Return the result
        return min_length if min_length != float('inf') else -1
```

This solution efficiently finds the shortest subarray with a sum at least `K` using a sliding window approach with a deque, achieving a time complexity of O(n).
INFO - [Task id] 312 [prompt] 
[Environment Feedback]:
    Note: Inputs/outputs here are automatically extracted/truncated so formatting may be a bit off.
    Tests passed:

     Input: [[1], 1] Output: 1

    Tests failed:
    None
[/Environment Feedback]

INFO - [Task id] 312 [prompt] 
## Instructions
Now, summarize your attempts as a **standalone** document for your own future reference. (can skip formalities, be concise)

- Only include the most relevant information and code snippets that could be useful in the future.
- If you did not learn much from the current experience (e.g. the problem was too easy), feel free to write less or nothing at all.
- Here are some ideas if the experience was useful:
    - Identifying the core concepts and patterns that problem appears to test for
    - Describing the strategies that seemed to work but did not, and vice versa
    - Describing unexpected errors and how they were fixed

Your summary should be at most a few paragraphs.

INFO - [Task id] 312 [generation text] In this problem, the goal was to find the length of the shortest contiguous subarray with a sum at least `K`. The challenge was to do this efficiently given the constraints, where the array length could be up to 50,000. 

The core concept used was the sliding window technique combined with prefix sums and a deque. The prefix sum helps in quickly calculating the sum of any subarray, while the deque is used to maintain potential starting indices of subarrays in an efficient manner. This approach ensures that we can find the shortest subarray in linear time, O(n).

Key strategies included:
- Calculating prefix sums to simplify subarray sum calculations.
- Using a deque to maintain indices of prefix sums in increasing order, which helps in efficiently finding the shortest subarray with a sum at least `K`.
- Ensuring the deque only contains indices that could potentially lead to a valid subarray by removing indices that are no longer useful.

This problem reinforced the importance of using data structures like deques to maintain order and efficiently manage potential solutions in problems involving subarrays and prefix sums. The solution was successful and passed all test cases, confirming the effectiveness of the approach.
INFO - LM call n parse attempt 1 / 3

INFO - [Task id] 312 [prompt] 
You are an expert programmer tasked with solving the problem below.

Follow the user's instructions to solve the problem.
The user can ask for analysis, code, or both.

## Instructions
When asked to output code,
- Make sure to wrap your code in '```python' and '```' Markdown delimiters, 
- include exactly one block of code with the entire solution
- No outside libraries are allowed. 
- Builtins are allowed.
- If the task specifies a function name to be used, follow it strictly (be case sensitive!) and declare the that function last (helper functions are declared first).
- DO NOT write any assert statements / tests.

## Problem
[BEGIN PROBLEM]
Return the length of the shortest, non-empty, contiguous subarray of A with sum at least K.
If there is no non-empty subarray with sum at least K, return -1.
 



Example 1:
Input: A = [1], K = 1
Output: 1


Example 2:
Input: A = [1,2], K = 4
Output: -1


Example 3:
Input: A = [2,-1,2], K = 3
Output: 3

 
Note:

1 <= A.length <= 50000
-10 ^ 5 <= A[i] <= 10 ^ 5
1 <= K <= 10 ^ 9

The output code needs to use the provided function signature

The final python function should begin with: 
```python

class Solution:
    def shortestSubarray(self, A: List[int], K: int) -> int:
        
```

[END PROBLEM]

INFO - [Task id] 312 [prompt] 
## Instructions

Reason through the problem and:
1. Restate the problem in plain English
2. Conceptualize a solution first in plain English
3. Write a pseudocode solution
4. Output the final Python 3 solution with your solution steps in comments.

Make sure to wrap your code in '```python' and '```' Markdown delimiters, 
and include exactly one block of code with the entire solution.

No outside libraries are allowed.
Builtins are allowed.

INFO - [Task id] 312 [prompt] ### 1. Restate the Problem in Plain English

We need to find the length of the shortest contiguous subarray within a given array `A` such that the sum of its elements is at least `K`. If no such subarray exists, we should return `-1`.

### 2. Conceptualize a Solution in Plain English

To solve this problem efficiently, we can use a sliding window approach with a deque to maintain potential starting indices of subarrays. The idea is to keep track of prefix sums and use the deque to find the shortest subarray with a sum at least `K`.

- **Prefix Sum**: Calculate the prefix sum for each element in the array. The prefix sum at index `i` is the sum of all elements from the start of the array up to index `i`.
- **Deque for Indices**: Use a deque to store indices of the prefix sums in increasing order. This helps in efficiently finding the shortest subarray with a sum at least `K`.
- **Sliding Window**: As we iterate through the array, we maintain a window of indices in the deque. For each new prefix sum, we check if the difference between the current prefix sum and the prefix sum at the front of the deque is at least `K`. If it is, we update the minimum length of the subarray and remove the front index from the deque.
- **Maintain Order**: Ensure that the prefix sums in the deque are in increasing order by removing indices from the back of the deque if the current prefix sum is less than or equal to the prefix sum at those indices.

### 3. Pseudocode Solution

```
function shortestSubarray(A, K):
    n = length of A
    prefix_sum = array of size n+1, initialized to 0
    for i from 0 to n-1:
        prefix_sum[i+1] = prefix_sum[i] + A[i]
    
    deque = empty deque
    min_length = infinity

    for i from 0 to n:
        while deque is not empty and prefix_sum[i] - prefix_sum[deque[0]] >= K:
            min_length = min(min_length, i - deque[0])
            remove front element from deque
        
        while deque is not empty and prefix_sum[i] <= prefix_sum[deque[-1]]:
            remove back element from deque
        
        add i to back of deque
    
    if min_length is infinity:
        return -1
    else:
        return min_length
```

### 4. Output the Final Python 3 Solution with Comments

```python
from typing import List
from collections import deque

class Solution:
    def shortestSubarray(self, A: List[int], K: int) -> int:
        # Calculate prefix sums
        n = len(A)
        prefix_sum = [0] * (n + 1)
        for i in range(n):
            prefix_sum[i + 1] = prefix_sum[i] + A[i]
        
        # Initialize deque and minimum length
        dq = deque()
        min_length = float('inf')
        
        # Iterate over each prefix sum
        for i in range(n + 1):
            # Check if we can form a valid subarray
            while dq and prefix_sum[i] - prefix_sum[dq[0]] >= K:
                min_length = min(min_length, i - dq.popleft())
            
            # Maintain increasing order in deque
            while dq and prefix_sum[i] <= prefix_sum[dq[-1]]:
                dq.pop()
            
            # Add current index to deque
            dq.append(i)
        
        # Return the result
        return min_length if min_length != float('inf') else -1
```

This solution efficiently finds the shortest subarray with a sum at least `K` using a sliding window approach with a deque, achieving a time complexity of O(n).
INFO - [Task id] 312 [prompt] 
[Environment Feedback]:
    Note: Inputs/outputs here are automatically extracted/truncated so formatting may be a bit off.
    Tests passed:

     Input: [[1], 1] Output: 1

    Tests failed:
    None
[/Environment Feedback]

INFO - [Task id] 312 [prompt] 
Below is the official solution (do exercise discretion as official solutions can also have mistakes).

You will be reflecting on your attempts to solve the problem.
This will be a **standalone** document for your own future reference. (can skip formalities, be concise)

## Instructions
- Only include the most relevant insights and code snippets that could be useful in the future.
- If you did not learn much from the current experience (e.g. the problem was too easy / official solution was obvious), feel free to write less or nothing at all.
- Here are some ideas if the experience was useful:
    - If the official solution is insightful (e.g. better than yours in time and space complexity or more effective in breaking down the problem statement), distil the key approach of the official solution, step by step.
    - If your approach failed the test cases, reason why the official solution works but yours does not

Your reflection should be at most a few paragraphs.

## Official solution
import collections

class Solution:
    def shortestSubarray(self, A: List[int], K: int) -> int:
        cum_sum = 0
        queue = collections.deque([(-1, 0)])
        result = len(A) + 1
        for i, v in enumerate(A):
            cum_sum += v    
            if v > 0:
                # find any matches and remove them, since will never have a better match
                while queue and cum_sum - queue[0][1] >= K:
                    e = queue.popleft()
                    #print('remove candidate from start:', e)
                    result = min(result, i - e[0])
            else:
                # for negative numbers pop off any greater cum sums, which will never be a better target
                while queue and cum_sum <= queue[-1][1]:
                    e = queue.pop()
                    #print('remove lesser from end:', e)
        
            queue.append((i, cum_sum))
            #print(queue)            
        return result if result <= len(A) else -1    

INFO - [Task id] 312 [generation text] Reflecting on the problem and the official solution, here are some key insights and takeaways:

1. **Prefix Sum and Deque**: Both my solution and the official solution utilize the concept of prefix sums and a deque to efficiently find the shortest subarray with a sum at least `K`. This approach is crucial for maintaining a time complexity of O(n), which is necessary given the constraints.

2. **Handling Negative Numbers**: The official solution explicitly handles negative numbers by removing any greater cumulative sums from the end of the deque. This ensures that the deque only contains potential starting points for subarrays that could lead to a valid solution. This is a subtle but important optimization that ensures the deque remains efficient.

3. **Initialization and Edge Cases**: The official solution initializes the deque with a tuple `(-1, 0)`, which represents a starting point before the array begins. This is a clever way to handle edge cases where the subarray starts from the beginning of the array.

4. **Result Calculation**: The official solution uses a variable `result` initialized to `len(A) + 1` to track the minimum subarray length. If no valid subarray is found, it returns `-1`. This is a straightforward way to handle the case where no subarray meets the criteria.

Overall, the official solution is insightful in its handling of edge cases and optimizations for negative numbers. It reinforces the importance of maintaining an efficient data structure (deque) and carefully managing prefix sums to solve the problem within the given constraints.
INFO - Updated entry: In this problem, the goal was to find the length of the shortest contiguous subarray with a sum at least `K`. The challenge was to do this efficiently given the constraints, where the array length could be up to 50,000. 

The core concept used was the sliding window technique combined with prefix...,

INFO - Metadata: {
    "task_id": 312
}

INFO - Updated entry: Reflecting on the problem and the official solution, here are some key insights and takeaways:

1. **Prefix Sum and Deque**: Both my solution and the official solution utilize the concept of prefix sums and a deque to efficiently find the shortest subarray with a sum at least `K`. This approach i...,

INFO - Metadata: {
    "task_id": 312
}

INFO - LM call n parse attempt 1 / 3

INFO - [Task id] 312 [prompt] 
You are a helpful assistant that writes a description of the given function written in the Python programming language.

1) Do not mention the function name.
2) Do not mention anything about helper functions.
3) There might be some helper functions before the main function, but you only need to describe the main function.
4) Try to summarize the function in no more than 6 sentences.
5) Your response should be a single line of text.

INFO - [Task id] 312 [prompt] 
from typing import List
from collections import deque

class Solution:
    def shortestSubarray(self, A: List[int], K: int) -> int:
        # Calculate prefix sums
        n = len(A)
        prefix_sum = [0] * (n + 1)
        for i in range(n):
            prefix_sum[i + 1] = prefix_sum[i] + A[i]
        
        # Initialize deque and minimum length
        dq = deque()
        min_length = float('inf')
        
        # Iterate over each prefix sum
        for i in range(n + 1):
            # Check if we can form a valid subarray
            while dq and prefix_sum[i] - prefix_sum[dq[0]] >= K:
                min_length = min(min_length, i - dq.popleft())
            
            # Maintain increasing order in deque
            while dq and prefix_sum[i] <= prefix_sum[dq[-1]]:
                dq.pop()
            
            # Add current index to deque
            dq.append(i)
        
        # Return the result
        return min_length if min_length != float('inf') else -1

INFO - [Task id] 312 [generation text] The function finds the length of the shortest contiguous subarray whose sum is at least a given integer \( K \). It first computes the prefix sums of the input list \( A \) to facilitate quick subarray sum calculations. Using a deque, it efficiently maintains potential starting indices of subarrays while iterating through the prefix sums. The function updates the minimum subarray length whenever a valid subarray (with a sum of at least \( K \)) is found. It ensures the deque maintains indices in increasing order of their corresponding prefix sums to optimize the search for the shortest subarray. If no such subarray exists, the function returns \(-1\).
INFO - LM call n parse attempt 1 / 3

INFO - [Task id] 312 [prompt] 
You are a helpful assistant that extracts important information from problems and solutions to aid in searchability and education.

## Instructions
- Read through the problem and solution carefully.
- Reason out, step by step, in what scenarios this knowledge would be useful.
- Focus on general patterns and situations to help connect this knowledge to new situations.
- Then, include a list of keywords that are useful for searching this problem/solution pair.

## Response format
Respond in JSON, and follow the keys and expected format of the values strictly.

The output should be formatted as a JSON instance that conforms to the JSON schema below.

As an example, for the schema {"properties": {"foo": {"title": "Foo", "description": "a list of strings", "type": "array", "items": {"type": "string"}}}, "required": ["foo"]}
the object {"foo": ["bar", "baz"]} is a well-formatted instance of the schema. The object {"properties": {"foo": ["bar", "baz"]}} is not well-formatted.

Here is the output schema:
```
{"properties": {"scenarios": {"description": "In what scenarios will this knowledge be useful? Answer in a paragraph.", "title": "Scenarios", "type": "string"}, "keywords": {"description": "List of keywords that are useful for searching this problem/solution pair", "items": {"type": "string"}, "title": "Keywords", "type": "array"}}, "required": ["scenarios", "keywords"]}
```

INFO - [Task id] 312 [prompt] 
[Problem]
    Return the length of the shortest, non-empty, contiguous subarray of A with sum at least K.
    If there is no non-empty subarray with sum at least K, return -1.
 



    Example 1:
    Input: A = [1], K = 1
    Output: 1


    Example 2:
    Input: A = [1,2], K = 4
    Output: -1


    Example 3:
    Input: A = [2,-1,2], K = 3
    Output: 3

 
    Note:

    1 <= A.length <= 50000
    -10 ^ 5 <= A[i] <= 10 ^ 5
    1 <= K <= 10 ^ 9
[/Problem]

[Solution]

    from typing import List
    from collections import deque

    class Solution:
        def shortestSubarray(self, A: List[int], K: int) -> int:
            # Calculate prefix sums
            n = len(A)
            prefix_sum = [0] * (n + 1)
            for i in range(n):
                prefix_sum[i + 1] = prefix_sum[i] + A[i]
        
            # Initialize deque and minimum length
            dq = deque()
            min_length = float('inf')
        
            # Iterate over each prefix sum
            for i in range(n + 1):
                # Check if we can form a valid subarray
                while dq and prefix_sum[i] - prefix_sum[dq[0]] >= K:
                    min_length = min(min_length, i - dq.popleft())
            
                # Maintain increasing order in deque
                while dq and prefix_sum[i] <= prefix_sum[dq[-1]]:
                    dq.pop()
            
                # Add current index to deque
                dq.append(i)
        
            # Return the result
            return min_length if min_length != float('inf') else -1

[/Solution]

INFO - [Task id] 312 [generation text] 
INFO - {
    "scenarios": "This knowledge is useful in scenarios where you need to find the shortest subarray with a sum constraint, which is a common problem in competitive programming and algorithm design. The solution involves using prefix sums and a deque to efficiently find the shortest subarray with a sum at least K. This technique is particularly useful when dealing with large arrays where a brute force approach would be too slow. Understanding this approach can help in solving similar problems where you need to find subarrays with specific properties, such as maximum sum, minimum sum, or sum within a certain range. It is also applicable in financial data analysis, signal processing, and any domain where contiguous data segments need to be analyzed for specific criteria.",
    "keywords": [
        "shortest subarray",
        "prefix sum",
        "deque",
        "contiguous subarray",
        "sum constraint",
        "algorithm",
        "competitive programming",
        "efficient solution"
    ]
}
INFO - {
    "scenarios": "This knowledge is useful in scenarios where you need to find the shortest subarray with a sum constraint, which is a common problem in competitive programming and algorithm design. The solution involves using prefix sums and a deque to efficiently find the shortest subarray with a sum at least K. This technique is particularly useful when dealing with large arrays where a brute force approach would be too slow. Understanding this approach can help in solving similar problems where you need to find subarrays with specific properties, such as maximum sum, minimum sum, or sum within a certain range. It is also applicable in financial data analysis, signal processing, and any domain where contiguous data segments need to be analyzed for specific criteria.",
    "keywords": [
        "shortest subarray",
        "prefix sum",
        "deque",
        "contiguous subarray",
        "sum constraint",
        "algorithm",
        "competitive programming",
        "efficient solution"
    ]
}
INFO - Updated entry: 
[description]
The function finds the length of the shortest contiguous subarray whose sum is at least a given integer \( K \). It first computes the prefix sums of the input list \( A \) to facilitate quick subarray sum calculations. Using a deque, it efficiently maintains potential starting ind...,

INFO - Metadata: {
    "task": 312,
    "code": "\nfrom typing import List\nfrom collections import deque\n\nclass Solution:\n    def shortestSubarray(self, A: List[int], K: int) -> int:\n        # Calculate prefix sums\n        n = len(A)\n        prefix_sum = [0] * (n + 1)\n        for i in range(n):\n         ...

