INFO - DB skill doc count: 0

INFO - DB non_func doc count: 38

INFO - DB semantic doc count: 429

INFO - DB summaries doc count: 53

INFO - DB reflections doc count: 53

INFO - DB episodic doc count: 115

INFO - [train iter]: 53/100 

INFO - The task prompt is A conveyor belt has packages that must be shipped from one port to another within D days.
The i-th package on the conveyor belt has a weight of weights[i].  Each day, we load the ship with packages on the conveyor belt (in the order given by weights). We may not load more weight than the maximum ...

INFO - Attempting task_id 360
INFO - LM call n parse attempt 1 / 3

INFO - [Task id] 360 [prompt] 
You are an expert programmer tasked with solving the problem below.

Follow the user's instructions to solve the problem.
The user can ask for analysis, code, or both.

## Instructions
When asked to output code,
- Make sure to wrap your code in '```python' and '```' Markdown delimiters, 
- include exactly one block of code with the entire solution
- No outside libraries are allowed. 
- Builtins are allowed.
- If the task specifies a function name to be used, follow it strictly (be case sensitive!) and declare the that function last (helper functions are declared first).
- DO NOT write any assert statements / tests.

## Problem
[BEGIN PROBLEM]
A conveyor belt has packages that must be shipped from one port to another within D days.
The i-th package on the conveyor belt has a weight of weights[i].  Each day, we load the ship with packages on the conveyor belt (in the order given by weights). We may not load more weight than the maximum weight capacity of the ship.
Return the least weight capacity of the ship that will result in all the packages on the conveyor belt being shipped within D days.
 
Example 1:
Input: weights = [1,2,3,4,5,6,7,8,9,10], D = 5
Output: 15
Explanation: 
A ship capacity of 15 is the minimum to ship all the packages in 5 days like this:
1st day: 1, 2, 3, 4, 5
2nd day: 6, 7
3rd day: 8
4th day: 9
5th day: 10

Note that the cargo must be shipped in the order given, so using a ship of capacity 14 and splitting the packages into parts like (2, 3, 4, 5), (1, 6, 7), (8), (9), (10) is not allowed. 

Example 2:
Input: weights = [3,2,2,4,1,4], D = 3
Output: 6
Explanation: 
A ship capacity of 6 is the minimum to ship all the packages in 3 days like this:
1st day: 3, 2
2nd day: 2, 4
3rd day: 1, 4

Example 3:
Input: weights = [1,2,3,1,1], D = 4
Output: 3
Explanation: 
1st day: 1
2nd day: 2
3rd day: 3
4th day: 1, 1

 
Constraints:

1 <= D <= weights.length <= 50000
1 <= weights[i] <= 500

The output code needs to use the provided function signature

The final python function should begin with: 
```python

class Solution:
    def shipWithinDays(self, weights: List[int], D: int) -> int:
        
```

[END PROBLEM]

INFO - [Task id] 360 [prompt] 
## Instructions

Reason through the problem and:
1. Restate the problem in plain English
2. Conceptualize a solution first in plain English
3. Write a pseudocode solution
4. Output the final Python 3 solution with your solution steps in comments.

Make sure to wrap your code in '```python' and '```' Markdown delimiters, 
and include exactly one block of code with the entire solution.

No outside libraries are allowed.
Builtins are allowed.

INFO - [Task id] 360 [generation text] ### Problem Restatement

1. **Restate the problem in plain English:**

   We have a conveyor belt with packages, each having a specific weight. We need to ship all these packages within a given number of days, `D`. Each day, we can load the ship with packages in the order they appear on the conveyor belt, but the total weight of packages loaded on any day cannot exceed the ship's weight capacity. Our task is to find the minimum possible weight capacity of the ship that allows us to ship all packages within `D` days.

### Conceptualize a Solution

2. **Conceptualize a solution in plain English:**

   - The minimum possible capacity of the ship must be at least the weight of the heaviest package, because we cannot split packages.
   - The maximum possible capacity is the sum of all package weights, which would allow us to ship all packages in one day.
   - We can use a binary search to find the minimum capacity between these two extremes.
   - For each capacity value in our binary search, we simulate the shipping process to check if it's possible to ship all packages within `D` days.
   - If a capacity allows shipping within `D` days, we try a smaller capacity; otherwise, we increase the capacity.

### Pseudocode Solution

3. **Write a pseudocode solution:**

   ```
   Define function canShip(weights, D, capacity):
       Initialize days to 1
       Initialize current_weight to 0
       For each weight in weights:
           If current_weight + weight > capacity:
               Increment days
               Set current_weight to 0
           Add weight to current_weight
       Return whether days <= D

   Define function shipWithinDays(weights, D):
       Set left to max(weights)
       Set right to sum(weights)
       While left < right:
           Set mid to (left + right) // 2
           If canShip(weights, D, mid):
               Set right to mid
           Else:
               Set left to mid + 1
       Return left
   ```

### Final Python Solution

4. **Output the final Python 3 solution with your solution steps in comments:**

```python
from typing import List

class Solution:
    # Helper function to determine if we can ship within D days with given capacity
    def canShip(self, weights: List[int], D: int, capacity: int) -> bool:
        days = 1  # Start with the first day
        current_weight = 0  # Current weight on the ship for the current day
        
        for weight in weights:
            # If adding this package exceeds capacity, we need a new day
            if current_weight + weight > capacity:
                days += 1  # Increment the day count
                current_weight = 0  # Reset current weight for the new day
            
            current_weight += weight  # Add the package to the current day's load
        
        # Check if the number of days used is within the allowed days
        return days <= D

    # Main function to find the minimum ship capacity to ship within D days
    def shipWithinDays(self, weights: List[int], D: int) -> int:
        left = max(weights)  # Minimum capacity must be at least the heaviest package
        right = sum(weights)  # Maximum capacity is the sum of all weights
        
        # Binary search for the minimum capacity
        while left < right:
            mid = (left + right) // 2  # Midpoint of current capacity range
            
            # Check if we can ship with this capacity
            if self.canShip(weights, D, mid):
                right = mid  # Try a smaller capacity
            else:
                left = mid + 1  # Increase capacity
        
        return left  # The minimum capacity that works
```

This solution uses a binary search to efficiently find the minimum ship capacity needed to ship all packages within the given number of days. The `canShip` helper function checks if a given capacity is sufficient to meet the requirement.
INFO - [35m Rollout attempt 1/4[0m
INFO - [33m Retrieving 3 entries for db: episodic 
 [0m
INFO - Retrieved (score=0.4526):

[Task]:
    We have a collection of rocks, each rock has a positive integer weight.
    Each turn, we choose any two rocks and smash them together.  Suppose the stones have weights x and y with x <= y.  The result of this smash is:

    If x == y, both stones are totally destroyed;
    If x != y...


INFO - Retrieved (score=0.4608):

[Task]:
    Chef wants to host some Division-3 contests. Chef has $N$ setters who are busy creating new problems for him. The $i^{th}$ setter has made $A_i$ problems where $1 \leq i \leq N$.    
    A Division-3 contest should have exactly $K$ problems. Chef wants to plan for the next $D$ days u...


INFO - Retrieved (score=0.4769):

[Task]:
    Given an array of integers arr and an integer d. In one step you can jump from index i to index:

    i + x where: i + x < arr.length and  0 < x <= d.
    i - x where: i - x >= 0 and  0 < x <= d.

    In addition, you can only jump from index i to index j if arr[i] > arr[j] and arr[i...


INFO - [33m Retrieving 3 entries for db: semantic 
 [0m
INFO - Retrieved (score=0.5109):
Chapter: Dynamic programming
Section: Knapsack problems
Part: 1/1
\section{Knapsack problems}

\index{knapsack}

The term \key{knapsack} refers to problems where
a set of objects is given, and 
subsets with some properties
have to be found.
Knapsack problems can often be solved
using dynamic prog...


INFO - Retrieved (score=0.5324):
Title: Scheduling jobs on one machine
Part: 1/1
# Scheduling jobs on one machine

This task is about finding an optimal schedule for $n$ jobs on a single machine, if the job $i$ can be processed in $t_i$ time, but for the $t$ seconds waiting before processing the job a penalty of $f_i(t)$ has to ...


INFO - Retrieved (score=0.5347):
Chapter: Bit manipulation
Section: Dynamic programming
Part: 1/2
\section{Dynamic programming}

Bit operations provide an efficient and convenient
way to implement dynamic programming algorithms
whose states contain subsets of elements,
because such states can be stored as integers.
Next we discu...


INFO - [33m Retrieving 3 entries for db: reflections 
 [0m
INFO - Retrieved (score=0.4168):
In this problem, both my solution and the official solution follow a similar approach, which is straightforward given the problem constraints. The task is to determine the maximum number of Division-3 contests that can be hosted, given the number of problems available and the number of days.

###...


INFO - Retrieved (score=0.4449):
The problem of finding the smallest possible weight of the last stone after smashing them together is essentially a partition problem. The goal is to split the stones into two groups such that the difference in their total weights is minimized. My initial approach used a dynamic programming array...


INFO - Retrieved (score=0.4548):
### Reflection on the Problem-Solving Process

In this problem, the task was to determine the number of valid schedules for Chef's restaurant, given specific constraints on the sequence of dishes. My initial approach involved deriving a formula based on the constraints, but it failed for larger v...


INFO - [33m Retrieving 3 entries for db: summaries 
 [0m
INFO - Retrieved (score=0.3899):
In this problem, the core concept was to determine the maximum number of Division-3 contests that can be hosted given a set of constraints. The problem required understanding how to efficiently calculate the number of contests based on the total number of problems available and the constraints of...


INFO - Retrieved (score=0.4243):
### Summary of Attempts to Solve the Problem

**Core Concepts and Patterns:**
The problem involves generating valid schedules for a sequence of days using a set of four dishes, ensuring that no two consecutive days have the same dish and that the first and last days are different. The key challen...


INFO - Retrieved (score=0.4647):
In this problem, the core concept revolves around minimizing the weight of the last remaining stone after repeatedly smashing pairs of stones. The challenge is akin to a partition problem where we aim to split the stones into two groups with the smallest possible difference in their total weights...


INFO - [33m Retrieving 3 entries for db: non_func 
 [0m
INFO - Retrieved (score=0.5029):

[description for function: main]
The function reads input data from standard input, which includes the number of test cases and for each test case, the number of problems, the number of problems required per contest, and the number of days available. It then processes each test case to determine...


INFO - Retrieved (score=0.5168):

[description]
The function calculates the smallest possible weight of the last remaining stone after repeatedly smashing two stones together, where the stones are represented by a list of integers. It first computes the total weight of all stones and initializes a boolean array to track possible...


INFO - Retrieved (score=0.5397):

[description for function: maxChocolates]
The function calculates the maximum number of chocolates that can be bought with a given amount of money. It first sorts the list of chocolate prices in ascending order to prioritize purchasing cheaper chocolates. It then iterates through the sorted list...


INFO - Retrieved (score=0.3899): 
[Summary]:
    In this problem, the core concept was to determine the maximum number of Division-3 contests that can be hosted given a set of constraints. The problem required understanding how to efficiently calculate the number of contests based on the total number of problems available and th...
INFO - Retrieved (score=0.4168): 
[Reflection]:
    In this problem, both my solution and the official solution follow a similar approach, which is straightforward given the problem constraints. The task is to determine the maximum number of Division-3 contests that can be hosted, given the number of problems available and the n...
INFO - Retrieved (score=0.4243): 
[Summary]:
    ### Summary of Attempts to Solve the Problem

    **Core Concepts and Patterns:**
    The problem involves generating valid schedules for a sequence of days using a set of four dishes, ensuring that no two consecutive days have the same dish and that the first and last days are di...
INFO - LM call n parse attempt 1 / 3

INFO - [Task id] 360 [prompt] 
You are an expert programmer tasked with solving the problem below.

Follow the user's instructions to solve the problem.
The user can ask for analysis, code, or both.

## Instructions
When asked to output code,
- Make sure to wrap your code in '```python' and '```' Markdown delimiters, 
- include exactly one block of code with the entire solution
- No outside libraries are allowed. 
- Builtins are allowed.
- If the task specifies a function name to be used, follow it strictly (be case sensitive!) and declare the that function last (helper functions are declared first).
- DO NOT write any assert statements / tests.

## Problem
[BEGIN PROBLEM]
A conveyor belt has packages that must be shipped from one port to another within D days.
The i-th package on the conveyor belt has a weight of weights[i].  Each day, we load the ship with packages on the conveyor belt (in the order given by weights). We may not load more weight than the maximum weight capacity of the ship.
Return the least weight capacity of the ship that will result in all the packages on the conveyor belt being shipped within D days.
 
Example 1:
Input: weights = [1,2,3,4,5,6,7,8,9,10], D = 5
Output: 15
Explanation: 
A ship capacity of 15 is the minimum to ship all the packages in 5 days like this:
1st day: 1, 2, 3, 4, 5
2nd day: 6, 7
3rd day: 8
4th day: 9
5th day: 10

Note that the cargo must be shipped in the order given, so using a ship of capacity 14 and splitting the packages into parts like (2, 3, 4, 5), (1, 6, 7), (8), (9), (10) is not allowed. 

Example 2:
Input: weights = [3,2,2,4,1,4], D = 3
Output: 6
Explanation: 
A ship capacity of 6 is the minimum to ship all the packages in 3 days like this:
1st day: 3, 2
2nd day: 2, 4
3rd day: 1, 4

Example 3:
Input: weights = [1,2,3,1,1], D = 4
Output: 3
Explanation: 
1st day: 1
2nd day: 2
3rd day: 3
4th day: 1, 1

 
Constraints:

1 <= D <= weights.length <= 50000
1 <= weights[i] <= 500

The output code needs to use the provided function signature

The final python function should begin with: 
```python

class Solution:
    def shipWithinDays(self, weights: List[int], D: int) -> int:
        
```

[END PROBLEM]

INFO - [Task id] 360 [prompt] 
## Instructions

Reason through the problem and:
1. Restate the problem in plain English
2. Conceptualize a solution first in plain English
3. Write a pseudocode solution
4. Output the final Python 3 solution with your solution steps in comments.

Make sure to wrap your code in '```python' and '```' Markdown delimiters, 
and include exactly one block of code with the entire solution.

No outside libraries are allowed.
Builtins are allowed.

INFO - [Task id] 360 [prompt] 
Also, here are some of your memories.
Feel free to use the given information to aid your problem solving process if necessary.
Do not confuse the memories with the problem statement.

## Memories

[Summary]:
    In this problem, the core concept was to determine the maximum number of Division-3 contests that can be hosted given a set of constraints. The problem required understanding how to efficiently calculate the number of contests based on the total number of problems available and the constraints of days and problems per contest.

    The key steps involved:
    1. **Summing Problems**: Calculate the total number of problems available from all setters.
    2. **Calculating Contests**: Determine how many full contests can be formed by dividing the total problems by the number of problems required per contest (`K`).
    3. **Limiting by Days**: The number of contests is limited by the number of days (`D`), so the final result is the minimum of the possible contests and the available days.

    The solution was straightforward once the constraints were clearly understood. The main challenge was ensuring that the logic correctly handled the constraints and efficiently processed multiple test cases. The use of integer division and the `min` function were crucial in determining the correct number of contests.

    The problem reinforced the importance of breaking down constraints and using basic arithmetic operations to solve problems efficiently. The solution was implemented in Python, leveraging built-in functions for input handling and arithmetic operations. This approach can be applied to similar problems where resources are limited by multiple constraints.
[/Summary]


[Reflection]:
    In this problem, both my solution and the official solution follow a similar approach, which is straightforward given the problem constraints. The task is to determine the maximum number of Division-3 contests that can be hosted, given the number of problems available and the number of days.

    ### Key Insights:

    1. **Problem Breakdown**: Both solutions correctly identify that the total number of problems needs to be divided by `K` to determine how many full contests can be formed. This is a simple division operation.

    2. **Limiting Factor**: The number of contests is limited by the number of days `D`. Therefore, the final result is the minimum of the number of full contests possible and `D`.

    3. **Efficiency**: The official solution is concise and efficient, using list comprehensions and direct input handling. It avoids unnecessary complexity and directly computes the required values.

    ### Reflection:

    - **Simplicity and Clarity**: The official solution is a good reminder of the power of simplicity. It uses minimal lines of code to achieve the desired result, which is both efficient and easy to understand.

    - **Input Handling**: The official solution uses `eval(input())` for reading input, which is a quick way to handle multiple test cases. However, in practice, using `sys.stdin.read` can be more efficient for large inputs, as it reads all input at once.

    - **Direct Calculation**: The use of `sum(A)//K` directly in the print statement is a neat way to avoid extra variables, making the code more concise.

    Overall, this problem reinforces the importance of understanding the constraints and using them to simplify the solution. The official solution is a good example of how to write clean and efficient code for competitive programming problems.
[/Reflection]


[Summary]:
    ### Summary of Attempts to Solve the Problem

    **Core Concepts and Patterns:**
    The problem involves generating valid schedules for a sequence of days using a set of four dishes, ensuring that no two consecutive days have the same dish and that the first and last days are different. The key challenge is to derive a formula that accounts for these constraints efficiently, especially given the large possible value of \( N \) (up to \( 10^9 \)).

    **Initial Strategy:**
    The initial approach was to use a formula that calculated the total number of ways to arrange the dishes and then subtract the invalid cases where the first and last days are the same. This approach was incorrect because it did not accurately account for the constraints, particularly for larger values of \( N \).

    **Correct Strategy:**
    The correct formula is:
    \[ \text{Schedules}(N) = 4 \times 3^{(N-2)} \times 2 \]
    This formula:
    - Starts with 4 choices for the first day.
    - Uses \( 3^{(N-2)} \) for the middle days, ensuring no two consecutive days are the same.
    - Ends with 2 choices for the last day to ensure it is different from the first day.

    **Unexpected Errors and Fixes:**
    The main error was in the miscalculation of the invalid schedules. The realization that the formula should directly account for the constraints without needing to subtract invalid cases was crucial. The use of Python's `pow` function with a modulus was essential to handle large numbers efficiently.

    **Final Code Snippet:**
    ```python
    def count_schedules(N):
        MOD = 10**9 + 7
        if N == 2:
            return 12
        else:
            return (4 * pow(3, N-2, MOD) * 2) % MOD

    def main():
        import sys
        input = sys.stdin.read
        data = input().split()
    
        T = int(data[0])
        results = []
    
        for i in range(1, T + 1):
            N = int(data[i])
            result = count_schedules(N)
            results.append(result)
    
        for result in results:
            print(result)

    if __name__ == "__main__":
        main()
    ```

    This experience highlighted the importance of thoroughly understanding the problem constraints and ensuring that the formula used directly reflects those constraints.
[/Summary]


INFO - [Task id] 360 [generation text] 1. **Restate the problem in plain English:**

We have a conveyor belt with packages, each having a specific weight. We need to ship all these packages within a given number of days, D. Each day, we can load the ship with packages in the order they appear on the conveyor belt, but the total weight of packages loaded each day cannot exceed the ship's weight capacity. Our task is to find the minimum weight capacity of the ship that allows us to ship all packages within D days.

2. **Conceptualize a solution in plain English:**

To solve this problem, we can use a binary search approach to find the minimum ship capacity. The key idea is to determine the smallest capacity that allows us to ship all packages within D days. The minimum possible capacity is the weight of the heaviest package (since we must be able to ship each package individually), and the maximum possible capacity is the sum of all package weights (if we ship all packages in one day). We perform a binary search between these two limits to find the minimum capacity that allows shipping within D days.

3. **Write a pseudocode solution:**

```
Define a function canShip(weights, D, capacity):
    Initialize days_needed to 1
    Initialize current_weight to 0
    For each weight in weights:
        If current_weight + weight > capacity:
            Increment days_needed
            Set current_weight to weight
            If days_needed > D:
                Return False
        Else:
            Add weight to current_weight
    Return True

Define a function shipWithinDays(weights, D):
    Set left to the maximum weight in weights
    Set right to the sum of weights
    While left < right:
        Set mid to (left + right) // 2
        If canShip(weights, D, mid):
            Set right to mid
        Else:
            Set left to mid + 1
    Return left
```

4. **Output the final Python 3 solution with your solution steps in comments:**

```python
from typing import List

class Solution:
    # Helper function to determine if we can ship all packages within D days with a given capacity
    def canShip(self, weights: List[int], D: int, capacity: int) -> bool:
        days_needed = 1
        current_weight = 0
        for weight in weights:
            # If adding this package exceeds capacity, we need a new day
            if current_weight + weight > capacity:
                days_needed += 1
                current_weight = weight
                # If we need more days than allowed, return False
                if days_needed > D:
                    return False
            else:
                current_weight += weight
        return True

    # Main function to find the minimum ship capacity to ship within D days
    def shipWithinDays(self, weights: List[int], D: int) -> int:
        # The minimum capacity is at least the weight of the heaviest package
        left = max(weights)
        # The maximum capacity is the sum of all package weights
        right = sum(weights)
        
        # Perform binary search to find the minimum capacity
        while left < right:
            mid = (left + right) // 2
            # Check if we can ship with this mid capacity
            if self.canShip(weights, D, mid):
                right = mid  # Try for a smaller capacity
            else:
                left = mid + 1  # Increase capacity
        return left
```

This solution uses a binary search to efficiently find the minimum ship capacity needed to ship all packages within the given number of days, D. The `canShip` function checks if a given capacity is sufficient to ship all packages within D days.
INFO - program_code:
 
from typing import List

class Solution:
    # Helper function to determine if we can ship all packages within D days with a given capacity
    def canShip(self, weights: List[int], D: int, capacity: int) -> bool:
        days_needed = 1
        current_weight = 0
        for weight in weights:
            # If adding this package exceeds capacity, we need a new day
            if current_weight + weight > capacity:
                days_needed += 1
                current_weight = weight
                # If we need more days than allowed, return False
                if days_needed > D:
                    return False
            else:
                current_weight += weight
        return True

    # Main function to find the minimum ship capacity to ship within D days
    def shipWithinDays(self, weights: List[int], D: int) -> int:
        # The minimum capacity is at least the weight of the heaviest package
        left = max(weights)
        # The maximum capacity is the sum of all package weights
        right = sum(weights)
        
        # Perform binary search to find the minimum capacity
        while left < right:
            mid = (left + right) // 2
            # Check if we can ship with this mid capacity
            if self.canShip(weights, D, mid):
                right = mid  # Try for a smaller capacity
            else:
                left = mid + 1  # Increase capacity
        return left


INFO - program_name:
 

INFO - dependencies:
 []

INFO - raw_msg:
 1. **Restate the problem in plain English:**

We have a conveyor belt with packages, each having a specific weight. We need to ship all these packages within a given number of days, D. Each day, we can load the ship with packages in the order they appear on the conveyor belt, but the total weight of packages loaded each day cannot exceed the ship's weight capacity. Our task is to find the minimum weight capacity of the ship that allows us to ship all packages within D days.

2. **Conceptualize a solution in plain English:**

To solve this problem, we can use a binary search approach to find the minimum ship capacity. The key idea is to determine the smallest capacity that allows us to ship all packages within D days. The minimum possible capacity is the weight of the heaviest package (since we must be able to ship each package individually), and the maximum possible capacity is the sum of all package weights (if we ship all packages in one day). We perform a binary search between these two limits to find the minimum capacity that allows shipping within D days.

3. **Write a pseudocode solution:**

```
Define a function canShip(weights, D, capacity):
    Initialize days_needed to 1
    Initialize current_weight to 0
    For each weight in weights:
        If current_weight + weight > capacity:
            Increment days_needed
            Set current_weight to weight
            If days_needed > D:
                Return False
        Else:
            Add weight to current_weight
    Return True

Define a function shipWithinDays(weights, D):
    Set left to the maximum weight in weights
    Set right to the sum of weights
    While left < right:
        Set mid to (left + right) // 2
        If canShip(weights, D, mid):
            Set right to mid
        Else:
            Set left to mid + 1
    Return left
```

4. **Output the final Python 3 solution with your solution steps in comments:**

```python
from typing import List

class Solution:
    # Helper function to determine if we can ship all packages within D days with a given capacity
    def canShip(self, weights: List[int], D: int, capacity: int) -> bool:
        days_needed = 1
        current_weight = 0
        for weight in weights:
            # If adding this package exceeds capacity, we need a new day
            if current_weight + weight > capacity:
                days_needed += 1
                current_weight = weight
                # If we need more days than allowed, return False
                if days_needed > D:
                    return False
            else:
                current_weight += weight
        return True

    # Main function to find the minimum ship capacity to ship within D days
    def shipWithinDays(self, weights: List[int], D: int) -> int:
        # The minimum capacity is at least the weight of the heaviest package
        left = max(weights)
        # The maximum capacity is the sum of all package weights
        right = sum(weights)
        
        # Perform binary search to find the minimum capacity
        while left < right:
            mid = (left + right) // 2
            # Check if we can ship with this mid capacity
            if self.canShip(weights, D, mid):
                right = mid  # Try for a smaller capacity
            else:
                left = mid + 1  # Increase capacity
        return left
```

This solution uses a binary search to efficiently find the minimum ship capacity needed to ship all packages within the given number of days, D. The `canShip` function checks if a given capacity is sufficient to ship all packages within D days.

INFO - no_parent:
 False

INFO - full code to be executed: 
 
from typing import List

class Solution:
    # Helper function to determine if we can ship all packages within D days with a given capacity
    def canShip(self, weights: List[int], D: int, capacity: int) -> bool:
        days_needed = 1
        current_weight = 0
        for weight in weights:
            # If adding this package exceeds capacity, we need a new day
            if current_weight + weight > capacity:
                days_needed += 1
                current_weight = weight
                # If we need more days than allowed, return False
                if days_needed > D:
                    return False
            else:
                current_weight += weight
        return True

    # Main function to find the minimum ship capacity to ship within D days
    def shipWithinDays(self, weights: List[int], D: int) -> int:
        # The minimum capacity is at least the weight of the heaviest package
        left = max(weights)
        # The maximum capacity is the sum of all package weights
        right = sum(weights)
        
        # Perform binary search to find the minimum capacity
        while left < right:
            mid = (left + right) // 2
            # Check if we can ship with this mid capacity
            if self.canShip(weights, D, mid):
                right = mid  # Try for a smaller capacity
            else:
                left = mid + 1  # Increase capacity
        return left


INFO - obs: Note: Inputs/outputs here are automatically extracted/truncated so formatting may be a bit off.
Tests passed:

 Input: [[1, 2, 3, 4, 5, 6, 7, 8, 9, 10], 5] Output: 15

Tests failed:
None
reward: True
done: None
info: {'individual_results': [True]}
INFO - Updated entry: 
[Task]:
    A conveyor belt has packages that must be shipped from one port to another within D days.
    The i-th package on the conveyor belt has a weight of weights[i].  Each day, we load the ship with packages on the conveyor belt (in the order given by weights). We may not load more weight ...,

INFO - Metadata: {
    "raw_msg": "1. **Restate the problem in plain English:**\n\nWe have a conveyor belt with packages, each having a specific weight. We need to ship all these packages within a given number of days, D. Each day, we can load the ship with packages in the order they appear on the conveyor belt, ...

INFO - LM call n parse attempt 1 / 3

INFO - [Task id] 360 [prompt] 
You are an expert programmer tasked with solving the problem below.

Follow the user's instructions to solve the problem.
The user can ask for analysis, code, or both.

## Instructions
When asked to output code,
- Make sure to wrap your code in '```python' and '```' Markdown delimiters, 
- include exactly one block of code with the entire solution
- No outside libraries are allowed. 
- Builtins are allowed.
- If the task specifies a function name to be used, follow it strictly (be case sensitive!) and declare the that function last (helper functions are declared first).
- DO NOT write any assert statements / tests.

## Problem
[BEGIN PROBLEM]
A conveyor belt has packages that must be shipped from one port to another within D days.
The i-th package on the conveyor belt has a weight of weights[i].  Each day, we load the ship with packages on the conveyor belt (in the order given by weights). We may not load more weight than the maximum weight capacity of the ship.
Return the least weight capacity of the ship that will result in all the packages on the conveyor belt being shipped within D days.
 
Example 1:
Input: weights = [1,2,3,4,5,6,7,8,9,10], D = 5
Output: 15
Explanation: 
A ship capacity of 15 is the minimum to ship all the packages in 5 days like this:
1st day: 1, 2, 3, 4, 5
2nd day: 6, 7
3rd day: 8
4th day: 9
5th day: 10

Note that the cargo must be shipped in the order given, so using a ship of capacity 14 and splitting the packages into parts like (2, 3, 4, 5), (1, 6, 7), (8), (9), (10) is not allowed. 

Example 2:
Input: weights = [3,2,2,4,1,4], D = 3
Output: 6
Explanation: 
A ship capacity of 6 is the minimum to ship all the packages in 3 days like this:
1st day: 3, 2
2nd day: 2, 4
3rd day: 1, 4

Example 3:
Input: weights = [1,2,3,1,1], D = 4
Output: 3
Explanation: 
1st day: 1
2nd day: 2
3rd day: 3
4th day: 1, 1

 
Constraints:

1 <= D <= weights.length <= 50000
1 <= weights[i] <= 500

The output code needs to use the provided function signature

The final python function should begin with: 
```python

class Solution:
    def shipWithinDays(self, weights: List[int], D: int) -> int:
        
```

[END PROBLEM]

INFO - [Task id] 360 [prompt] 
## Instructions

Reason through the problem and:
1. Restate the problem in plain English
2. Conceptualize a solution first in plain English
3. Write a pseudocode solution
4. Output the final Python 3 solution with your solution steps in comments.

Make sure to wrap your code in '```python' and '```' Markdown delimiters, 
and include exactly one block of code with the entire solution.

No outside libraries are allowed.
Builtins are allowed.

INFO - [Task id] 360 [prompt] 1. **Restate the problem in plain English:**

We have a conveyor belt with packages, each having a specific weight. We need to ship all these packages within a given number of days, D. Each day, we can load the ship with packages in the order they appear on the conveyor belt, but the total weight of packages loaded each day cannot exceed the ship's weight capacity. Our task is to find the minimum weight capacity of the ship that allows us to ship all packages within D days.

2. **Conceptualize a solution in plain English:**

To solve this problem, we can use a binary search approach to find the minimum ship capacity. The key idea is to determine the smallest capacity that allows us to ship all packages within D days. The minimum possible capacity is the weight of the heaviest package (since we must be able to ship each package individually), and the maximum possible capacity is the sum of all package weights (if we ship all packages in one day). We perform a binary search between these two limits to find the minimum capacity that allows shipping within D days.

3. **Write a pseudocode solution:**

```
Define a function canShip(weights, D, capacity):
    Initialize days_needed to 1
    Initialize current_weight to 0
    For each weight in weights:
        If current_weight + weight > capacity:
            Increment days_needed
            Set current_weight to weight
            If days_needed > D:
                Return False
        Else:
            Add weight to current_weight
    Return True

Define a function shipWithinDays(weights, D):
    Set left to the maximum weight in weights
    Set right to the sum of weights
    While left < right:
        Set mid to (left + right) // 2
        If canShip(weights, D, mid):
            Set right to mid
        Else:
            Set left to mid + 1
    Return left
```

4. **Output the final Python 3 solution with your solution steps in comments:**

```python
from typing import List

class Solution:
    # Helper function to determine if we can ship all packages within D days with a given capacity
    def canShip(self, weights: List[int], D: int, capacity: int) -> bool:
        days_needed = 1
        current_weight = 0
        for weight in weights:
            # If adding this package exceeds capacity, we need a new day
            if current_weight + weight > capacity:
                days_needed += 1
                current_weight = weight
                # If we need more days than allowed, return False
                if days_needed > D:
                    return False
            else:
                current_weight += weight
        return True

    # Main function to find the minimum ship capacity to ship within D days
    def shipWithinDays(self, weights: List[int], D: int) -> int:
        # The minimum capacity is at least the weight of the heaviest package
        left = max(weights)
        # The maximum capacity is the sum of all package weights
        right = sum(weights)
        
        # Perform binary search to find the minimum capacity
        while left < right:
            mid = (left + right) // 2
            # Check if we can ship with this mid capacity
            if self.canShip(weights, D, mid):
                right = mid  # Try for a smaller capacity
            else:
                left = mid + 1  # Increase capacity
        return left
```

This solution uses a binary search to efficiently find the minimum ship capacity needed to ship all packages within the given number of days, D. The `canShip` function checks if a given capacity is sufficient to ship all packages within D days.
INFO - [Task id] 360 [prompt] 
[Environment Feedback]:
    Note: Inputs/outputs here are automatically extracted/truncated so formatting may be a bit off.
    Tests passed:

     Input: [[1, 2, 3, 4, 5, 6, 7, 8, 9, 10], 5] Output: 15

    Tests failed:
    None
[/Environment Feedback]

INFO - [Task id] 360 [prompt] 
## Instructions
Now, summarize your attempts as a **standalone** document for your own future reference. (can skip formalities, be concise)

- Only include the most relevant information and code snippets that could be useful in the future.
- If you did not learn much from the current experience (e.g. the problem was too easy), feel free to write less or nothing at all.
- Here are some ideas if the experience was useful:
    - Identifying the core concepts and patterns that problem appears to test for
    - Describing the strategies that seemed to work but did not, and vice versa
    - Describing unexpected errors and how they were fixed

Your summary should be at most a few paragraphs.

INFO - [Task id] 360 [generation text] In this problem, the goal was to determine the minimum ship capacity required to transport all packages within a specified number of days, D. The key challenge was to ensure that the ship's capacity was neither too small (causing more days than allowed) nor unnecessarily large.

The core concept involved using a binary search to efficiently find the minimum capacity. The binary search was conducted between two bounds: the maximum weight of a single package (as the ship must at least carry the heaviest package) and the sum of all package weights (if all packages were shipped in one day). The helper function `canShip` was crucial in determining if a given capacity could successfully ship all packages within the allowed days.

This approach was effective because it reduced the problem's complexity from a potentially exhaustive search to a logarithmic one, leveraging the sorted nature of the search space. The binary search pattern is a powerful tool for optimization problems where a decision can be made based on a threshold value.

The solution was implemented successfully without encountering significant errors, demonstrating the effectiveness of binary search in solving capacity-related problems. This experience reinforced the utility of binary search in optimization problems and the importance of defining clear helper functions to encapsulate decision logic.
INFO - LM call n parse attempt 1 / 3

INFO - [Task id] 360 [prompt] 
You are an expert programmer tasked with solving the problem below.

Follow the user's instructions to solve the problem.
The user can ask for analysis, code, or both.

## Instructions
When asked to output code,
- Make sure to wrap your code in '```python' and '```' Markdown delimiters, 
- include exactly one block of code with the entire solution
- No outside libraries are allowed. 
- Builtins are allowed.
- If the task specifies a function name to be used, follow it strictly (be case sensitive!) and declare the that function last (helper functions are declared first).
- DO NOT write any assert statements / tests.

## Problem
[BEGIN PROBLEM]
A conveyor belt has packages that must be shipped from one port to another within D days.
The i-th package on the conveyor belt has a weight of weights[i].  Each day, we load the ship with packages on the conveyor belt (in the order given by weights). We may not load more weight than the maximum weight capacity of the ship.
Return the least weight capacity of the ship that will result in all the packages on the conveyor belt being shipped within D days.
 
Example 1:
Input: weights = [1,2,3,4,5,6,7,8,9,10], D = 5
Output: 15
Explanation: 
A ship capacity of 15 is the minimum to ship all the packages in 5 days like this:
1st day: 1, 2, 3, 4, 5
2nd day: 6, 7
3rd day: 8
4th day: 9
5th day: 10

Note that the cargo must be shipped in the order given, so using a ship of capacity 14 and splitting the packages into parts like (2, 3, 4, 5), (1, 6, 7), (8), (9), (10) is not allowed. 

Example 2:
Input: weights = [3,2,2,4,1,4], D = 3
Output: 6
Explanation: 
A ship capacity of 6 is the minimum to ship all the packages in 3 days like this:
1st day: 3, 2
2nd day: 2, 4
3rd day: 1, 4

Example 3:
Input: weights = [1,2,3,1,1], D = 4
Output: 3
Explanation: 
1st day: 1
2nd day: 2
3rd day: 3
4th day: 1, 1

 
Constraints:

1 <= D <= weights.length <= 50000
1 <= weights[i] <= 500

The output code needs to use the provided function signature

The final python function should begin with: 
```python

class Solution:
    def shipWithinDays(self, weights: List[int], D: int) -> int:
        
```

[END PROBLEM]

INFO - [Task id] 360 [prompt] 
## Instructions

Reason through the problem and:
1. Restate the problem in plain English
2. Conceptualize a solution first in plain English
3. Write a pseudocode solution
4. Output the final Python 3 solution with your solution steps in comments.

Make sure to wrap your code in '```python' and '```' Markdown delimiters, 
and include exactly one block of code with the entire solution.

No outside libraries are allowed.
Builtins are allowed.

INFO - [Task id] 360 [prompt] 1. **Restate the problem in plain English:**

We have a conveyor belt with packages, each having a specific weight. We need to ship all these packages within a given number of days, D. Each day, we can load the ship with packages in the order they appear on the conveyor belt, but the total weight of packages loaded each day cannot exceed the ship's weight capacity. Our task is to find the minimum weight capacity of the ship that allows us to ship all packages within D days.

2. **Conceptualize a solution in plain English:**

To solve this problem, we can use a binary search approach to find the minimum ship capacity. The key idea is to determine the smallest capacity that allows us to ship all packages within D days. The minimum possible capacity is the weight of the heaviest package (since we must be able to ship each package individually), and the maximum possible capacity is the sum of all package weights (if we ship all packages in one day). We perform a binary search between these two limits to find the minimum capacity that allows shipping within D days.

3. **Write a pseudocode solution:**

```
Define a function canShip(weights, D, capacity):
    Initialize days_needed to 1
    Initialize current_weight to 0
    For each weight in weights:
        If current_weight + weight > capacity:
            Increment days_needed
            Set current_weight to weight
            If days_needed > D:
                Return False
        Else:
            Add weight to current_weight
    Return True

Define a function shipWithinDays(weights, D):
    Set left to the maximum weight in weights
    Set right to the sum of weights
    While left < right:
        Set mid to (left + right) // 2
        If canShip(weights, D, mid):
            Set right to mid
        Else:
            Set left to mid + 1
    Return left
```

4. **Output the final Python 3 solution with your solution steps in comments:**

```python
from typing import List

class Solution:
    # Helper function to determine if we can ship all packages within D days with a given capacity
    def canShip(self, weights: List[int], D: int, capacity: int) -> bool:
        days_needed = 1
        current_weight = 0
        for weight in weights:
            # If adding this package exceeds capacity, we need a new day
            if current_weight + weight > capacity:
                days_needed += 1
                current_weight = weight
                # If we need more days than allowed, return False
                if days_needed > D:
                    return False
            else:
                current_weight += weight
        return True

    # Main function to find the minimum ship capacity to ship within D days
    def shipWithinDays(self, weights: List[int], D: int) -> int:
        # The minimum capacity is at least the weight of the heaviest package
        left = max(weights)
        # The maximum capacity is the sum of all package weights
        right = sum(weights)
        
        # Perform binary search to find the minimum capacity
        while left < right:
            mid = (left + right) // 2
            # Check if we can ship with this mid capacity
            if self.canShip(weights, D, mid):
                right = mid  # Try for a smaller capacity
            else:
                left = mid + 1  # Increase capacity
        return left
```

This solution uses a binary search to efficiently find the minimum ship capacity needed to ship all packages within the given number of days, D. The `canShip` function checks if a given capacity is sufficient to ship all packages within D days.
INFO - [Task id] 360 [prompt] 
[Environment Feedback]:
    Note: Inputs/outputs here are automatically extracted/truncated so formatting may be a bit off.
    Tests passed:

     Input: [[1, 2, 3, 4, 5, 6, 7, 8, 9, 10], 5] Output: 15

    Tests failed:
    None
[/Environment Feedback]

INFO - [Task id] 360 [prompt] 
Below is the official solution (do exercise discretion as official solutions can also have mistakes).

You will be reflecting on your attempts to solve the problem.
This will be a **standalone** document for your own future reference. (can skip formalities, be concise)

## Instructions
- Only include the most relevant insights and code snippets that could be useful in the future.
- If you did not learn much from the current experience (e.g. the problem was too easy / official solution was obvious), feel free to write less or nothing at all.
- Here are some ideas if the experience was useful:
    - If the official solution is insightful (e.g. better than yours in time and space complexity or more effective in breaking down the problem statement), distil the key approach of the official solution, step by step.
    - If your approach failed the test cases, reason why the official solution works but yours does not

Your reflection should be at most a few paragraphs.

## Official solution
class Solution:
    def shipWithinDays(self, weights: List[int], D: int) -> int:
        left = max(weights)
        right = left * len(weights) // D
        while left < right: 
            mid = left + (right - left) // 2
            c = 0 
            d = 1 
            for w in weights:
                if c + w <= mid:
                    c += w
                else:
                    d += 1
                    c = w
            if d > D:
                left = mid + 1
            else:
                right = mid
        return left

INFO - [Task id] 360 [generation text] The problem of determining the minimum ship capacity to transport packages within a specified number of days is a classic example of using binary search to optimize a solution. Here are some key insights and reflections from the problem-solving process:

### Key Insights:

1. **Binary Search on Capacity:**
   - Both my solution and the official solution use binary search to find the minimum capacity. The idea is to search between the maximum single package weight (as the lower bound) and a calculated upper bound based on the total weight and number of days.

2. **Capacity Bounds:**
   - My solution used the sum of all weights as the upper bound, which is a straightforward approach. The official solution uses a more refined upper bound, `left * len(weights) // D`, which is derived from distributing the maximum weight evenly across the days. This can potentially reduce the search space, making the solution more efficient.

3. **Day Calculation:**
   - Both solutions calculate the number of days required for a given capacity by iterating through the weights and accumulating them until the capacity is exceeded, at which point a new day is started. This is a crucial step to ensure that the capacity being tested can indeed ship all packages within the allowed days.

4. **Efficiency:**
   - The official solution's use of a refined upper bound for the binary search range can lead to fewer iterations, potentially improving efficiency, especially for larger inputs.

### Reflection:

The problem reinforces the utility of binary search in optimization problems where a decision can be made based on a threshold (in this case, the ship's capacity). The official solution's approach to setting a more precise upper bound is insightful and can be a useful technique in similar problems to reduce the search space. This experience highlights the importance of considering different ways to define search boundaries in binary search problems, which can lead to more efficient solutions.
INFO - Updated entry: In this problem, the goal was to determine the minimum ship capacity required to transport all packages within a specified number of days, D. The key challenge was to ensure that the ship's capacity was neither too small (causing more days than allowed) nor unnecessarily large.

The core concept ...,

INFO - Metadata: {
    "task_id": 360
}

INFO - Updated entry: The problem of determining the minimum ship capacity to transport packages within a specified number of days is a classic example of using binary search to optimize a solution. Here are some key insights and reflections from the problem-solving process:

### Key Insights:

1. **Binary Search on C...,

INFO - Metadata: {
    "task_id": 360
}

INFO - LM call n parse attempt 1 / 3

INFO - [Task id] 360 [prompt] 
You are a helpful assistant that writes a description of the given function written in the Python programming language.

1) Do not mention the function name.
2) Do not mention anything about helper functions.
3) There might be some helper functions before the main function, but you only need to describe the main function.
4) Try to summarize the function in no more than 6 sentences.
5) Your response should be a single line of text.

INFO - [Task id] 360 [prompt] 
from typing import List

class Solution:
    # Helper function to determine if we can ship all packages within D days with a given capacity
    def canShip(self, weights: List[int], D: int, capacity: int) -> bool:
        days_needed = 1
        current_weight = 0
        for weight in weights:
            # If adding this package exceeds capacity, we need a new day
            if current_weight + weight > capacity:
                days_needed += 1
                current_weight = weight
                # If we need more days than allowed, return False
                if days_needed > D:
                    return False
            else:
                current_weight += weight
        return True

    # Main function to find the minimum ship capacity to ship within D days
    def shipWithinDays(self, weights: List[int], D: int) -> int:
        # The minimum capacity is at least the weight of the heaviest package
        left = max(weights)
        # The maximum capacity is the sum of all package weights
        right = sum(weights)
        
        # Perform binary search to find the minimum capacity
        while left < right:
            mid = (left + right) // 2
            # Check if we can ship with this mid capacity
            if self.canShip(weights, D, mid):
                right = mid  # Try for a smaller capacity
            else:
                left = mid + 1  # Increase capacity
        return left

INFO - [Task id] 360 [generation text] The function determines the minimum ship capacity required to deliver all packages within a given number of days, D. It uses a binary search approach to efficiently find this minimum capacity. The search range is set between the weight of the heaviest package and the total weight of all packages. For each midpoint capacity in this range, it checks if the packages can be shipped within D days using a helper function. If shipping is possible with the current capacity, it attempts to find a smaller capacity by adjusting the search range. The process continues until the smallest feasible capacity is found, which is then returned.
INFO - LM call n parse attempt 1 / 3

INFO - [Task id] 360 [prompt] 
You are a helpful assistant that extracts important information from problems and solutions to aid in searchability and education.

## Instructions
- Read through the problem and solution carefully.
- Reason out, step by step, in what scenarios this knowledge would be useful.
- Focus on general patterns and situations to help connect this knowledge to new situations.
- Then, include a list of keywords that are useful for searching this problem/solution pair.

## Response format
Respond in JSON, and follow the keys and expected format of the values strictly.

The output should be formatted as a JSON instance that conforms to the JSON schema below.

As an example, for the schema {"properties": {"foo": {"title": "Foo", "description": "a list of strings", "type": "array", "items": {"type": "string"}}}, "required": ["foo"]}
the object {"foo": ["bar", "baz"]} is a well-formatted instance of the schema. The object {"properties": {"foo": ["bar", "baz"]}} is not well-formatted.

Here is the output schema:
```
{"properties": {"scenarios": {"description": "In what scenarios will this knowledge be useful? Answer in a paragraph.", "title": "Scenarios", "type": "string"}, "keywords": {"description": "List of keywords that are useful for searching this problem/solution pair", "items": {"type": "string"}, "title": "Keywords", "type": "array"}}, "required": ["scenarios", "keywords"]}
```

INFO - [Task id] 360 [prompt] 
[Problem]
    A conveyor belt has packages that must be shipped from one port to another within D days.
    The i-th package on the conveyor belt has a weight of weights[i].  Each day, we load the ship with packages on the conveyor belt (in the order given by weights). We may not load more weight than the maximum weight capacity of the ship.
    Return the least weight capacity of the ship that will result in all the packages on the conveyor belt being shipped within D days.
 
    Example 1:
    Input: weights = [1,2,3,4,5,6,7,8,9,10], D = 5
    Output: 15
    Explanation: 
    A ship capacity of 15 is the minimum to ship all the packages in 5 days like this:
    1st day: 1, 2, 3, 4, 5
    2nd day: 6, 7
    3rd day: 8
    4th day: 9
    5th day: 10

    Note that the cargo must be shipped in the order given, so using a ship of capacity 14 and splitting the packages into parts like (2, 3, 4, 5), (1, 6, 7), (8), (9), (10) is not allowed. 

    Example 2:
    Input: weights = [3,2,2,4,1,4], D = 3
    Output: 6
    Explanation: 
    A ship capacity of 6 is the minimum to ship all the packages in 3 days like this:
    1st day: 3, 2
    2nd day: 2, 4
    3rd day: 1, 4

    Example 3:
    Input: weights = [1,2,3,1,1], D = 4
    Output: 3
    Explanation: 
    1st day: 1
    2nd day: 2
    3rd day: 3
    4th day: 1, 1

 
    Constraints:

    1 <= D <= weights.length <= 50000
    1 <= weights[i] <= 500
[/Problem]

[Solution]

    from typing import List

    class Solution:
        # Helper function to determine if we can ship all packages within D days with a given capacity
        def canShip(self, weights: List[int], D: int, capacity: int) -> bool:
            days_needed = 1
            current_weight = 0
            for weight in weights:
                # If adding this package exceeds capacity, we need a new day
                if current_weight + weight > capacity:
                    days_needed += 1
                    current_weight = weight
                    # If we need more days than allowed, return False
                    if days_needed > D:
                        return False
                else:
                    current_weight += weight
            return True

        # Main function to find the minimum ship capacity to ship within D days
        def shipWithinDays(self, weights: List[int], D: int) -> int:
            # The minimum capacity is at least the weight of the heaviest package
            left = max(weights)
            # The maximum capacity is the sum of all package weights
            right = sum(weights)
        
            # Perform binary search to find the minimum capacity
            while left < right:
                mid = (left + right) // 2
                # Check if we can ship with this mid capacity
                if self.canShip(weights, D, mid):
                    right = mid  # Try for a smaller capacity
                else:
                    left = mid + 1  # Increase capacity
            return left

[/Solution]

INFO - [Task id] 360 [generation text] 
INFO - {
    "scenarios": "This knowledge is useful in scenarios where you need to optimize resource allocation over a period of time, such as logistics and supply chain management. The problem involves determining the minimum capacity required to complete a task within a given timeframe, which is a common issue in operations research. The solution uses a binary search approach to efficiently find the optimal capacity, which is applicable in any situation where you need to balance load distribution over time, such as scheduling, transportation, and even in computing tasks where resources need to be allocated efficiently.",
    "keywords": [
        "conveyor belt",
        "shipping packages",
        "minimum weight capacity",
        "binary search",
        "logistics",
        "supply chain",
        "resource allocation",
        "operations research",
        "load distribution",
        "scheduling",
        "transportation"
    ]
}
INFO - {
    "scenarios": "This knowledge is useful in scenarios where you need to optimize resource allocation over a period of time, such as logistics and supply chain management. The problem involves determining the minimum capacity required to complete a task within a given timeframe, which is a common issue in operations research. The solution uses a binary search approach to efficiently find the optimal capacity, which is applicable in any situation where you need to balance load distribution over time, such as scheduling, transportation, and even in computing tasks where resources need to be allocated efficiently.",
    "keywords": [
        "conveyor belt",
        "shipping packages",
        "minimum weight capacity",
        "binary search",
        "logistics",
        "supply chain",
        "resource allocation",
        "operations research",
        "load distribution",
        "scheduling",
        "transportation"
    ]
}
INFO - Updated entry: 
[description]
The function determines the minimum ship capacity required to deliver all packages within a given number of days, D. It uses a binary search approach to efficiently find this minimum capacity. The search range is set between the weight of the heaviest package and the total weight o...,

INFO - Metadata: {
    "task": 360,
    "code": "\nfrom typing import List\n\nclass Solution:\n    # Helper function to determine if we can ship all packages within D days with a given capacity\n    def canShip(self, weights: List[int], D: int, capacity: int) -> bool:\n        days_needed = 1\n        current_wei...

